desc: --massif-out-file=keygen/memory-32-10-10.log
cmd: ./p-norm-ipe-test keygen 32 10 10
time_unit: i
#-----------
snapshot=0
#-----------
time=0
mem_heap_B=0
mem_heap_extra_B=0
mem_stacks_B=0
heap_tree=empty
#-----------
snapshot=1
#-----------
time=28506431
mem_heap_B=60041
mem_heap_extra_B=887
mem_stacks_B=0
heap_tree=empty
#-----------
snapshot=2
#-----------
time=80580967
mem_heap_B=243705
mem_heap_extra_B=1103
mem_stacks_B=0
heap_tree=empty
#-----------
snapshot=3
#-----------
time=147782787
mem_heap_B=480753
mem_heap_extra_B=1375
mem_stacks_B=0
heap_tree=empty
#-----------
snapshot=4
#-----------
time=193976279
mem_heap_B=646113
mem_heap_extra_B=1591
mem_stacks_B=0
heap_tree=empty
#-----------
snapshot=5
#-----------
time=224930718
mem_heap_B=753457
mem_heap_extra_B=1703
mem_stacks_B=0
heap_tree=empty
#-----------
snapshot=6
#-----------
time=265717327
mem_heap_B=911241
mem_heap_extra_B=1895
mem_stacks_B=0
heap_tree=detailed
n4: 911241 (heap allocation functions) malloc/new/new[], --alloc-fns, etc.
 n1: 804320 0x20664E: _ntl_gblock_construct_alloc(_ntl_gbigint_body**, long, long) (lip.cpp:6279)
  n2: 804320 0x228994: NTL::BasicBlockConstruct(NTL::ZZ_p*, long, long) (ZZ.h:1041)
   n1: 791120 0x228A36: NTL::BlockConstructFromVec(NTL::ZZ_p*, long, NTL::ZZ_p const*) (vec_ZZ_p.cpp:43)
    n0: 791120 0x16C17C: void NTL::VecStrategy<true>::do_BlockConstructFromVec<NTL::ZZ_p>(NTL::ZZ_p*, long, NTL::ZZ_p const*) (in /home/reti/dongHyeon/Function-hiding-IPE/build/bin/p-norm-ipe-test)
   n0: 13200 0x16C5A0: void NTL::VecStrategy<true>::do_BlockConstruct<NTL::ZZ_p>(NTL::ZZ_p*, long) (in /home/reti/dongHyeon/Function-hiding-IPE/build/bin/p-norm-ipe-test)
 n0: 73408 0x16B152: NTL::Vec<NTL::ZZ_p>::AllocateTo(long) (in /home/reti/dongHyeon/Function-hiding-IPE/build/bin/p-norm-ipe-test)
 n0: 20224 0x48F4F42: ??? (in /usr/lib/arm-linux-gnueabihf/libstdc++.so.6.0.26)
 n0: 13289 in 26 places, all below massif's threshold (1.00%)
#-----------
snapshot=7
#-----------
time=297350776
mem_heap_B=1022793
mem_heap_extra_B=2023
mem_stacks_B=0
heap_tree=detailed
n4: 1022793 (heap allocation functions) malloc/new/new[], --alloc-fns, etc.
 n1: 906400 0x20664E: _ntl_gblock_construct_alloc(_ntl_gbigint_body**, long, long) (lip.cpp:6279)
  n2: 906400 0x228994: NTL::BasicBlockConstruct(NTL::ZZ_p*, long, long) (ZZ.h:1041)
   n1: 893200 0x228A36: NTL::BlockConstructFromVec(NTL::ZZ_p*, long, NTL::ZZ_p const*) (vec_ZZ_p.cpp:43)
    n0: 893200 0x16C17C: void NTL::VecStrategy<true>::do_BlockConstructFromVec<NTL::ZZ_p>(NTL::ZZ_p*, long, NTL::ZZ_p const*) (in /home/reti/dongHyeon/Function-hiding-IPE/build/bin/p-norm-ipe-test)
   n0: 13200 0x16C5A0: void NTL::VecStrategy<true>::do_BlockConstruct<NTL::ZZ_p>(NTL::ZZ_p*, long) (in /home/reti/dongHyeon/Function-hiding-IPE/build/bin/p-norm-ipe-test)
 n0: 82880 0x16B152: NTL::Vec<NTL::ZZ_p>::AllocateTo(long) (in /home/reti/dongHyeon/Function-hiding-IPE/build/bin/p-norm-ipe-test)
 n0: 20224 0x48F4F42: ??? (in /usr/lib/arm-linux-gnueabihf/libstdc++.so.6.0.26)
 n0: 13289 in 26 places, all below massif's threshold (1.00%)
#-----------
snapshot=8
#-----------
time=348726151
mem_heap_B=1191305
mem_heap_extra_B=2223
mem_stacks_B=0
heap_tree=empty
#-----------
snapshot=9
#-----------
time=392218440
mem_heap_B=1344689
mem_heap_extra_B=2399
mem_stacks_B=0
heap_tree=empty
#-----------
snapshot=10
#-----------
time=427836072
mem_heap_B=1483153
mem_heap_extra_B=2551
mem_stacks_B=0
heap_tree=detailed
n4: 1483153 (heap allocation functions) malloc/new/new[], --alloc-fns, etc.
 n1: 1327480 0x20664E: _ntl_gblock_construct_alloc(_ntl_gbigint_body**, long, long) (lip.cpp:6279)
  n2: 1327480 0x228994: NTL::BasicBlockConstruct(NTL::ZZ_p*, long, long) (ZZ.h:1041)
   n1: 1314280 0x228A36: NTL::BlockConstructFromVec(NTL::ZZ_p*, long, NTL::ZZ_p const*) (vec_ZZ_p.cpp:43)
    n0: 1314280 0x16C17C: void NTL::VecStrategy<true>::do_BlockConstructFromVec<NTL::ZZ_p>(NTL::ZZ_p*, long, NTL::ZZ_p const*) (in /home/reti/dongHyeon/Function-hiding-IPE/build/bin/p-norm-ipe-test)
   n0: 13200 in 1 place, below massif's threshold (1.00%)
 n0: 121952 0x16B152: NTL::Vec<NTL::ZZ_p>::AllocateTo(long) (in /home/reti/dongHyeon/Function-hiding-IPE/build/bin/p-norm-ipe-test)
 n0: 20224 0x48F4F42: ??? (in /usr/lib/arm-linux-gnueabihf/libstdc++.so.6.0.26)
 n0: 13497 in 26 places, all below massif's threshold (1.00%)
#-----------
snapshot=11
#-----------
time=475278816
mem_heap_B=1650481
mem_heap_extra_B=2743
mem_stacks_B=0
heap_tree=detailed
n4: 1650481 (heap allocation functions) malloc/new/new[], --alloc-fns, etc.
 n1: 1480600 0x20664E: _ntl_gblock_construct_alloc(_ntl_gbigint_body**, long, long) (lip.cpp:6279)
  n2: 1480600 0x228994: NTL::BasicBlockConstruct(NTL::ZZ_p*, long, long) (ZZ.h:1041)
   n1: 1467400 0x228A36: NTL::BlockConstructFromVec(NTL::ZZ_p*, long, NTL::ZZ_p const*) (vec_ZZ_p.cpp:43)
    n0: 1467400 0x16C17C: void NTL::VecStrategy<true>::do_BlockConstructFromVec<NTL::ZZ_p>(NTL::ZZ_p*, long, NTL::ZZ_p const*) (in /home/reti/dongHyeon/Function-hiding-IPE/build/bin/p-norm-ipe-test)
   n0: 13200 in 1 place, below massif's threshold (1.00%)
 n0: 136160 0x16B152: NTL::Vec<NTL::ZZ_p>::AllocateTo(long) (in /home/reti/dongHyeon/Function-hiding-IPE/build/bin/p-norm-ipe-test)
 n0: 20224 0x48F4F42: ??? (in /usr/lib/arm-linux-gnueabihf/libstdc++.so.6.0.26)
 n0: 13497 in 26 places, all below massif's threshold (1.00%)
#-----------
snapshot=12
#-----------
time=503636269
mem_heap_B=1736113
mem_heap_extra_B=2815
mem_stacks_B=0
heap_tree=empty
#-----------
snapshot=13
#-----------
time=551083419
mem_heap_B=1903441
mem_heap_extra_B=3007
mem_stacks_B=0
heap_tree=empty
#-----------
snapshot=14
#-----------
time=617618174
mem_heap_B=2152769
mem_heap_extra_B=3319
mem_stacks_B=0
heap_tree=detailed
n3: 2152769 (heap allocation functions) malloc/new/new[], --alloc-fns, etc.
 n1: 1939960 0x20664E: _ntl_gblock_construct_alloc(_ntl_gbigint_body**, long, long) (lip.cpp:6279)
  n2: 1939960 0x228994: NTL::BasicBlockConstruct(NTL::ZZ_p*, long, long) (ZZ.h:1041)
   n1: 1926760 0x228A36: NTL::BlockConstructFromVec(NTL::ZZ_p*, long, NTL::ZZ_p const*) (vec_ZZ_p.cpp:43)
    n0: 1926760 0x16C17C: void NTL::VecStrategy<true>::do_BlockConstructFromVec<NTL::ZZ_p>(NTL::ZZ_p*, long, NTL::ZZ_p const*) (in /home/reti/dongHyeon/Function-hiding-IPE/build/bin/p-norm-ipe-test)
   n0: 13200 in 1 place, below massif's threshold (1.00%)
 n0: 178784 0x16B152: NTL::Vec<NTL::ZZ_p>::AllocateTo(long) (in /home/reti/dongHyeon/Function-hiding-IPE/build/bin/p-norm-ipe-test)
 n0: 34025 in 27 places, all below massif's threshold (1.00%)
#-----------
snapshot=15
#-----------
time=657150036
mem_heap_B=2292209
mem_heap_extra_B=3479
mem_stacks_B=0
heap_tree=detailed
n3: 2292209 (heap allocation functions) malloc/new/new[], --alloc-fns, etc.
 n1: 2067560 0x20664E: _ntl_gblock_construct_alloc(_ntl_gbigint_body**, long, long) (lip.cpp:6279)
  n2: 2067560 0x228994: NTL::BasicBlockConstruct(NTL::ZZ_p*, long, long) (ZZ.h:1041)
   n1: 2054360 0x228A36: NTL::BlockConstructFromVec(NTL::ZZ_p*, long, NTL::ZZ_p const*) (vec_ZZ_p.cpp:43)
    n0: 2054360 0x16C17C: void NTL::VecStrategy<true>::do_BlockConstructFromVec<NTL::ZZ_p>(NTL::ZZ_p*, long, NTL::ZZ_p const*) (in /home/reti/dongHyeon/Function-hiding-IPE/build/bin/p-norm-ipe-test)
   n0: 13200 in 1 place, below massif's threshold (1.00%)
 n0: 190624 0x16B152: NTL::Vec<NTL::ZZ_p>::AllocateTo(long) (in /home/reti/dongHyeon/Function-hiding-IPE/build/bin/p-norm-ipe-test)
 n0: 34025 in 27 places, all below massif's threshold (1.00%)
#-----------
snapshot=16
#-----------
time=704606024
mem_heap_B=2459537
mem_heap_extra_B=3671
mem_stacks_B=0
heap_tree=detailed
n3: 2459537 (heap allocation functions) malloc/new/new[], --alloc-fns, etc.
 n1: 2220680 0x20664E: _ntl_gblock_construct_alloc(_ntl_gbigint_body**, long, long) (lip.cpp:6279)
  n2: 2220680 0x228994: NTL::BasicBlockConstruct(NTL::ZZ_p*, long, long) (ZZ.h:1041)
   n1: 2207480 0x228A36: NTL::BlockConstructFromVec(NTL::ZZ_p*, long, NTL::ZZ_p const*) (vec_ZZ_p.cpp:43)
    n0: 2207480 0x16C17C: void NTL::VecStrategy<true>::do_BlockConstructFromVec<NTL::ZZ_p>(NTL::ZZ_p*, long, NTL::ZZ_p const*) (in /home/reti/dongHyeon/Function-hiding-IPE/build/bin/p-norm-ipe-test)
   n0: 13200 in 1 place, below massif's threshold (1.00%)
 n0: 204832 0x16B152: NTL::Vec<NTL::ZZ_p>::AllocateTo(long) (in /home/reti/dongHyeon/Function-hiding-IPE/build/bin/p-norm-ipe-test)
 n0: 34025 in 27 places, all below massif's threshold (1.00%)
#-----------
snapshot=17
#-----------
time=759967675
mem_heap_B=2654753
mem_heap_extra_B=3895
mem_stacks_B=0
heap_tree=detailed
n3: 2654753 (heap allocation functions) malloc/new/new[], --alloc-fns, etc.
 n1: 2399320 0x20664E: _ntl_gblock_construct_alloc(_ntl_gbigint_body**, long, long) (lip.cpp:6279)
  n2: 2399320 0x228994: NTL::BasicBlockConstruct(NTL::ZZ_p*, long, long) (ZZ.h:1041)
   n1: 2386120 0x228A36: NTL::BlockConstructFromVec(NTL::ZZ_p*, long, NTL::ZZ_p const*) (vec_ZZ_p.cpp:43)
    n0: 2386120 0x16C17C: void NTL::VecStrategy<true>::do_BlockConstructFromVec<NTL::ZZ_p>(NTL::ZZ_p*, long, NTL::ZZ_p const*) (in /home/reti/dongHyeon/Function-hiding-IPE/build/bin/p-norm-ipe-test)
   n0: 13200 in 1 place, below massif's threshold (1.00%)
 n0: 221408 0x16B152: NTL::Vec<NTL::ZZ_p>::AllocateTo(long) (in /home/reti/dongHyeon/Function-hiding-IPE/build/bin/p-norm-ipe-test)
 n0: 34025 in 27 places, all below massif's threshold (1.00%)
#-----------
snapshot=18
#-----------
time=799506739
mem_heap_B=2794193
mem_heap_extra_B=4055
mem_stacks_B=0
heap_tree=detailed
n3: 2794193 (heap allocation functions) malloc/new/new[], --alloc-fns, etc.
 n1: 2526920 0x20664E: _ntl_gblock_construct_alloc(_ntl_gbigint_body**, long, long) (lip.cpp:6279)
  n2: 2526920 0x228994: NTL::BasicBlockConstruct(NTL::ZZ_p*, long, long) (ZZ.h:1041)
   n1: 2513720 0x228A36: NTL::BlockConstructFromVec(NTL::ZZ_p*, long, NTL::ZZ_p const*) (vec_ZZ_p.cpp:43)
    n0: 2513720 0x16C17C: void NTL::VecStrategy<true>::do_BlockConstructFromVec<NTL::ZZ_p>(NTL::ZZ_p*, long, NTL::ZZ_p const*) (in /home/reti/dongHyeon/Function-hiding-IPE/build/bin/p-norm-ipe-test)
   n0: 13200 in 1 place, below massif's threshold (1.00%)
 n0: 233248 0x16B152: NTL::Vec<NTL::ZZ_p>::AllocateTo(long) (in /home/reti/dongHyeon/Function-hiding-IPE/build/bin/p-norm-ipe-test)
 n0: 34025 in 27 places, all below massif's threshold (1.00%)
#-----------
snapshot=19
#-----------
time=846958215
mem_heap_B=2961985
mem_heap_extra_B=4247
mem_stacks_B=0
heap_tree=detailed
n3: 2961985 (heap allocation functions) malloc/new/new[], --alloc-fns, etc.
 n1: 2680040 0x20664E: _ntl_gblock_construct_alloc(_ntl_gbigint_body**, long, long) (lip.cpp:6279)
  n2: 2680040 0x228994: NTL::BasicBlockConstruct(NTL::ZZ_p*, long, long) (ZZ.h:1041)
   n1: 2666840 0x228A36: NTL::BlockConstructFromVec(NTL::ZZ_p*, long, NTL::ZZ_p const*) (vec_ZZ_p.cpp:43)
    n0: 2666840 0x16C17C: void NTL::VecStrategy<true>::do_BlockConstructFromVec<NTL::ZZ_p>(NTL::ZZ_p*, long, NTL::ZZ_p const*) (in /home/reti/dongHyeon/Function-hiding-IPE/build/bin/p-norm-ipe-test)
   n0: 13200 in 1 place, below massif's threshold (1.00%)
 n0: 247456 0x16B152: NTL::Vec<NTL::ZZ_p>::AllocateTo(long) (in /home/reti/dongHyeon/Function-hiding-IPE/build/bin/p-norm-ipe-test)
 n0: 34489 in 27 places, all below massif's threshold (1.00%)
#-----------
snapshot=20
#-----------
time=894392979
mem_heap_B=3129313
mem_heap_extra_B=4439
mem_stacks_B=0
heap_tree=detailed
n3: 3129313 (heap allocation functions) malloc/new/new[], --alloc-fns, etc.
 n1: 2833160 0x20664E: _ntl_gblock_construct_alloc(_ntl_gbigint_body**, long, long) (lip.cpp:6279)
  n2: 2833160 0x228994: NTL::BasicBlockConstruct(NTL::ZZ_p*, long, long) (ZZ.h:1041)
   n1: 2819960 0x228A36: NTL::BlockConstructFromVec(NTL::ZZ_p*, long, NTL::ZZ_p const*) (vec_ZZ_p.cpp:43)
    n0: 2819960 0x16C17C: void NTL::VecStrategy<true>::do_BlockConstructFromVec<NTL::ZZ_p>(NTL::ZZ_p*, long, NTL::ZZ_p const*) (in /home/reti/dongHyeon/Function-hiding-IPE/build/bin/p-norm-ipe-test)
   n0: 13200 in 1 place, below massif's threshold (1.00%)
 n0: 261664 0x16B152: NTL::Vec<NTL::ZZ_p>::AllocateTo(long) (in /home/reti/dongHyeon/Function-hiding-IPE/build/bin/p-norm-ipe-test)
 n0: 34489 in 27 places, all below massif's threshold (1.00%)
#-----------
snapshot=21
#-----------
time=953705337
mem_heap_B=3338473
mem_heap_extra_B=4679
mem_stacks_B=0
heap_tree=detailed
n3: 3338473 (heap allocation functions) malloc/new/new[], --alloc-fns, etc.
 n1: 3024560 0x20664E: _ntl_gblock_construct_alloc(_ntl_gbigint_body**, long, long) (lip.cpp:6279)
  n2: 3024560 0x228994: NTL::BasicBlockConstruct(NTL::ZZ_p*, long, long) (ZZ.h:1041)
   n1: 3011360 0x228A36: NTL::BlockConstructFromVec(NTL::ZZ_p*, long, NTL::ZZ_p const*) (vec_ZZ_p.cpp:43)
    n0: 3011360 0x16C17C: void NTL::VecStrategy<true>::do_BlockConstructFromVec<NTL::ZZ_p>(NTL::ZZ_p*, long, NTL::ZZ_p const*) (in /home/reti/dongHyeon/Function-hiding-IPE/build/bin/p-norm-ipe-test)
   n0: 13200 in 1 place, below massif's threshold (1.00%)
 n0: 279424 0x16B152: NTL::Vec<NTL::ZZ_p>::AllocateTo(long) (in /home/reti/dongHyeon/Function-hiding-IPE/build/bin/p-norm-ipe-test)
 n0: 34489 in 27 places, all below massif's threshold (1.00%)
#-----------
snapshot=22
#-----------
time=1001156970
mem_heap_B=3505801
mem_heap_extra_B=4871
mem_stacks_B=0
heap_tree=detailed
n3: 3505801 (heap allocation functions) malloc/new/new[], --alloc-fns, etc.
 n1: 3177680 0x20664E: _ntl_gblock_construct_alloc(_ntl_gbigint_body**, long, long) (lip.cpp:6279)
  n2: 3177680 0x228994: NTL::BasicBlockConstruct(NTL::ZZ_p*, long, long) (ZZ.h:1041)
   n1: 3164480 0x228A36: NTL::BlockConstructFromVec(NTL::ZZ_p*, long, NTL::ZZ_p const*) (vec_ZZ_p.cpp:43)
    n0: 3164480 0x16C17C: void NTL::VecStrategy<true>::do_BlockConstructFromVec<NTL::ZZ_p>(NTL::ZZ_p*, long, NTL::ZZ_p const*) (in /home/reti/dongHyeon/Function-hiding-IPE/build/bin/p-norm-ipe-test)
   n0: 13200 in 1 place, below massif's threshold (1.00%)
 n0: 293632 0x16B152: NTL::Vec<NTL::ZZ_p>::AllocateTo(long) (in /home/reti/dongHyeon/Function-hiding-IPE/build/bin/p-norm-ipe-test)
 n0: 34489 in 27 places, all below massif's threshold (1.00%)
#-----------
snapshot=23
#-----------
time=1036744779
mem_heap_B=3631297
mem_heap_extra_B=5015
mem_stacks_B=0
heap_tree=detailed
n3: 3631297 (heap allocation functions) malloc/new/new[], --alloc-fns, etc.
 n1: 3292520 0x20664E: _ntl_gblock_construct_alloc(_ntl_gbigint_body**, long, long) (lip.cpp:6279)
  n2: 3292520 0x228994: NTL::BasicBlockConstruct(NTL::ZZ_p*, long, long) (ZZ.h:1041)
   n1: 3279320 0x228A36: NTL::BlockConstructFromVec(NTL::ZZ_p*, long, NTL::ZZ_p const*) (vec_ZZ_p.cpp:43)
    n0: 3279320 0x16C17C: void NTL::VecStrategy<true>::do_BlockConstructFromVec<NTL::ZZ_p>(NTL::ZZ_p*, long, NTL::ZZ_p const*) (in /home/reti/dongHyeon/Function-hiding-IPE/build/bin/p-norm-ipe-test)
   n0: 13200 in 1 place, below massif's threshold (1.00%)
 n0: 304288 0x16B152: NTL::Vec<NTL::ZZ_p>::AllocateTo(long) (in /home/reti/dongHyeon/Function-hiding-IPE/build/bin/p-norm-ipe-test)
 n0: 34489 in 27 places, all below massif's threshold (1.00%)
#-----------
snapshot=24
#-----------
time=1096056913
mem_heap_B=3840457
mem_heap_extra_B=5255
mem_stacks_B=0
heap_tree=detailed
n3: 3840457 (heap allocation functions) malloc/new/new[], --alloc-fns, etc.
 n1: 3483920 0x20664E: _ntl_gblock_construct_alloc(_ntl_gbigint_body**, long, long) (lip.cpp:6279)
  n2: 3483920 0x228994: NTL::BasicBlockConstruct(NTL::ZZ_p*, long, long) (ZZ.h:1041)
   n1: 3470720 0x228A36: NTL::BlockConstructFromVec(NTL::ZZ_p*, long, NTL::ZZ_p const*) (vec_ZZ_p.cpp:43)
    n0: 3470720 0x16C17C: void NTL::VecStrategy<true>::do_BlockConstructFromVec<NTL::ZZ_p>(NTL::ZZ_p*, long, NTL::ZZ_p const*) (in /home/reti/dongHyeon/Function-hiding-IPE/build/bin/p-norm-ipe-test)
   n0: 13200 in 1 place, below massif's threshold (1.00%)
 n0: 322048 0x16B152: NTL::Vec<NTL::ZZ_p>::AllocateTo(long) (in /home/reti/dongHyeon/Function-hiding-IPE/build/bin/p-norm-ipe-test)
 n0: 34489 in 27 places, all below massif's threshold (1.00%)
#-----------
snapshot=25
#-----------
time=1131647649
mem_heap_B=3965953
mem_heap_extra_B=5399
mem_stacks_B=0
heap_tree=detailed
n3: 3965953 (heap allocation functions) malloc/new/new[], --alloc-fns, etc.
 n1: 3598760 0x20664E: _ntl_gblock_construct_alloc(_ntl_gbigint_body**, long, long) (lip.cpp:6279)
  n2: 3598760 0x228994: NTL::BasicBlockConstruct(NTL::ZZ_p*, long, long) (ZZ.h:1041)
   n1: 3585560 0x228A36: NTL::BlockConstructFromVec(NTL::ZZ_p*, long, NTL::ZZ_p const*) (vec_ZZ_p.cpp:43)
    n0: 3585560 0x16C17C: void NTL::VecStrategy<true>::do_BlockConstructFromVec<NTL::ZZ_p>(NTL::ZZ_p*, long, NTL::ZZ_p const*) (in /home/reti/dongHyeon/Function-hiding-IPE/build/bin/p-norm-ipe-test)
   n0: 13200 in 1 place, below massif's threshold (1.00%)
 n0: 332704 0x16B152: NTL::Vec<NTL::ZZ_p>::AllocateTo(long) (in /home/reti/dongHyeon/Function-hiding-IPE/build/bin/p-norm-ipe-test)
 n0: 34489 in 27 places, all below massif's threshold (1.00%)
#-----------
snapshot=26
#-----------
time=1202711579
mem_heap_B=4119353
mem_heap_extra_B=5583
mem_stacks_B=0
heap_tree=empty
#-----------
snapshot=27
#-----------
time=1262590298
mem_heap_B=4340257
mem_heap_extra_B=5831
mem_stacks_B=0
heap_tree=empty
#-----------
snapshot=28
#-----------
time=1310052148
mem_heap_B=4507585
mem_heap_extra_B=6023
mem_stacks_B=0
heap_tree=empty
#-----------
snapshot=29
#-----------
time=1358850844
mem_heap_B=4667545
mem_heap_extra_B=6191
mem_stacks_B=0
heap_tree=empty
#-----------
snapshot=30
#-----------
time=1395119414
mem_heap_B=4795737
mem_heap_extra_B=6343
mem_stacks_B=0
heap_tree=empty
#-----------
snapshot=31
#-----------
time=1455788333
mem_heap_B=5011961
mem_heap_extra_B=6607
mem_stacks_B=0
heap_tree=empty
#-----------
snapshot=32
#-----------
time=1503802061
mem_heap_B=5191033
mem_heap_extra_B=6807
mem_stacks_B=0
heap_tree=empty
#-----------
snapshot=33
#-----------
time=1553273478
mem_heap_B=5353497
mem_heap_extra_B=6983
mem_stacks_B=0
heap_tree=empty
#-----------
snapshot=34
#-----------
time=1586261620
mem_heap_B=5472113
mem_heap_extra_B=7135
mem_stacks_B=0
heap_tree=empty
#-----------
snapshot=35
#-----------
time=1634963728
mem_heap_B=5641617
mem_heap_extra_B=7303
mem_stacks_B=0
heap_tree=empty
#-----------
snapshot=36
#-----------
time=1700927765
mem_heap_B=5876697
mem_heap_extra_B=7599
mem_stacks_B=0
heap_tree=detailed
n3: 5876697 (heap allocation functions) malloc/new/new[], --alloc-fns, etc.
 n1: 5346880 0x20664E: _ntl_gblock_construct_alloc(_ntl_gbigint_body**, long, long) (lip.cpp:6279)
  n2: 5346880 0x228994: NTL::BasicBlockConstruct(NTL::ZZ_p*, long, long) (ZZ.h:1041)
   n0: 3713600 0x16C5A0: void NTL::VecStrategy<true>::do_BlockConstruct<NTL::ZZ_p>(NTL::ZZ_p*, long) (in /home/reti/dongHyeon/Function-hiding-IPE/build/bin/p-norm-ipe-test)
   n1: 1633280 0x228A36: NTL::BlockConstructFromVec(NTL::ZZ_p*, long, NTL::ZZ_p const*) (vec_ZZ_p.cpp:43)
    n0: 1633280 0x16C17C: void NTL::VecStrategy<true>::do_BlockConstructFromVec<NTL::ZZ_p>(NTL::ZZ_p*, long, NTL::ZZ_p const*) (in /home/reti/dongHyeon/Function-hiding-IPE/build/bin/p-norm-ipe-test)
 n0: 494912 0x16B152: NTL::Vec<NTL::ZZ_p>::AllocateTo(long) (in /home/reti/dongHyeon/Function-hiding-IPE/build/bin/p-norm-ipe-test)
 n0: 34905 in 27 places, all below massif's threshold (1.00%)
#-----------
snapshot=37
#-----------
time=1749620221
mem_heap_B=6045993
mem_heap_extra_B=7767
mem_stacks_B=0
heap_tree=empty
#-----------
snapshot=38
#-----------
time=1815576705
mem_heap_B=6281377
mem_heap_extra_B=8063
mem_stacks_B=0
heap_tree=empty
#-----------
snapshot=39
#-----------
time=1864273908
mem_heap_B=6450673
mem_heap_extra_B=8231
mem_stacks_B=0
heap_tree=detailed
n3: 6450673 (heap allocation functions) malloc/new/new[], --alloc-fns, etc.
 n1: 5871800 0x20664E: _ntl_gblock_construct_alloc(_ntl_gbigint_body**, long, long) (lip.cpp:6279)
  n2: 5871800 0x228994: NTL::BasicBlockConstruct(NTL::ZZ_p*, long, long) (ZZ.h:1041)
   n0: 3702600 0x16C5A0: void NTL::VecStrategy<true>::do_BlockConstruct<NTL::ZZ_p>(NTL::ZZ_p*, long) (in /home/reti/dongHyeon/Function-hiding-IPE/build/bin/p-norm-ipe-test)
   n1: 2169200 0x228A36: NTL::BlockConstructFromVec(NTL::ZZ_p*, long, NTL::ZZ_p const*) (vec_ZZ_p.cpp:43)
    n0: 2169200 0x16C17C: void NTL::VecStrategy<true>::do_BlockConstructFromVec<NTL::ZZ_p>(NTL::ZZ_p*, long, NTL::ZZ_p const*) (in /home/reti/dongHyeon/Function-hiding-IPE/build/bin/p-norm-ipe-test)
 n0: 544640 0x16B152: NTL::Vec<NTL::ZZ_p>::AllocateTo(long) (in /home/reti/dongHyeon/Function-hiding-IPE/build/bin/p-norm-ipe-test)
 n0: 34233 in 27 places, all below massif's threshold (1.00%)
#-----------
snapshot=40
#-----------
time=1897252436
mem_heap_B=6567137
mem_heap_extra_B=8375
mem_stacks_B=0
heap_tree=empty
#-----------
snapshot=41
#-----------
time=1962433366
mem_heap_B=6809049
mem_heap_extra_B=8663
mem_stacks_B=0
heap_tree=empty
#-----------
snapshot=42
#-----------
time=2028399471
mem_heap_B=7030417
mem_heap_extra_B=8911
mem_stacks_B=0
heap_tree=detailed
n3: 7030417 (heap allocation functions) malloc/new/new[], --alloc-fns, etc.
 n1: 6401560 0x20664E: _ntl_gblock_construct_alloc(_ntl_gbigint_body**, long, long) (lip.cpp:6279)
  n2: 6401560 0x228994: NTL::BasicBlockConstruct(NTL::ZZ_p*, long, long) (ZZ.h:1041)
   n0: 3709200 0x16C5A0: void NTL::VecStrategy<true>::do_BlockConstruct<NTL::ZZ_p>(NTL::ZZ_p*, long) (in /home/reti/dongHyeon/Function-hiding-IPE/build/bin/p-norm-ipe-test)
   n1: 2692360 0x228A36: NTL::BlockConstructFromVec(NTL::ZZ_p*, long, NTL::ZZ_p const*) (vec_ZZ_p.cpp:43)
    n0: 2692360 0x16C17C: void NTL::VecStrategy<true>::do_BlockConstructFromVec<NTL::ZZ_p>(NTL::ZZ_p*, long, NTL::ZZ_p const*) (in /home/reti/dongHyeon/Function-hiding-IPE/build/bin/p-norm-ipe-test)
 n0: 593184 0x16B152: NTL::Vec<NTL::ZZ_p>::AllocateTo(long) (in /home/reti/dongHyeon/Function-hiding-IPE/build/bin/p-norm-ipe-test)
 n0: 35673 in 27 places, all below massif's threshold (1.00%)
#-----------
snapshot=43
#-----------
time=2077092900
mem_heap_B=7213889
mem_heap_extra_B=9127
mem_stacks_B=0
heap_tree=empty
#-----------
snapshot=44
#-----------
time=2143066326
mem_heap_B=7434793
mem_heap_extra_B=9375
mem_stacks_B=0
heap_tree=empty
#-----------
snapshot=45
#-----------
time=2191764817
mem_heap_B=7618265
mem_heap_extra_B=9591
mem_stacks_B=0
heap_tree=detailed
n3: 7618265 (heap allocation functions) malloc/new/new[], --alloc-fns, etc.
 n1: 6939680 0x20664E: _ntl_gblock_construct_alloc(_ntl_gbigint_body**, long, long) (lip.cpp:6279)
  n2: 6939680 0x228994: NTL::BasicBlockConstruct(NTL::ZZ_p*, long, long) (ZZ.h:1041)
   n0: 3711400 0x16C5A0: void NTL::VecStrategy<true>::do_BlockConstruct<NTL::ZZ_p>(NTL::ZZ_p*, long) (in /home/reti/dongHyeon/Function-hiding-IPE/build/bin/p-norm-ipe-test)
   n1: 3228280 0x228A36: NTL::BlockConstructFromVec(NTL::ZZ_p*, long, NTL::ZZ_p const*) (vec_ZZ_p.cpp:43)
    n0: 3228280 0x16C17C: void NTL::VecStrategy<true>::do_BlockConstructFromVec<NTL::ZZ_p>(NTL::ZZ_p*, long, NTL::ZZ_p const*) (in /home/reti/dongHyeon/Function-hiding-IPE/build/bin/p-norm-ipe-test)
 n0: 642912 0x16B152: NTL::Vec<NTL::ZZ_p>::AllocateTo(long) (in /home/reti/dongHyeon/Function-hiding-IPE/build/bin/p-norm-ipe-test)
 n0: 35673 in 27 places, all below massif's threshold (1.00%)
#-----------
snapshot=46
#-----------
time=2257736127
mem_heap_B=7839169
mem_heap_extra_B=9839
mem_stacks_B=0
heap_tree=empty
#-----------
snapshot=47
#-----------
time=2306435572
mem_heap_B=8022641
mem_heap_extra_B=10055
mem_stacks_B=0
heap_tree=empty
#-----------
snapshot=48
#-----------
time=2346572174
mem_heap_B=12166745
mem_heap_extra_B=14783
mem_stacks_B=0
heap_tree=detailed
n3: 12166745 (heap allocation functions) malloc/new/new[], --alloc-fns, etc.
 n1: 11101200 0x20664E: _ntl_gblock_construct_alloc(_ntl_gbigint_body**, long, long) (lip.cpp:6279)
  n2: 11101200 0x228994: NTL::BasicBlockConstruct(NTL::ZZ_p*, long, long) (ZZ.h:1041)
   n1: 7400800 0x228A36: NTL::BlockConstructFromVec(NTL::ZZ_p*, long, NTL::ZZ_p const*) (vec_ZZ_p.cpp:43)
    n0: 7400800 0x16C17C: void NTL::VecStrategy<true>::do_BlockConstructFromVec<NTL::ZZ_p>(NTL::ZZ_p*, long, NTL::ZZ_p const*) (in /home/reti/dongHyeon/Function-hiding-IPE/build/bin/p-norm-ipe-test)
   n0: 3700400 0x16C5A0: void NTL::VecStrategy<true>::do_BlockConstruct<NTL::ZZ_p>(NTL::ZZ_p*, long) (in /home/reti/dongHyeon/Function-hiding-IPE/build/bin/p-norm-ipe-test)
 n0: 1030080 0x16B152: NTL::Vec<NTL::ZZ_p>::AllocateTo(long) (in /home/reti/dongHyeon/Function-hiding-IPE/build/bin/p-norm-ipe-test)
 n0: 35465 in 27 places, all below massif's threshold (1.00%)
#-----------
snapshot=49
#-----------
time=2362399075
mem_heap_B=8194193
mem_heap_extra_B=10247
mem_stacks_B=0
heap_tree=empty
#-----------
snapshot=50
#-----------
time=2379373940
mem_heap_B=16211993
mem_heap_extra_B=19447
mem_stacks_B=0
heap_tree=peak
n3: 16211993 (heap allocation functions) malloc/new/new[], --alloc-fns, etc.
 n1: 14801600 0x20664E: _ntl_gblock_construct_alloc(_ntl_gbigint_body**, long, long) (lip.cpp:6279)
  n2: 14801600 0x228994: NTL::BasicBlockConstruct(NTL::ZZ_p*, long, long) (ZZ.h:1041)
   n0: 7400800 0x16C5A0: void NTL::VecStrategy<true>::do_BlockConstruct<NTL::ZZ_p>(NTL::ZZ_p*, long) (in /home/reti/dongHyeon/Function-hiding-IPE/build/bin/p-norm-ipe-test)
   n1: 7400800 0x228A36: NTL::BlockConstructFromVec(NTL::ZZ_p*, long, NTL::ZZ_p const*) (vec_ZZ_p.cpp:43)
    n0: 7400800 0x16C17C: void NTL::VecStrategy<true>::do_BlockConstructFromVec<NTL::ZZ_p>(NTL::ZZ_p*, long, NTL::ZZ_p const*) (in /home/reti/dongHyeon/Function-hiding-IPE/build/bin/p-norm-ipe-test)
 n0: 1373440 0x16B152: NTL::Vec<NTL::ZZ_p>::AllocateTo(long) (in /home/reti/dongHyeon/Function-hiding-IPE/build/bin/p-norm-ipe-test)
 n0: 36953 in 28 places, all below massif's threshold (1.00%)
#-----------
snapshot=51
#-----------
time=2427478915
mem_heap_B=8155909
mem_heap_extra_B=10523
mem_stacks_B=0
heap_tree=empty
#-----------
snapshot=52
#-----------
time=2458575678
mem_heap_B=8200085
mem_heap_extra_B=14507
mem_stacks_B=0
heap_tree=empty
#-----------
snapshot=53
#-----------
time=2487544596
mem_heap_B=8200337
mem_heap_extra_B=14567
mem_stacks_B=0
heap_tree=empty
#-----------
snapshot=54
#-----------
time=2517101203
mem_heap_B=8200337
mem_heap_extra_B=14567
mem_stacks_B=0
heap_tree=empty
#-----------
snapshot=55
#-----------
time=2546945948
mem_heap_B=8200337
mem_heap_extra_B=14567
mem_stacks_B=0
heap_tree=empty
#-----------
snapshot=56
#-----------
time=2575564292
mem_heap_B=8200481
mem_heap_extra_B=14607
mem_stacks_B=0
heap_tree=empty
#-----------
snapshot=57
#-----------
time=2605559155
mem_heap_B=8200481
mem_heap_extra_B=14607
mem_stacks_B=0
heap_tree=empty
#-----------
snapshot=58
#-----------
time=2635374206
mem_heap_B=8200481
mem_heap_extra_B=14607
mem_stacks_B=0
heap_tree=empty
#-----------
snapshot=59
#-----------
time=2664848783
mem_heap_B=8200481
mem_heap_extra_B=14607
mem_stacks_B=0
heap_tree=empty
#-----------
snapshot=60
#-----------
time=2694446932
mem_heap_B=8200481
mem_heap_extra_B=14607
mem_stacks_B=0
heap_tree=detailed
n3: 8200481 (heap allocation functions) malloc/new/new[], --alloc-fns, etc.
 n1: 7426320 0x20664E: _ntl_gblock_construct_alloc(_ntl_gbigint_body**, long, long) (lip.cpp:6279)
  n2: 7426320 0x228994: NTL::BasicBlockConstruct(NTL::ZZ_p*, long, long) (ZZ.h:1041)
   n1: 7413560 0x228A36: NTL::BlockConstructFromVec(NTL::ZZ_p*, long, NTL::ZZ_p const*) (vec_ZZ_p.cpp:43)
    n0: 7413560 0x16C17C: void NTL::VecStrategy<true>::do_BlockConstructFromVec<NTL::ZZ_p>(NTL::ZZ_p*, long, NTL::ZZ_p const*) (in /home/reti/dongHyeon/Function-hiding-IPE/build/bin/p-norm-ipe-test)
   n0: 12760 in 1 place, below massif's threshold (1.00%)
 n0: 689088 0x16B152: NTL::Vec<NTL::ZZ_p>::AllocateTo(long) (in /home/reti/dongHyeon/Function-hiding-IPE/build/bin/p-norm-ipe-test)
 n0: 85073 in 55 places, all below massif's threshold (1.00%)
#-----------
snapshot=61
#-----------
time=2724908361
mem_heap_B=8200481
mem_heap_extra_B=14607
mem_stacks_B=0
heap_tree=empty
#-----------
snapshot=62
#-----------
time=2754638298
mem_heap_B=8200481
mem_heap_extra_B=14607
mem_stacks_B=0
heap_tree=empty
#-----------
snapshot=63
#-----------
time=2784494416
mem_heap_B=8200481
mem_heap_extra_B=14607
mem_stacks_B=0
heap_tree=empty
#-----------
snapshot=64
#-----------
time=2814164838
mem_heap_B=8200481
mem_heap_extra_B=14607
mem_stacks_B=0
heap_tree=empty
#-----------
snapshot=65
#-----------
time=2843964233
mem_heap_B=8200481
mem_heap_extra_B=14607
mem_stacks_B=0
heap_tree=empty
#-----------
snapshot=66
#-----------
time=2873473117
mem_heap_B=8200481
mem_heap_extra_B=14607
mem_stacks_B=0
heap_tree=empty
#-----------
snapshot=67
#-----------
time=2902734729
mem_heap_B=8200337
mem_heap_extra_B=14567
mem_stacks_B=0
heap_tree=empty
#-----------
snapshot=68
#-----------
time=2932676450
mem_heap_B=8200337
mem_heap_extra_B=14567
mem_stacks_B=0
heap_tree=empty
#-----------
snapshot=69
#-----------
time=2962596123
mem_heap_B=8200337
mem_heap_extra_B=14567
mem_stacks_B=0
heap_tree=empty
#-----------
snapshot=70
#-----------
time=2992371644
mem_heap_B=8200337
mem_heap_extra_B=14567
mem_stacks_B=0
heap_tree=detailed
n3: 8200337 (heap allocation functions) malloc/new/new[], --alloc-fns, etc.
 n1: 7426320 0x20664E: _ntl_gblock_construct_alloc(_ntl_gbigint_body**, long, long) (lip.cpp:6279)
  n2: 7426320 0x228994: NTL::BasicBlockConstruct(NTL::ZZ_p*, long, long) (ZZ.h:1041)
   n1: 7413560 0x228A36: NTL::BlockConstructFromVec(NTL::ZZ_p*, long, NTL::ZZ_p const*) (vec_ZZ_p.cpp:43)
    n0: 7413560 0x16C17C: void NTL::VecStrategy<true>::do_BlockConstructFromVec<NTL::ZZ_p>(NTL::ZZ_p*, long, NTL::ZZ_p const*) (in /home/reti/dongHyeon/Function-hiding-IPE/build/bin/p-norm-ipe-test)
   n0: 12760 in 1 place, below massif's threshold (1.00%)
 n0: 689088 0x16B152: NTL::Vec<NTL::ZZ_p>::AllocateTo(long) (in /home/reti/dongHyeon/Function-hiding-IPE/build/bin/p-norm-ipe-test)
 n0: 84929 in 55 places, all below massif's threshold (1.00%)
#-----------
snapshot=71
#-----------
time=3022180049
mem_heap_B=8200337
mem_heap_extra_B=14567
mem_stacks_B=0
heap_tree=empty
#-----------
snapshot=72
#-----------
time=3052236320
mem_heap_B=8200337
mem_heap_extra_B=14567
mem_stacks_B=0
heap_tree=empty
#-----------
snapshot=73
#-----------
time=3080738318
mem_heap_B=8200193
mem_heap_extra_B=14527
mem_stacks_B=0
heap_tree=empty
#-----------
snapshot=74
#-----------
time=3110441246
mem_heap_B=8200193
mem_heap_extra_B=14527
mem_stacks_B=0
heap_tree=empty
#-----------
snapshot=75
#-----------
time=3139051706
mem_heap_B=8241841
mem_heap_extra_B=14503
mem_stacks_B=0
heap_tree=empty
