desc: --massif-out-file=keygen/memory-16-10-10.log
cmd: ./p-norm-ipe-test keygen 16 10 10
time_unit: i
#-----------
snapshot=0
#-----------
time=0
mem_heap_B=0
mem_heap_extra_B=0
mem_stacks_B=0
heap_tree=empty
#-----------
snapshot=1
#-----------
time=11015083
mem_heap_B=32765
mem_heap_extra_B=771
mem_stacks_B=0
heap_tree=detailed
n7: 32765 (heap allocation functions) malloc/new/new[], --alloc-fns, etc.
 n0: 20224 0x48F4F42: ??? (in /usr/lib/arm-linux-gnueabihf/libstdc++.so.6.0.26)
 n1: 8192 0x493D6C6: std::basic_filebuf<char, std::char_traits<char> >::_M_allocate_internal_buffer() (in /usr/lib/arm-linux-gnueabihf/libstdc++.so.6.0.26)
  n1: 8192 0x493FFE2: std::basic_filebuf<char, std::char_traits<char> >::open(char const*, std::_Ios_Openmode) (in /usr/lib/arm-linux-gnueabihf/libstdc++.so.6.0.26)
   n0: 8192 0x49409EA: std::basic_ifstream<char, std::char_traits<char> >::basic_ifstream(std::__cxx11::basic_string<char, std::char_traits<char>, std::allocator<char> > const&, std::_Ios_Openmode) (in /usr/lib/arm-linux-gnueabihf/libstdc++.so.6.0.26)
 n0: 2700 0x24B812: __gmp_default_allocate (in /home/reti/dongHyeon/Function-hiding-IPE/build/bin/p-norm-ipe-test)
 n1: 520 0x4ADE1F0: __new_exitfn (cxa_atexit.c:114)
  n1: 520 0x4ADE264: __internal_atexit (cxa_atexit.c:44)
   n0: 520 0x251574: __libc_csu_init (in /home/reti/dongHyeon/Function-hiding-IPE/build/bin/p-norm-ipe-test)
 n1: 513 0x49658F2: std::__cxx11::basic_string<char, std::char_traits<char>, std::allocator<char> >::reserve(unsigned int) (in /usr/lib/arm-linux-gnueabihf/libstdc++.so.6.0.26)
  n0: 513 0x495D556: std::__cxx11::basic_stringbuf<char, std::char_traits<char>, std::allocator<char> >::overflow(int) (in /usr/lib/arm-linux-gnueabihf/libstdc++.so.6.0.26)
 n1: 352 0x4AFE6FA: __fopen_internal (iofopen.c:65)
  n1: 352 0x490F2C6: std::__basic_file<char>::open(char const*, std::_Ios_Openmode, int) (in /usr/lib/arm-linux-gnueabihf/libstdc++.so.6.0.26)
   n1: 352 0x493FFD4: std::basic_filebuf<char, std::char_traits<char> >::open(char const*, std::_Ios_Openmode) (in /usr/lib/arm-linux-gnueabihf/libstdc++.so.6.0.26)
    n0: 352 0x49409EA: std::basic_ifstream<char, std::char_traits<char> >::basic_ifstream(std::__cxx11::basic_string<char, std::char_traits<char>, std::allocator<char> > const&, std::_Ios_Openmode) (in /usr/lib/arm-linux-gnueabihf/libstdc++.so.6.0.26)
 n0: 264 in 7 places, all below massif's threshold (1.00%)
#-----------
snapshot=2
#-----------
time=25934486
mem_heap_B=50953
mem_heap_extra_B=903
mem_stacks_B=0
heap_tree=empty
#-----------
snapshot=3
#-----------
time=35218085
mem_heap_B=83705
mem_heap_extra_B=975
mem_stacks_B=0
heap_tree=empty
#-----------
snapshot=4
#-----------
time=44500113
mem_heap_B=116473
mem_heap_extra_B=1047
mem_stacks_B=0
heap_tree=empty
#-----------
snapshot=5
#-----------
time=53142191
mem_heap_B=146993
mem_heap_extra_B=1119
mem_stacks_B=0
heap_tree=empty
#-----------
snapshot=6
#-----------
time=68400402
mem_heap_B=207857
mem_heap_extra_B=1263
mem_stacks_B=0
heap_tree=detailed
n5: 207857 (heap allocation functions) malloc/new/new[], --alloc-fns, etc.
 n1: 160776 0x20664E: _ntl_gblock_construct_alloc(_ntl_gbigint_body**, long, long) (lip.cpp:6279)
  n2: 160776 0x228994: NTL::BasicBlockConstruct(NTL::ZZ_p*, long, long) (ZZ.h:1041)
   n1: 154176 0x228A36: NTL::BlockConstructFromVec(NTL::ZZ_p*, long, NTL::ZZ_p const*) (vec_ZZ_p.cpp:43)
    n0: 154176 0x16C17C: void NTL::VecStrategy<true>::do_BlockConstructFromVec<NTL::ZZ_p>(NTL::ZZ_p*, long, NTL::ZZ_p const*) (in /home/reti/dongHyeon/Function-hiding-IPE/build/bin/p-norm-ipe-test)
   n0: 6600 0x16C5A0: void NTL::VecStrategy<true>::do_BlockConstruct<NTL::ZZ_p>(NTL::ZZ_p*, long) (in /home/reti/dongHyeon/Function-hiding-IPE/build/bin/p-norm-ipe-test)
 n0: 20224 0x48F4F42: ??? (in /usr/lib/arm-linux-gnueabihf/libstdc++.so.6.0.26)
 n0: 14592 0x16B152: NTL::Vec<NTL::ZZ_p>::AllocateTo(long) (in /home/reti/dongHyeon/Function-hiding-IPE/build/bin/p-norm-ipe-test)
 n1: 8192 0x493D6C6: std::basic_filebuf<char, std::char_traits<char> >::_M_allocate_internal_buffer() (in /usr/lib/arm-linux-gnueabihf/libstdc++.so.6.0.26)
  n1: 8192 0x493FFE2: std::basic_filebuf<char, std::char_traits<char> >::open(char const*, std::_Ios_Openmode) (in /usr/lib/arm-linux-gnueabihf/libstdc++.so.6.0.26)
   n0: 8192 0x49409EA: std::basic_ifstream<char, std::char_traits<char> >::basic_ifstream(std::__cxx11::basic_string<char, std::char_traits<char>, std::allocator<char> > const&, std::_Ios_Openmode) (in /usr/lib/arm-linux-gnueabihf/libstdc++.so.6.0.26)
 n0: 4073 in 24 places, all below massif's threshold (1.00%)
#-----------
snapshot=7
#-----------
time=82339740
mem_heap_B=257081
mem_heap_extra_B=1375
mem_stacks_B=0
heap_tree=detailed
n5: 257081 (heap allocation functions) malloc/new/new[], --alloc-fns, etc.
 n1: 205744 0x20664E: _ntl_gblock_construct_alloc(_ntl_gbigint_body**, long, long) (lip.cpp:6279)
  n2: 205744 0x228994: NTL::BasicBlockConstruct(NTL::ZZ_p*, long, long) (ZZ.h:1041)
   n1: 199144 0x228A36: NTL::BlockConstructFromVec(NTL::ZZ_p*, long, NTL::ZZ_p const*) (vec_ZZ_p.cpp:43)
    n0: 199144 0x16C17C: void NTL::VecStrategy<true>::do_BlockConstructFromVec<NTL::ZZ_p>(NTL::ZZ_p*, long, NTL::ZZ_p const*) (in /home/reti/dongHyeon/Function-hiding-IPE/build/bin/p-norm-ipe-test)
   n0: 6600 0x16C5A0: void NTL::VecStrategy<true>::do_BlockConstruct<NTL::ZZ_p>(NTL::ZZ_p*, long) (in /home/reti/dongHyeon/Function-hiding-IPE/build/bin/p-norm-ipe-test)
 n0: 20224 0x48F4F42: ??? (in /usr/lib/arm-linux-gnueabihf/libstdc++.so.6.0.26)
 n0: 18848 0x16B152: NTL::Vec<NTL::ZZ_p>::AllocateTo(long) (in /home/reti/dongHyeon/Function-hiding-IPE/build/bin/p-norm-ipe-test)
 n1: 8192 0x493D6C6: std::basic_filebuf<char, std::char_traits<char> >::_M_allocate_internal_buffer() (in /usr/lib/arm-linux-gnueabihf/libstdc++.so.6.0.26)
  n1: 8192 0x493FFE2: std::basic_filebuf<char, std::char_traits<char> >::open(char const*, std::_Ios_Openmode) (in /usr/lib/arm-linux-gnueabihf/libstdc++.so.6.0.26)
   n0: 8192 0x49409EA: std::basic_ifstream<char, std::char_traits<char> >::basic_ifstream(std::__cxx11::basic_string<char, std::char_traits<char>, std::allocator<char> > const&, std::_Ios_Openmode) (in /usr/lib/arm-linux-gnueabihf/libstdc++.so.6.0.26)
 n0: 4073 in 24 places, all below massif's threshold (1.00%)
#-----------
snapshot=8
#-----------
time=98951001
mem_heap_B=308729
mem_heap_extra_B=1487
mem_stacks_B=0
heap_tree=empty
#-----------
snapshot=9
#-----------
time=114199102
mem_heap_B=369593
mem_heap_extra_B=1631
mem_stacks_B=0
heap_tree=detailed
n5: 369593 (heap allocation functions) malloc/new/new[], --alloc-fns, etc.
 n1: 308528 0x20664E: _ntl_gblock_construct_alloc(_ntl_gbigint_body**, long, long) (lip.cpp:6279)
  n2: 308528 0x228994: NTL::BasicBlockConstruct(NTL::ZZ_p*, long, long) (ZZ.h:1041)
   n1: 301928 0x228A36: NTL::BlockConstructFromVec(NTL::ZZ_p*, long, NTL::ZZ_p const*) (vec_ZZ_p.cpp:43)
    n0: 301928 0x16C17C: void NTL::VecStrategy<true>::do_BlockConstructFromVec<NTL::ZZ_p>(NTL::ZZ_p*, long, NTL::ZZ_p const*) (in /home/reti/dongHyeon/Function-hiding-IPE/build/bin/p-norm-ipe-test)
   n0: 6600 0x16C5A0: void NTL::VecStrategy<true>::do_BlockConstruct<NTL::ZZ_p>(NTL::ZZ_p*, long) (in /home/reti/dongHyeon/Function-hiding-IPE/build/bin/p-norm-ipe-test)
 n0: 28576 0x16B152: NTL::Vec<NTL::ZZ_p>::AllocateTo(long) (in /home/reti/dongHyeon/Function-hiding-IPE/build/bin/p-norm-ipe-test)
 n0: 20224 0x48F4F42: ??? (in /usr/lib/arm-linux-gnueabihf/libstdc++.so.6.0.26)
 n1: 8192 0x493D6C6: std::basic_filebuf<char, std::char_traits<char> >::_M_allocate_internal_buffer() (in /usr/lib/arm-linux-gnueabihf/libstdc++.so.6.0.26)
  n1: 8192 0x493FFE2: std::basic_filebuf<char, std::char_traits<char> >::open(char const*, std::_Ios_Openmode) (in /usr/lib/arm-linux-gnueabihf/libstdc++.so.6.0.26)
   n0: 8192 0x49409EA: std::basic_ifstream<char, std::char_traits<char> >::basic_ifstream(std::__cxx11::basic_string<char, std::char_traits<char>, std::allocator<char> > const&, std::_Ios_Openmode) (in /usr/lib/arm-linux-gnueabihf/libstdc++.so.6.0.26)
 n0: 4073 in 24 places, all below massif's threshold (1.00%)
#-----------
snapshot=10
#-----------
time=126826878
mem_heap_B=407369
mem_heap_extra_B=1711
mem_stacks_B=0
heap_tree=empty
#-----------
snapshot=11
#-----------
time=136784756
mem_heap_B=442529
mem_heap_extra_B=1791
mem_stacks_B=0
heap_tree=empty
#-----------
snapshot=12
#-----------
time=152037436
mem_heap_B=503393
mem_heap_extra_B=1935
mem_stacks_B=0
heap_tree=detailed
n5: 503393 (heap allocation functions) malloc/new/new[], --alloc-fns, etc.
 n1: 430584 0x20664E: _ntl_gblock_construct_alloc(_ntl_gbigint_body**, long, long) (lip.cpp:6279)
  n2: 430584 0x228994: NTL::BasicBlockConstruct(NTL::ZZ_p*, long, long) (ZZ.h:1041)
   n1: 423984 0x228A36: NTL::BlockConstructFromVec(NTL::ZZ_p*, long, NTL::ZZ_p const*) (vec_ZZ_p.cpp:43)
    n0: 423984 0x16C17C: void NTL::VecStrategy<true>::do_BlockConstructFromVec<NTL::ZZ_p>(NTL::ZZ_p*, long, NTL::ZZ_p const*) (in /home/reti/dongHyeon/Function-hiding-IPE/build/bin/p-norm-ipe-test)
   n0: 6600 0x16C5A0: void NTL::VecStrategy<true>::do_BlockConstruct<NTL::ZZ_p>(NTL::ZZ_p*, long) (in /home/reti/dongHyeon/Function-hiding-IPE/build/bin/p-norm-ipe-test)
 n0: 40128 0x16B152: NTL::Vec<NTL::ZZ_p>::AllocateTo(long) (in /home/reti/dongHyeon/Function-hiding-IPE/build/bin/p-norm-ipe-test)
 n0: 20224 0x48F4F42: ??? (in /usr/lib/arm-linux-gnueabihf/libstdc++.so.6.0.26)
 n1: 8192 0x493D6C6: std::basic_filebuf<char, std::char_traits<char> >::_M_allocate_internal_buffer() (in /usr/lib/arm-linux-gnueabihf/libstdc++.so.6.0.26)
  n1: 8192 0x493FFE2: std::basic_filebuf<char, std::char_traits<char> >::open(char const*, std::_Ios_Openmode) (in /usr/lib/arm-linux-gnueabihf/libstdc++.so.6.0.26)
   n0: 8192 0x49409EA: std::basic_ifstream<char, std::char_traits<char> >::basic_ifstream(std::__cxx11::basic_string<char, std::char_traits<char>, std::allocator<char> > const&, std::_Ios_Openmode) (in /usr/lib/arm-linux-gnueabihf/libstdc++.so.6.0.26)
 n0: 4265 in 25 places, all below massif's threshold (1.00%)
#-----------
snapshot=13
#-----------
time=161990198
mem_heap_B=538553
mem_heap_extra_B=2015
mem_stacks_B=0
heap_tree=detailed
n5: 538553 (heap allocation functions) malloc/new/new[], --alloc-fns, etc.
 n1: 462704 0x20664E: _ntl_gblock_construct_alloc(_ntl_gbigint_body**, long, long) (lip.cpp:6279)
  n2: 462704 0x228994: NTL::BasicBlockConstruct(NTL::ZZ_p*, long, long) (ZZ.h:1041)
   n1: 456104 0x228A36: NTL::BlockConstructFromVec(NTL::ZZ_p*, long, NTL::ZZ_p const*) (vec_ZZ_p.cpp:43)
    n0: 456104 0x16C17C: void NTL::VecStrategy<true>::do_BlockConstructFromVec<NTL::ZZ_p>(NTL::ZZ_p*, long, NTL::ZZ_p const*) (in /home/reti/dongHyeon/Function-hiding-IPE/build/bin/p-norm-ipe-test)
   n0: 6600 0x16C5A0: void NTL::VecStrategy<true>::do_BlockConstruct<NTL::ZZ_p>(NTL::ZZ_p*, long) (in /home/reti/dongHyeon/Function-hiding-IPE/build/bin/p-norm-ipe-test)
 n0: 43168 0x16B152: NTL::Vec<NTL::ZZ_p>::AllocateTo(long) (in /home/reti/dongHyeon/Function-hiding-IPE/build/bin/p-norm-ipe-test)
 n0: 20224 0x48F4F42: ??? (in /usr/lib/arm-linux-gnueabihf/libstdc++.so.6.0.26)
 n1: 8192 0x493D6C6: std::basic_filebuf<char, std::char_traits<char> >::_M_allocate_internal_buffer() (in /usr/lib/arm-linux-gnueabihf/libstdc++.so.6.0.26)
  n1: 8192 0x493FFE2: std::basic_filebuf<char, std::char_traits<char> >::open(char const*, std::_Ios_Openmode) (in /usr/lib/arm-linux-gnueabihf/libstdc++.so.6.0.26)
   n0: 8192 0x49409EA: std::basic_ifstream<char, std::char_traits<char> >::basic_ifstream(std::__cxx11::basic_string<char, std::char_traits<char>, std::allocator<char> > const&, std::_Ios_Openmode) (in /usr/lib/arm-linux-gnueabihf/libstdc++.so.6.0.26)
 n0: 4265 in 25 places, all below massif's threshold (1.00%)
#-----------
snapshot=14
#-----------
time=176608105
mem_heap_B=583169
mem_heap_extra_B=2111
mem_stacks_B=0
heap_tree=empty
#-----------
snapshot=15
#-----------
time=186566037
mem_heap_B=618329
mem_heap_extra_B=2191
mem_stacks_B=0
heap_tree=empty
#-----------
snapshot=16
#-----------
time=198516323
mem_heap_B=660521
mem_heap_extra_B=2287
mem_stacks_B=0
heap_tree=empty
#-----------
snapshot=17
#-----------
time=207793003
mem_heap_B=700289
mem_heap_extra_B=2383
mem_stacks_B=0
heap_tree=detailed
n5: 700289 (heap allocation functions) malloc/new/new[], --alloc-fns, etc.
 n1: 610456 0x20664E: _ntl_gblock_construct_alloc(_ntl_gbigint_body**, long, long) (lip.cpp:6279)
  n2: 610456 0x228994: NTL::BasicBlockConstruct(NTL::ZZ_p*, long, long) (ZZ.h:1041)
   n1: 603856 0x228A36: NTL::BlockConstructFromVec(NTL::ZZ_p*, long, NTL::ZZ_p const*) (vec_ZZ_p.cpp:43)
    n0: 603856 0x16C17C: void NTL::VecStrategy<true>::do_BlockConstructFromVec<NTL::ZZ_p>(NTL::ZZ_p*, long, NTL::ZZ_p const*) (in /home/reti/dongHyeon/Function-hiding-IPE/build/bin/p-norm-ipe-test)
   n0: 6600 in 1 place, below massif's threshold (1.00%)
 n0: 57152 0x16B152: NTL::Vec<NTL::ZZ_p>::AllocateTo(long) (in /home/reti/dongHyeon/Function-hiding-IPE/build/bin/p-norm-ipe-test)
 n0: 20224 0x48F4F42: ??? (in /usr/lib/arm-linux-gnueabihf/libstdc++.so.6.0.26)
 n1: 8192 0x493D6C6: std::basic_filebuf<char, std::char_traits<char> >::_M_allocate_internal_buffer() (in /usr/lib/arm-linux-gnueabihf/libstdc++.so.6.0.26)
  n1: 8192 0x493FFE2: std::basic_filebuf<char, std::char_traits<char> >::open(char const*, std::_Ios_Openmode) (in /usr/lib/arm-linux-gnueabihf/libstdc++.so.6.0.26)
   n0: 8192 0x49409EA: std::basic_ifstream<char, std::char_traits<char> >::basic_ifstream(std::__cxx11::basic_string<char, std::char_traits<char>, std::allocator<char> > const&, std::_Ios_Openmode) (in /usr/lib/arm-linux-gnueabihf/libstdc++.so.6.0.26)
 n0: 4265 in 25 places, all below massif's threshold (1.00%)
#-----------
snapshot=18
#-----------
time=221739675
mem_heap_B=749721
mem_heap_extra_B=2495
mem_stacks_B=0
heap_tree=detailed
n5: 749721 (heap allocation functions) malloc/new/new[], --alloc-fns, etc.
 n1: 655424 0x20664E: _ntl_gblock_construct_alloc(_ntl_gbigint_body**, long, long) (lip.cpp:6279)
  n2: 655424 0x228994: NTL::BasicBlockConstruct(NTL::ZZ_p*, long, long) (ZZ.h:1041)
   n1: 648824 0x228A36: NTL::BlockConstructFromVec(NTL::ZZ_p*, long, NTL::ZZ_p const*) (vec_ZZ_p.cpp:43)
    n0: 648824 0x16C17C: void NTL::VecStrategy<true>::do_BlockConstructFromVec<NTL::ZZ_p>(NTL::ZZ_p*, long, NTL::ZZ_p const*) (in /home/reti/dongHyeon/Function-hiding-IPE/build/bin/p-norm-ipe-test)
   n0: 6600 in 1 place, below massif's threshold (1.00%)
 n0: 61408 0x16B152: NTL::Vec<NTL::ZZ_p>::AllocateTo(long) (in /home/reti/dongHyeon/Function-hiding-IPE/build/bin/p-norm-ipe-test)
 n0: 20224 0x48F4F42: ??? (in /usr/lib/arm-linux-gnueabihf/libstdc++.so.6.0.26)
 n1: 8192 0x493D6C6: std::basic_filebuf<char, std::char_traits<char> >::_M_allocate_internal_buffer() (in /usr/lib/arm-linux-gnueabihf/libstdc++.so.6.0.26)
  n1: 8192 0x493FFE2: std::basic_filebuf<char, std::char_traits<char> >::open(char const*, std::_Ios_Openmode) (in /usr/lib/arm-linux-gnueabihf/libstdc++.so.6.0.26)
   n0: 8192 0x49409EA: std::basic_ifstream<char, std::char_traits<char> >::basic_ifstream(std::__cxx11::basic_string<char, std::char_traits<char>, std::allocator<char> > const&, std::_Ios_Openmode) (in /usr/lib/arm-linux-gnueabihf/libstdc++.so.6.0.26)
 n0: 4473 in 25 places, all below massif's threshold (1.00%)
#-----------
snapshot=19
#-----------
time=231684688
mem_heap_B=778457
mem_heap_extra_B=2567
mem_stacks_B=0
heap_tree=empty
#-----------
snapshot=20
#-----------
time=241657487
mem_heap_B=820041
mem_heap_extra_B=2655
mem_stacks_B=0
heap_tree=detailed
n4: 820041 (heap allocation functions) malloc/new/new[], --alloc-fns, etc.
 n1: 719664 0x20664E: _ntl_gblock_construct_alloc(_ntl_gbigint_body**, long, long) (lip.cpp:6279)
  n2: 719664 0x228994: NTL::BasicBlockConstruct(NTL::ZZ_p*, long, long) (ZZ.h:1041)
   n1: 713064 0x228A36: NTL::BlockConstructFromVec(NTL::ZZ_p*, long, NTL::ZZ_p const*) (vec_ZZ_p.cpp:43)
    n0: 713064 0x16C17C: void NTL::VecStrategy<true>::do_BlockConstructFromVec<NTL::ZZ_p>(NTL::ZZ_p*, long, NTL::ZZ_p const*) (in /home/reti/dongHyeon/Function-hiding-IPE/build/bin/p-norm-ipe-test)
   n0: 6600 in 1 place, below massif's threshold (1.00%)
 n0: 67488 0x16B152: NTL::Vec<NTL::ZZ_p>::AllocateTo(long) (in /home/reti/dongHyeon/Function-hiding-IPE/build/bin/p-norm-ipe-test)
 n0: 20224 0x48F4F42: ??? (in /usr/lib/arm-linux-gnueabihf/libstdc++.so.6.0.26)
 n0: 12665 in 26 places, all below massif's threshold (1.00%)
#-----------
snapshot=21
#-----------
time=253606875
mem_heap_B=862233
mem_heap_extra_B=2751
mem_stacks_B=0
heap_tree=detailed
n4: 862233 (heap allocation functions) malloc/new/new[], --alloc-fns, etc.
 n1: 758208 0x20664E: _ntl_gblock_construct_alloc(_ntl_gbigint_body**, long, long) (lip.cpp:6279)
  n2: 758208 0x228994: NTL::BasicBlockConstruct(NTL::ZZ_p*, long, long) (ZZ.h:1041)
   n1: 751608 0x228A36: NTL::BlockConstructFromVec(NTL::ZZ_p*, long, NTL::ZZ_p const*) (vec_ZZ_p.cpp:43)
    n0: 751608 0x16C17C: void NTL::VecStrategy<true>::do_BlockConstructFromVec<NTL::ZZ_p>(NTL::ZZ_p*, long, NTL::ZZ_p const*) (in /home/reti/dongHyeon/Function-hiding-IPE/build/bin/p-norm-ipe-test)
   n0: 6600 in 1 place, below massif's threshold (1.00%)
 n0: 71136 0x16B152: NTL::Vec<NTL::ZZ_p>::AllocateTo(long) (in /home/reti/dongHyeon/Function-hiding-IPE/build/bin/p-norm-ipe-test)
 n0: 20224 0x48F4F42: ??? (in /usr/lib/arm-linux-gnueabihf/libstdc++.so.6.0.26)
 n0: 12665 in 26 places, all below massif's threshold (1.00%)
#-----------
snapshot=22
#-----------
time=261570961
mem_heap_B=890361
mem_heap_extra_B=2815
mem_stacks_B=0
heap_tree=detailed
n4: 890361 (heap allocation functions) malloc/new/new[], --alloc-fns, etc.
 n1: 783904 0x20664E: _ntl_gblock_construct_alloc(_ntl_gbigint_body**, long, long) (lip.cpp:6279)
  n2: 783904 0x228994: NTL::BasicBlockConstruct(NTL::ZZ_p*, long, long) (ZZ.h:1041)
   n1: 777304 0x228A36: NTL::BlockConstructFromVec(NTL::ZZ_p*, long, NTL::ZZ_p const*) (vec_ZZ_p.cpp:43)
    n0: 777304 0x16C17C: void NTL::VecStrategy<true>::do_BlockConstructFromVec<NTL::ZZ_p>(NTL::ZZ_p*, long, NTL::ZZ_p const*) (in /home/reti/dongHyeon/Function-hiding-IPE/build/bin/p-norm-ipe-test)
   n0: 6600 in 1 place, below massif's threshold (1.00%)
 n0: 73568 0x16B152: NTL::Vec<NTL::ZZ_p>::AllocateTo(long) (in /home/reti/dongHyeon/Function-hiding-IPE/build/bin/p-norm-ipe-test)
 n0: 20224 0x48F4F42: ??? (in /usr/lib/arm-linux-gnueabihf/libstdc++.so.6.0.26)
 n0: 12665 in 26 places, all below massif's threshold (1.00%)
#-----------
snapshot=23
#-----------
time=272885621
mem_heap_B=923321
mem_heap_extra_B=2887
mem_stacks_B=0
heap_tree=empty
#-----------
snapshot=24
#-----------
time=289454483
mem_heap_B=988809
mem_heap_extra_B=3039
mem_stacks_B=0
heap_tree=detailed
n4: 988809 (heap allocation functions) malloc/new/new[], --alloc-fns, etc.
 n1: 873840 0x20664E: _ntl_gblock_construct_alloc(_ntl_gbigint_body**, long, long) (lip.cpp:6279)
  n2: 873840 0x228994: NTL::BasicBlockConstruct(NTL::ZZ_p*, long, long) (ZZ.h:1041)
   n1: 867240 0x228A36: NTL::BlockConstructFromVec(NTL::ZZ_p*, long, NTL::ZZ_p const*) (vec_ZZ_p.cpp:43)
    n0: 867240 0x16C17C: void NTL::VecStrategy<true>::do_BlockConstructFromVec<NTL::ZZ_p>(NTL::ZZ_p*, long, NTL::ZZ_p const*) (in /home/reti/dongHyeon/Function-hiding-IPE/build/bin/p-norm-ipe-test)
   n0: 6600 in 1 place, below massif's threshold (1.00%)
 n0: 82080 0x16B152: NTL::Vec<NTL::ZZ_p>::AllocateTo(long) (in /home/reti/dongHyeon/Function-hiding-IPE/build/bin/p-norm-ipe-test)
 n0: 20224 0x48F4F42: ??? (in /usr/lib/arm-linux-gnueabihf/libstdc++.so.6.0.26)
 n0: 12665 in 26 places, all below massif's threshold (1.00%)
#-----------
snapshot=25
#-----------
time=304747909
mem_heap_B=1035833
mem_heap_extra_B=3143
mem_stacks_B=0
heap_tree=empty
#-----------
snapshot=26
#-----------
time=313561738
mem_heap_B=2086217
mem_heap_extra_B=5527
mem_stacks_B=0
heap_tree=detailed
n3: 2086217 (heap allocation functions) malloc/new/new[], --alloc-fns, etc.
 n1: 1875808 0x20664E: _ntl_gblock_construct_alloc(_ntl_gbigint_body**, long, long) (lip.cpp:6279)
  n2: 1875808 0x228994: NTL::BasicBlockConstruct(NTL::ZZ_p*, long, long) (ZZ.h:1041)
   n1: 1875808 0x228A36: NTL::BlockConstructFromVec(NTL::ZZ_p*, long, NTL::ZZ_p const*) (vec_ZZ_p.cpp:43)
    n0: 1875808 0x16C17C: void NTL::VecStrategy<true>::do_BlockConstructFromVec<NTL::ZZ_p>(NTL::ZZ_p*, long, NTL::ZZ_p const*) (in /home/reti/dongHyeon/Function-hiding-IPE/build/bin/p-norm-ipe-test)
   n0: 0 in 1 place, below massif's threshold (1.00%)
 n0: 177536 0x16B152: NTL::Vec<NTL::ZZ_p>::AllocateTo(long) (in /home/reti/dongHyeon/Function-hiding-IPE/build/bin/p-norm-ipe-test)
 n0: 32873 in 27 places, all below massif's threshold (1.00%)
#-----------
snapshot=27
#-----------
time=320997407
mem_heap_B=1071201
mem_heap_extra_B=3231
mem_stacks_B=0
heap_tree=empty
#-----------
snapshot=28
#-----------
time=330956080
mem_heap_B=1106361
mem_heap_extra_B=3311
mem_stacks_B=0
heap_tree=empty
#-----------
snapshot=29
#-----------
time=340916002
mem_heap_B=1141521
mem_heap_extra_B=3391
mem_stacks_B=0
heap_tree=empty
#-----------
snapshot=30
#-----------
time=357486528
mem_heap_B=1204809
mem_heap_extra_B=3535
mem_stacks_B=0
heap_tree=empty
#-----------
snapshot=31
#-----------
time=367444180
mem_heap_B=1239969
mem_heap_extra_B=3615
mem_stacks_B=0
heap_tree=empty
#-----------
snapshot=32
#-----------
time=377400735
mem_heap_B=1270329
mem_heap_extra_B=3679
mem_stacks_B=0
heap_tree=empty
#-----------
snapshot=33
#-----------
time=389335539
mem_heap_B=1313097
mem_heap_extra_B=3791
mem_stacks_B=0
heap_tree=empty
#-----------
snapshot=34
#-----------
time=405265806
mem_heap_B=1369353
mem_heap_extra_B=3919
mem_stacks_B=0
heap_tree=empty
#-----------
snapshot=35
#-----------
time=417215033
mem_heap_B=1411545
mem_heap_extra_B=4015
mem_stacks_B=0
heap_tree=empty
#-----------
snapshot=36
#-----------
time=429162189
mem_heap_B=1453929
mem_heap_extra_B=4111
mem_stacks_B=0
heap_tree=empty
#-----------
snapshot=37
#-----------
time=445092577
mem_heap_B=1510185
mem_heap_extra_B=4239
mem_stacks_B=0
heap_tree=empty
#-----------
snapshot=38
#-----------
time=453058515
mem_heap_B=1538313
mem_heap_extra_B=4303
mem_stacks_B=0
heap_tree=empty
#-----------
snapshot=39
#-----------
time=465004731
mem_heap_B=1580505
mem_heap_extra_B=4399
mem_stacks_B=0
heap_tree=empty
#-----------
snapshot=40
#-----------
time=476953687
mem_heap_B=1622697
mem_heap_extra_B=4495
mem_stacks_B=0
heap_tree=empty
#-----------
snapshot=41
#-----------
time=492886735
mem_heap_B=1678953
mem_heap_extra_B=4623
mem_stacks_B=0
heap_tree=empty
#-----------
snapshot=42
#-----------
time=500851867
mem_heap_B=1707081
mem_heap_extra_B=4687
mem_stacks_B=0
heap_tree=detailed
n4: 1707081 (heap allocation functions) malloc/new/new[], --alloc-fns, etc.
 n1: 1529088 0x20664E: _ntl_gblock_construct_alloc(_ntl_gbigint_body**, long, long) (lip.cpp:6279)
  n2: 1529088 0x228994: NTL::BasicBlockConstruct(NTL::ZZ_p*, long, long) (ZZ.h:1041)
   n0: 944504 0x16C5A0: void NTL::VecStrategy<true>::do_BlockConstruct<NTL::ZZ_p>(NTL::ZZ_p*, long) (in /home/reti/dongHyeon/Function-hiding-IPE/build/bin/p-norm-ipe-test)
   n1: 584584 0x228A36: NTL::BlockConstructFromVec(NTL::ZZ_p*, long, NTL::ZZ_p const*) (vec_ZZ_p.cpp:43)
    n0: 584584 0x16C17C: void NTL::VecStrategy<true>::do_BlockConstructFromVec<NTL::ZZ_p>(NTL::ZZ_p*, long, NTL::ZZ_p const*) (in /home/reti/dongHyeon/Function-hiding-IPE/build/bin/p-norm-ipe-test)
 n0: 144704 0x16B152: NTL::Vec<NTL::ZZ_p>::AllocateTo(long) (in /home/reti/dongHyeon/Function-hiding-IPE/build/bin/p-norm-ipe-test)
 n0: 20224 0x48F4F42: ??? (in /usr/lib/arm-linux-gnueabihf/libstdc++.so.6.0.26)
 n0: 13065 in 26 places, all below massif's threshold (1.00%)
#-----------
snapshot=43
#-----------
time=512800571
mem_heap_B=1749273
mem_heap_extra_B=4783
mem_stacks_B=0
heap_tree=empty
#-----------
snapshot=44
#-----------
time=520773920
mem_heap_B=1777609
mem_heap_extra_B=4847
mem_stacks_B=0
heap_tree=empty
#-----------
snapshot=45
#-----------
time=532726598
mem_heap_B=1819801
mem_heap_extra_B=4943
mem_stacks_B=0
heap_tree=empty
#-----------
snapshot=46
#-----------
time=544671904
mem_heap_B=1861993
mem_heap_extra_B=5039
mem_stacks_B=0
heap_tree=empty
#-----------
snapshot=47
#-----------
time=552638004
mem_heap_B=1890121
mem_heap_extra_B=5103
mem_stacks_B=0
heap_tree=empty
#-----------
snapshot=48
#-----------
time=564583846
mem_heap_B=1932313
mem_heap_extra_B=5199
mem_stacks_B=0
heap_tree=empty
#-----------
snapshot=49
#-----------
time=576529838
mem_heap_B=1974505
mem_heap_extra_B=5295
mem_stacks_B=0
heap_tree=empty
#-----------
snapshot=50
#-----------
time=584496494
mem_heap_B=2002633
mem_heap_extra_B=5359
mem_stacks_B=0
heap_tree=detailed
n4: 2002633 (heap allocation functions) malloc/new/new[], --alloc-fns, etc.
 n1: 1798896 0x20664E: _ntl_gblock_construct_alloc(_ntl_gbigint_body**, long, long) (lip.cpp:6279)
  n2: 1798896 0x228994: NTL::BasicBlockConstruct(NTL::ZZ_p*, long, long) (ZZ.h:1041)
   n0: 944504 0x16C5A0: void NTL::VecStrategy<true>::do_BlockConstruct<NTL::ZZ_p>(NTL::ZZ_p*, long) (in /home/reti/dongHyeon/Function-hiding-IPE/build/bin/p-norm-ipe-test)
   n1: 854392 0x228A36: NTL::BlockConstructFromVec(NTL::ZZ_p*, long, NTL::ZZ_p const*) (vec_ZZ_p.cpp:43)
    n0: 854392 0x16C17C: void NTL::VecStrategy<true>::do_BlockConstructFromVec<NTL::ZZ_p>(NTL::ZZ_p*, long, NTL::ZZ_p const*) (in /home/reti/dongHyeon/Function-hiding-IPE/build/bin/p-norm-ipe-test)
 n0: 170240 0x16B152: NTL::Vec<NTL::ZZ_p>::AllocateTo(long) (in /home/reti/dongHyeon/Function-hiding-IPE/build/bin/p-norm-ipe-test)
 n0: 20224 0x48F4F42: ??? (in /usr/lib/arm-linux-gnueabihf/libstdc++.so.6.0.26)
 n0: 13273 in 26 places, all below massif's threshold (1.00%)
#-----------
snapshot=51
#-----------
time=592464638
mem_heap_B=2030761
mem_heap_extra_B=5423
mem_stacks_B=0
heap_tree=empty
#-----------
snapshot=52
#-----------
time=600431904
mem_heap_B=2058889
mem_heap_extra_B=5487
mem_stacks_B=0
heap_tree=empty
#-----------
snapshot=53
#-----------
time=608396446
mem_heap_B=2087017
mem_heap_extra_B=5551
mem_stacks_B=0
heap_tree=empty
#-----------
snapshot=54
#-----------
time=610614502
mem_heap_B=3113497
mem_heap_extra_B=7871
mem_stacks_B=0
heap_tree=detailed
n3: 3113497 (heap allocation functions) malloc/new/new[], --alloc-fns, etc.
 n1: 2813712 0x20664E: _ntl_gblock_construct_alloc(_ntl_gbigint_body**, long, long) (lip.cpp:6279)
  n2: 2813712 0x228994: NTL::BasicBlockConstruct(NTL::ZZ_p*, long, long) (ZZ.h:1041)
   n1: 1875808 0x228A36: NTL::BlockConstructFromVec(NTL::ZZ_p*, long, NTL::ZZ_p const*) (vec_ZZ_p.cpp:43)
    n0: 1875808 0x16C17C: void NTL::VecStrategy<true>::do_BlockConstructFromVec<NTL::ZZ_p>(NTL::ZZ_p*, long, NTL::ZZ_p const*) (in /home/reti/dongHyeon/Function-hiding-IPE/build/bin/p-norm-ipe-test)
   n0: 937904 0x16C5A0: void NTL::VecStrategy<true>::do_BlockConstruct<NTL::ZZ_p>(NTL::ZZ_p*, long) (in /home/reti/dongHyeon/Function-hiding-IPE/build/bin/p-norm-ipe-test)
 n0: 266304 0x16B152: NTL::Vec<NTL::ZZ_p>::AllocateTo(long) (in /home/reti/dongHyeon/Function-hiding-IPE/build/bin/p-norm-ipe-test)
 n0: 33481 in 27 places, all below massif's threshold (1.00%)
#-----------
snapshot=55
#-----------
time=618063263
mem_heap_B=3642609
mem_heap_extra_B=9103
mem_stacks_B=0
heap_tree=empty
#-----------
snapshot=56
#-----------
time=619162396
mem_heap_B=4141273
mem_heap_extra_B=10231
mem_stacks_B=0
heap_tree=peak
n3: 4141273 (heap allocation functions) malloc/new/new[], --alloc-fns, etc.
 n1: 3751616 0x20664E: _ntl_gblock_construct_alloc(_ntl_gbigint_body**, long, long) (lip.cpp:6279)
  n2: 3751616 0x228994: NTL::BasicBlockConstruct(NTL::ZZ_p*, long, long) (ZZ.h:1041)
   n0: 1875808 0x16C5A0: void NTL::VecStrategy<true>::do_BlockConstruct<NTL::ZZ_p>(NTL::ZZ_p*, long) (in /home/reti/dongHyeon/Function-hiding-IPE/build/bin/p-norm-ipe-test)
   n1: 1875808 0x228A36: NTL::BlockConstructFromVec(NTL::ZZ_p*, long, NTL::ZZ_p const*) (vec_ZZ_p.cpp:43)
    n0: 1875808 0x16C17C: void NTL::VecStrategy<true>::do_BlockConstructFromVec<NTL::ZZ_p>(NTL::ZZ_p*, long, NTL::ZZ_p const*) (in /home/reti/dongHyeon/Function-hiding-IPE/build/bin/p-norm-ipe-test)
 n0: 355072 0x16B152: NTL::Vec<NTL::ZZ_p>::AllocateTo(long) (in /home/reti/dongHyeon/Function-hiding-IPE/build/bin/p-norm-ipe-test)
 n0: 34585 in 28 places, all below massif's threshold (1.00%)
#-----------
snapshot=57
#-----------
time=633641673
mem_heap_B=2099781
mem_heap_extra_B=5899
mem_stacks_B=0
heap_tree=empty
#-----------
snapshot=58
#-----------
time=642474509
mem_heap_B=2123217
mem_heap_extra_B=7911
mem_stacks_B=0
heap_tree=empty
#-----------
snapshot=59
#-----------
time=661377485
mem_heap_B=2123221
mem_heap_extra_B=7923
mem_stacks_B=0
heap_tree=empty
#-----------
snapshot=60
#-----------
time=670627852
mem_heap_B=2123329
mem_heap_extra_B=7943
mem_stacks_B=0
heap_tree=empty
#-----------
snapshot=61
#-----------
time=679743806
mem_heap_B=2123329
mem_heap_extra_B=7943
mem_stacks_B=0
heap_tree=empty
#-----------
snapshot=62
#-----------
time=688841536
mem_heap_B=2123329
mem_heap_extra_B=7943
mem_stacks_B=0
heap_tree=empty
#-----------
snapshot=63
#-----------
time=698063148
mem_heap_B=2123329
mem_heap_extra_B=7943
mem_stacks_B=0
heap_tree=empty
#-----------
snapshot=64
#-----------
time=707331963
mem_heap_B=2123329
mem_heap_extra_B=7943
mem_stacks_B=0
heap_tree=empty
#-----------
snapshot=65
#-----------
time=716495462
mem_heap_B=2123329
mem_heap_extra_B=7943
mem_stacks_B=0
heap_tree=empty
#-----------
snapshot=66
#-----------
time=725735870
mem_heap_B=2123329
mem_heap_extra_B=7943
mem_stacks_B=0
heap_tree=detailed
n3: 2123329 (heap allocation functions) malloc/new/new[], --alloc-fns, etc.
 n1: 1888656 0x20664E: _ntl_gblock_construct_alloc(_ntl_gbigint_body**, long, long) (lip.cpp:6279)
  n2: 1888656 0x228994: NTL::BasicBlockConstruct(NTL::ZZ_p*, long, long) (ZZ.h:1041)
   n1: 1882232 0x228A36: NTL::BlockConstructFromVec(NTL::ZZ_p*, long, NTL::ZZ_p const*) (vec_ZZ_p.cpp:43)
    n0: 1882232 0x16C17C: void NTL::VecStrategy<true>::do_BlockConstructFromVec<NTL::ZZ_p>(NTL::ZZ_p*, long, NTL::ZZ_p const*) (in /home/reti/dongHyeon/Function-hiding-IPE/build/bin/p-norm-ipe-test)
   n0: 6424 in 1 place, below massif's threshold (1.00%)
 n0: 178752 0x16B152: NTL::Vec<NTL::ZZ_p>::AllocateTo(long) (in /home/reti/dongHyeon/Function-hiding-IPE/build/bin/p-norm-ipe-test)
 n0: 55921 in 55 places, all below massif's threshold (1.00%)
#-----------
snapshot=67
#-----------
time=735043138
mem_heap_B=2123329
mem_heap_extra_B=7943
mem_stacks_B=0
heap_tree=empty
#-----------
snapshot=68
#-----------
time=744190092
mem_heap_B=2123329
mem_heap_extra_B=7943
mem_stacks_B=0
heap_tree=empty
#-----------
snapshot=69
#-----------
time=753779960
mem_heap_B=2123329
mem_heap_extra_B=7943
mem_stacks_B=0
heap_tree=empty
#-----------
snapshot=70
#-----------
time=761483982
mem_heap_B=2123473
mem_heap_extra_B=7983
mem_stacks_B=0
heap_tree=empty
#-----------
snapshot=71
#-----------
time=770744903
mem_heap_B=2123473
mem_heap_extra_B=7983
mem_stacks_B=0
heap_tree=empty
#-----------
snapshot=72
#-----------
time=779923935
mem_heap_B=2123473
mem_heap_extra_B=7983
mem_stacks_B=0
heap_tree=empty
#-----------
snapshot=73
#-----------
time=789157496
mem_heap_B=2123473
mem_heap_extra_B=7983
mem_stacks_B=0
heap_tree=empty
#-----------
snapshot=74
#-----------
time=798253131
mem_heap_B=2123473
mem_heap_extra_B=7983
mem_stacks_B=0
heap_tree=empty
#-----------
snapshot=75
#-----------
time=806659300
mem_heap_B=2123617
mem_heap_extra_B=8023
mem_stacks_B=0
heap_tree=empty
#-----------
snapshot=76
#-----------
time=815950008
mem_heap_B=2123617
mem_heap_extra_B=8023
mem_stacks_B=0
heap_tree=detailed
n3: 2123617 (heap allocation functions) malloc/new/new[], --alloc-fns, etc.
 n1: 1888656 0x20664E: _ntl_gblock_construct_alloc(_ntl_gbigint_body**, long, long) (lip.cpp:6279)
  n2: 1888656 0x228994: NTL::BasicBlockConstruct(NTL::ZZ_p*, long, long) (ZZ.h:1041)
   n1: 1882232 0x228A36: NTL::BlockConstructFromVec(NTL::ZZ_p*, long, NTL::ZZ_p const*) (vec_ZZ_p.cpp:43)
    n0: 1882232 0x16C17C: void NTL::VecStrategy<true>::do_BlockConstructFromVec<NTL::ZZ_p>(NTL::ZZ_p*, long, NTL::ZZ_p const*) (in /home/reti/dongHyeon/Function-hiding-IPE/build/bin/p-norm-ipe-test)
   n0: 6424 in 1 place, below massif's threshold (1.00%)
 n0: 178752 0x16B152: NTL::Vec<NTL::ZZ_p>::AllocateTo(long) (in /home/reti/dongHyeon/Function-hiding-IPE/build/bin/p-norm-ipe-test)
 n0: 56209 in 55 places, all below massif's threshold (1.00%)
#-----------
snapshot=77
#-----------
time=825079284
mem_heap_B=2123617
mem_heap_extra_B=8023
mem_stacks_B=0
heap_tree=empty
#-----------
snapshot=78
#-----------
time=834258200
mem_heap_B=2123617
mem_heap_extra_B=8023
mem_stacks_B=0
heap_tree=empty
#-----------
snapshot=79
#-----------
time=843452815
mem_heap_B=2123617
mem_heap_extra_B=8023
mem_stacks_B=0
heap_tree=empty
#-----------
snapshot=80
#-----------
time=852574639
mem_heap_B=2123617
mem_heap_extra_B=8023
mem_stacks_B=0
heap_tree=empty
#-----------
snapshot=81
#-----------
time=861636644
mem_heap_B=2123617
mem_heap_extra_B=8023
mem_stacks_B=0
heap_tree=empty
#-----------
snapshot=82
#-----------
time=870923034
mem_heap_B=2123617
mem_heap_extra_B=8023
mem_stacks_B=0
heap_tree=empty
#-----------
snapshot=83
#-----------
time=880105670
mem_heap_B=2123617
mem_heap_extra_B=8023
mem_stacks_B=0
heap_tree=empty
#-----------
snapshot=84
#-----------
time=888169535
mem_heap_B=2123473
mem_heap_extra_B=7983
mem_stacks_B=0
heap_tree=empty
#-----------
snapshot=85
#-----------
time=897268817
mem_heap_B=2123473
mem_heap_extra_B=7983
mem_stacks_B=0
heap_tree=empty
#-----------
snapshot=86
#-----------
time=906538715
mem_heap_B=2123473
mem_heap_extra_B=7983
mem_stacks_B=0
heap_tree=detailed
n3: 2123473 (heap allocation functions) malloc/new/new[], --alloc-fns, etc.
 n1: 1888656 0x20664E: _ntl_gblock_construct_alloc(_ntl_gbigint_body**, long, long) (lip.cpp:6279)
  n2: 1888656 0x228994: NTL::BasicBlockConstruct(NTL::ZZ_p*, long, long) (ZZ.h:1041)
   n1: 1882232 0x228A36: NTL::BlockConstructFromVec(NTL::ZZ_p*, long, NTL::ZZ_p const*) (vec_ZZ_p.cpp:43)
    n0: 1882232 0x16C17C: void NTL::VecStrategy<true>::do_BlockConstructFromVec<NTL::ZZ_p>(NTL::ZZ_p*, long, NTL::ZZ_p const*) (in /home/reti/dongHyeon/Function-hiding-IPE/build/bin/p-norm-ipe-test)
   n0: 6424 in 1 place, below massif's threshold (1.00%)
 n0: 178752 0x16B152: NTL::Vec<NTL::ZZ_p>::AllocateTo(long) (in /home/reti/dongHyeon/Function-hiding-IPE/build/bin/p-norm-ipe-test)
 n0: 56065 in 55 places, all below massif's threshold (1.00%)
#-----------
snapshot=87
#-----------
time=915713441
mem_heap_B=2123473
mem_heap_extra_B=7983
mem_stacks_B=0
heap_tree=empty
#-----------
snapshot=88
#-----------
time=924914916
mem_heap_B=2123473
mem_heap_extra_B=7983
mem_stacks_B=0
heap_tree=empty
#-----------
snapshot=89
#-----------
time=933552484
mem_heap_B=2123329
mem_heap_extra_B=7943
mem_stacks_B=0
heap_tree=empty
#-----------
snapshot=90
#-----------
time=942876379
mem_heap_B=2123329
mem_heap_extra_B=7943
mem_stacks_B=0
heap_tree=empty
#-----------
snapshot=91
#-----------
time=951992134
mem_heap_B=2123329
mem_heap_extra_B=7943
mem_stacks_B=0
heap_tree=empty
#-----------
snapshot=92
#-----------
time=961108314
mem_heap_B=2123329
mem_heap_extra_B=7943
mem_stacks_B=0
heap_tree=empty
#-----------
snapshot=93
#-----------
time=970279078
mem_heap_B=2123329
mem_heap_extra_B=7943
mem_stacks_B=0
heap_tree=empty
#-----------
snapshot=94
#-----------
time=979444798
mem_heap_B=2123329
mem_heap_extra_B=7943
mem_stacks_B=0
heap_tree=empty
#-----------
snapshot=95
#-----------
time=988567677
mem_heap_B=2123329
mem_heap_extra_B=7943
mem_stacks_B=0
heap_tree=empty
#-----------
snapshot=96
#-----------
time=997828206
mem_heap_B=2123329
mem_heap_extra_B=7943
mem_stacks_B=0
heap_tree=detailed
n3: 2123329 (heap allocation functions) malloc/new/new[], --alloc-fns, etc.
 n1: 1888656 0x20664E: _ntl_gblock_construct_alloc(_ntl_gbigint_body**, long, long) (lip.cpp:6279)
  n2: 1888656 0x228994: NTL::BasicBlockConstruct(NTL::ZZ_p*, long, long) (ZZ.h:1041)
   n1: 1882232 0x228A36: NTL::BlockConstructFromVec(NTL::ZZ_p*, long, NTL::ZZ_p const*) (vec_ZZ_p.cpp:43)
    n0: 1882232 0x16C17C: void NTL::VecStrategy<true>::do_BlockConstructFromVec<NTL::ZZ_p>(NTL::ZZ_p*, long, NTL::ZZ_p const*) (in /home/reti/dongHyeon/Function-hiding-IPE/build/bin/p-norm-ipe-test)
   n0: 6424 in 1 place, below massif's threshold (1.00%)
 n0: 178752 0x16B152: NTL::Vec<NTL::ZZ_p>::AllocateTo(long) (in /home/reti/dongHyeon/Function-hiding-IPE/build/bin/p-norm-ipe-test)
 n0: 55921 in 55 places, all below massif's threshold (1.00%)
