desc: --massif-out-file=keygen/memory-8-10-8.log
cmd: ./p-norm-ipe-test keygen 8 10 8
time_unit: i
#-----------
snapshot=0
#-----------
time=0
mem_heap_B=0
mem_heap_extra_B=0
mem_stacks_B=0
heap_tree=empty
#-----------
snapshot=1
#-----------
time=3488738
mem_heap_B=32733
mem_heap_extra_B=771
mem_stacks_B=0
heap_tree=empty
#-----------
snapshot=2
#-----------
time=11013983
mem_heap_B=32733
mem_heap_extra_B=771
mem_stacks_B=0
heap_tree=detailed
n7: 32733 (heap allocation functions) malloc/new/new[], --alloc-fns, etc.
 n0: 20224 0x48F4F42: ??? (in /usr/lib/arm-linux-gnueabihf/libstdc++.so.6.0.26)
 n1: 8192 0x493D6C6: std::basic_filebuf<char, std::char_traits<char> >::_M_allocate_internal_buffer() (in /usr/lib/arm-linux-gnueabihf/libstdc++.so.6.0.26)
  n1: 8192 0x493FFE2: std::basic_filebuf<char, std::char_traits<char> >::open(char const*, std::_Ios_Openmode) (in /usr/lib/arm-linux-gnueabihf/libstdc++.so.6.0.26)
   n0: 8192 0x49409EA: std::basic_ifstream<char, std::char_traits<char> >::basic_ifstream(std::__cxx11::basic_string<char, std::char_traits<char>, std::allocator<char> > const&, std::_Ios_Openmode) (in /usr/lib/arm-linux-gnueabihf/libstdc++.so.6.0.26)
 n0: 2700 0x24B812: __gmp_default_allocate (in /home/reti/dongHyeon/Function-hiding-IPE/build/bin/p-norm-ipe-test)
 n1: 520 0x4ADE1F0: __new_exitfn (cxa_atexit.c:114)
  n1: 520 0x4ADE264: __internal_atexit (cxa_atexit.c:44)
   n0: 520 0x251574: __libc_csu_init (in /home/reti/dongHyeon/Function-hiding-IPE/build/bin/p-norm-ipe-test)
 n1: 513 0x49658F2: std::__cxx11::basic_string<char, std::char_traits<char>, std::allocator<char> >::reserve(unsigned int) (in /usr/lib/arm-linux-gnueabihf/libstdc++.so.6.0.26)
  n0: 513 0x495D556: std::__cxx11::basic_stringbuf<char, std::char_traits<char>, std::allocator<char> >::overflow(int) (in /usr/lib/arm-linux-gnueabihf/libstdc++.so.6.0.26)
 n1: 352 0x4AFE6FA: __fopen_internal (iofopen.c:65)
  n1: 352 0x490F2C6: std::__basic_file<char>::open(char const*, std::_Ios_Openmode, int) (in /usr/lib/arm-linux-gnueabihf/libstdc++.so.6.0.26)
   n1: 352 0x493FFD4: std::basic_filebuf<char, std::char_traits<char> >::open(char const*, std::_Ios_Openmode) (in /usr/lib/arm-linux-gnueabihf/libstdc++.so.6.0.26)
    n0: 352 0x49409EA: std::basic_ifstream<char, std::char_traits<char> >::basic_ifstream(std::__cxx11::basic_string<char, std::char_traits<char>, std::allocator<char> > const&, std::_Ios_Openmode) (in /usr/lib/arm-linux-gnueabihf/libstdc++.so.6.0.26)
 n0: 232 in 7 places, all below massif's threshold (1.00%)
#-----------
snapshot=3
#-----------
time=18181058
mem_heap_B=30513
mem_heap_extra_B=743
mem_stacks_B=0
heap_tree=empty
#-----------
snapshot=4
#-----------
time=23653527
mem_heap_B=42873
mem_heap_extra_B=911
mem_stacks_B=0
heap_tree=empty
#-----------
snapshot=5
#-----------
time=28416849
mem_heap_B=59721
mem_heap_extra_B=1007
mem_stacks_B=0
heap_tree=empty
#-----------
snapshot=6
#-----------
time=32389037
mem_heap_B=73761
mem_heap_extra_B=1087
mem_stacks_B=0
heap_tree=empty
#-----------
snapshot=7
#-----------
time=38064585
mem_heap_B=98425
mem_heap_extra_B=1223
mem_stacks_B=0
heap_tree=detailed
n6: 98425 (heap allocation functions) malloc/new/new[], --alloc-fns, etc.
 n1: 60544 0x20664E: _ntl_gblock_construct_alloc(_ntl_gbigint_body**, long, long) (lip.cpp:6279)
  n2: 60544 0x228994: NTL::BasicBlockConstruct(NTL::ZZ_p*, long, long) (ZZ.h:1041)
   n1: 56144 0x228A36: NTL::BlockConstructFromVec(NTL::ZZ_p*, long, NTL::ZZ_p const*) (vec_ZZ_p.cpp:43)
    n0: 56144 0x16C17C: void NTL::VecStrategy<true>::do_BlockConstructFromVec<NTL::ZZ_p>(NTL::ZZ_p*, long, NTL::ZZ_p const*) (in /home/reti/dongHyeon/Function-hiding-IPE/build/bin/p-norm-ipe-test)
   n0: 4400 0x16C5A0: void NTL::VecStrategy<true>::do_BlockConstruct<NTL::ZZ_p>(NTL::ZZ_p*, long) (in /home/reti/dongHyeon/Function-hiding-IPE/build/bin/p-norm-ipe-test)
 n0: 20224 0x48F4F42: ??? (in /usr/lib/arm-linux-gnueabihf/libstdc++.so.6.0.26)
 n1: 8192 0x493D6C6: std::basic_filebuf<char, std::char_traits<char> >::_M_allocate_internal_buffer() (in /usr/lib/arm-linux-gnueabihf/libstdc++.so.6.0.26)
  n1: 8192 0x493FFE2: std::basic_filebuf<char, std::char_traits<char> >::open(char const*, std::_Ios_Openmode) (in /usr/lib/arm-linux-gnueabihf/libstdc++.so.6.0.26)
   n0: 8192 0x49409EA: std::basic_ifstream<char, std::char_traits<char> >::basic_ifstream(std::__cxx11::basic_string<char, std::char_traits<char>, std::allocator<char> > const&, std::_Ios_Openmode) (in /usr/lib/arm-linux-gnueabihf/libstdc++.so.6.0.26)
 n0: 5632 0x16B152: NTL::Vec<NTL::ZZ_p>::AllocateTo(long) (in /home/reti/dongHyeon/Function-hiding-IPE/build/bin/p-norm-ipe-test)
 n0: 2509 in 23 places, all below massif's threshold (1.00%)
 n0: 1324 0x24B84C: __gmp_default_reallocate (in /home/reti/dongHyeon/Function-hiding-IPE/build/bin/p-norm-ipe-test)
#-----------
snapshot=8
#-----------
time=41917778
mem_heap_B=107457
mem_heap_extra_B=1279
mem_stacks_B=0
heap_tree=empty
#-----------
snapshot=9
#-----------
time=48268406
mem_heap_B=129921
mem_heap_extra_B=1407
mem_stacks_B=0
heap_tree=empty
#-----------
snapshot=10
#-----------
time=53941251
mem_heap_B=154585
mem_heap_extra_B=1543
mem_stacks_B=0
heap_tree=detailed
n5: 154585 (heap allocation functions) malloc/new/new[], --alloc-fns, etc.
 n1: 111584 0x20664E: _ntl_gblock_construct_alloc(_ntl_gbigint_body**, long, long) (lip.cpp:6279)
  n2: 111584 0x228994: NTL::BasicBlockConstruct(NTL::ZZ_p*, long, long) (ZZ.h:1041)
   n1: 107184 0x228A36: NTL::BlockConstructFromVec(NTL::ZZ_p*, long, NTL::ZZ_p const*) (vec_ZZ_p.cpp:43)
    n0: 107184 0x16C17C: void NTL::VecStrategy<true>::do_BlockConstructFromVec<NTL::ZZ_p>(NTL::ZZ_p*, long, NTL::ZZ_p const*) (in /home/reti/dongHyeon/Function-hiding-IPE/build/bin/p-norm-ipe-test)
   n0: 4400 0x16C5A0: void NTL::VecStrategy<true>::do_BlockConstruct<NTL::ZZ_p>(NTL::ZZ_p*, long) (in /home/reti/dongHyeon/Function-hiding-IPE/build/bin/p-norm-ipe-test)
 n0: 20224 0x48F4F42: ??? (in /usr/lib/arm-linux-gnueabihf/libstdc++.so.6.0.26)
 n0: 10752 0x16B152: NTL::Vec<NTL::ZZ_p>::AllocateTo(long) (in /home/reti/dongHyeon/Function-hiding-IPE/build/bin/p-norm-ipe-test)
 n1: 8192 0x493D6C6: std::basic_filebuf<char, std::char_traits<char> >::_M_allocate_internal_buffer() (in /usr/lib/arm-linux-gnueabihf/libstdc++.so.6.0.26)
  n1: 8192 0x493FFE2: std::basic_filebuf<char, std::char_traits<char> >::open(char const*, std::_Ios_Openmode) (in /usr/lib/arm-linux-gnueabihf/libstdc++.so.6.0.26)
   n0: 8192 0x49409EA: std::basic_ifstream<char, std::char_traits<char> >::basic_ifstream(std::__cxx11::basic_string<char, std::char_traits<char>, std::allocator<char> > const&, std::_Ios_Openmode) (in /usr/lib/arm-linux-gnueabihf/libstdc++.so.6.0.26)
 n0: 3833 in 24 places, all below massif's threshold (1.00%)
#-----------
snapshot=11
#-----------
time=57794505
mem_heap_B=163617
mem_heap_extra_B=1599
mem_stacks_B=0
heap_tree=empty
#-----------
snapshot=12
#-----------
time=62558228
mem_heap_B=180657
mem_heap_extra_B=1695
mem_stacks_B=0
heap_tree=empty
#-----------
snapshot=13
#-----------
time=67016590
mem_heap_B=358009
mem_heap_extra_B=2711
mem_stacks_B=0
heap_tree=detailed
n5: 358009 (heap allocation functions) malloc/new/new[], --alloc-fns, etc.
 n1: 296032 0x20664E: _ntl_gblock_construct_alloc(_ntl_gbigint_body**, long, long) (lip.cpp:6279)
  n2: 296032 0x228994: NTL::BasicBlockConstruct(NTL::ZZ_p*, long, long) (ZZ.h:1041)
   n1: 296032 0x228A36: NTL::BlockConstructFromVec(NTL::ZZ_p*, long, NTL::ZZ_p const*) (vec_ZZ_p.cpp:43)
    n0: 296032 0x16C17C: void NTL::VecStrategy<true>::do_BlockConstructFromVec<NTL::ZZ_p>(NTL::ZZ_p*, long, NTL::ZZ_p const*) (in /home/reti/dongHyeon/Function-hiding-IPE/build/bin/p-norm-ipe-test)
   n0: 0 in 1 place, below massif's threshold (1.00%)
 n0: 29696 0x16B152: NTL::Vec<NTL::ZZ_p>::AllocateTo(long) (in /home/reti/dongHyeon/Function-hiding-IPE/build/bin/p-norm-ipe-test)
 n0: 20224 0x48F4F42: ??? (in /usr/lib/arm-linux-gnueabihf/libstdc++.so.6.0.26)
 n1: 8192 0x493D6C6: std::basic_filebuf<char, std::char_traits<char> >::_M_allocate_internal_buffer() (in /usr/lib/arm-linux-gnueabihf/libstdc++.so.6.0.26)
  n1: 8192 0x493FFE2: std::basic_filebuf<char, std::char_traits<char> >::open(char const*, std::_Ios_Openmode) (in /usr/lib/arm-linux-gnueabihf/libstdc++.so.6.0.26)
   n0: 8192 0x49409EA: std::basic_ifstream<char, std::char_traits<char> >::basic_ifstream(std::__cxx11::basic_string<char, std::char_traits<char>, std::allocator<char> > const&, std::_Ios_Openmode) (in /usr/lib/arm-linux-gnueabihf/libstdc++.so.6.0.26)
 n0: 3865 in 25 places, all below massif's threshold (1.00%)
#-----------
snapshot=14
#-----------
time=69988472
mem_heap_B=203185
mem_heap_extra_B=1831
mem_stacks_B=0
heap_tree=empty
#-----------
snapshot=15
#-----------
time=75546320
mem_heap_B=222841
mem_heap_extra_B=1943
mem_stacks_B=0
heap_tree=empty
#-----------
snapshot=16
#-----------
time=81105806
mem_heap_B=242497
mem_heap_extra_B=2055
mem_stacks_B=0
heap_tree=empty
#-----------
snapshot=17
#-----------
time=88249248
mem_heap_B=267769
mem_heap_extra_B=2199
mem_stacks_B=0
heap_tree=empty
#-----------
snapshot=18
#-----------
time=92218254
mem_heap_B=281809
mem_heap_extra_B=2279
mem_stacks_B=0
heap_tree=empty
#-----------
snapshot=19
#-----------
time=98569212
mem_heap_B=304273
mem_heap_extra_B=2407
mem_stacks_B=0
heap_tree=detailed
n5: 304273 (heap allocation functions) malloc/new/new[], --alloc-fns, etc.
 n1: 247192 0x20664E: _ntl_gblock_construct_alloc(_ntl_gbigint_body**, long, long) (lip.cpp:6279)
  n2: 247192 0x228994: NTL::BasicBlockConstruct(NTL::ZZ_p*, long, long) (ZZ.h:1041)
   n0: 150216 0x16C5A0: void NTL::VecStrategy<true>::do_BlockConstruct<NTL::ZZ_p>(NTL::ZZ_p*, long) (in /home/reti/dongHyeon/Function-hiding-IPE/build/bin/p-norm-ipe-test)
   n1: 96976 0x228A36: NTL::BlockConstructFromVec(NTL::ZZ_p*, long, NTL::ZZ_p const*) (vec_ZZ_p.cpp:43)
    n0: 96976 0x16C17C: void NTL::VecStrategy<true>::do_BlockConstructFromVec<NTL::ZZ_p>(NTL::ZZ_p*, long, NTL::ZZ_p const*) (in /home/reti/dongHyeon/Function-hiding-IPE/build/bin/p-norm-ipe-test)
 n0: 24576 0x16B152: NTL::Vec<NTL::ZZ_p>::AllocateTo(long) (in /home/reti/dongHyeon/Function-hiding-IPE/build/bin/p-norm-ipe-test)
 n0: 20224 0x48F4F42: ??? (in /usr/lib/arm-linux-gnueabihf/libstdc++.so.6.0.26)
 n1: 8192 0x493D6C6: std::basic_filebuf<char, std::char_traits<char> >::_M_allocate_internal_buffer() (in /usr/lib/arm-linux-gnueabihf/libstdc++.so.6.0.26)
  n1: 8192 0x493FFE2: std::basic_filebuf<char, std::char_traits<char> >::open(char const*, std::_Ios_Openmode) (in /usr/lib/arm-linux-gnueabihf/libstdc++.so.6.0.26)
   n0: 8192 0x49409EA: std::basic_ifstream<char, std::char_traits<char> >::basic_ifstream(std::__cxx11::basic_string<char, std::char_traits<char>, std::allocator<char> > const&, std::_Ios_Openmode) (in /usr/lib/arm-linux-gnueabihf/libstdc++.so.6.0.26)
 n0: 4089 in 25 places, all below massif's threshold (1.00%)
#-----------
snapshot=20
#-----------
time=104126016
mem_heap_B=323929
mem_heap_extra_B=2519
mem_stacks_B=0
heap_tree=empty
#-----------
snapshot=21
#-----------
time=107303696
mem_heap_B=335161
mem_heap_extra_B=2583
mem_stacks_B=0
heap_tree=empty
#-----------
snapshot=22
#-----------
time=112868047
mem_heap_B=355009
mem_heap_extra_B=2695
mem_stacks_B=0
heap_tree=empty
#-----------
snapshot=23
#-----------
time=115615929
mem_heap_B=684601
mem_heap_extra_B=4599
mem_stacks_B=0
heap_tree=peak
n5: 684601 (heap allocation functions) malloc/new/new[], --alloc-fns, etc.
 n1: 592064 0x20664E: _ntl_gblock_construct_alloc(_ntl_gbigint_body**, long, long) (lip.cpp:6279)
  n2: 592064 0x228994: NTL::BasicBlockConstruct(NTL::ZZ_p*, long, long) (ZZ.h:1041)
   n0: 296032 0x16C5A0: void NTL::VecStrategy<true>::do_BlockConstruct<NTL::ZZ_p>(NTL::ZZ_p*, long) (in /home/reti/dongHyeon/Function-hiding-IPE/build/bin/p-norm-ipe-test)
   n1: 296032 0x228A36: NTL::BlockConstructFromVec(NTL::ZZ_p*, long, NTL::ZZ_p const*) (vec_ZZ_p.cpp:43)
    n0: 296032 0x16C17C: void NTL::VecStrategy<true>::do_BlockConstructFromVec<NTL::ZZ_p>(NTL::ZZ_p*, long, NTL::ZZ_p const*) (in /home/reti/dongHyeon/Function-hiding-IPE/build/bin/p-norm-ipe-test)
 n0: 59392 0x16B152: NTL::Vec<NTL::ZZ_p>::AllocateTo(long) (in /home/reti/dongHyeon/Function-hiding-IPE/build/bin/p-norm-ipe-test)
 n0: 20224 0x48F4F42: ??? (in /usr/lib/arm-linux-gnueabihf/libstdc++.so.6.0.26)
 n1: 8192 0x493D6C6: std::basic_filebuf<char, std::char_traits<char> >::_M_allocate_internal_buffer() (in /usr/lib/arm-linux-gnueabihf/libstdc++.so.6.0.26)
  n1: 8192 0x493FFE2: std::basic_filebuf<char, std::char_traits<char> >::open(char const*, std::_Ios_Openmode) (in /usr/lib/arm-linux-gnueabihf/libstdc++.so.6.0.26)
   n0: 8192 0x49409EA: std::basic_ifstream<char, std::char_traits<char> >::basic_ifstream(std::__cxx11::basic_string<char, std::char_traits<char>, std::allocator<char> > const&, std::_Ios_Openmode) (in /usr/lib/arm-linux-gnueabihf/libstdc++.so.6.0.26)
 n0: 4729 in 26 places, all below massif's threshold (1.00%)
#-----------
snapshot=24
#-----------
time=123011661
mem_heap_B=369304
mem_heap_extra_B=3888
mem_stacks_B=0
heap_tree=empty
#-----------
snapshot=25
#-----------
time=126616904
mem_heap_B=369464
mem_heap_extra_B=3896
mem_stacks_B=0
heap_tree=empty
#-----------
snapshot=26
#-----------
time=145519880
mem_heap_B=369468
mem_heap_extra_B=3908
mem_stacks_B=0
heap_tree=empty
#-----------
snapshot=27
#-----------
time=150110641
mem_heap_B=369576
mem_heap_extra_B=3928
mem_stacks_B=0
heap_tree=empty
#-----------
snapshot=28
#-----------
time=154683860
mem_heap_B=369576
mem_heap_extra_B=3928
mem_stacks_B=0
heap_tree=empty
#-----------
snapshot=29
#-----------
time=159341145
mem_heap_B=369576
mem_heap_extra_B=3928
mem_stacks_B=0
heap_tree=empty
#-----------
snapshot=30
#-----------
time=163960126
mem_heap_B=369576
mem_heap_extra_B=3928
mem_stacks_B=0
heap_tree=empty
#-----------
snapshot=31
#-----------
time=168390972
mem_heap_B=369576
mem_heap_extra_B=3928
mem_stacks_B=0
heap_tree=empty
#-----------
snapshot=32
#-----------
time=173003920
mem_heap_B=369576
mem_heap_extra_B=3928
mem_stacks_B=0
heap_tree=empty
#-----------
snapshot=33
#-----------
time=180355509
mem_heap_B=369468
mem_heap_extra_B=3908
mem_stacks_B=0
heap_tree=empty
#-----------
snapshot=34
#-----------
time=187195462
mem_heap_B=369576
mem_heap_extra_B=3928
mem_stacks_B=0
heap_tree=empty
#-----------
snapshot=35
#-----------
time=194099884
mem_heap_B=369576
mem_heap_extra_B=3928
mem_stacks_B=0
heap_tree=empty
#-----------
snapshot=36
#-----------
time=198730657
mem_heap_B=369576
mem_heap_extra_B=3928
mem_stacks_B=0
heap_tree=detailed
n5: 369576 (heap allocation functions) malloc/new/new[], --alloc-fns, etc.
 n1: 301136 0x20664E: _ntl_gblock_construct_alloc(_ntl_gbigint_body**, long, long) (lip.cpp:6279)
  n2: 301136 0x228994: NTL::BasicBlockConstruct(NTL::ZZ_p*, long, long) (ZZ.h:1041)
   n1: 298584 0x228A36: NTL::BlockConstructFromVec(NTL::ZZ_p*, long, NTL::ZZ_p const*) (vec_ZZ_p.cpp:43)
    n0: 298584 0x16C17C: void NTL::VecStrategy<true>::do_BlockConstructFromVec<NTL::ZZ_p>(NTL::ZZ_p*, long, NTL::ZZ_p const*) (in /home/reti/dongHyeon/Function-hiding-IPE/build/bin/p-norm-ipe-test)
   n0: 2552 in 1 place, below massif's threshold (1.00%)
 n0: 30208 0x16B152: NTL::Vec<NTL::ZZ_p>::AllocateTo(long) (in /home/reti/dongHyeon/Function-hiding-IPE/build/bin/p-norm-ipe-test)
 n0: 20224 0x48F4F42: ??? (in /usr/lib/arm-linux-gnueabihf/libstdc++.so.6.0.26)
 n0: 9656 in 53 places, all below massif's threshold (1.00%)
 n0: 8352 0x16AD2E: mcl::Array<mcl::EcT<mcl::FpT<mcl::bn::local::FpTag, 384u> > >::resize(unsigned int) (in /home/reti/dongHyeon/Function-hiding-IPE/build/bin/p-norm-ipe-test)
#-----------
snapshot=37
#-----------
time=203201580
mem_heap_B=369576
mem_heap_extra_B=3928
mem_stacks_B=0
heap_tree=empty
#-----------
snapshot=38
#-----------
time=207831408
mem_heap_B=369576
mem_heap_extra_B=3928
mem_stacks_B=0
heap_tree=empty
#-----------
snapshot=39
#-----------
time=212316919
mem_heap_B=369576
mem_heap_extra_B=3928
mem_stacks_B=0
heap_tree=empty
#-----------
snapshot=40
#-----------
time=217316383
mem_heap_B=369468
mem_heap_extra_B=3908
mem_stacks_B=0
heap_tree=empty
#-----------
snapshot=41
#-----------
time=221989118
mem_heap_B=369576
mem_heap_extra_B=3928
mem_stacks_B=0
heap_tree=detailed
n5: 369576 (heap allocation functions) malloc/new/new[], --alloc-fns, etc.
 n1: 301136 0x20664E: _ntl_gblock_construct_alloc(_ntl_gbigint_body**, long, long) (lip.cpp:6279)
  n2: 301136 0x228994: NTL::BasicBlockConstruct(NTL::ZZ_p*, long, long) (ZZ.h:1041)
   n1: 298584 0x228A36: NTL::BlockConstructFromVec(NTL::ZZ_p*, long, NTL::ZZ_p const*) (vec_ZZ_p.cpp:43)
    n0: 298584 0x16C17C: void NTL::VecStrategy<true>::do_BlockConstructFromVec<NTL::ZZ_p>(NTL::ZZ_p*, long, NTL::ZZ_p const*) (in /home/reti/dongHyeon/Function-hiding-IPE/build/bin/p-norm-ipe-test)
   n0: 2552 in 1 place, below massif's threshold (1.00%)
 n0: 30208 0x16B152: NTL::Vec<NTL::ZZ_p>::AllocateTo(long) (in /home/reti/dongHyeon/Function-hiding-IPE/build/bin/p-norm-ipe-test)
 n0: 20224 0x48F4F42: ??? (in /usr/lib/arm-linux-gnueabihf/libstdc++.so.6.0.26)
 n0: 9656 in 53 places, all below massif's threshold (1.00%)
 n0: 8352 0x16AD2E: mcl::Array<mcl::EcT<mcl::FpT<mcl::bn::local::FpTag, 384u> > >::resize(unsigned int) (in /home/reti/dongHyeon/Function-hiding-IPE/build/bin/p-norm-ipe-test)
#-----------
snapshot=42
#-----------
time=226621059
mem_heap_B=369576
mem_heap_extra_B=3928
mem_stacks_B=0
heap_tree=empty
#-----------
snapshot=43
#-----------
time=231230877
mem_heap_B=369576
mem_heap_extra_B=3928
mem_stacks_B=0
heap_tree=empty
#-----------
snapshot=44
#-----------
time=235928931
mem_heap_B=369576
mem_heap_extra_B=3928
mem_stacks_B=0
heap_tree=empty
#-----------
snapshot=45
#-----------
time=240594865
mem_heap_B=369576
mem_heap_extra_B=3928
mem_stacks_B=0
heap_tree=empty
#-----------
snapshot=46
#-----------
time=247386877
mem_heap_B=369576
mem_heap_extra_B=3928
mem_stacks_B=0
heap_tree=empty
#-----------
snapshot=47
#-----------
time=252334554
mem_heap_B=369468
mem_heap_extra_B=3908
mem_stacks_B=0
heap_tree=empty
#-----------
snapshot=48
#-----------
time=259153214
mem_heap_B=369576
mem_heap_extra_B=3928
mem_stacks_B=0
heap_tree=empty
#-----------
snapshot=49
#-----------
time=266105656
mem_heap_B=369576
mem_heap_extra_B=3928
mem_stacks_B=0
heap_tree=empty
#-----------
snapshot=50
#-----------
time=270685858
mem_heap_B=369576
mem_heap_extra_B=3928
mem_stacks_B=0
heap_tree=detailed
n5: 369576 (heap allocation functions) malloc/new/new[], --alloc-fns, etc.
 n1: 301136 0x20664E: _ntl_gblock_construct_alloc(_ntl_gbigint_body**, long, long) (lip.cpp:6279)
  n2: 301136 0x228994: NTL::BasicBlockConstruct(NTL::ZZ_p*, long, long) (ZZ.h:1041)
   n1: 298584 0x228A36: NTL::BlockConstructFromVec(NTL::ZZ_p*, long, NTL::ZZ_p const*) (vec_ZZ_p.cpp:43)
    n0: 298584 0x16C17C: void NTL::VecStrategy<true>::do_BlockConstructFromVec<NTL::ZZ_p>(NTL::ZZ_p*, long, NTL::ZZ_p const*) (in /home/reti/dongHyeon/Function-hiding-IPE/build/bin/p-norm-ipe-test)
   n0: 2552 in 1 place, below massif's threshold (1.00%)
 n0: 30208 0x16B152: NTL::Vec<NTL::ZZ_p>::AllocateTo(long) (in /home/reti/dongHyeon/Function-hiding-IPE/build/bin/p-norm-ipe-test)
 n0: 20224 0x48F4F42: ??? (in /usr/lib/arm-linux-gnueabihf/libstdc++.so.6.0.26)
 n0: 9656 in 53 places, all below massif's threshold (1.00%)
 n0: 8352 0x16AD2E: mcl::Array<mcl::EcT<mcl::FpT<mcl::bn::local::FpTag, 384u> > >::resize(unsigned int) (in /home/reti/dongHyeon/Function-hiding-IPE/build/bin/p-norm-ipe-test)
#-----------
snapshot=51
#-----------
time=275309085
mem_heap_B=369576
mem_heap_extra_B=3928
mem_stacks_B=0
heap_tree=empty
#-----------
snapshot=52
#-----------
time=279857625
mem_heap_B=369576
mem_heap_extra_B=3928
mem_stacks_B=0
heap_tree=empty
#-----------
snapshot=53
#-----------
time=284400355
mem_heap_B=369576
mem_heap_extra_B=3928
mem_stacks_B=0
heap_tree=empty
#-----------
snapshot=54
#-----------
time=289416751
mem_heap_B=377816
mem_heap_extra_B=3904
mem_stacks_B=0
heap_tree=empty
