desc: --massif-out-file=keygen/memory-32-10-6.log
cmd: ./p-norm-ipe-test keygen 32 10 6
time_unit: i
#-----------
snapshot=0
#-----------
time=0
mem_heap_B=0
mem_heap_extra_B=0
mem_stacks_B=0
heap_tree=empty
#-----------
snapshot=1
#-----------
time=24157947
mem_heap_B=44753
mem_heap_extra_B=887
mem_stacks_B=0
heap_tree=empty
#-----------
snapshot=2
#-----------
time=44909718
mem_heap_B=127457
mem_heap_extra_B=1063
mem_stacks_B=0
heap_tree=detailed
n6: 127457 (heap allocation functions) malloc/new/new[], --alloc-fns, etc.
 n1: 87208 0x20664E: _ntl_gblock_construct_alloc(_ntl_gbigint_body**, long, long) (lip.cpp:6279)
  n2: 87208 0x228994: NTL::BasicBlockConstruct(NTL::ZZ_p*, long, long) (ZZ.h:1041)
   n1: 78408 0x228A36: NTL::BlockConstructFromVec(NTL::ZZ_p*, long, NTL::ZZ_p const*) (vec_ZZ_p.cpp:43)
    n0: 78408 0x16C17C: void NTL::VecStrategy<true>::do_BlockConstructFromVec<NTL::ZZ_p>(NTL::ZZ_p*, long, NTL::ZZ_p const*) (in /home/reti/dongHyeon/Function-hiding-IPE/build/bin/p-norm-ipe-test)
   n0: 8800 0x16C5A0: void NTL::VecStrategy<true>::do_BlockConstruct<NTL::ZZ_p>(NTL::ZZ_p*, long) (in /home/reti/dongHyeon/Function-hiding-IPE/build/bin/p-norm-ipe-test)
 n0: 20224 0x48F4F42: ??? (in /usr/lib/arm-linux-gnueabihf/libstdc++.so.6.0.26)
 n1: 8192 0x493D6C6: std::basic_filebuf<char, std::char_traits<char> >::_M_allocate_internal_buffer() (in /usr/lib/arm-linux-gnueabihf/libstdc++.so.6.0.26)
  n1: 8192 0x493FFE2: std::basic_filebuf<char, std::char_traits<char> >::open(char const*, std::_Ios_Openmode) (in /usr/lib/arm-linux-gnueabihf/libstdc++.so.6.0.26)
   n0: 8192 0x49409EA: std::basic_ifstream<char, std::char_traits<char> >::basic_ifstream(std::__cxx11::basic_string<char, std::char_traits<char>, std::allocator<char> > const&, std::_Ios_Openmode) (in /usr/lib/arm-linux-gnueabihf/libstdc++.so.6.0.26)
 n0: 7392 0x16B152: NTL::Vec<NTL::ZZ_p>::AllocateTo(long) (in /home/reti/dongHyeon/Function-hiding-IPE/build/bin/p-norm-ipe-test)
 n0: 3117 in 23 places, all below massif's threshold (1.00%)
 n0: 1324 0x24B84C: __gmp_default_reallocate (in /home/reti/dongHyeon/Function-hiding-IPE/build/bin/p-norm-ipe-test)
#-----------
snapshot=3
#-----------
time=58179419
mem_heap_B=174257
mem_heap_extra_B=1159
mem_stacks_B=0
heap_tree=detailed
n5: 174257 (heap allocation functions) malloc/new/new[], --alloc-fns, etc.
 n1: 129976 0x20664E: _ntl_gblock_construct_alloc(_ntl_gbigint_body**, long, long) (lip.cpp:6279)
  n2: 129976 0x228994: NTL::BasicBlockConstruct(NTL::ZZ_p*, long, long) (ZZ.h:1041)
   n1: 121176 0x228A36: NTL::BlockConstructFromVec(NTL::ZZ_p*, long, NTL::ZZ_p const*) (vec_ZZ_p.cpp:43)
    n0: 121176 0x16C17C: void NTL::VecStrategy<true>::do_BlockConstructFromVec<NTL::ZZ_p>(NTL::ZZ_p*, long, NTL::ZZ_p const*) (in /home/reti/dongHyeon/Function-hiding-IPE/build/bin/p-norm-ipe-test)
   n0: 8800 0x16C5A0: void NTL::VecStrategy<true>::do_BlockConstruct<NTL::ZZ_p>(NTL::ZZ_p*, long) (in /home/reti/dongHyeon/Function-hiding-IPE/build/bin/p-norm-ipe-test)
 n0: 20224 0x48F4F42: ??? (in /usr/lib/arm-linux-gnueabihf/libstdc++.so.6.0.26)
 n0: 11424 0x16B152: NTL::Vec<NTL::ZZ_p>::AllocateTo(long) (in /home/reti/dongHyeon/Function-hiding-IPE/build/bin/p-norm-ipe-test)
 n1: 8192 0x493D6C6: std::basic_filebuf<char, std::char_traits<char> >::_M_allocate_internal_buffer() (in /usr/lib/arm-linux-gnueabihf/libstdc++.so.6.0.26)
  n1: 8192 0x493FFE2: std::basic_filebuf<char, std::char_traits<char> >::open(char const*, std::_Ios_Openmode) (in /usr/lib/arm-linux-gnueabihf/libstdc++.so.6.0.26)
   n0: 8192 0x49409EA: std::basic_ifstream<char, std::char_traits<char> >::basic_ifstream(std::__cxx11::basic_string<char, std::char_traits<char>, std::allocator<char> > const&, std::_Ios_Openmode) (in /usr/lib/arm-linux-gnueabihf/libstdc++.so.6.0.26)
 n0: 4441 in 24 places, all below massif's threshold (1.00%)
#-----------
snapshot=4
#-----------
time=77225758
mem_heap_B=231953
mem_heap_extra_B=1271
mem_stacks_B=0
heap_tree=empty
#-----------
snapshot=5
#-----------
time=93559847
mem_heap_B=299057
mem_heap_extra_B=1415
mem_stacks_B=0
heap_tree=detailed
n5: 299057 (heap allocation functions) malloc/new/new[], --alloc-fns, etc.
 n1: 244024 0x20664E: _ntl_gblock_construct_alloc(_ntl_gbigint_body**, long, long) (lip.cpp:6279)
  n2: 244024 0x228994: NTL::BasicBlockConstruct(NTL::ZZ_p*, long, long) (ZZ.h:1041)
   n1: 235224 0x228A36: NTL::BlockConstructFromVec(NTL::ZZ_p*, long, NTL::ZZ_p const*) (vec_ZZ_p.cpp:43)
    n0: 235224 0x16C17C: void NTL::VecStrategy<true>::do_BlockConstructFromVec<NTL::ZZ_p>(NTL::ZZ_p*, long, NTL::ZZ_p const*) (in /home/reti/dongHyeon/Function-hiding-IPE/build/bin/p-norm-ipe-test)
   n0: 8800 0x16C5A0: void NTL::VecStrategy<true>::do_BlockConstruct<NTL::ZZ_p>(NTL::ZZ_p*, long) (in /home/reti/dongHyeon/Function-hiding-IPE/build/bin/p-norm-ipe-test)
 n0: 22176 0x16B152: NTL::Vec<NTL::ZZ_p>::AllocateTo(long) (in /home/reti/dongHyeon/Function-hiding-IPE/build/bin/p-norm-ipe-test)
 n0: 20224 0x48F4F42: ??? (in /usr/lib/arm-linux-gnueabihf/libstdc++.so.6.0.26)
 n1: 8192 0x493D6C6: std::basic_filebuf<char, std::char_traits<char> >::_M_allocate_internal_buffer() (in /usr/lib/arm-linux-gnueabihf/libstdc++.so.6.0.26)
  n1: 8192 0x493FFE2: std::basic_filebuf<char, std::char_traits<char> >::open(char const*, std::_Ios_Openmode) (in /usr/lib/arm-linux-gnueabihf/libstdc++.so.6.0.26)
   n0: 8192 0x49409EA: std::basic_ifstream<char, std::char_traits<char> >::basic_ifstream(std::__cxx11::basic_string<char, std::char_traits<char>, std::allocator<char> > const&, std::_Ios_Openmode) (in /usr/lib/arm-linux-gnueabihf/libstdc++.so.6.0.26)
 n0: 4441 in 24 places, all below massif's threshold (1.00%)
#-----------
snapshot=6
#-----------
time=110390823
mem_heap_B=348953
mem_heap_extra_B=1511
mem_stacks_B=0
heap_tree=empty
#-----------
snapshot=7
#-----------
time=136932436
mem_heap_B=442745
mem_heap_extra_B=1703
mem_stacks_B=0
heap_tree=empty
#-----------
snapshot=8
#-----------
time=155474660
mem_heap_B=517649
mem_heap_extra_B=1863
mem_stacks_B=0
heap_tree=detailed
n5: 517649 (heap allocation functions) malloc/new/new[], --alloc-fns, etc.
 n1: 443608 0x20664E: _ntl_gblock_construct_alloc(_ntl_gbigint_body**, long, long) (lip.cpp:6279)
  n2: 443608 0x228994: NTL::BasicBlockConstruct(NTL::ZZ_p*, long, long) (ZZ.h:1041)
   n1: 434808 0x228A36: NTL::BlockConstructFromVec(NTL::ZZ_p*, long, NTL::ZZ_p const*) (vec_ZZ_p.cpp:43)
    n0: 434808 0x16C17C: void NTL::VecStrategy<true>::do_BlockConstructFromVec<NTL::ZZ_p>(NTL::ZZ_p*, long, NTL::ZZ_p const*) (in /home/reti/dongHyeon/Function-hiding-IPE/build/bin/p-norm-ipe-test)
   n0: 8800 0x16C5A0: void NTL::VecStrategy<true>::do_BlockConstruct<NTL::ZZ_p>(NTL::ZZ_p*, long) (in /home/reti/dongHyeon/Function-hiding-IPE/build/bin/p-norm-ipe-test)
 n0: 40992 0x16B152: NTL::Vec<NTL::ZZ_p>::AllocateTo(long) (in /home/reti/dongHyeon/Function-hiding-IPE/build/bin/p-norm-ipe-test)
 n0: 20224 0x48F4F42: ??? (in /usr/lib/arm-linux-gnueabihf/libstdc++.so.6.0.26)
 n1: 8192 0x493D6C6: std::basic_filebuf<char, std::char_traits<char> >::_M_allocate_internal_buffer() (in /usr/lib/arm-linux-gnueabihf/libstdc++.so.6.0.26)
  n1: 8192 0x493FFE2: std::basic_filebuf<char, std::char_traits<char> >::open(char const*, std::_Ios_Openmode) (in /usr/lib/arm-linux-gnueabihf/libstdc++.so.6.0.26)
   n0: 8192 0x49409EA: std::basic_ifstream<char, std::char_traits<char> >::basic_ifstream(std::__cxx11::basic_string<char, std::char_traits<char>, std::allocator<char> > const&, std::_Ios_Openmode) (in /usr/lib/arm-linux-gnueabihf/libstdc++.so.6.0.26)
 n0: 4633 in 25 places, all below massif's threshold (1.00%)
#-----------
snapshot=9
#-----------
time=176725754
mem_heap_B=583145
mem_heap_extra_B=1991
mem_stacks_B=0
heap_tree=empty
#-----------
snapshot=10
#-----------
time=192202497
mem_heap_B=637745
mem_heap_extra_B=2103
mem_stacks_B=0
heap_tree=empty
#-----------
snapshot=11
#-----------
time=207675678
mem_heap_B=692345
mem_heap_extra_B=2215
mem_stacks_B=0
heap_tree=empty
#-----------
snapshot=12
#-----------
time=220935786
mem_heap_B=739145
mem_heap_extra_B=2311
mem_stacks_B=0
heap_tree=empty
#-----------
snapshot=13
#-----------
time=246789978
mem_heap_B=830545
mem_heap_extra_B=2503
mem_stacks_B=0
heap_tree=empty
#-----------
snapshot=14
#-----------
time=270429925
mem_heap_B=923457
mem_heap_extra_B=2703
mem_stacks_B=0
heap_tree=detailed
n4: 923457 (heap allocation functions) malloc/new/new[], --alloc-fns, etc.
 n1: 814264 0x20664E: _ntl_gblock_construct_alloc(_ntl_gbigint_body**, long, long) (lip.cpp:6279)
  n2: 814264 0x228994: NTL::BasicBlockConstruct(NTL::ZZ_p*, long, long) (ZZ.h:1041)
   n1: 805464 0x228A36: NTL::BlockConstructFromVec(NTL::ZZ_p*, long, NTL::ZZ_p const*) (vec_ZZ_p.cpp:43)
    n0: 805464 0x16C17C: void NTL::VecStrategy<true>::do_BlockConstructFromVec<NTL::ZZ_p>(NTL::ZZ_p*, long, NTL::ZZ_p const*) (in /home/reti/dongHyeon/Function-hiding-IPE/build/bin/p-norm-ipe-test)
   n0: 8800 in 1 place, below massif's threshold (1.00%)
 n0: 75936 0x16B152: NTL::Vec<NTL::ZZ_p>::AllocateTo(long) (in /home/reti/dongHyeon/Function-hiding-IPE/build/bin/p-norm-ipe-test)
 n0: 20224 0x48F4F42: ??? (in /usr/lib/arm-linux-gnueabihf/libstdc++.so.6.0.26)
 n0: 13033 in 26 places, all below massif's threshold (1.00%)
#-----------
snapshot=15
#-----------
time=286588942
mem_heap_B=970945
mem_heap_extra_B=2791
mem_stacks_B=0
heap_tree=empty
#-----------
snapshot=16
#-----------
time=301386495
mem_heap_B=1032657
mem_heap_extra_B=2927
mem_stacks_B=0
heap_tree=detailed
n4: 1032657 (heap allocation functions) malloc/new/new[], --alloc-fns, etc.
 n1: 914056 0x20664E: _ntl_gblock_construct_alloc(_ntl_gbigint_body**, long, long) (lip.cpp:6279)
  n2: 914056 0x228994: NTL::BasicBlockConstruct(NTL::ZZ_p*, long, long) (ZZ.h:1041)
   n1: 905256 0x228A36: NTL::BlockConstructFromVec(NTL::ZZ_p*, long, NTL::ZZ_p const*) (vec_ZZ_p.cpp:43)
    n0: 905256 0x16C17C: void NTL::VecStrategy<true>::do_BlockConstructFromVec<NTL::ZZ_p>(NTL::ZZ_p*, long, NTL::ZZ_p const*) (in /home/reti/dongHyeon/Function-hiding-IPE/build/bin/p-norm-ipe-test)
   n0: 8800 in 1 place, below massif's threshold (1.00%)
 n0: 85344 0x16B152: NTL::Vec<NTL::ZZ_p>::AllocateTo(long) (in /home/reti/dongHyeon/Function-hiding-IPE/build/bin/p-norm-ipe-test)
 n0: 20224 0x48F4F42: ??? (in /usr/lib/arm-linux-gnueabihf/libstdc++.so.6.0.26)
 n0: 13033 in 26 places, all below massif's threshold (1.00%)
#-----------
snapshot=17
#-----------
time=321962988
mem_heap_B=1095745
mem_heap_extra_B=3047
mem_stacks_B=0
heap_tree=empty
#-----------
snapshot=18
#-----------
time=339644229
mem_heap_B=1158145
mem_heap_extra_B=3175
mem_stacks_B=0
heap_tree=empty
#-----------
snapshot=19
#-----------
time=350019010
mem_heap_B=1204257
mem_heap_extra_B=3279
mem_stacks_B=0
heap_tree=detailed
n4: 1204257 (heap allocation functions) malloc/new/new[], --alloc-fns, etc.
 n1: 1070872 0x20664E: _ntl_gblock_construct_alloc(_ntl_gbigint_body**, long, long) (lip.cpp:6279)
  n2: 1070872 0x228994: NTL::BasicBlockConstruct(NTL::ZZ_p*, long, long) (ZZ.h:1041)
   n1: 1062072 0x228A36: NTL::BlockConstructFromVec(NTL::ZZ_p*, long, NTL::ZZ_p const*) (vec_ZZ_p.cpp:43)
    n0: 1062072 0x16C17C: void NTL::VecStrategy<true>::do_BlockConstructFromVec<NTL::ZZ_p>(NTL::ZZ_p*, long, NTL::ZZ_p const*) (in /home/reti/dongHyeon/Function-hiding-IPE/build/bin/p-norm-ipe-test)
   n0: 8800 in 1 place, below massif's threshold (1.00%)
 n0: 100128 0x16B152: NTL::Vec<NTL::ZZ_p>::AllocateTo(long) (in /home/reti/dongHyeon/Function-hiding-IPE/build/bin/p-norm-ipe-test)
 n0: 20224 0x48F4F42: ??? (in /usr/lib/arm-linux-gnueabihf/libstdc++.so.6.0.26)
 n0: 13033 in 26 places, all below massif's threshold (1.00%)
#-----------
snapshot=20
#-----------
time=366850337
mem_heap_B=1254457
mem_heap_extra_B=3375
mem_stacks_B=0
heap_tree=empty
#-----------
snapshot=21
#-----------
time=381463079
mem_heap_B=2560505
mem_heap_extra_B=6039
mem_stacks_B=0
heap_tree=detailed
n3: 2560505 (heap allocation functions) malloc/new/new[], --alloc-fns, etc.
 n1: 2309472 0x20664E: _ntl_gblock_construct_alloc(_ntl_gbigint_body**, long, long) (lip.cpp:6279)
  n2: 2309472 0x228994: NTL::BasicBlockConstruct(NTL::ZZ_p*, long, long) (ZZ.h:1041)
   n1: 2309472 0x228A36: NTL::BlockConstructFromVec(NTL::ZZ_p*, long, NTL::ZZ_p const*) (vec_ZZ_p.cpp:43)
    n0: 2309472 0x16C17C: void NTL::VecStrategy<true>::do_BlockConstructFromVec<NTL::ZZ_p>(NTL::ZZ_p*, long, NTL::ZZ_p const*) (in /home/reti/dongHyeon/Function-hiding-IPE/build/bin/p-norm-ipe-test)
   n0: 0 in 1 place, below massif's threshold (1.00%)
 n0: 217728 0x16B152: NTL::Vec<NTL::ZZ_p>::AllocateTo(long) (in /home/reti/dongHyeon/Function-hiding-IPE/build/bin/p-norm-ipe-test)
 n0: 33305 in 27 places, all below massif's threshold (1.00%)
#-----------
snapshot=22
#-----------
time=401094019
mem_heap_B=1348025
mem_heap_extra_B=3567
mem_stacks_B=0
heap_tree=empty
#-----------
snapshot=23
#-----------
time=415899727
mem_heap_B=1400217
mem_heap_extra_B=3671
mem_stacks_B=0
heap_tree=empty
#-----------
snapshot=24
#-----------
time=434265832
mem_heap_B=1465025
mem_heap_extra_B=3807
mem_stacks_B=0
heap_tree=empty
#-----------
snapshot=25
#-----------
time=452626558
mem_heap_B=1529929
mem_heap_extra_B=3943
mem_stacks_B=0
heap_tree=empty
#-----------
snapshot=26
#-----------
time=478486953
mem_heap_B=1621025
mem_heap_extra_B=4127
mem_stacks_B=0
heap_tree=empty
#-----------
snapshot=27
#-----------
time=500594076
mem_heap_B=1699217
mem_heap_extra_B=4287
mem_stacks_B=0
heap_tree=empty
#-----------
snapshot=28
#-----------
time=515396962
mem_heap_B=1751409
mem_heap_extra_B=4391
mem_stacks_B=0
heap_tree=empty
#-----------
snapshot=29
#-----------
time=529337771
mem_heap_B=1800617
mem_heap_extra_B=4495
mem_stacks_B=0
heap_tree=empty
#-----------
snapshot=30
#-----------
time=543442990
mem_heap_B=1852793
mem_heap_extra_B=4615
mem_stacks_B=0
heap_tree=detailed
n4: 1852793 (heap allocation functions) malloc/new/new[], --alloc-fns, etc.
 n1: 1662496 0x20664E: _ntl_gblock_construct_alloc(_ntl_gbigint_body**, long, long) (lip.cpp:6279)
  n2: 1662496 0x228994: NTL::BasicBlockConstruct(NTL::ZZ_p*, long, long) (ZZ.h:1041)
   n0: 1163536 0x16C5A0: void NTL::VecStrategy<true>::do_BlockConstruct<NTL::ZZ_p>(NTL::ZZ_p*, long) (in /home/reti/dongHyeon/Function-hiding-IPE/build/bin/p-norm-ipe-test)
   n1: 498960 0x228A36: NTL::BlockConstructFromVec(NTL::ZZ_p*, long, NTL::ZZ_p const*) (vec_ZZ_p.cpp:43)
    n0: 498960 0x16C17C: void NTL::VecStrategy<true>::do_BlockConstructFromVec<NTL::ZZ_p>(NTL::ZZ_p*, long, NTL::ZZ_p const*) (in /home/reti/dongHyeon/Function-hiding-IPE/build/bin/p-norm-ipe-test)
 n0: 156576 0x16B152: NTL::Vec<NTL::ZZ_p>::AllocateTo(long) (in /home/reti/dongHyeon/Function-hiding-IPE/build/bin/p-norm-ipe-test)
 n0: 20224 0x48F4F42: ??? (in /usr/lib/arm-linux-gnueabihf/libstdc++.so.6.0.26)
 n0: 13497 in 26 places, all below massif's threshold (1.00%)
#-----------
snapshot=31
#-----------
time=556726127
mem_heap_B=1904521
mem_heap_extra_B=4711
mem_stacks_B=0
heap_tree=empty
#-----------
snapshot=32
#-----------
time=576628524
mem_heap_B=1974721
mem_heap_extra_B=4855
mem_stacks_B=0
heap_tree=empty
#-----------
snapshot=33
#-----------
time=589897530
mem_heap_B=2021521
mem_heap_extra_B=4951
mem_stacks_B=0
heap_tree=empty
#-----------
snapshot=34
#-----------
time=616437510
mem_heap_B=2110225
mem_heap_extra_B=5127
mem_stacks_B=0
heap_tree=empty
#-----------
snapshot=35
#-----------
time=631053648
mem_heap_B=2159625
mem_heap_extra_B=5231
mem_stacks_B=0
heap_tree=empty
#-----------
snapshot=36
#-----------
time=645156299
mem_heap_B=2211801
mem_heap_extra_B=5351
mem_stacks_B=0
heap_tree=empty
#-----------
snapshot=37
#-----------
time=658425603
mem_heap_B=2258601
mem_heap_extra_B=5447
mem_stacks_B=0
heap_tree=empty
#-----------
snapshot=38
#-----------
time=678344141
mem_heap_B=2333729
mem_heap_extra_B=5591
mem_stacks_B=0
heap_tree=detailed
n3: 2333729 (heap allocation functions) malloc/new/new[], --alloc-fns, etc.
 n1: 2102232 0x20664E: _ntl_gblock_construct_alloc(_ntl_gbigint_body**, long, long) (lip.cpp:6279)
  n2: 2102232 0x228994: NTL::BasicBlockConstruct(NTL::ZZ_p*, long, long) (ZZ.h:1041)
   n0: 1161336 0x16C5A0: void NTL::VecStrategy<true>::do_BlockConstruct<NTL::ZZ_p>(NTL::ZZ_p*, long) (in /home/reti/dongHyeon/Function-hiding-IPE/build/bin/p-norm-ipe-test)
   n1: 940896 0x228A36: NTL::BlockConstructFromVec(NTL::ZZ_p*, long, NTL::ZZ_p const*) (vec_ZZ_p.cpp:43)
    n0: 940896 0x16C17C: void NTL::VecStrategy<true>::do_BlockConstructFromVec<NTL::ZZ_p>(NTL::ZZ_p*, long, NTL::ZZ_p const*) (in /home/reti/dongHyeon/Function-hiding-IPE/build/bin/p-norm-ipe-test)
 n0: 197568 0x16B152: NTL::Vec<NTL::ZZ_p>::AllocateTo(long) (in /home/reti/dongHyeon/Function-hiding-IPE/build/bin/p-norm-ipe-test)
 n0: 33929 in 27 places, all below massif's threshold (1.00%)
#-----------
snapshot=39
#-----------
time=691612897
mem_heap_B=2373225
mem_heap_extra_B=5663
mem_stacks_B=0
heap_tree=empty
#-----------
snapshot=40
#-----------
time=712861945
mem_heap_B=2448225
mem_heap_extra_B=5823
mem_stacks_B=0
heap_tree=empty
#-----------
snapshot=41
#-----------
time=726803489
mem_heap_B=2497833
mem_heap_extra_B=5927
mem_stacks_B=0
heap_tree=empty
#-----------
snapshot=42
#-----------
time=740231853
mem_heap_B=2547505
mem_heap_extra_B=6039
mem_stacks_B=0
heap_tree=empty
#-----------
snapshot=43
#-----------
time=757843282
mem_heap_B=5089305
mem_heap_extra_B=11255
mem_stacks_B=0
heap_tree=peak
n3: 5089305 (heap allocation functions) malloc/new/new[], --alloc-fns, etc.
 n1: 4618944 0x20664E: _ntl_gblock_construct_alloc(_ntl_gbigint_body**, long, long) (lip.cpp:6279)
  n2: 4618944 0x228994: NTL::BasicBlockConstruct(NTL::ZZ_p*, long, long) (ZZ.h:1041)
   n0: 2309472 0x16C5A0: void NTL::VecStrategy<true>::do_BlockConstruct<NTL::ZZ_p>(NTL::ZZ_p*, long) (in /home/reti/dongHyeon/Function-hiding-IPE/build/bin/p-norm-ipe-test)
   n1: 2309472 0x228A36: NTL::BlockConstructFromVec(NTL::ZZ_p*, long, NTL::ZZ_p const*) (vec_ZZ_p.cpp:43)
    n0: 2309472 0x16C17C: void NTL::VecStrategy<true>::do_BlockConstructFromVec<NTL::ZZ_p>(NTL::ZZ_p*, long, NTL::ZZ_p const*) (in /home/reti/dongHyeon/Function-hiding-IPE/build/bin/p-norm-ipe-test)
 n0: 435456 0x16B152: NTL::Vec<NTL::ZZ_p>::AllocateTo(long) (in /home/reti/dongHyeon/Function-hiding-IPE/build/bin/p-norm-ipe-test)
 n0: 34905 in 28 places, all below massif's threshold (1.00%)
#-----------
snapshot=44
#-----------
time=782928353
mem_heap_B=2601817
mem_heap_extra_B=8631
mem_stacks_B=0
heap_tree=empty
#-----------
snapshot=45
#-----------
time=801831332
mem_heap_B=2601821
mem_heap_extra_B=8651
mem_stacks_B=0
heap_tree=empty
#-----------
snapshot=46
#-----------
time=823152185
mem_heap_B=2602073
mem_heap_extra_B=8703
mem_stacks_B=0
heap_tree=empty
#-----------
snapshot=47
#-----------
time=843686368
mem_heap_B=2602073
mem_heap_extra_B=8703
mem_stacks_B=0
heap_tree=empty
#-----------
snapshot=48
#-----------
time=850664529
mem_heap_B=2602073
mem_heap_extra_B=8703
mem_stacks_B=0
heap_tree=detailed
n3: 2602073 (heap allocation functions) malloc/new/new[], --alloc-fns, etc.
 n1: 2323728 0x20664E: _ntl_gblock_construct_alloc(_ntl_gbigint_body**, long, long) (lip.cpp:6279)
  n2: 2323728 0x228994: NTL::BasicBlockConstruct(NTL::ZZ_p*, long, long) (ZZ.h:1041)
   n1: 2316600 0x228A36: NTL::BlockConstructFromVec(NTL::ZZ_p*, long, NTL::ZZ_p const*) (vec_ZZ_p.cpp:43)
    n0: 2316600 0x16C17C: void NTL::VecStrategy<true>::do_BlockConstructFromVec<NTL::ZZ_p>(NTL::ZZ_p*, long, NTL::ZZ_p const*) (in /home/reti/dongHyeon/Function-hiding-IPE/build/bin/p-norm-ipe-test)
   n0: 7128 in 1 place, below massif's threshold (1.00%)
 n0: 219072 0x16B152: NTL::Vec<NTL::ZZ_p>::AllocateTo(long) (in /home/reti/dongHyeon/Function-hiding-IPE/build/bin/p-norm-ipe-test)
 n0: 59273 in 55 places, all below massif's threshold (1.00%)
#-----------
snapshot=49
#-----------
time=871245684
mem_heap_B=2602073
mem_heap_extra_B=8703
mem_stacks_B=0
heap_tree=empty
#-----------
snapshot=50
#-----------
time=878440540
mem_heap_B=2602217
mem_heap_extra_B=8743
mem_stacks_B=0
heap_tree=empty
#-----------
snapshot=51
#-----------
time=887660542
mem_heap_B=2602217
mem_heap_extra_B=8743
mem_stacks_B=0
heap_tree=empty
#-----------
snapshot=52
#-----------
time=896134632
mem_heap_B=2602217
mem_heap_extra_B=8743
mem_stacks_B=0
heap_tree=empty
#-----------
snapshot=53
#-----------
time=905275757
mem_heap_B=2602217
mem_heap_extra_B=8743
mem_stacks_B=0
heap_tree=empty
#-----------
snapshot=54
#-----------
time=914287663
mem_heap_B=2602217
mem_heap_extra_B=8743
mem_stacks_B=0
heap_tree=empty
#-----------
snapshot=55
#-----------
time=921681769
mem_heap_B=2602073
mem_heap_extra_B=8703
mem_stacks_B=0
heap_tree=empty
#-----------
snapshot=56
#-----------
time=930637898
mem_heap_B=2602073
mem_heap_extra_B=8703
mem_stacks_B=0
heap_tree=detailed
n3: 2602073 (heap allocation functions) malloc/new/new[], --alloc-fns, etc.
 n1: 2323728 0x20664E: _ntl_gblock_construct_alloc(_ntl_gbigint_body**, long, long) (lip.cpp:6279)
  n2: 2323728 0x228994: NTL::BasicBlockConstruct(NTL::ZZ_p*, long, long) (ZZ.h:1041)
   n1: 2316600 0x228A36: NTL::BlockConstructFromVec(NTL::ZZ_p*, long, NTL::ZZ_p const*) (vec_ZZ_p.cpp:43)
    n0: 2316600 0x16C17C: void NTL::VecStrategy<true>::do_BlockConstructFromVec<NTL::ZZ_p>(NTL::ZZ_p*, long, NTL::ZZ_p const*) (in /home/reti/dongHyeon/Function-hiding-IPE/build/bin/p-norm-ipe-test)
   n0: 7128 in 1 place, below massif's threshold (1.00%)
 n0: 219072 0x16B152: NTL::Vec<NTL::ZZ_p>::AllocateTo(long) (in /home/reti/dongHyeon/Function-hiding-IPE/build/bin/p-norm-ipe-test)
 n0: 59273 in 55 places, all below massif's threshold (1.00%)
#-----------
snapshot=57
#-----------
time=939728313
mem_heap_B=2602073
mem_heap_extra_B=8703
mem_stacks_B=0
heap_tree=empty
#-----------
snapshot=58
#-----------
time=948927956
mem_heap_B=2602073
mem_heap_extra_B=8703
mem_stacks_B=0
heap_tree=empty
#-----------
snapshot=59
#-----------
time=958099648
mem_heap_B=2602073
mem_heap_extra_B=8703
mem_stacks_B=0
heap_tree=empty
#-----------
snapshot=60
#-----------
time=967177021
mem_heap_B=2602073
mem_heap_extra_B=8703
mem_stacks_B=0
heap_tree=empty
#-----------
snapshot=61
#-----------
time=976282867
mem_heap_B=2602073
mem_heap_extra_B=8703
mem_stacks_B=0
heap_tree=empty
#-----------
snapshot=62
#-----------
time=983261516
mem_heap_B=2602037
mem_heap_extra_B=8731
mem_stacks_B=0
heap_tree=empty
#-----------
snapshot=63
#-----------
time=992915648
mem_heap_B=2601965
mem_heap_extra_B=8683
mem_stacks_B=0
heap_tree=empty
#-----------
snapshot=64
#-----------
time=1002056240
mem_heap_B=2602073
mem_heap_extra_B=8703
mem_stacks_B=0
heap_tree=empty
#-----------
snapshot=65
#-----------
time=1011172224
mem_heap_B=2602073
mem_heap_extra_B=8703
mem_stacks_B=0
heap_tree=empty
#-----------
snapshot=66
#-----------
time=1020356697
mem_heap_B=2602073
mem_heap_extra_B=8703
mem_stacks_B=0
heap_tree=detailed
n3: 2602073 (heap allocation functions) malloc/new/new[], --alloc-fns, etc.
 n1: 2323728 0x20664E: _ntl_gblock_construct_alloc(_ntl_gbigint_body**, long, long) (lip.cpp:6279)
  n2: 2323728 0x228994: NTL::BasicBlockConstruct(NTL::ZZ_p*, long, long) (ZZ.h:1041)
   n1: 2316600 0x228A36: NTL::BlockConstructFromVec(NTL::ZZ_p*, long, NTL::ZZ_p const*) (vec_ZZ_p.cpp:43)
    n0: 2316600 0x16C17C: void NTL::VecStrategy<true>::do_BlockConstructFromVec<NTL::ZZ_p>(NTL::ZZ_p*, long, NTL::ZZ_p const*) (in /home/reti/dongHyeon/Function-hiding-IPE/build/bin/p-norm-ipe-test)
   n0: 7128 in 1 place, below massif's threshold (1.00%)
 n0: 219072 0x16B152: NTL::Vec<NTL::ZZ_p>::AllocateTo(long) (in /home/reti/dongHyeon/Function-hiding-IPE/build/bin/p-norm-ipe-test)
 n0: 59273 in 55 places, all below massif's threshold (1.00%)
#-----------
snapshot=67
#-----------
time=1027443636
mem_heap_B=2602073
mem_heap_extra_B=8703
mem_stacks_B=0
heap_tree=empty
#-----------
snapshot=68
#-----------
time=1036611332
mem_heap_B=2602073
mem_heap_extra_B=8703
mem_stacks_B=0
heap_tree=empty
#-----------
snapshot=69
#-----------
time=1045659934
mem_heap_B=2602073
mem_heap_extra_B=8703
mem_stacks_B=0
heap_tree=empty
#-----------
snapshot=70
#-----------
time=1052638956
mem_heap_B=2602129
mem_heap_extra_B=8743
mem_stacks_B=0
heap_tree=empty
#-----------
snapshot=71
#-----------
time=1061677358
mem_heap_B=2602073
mem_heap_extra_B=8703
mem_stacks_B=0
heap_tree=empty
#-----------
snapshot=72
#-----------
time=1070844505
mem_heap_B=2602073
mem_heap_extra_B=8703
mem_stacks_B=0
heap_tree=empty
#-----------
snapshot=73
#-----------
time=1077822738
mem_heap_B=2602005
mem_heap_extra_B=8723
mem_stacks_B=0
heap_tree=empty
#-----------
snapshot=74
#-----------
time=1086792839
mem_heap_B=2602073
mem_heap_extra_B=8703
mem_stacks_B=0
heap_tree=empty
#-----------
snapshot=75
#-----------
time=1095743370
mem_heap_B=2601929
mem_heap_extra_B=8663
mem_stacks_B=0
heap_tree=empty
#-----------
snapshot=76
#-----------
time=1104888072
mem_heap_B=2601929
mem_heap_extra_B=8663
mem_stacks_B=0
heap_tree=detailed
n3: 2601929 (heap allocation functions) malloc/new/new[], --alloc-fns, etc.
 n1: 2323728 0x20664E: _ntl_gblock_construct_alloc(_ntl_gbigint_body**, long, long) (lip.cpp:6279)
  n2: 2323728 0x228994: NTL::BasicBlockConstruct(NTL::ZZ_p*, long, long) (ZZ.h:1041)
   n1: 2316600 0x228A36: NTL::BlockConstructFromVec(NTL::ZZ_p*, long, NTL::ZZ_p const*) (vec_ZZ_p.cpp:43)
    n0: 2316600 0x16C17C: void NTL::VecStrategy<true>::do_BlockConstructFromVec<NTL::ZZ_p>(NTL::ZZ_p*, long, NTL::ZZ_p const*) (in /home/reti/dongHyeon/Function-hiding-IPE/build/bin/p-norm-ipe-test)
   n0: 7128 in 1 place, below massif's threshold (1.00%)
 n0: 219072 0x16B152: NTL::Vec<NTL::ZZ_p>::AllocateTo(long) (in /home/reti/dongHyeon/Function-hiding-IPE/build/bin/p-norm-ipe-test)
 n0: 59129 in 55 places, all below massif's threshold (1.00%)
#-----------
snapshot=77
#-----------
time=1113874901
mem_heap_B=2601929
mem_heap_extra_B=8663
mem_stacks_B=0
heap_tree=empty
#-----------
snapshot=78
#-----------
time=1123105463
mem_heap_B=2601929
mem_heap_extra_B=8663
mem_stacks_B=0
heap_tree=empty
#-----------
snapshot=79
#-----------
time=1132306756
mem_heap_B=2601929
mem_heap_extra_B=8663
mem_stacks_B=0
heap_tree=empty
#-----------
snapshot=80
#-----------
time=1139294205
mem_heap_B=2601929
mem_heap_extra_B=8663
mem_stacks_B=0
heap_tree=empty
#-----------
snapshot=81
#-----------
time=1146272626
mem_heap_B=2601889
mem_heap_extra_B=8679
mem_stacks_B=0
heap_tree=empty
#-----------
snapshot=82
#-----------
time=1155422559
mem_heap_B=2601929
mem_heap_extra_B=8663
mem_stacks_B=0
heap_tree=empty
#-----------
snapshot=83
#-----------
time=1164536752
mem_heap_B=2601929
mem_heap_extra_B=8663
mem_stacks_B=0
heap_tree=empty
#-----------
snapshot=84
#-----------
time=1173746638
mem_heap_B=2601929
mem_heap_extra_B=8663
mem_stacks_B=0
heap_tree=empty
#-----------
snapshot=85
#-----------
time=1188678384
mem_heap_B=2625145
mem_heap_extra_B=8639
mem_stacks_B=0
heap_tree=empty
