desc: --massif-out-file=keygen/memory-8-10-10.log
cmd: ./p-norm-ipe-test keygen 8 10 10
time_unit: i
#-----------
snapshot=0
#-----------
time=0
mem_heap_B=0
mem_heap_extra_B=0
mem_stacks_B=0
heap_tree=empty
#-----------
snapshot=1
#-----------
time=3488777
mem_heap_B=32733
mem_heap_extra_B=771
mem_stacks_B=0
heap_tree=empty
#-----------
snapshot=2
#-----------
time=11014022
mem_heap_B=32733
mem_heap_extra_B=771
mem_stacks_B=0
heap_tree=detailed
n7: 32733 (heap allocation functions) malloc/new/new[], --alloc-fns, etc.
 n0: 20224 0x48F4F42: ??? (in /usr/lib/arm-linux-gnueabihf/libstdc++.so.6.0.26)
 n1: 8192 0x493D6C6: std::basic_filebuf<char, std::char_traits<char> >::_M_allocate_internal_buffer() (in /usr/lib/arm-linux-gnueabihf/libstdc++.so.6.0.26)
  n1: 8192 0x493FFE2: std::basic_filebuf<char, std::char_traits<char> >::open(char const*, std::_Ios_Openmode) (in /usr/lib/arm-linux-gnueabihf/libstdc++.so.6.0.26)
   n0: 8192 0x49409EA: std::basic_ifstream<char, std::char_traits<char> >::basic_ifstream(std::__cxx11::basic_string<char, std::char_traits<char>, std::allocator<char> > const&, std::_Ios_Openmode) (in /usr/lib/arm-linux-gnueabihf/libstdc++.so.6.0.26)
 n0: 2700 0x24B812: __gmp_default_allocate (in /home/reti/dongHyeon/Function-hiding-IPE/build/bin/p-norm-ipe-test)
 n1: 520 0x4ADE1F0: __new_exitfn (cxa_atexit.c:114)
  n1: 520 0x4ADE264: __internal_atexit (cxa_atexit.c:44)
   n0: 520 0x251574: __libc_csu_init (in /home/reti/dongHyeon/Function-hiding-IPE/build/bin/p-norm-ipe-test)
 n1: 513 0x49658F2: std::__cxx11::basic_string<char, std::char_traits<char>, std::allocator<char> >::reserve(unsigned int) (in /usr/lib/arm-linux-gnueabihf/libstdc++.so.6.0.26)
  n0: 513 0x495D556: std::__cxx11::basic_stringbuf<char, std::char_traits<char>, std::allocator<char> >::overflow(int) (in /usr/lib/arm-linux-gnueabihf/libstdc++.so.6.0.26)
 n1: 352 0x4AFE6FA: __fopen_internal (iofopen.c:65)
  n1: 352 0x490F2C6: std::__basic_file<char>::open(char const*, std::_Ios_Openmode, int) (in /usr/lib/arm-linux-gnueabihf/libstdc++.so.6.0.26)
   n1: 352 0x493FFD4: std::basic_filebuf<char, std::char_traits<char> >::open(char const*, std::_Ios_Openmode) (in /usr/lib/arm-linux-gnueabihf/libstdc++.so.6.0.26)
    n0: 352 0x49409EA: std::basic_ifstream<char, std::char_traits<char> >::basic_ifstream(std::__cxx11::basic_string<char, std::char_traits<char>, std::allocator<char> > const&, std::_Ios_Openmode) (in /usr/lib/arm-linux-gnueabihf/libstdc++.so.6.0.26)
 n0: 232 in 7 places, all below massif's threshold (1.00%)
#-----------
snapshot=3
#-----------
time=18181097
mem_heap_B=30513
mem_heap_extra_B=743
mem_stacks_B=0
heap_tree=empty
#-----------
snapshot=4
#-----------
time=25315542
mem_heap_B=48753
mem_heap_extra_B=927
mem_stacks_B=0
heap_tree=empty
#-----------
snapshot=5
#-----------
time=32728513
mem_heap_B=74969
mem_heap_extra_B=1047
mem_stacks_B=0
heap_tree=empty
#-----------
snapshot=6
#-----------
time=36439927
mem_heap_B=88089
mem_heap_extra_B=1103
mem_stacks_B=0
heap_tree=empty
#-----------
snapshot=7
#-----------
time=42508059
mem_heap_B=109545
mem_heap_extra_B=1199
mem_stacks_B=0
heap_tree=empty
#-----------
snapshot=8
#-----------
time=47565921
mem_heap_B=127425
mem_heap_extra_B=1279
mem_stacks_B=0
heap_tree=empty
#-----------
snapshot=9
#-----------
time=54977833
mem_heap_B=158233
mem_heap_extra_B=1415
mem_stacks_B=0
heap_tree=detailed
n5: 158233 (heap allocation functions) malloc/new/new[], --alloc-fns, etc.
 n1: 115104 0x20664E: _ntl_gblock_construct_alloc(_ntl_gbigint_body**, long, long) (lip.cpp:6279)
  n2: 115104 0x228994: NTL::BasicBlockConstruct(NTL::ZZ_p*, long, long) (ZZ.h:1041)
   n1: 110704 0x228A36: NTL::BlockConstructFromVec(NTL::ZZ_p*, long, NTL::ZZ_p const*) (vec_ZZ_p.cpp:43)
    n0: 110704 0x16C17C: void NTL::VecStrategy<true>::do_BlockConstructFromVec<NTL::ZZ_p>(NTL::ZZ_p*, long, NTL::ZZ_p const*) (in /home/reti/dongHyeon/Function-hiding-IPE/build/bin/p-norm-ipe-test)
   n0: 4400 0x16C5A0: void NTL::VecStrategy<true>::do_BlockConstruct<NTL::ZZ_p>(NTL::ZZ_p*, long) (in /home/reti/dongHyeon/Function-hiding-IPE/build/bin/p-norm-ipe-test)
 n0: 20224 0x48F4F42: ??? (in /usr/lib/arm-linux-gnueabihf/libstdc++.so.6.0.26)
 n0: 10880 0x16B152: NTL::Vec<NTL::ZZ_p>::AllocateTo(long) (in /home/reti/dongHyeon/Function-hiding-IPE/build/bin/p-norm-ipe-test)
 n1: 8192 0x493D6C6: std::basic_filebuf<char, std::char_traits<char> >::_M_allocate_internal_buffer() (in /usr/lib/arm-linux-gnueabihf/libstdc++.so.6.0.26)
  n1: 8192 0x493FFE2: std::basic_filebuf<char, std::char_traits<char> >::open(char const*, std::_Ios_Openmode) (in /usr/lib/arm-linux-gnueabihf/libstdc++.so.6.0.26)
   n0: 8192 0x49409EA: std::basic_ifstream<char, std::char_traits<char> >::basic_ifstream(std::__cxx11::basic_string<char, std::char_traits<char>, std::allocator<char> > const&, std::_Ios_Openmode) (in /usr/lib/arm-linux-gnueabihf/libstdc++.so.6.0.26)
 n0: 3833 in 24 places, all below massif's threshold (1.00%)
#-----------
snapshot=10
#-----------
time=60034231
mem_heap_B=176113
mem_heap_extra_B=1495
mem_stacks_B=0
heap_tree=detailed
n5: 176113 (heap allocation functions) malloc/new/new[], --alloc-fns, etc.
 n1: 131384 0x20664E: _ntl_gblock_construct_alloc(_ntl_gbigint_body**, long, long) (lip.cpp:6279)
  n2: 131384 0x228994: NTL::BasicBlockConstruct(NTL::ZZ_p*, long, long) (ZZ.h:1041)
   n1: 126984 0x228A36: NTL::BlockConstructFromVec(NTL::ZZ_p*, long, NTL::ZZ_p const*) (vec_ZZ_p.cpp:43)
    n0: 126984 0x16C17C: void NTL::VecStrategy<true>::do_BlockConstructFromVec<NTL::ZZ_p>(NTL::ZZ_p*, long, NTL::ZZ_p const*) (in /home/reti/dongHyeon/Function-hiding-IPE/build/bin/p-norm-ipe-test)
   n0: 4400 0x16C5A0: void NTL::VecStrategy<true>::do_BlockConstruct<NTL::ZZ_p>(NTL::ZZ_p*, long) (in /home/reti/dongHyeon/Function-hiding-IPE/build/bin/p-norm-ipe-test)
 n0: 20224 0x48F4F42: ??? (in /usr/lib/arm-linux-gnueabihf/libstdc++.so.6.0.26)
 n0: 12480 0x16B152: NTL::Vec<NTL::ZZ_p>::AllocateTo(long) (in /home/reti/dongHyeon/Function-hiding-IPE/build/bin/p-norm-ipe-test)
 n1: 8192 0x493D6C6: std::basic_filebuf<char, std::char_traits<char> >::_M_allocate_internal_buffer() (in /usr/lib/arm-linux-gnueabihf/libstdc++.so.6.0.26)
  n1: 8192 0x493FFE2: std::basic_filebuf<char, std::char_traits<char> >::open(char const*, std::_Ios_Openmode) (in /usr/lib/arm-linux-gnueabihf/libstdc++.so.6.0.26)
   n0: 8192 0x49409EA: std::basic_ifstream<char, std::char_traits<char> >::basic_ifstream(std::__cxx11::basic_string<char, std::char_traits<char>, std::allocator<char> > const&, std::_Ios_Openmode) (in /usr/lib/arm-linux-gnueabihf/libstdc++.so.6.0.26)
 n0: 3833 in 24 places, all below massif's threshold (1.00%)
#-----------
snapshot=11
#-----------
time=65770717
mem_heap_B=191793
mem_heap_extra_B=1567
mem_stacks_B=0
heap_tree=empty
#-----------
snapshot=12
#-----------
time=70145843
mem_heap_B=211873
mem_heap_extra_B=1655
mem_stacks_B=0
heap_tree=detailed
n5: 211873 (heap allocation functions) malloc/new/new[], --alloc-fns, etc.
 n1: 163944 0x20664E: _ntl_gblock_construct_alloc(_ntl_gbigint_body**, long, long) (lip.cpp:6279)
  n2: 163944 0x228994: NTL::BasicBlockConstruct(NTL::ZZ_p*, long, long) (ZZ.h:1041)
   n1: 159544 0x228A36: NTL::BlockConstructFromVec(NTL::ZZ_p*, long, NTL::ZZ_p const*) (vec_ZZ_p.cpp:43)
    n0: 159544 0x16C17C: void NTL::VecStrategy<true>::do_BlockConstructFromVec<NTL::ZZ_p>(NTL::ZZ_p*, long, NTL::ZZ_p const*) (in /home/reti/dongHyeon/Function-hiding-IPE/build/bin/p-norm-ipe-test)
   n0: 4400 0x16C5A0: void NTL::VecStrategy<true>::do_BlockConstruct<NTL::ZZ_p>(NTL::ZZ_p*, long) (in /home/reti/dongHyeon/Function-hiding-IPE/build/bin/p-norm-ipe-test)
 n0: 20224 0x48F4F42: ??? (in /usr/lib/arm-linux-gnueabihf/libstdc++.so.6.0.26)
 n0: 15680 0x16B152: NTL::Vec<NTL::ZZ_p>::AllocateTo(long) (in /home/reti/dongHyeon/Function-hiding-IPE/build/bin/p-norm-ipe-test)
 n1: 8192 0x493D6C6: std::basic_filebuf<char, std::char_traits<char> >::_M_allocate_internal_buffer() (in /usr/lib/arm-linux-gnueabihf/libstdc++.so.6.0.26)
  n1: 8192 0x493FFE2: std::basic_filebuf<char, std::char_traits<char> >::open(char const*, std::_Ios_Openmode) (in /usr/lib/arm-linux-gnueabihf/libstdc++.so.6.0.26)
   n0: 8192 0x49409EA: std::basic_ifstream<char, std::char_traits<char> >::basic_ifstream(std::__cxx11::basic_string<char, std::char_traits<char>, std::allocator<char> > const&, std::_Ios_Openmode) (in /usr/lib/arm-linux-gnueabihf/libstdc++.so.6.0.26)
 n0: 3833 in 24 places, all below massif's threshold (1.00%)
#-----------
snapshot=13
#-----------
time=75885556
mem_heap_B=227745
mem_heap_extra_B=1727
mem_stacks_B=0
heap_tree=empty
#-----------
snapshot=14
#-----------
time=83974172
mem_heap_B=256353
mem_heap_extra_B=1855
mem_stacks_B=0
heap_tree=empty
#-----------
snapshot=15
#-----------
time=88019432
mem_heap_B=270657
mem_heap_extra_B=1919
mem_stacks_B=0
heap_tree=empty
#-----------
snapshot=16
#-----------
time=96020494
mem_heap_B=561593
mem_heap_extra_B=3223
mem_stacks_B=0
heap_tree=detailed
n5: 561593 (heap allocation functions) malloc/new/new[], --alloc-fns, etc.
 n1: 481888 0x20664E: _ntl_gblock_construct_alloc(_ntl_gbigint_body**, long, long) (lip.cpp:6279)
  n2: 481888 0x228994: NTL::BasicBlockConstruct(NTL::ZZ_p*, long, long) (ZZ.h:1041)
   n1: 481888 0x228A36: NTL::BlockConstructFromVec(NTL::ZZ_p*, long, NTL::ZZ_p const*) (vec_ZZ_p.cpp:43)
    n0: 481888 0x16C17C: void NTL::VecStrategy<true>::do_BlockConstructFromVec<NTL::ZZ_p>(NTL::ZZ_p*, long, NTL::ZZ_p const*) (in /home/reti/dongHyeon/Function-hiding-IPE/build/bin/p-norm-ipe-test)
   n0: 0 in 1 place, below massif's threshold (1.00%)
 n0: 47360 0x16B152: NTL::Vec<NTL::ZZ_p>::AllocateTo(long) (in /home/reti/dongHyeon/Function-hiding-IPE/build/bin/p-norm-ipe-test)
 n0: 20224 0x48F4F42: ??? (in /usr/lib/arm-linux-gnueabihf/libstdc++.so.6.0.26)
 n1: 8192 0x493D6C6: std::basic_filebuf<char, std::char_traits<char> >::_M_allocate_internal_buffer() (in /usr/lib/arm-linux-gnueabihf/libstdc++.so.6.0.26)
  n1: 8192 0x493FFE2: std::basic_filebuf<char, std::char_traits<char> >::open(char const*, std::_Ios_Openmode) (in /usr/lib/arm-linux-gnueabihf/libstdc++.so.6.0.26)
   n0: 8192 0x49409EA: std::basic_ifstream<char, std::char_traits<char> >::basic_ifstream(std::__cxx11::basic_string<char, std::char_traits<char>, std::allocator<char> > const&, std::_Ios_Openmode) (in /usr/lib/arm-linux-gnueabihf/libstdc++.so.6.0.26)
 n0: 3929 in 25 places, all below massif's threshold (1.00%)
#-----------
snapshot=17
#-----------
time=100844790
mem_heap_B=310121
mem_heap_extra_B=2103
mem_stacks_B=0
heap_tree=empty
#-----------
snapshot=18
#-----------
time=107925174
mem_heap_B=335153
mem_heap_extra_B=2215
mem_stacks_B=0
heap_tree=empty
#-----------
snapshot=19
#-----------
time=110959544
mem_heap_B=345881
mem_heap_extra_B=2263
mem_stacks_B=0
heap_tree=empty
#-----------
snapshot=20
#-----------
time=119046528
mem_heap_B=374489
mem_heap_extra_B=2391
mem_stacks_B=0
heap_tree=empty
#-----------
snapshot=21
#-----------
time=124101598
mem_heap_B=392369
mem_heap_extra_B=2471
mem_stacks_B=0
heap_tree=empty
#-----------
snapshot=22
#-----------
time=129158116
mem_heap_B=410249
mem_heap_extra_B=2551
mem_stacks_B=0
heap_tree=empty
#-----------
snapshot=23
#-----------
time=133202270
mem_heap_B=424553
mem_heap_extra_B=2615
mem_stacks_B=0
heap_tree=empty
#-----------
snapshot=24
#-----------
time=138261588
mem_heap_B=442433
mem_heap_extra_B=2695
mem_stacks_B=0
heap_tree=empty
#-----------
snapshot=25
#-----------
time=143320972
mem_heap_B=460313
mem_heap_extra_B=2775
mem_stacks_B=0
heap_tree=empty
#-----------
snapshot=26
#-----------
time=149391617
mem_heap_B=481961
mem_heap_extra_B=2871
mem_stacks_B=0
heap_tree=empty
#-----------
snapshot=27
#-----------
time=155455455
mem_heap_B=503417
mem_heap_extra_B=2967
mem_stacks_B=0
heap_tree=empty
#-----------
snapshot=28
#-----------
time=159499013
mem_heap_B=517721
mem_heap_extra_B=3031
mem_stacks_B=0
heap_tree=empty
#-----------
snapshot=29
#-----------
time=164556755
mem_heap_B=535601
mem_heap_extra_B=3111
mem_stacks_B=0
heap_tree=empty
#-----------
snapshot=30
#-----------
time=169612907
mem_heap_B=553481
mem_heap_extra_B=3191
mem_stacks_B=0
heap_tree=empty
#-----------
snapshot=31
#-----------
time=174876253
mem_heap_B=1091897
mem_heap_extra_B=5623
mem_stacks_B=0
heap_tree=peak
n4: 1091897 (heap allocation functions) malloc/new/new[], --alloc-fns, etc.
 n1: 963776 0x20664E: _ntl_gblock_construct_alloc(_ntl_gbigint_body**, long, long) (lip.cpp:6279)
  n2: 963776 0x228994: NTL::BasicBlockConstruct(NTL::ZZ_p*, long, long) (ZZ.h:1041)
   n0: 481888 0x16C5A0: void NTL::VecStrategy<true>::do_BlockConstruct<NTL::ZZ_p>(NTL::ZZ_p*, long) (in /home/reti/dongHyeon/Function-hiding-IPE/build/bin/p-norm-ipe-test)
   n1: 481888 0x228A36: NTL::BlockConstructFromVec(NTL::ZZ_p*, long, NTL::ZZ_p const*) (vec_ZZ_p.cpp:43)
    n0: 481888 0x16C17C: void NTL::VecStrategy<true>::do_BlockConstructFromVec<NTL::ZZ_p>(NTL::ZZ_p*, long, NTL::ZZ_p const*) (in /home/reti/dongHyeon/Function-hiding-IPE/build/bin/p-norm-ipe-test)
 n0: 94720 0x16B152: NTL::Vec<NTL::ZZ_p>::AllocateTo(long) (in /home/reti/dongHyeon/Function-hiding-IPE/build/bin/p-norm-ipe-test)
 n0: 20224 0x48F4F42: ??? (in /usr/lib/arm-linux-gnueabihf/libstdc++.so.6.0.26)
 n0: 13177 in 27 places, all below massif's threshold (1.00%)
#-----------
snapshot=32
#-----------
time=182023812
mem_heap_B=564821
mem_heap_extra_B=4595
mem_stacks_B=0
heap_tree=empty
#-----------
snapshot=33
#-----------
time=187682111
mem_heap_B=577776
mem_heap_extra_B=4648
mem_stacks_B=0
heap_tree=empty
#-----------
snapshot=34
#-----------
time=206585102
mem_heap_B=577780
mem_heap_extra_B=4668
mem_stacks_B=0
heap_tree=empty
#-----------
snapshot=35
#-----------
time=211201672
mem_heap_B=577888
mem_heap_extra_B=4680
mem_stacks_B=0
heap_tree=empty
#-----------
snapshot=36
#-----------
time=218050672
mem_heap_B=577888
mem_heap_extra_B=4680
mem_stacks_B=0
heap_tree=empty
#-----------
snapshot=37
#-----------
time=222609369
mem_heap_B=577888
mem_heap_extra_B=4680
mem_stacks_B=0
heap_tree=empty
#-----------
snapshot=38
#-----------
time=229411667
mem_heap_B=577888
mem_heap_extra_B=4680
mem_stacks_B=0
heap_tree=empty
#-----------
snapshot=39
#-----------
time=236113521
mem_heap_B=577888
mem_heap_extra_B=4680
mem_stacks_B=0
heap_tree=detailed
n5: 577888 (heap allocation functions) malloc/new/new[], --alloc-fns, etc.
 n1: 488400 0x20664E: _ntl_gblock_construct_alloc(_ntl_gbigint_body**, long, long) (lip.cpp:6279)
  n2: 488400 0x228994: NTL::BasicBlockConstruct(NTL::ZZ_p*, long, long) (ZZ.h:1041)
   n1: 485144 0x228A36: NTL::BlockConstructFromVec(NTL::ZZ_p*, long, NTL::ZZ_p const*) (vec_ZZ_p.cpp:43)
    n0: 485144 0x16C17C: void NTL::VecStrategy<true>::do_BlockConstructFromVec<NTL::ZZ_p>(NTL::ZZ_p*, long, NTL::ZZ_p const*) (in /home/reti/dongHyeon/Function-hiding-IPE/build/bin/p-norm-ipe-test)
   n0: 3256 in 1 place, below massif's threshold (1.00%)
 n0: 48000 0x16B152: NTL::Vec<NTL::ZZ_p>::AllocateTo(long) (in /home/reti/dongHyeon/Function-hiding-IPE/build/bin/p-norm-ipe-test)
 n0: 20224 0x48F4F42: ??? (in /usr/lib/arm-linux-gnueabihf/libstdc++.so.6.0.26)
 n0: 10656 0x16AD2E: mcl::Array<mcl::EcT<mcl::FpT<mcl::bn::local::FpTag, 384u> > >::resize(unsigned int) (in /home/reti/dongHyeon/Function-hiding-IPE/build/bin/p-norm-ipe-test)
 n0: 10608 in 53 places, all below massif's threshold (1.00%)
#-----------
snapshot=40
#-----------
time=242939513
mem_heap_B=577888
mem_heap_extra_B=4680
mem_stacks_B=0
heap_tree=empty
#-----------
snapshot=41
#-----------
time=247525983
mem_heap_B=577888
mem_heap_extra_B=4680
mem_stacks_B=0
heap_tree=empty
#-----------
snapshot=42
#-----------
time=252595240
mem_heap_B=577780
mem_heap_extra_B=4668
mem_stacks_B=0
heap_tree=empty
#-----------
snapshot=43
#-----------
time=257296771
mem_heap_B=577888
mem_heap_extra_B=4680
mem_stacks_B=0
heap_tree=empty
#-----------
snapshot=44
#-----------
time=261912057
mem_heap_B=577888
mem_heap_extra_B=4680
mem_stacks_B=0
heap_tree=empty
#-----------
snapshot=45
#-----------
time=268843685
mem_heap_B=577888
mem_heap_extra_B=4680
mem_stacks_B=0
heap_tree=empty
#-----------
snapshot=46
#-----------
time=273560381
mem_heap_B=577888
mem_heap_extra_B=4680
mem_stacks_B=0
heap_tree=empty
#-----------
snapshot=47
#-----------
time=278100054
mem_heap_B=577888
mem_heap_extra_B=4680
mem_stacks_B=0
heap_tree=empty
#-----------
snapshot=48
#-----------
time=282500998
mem_heap_B=577888
mem_heap_extra_B=4680
mem_stacks_B=0
heap_tree=detailed
n5: 577888 (heap allocation functions) malloc/new/new[], --alloc-fns, etc.
 n1: 488400 0x20664E: _ntl_gblock_construct_alloc(_ntl_gbigint_body**, long, long) (lip.cpp:6279)
  n2: 488400 0x228994: NTL::BasicBlockConstruct(NTL::ZZ_p*, long, long) (ZZ.h:1041)
   n1: 485144 0x228A36: NTL::BlockConstructFromVec(NTL::ZZ_p*, long, NTL::ZZ_p const*) (vec_ZZ_p.cpp:43)
    n0: 485144 0x16C17C: void NTL::VecStrategy<true>::do_BlockConstructFromVec<NTL::ZZ_p>(NTL::ZZ_p*, long, NTL::ZZ_p const*) (in /home/reti/dongHyeon/Function-hiding-IPE/build/bin/p-norm-ipe-test)
   n0: 3256 in 1 place, below massif's threshold (1.00%)
 n0: 48000 0x16B152: NTL::Vec<NTL::ZZ_p>::AllocateTo(long) (in /home/reti/dongHyeon/Function-hiding-IPE/build/bin/p-norm-ipe-test)
 n0: 20224 0x48F4F42: ??? (in /usr/lib/arm-linux-gnueabihf/libstdc++.so.6.0.26)
 n0: 10656 0x16AD2E: mcl::Array<mcl::EcT<mcl::FpT<mcl::bn::local::FpTag, 384u> > >::resize(unsigned int) (in /home/reti/dongHyeon/Function-hiding-IPE/build/bin/p-norm-ipe-test)
 n0: 10608 in 53 places, all below massif's threshold (1.00%)
#-----------
snapshot=49
#-----------
time=287091393
mem_heap_B=577888
mem_heap_extra_B=4680
mem_stacks_B=0
heap_tree=empty
#-----------
snapshot=50
#-----------
time=291658727
mem_heap_B=577888
mem_heap_extra_B=4680
mem_stacks_B=0
heap_tree=empty
#-----------
snapshot=51
#-----------
time=296402102
mem_heap_B=577888
mem_heap_extra_B=4680
mem_stacks_B=0
heap_tree=empty
#-----------
snapshot=52
#-----------
time=301430777
mem_heap_B=577888
mem_heap_extra_B=4680
mem_stacks_B=0
heap_tree=empty
#-----------
snapshot=53
#-----------
time=306007466
mem_heap_B=577888
mem_heap_extra_B=4680
mem_stacks_B=0
heap_tree=empty
#-----------
snapshot=54
#-----------
time=310526846
mem_heap_B=577888
mem_heap_extra_B=4680
mem_stacks_B=0
heap_tree=empty
#-----------
snapshot=55
#-----------
time=315075566
mem_heap_B=577888
mem_heap_extra_B=4680
mem_stacks_B=0
heap_tree=empty
#-----------
snapshot=56
#-----------
time=319697036
mem_heap_B=577888
mem_heap_extra_B=4680
mem_stacks_B=0
heap_tree=empty
#-----------
snapshot=57
#-----------
time=324242472
mem_heap_B=577888
mem_heap_extra_B=4680
mem_stacks_B=0
heap_tree=detailed
n5: 577888 (heap allocation functions) malloc/new/new[], --alloc-fns, etc.
 n1: 488400 0x20664E: _ntl_gblock_construct_alloc(_ntl_gbigint_body**, long, long) (lip.cpp:6279)
  n2: 488400 0x228994: NTL::BasicBlockConstruct(NTL::ZZ_p*, long, long) (ZZ.h:1041)
   n1: 485144 0x228A36: NTL::BlockConstructFromVec(NTL::ZZ_p*, long, NTL::ZZ_p const*) (vec_ZZ_p.cpp:43)
    n0: 485144 0x16C17C: void NTL::VecStrategy<true>::do_BlockConstructFromVec<NTL::ZZ_p>(NTL::ZZ_p*, long, NTL::ZZ_p const*) (in /home/reti/dongHyeon/Function-hiding-IPE/build/bin/p-norm-ipe-test)
   n0: 3256 in 1 place, below massif's threshold (1.00%)
 n0: 48000 0x16B152: NTL::Vec<NTL::ZZ_p>::AllocateTo(long) (in /home/reti/dongHyeon/Function-hiding-IPE/build/bin/p-norm-ipe-test)
 n0: 20224 0x48F4F42: ??? (in /usr/lib/arm-linux-gnueabihf/libstdc++.so.6.0.26)
 n0: 10656 0x16AD2E: mcl::Array<mcl::EcT<mcl::FpT<mcl::bn::local::FpTag, 384u> > >::resize(unsigned int) (in /home/reti/dongHyeon/Function-hiding-IPE/build/bin/p-norm-ipe-test)
 n0: 10608 in 53 places, all below massif's threshold (1.00%)
#-----------
snapshot=58
#-----------
time=328875440
mem_heap_B=577888
mem_heap_extra_B=4680
mem_stacks_B=0
heap_tree=empty
#-----------
snapshot=59
#-----------
time=333517540
mem_heap_B=577888
mem_heap_extra_B=4680
mem_stacks_B=0
heap_tree=empty
#-----------
snapshot=60
#-----------
time=338190486
mem_heap_B=577888
mem_heap_extra_B=4680
mem_stacks_B=0
heap_tree=empty
#-----------
snapshot=61
#-----------
time=343202551
mem_heap_B=577780
mem_heap_extra_B=4668
mem_stacks_B=0
heap_tree=empty
#-----------
snapshot=62
#-----------
time=347897975
mem_heap_B=577888
mem_heap_extra_B=4680
mem_stacks_B=0
heap_tree=empty
#-----------
snapshot=63
#-----------
time=352433898
mem_heap_B=577888
mem_heap_extra_B=4680
mem_stacks_B=0
heap_tree=empty
#-----------
snapshot=64
#-----------
time=357064244
mem_heap_B=577888
mem_heap_extra_B=4680
mem_stacks_B=0
heap_tree=empty
#-----------
snapshot=65
#-----------
time=361695419
mem_heap_B=577888
mem_heap_extra_B=4680
mem_stacks_B=0
heap_tree=empty
#-----------
snapshot=66
#-----------
time=366234494
mem_heap_B=577888
mem_heap_extra_B=4680
mem_stacks_B=0
heap_tree=empty
#-----------
snapshot=67
#-----------
time=370751282
mem_heap_B=577888
mem_heap_extra_B=4680
mem_stacks_B=0
heap_tree=detailed
n5: 577888 (heap allocation functions) malloc/new/new[], --alloc-fns, etc.
 n1: 488400 0x20664E: _ntl_gblock_construct_alloc(_ntl_gbigint_body**, long, long) (lip.cpp:6279)
  n2: 488400 0x228994: NTL::BasicBlockConstruct(NTL::ZZ_p*, long, long) (ZZ.h:1041)
   n1: 485144 0x228A36: NTL::BlockConstructFromVec(NTL::ZZ_p*, long, NTL::ZZ_p const*) (vec_ZZ_p.cpp:43)
    n0: 485144 0x16C17C: void NTL::VecStrategy<true>::do_BlockConstructFromVec<NTL::ZZ_p>(NTL::ZZ_p*, long, NTL::ZZ_p const*) (in /home/reti/dongHyeon/Function-hiding-IPE/build/bin/p-norm-ipe-test)
   n0: 3256 in 1 place, below massif's threshold (1.00%)
 n0: 48000 0x16B152: NTL::Vec<NTL::ZZ_p>::AllocateTo(long) (in /home/reti/dongHyeon/Function-hiding-IPE/build/bin/p-norm-ipe-test)
 n0: 20224 0x48F4F42: ??? (in /usr/lib/arm-linux-gnueabihf/libstdc++.so.6.0.26)
 n0: 10656 0x16AD2E: mcl::Array<mcl::EcT<mcl::FpT<mcl::bn::local::FpTag, 384u> > >::resize(unsigned int) (in /home/reti/dongHyeon/Function-hiding-IPE/build/bin/p-norm-ipe-test)
 n0: 10608 in 53 places, all below massif's threshold (1.00%)
#-----------
snapshot=68
#-----------
time=375262043
mem_heap_B=577888
mem_heap_extra_B=4680
mem_stacks_B=0
heap_tree=empty
#-----------
snapshot=69
#-----------
time=379789359
mem_heap_B=577888
mem_heap_extra_B=4680
mem_stacks_B=0
heap_tree=empty
#-----------
snapshot=70
#-----------
time=384375281
mem_heap_B=577888
mem_heap_extra_B=4680
mem_stacks_B=0
heap_tree=empty
#-----------
snapshot=71
#-----------
time=389776113
mem_heap_B=588432
mem_heap_extra_B=4656
mem_stacks_B=0
heap_tree=empty
