desc: --massif-out-file=keygen/memory-8-10-4.log
cmd: ./p-norm-ipe-test keygen 8 10 4
time_unit: i
#-----------
snapshot=0
#-----------
time=0
mem_heap_B=0
mem_heap_extra_B=0
mem_stacks_B=0
heap_tree=empty
#-----------
snapshot=1
#-----------
time=2979805
mem_heap_B=32800
mem_heap_extra_B=8
mem_stacks_B=0
heap_tree=empty
#-----------
snapshot=2
#-----------
time=3488738
mem_heap_B=32733
mem_heap_extra_B=771
mem_stacks_B=0
heap_tree=empty
#-----------
snapshot=3
#-----------
time=11013983
mem_heap_B=32733
mem_heap_extra_B=771
mem_stacks_B=0
heap_tree=detailed
n7: 32733 (heap allocation functions) malloc/new/new[], --alloc-fns, etc.
 n0: 20224 0x48F4F42: ??? (in /usr/lib/arm-linux-gnueabihf/libstdc++.so.6.0.26)
 n1: 8192 0x493D6C6: std::basic_filebuf<char, std::char_traits<char> >::_M_allocate_internal_buffer() (in /usr/lib/arm-linux-gnueabihf/libstdc++.so.6.0.26)
  n1: 8192 0x493FFE2: std::basic_filebuf<char, std::char_traits<char> >::open(char const*, std::_Ios_Openmode) (in /usr/lib/arm-linux-gnueabihf/libstdc++.so.6.0.26)
   n0: 8192 0x49409EA: std::basic_ifstream<char, std::char_traits<char> >::basic_ifstream(std::__cxx11::basic_string<char, std::char_traits<char>, std::allocator<char> > const&, std::_Ios_Openmode) (in /usr/lib/arm-linux-gnueabihf/libstdc++.so.6.0.26)
 n0: 2700 0x24B812: __gmp_default_allocate (in /home/reti/dongHyeon/Function-hiding-IPE/build/bin/p-norm-ipe-test)
 n1: 520 0x4ADE1F0: __new_exitfn (cxa_atexit.c:114)
  n1: 520 0x4ADE264: __internal_atexit (cxa_atexit.c:44)
   n0: 520 0x251574: __libc_csu_init (in /home/reti/dongHyeon/Function-hiding-IPE/build/bin/p-norm-ipe-test)
 n1: 513 0x49658F2: std::__cxx11::basic_string<char, std::char_traits<char>, std::allocator<char> >::reserve(unsigned int) (in /usr/lib/arm-linux-gnueabihf/libstdc++.so.6.0.26)
  n0: 513 0x495D556: std::__cxx11::basic_stringbuf<char, std::char_traits<char>, std::allocator<char> >::overflow(int) (in /usr/lib/arm-linux-gnueabihf/libstdc++.so.6.0.26)
 n1: 352 0x4AFE6FA: __fopen_internal (iofopen.c:65)
  n1: 352 0x490F2C6: std::__basic_file<char>::open(char const*, std::_Ios_Openmode, int) (in /usr/lib/arm-linux-gnueabihf/libstdc++.so.6.0.26)
   n1: 352 0x493FFD4: std::basic_filebuf<char, std::char_traits<char> >::open(char const*, std::_Ios_Openmode) (in /usr/lib/arm-linux-gnueabihf/libstdc++.so.6.0.26)
    n0: 352 0x49409EA: std::basic_ifstream<char, std::char_traits<char> >::basic_ifstream(std::__cxx11::basic_string<char, std::char_traits<char>, std::allocator<char> > const&, std::_Ios_Openmode) (in /usr/lib/arm-linux-gnueabihf/libstdc++.so.6.0.26)
 n0: 232 in 7 places, all below massif's threshold (1.00%)
#-----------
snapshot=4
#-----------
time=11508755
mem_heap_B=33013
mem_heap_extra_B=755
mem_stacks_B=0
heap_tree=empty
#-----------
snapshot=5
#-----------
time=18181058
mem_heap_B=30513
mem_heap_extra_B=743
mem_stacks_B=0
heap_tree=empty
#-----------
snapshot=6
#-----------
time=19483192
mem_heap_B=30737
mem_heap_extra_B=727
mem_stacks_B=0
heap_tree=empty
#-----------
snapshot=7
#-----------
time=20397079
mem_heap_B=30785
mem_heap_extra_B=759
mem_stacks_B=0
heap_tree=empty
#-----------
snapshot=8
#-----------
time=21658751
mem_heap_B=36929
mem_heap_extra_B=903
mem_stacks_B=0
heap_tree=empty
#-----------
snapshot=9
#-----------
time=23442387
mem_heap_B=43289
mem_heap_extra_B=983
mem_stacks_B=0
heap_tree=empty
#-----------
snapshot=10
#-----------
time=24869895
mem_heap_B=48377
mem_heap_extra_B=1047
mem_stacks_B=0
heap_tree=empty
#-----------
snapshot=11
#-----------
time=25585239
mem_heap_B=50921
mem_heap_extra_B=1079
mem_stacks_B=0
heap_tree=empty
#-----------
snapshot=12
#-----------
time=26655687
mem_heap_B=54737
mem_heap_extra_B=1127
mem_stacks_B=0
heap_tree=empty
#-----------
snapshot=13
#-----------
time=28081573
mem_heap_B=59825
mem_heap_extra_B=1191
mem_stacks_B=0
heap_tree=empty
#-----------
snapshot=14
#-----------
time=29510427
mem_heap_B=64913
mem_heap_extra_B=1255
mem_stacks_B=0
heap_tree=empty
#-----------
snapshot=15
#-----------
time=30477851
mem_heap_B=67585
mem_heap_extra_B=1295
mem_stacks_B=0
heap_tree=empty
#-----------
snapshot=16
#-----------
time=31548581
mem_heap_B=71401
mem_heap_extra_B=1343
mem_stacks_B=0
heap_tree=detailed
n6: 71401 (heap allocation functions) malloc/new/new[], --alloc-fns, etc.
 n1: 35376 0x20664E: _ntl_gblock_construct_alloc(_ntl_gbigint_body**, long, long) (lip.cpp:6279)
  n2: 35376 0x228994: NTL::BasicBlockConstruct(NTL::ZZ_p*, long, long) (ZZ.h:1041)
   n0: 31944 0x16C5A0: void NTL::VecStrategy<true>::do_BlockConstruct<NTL::ZZ_p>(NTL::ZZ_p*, long) (in /home/reti/dongHyeon/Function-hiding-IPE/build/bin/p-norm-ipe-test)
   n1: 3432 0x228A36: NTL::BlockConstructFromVec(NTL::ZZ_p*, long, NTL::ZZ_p const*) (vec_ZZ_p.cpp:43)
    n0: 3432 0x16C17C: void NTL::VecStrategy<true>::do_BlockConstructFromVec<NTL::ZZ_p>(NTL::ZZ_p*, long, NTL::ZZ_p const*) (in /home/reti/dongHyeon/Function-hiding-IPE/build/bin/p-norm-ipe-test)
 n0: 20224 0x48F4F42: ??? (in /usr/lib/arm-linux-gnueabihf/libstdc++.so.6.0.26)
 n1: 8192 0x493D6C6: std::basic_filebuf<char, std::char_traits<char> >::_M_allocate_internal_buffer() (in /usr/lib/arm-linux-gnueabihf/libstdc++.so.6.0.26)
  n1: 8192 0x493FFE2: std::basic_filebuf<char, std::char_traits<char> >::open(char const*, std::_Ios_Openmode) (in /usr/lib/arm-linux-gnueabihf/libstdc++.so.6.0.26)
   n0: 8192 0x49409EA: std::basic_ifstream<char, std::char_traits<char> >::basic_ifstream(std::__cxx11::basic_string<char, std::char_traits<char>, std::allocator<char> > const&, std::_Ios_Openmode) (in /usr/lib/arm-linux-gnueabihf/libstdc++.so.6.0.26)
 n0: 4064 0x16B152: NTL::Vec<NTL::ZZ_p>::AllocateTo(long) (in /home/reti/dongHyeon/Function-hiding-IPE/build/bin/p-norm-ipe-test)
 n0: 2221 in 22 places, all below massif's threshold (1.00%)
 n0: 1324 0x24B84C: __gmp_default_reallocate (in /home/reti/dongHyeon/Function-hiding-IPE/build/bin/p-norm-ipe-test)
#-----------
snapshot=17
#-----------
time=32976483
mem_heap_B=76489
mem_heap_extra_B=1407
mem_stacks_B=0
heap_tree=empty
#-----------
snapshot=18
#-----------
time=34409271
mem_heap_B=80521
mem_heap_extra_B=1471
mem_stacks_B=0
heap_tree=empty
#-----------
snapshot=19
#-----------
time=35475605
mem_heap_B=85393
mem_heap_extra_B=1519
mem_stacks_B=0
heap_tree=detailed
n6: 85393 (heap allocation functions) malloc/new/new[], --alloc-fns, etc.
 n1: 47960 0x20664E: _ntl_gblock_construct_alloc(_ntl_gbigint_body**, long, long) (lip.cpp:6279)
  n2: 47960 0x228994: NTL::BasicBlockConstruct(NTL::ZZ_p*, long, long) (ZZ.h:1041)
   n0: 31944 0x16C5A0: void NTL::VecStrategy<true>::do_BlockConstruct<NTL::ZZ_p>(NTL::ZZ_p*, long) (in /home/reti/dongHyeon/Function-hiding-IPE/build/bin/p-norm-ipe-test)
   n1: 16016 0x228A36: NTL::BlockConstructFromVec(NTL::ZZ_p*, long, NTL::ZZ_p const*) (vec_ZZ_p.cpp:43)
    n0: 16016 0x16C17C: void NTL::VecStrategy<true>::do_BlockConstructFromVec<NTL::ZZ_p>(NTL::ZZ_p*, long, NTL::ZZ_p const*) (in /home/reti/dongHyeon/Function-hiding-IPE/build/bin/p-norm-ipe-test)
 n0: 20224 0x48F4F42: ??? (in /usr/lib/arm-linux-gnueabihf/libstdc++.so.6.0.26)
 n1: 8192 0x493D6C6: std::basic_filebuf<char, std::char_traits<char> >::_M_allocate_internal_buffer() (in /usr/lib/arm-linux-gnueabihf/libstdc++.so.6.0.26)
  n1: 8192 0x493FFE2: std::basic_filebuf<char, std::char_traits<char> >::open(char const*, std::_Ios_Openmode) (in /usr/lib/arm-linux-gnueabihf/libstdc++.so.6.0.26)
   n0: 8192 0x49409EA: std::basic_ifstream<char, std::char_traits<char> >::basic_ifstream(std::__cxx11::basic_string<char, std::char_traits<char>, std::allocator<char> > const&, std::_Ios_Openmode) (in /usr/lib/arm-linux-gnueabihf/libstdc++.so.6.0.26)
 n0: 5472 0x16B152: NTL::Vec<NTL::ZZ_p>::AllocateTo(long) (in /home/reti/dongHyeon/Function-hiding-IPE/build/bin/p-norm-ipe-test)
 n0: 2221 in 22 places, all below massif's threshold (1.00%)
 n0: 1324 0x24B84C: __gmp_default_reallocate (in /home/reti/dongHyeon/Function-hiding-IPE/build/bin/p-norm-ipe-test)
#-----------
snapshot=20
#-----------
time=36902351
mem_heap_B=90481
mem_heap_extra_B=1583
mem_stacks_B=0
heap_tree=empty
#-----------
snapshot=21
#-----------
time=37616763
mem_heap_B=93025
mem_heap_extra_B=1615
mem_stacks_B=0
heap_tree=empty
#-----------
snapshot=22
#-----------
time=38687709
mem_heap_B=96841
mem_heap_extra_B=1663
mem_stacks_B=0
heap_tree=empty
#-----------
snapshot=23
#-----------
time=39833933
mem_heap_B=164921
mem_heap_extra_B=2551
mem_stacks_B=0
heap_tree=peak
n5: 164921 (heap allocation functions) malloc/new/new[], --alloc-fns, etc.
 n1: 118976 0x20664E: _ntl_gblock_construct_alloc(_ntl_gbigint_body**, long, long) (lip.cpp:6279)
  n2: 118976 0x228994: NTL::BasicBlockConstruct(NTL::ZZ_p*, long, long) (ZZ.h:1041)
   n0: 59488 0x16C5A0: void NTL::VecStrategy<true>::do_BlockConstruct<NTL::ZZ_p>(NTL::ZZ_p*, long) (in /home/reti/dongHyeon/Function-hiding-IPE/build/bin/p-norm-ipe-test)
   n1: 59488 0x228A36: NTL::BlockConstructFromVec(NTL::ZZ_p*, long, NTL::ZZ_p const*) (vec_ZZ_p.cpp:43)
    n0: 59488 0x16C17C: void NTL::VecStrategy<true>::do_BlockConstructFromVec<NTL::ZZ_p>(NTL::ZZ_p*, long, NTL::ZZ_p const*) (in /home/reti/dongHyeon/Function-hiding-IPE/build/bin/p-norm-ipe-test)
 n0: 20224 0x48F4F42: ??? (in /usr/lib/arm-linux-gnueabihf/libstdc++.so.6.0.26)
 n0: 13312 0x16B152: NTL::Vec<NTL::ZZ_p>::AllocateTo(long) (in /home/reti/dongHyeon/Function-hiding-IPE/build/bin/p-norm-ipe-test)
 n1: 8192 0x493D6C6: std::basic_filebuf<char, std::char_traits<char> >::_M_allocate_internal_buffer() (in /usr/lib/arm-linux-gnueabihf/libstdc++.so.6.0.26)
  n1: 8192 0x493FFE2: std::basic_filebuf<char, std::char_traits<char> >::open(char const*, std::_Ios_Openmode) (in /usr/lib/arm-linux-gnueabihf/libstdc++.so.6.0.26)
   n0: 8192 0x49409EA: std::basic_ifstream<char, std::char_traits<char> >::basic_ifstream(std::__cxx11::basic_string<char, std::char_traits<char>, std::allocator<char> > const&, std::_Ios_Openmode) (in /usr/lib/arm-linux-gnueabihf/libstdc++.so.6.0.26)
 n0: 4217 in 24 places, all below massif's threshold (1.00%)
#-----------
snapshot=24
#-----------
time=39975908
mem_heap_B=91596
mem_heap_extra_B=2012
mem_stacks_B=0
heap_tree=empty
#-----------
snapshot=25
#-----------
time=42294434
mem_heap_B=91672
mem_heap_extra_B=2024
mem_stacks_B=0
heap_tree=empty
#-----------
snapshot=26
#-----------
time=43205205
mem_heap_B=94675
mem_heap_extra_B=2405
mem_stacks_B=0
heap_tree=empty
#-----------
snapshot=27
#-----------
time=45974908
mem_heap_B=100248
mem_heap_extra_B=2432
mem_stacks_B=0
heap_tree=empty
#-----------
snapshot=28
#-----------
time=67579333
mem_heap_B=100412
mem_heap_extra_B=2452
mem_stacks_B=0
heap_tree=empty
#-----------
snapshot=29
#-----------
time=69888897
mem_heap_B=100520
mem_heap_extra_B=2472
mem_stacks_B=0
heap_tree=detailed
n7: 100520 (heap allocation functions) malloc/new/new[], --alloc-fns, etc.
 n1: 61776 0x20664E: _ntl_gblock_construct_alloc(_ntl_gbigint_body**, long, long) (lip.cpp:6279)
  n2: 61776 0x228994: NTL::BasicBlockConstruct(NTL::ZZ_p*, long, long) (ZZ.h:1041)
   n1: 60632 0x228A36: NTL::BlockConstructFromVec(NTL::ZZ_p*, long, NTL::ZZ_p const*) (vec_ZZ_p.cpp:43)
    n0: 60632 0x16C17C: void NTL::VecStrategy<true>::do_BlockConstructFromVec<NTL::ZZ_p>(NTL::ZZ_p*, long, NTL::ZZ_p const*) (in /home/reti/dongHyeon/Function-hiding-IPE/build/bin/p-norm-ipe-test)
   n0: 1144 0x16C5A0: void NTL::VecStrategy<true>::do_BlockConstruct<NTL::ZZ_p>(NTL::ZZ_p*, long) (in /home/reti/dongHyeon/Function-hiding-IPE/build/bin/p-norm-ipe-test)
 n0: 20224 0x48F4F42: ??? (in /usr/lib/arm-linux-gnueabihf/libstdc++.so.6.0.26)
 n0: 6912 0x16B152: NTL::Vec<NTL::ZZ_p>::AllocateTo(long) (in /home/reti/dongHyeon/Function-hiding-IPE/build/bin/p-norm-ipe-test)
 n0: 3744 0x16AD2E: mcl::Array<mcl::EcT<mcl::FpT<mcl::bn::local::FpTag, 384u> > >::resize(unsigned int) (in /home/reti/dongHyeon/Function-hiding-IPE/build/bin/p-norm-ipe-test)
 n0: 3480 in 49 places, all below massif's threshold (1.00%)
 n0: 2364 0x24B84C: __gmp_default_reallocate (in /home/reti/dongHyeon/Function-hiding-IPE/build/bin/p-norm-ipe-test)
 n0: 2020 0x4A3B166: ??? (in /usr/lib/arm-linux-gnueabihf/libgomp.so.1.0.0)
#-----------
snapshot=30
#-----------
time=72162152
mem_heap_B=100520
mem_heap_extra_B=2472
mem_stacks_B=0
heap_tree=empty
#-----------
snapshot=31
#-----------
time=74424828
mem_heap_B=100520
mem_heap_extra_B=2472
mem_stacks_B=0
heap_tree=empty
#-----------
snapshot=32
#-----------
time=76733417
mem_heap_B=100520
mem_heap_extra_B=2472
mem_stacks_B=0
heap_tree=empty
#-----------
snapshot=33
#-----------
time=79076136
mem_heap_B=100520
mem_heap_extra_B=2472
mem_stacks_B=0
heap_tree=empty
#-----------
snapshot=34
#-----------
time=81403892
mem_heap_B=100520
mem_heap_extra_B=2472
mem_stacks_B=0
heap_tree=empty
#-----------
snapshot=35
#-----------
time=83675720
mem_heap_B=100520
mem_heap_extra_B=2472
mem_stacks_B=0
heap_tree=empty
#-----------
snapshot=36
#-----------
time=86376458
mem_heap_B=100412
mem_heap_extra_B=2452
mem_stacks_B=0
heap_tree=empty
#-----------
snapshot=37
#-----------
time=88576919
mem_heap_B=100520
mem_heap_extra_B=2472
mem_stacks_B=0
heap_tree=empty
#-----------
snapshot=38
#-----------
time=90845100
mem_heap_B=100520
mem_heap_extra_B=2472
mem_stacks_B=0
heap_tree=empty
#-----------
snapshot=39
#-----------
time=93189005
mem_heap_B=100520
mem_heap_extra_B=2472
mem_stacks_B=0
heap_tree=detailed
n7: 100520 (heap allocation functions) malloc/new/new[], --alloc-fns, etc.
 n1: 61776 0x20664E: _ntl_gblock_construct_alloc(_ntl_gbigint_body**, long, long) (lip.cpp:6279)
  n2: 61776 0x228994: NTL::BasicBlockConstruct(NTL::ZZ_p*, long, long) (ZZ.h:1041)
   n1: 60632 0x228A36: NTL::BlockConstructFromVec(NTL::ZZ_p*, long, NTL::ZZ_p const*) (vec_ZZ_p.cpp:43)
    n0: 60632 0x16C17C: void NTL::VecStrategy<true>::do_BlockConstructFromVec<NTL::ZZ_p>(NTL::ZZ_p*, long, NTL::ZZ_p const*) (in /home/reti/dongHyeon/Function-hiding-IPE/build/bin/p-norm-ipe-test)
   n0: 1144 0x16C5A0: void NTL::VecStrategy<true>::do_BlockConstruct<NTL::ZZ_p>(NTL::ZZ_p*, long) (in /home/reti/dongHyeon/Function-hiding-IPE/build/bin/p-norm-ipe-test)
 n0: 20224 0x48F4F42: ??? (in /usr/lib/arm-linux-gnueabihf/libstdc++.so.6.0.26)
 n0: 6912 0x16B152: NTL::Vec<NTL::ZZ_p>::AllocateTo(long) (in /home/reti/dongHyeon/Function-hiding-IPE/build/bin/p-norm-ipe-test)
 n0: 3744 0x16AD2E: mcl::Array<mcl::EcT<mcl::FpT<mcl::bn::local::FpTag, 384u> > >::resize(unsigned int) (in /home/reti/dongHyeon/Function-hiding-IPE/build/bin/p-norm-ipe-test)
 n0: 3480 in 49 places, all below massif's threshold (1.00%)
 n0: 2364 0x24B84C: __gmp_default_reallocate (in /home/reti/dongHyeon/Function-hiding-IPE/build/bin/p-norm-ipe-test)
 n0: 2020 0x4A3B166: ??? (in /usr/lib/arm-linux-gnueabihf/libgomp.so.1.0.0)
#-----------
snapshot=40
#-----------
time=95443031
mem_heap_B=100520
mem_heap_extra_B=2472
mem_stacks_B=0
heap_tree=empty
#-----------
snapshot=41
#-----------
time=97767822
mem_heap_B=100520
mem_heap_extra_B=2472
mem_stacks_B=0
heap_tree=empty
#-----------
snapshot=42
#-----------
time=100068837
mem_heap_B=100520
mem_heap_extra_B=2472
mem_stacks_B=0
heap_tree=empty
#-----------
snapshot=43
#-----------
time=102769590
mem_heap_B=100412
mem_heap_extra_B=2452
mem_stacks_B=0
heap_tree=empty
#-----------
snapshot=44
#-----------
time=105083078
mem_heap_B=100520
mem_heap_extra_B=2472
mem_stacks_B=0
heap_tree=empty
#-----------
snapshot=45
#-----------
time=107332029
mem_heap_B=100520
mem_heap_extra_B=2472
mem_stacks_B=0
heap_tree=empty
#-----------
snapshot=46
#-----------
time=109582539
mem_heap_B=100520
mem_heap_extra_B=2472
mem_stacks_B=0
heap_tree=empty
#-----------
snapshot=47
#-----------
time=111848787
mem_heap_B=100520
mem_heap_extra_B=2472
mem_stacks_B=0
heap_tree=empty
#-----------
snapshot=48
#-----------
time=114181351
mem_heap_B=100520
mem_heap_extra_B=2472
mem_stacks_B=0
heap_tree=empty
#-----------
snapshot=49
#-----------
time=116511627
mem_heap_B=100520
mem_heap_extra_B=2472
mem_stacks_B=0
heap_tree=detailed
n7: 100520 (heap allocation functions) malloc/new/new[], --alloc-fns, etc.
 n1: 61776 0x20664E: _ntl_gblock_construct_alloc(_ntl_gbigint_body**, long, long) (lip.cpp:6279)
  n2: 61776 0x228994: NTL::BasicBlockConstruct(NTL::ZZ_p*, long, long) (ZZ.h:1041)
   n1: 60632 0x228A36: NTL::BlockConstructFromVec(NTL::ZZ_p*, long, NTL::ZZ_p const*) (vec_ZZ_p.cpp:43)
    n0: 60632 0x16C17C: void NTL::VecStrategy<true>::do_BlockConstructFromVec<NTL::ZZ_p>(NTL::ZZ_p*, long, NTL::ZZ_p const*) (in /home/reti/dongHyeon/Function-hiding-IPE/build/bin/p-norm-ipe-test)
   n0: 1144 0x16C5A0: void NTL::VecStrategy<true>::do_BlockConstruct<NTL::ZZ_p>(NTL::ZZ_p*, long) (in /home/reti/dongHyeon/Function-hiding-IPE/build/bin/p-norm-ipe-test)
 n0: 20224 0x48F4F42: ??? (in /usr/lib/arm-linux-gnueabihf/libstdc++.so.6.0.26)
 n0: 6912 0x16B152: NTL::Vec<NTL::ZZ_p>::AllocateTo(long) (in /home/reti/dongHyeon/Function-hiding-IPE/build/bin/p-norm-ipe-test)
 n0: 3744 0x16AD2E: mcl::Array<mcl::EcT<mcl::FpT<mcl::bn::local::FpTag, 384u> > >::resize(unsigned int) (in /home/reti/dongHyeon/Function-hiding-IPE/build/bin/p-norm-ipe-test)
 n0: 3480 in 49 places, all below massif's threshold (1.00%)
 n0: 2364 0x24B84C: __gmp_default_reallocate (in /home/reti/dongHyeon/Function-hiding-IPE/build/bin/p-norm-ipe-test)
 n0: 2020 0x4A3B166: ??? (in /usr/lib/arm-linux-gnueabihf/libgomp.so.1.0.0)
#-----------
snapshot=50
#-----------
time=118755331
mem_heap_B=100520
mem_heap_extra_B=2472
mem_stacks_B=0
heap_tree=empty
#-----------
snapshot=51
#-----------
time=121456094
mem_heap_B=100412
mem_heap_extra_B=2452
mem_stacks_B=0
heap_tree=empty
#-----------
snapshot=52
#-----------
time=123791798
mem_heap_B=100520
mem_heap_extra_B=2472
mem_stacks_B=0
heap_tree=empty
#-----------
snapshot=53
#-----------
time=126024456
mem_heap_B=100520
mem_heap_extra_B=2472
mem_stacks_B=0
heap_tree=empty
#-----------
snapshot=54
#-----------
time=128269304
mem_heap_B=100520
mem_heap_extra_B=2472
mem_stacks_B=0
heap_tree=empty
#-----------
snapshot=55
#-----------
time=130570426
mem_heap_B=100520
mem_heap_extra_B=2472
mem_stacks_B=0
heap_tree=empty
#-----------
snapshot=56
#-----------
time=132789372
mem_heap_B=100520
mem_heap_extra_B=2472
mem_stacks_B=0
heap_tree=empty
#-----------
snapshot=57
#-----------
time=135131158
mem_heap_B=100520
mem_heap_extra_B=2472
mem_stacks_B=0
heap_tree=empty
#-----------
snapshot=58
#-----------
time=143232066
mem_heap_B=104152
mem_heap_extra_B=2448
mem_stacks_B=0
heap_tree=empty
