desc: --massif-out-file=keygen/memory-128-10-4.log
cmd: ./p-norm-ipe-test keygen 128 10 4
time_unit: i
#-----------
snapshot=0
#-----------
time=0
mem_heap_B=0
mem_heap_extra_B=0
mem_stacks_B=0
heap_tree=empty
#-----------
snapshot=1
#-----------
time=91041519
mem_heap_B=281017
mem_heap_extra_B=1087
mem_stacks_B=0
heap_tree=empty
#-----------
snapshot=2
#-----------
time=215280672
mem_heap_B=738417
mem_heap_extra_B=1511
mem_stacks_B=0
heap_tree=detailed
n5: 738417 (heap allocation functions) malloc/new/new[], --alloc-fns, etc.
 n1: 646008 0x20664E: _ntl_gblock_construct_alloc(_ntl_gbigint_body**, long, long) (lip.cpp:6279)
  n2: 646008 0x228994: NTL::BasicBlockConstruct(NTL::ZZ_p*, long, long) (ZZ.h:1041)
   n1: 628408 0x228A36: NTL::BlockConstructFromVec(NTL::ZZ_p*, long, NTL::ZZ_p const*) (vec_ZZ_p.cpp:43)
    n0: 628408 0x16C17C: void NTL::VecStrategy<true>::do_BlockConstructFromVec<NTL::ZZ_p>(NTL::ZZ_p*, long, NTL::ZZ_p const*) (in /home/reti/dongHyeon/Function-hiding-IPE/build/bin/p-norm-ipe-test)
   n0: 17600 0x16C5A0: void NTL::VecStrategy<true>::do_BlockConstruct<NTL::ZZ_p>(NTL::ZZ_p*, long) (in /home/reti/dongHyeon/Function-hiding-IPE/build/bin/p-norm-ipe-test)
 n0: 58016 0x16B152: NTL::Vec<NTL::ZZ_p>::AllocateTo(long) (in /home/reti/dongHyeon/Function-hiding-IPE/build/bin/p-norm-ipe-test)
 n0: 20224 0x48F4F42: ??? (in /usr/lib/arm-linux-gnueabihf/libstdc++.so.6.0.26)
 n1: 8192 0x493D6C6: std::basic_filebuf<char, std::char_traits<char> >::_M_allocate_internal_buffer() (in /usr/lib/arm-linux-gnueabihf/libstdc++.so.6.0.26)
  n1: 8192 0x493FFE2: std::basic_filebuf<char, std::char_traits<char> >::open(char const*, std::_Ios_Openmode) (in /usr/lib/arm-linux-gnueabihf/libstdc++.so.6.0.26)
   n0: 8192 0x49409EA: std::basic_ifstream<char, std::char_traits<char> >::basic_ifstream(std::__cxx11::basic_string<char, std::char_traits<char>, std::allocator<char> > const&, std::_Ios_Openmode) (in /usr/lib/arm-linux-gnueabihf/libstdc++.so.6.0.26)
 n0: 5977 in 24 places, all below massif's threshold (1.00%)
#-----------
snapshot=3
#-----------
time=288961350
mem_heap_B=998337
mem_heap_extra_B=1735
mem_stacks_B=0
heap_tree=detailed
n4: 998337 (heap allocation functions) malloc/new/new[], --alloc-fns, etc.
 n1: 883784 0x20664E: _ntl_gblock_construct_alloc(_ntl_gbigint_body**, long, long) (lip.cpp:6279)
  n2: 883784 0x228994: NTL::BasicBlockConstruct(NTL::ZZ_p*, long, long) (ZZ.h:1041)
   n1: 866184 0x228A36: NTL::BlockConstructFromVec(NTL::ZZ_p*, long, NTL::ZZ_p const*) (vec_ZZ_p.cpp:43)
    n0: 866184 0x16C17C: void NTL::VecStrategy<true>::do_BlockConstructFromVec<NTL::ZZ_p>(NTL::ZZ_p*, long, NTL::ZZ_p const*) (in /home/reti/dongHyeon/Function-hiding-IPE/build/bin/p-norm-ipe-test)
   n0: 17600 0x16C5A0: void NTL::VecStrategy<true>::do_BlockConstruct<NTL::ZZ_p>(NTL::ZZ_p*, long) (in /home/reti/dongHyeon/Function-hiding-IPE/build/bin/p-norm-ipe-test)
 n0: 79968 0x16B152: NTL::Vec<NTL::ZZ_p>::AllocateTo(long) (in /home/reti/dongHyeon/Function-hiding-IPE/build/bin/p-norm-ipe-test)
 n0: 20224 0x48F4F42: ??? (in /usr/lib/arm-linux-gnueabihf/libstdc++.so.6.0.26)
 n0: 14361 in 26 places, all below massif's threshold (1.00%)
#-----------
snapshot=4
#-----------
time=346849062
mem_heap_B=1202409
mem_heap_extra_B=1911
mem_stacks_B=0
heap_tree=detailed
n4: 1202409 (heap allocation functions) malloc/new/new[], --alloc-fns, etc.
 n1: 1070608 0x20664E: _ntl_gblock_construct_alloc(_ntl_gbigint_body**, long, long) (lip.cpp:6279)
  n2: 1070608 0x228994: NTL::BasicBlockConstruct(NTL::ZZ_p*, long, long) (ZZ.h:1041)
   n1: 1053008 0x228A36: NTL::BlockConstructFromVec(NTL::ZZ_p*, long, NTL::ZZ_p const*) (vec_ZZ_p.cpp:43)
    n0: 1053008 0x16C17C: void NTL::VecStrategy<true>::do_BlockConstructFromVec<NTL::ZZ_p>(NTL::ZZ_p*, long, NTL::ZZ_p const*) (in /home/reti/dongHyeon/Function-hiding-IPE/build/bin/p-norm-ipe-test)
   n0: 17600 0x16C5A0: void NTL::VecStrategy<true>::do_BlockConstruct<NTL::ZZ_p>(NTL::ZZ_p*, long) (in /home/reti/dongHyeon/Function-hiding-IPE/build/bin/p-norm-ipe-test)
 n0: 97216 0x16B152: NTL::Vec<NTL::ZZ_p>::AllocateTo(long) (in /home/reti/dongHyeon/Function-hiding-IPE/build/bin/p-norm-ipe-test)
 n0: 20224 0x48F4F42: ??? (in /usr/lib/arm-linux-gnueabihf/libstdc++.so.6.0.26)
 n0: 14361 in 26 places, all below massif's threshold (1.00%)
#-----------
snapshot=5
#-----------
time=431047980
mem_heap_B=1499241
mem_heap_extra_B=2167
mem_stacks_B=0
heap_tree=detailed
n4: 1499241 (heap allocation functions) malloc/new/new[], --alloc-fns, etc.
 n1: 1342352 0x20664E: _ntl_gblock_construct_alloc(_ntl_gbigint_body**, long, long) (lip.cpp:6279)
  n2: 1342352 0x228994: NTL::BasicBlockConstruct(NTL::ZZ_p*, long, long) (ZZ.h:1041)
   n1: 1324752 0x228A36: NTL::BlockConstructFromVec(NTL::ZZ_p*, long, NTL::ZZ_p const*) (vec_ZZ_p.cpp:43)
    n0: 1324752 0x16C17C: void NTL::VecStrategy<true>::do_BlockConstructFromVec<NTL::ZZ_p>(NTL::ZZ_p*, long, NTL::ZZ_p const*) (in /home/reti/dongHyeon/Function-hiding-IPE/build/bin/p-norm-ipe-test)
   n0: 17600 0x16C5A0: void NTL::VecStrategy<true>::do_BlockConstruct<NTL::ZZ_p>(NTL::ZZ_p*, long) (in /home/reti/dongHyeon/Function-hiding-IPE/build/bin/p-norm-ipe-test)
 n0: 122304 0x16B152: NTL::Vec<NTL::ZZ_p>::AllocateTo(long) (in /home/reti/dongHyeon/Function-hiding-IPE/build/bin/p-norm-ipe-test)
 n0: 20224 0x48F4F42: ??? (in /usr/lib/arm-linux-gnueabihf/libstdc++.so.6.0.26)
 n0: 14361 in 26 places, all below massif's threshold (1.00%)
#-----------
snapshot=6
#-----------
time=546801864
mem_heap_B=1907385
mem_heap_extra_B=2519
mem_stacks_B=0
heap_tree=detailed
n4: 1907385 (heap allocation functions) malloc/new/new[], --alloc-fns, etc.
 n1: 1716000 0x20664E: _ntl_gblock_construct_alloc(_ntl_gbigint_body**, long, long) (lip.cpp:6279)
  n2: 1716000 0x228994: NTL::BasicBlockConstruct(NTL::ZZ_p*, long, long) (ZZ.h:1041)
   n1: 1698400 0x228A36: NTL::BlockConstructFromVec(NTL::ZZ_p*, long, NTL::ZZ_p const*) (vec_ZZ_p.cpp:43)
    n0: 1698400 0x16C17C: void NTL::VecStrategy<true>::do_BlockConstructFromVec<NTL::ZZ_p>(NTL::ZZ_p*, long, NTL::ZZ_p const*) (in /home/reti/dongHyeon/Function-hiding-IPE/build/bin/p-norm-ipe-test)
   n0: 17600 in 1 place, below massif's threshold (1.00%)
 n0: 156800 0x16B152: NTL::Vec<NTL::ZZ_p>::AllocateTo(long) (in /home/reti/dongHyeon/Function-hiding-IPE/build/bin/p-norm-ipe-test)
 n0: 20224 0x48F4F42: ??? (in /usr/lib/arm-linux-gnueabihf/libstdc++.so.6.0.26)
 n0: 14361 in 26 places, all below massif's threshold (1.00%)
#-----------
snapshot=7
#-----------
time=609945033
mem_heap_B=2130217
mem_heap_extra_B=2711
mem_stacks_B=0
heap_tree=detailed
n3: 2130217 (heap allocation functions) malloc/new/new[], --alloc-fns, etc.
 n1: 1919808 0x20664E: _ntl_gblock_construct_alloc(_ntl_gbigint_body**, long, long) (lip.cpp:6279)
  n2: 1919808 0x228994: NTL::BasicBlockConstruct(NTL::ZZ_p*, long, long) (ZZ.h:1041)
   n1: 1902208 0x228A36: NTL::BlockConstructFromVec(NTL::ZZ_p*, long, NTL::ZZ_p const*) (vec_ZZ_p.cpp:43)
    n0: 1902208 0x16C17C: void NTL::VecStrategy<true>::do_BlockConstructFromVec<NTL::ZZ_p>(NTL::ZZ_p*, long, NTL::ZZ_p const*) (in /home/reti/dongHyeon/Function-hiding-IPE/build/bin/p-norm-ipe-test)
   n0: 17600 in 1 place, below massif's threshold (1.00%)
 n0: 175616 0x16B152: NTL::Vec<NTL::ZZ_p>::AllocateTo(long) (in /home/reti/dongHyeon/Function-hiding-IPE/build/bin/p-norm-ipe-test)
 n0: 34793 in 27 places, all below massif's threshold (1.00%)
#-----------
snapshot=8
#-----------
time=712633390
mem_heap_B=2473217
mem_heap_extra_B=2983
mem_stacks_B=0
heap_tree=empty
#-----------
snapshot=9
#-----------
time=786298270
mem_heap_B=2732945
mem_heap_extra_B=3207
mem_stacks_B=0
heap_tree=empty
#-----------
snapshot=10
#-----------
time=904618449
mem_heap_B=3169433
mem_heap_extra_B=3607
mem_stacks_B=0
heap_tree=detailed
n3: 3169433 (heap allocation functions) malloc/new/new[], --alloc-fns, etc.
 n1: 2870912 0x20664E: _ntl_gblock_construct_alloc(_ntl_gbigint_body**, long, long) (lip.cpp:6279)
  n2: 2870912 0x228994: NTL::BasicBlockConstruct(NTL::ZZ_p*, long, long) (ZZ.h:1041)
   n1: 2853312 0x228A36: NTL::BlockConstructFromVec(NTL::ZZ_p*, long, NTL::ZZ_p const*) (vec_ZZ_p.cpp:43)
    n0: 2853312 0x16C17C: void NTL::VecStrategy<true>::do_BlockConstructFromVec<NTL::ZZ_p>(NTL::ZZ_p*, long, NTL::ZZ_p const*) (in /home/reti/dongHyeon/Function-hiding-IPE/build/bin/p-norm-ipe-test)
   n0: 17600 in 1 place, below massif's threshold (1.00%)
 n0: 263424 0x16B152: NTL::Vec<NTL::ZZ_p>::AllocateTo(long) (in /home/reti/dongHyeon/Function-hiding-IPE/build/bin/p-norm-ipe-test)
 n0: 35097 in 27 places, all below massif's threshold (1.00%)
#-----------
snapshot=11
#-----------
time=1020387380
mem_heap_B=3577577
mem_heap_extra_B=3959
mem_stacks_B=0
heap_tree=detailed
n3: 3577577 (heap allocation functions) malloc/new/new[], --alloc-fns, etc.
 n1: 3244560 0x20664E: _ntl_gblock_construct_alloc(_ntl_gbigint_body**, long, long) (lip.cpp:6279)
  n2: 3244560 0x228994: NTL::BasicBlockConstruct(NTL::ZZ_p*, long, long) (ZZ.h:1041)
   n1: 3226960 0x228A36: NTL::BlockConstructFromVec(NTL::ZZ_p*, long, NTL::ZZ_p const*) (vec_ZZ_p.cpp:43)
    n0: 3226960 0x16C17C: void NTL::VecStrategy<true>::do_BlockConstructFromVec<NTL::ZZ_p>(NTL::ZZ_p*, long, NTL::ZZ_p const*) (in /home/reti/dongHyeon/Function-hiding-IPE/build/bin/p-norm-ipe-test)
   n0: 17600 in 1 place, below massif's threshold (1.00%)
 n0: 297920 0x16B152: NTL::Vec<NTL::ZZ_p>::AllocateTo(long) (in /home/reti/dongHyeon/Function-hiding-IPE/build/bin/p-norm-ipe-test)
 n0: 35097 in 27 places, all below massif's threshold (1.00%)
#-----------
snapshot=12
#-----------
time=1141421338
mem_heap_B=4004737
mem_heap_extra_B=4327
mem_stacks_B=0
heap_tree=detailed
n3: 4004737 (heap allocation functions) malloc/new/new[], --alloc-fns, etc.
 n1: 3635192 0x20664E: _ntl_gblock_construct_alloc(_ntl_gbigint_body**, long, long) (lip.cpp:6279)
  n2: 3635192 0x228994: NTL::BasicBlockConstruct(NTL::ZZ_p*, long, long) (ZZ.h:1041)
   n1: 3617592 0x228A36: NTL::BlockConstructFromVec(NTL::ZZ_p*, long, NTL::ZZ_p const*) (vec_ZZ_p.cpp:43)
    n0: 3617592 0x16C17C: void NTL::VecStrategy<true>::do_BlockConstructFromVec<NTL::ZZ_p>(NTL::ZZ_p*, long, NTL::ZZ_p const*) (in /home/reti/dongHyeon/Function-hiding-IPE/build/bin/p-norm-ipe-test)
   n0: 17600 in 1 place, below massif's threshold (1.00%)
 n0: 333984 0x16B152: NTL::Vec<NTL::ZZ_p>::AllocateTo(long) (in /home/reti/dongHyeon/Function-hiding-IPE/build/bin/p-norm-ipe-test)
 n0: 35561 in 27 places, all below massif's threshold (1.00%)
#-----------
snapshot=13
#-----------
time=1220357712
mem_heap_B=4283017
mem_heap_extra_B=4567
mem_stacks_B=0
heap_tree=detailed
n3: 4283017 (heap allocation functions) malloc/new/new[], --alloc-fns, etc.
 n1: 3889952 0x20664E: _ntl_gblock_construct_alloc(_ntl_gbigint_body**, long, long) (lip.cpp:6279)
  n2: 3889952 0x228994: NTL::BasicBlockConstruct(NTL::ZZ_p*, long, long) (ZZ.h:1041)
   n1: 3872352 0x228A36: NTL::BlockConstructFromVec(NTL::ZZ_p*, long, NTL::ZZ_p const*) (vec_ZZ_p.cpp:43)
    n0: 3872352 0x16C17C: void NTL::VecStrategy<true>::do_BlockConstructFromVec<NTL::ZZ_p>(NTL::ZZ_p*, long, NTL::ZZ_p const*) (in /home/reti/dongHyeon/Function-hiding-IPE/build/bin/p-norm-ipe-test)
   n0: 17600 in 1 place, below massif's threshold (1.00%)
 n0: 357504 0x16B152: NTL::Vec<NTL::ZZ_p>::AllocateTo(long) (in /home/reti/dongHyeon/Function-hiding-IPE/build/bin/p-norm-ipe-test)
 n0: 35561 in 27 places, all below massif's threshold (1.00%)
#-----------
snapshot=14
#-----------
time=1330864297
mem_heap_B=4672609
mem_heap_extra_B=4903
mem_stacks_B=0
heap_tree=detailed
n3: 4672609 (heap allocation functions) malloc/new/new[], --alloc-fns, etc.
 n1: 4246616 0x20664E: _ntl_gblock_construct_alloc(_ntl_gbigint_body**, long, long) (lip.cpp:6279)
  n2: 4246616 0x228994: NTL::BasicBlockConstruct(NTL::ZZ_p*, long, long) (ZZ.h:1041)
   n1: 4229016 0x228A36: NTL::BlockConstructFromVec(NTL::ZZ_p*, long, NTL::ZZ_p const*) (vec_ZZ_p.cpp:43)
    n0: 4229016 0x16C17C: void NTL::VecStrategy<true>::do_BlockConstructFromVec<NTL::ZZ_p>(NTL::ZZ_p*, long, NTL::ZZ_p const*) (in /home/reti/dongHyeon/Function-hiding-IPE/build/bin/p-norm-ipe-test)
   n0: 17600 in 1 place, below massif's threshold (1.00%)
 n0: 390432 0x16B152: NTL::Vec<NTL::ZZ_p>::AllocateTo(long) (in /home/reti/dongHyeon/Function-hiding-IPE/build/bin/p-norm-ipe-test)
 n0: 35561 in 27 places, all below massif's threshold (1.00%)
#-----------
snapshot=15
#-----------
time=1425582432
mem_heap_B=5006545
mem_heap_extra_B=5191
mem_stacks_B=0
heap_tree=detailed
n3: 5006545 (heap allocation functions) malloc/new/new[], --alloc-fns, etc.
 n1: 4552328 0x20664E: _ntl_gblock_construct_alloc(_ntl_gbigint_body**, long, long) (lip.cpp:6279)
  n2: 4552328 0x228994: NTL::BasicBlockConstruct(NTL::ZZ_p*, long, long) (ZZ.h:1041)
   n1: 4534728 0x228A36: NTL::BlockConstructFromVec(NTL::ZZ_p*, long, NTL::ZZ_p const*) (vec_ZZ_p.cpp:43)
    n0: 4534728 0x16C17C: void NTL::VecStrategy<true>::do_BlockConstructFromVec<NTL::ZZ_p>(NTL::ZZ_p*, long, NTL::ZZ_p const*) (in /home/reti/dongHyeon/Function-hiding-IPE/build/bin/p-norm-ipe-test)
   n0: 17600 in 1 place, below massif's threshold (1.00%)
 n0: 418656 0x16B152: NTL::Vec<NTL::ZZ_p>::AllocateTo(long) (in /home/reti/dongHyeon/Function-hiding-IPE/build/bin/p-norm-ipe-test)
 n0: 35561 in 27 places, all below massif's threshold (1.00%)
#-----------
snapshot=16
#-----------
time=1520316649
mem_heap_B=5340481
mem_heap_extra_B=5479
mem_stacks_B=0
heap_tree=detailed
n3: 5340481 (heap allocation functions) malloc/new/new[], --alloc-fns, etc.
 n1: 4858040 0x20664E: _ntl_gblock_construct_alloc(_ntl_gbigint_body**, long, long) (lip.cpp:6279)
  n2: 4858040 0x228994: NTL::BasicBlockConstruct(NTL::ZZ_p*, long, long) (ZZ.h:1041)
   n1: 4840440 0x228A36: NTL::BlockConstructFromVec(NTL::ZZ_p*, long, NTL::ZZ_p const*) (vec_ZZ_p.cpp:43)
    n0: 4840440 0x16C17C: void NTL::VecStrategy<true>::do_BlockConstructFromVec<NTL::ZZ_p>(NTL::ZZ_p*, long, NTL::ZZ_p const*) (in /home/reti/dongHyeon/Function-hiding-IPE/build/bin/p-norm-ipe-test)
   n0: 17600 in 1 place, below massif's threshold (1.00%)
 n0: 446880 0x16B152: NTL::Vec<NTL::ZZ_p>::AllocateTo(long) (in /home/reti/dongHyeon/Function-hiding-IPE/build/bin/p-norm-ipe-test)
 n0: 35561 in 27 places, all below massif's threshold (1.00%)
#-----------
snapshot=17
#-----------
time=1583451047
mem_heap_B=5563105
mem_heap_extra_B=5671
mem_stacks_B=0
heap_tree=detailed
n3: 5563105 (heap allocation functions) malloc/new/new[], --alloc-fns, etc.
 n1: 5061848 0x20664E: _ntl_gblock_construct_alloc(_ntl_gbigint_body**, long, long) (lip.cpp:6279)
  n2: 5061848 0x228994: NTL::BasicBlockConstruct(NTL::ZZ_p*, long, long) (ZZ.h:1041)
   n1: 5044248 0x228A36: NTL::BlockConstructFromVec(NTL::ZZ_p*, long, NTL::ZZ_p const*) (vec_ZZ_p.cpp:43)
    n0: 5044248 0x16C17C: void NTL::VecStrategy<true>::do_BlockConstructFromVec<NTL::ZZ_p>(NTL::ZZ_p*, long, NTL::ZZ_p const*) (in /home/reti/dongHyeon/Function-hiding-IPE/build/bin/p-norm-ipe-test)
   n0: 17600 in 1 place, below massif's threshold (1.00%)
 n0: 465696 0x16B152: NTL::Vec<NTL::ZZ_p>::AllocateTo(long) (in /home/reti/dongHyeon/Function-hiding-IPE/build/bin/p-norm-ipe-test)
 n0: 35561 in 27 places, all below massif's threshold (1.00%)
#-----------
snapshot=18
#-----------
time=1693955922
mem_heap_B=5951185
mem_heap_extra_B=5999
mem_stacks_B=0
heap_tree=empty
#-----------
snapshot=19
#-----------
time=1762352033
mem_heap_B=6194561
mem_heap_extra_B=6215
mem_stacks_B=0
heap_tree=detailed
n3: 6194561 (heap allocation functions) malloc/new/new[], --alloc-fns, etc.
 n1: 5639304 0x20664E: _ntl_gblock_construct_alloc(_ntl_gbigint_body**, long, long) (lip.cpp:6279)
  n2: 5639304 0x228994: NTL::BasicBlockConstruct(NTL::ZZ_p*, long, long) (ZZ.h:1041)
   n1: 5621704 0x228A36: NTL::BlockConstructFromVec(NTL::ZZ_p*, long, NTL::ZZ_p const*) (vec_ZZ_p.cpp:43)
    n0: 5621704 0x16C17C: void NTL::VecStrategy<true>::do_BlockConstructFromVec<NTL::ZZ_p>(NTL::ZZ_p*, long, NTL::ZZ_p const*) (in /home/reti/dongHyeon/Function-hiding-IPE/build/bin/p-norm-ipe-test)
   n0: 17600 in 1 place, below massif's threshold (1.00%)
 n0: 519008 0x16B152: NTL::Vec<NTL::ZZ_p>::AllocateTo(long) (in /home/reti/dongHyeon/Function-hiding-IPE/build/bin/p-norm-ipe-test)
 n0: 36249 in 27 places, all below massif's threshold (1.00%)
#-----------
snapshot=20
#-----------
time=1841284079
mem_heap_B=6455241
mem_heap_extra_B=6391
mem_stacks_B=0
heap_tree=empty
#-----------
snapshot=21
#-----------
time=1930748710
mem_heap_B=6788225
mem_heap_extra_B=6727
mem_stacks_B=0
heap_tree=detailed
n3: 6788225 (heap allocation functions) malloc/new/new[], --alloc-fns, etc.
 n1: 6182792 0x20664E: _ntl_gblock_construct_alloc(_ntl_gbigint_body**, long, long) (lip.cpp:6279)
  n2: 6182792 0x228994: NTL::BasicBlockConstruct(NTL::ZZ_p*, long, long) (ZZ.h:1041)
   n1: 6165192 0x228A36: NTL::BlockConstructFromVec(NTL::ZZ_p*, long, NTL::ZZ_p const*) (vec_ZZ_p.cpp:43)
    n0: 6165192 0x16C17C: void NTL::VecStrategy<true>::do_BlockConstructFromVec<NTL::ZZ_p>(NTL::ZZ_p*, long, NTL::ZZ_p const*) (in /home/reti/dongHyeon/Function-hiding-IPE/build/bin/p-norm-ipe-test)
   n0: 17600 in 1 place, below massif's threshold (1.00%)
 n0: 569184 0x16B152: NTL::Vec<NTL::ZZ_p>::AllocateTo(long) (in /home/reti/dongHyeon/Function-hiding-IPE/build/bin/p-norm-ipe-test)
 n0: 36249 in 27 places, all below massif's threshold (1.00%)
#-----------
snapshot=22
#-----------
time=1993911928
mem_heap_B=7010849
mem_heap_extra_B=6919
mem_stacks_B=0
heap_tree=detailed
n3: 7010849 (heap allocation functions) malloc/new/new[], --alloc-fns, etc.
 n1: 6386600 0x20664E: _ntl_gblock_construct_alloc(_ntl_gbigint_body**, long, long) (lip.cpp:6279)
  n2: 6386600 0x228994: NTL::BasicBlockConstruct(NTL::ZZ_p*, long, long) (ZZ.h:1041)
   n1: 6369000 0x228A36: NTL::BlockConstructFromVec(NTL::ZZ_p*, long, NTL::ZZ_p const*) (vec_ZZ_p.cpp:43)
    n0: 6369000 0x16C17C: void NTL::VecStrategy<true>::do_BlockConstructFromVec<NTL::ZZ_p>(NTL::ZZ_p*, long, NTL::ZZ_p const*) (in /home/reti/dongHyeon/Function-hiding-IPE/build/bin/p-norm-ipe-test)
   n0: 17600 in 1 place, below massif's threshold (1.00%)
 n0: 588000 0x16B152: NTL::Vec<NTL::ZZ_p>::AllocateTo(long) (in /home/reti/dongHyeon/Function-hiding-IPE/build/bin/p-norm-ipe-test)
 n0: 36249 in 27 places, all below massif's threshold (1.00%)
#-----------
snapshot=23
#-----------
time=2109623775
mem_heap_B=7251737
mem_heap_extra_B=7135
mem_stacks_B=0
heap_tree=empty
#-----------
snapshot=24
#-----------
time=2207564483
mem_heap_B=7594737
mem_heap_extra_B=7407
mem_stacks_B=0
heap_tree=empty
#-----------
snapshot=25
#-----------
time=2289051695
mem_heap_B=7898857
mem_heap_extra_B=7687
mem_stacks_B=0
heap_tree=empty
#-----------
snapshot=26
#-----------
time=2338444086
mem_heap_B=8055873
mem_heap_extra_B=7799
mem_stacks_B=0
heap_tree=empty
#-----------
snapshot=27
#-----------
time=2420575035
mem_heap_B=8348065
mem_heap_extra_B=8095
mem_stacks_B=0
heap_tree=empty
#-----------
snapshot=28
#-----------
time=2485116713
mem_heap_B=8573017
mem_heap_extra_B=8247
mem_stacks_B=0
heap_tree=empty
#-----------
snapshot=29
#-----------
time=2567423423
mem_heap_B=8865953
mem_heap_extra_B=8535
mem_stacks_B=0
heap_tree=detailed
n3: 8865953 (heap allocation functions) malloc/new/new[], --alloc-fns, etc.
 n1: 8085000 0x20664E: _ntl_gblock_construct_alloc(_ntl_gbigint_body**, long, long) (lip.cpp:6279)
  n2: 8085000 0x228994: NTL::BasicBlockConstruct(NTL::ZZ_p*, long, long) (ZZ.h:1041)
   n0: 6573424 0x16C5A0: void NTL::VecStrategy<true>::do_BlockConstruct<NTL::ZZ_p>(NTL::ZZ_p*, long) (in /home/reti/dongHyeon/Function-hiding-IPE/build/bin/p-norm-ipe-test)
   n1: 1511576 0x228A36: NTL::BlockConstructFromVec(NTL::ZZ_p*, long, NTL::ZZ_p const*) (vec_ZZ_p.cpp:43)
    n0: 1511576 0x16C17C: void NTL::VecStrategy<true>::do_BlockConstructFromVec<NTL::ZZ_p>(NTL::ZZ_p*, long, NTL::ZZ_p const*) (in /home/reti/dongHyeon/Function-hiding-IPE/build/bin/p-norm-ipe-test)
 n0: 744800 0x16B152: NTL::Vec<NTL::ZZ_p>::AllocateTo(long) (in /home/reti/dongHyeon/Function-hiding-IPE/build/bin/p-norm-ipe-test)
 n0: 36153 in 27 places, all below massif's threshold (1.00%)
#-----------
snapshot=30
#-----------
time=2664024813
mem_heap_B=9203993
mem_heap_extra_B=8783
mem_stacks_B=0
heap_tree=empty
#-----------
snapshot=31
#-----------
time=2729872598
mem_heap_B=9436873
mem_heap_extra_B=9007
mem_stacks_B=0
heap_tree=detailed
n3: 9436873 (heap allocation functions) malloc/new/new[], --alloc-fns, etc.
 n1: 8607104 0x20664E: _ntl_gblock_construct_alloc(_ntl_gbigint_body**, long, long) (lip.cpp:6279)
  n2: 8607104 0x228994: NTL::BasicBlockConstruct(NTL::ZZ_p*, long, long) (ZZ.h:1041)
   n0: 6569024 0x16C5A0: void NTL::VecStrategy<true>::do_BlockConstruct<NTL::ZZ_p>(NTL::ZZ_p*, long) (in /home/reti/dongHyeon/Function-hiding-IPE/build/bin/p-norm-ipe-test)
   n1: 2038080 0x228A36: NTL::BlockConstructFromVec(NTL::ZZ_p*, long, NTL::ZZ_p const*) (vec_ZZ_p.cpp:43)
    n0: 2038080 0x16C17C: void NTL::VecStrategy<true>::do_BlockConstructFromVec<NTL::ZZ_p>(NTL::ZZ_p*, long, NTL::ZZ_p const*) (in /home/reti/dongHyeon/Function-hiding-IPE/build/bin/p-norm-ipe-test)
 n0: 793408 0x16B152: NTL::Vec<NTL::ZZ_p>::AllocateTo(long) (in /home/reti/dongHyeon/Function-hiding-IPE/build/bin/p-norm-ipe-test)
 n0: 36361 in 27 places, all below massif's threshold (1.00%)
#-----------
snapshot=32
#-----------
time=2858035993
mem_heap_B=9888009
mem_heap_extra_B=9375
mem_stacks_B=0
heap_tree=empty
#-----------
snapshot=33
#-----------
time=2954114591
mem_heap_B=10227161
mem_heap_extra_B=9671
mem_stacks_B=0
heap_tree=empty
#-----------
snapshot=34
#-----------
time=3081771666
mem_heap_B=10679473
mem_heap_extra_B=10079
mem_stacks_B=0
heap_tree=empty
#-----------
snapshot=35
#-----------
time=3146264219
mem_heap_B=10907185
mem_heap_extra_B=10287
mem_stacks_B=0
heap_tree=empty
#-----------
snapshot=36
#-----------
time=3242187999
mem_heap_B=11243073
mem_heap_extra_B=10543
mem_stacks_B=0
heap_tree=empty
#-----------
snapshot=37
#-----------
time=3306682075
mem_heap_B=11470609
mem_heap_extra_B=10743
mem_stacks_B=0
heap_tree=empty
#-----------
snapshot=38
#-----------
time=3371181380
mem_heap_B=11700297
mem_heap_extra_B=10959
mem_stacks_B=0
heap_tree=detailed
n3: 11700297 (heap allocation functions) malloc/new/new[], --alloc-fns, etc.
 n1: 10679152 0x20664E: _ntl_gblock_construct_alloc(_ntl_gbigint_body**, long, long) (lip.cpp:6279)
  n2: 10679152 0x228994: NTL::BasicBlockConstruct(NTL::ZZ_p*, long, long) (ZZ.h:1041)
   n0: 6569024 0x16C5A0: void NTL::VecStrategy<true>::do_BlockConstruct<NTL::ZZ_p>(NTL::ZZ_p*, long) (in /home/reti/dongHyeon/Function-hiding-IPE/build/bin/p-norm-ipe-test)
   n1: 4110128 0x228A36: NTL::BlockConstructFromVec(NTL::ZZ_p*, long, NTL::ZZ_p const*) (vec_ZZ_p.cpp:43)
    n0: 4110128 0x16C17C: void NTL::VecStrategy<true>::do_BlockConstructFromVec<NTL::ZZ_p>(NTL::ZZ_p*, long, NTL::ZZ_p const*) (in /home/reti/dongHyeon/Function-hiding-IPE/build/bin/p-norm-ipe-test)
 n0: 984704 0x16B152: NTL::Vec<NTL::ZZ_p>::AllocateTo(long) (in /home/reti/dongHyeon/Function-hiding-IPE/build/bin/p-norm-ipe-test)
 n0: 36441 in 27 places, all below massif's threshold (1.00%)
#-----------
snapshot=39
#-----------
time=3435004317
mem_heap_B=11923609
mem_heap_extra_B=11151
mem_stacks_B=0
heap_tree=empty
#-----------
snapshot=40
#-----------
time=3530923938
mem_heap_B=12278297
mem_heap_extra_B=11463
mem_stacks_B=0
heap_tree=empty
#-----------
snapshot=41
#-----------
time=3627668149
mem_heap_B=12602281
mem_heap_extra_B=11719
mem_stacks_B=0
heap_tree=empty
#-----------
snapshot=42
#-----------
time=3724406349
mem_heap_B=12944657
mem_heap_extra_B=12031
mem_stacks_B=0
heap_tree=empty
#-----------
snapshot=43
#-----------
time=3820297308
mem_heap_B=13284561
mem_heap_extra_B=12343
mem_stacks_B=0
heap_tree=empty
#-----------
snapshot=44
#-----------
time=3947985075
mem_heap_B=13732137
mem_heap_extra_B=12687
mem_stacks_B=0
heap_tree=empty
#-----------
snapshot=45
#-----------
time=4012483060
mem_heap_B=13959929
mem_heap_extra_B=12895
mem_stacks_B=0
heap_tree=detailed
n3: 13959929 (heap allocation functions) malloc/new/new[], --alloc-fns, etc.
 n1: 12746800 0x20664E: _ntl_gblock_construct_alloc(_ntl_gbigint_body**, long, long) (lip.cpp:6279)
  n2: 12746800 0x228994: NTL::BasicBlockConstruct(NTL::ZZ_p*, long, long) (ZZ.h:1041)
   n0: 6564624 0x16C5A0: void NTL::VecStrategy<true>::do_BlockConstruct<NTL::ZZ_p>(NTL::ZZ_p*, long) (in /home/reti/dongHyeon/Function-hiding-IPE/build/bin/p-norm-ipe-test)
   n1: 6182176 0x228A36: NTL::BlockConstructFromVec(NTL::ZZ_p*, long, NTL::ZZ_p const*) (vec_ZZ_p.cpp:43)
    n0: 6182176 0x16C17C: void NTL::VecStrategy<true>::do_BlockConstructFromVec<NTL::ZZ_p>(NTL::ZZ_p*, long, NTL::ZZ_p const*) (in /home/reti/dongHyeon/Function-hiding-IPE/build/bin/p-norm-ipe-test)
 n0: 1176000 0x16B152: NTL::Vec<NTL::ZZ_p>::AllocateTo(long) (in /home/reti/dongHyeon/Function-hiding-IPE/build/bin/p-norm-ipe-test)
 n0: 37129 in 27 places, all below massif's threshold (1.00%)
#-----------
snapshot=46
#-----------
time=4076966971
mem_heap_B=14187641
mem_heap_extra_B=13103
mem_stacks_B=0
heap_tree=empty
#-----------
snapshot=47
#-----------
time=4198224619
mem_heap_B=28683161
mem_heap_extra_B=25591
mem_stacks_B=0
heap_tree=peak
n3: 28683161 (heap allocation functions) malloc/new/new[], --alloc-fns, etc.
 n1: 26223296 0x20664E: _ntl_gblock_construct_alloc(_ntl_gbigint_body**, long, long) (lip.cpp:6279)
  n2: 26223296 0x228994: NTL::BasicBlockConstruct(NTL::ZZ_p*, long, long) (ZZ.h:1041)
   n0: 13111648 0x16C5A0: void NTL::VecStrategy<true>::do_BlockConstruct<NTL::ZZ_p>(NTL::ZZ_p*, long) (in /home/reti/dongHyeon/Function-hiding-IPE/build/bin/p-norm-ipe-test)
   n1: 13111648 0x228A36: NTL::BlockConstructFromVec(NTL::ZZ_p*, long, NTL::ZZ_p const*) (vec_ZZ_p.cpp:43)
    n0: 13111648 0x16C17C: void NTL::VecStrategy<true>::do_BlockConstructFromVec<NTL::ZZ_p>(NTL::ZZ_p*, long, NTL::ZZ_p const*) (in /home/reti/dongHyeon/Function-hiding-IPE/build/bin/p-norm-ipe-test)
 n0: 2420992 0x16B152: NTL::Vec<NTL::ZZ_p>::AllocateTo(long) (in /home/reti/dongHyeon/Function-hiding-IPE/build/bin/p-norm-ipe-test)
 n0: 38873 in 28 places, all below massif's threshold (1.00%)
#-----------
snapshot=48
#-----------
time=4277671944
mem_heap_B=14405453
mem_heap_extra_B=13571
mem_stacks_B=0
heap_tree=empty
#-----------
snapshot=49
#-----------
time=4374849385
mem_heap_B=14463705
mem_heap_extra_B=18903
mem_stacks_B=0
heap_tree=empty
#-----------
snapshot=50
#-----------
time=4425315342
mem_heap_B=14463705
mem_heap_extra_B=18903
mem_stacks_B=0
heap_tree=empty
#-----------
snapshot=51
#-----------
time=4476473395
mem_heap_B=14463849
mem_heap_extra_B=18943
mem_stacks_B=0
heap_tree=empty
#-----------
snapshot=52
#-----------
time=4526876919
mem_heap_B=14463849
mem_heap_extra_B=18943
mem_stacks_B=0
heap_tree=empty
#-----------
snapshot=53
#-----------
time=4576371358
mem_heap_B=14463849
mem_heap_extra_B=18943
mem_stacks_B=0
heap_tree=empty
#-----------
snapshot=54
#-----------
time=4626396046
mem_heap_B=14463993
mem_heap_extra_B=18983
mem_stacks_B=0
heap_tree=empty
#-----------
snapshot=55
#-----------
time=4676827152
mem_heap_B=14463993
mem_heap_extra_B=18983
mem_stacks_B=0
heap_tree=detailed
n3: 14463993 (heap allocation functions) malloc/new/new[], --alloc-fns, etc.
 n1: 13145616 0x20664E: _ntl_gblock_construct_alloc(_ntl_gbigint_body**, long, long) (lip.cpp:6279)
  n2: 13145616 0x228994: NTL::BasicBlockConstruct(NTL::ZZ_p*, long, long) (ZZ.h:1041)
   n1: 13128632 0x228A36: NTL::BlockConstructFromVec(NTL::ZZ_p*, long, NTL::ZZ_p const*) (vec_ZZ_p.cpp:43)
    n0: 13128632 0x16C17C: void NTL::VecStrategy<true>::do_BlockConstructFromVec<NTL::ZZ_p>(NTL::ZZ_p*, long, NTL::ZZ_p const*) (in /home/reti/dongHyeon/Function-hiding-IPE/build/bin/p-norm-ipe-test)
   n0: 16984 in 1 place, below massif's threshold (1.00%)
 n0: 1213632 0x16B152: NTL::Vec<NTL::ZZ_p>::AllocateTo(long) (in /home/reti/dongHyeon/Function-hiding-IPE/build/bin/p-norm-ipe-test)
 n0: 104745 in 55 places, all below massif's threshold (1.00%)
#-----------
snapshot=56
#-----------
time=4727242394
mem_heap_B=14463993
mem_heap_extra_B=18983
mem_stacks_B=0
heap_tree=empty
#-----------
snapshot=57
#-----------
time=4777672375
mem_heap_B=14463993
mem_heap_extra_B=18983
mem_stacks_B=0
heap_tree=empty
#-----------
snapshot=58
#-----------
time=4828208664
mem_heap_B=14463993
mem_heap_extra_B=18983
mem_stacks_B=0
heap_tree=empty
#-----------
snapshot=59
#-----------
time=4879476110
mem_heap_B=14463869
mem_heap_extra_B=18963
mem_stacks_B=0
heap_tree=empty
#-----------
snapshot=60
#-----------
time=4929682318
mem_heap_B=14463869
mem_heap_extra_B=18963
mem_stacks_B=0
heap_tree=empty
#-----------
snapshot=61
#-----------
time=4979604019
mem_heap_B=14463725
mem_heap_extra_B=18923
mem_stacks_B=0
heap_tree=empty
#-----------
snapshot=62
#-----------
time=5030214259
mem_heap_B=14463725
mem_heap_extra_B=18931
mem_stacks_B=0
heap_tree=empty
#-----------
snapshot=63
#-----------
time=5080981889
mem_heap_B=14463725
mem_heap_extra_B=18931
mem_stacks_B=0
heap_tree=empty
#-----------
snapshot=64
#-----------
time=5131802402
mem_heap_B=14463561
mem_heap_extra_B=18863
mem_stacks_B=0
heap_tree=empty
#-----------
snapshot=65
#-----------
time=5182578200
mem_heap_B=14463561
mem_heap_extra_B=18863
mem_stacks_B=0
heap_tree=detailed
n3: 14463561 (heap allocation functions) malloc/new/new[], --alloc-fns, etc.
 n1: 13145616 0x20664E: _ntl_gblock_construct_alloc(_ntl_gbigint_body**, long, long) (lip.cpp:6279)
  n2: 13145616 0x228994: NTL::BasicBlockConstruct(NTL::ZZ_p*, long, long) (ZZ.h:1041)
   n1: 13128632 0x228A36: NTL::BlockConstructFromVec(NTL::ZZ_p*, long, NTL::ZZ_p const*) (vec_ZZ_p.cpp:43)
    n0: 13128632 0x16C17C: void NTL::VecStrategy<true>::do_BlockConstructFromVec<NTL::ZZ_p>(NTL::ZZ_p*, long, NTL::ZZ_p const*) (in /home/reti/dongHyeon/Function-hiding-IPE/build/bin/p-norm-ipe-test)
   n0: 16984 in 1 place, below massif's threshold (1.00%)
 n0: 1213632 0x16B152: NTL::Vec<NTL::ZZ_p>::AllocateTo(long) (in /home/reti/dongHyeon/Function-hiding-IPE/build/bin/p-norm-ipe-test)
 n0: 104313 in 55 places, all below massif's threshold (1.00%)
