desc: --massif-out-file=keygen/memory-16-10-8.log
cmd: ./p-norm-ipe-test keygen 16 10 8
time_unit: i
#-----------
snapshot=0
#-----------
time=0
mem_heap_B=0
mem_heap_extra_B=0
mem_stacks_B=0
heap_tree=empty
#-----------
snapshot=1
#-----------
time=11014981
mem_heap_B=32765
mem_heap_extra_B=771
mem_stacks_B=0
heap_tree=detailed
n7: 32765 (heap allocation functions) malloc/new/new[], --alloc-fns, etc.
 n0: 20224 0x48F4F42: ??? (in /usr/lib/arm-linux-gnueabihf/libstdc++.so.6.0.26)
 n1: 8192 0x493D6C6: std::basic_filebuf<char, std::char_traits<char> >::_M_allocate_internal_buffer() (in /usr/lib/arm-linux-gnueabihf/libstdc++.so.6.0.26)
  n1: 8192 0x493FFE2: std::basic_filebuf<char, std::char_traits<char> >::open(char const*, std::_Ios_Openmode) (in /usr/lib/arm-linux-gnueabihf/libstdc++.so.6.0.26)
   n0: 8192 0x49409EA: std::basic_ifstream<char, std::char_traits<char> >::basic_ifstream(std::__cxx11::basic_string<char, std::char_traits<char>, std::allocator<char> > const&, std::_Ios_Openmode) (in /usr/lib/arm-linux-gnueabihf/libstdc++.so.6.0.26)
 n0: 2700 0x24B812: __gmp_default_allocate (in /home/reti/dongHyeon/Function-hiding-IPE/build/bin/p-norm-ipe-test)
 n1: 520 0x4ADE1F0: __new_exitfn (cxa_atexit.c:114)
  n1: 520 0x4ADE264: __internal_atexit (cxa_atexit.c:44)
   n0: 520 0x251574: __libc_csu_init (in /home/reti/dongHyeon/Function-hiding-IPE/build/bin/p-norm-ipe-test)
 n1: 513 0x49658F2: std::__cxx11::basic_string<char, std::char_traits<char>, std::allocator<char> >::reserve(unsigned int) (in /usr/lib/arm-linux-gnueabihf/libstdc++.so.6.0.26)
  n0: 513 0x495D556: std::__cxx11::basic_stringbuf<char, std::char_traits<char>, std::allocator<char> >::overflow(int) (in /usr/lib/arm-linux-gnueabihf/libstdc++.so.6.0.26)
 n1: 352 0x4AFE6FA: __fopen_internal (iofopen.c:65)
  n1: 352 0x490F2C6: std::__basic_file<char>::open(char const*, std::_Ios_Openmode, int) (in /usr/lib/arm-linux-gnueabihf/libstdc++.so.6.0.26)
   n1: 352 0x493FFD4: std::basic_filebuf<char, std::char_traits<char> >::open(char const*, std::_Ios_Openmode) (in /usr/lib/arm-linux-gnueabihf/libstdc++.so.6.0.26)
    n0: 352 0x49409EA: std::basic_ifstream<char, std::char_traits<char> >::basic_ifstream(std::__cxx11::basic_string<char, std::char_traits<char>, std::allocator<char> > const&, std::_Ios_Openmode) (in /usr/lib/arm-linux-gnueabihf/libstdc++.so.6.0.26)
 n0: 264 in 7 places, all below massif's threshold (1.00%)
#-----------
snapshot=2
#-----------
time=18182060
mem_heap_B=30545
mem_heap_extra_B=743
mem_stacks_B=0
heap_tree=empty
#-----------
snapshot=3
#-----------
time=29937319
mem_heap_B=65065
mem_heap_extra_B=951
mem_stacks_B=0
heap_tree=empty
#-----------
snapshot=4
#-----------
time=36166831
mem_heap_B=87049
mem_heap_extra_B=1015
mem_stacks_B=0
heap_tree=empty
#-----------
snapshot=5
#-----------
time=44629597
mem_heap_B=116921
mem_heap_extra_B=1103
mem_stacks_B=0
heap_tree=empty
#-----------
snapshot=6
#-----------
time=50180862
mem_heap_B=143513
mem_heap_extra_B=1183
mem_stacks_B=0
heap_tree=detailed
n5: 143513 (heap allocation functions) malloc/new/new[], --alloc-fns, etc.
 n1: 101904 0x20664E: _ntl_gblock_construct_alloc(_ntl_gbigint_body**, long, long) (lip.cpp:6279)
  n2: 101904 0x228994: NTL::BasicBlockConstruct(NTL::ZZ_p*, long, long) (ZZ.h:1041)
   n1: 95304 0x228A36: NTL::BlockConstructFromVec(NTL::ZZ_p*, long, NTL::ZZ_p const*) (vec_ZZ_p.cpp:43)
    n0: 95304 0x16C17C: void NTL::VecStrategy<true>::do_BlockConstructFromVec<NTL::ZZ_p>(NTL::ZZ_p*, long, NTL::ZZ_p const*) (in /home/reti/dongHyeon/Function-hiding-IPE/build/bin/p-norm-ipe-test)
   n0: 6600 0x16C5A0: void NTL::VecStrategy<true>::do_BlockConstruct<NTL::ZZ_p>(NTL::ZZ_p*, long) (in /home/reti/dongHyeon/Function-hiding-IPE/build/bin/p-norm-ipe-test)
 n0: 20224 0x48F4F42: ??? (in /usr/lib/arm-linux-gnueabihf/libstdc++.so.6.0.26)
 n0: 9120 0x16B152: NTL::Vec<NTL::ZZ_p>::AllocateTo(long) (in /home/reti/dongHyeon/Function-hiding-IPE/build/bin/p-norm-ipe-test)
 n1: 8192 0x493D6C6: std::basic_filebuf<char, std::char_traits<char> >::_M_allocate_internal_buffer() (in /usr/lib/arm-linux-gnueabihf/libstdc++.so.6.0.26)
  n1: 8192 0x493FFE2: std::basic_filebuf<char, std::char_traits<char> >::open(char const*, std::_Ios_Openmode) (in /usr/lib/arm-linux-gnueabihf/libstdc++.so.6.0.26)
   n0: 8192 0x49409EA: std::basic_ifstream<char, std::char_traits<char> >::basic_ifstream(std::__cxx11::basic_string<char, std::char_traits<char>, std::allocator<char> > const&, std::_Ios_Openmode) (in /usr/lib/arm-linux-gnueabihf/libstdc++.so.6.0.26)
 n0: 4073 in 24 places, all below massif's threshold (1.00%)
#-----------
snapshot=7
#-----------
time=57964804
mem_heap_B=170993
mem_heap_extra_B=1263
mem_stacks_B=0
heap_tree=detailed
n5: 170993 (heap allocation functions) malloc/new/new[], --alloc-fns, etc.
 n1: 126984 0x20664E: _ntl_gblock_construct_alloc(_ntl_gbigint_body**, long, long) (lip.cpp:6279)
  n2: 126984 0x228994: NTL::BasicBlockConstruct(NTL::ZZ_p*, long, long) (ZZ.h:1041)
   n1: 120384 0x228A36: NTL::BlockConstructFromVec(NTL::ZZ_p*, long, NTL::ZZ_p const*) (vec_ZZ_p.cpp:43)
    n0: 120384 0x16C17C: void NTL::VecStrategy<true>::do_BlockConstructFromVec<NTL::ZZ_p>(NTL::ZZ_p*, long, NTL::ZZ_p const*) (in /home/reti/dongHyeon/Function-hiding-IPE/build/bin/p-norm-ipe-test)
   n0: 6600 0x16C5A0: void NTL::VecStrategy<true>::do_BlockConstruct<NTL::ZZ_p>(NTL::ZZ_p*, long) (in /home/reti/dongHyeon/Function-hiding-IPE/build/bin/p-norm-ipe-test)
 n0: 20224 0x48F4F42: ??? (in /usr/lib/arm-linux-gnueabihf/libstdc++.so.6.0.26)
 n0: 11520 0x16B152: NTL::Vec<NTL::ZZ_p>::AllocateTo(long) (in /home/reti/dongHyeon/Function-hiding-IPE/build/bin/p-norm-ipe-test)
 n1: 8192 0x493D6C6: std::basic_filebuf<char, std::char_traits<char> >::_M_allocate_internal_buffer() (in /usr/lib/arm-linux-gnueabihf/libstdc++.so.6.0.26)
  n1: 8192 0x493FFE2: std::basic_filebuf<char, std::char_traits<char> >::open(char const*, std::_Ios_Openmode) (in /usr/lib/arm-linux-gnueabihf/libstdc++.so.6.0.26)
   n0: 8192 0x49409EA: std::basic_ifstream<char, std::char_traits<char> >::basic_ifstream(std::__cxx11::basic_string<char, std::char_traits<char>, std::allocator<char> > const&, std::_Ios_Openmode) (in /usr/lib/arm-linux-gnueabihf/libstdc++.so.6.0.26)
 n0: 4073 in 24 places, all below massif's threshold (1.00%)
#-----------
snapshot=8
#-----------
time=67308380
mem_heap_B=203969
mem_heap_extra_B=1359
mem_stacks_B=0
heap_tree=detailed
n5: 203969 (heap allocation functions) malloc/new/new[], --alloc-fns, etc.
 n1: 157080 0x20664E: _ntl_gblock_construct_alloc(_ntl_gbigint_body**, long, long) (lip.cpp:6279)
  n2: 157080 0x228994: NTL::BasicBlockConstruct(NTL::ZZ_p*, long, long) (ZZ.h:1041)
   n1: 150480 0x228A36: NTL::BlockConstructFromVec(NTL::ZZ_p*, long, NTL::ZZ_p const*) (vec_ZZ_p.cpp:43)
    n0: 150480 0x16C17C: void NTL::VecStrategy<true>::do_BlockConstructFromVec<NTL::ZZ_p>(NTL::ZZ_p*, long, NTL::ZZ_p const*) (in /home/reti/dongHyeon/Function-hiding-IPE/build/bin/p-norm-ipe-test)
   n0: 6600 0x16C5A0: void NTL::VecStrategy<true>::do_BlockConstruct<NTL::ZZ_p>(NTL::ZZ_p*, long) (in /home/reti/dongHyeon/Function-hiding-IPE/build/bin/p-norm-ipe-test)
 n0: 20224 0x48F4F42: ??? (in /usr/lib/arm-linux-gnueabihf/libstdc++.so.6.0.26)
 n0: 14400 0x16B152: NTL::Vec<NTL::ZZ_p>::AllocateTo(long) (in /home/reti/dongHyeon/Function-hiding-IPE/build/bin/p-norm-ipe-test)
 n1: 8192 0x493D6C6: std::basic_filebuf<char, std::char_traits<char> >::_M_allocate_internal_buffer() (in /usr/lib/arm-linux-gnueabihf/libstdc++.so.6.0.26)
  n1: 8192 0x493FFE2: std::basic_filebuf<char, std::char_traits<char> >::open(char const*, std::_Ios_Openmode) (in /usr/lib/arm-linux-gnueabihf/libstdc++.so.6.0.26)
   n0: 8192 0x49409EA: std::basic_ifstream<char, std::char_traits<char> >::basic_ifstream(std::__cxx11::basic_string<char, std::char_traits<char>, std::allocator<char> > const&, std::_Ios_Openmode) (in /usr/lib/arm-linux-gnueabihf/libstdc++.so.6.0.26)
 n0: 4073 in 24 places, all below massif's threshold (1.00%)
#-----------
snapshot=9
#-----------
time=76647840
mem_heap_B=236945
mem_heap_extra_B=1455
mem_stacks_B=0
heap_tree=detailed
n5: 236945 (heap allocation functions) malloc/new/new[], --alloc-fns, etc.
 n1: 187176 0x20664E: _ntl_gblock_construct_alloc(_ntl_gbigint_body**, long, long) (lip.cpp:6279)
  n2: 187176 0x228994: NTL::BasicBlockConstruct(NTL::ZZ_p*, long, long) (ZZ.h:1041)
   n1: 180576 0x228A36: NTL::BlockConstructFromVec(NTL::ZZ_p*, long, NTL::ZZ_p const*) (vec_ZZ_p.cpp:43)
    n0: 180576 0x16C17C: void NTL::VecStrategy<true>::do_BlockConstructFromVec<NTL::ZZ_p>(NTL::ZZ_p*, long, NTL::ZZ_p const*) (in /home/reti/dongHyeon/Function-hiding-IPE/build/bin/p-norm-ipe-test)
   n0: 6600 0x16C5A0: void NTL::VecStrategy<true>::do_BlockConstruct<NTL::ZZ_p>(NTL::ZZ_p*, long) (in /home/reti/dongHyeon/Function-hiding-IPE/build/bin/p-norm-ipe-test)
 n0: 20224 0x48F4F42: ??? (in /usr/lib/arm-linux-gnueabihf/libstdc++.so.6.0.26)
 n0: 17280 0x16B152: NTL::Vec<NTL::ZZ_p>::AllocateTo(long) (in /home/reti/dongHyeon/Function-hiding-IPE/build/bin/p-norm-ipe-test)
 n1: 8192 0x493D6C6: std::basic_filebuf<char, std::char_traits<char> >::_M_allocate_internal_buffer() (in /usr/lib/arm-linux-gnueabihf/libstdc++.so.6.0.26)
  n1: 8192 0x493FFE2: std::basic_filebuf<char, std::char_traits<char> >::open(char const*, std::_Ios_Openmode) (in /usr/lib/arm-linux-gnueabihf/libstdc++.so.6.0.26)
   n0: 8192 0x49409EA: std::basic_ifstream<char, std::char_traits<char> >::basic_ifstream(std::__cxx11::basic_string<char, std::char_traits<char>, std::allocator<char> > const&, std::_Ios_Openmode) (in /usr/lib/arm-linux-gnueabihf/libstdc++.so.6.0.26)
 n0: 4073 in 24 places, all below massif's threshold (1.00%)
#-----------
snapshot=10
#-----------
time=84433584
mem_heap_B=264425
mem_heap_extra_B=1535
mem_stacks_B=0
heap_tree=detailed
n5: 264425 (heap allocation functions) malloc/new/new[], --alloc-fns, etc.
 n1: 212256 0x20664E: _ntl_gblock_construct_alloc(_ntl_gbigint_body**, long, long) (lip.cpp:6279)
  n2: 212256 0x228994: NTL::BasicBlockConstruct(NTL::ZZ_p*, long, long) (ZZ.h:1041)
   n1: 205656 0x228A36: NTL::BlockConstructFromVec(NTL::ZZ_p*, long, NTL::ZZ_p const*) (vec_ZZ_p.cpp:43)
    n0: 205656 0x16C17C: void NTL::VecStrategy<true>::do_BlockConstructFromVec<NTL::ZZ_p>(NTL::ZZ_p*, long, NTL::ZZ_p const*) (in /home/reti/dongHyeon/Function-hiding-IPE/build/bin/p-norm-ipe-test)
   n0: 6600 0x16C5A0: void NTL::VecStrategy<true>::do_BlockConstruct<NTL::ZZ_p>(NTL::ZZ_p*, long) (in /home/reti/dongHyeon/Function-hiding-IPE/build/bin/p-norm-ipe-test)
 n0: 20224 0x48F4F42: ??? (in /usr/lib/arm-linux-gnueabihf/libstdc++.so.6.0.26)
 n0: 19680 0x16B152: NTL::Vec<NTL::ZZ_p>::AllocateTo(long) (in /home/reti/dongHyeon/Function-hiding-IPE/build/bin/p-norm-ipe-test)
 n1: 8192 0x493D6C6: std::basic_filebuf<char, std::char_traits<char> >::_M_allocate_internal_buffer() (in /usr/lib/arm-linux-gnueabihf/libstdc++.so.6.0.26)
  n1: 8192 0x493FFE2: std::basic_filebuf<char, std::char_traits<char> >::open(char const*, std::_Ios_Openmode) (in /usr/lib/arm-linux-gnueabihf/libstdc++.so.6.0.26)
   n0: 8192 0x49409EA: std::basic_ifstream<char, std::char_traits<char> >::basic_ifstream(std::__cxx11::basic_string<char, std::char_traits<char>, std::allocator<char> > const&, std::_Ios_Openmode) (in /usr/lib/arm-linux-gnueabihf/libstdc++.so.6.0.26)
 n0: 4073 in 24 places, all below massif's threshold (1.00%)
#-----------
snapshot=11
#-----------
time=94450607
mem_heap_B=292793
mem_heap_extra_B=1615
mem_stacks_B=0
heap_tree=empty
#-----------
snapshot=12
#-----------
time=103118043
mem_heap_B=330569
mem_heap_extra_B=1727
mem_stacks_B=0
heap_tree=detailed
n5: 330569 (heap allocation functions) malloc/new/new[], --alloc-fns, etc.
 n1: 272448 0x20664E: _ntl_gblock_construct_alloc(_ntl_gbigint_body**, long, long) (lip.cpp:6279)
  n2: 272448 0x228994: NTL::BasicBlockConstruct(NTL::ZZ_p*, long, long) (ZZ.h:1041)
   n1: 265848 0x228A36: NTL::BlockConstructFromVec(NTL::ZZ_p*, long, NTL::ZZ_p const*) (vec_ZZ_p.cpp:43)
    n0: 265848 0x16C17C: void NTL::VecStrategy<true>::do_BlockConstructFromVec<NTL::ZZ_p>(NTL::ZZ_p*, long, NTL::ZZ_p const*) (in /home/reti/dongHyeon/Function-hiding-IPE/build/bin/p-norm-ipe-test)
   n0: 6600 0x16C5A0: void NTL::VecStrategy<true>::do_BlockConstruct<NTL::ZZ_p>(NTL::ZZ_p*, long) (in /home/reti/dongHyeon/Function-hiding-IPE/build/bin/p-norm-ipe-test)
 n0: 25440 0x16B152: NTL::Vec<NTL::ZZ_p>::AllocateTo(long) (in /home/reti/dongHyeon/Function-hiding-IPE/build/bin/p-norm-ipe-test)
 n0: 20224 0x48F4F42: ??? (in /usr/lib/arm-linux-gnueabihf/libstdc++.so.6.0.26)
 n1: 8192 0x493D6C6: std::basic_filebuf<char, std::char_traits<char> >::_M_allocate_internal_buffer() (in /usr/lib/arm-linux-gnueabihf/libstdc++.so.6.0.26)
  n1: 8192 0x493FFE2: std::basic_filebuf<char, std::char_traits<char> >::open(char const*, std::_Ios_Openmode) (in /usr/lib/arm-linux-gnueabihf/libstdc++.so.6.0.26)
   n0: 8192 0x49409EA: std::basic_ifstream<char, std::char_traits<char> >::basic_ifstream(std::__cxx11::basic_string<char, std::char_traits<char>, std::allocator<char> > const&, std::_Ios_Openmode) (in /usr/lib/arm-linux-gnueabihf/libstdc++.so.6.0.26)
 n0: 4265 in 25 places, all below massif's threshold (1.00%)
#-----------
snapshot=13
#-----------
time=111579476
mem_heap_B=353441
mem_heap_extra_B=1791
mem_stacks_B=0
heap_tree=empty
#-----------
snapshot=14
#-----------
time=124033598
mem_heap_B=397409
mem_heap_extra_B=1919
mem_stacks_B=0
heap_tree=empty
#-----------
snapshot=15
#-----------
time=134930684
mem_heap_B=435881
mem_heap_extra_B=2031
mem_stacks_B=0
heap_tree=empty
#-----------
snapshot=16
#-----------
time=142033976
mem_heap_B=467969
mem_heap_extra_B=2127
mem_stacks_B=0
heap_tree=detailed
n5: 467969 (heap allocation functions) malloc/new/new[], --alloc-fns, etc.
 n1: 397848 0x20664E: _ntl_gblock_construct_alloc(_ntl_gbigint_body**, long, long) (lip.cpp:6279)
  n2: 397848 0x228994: NTL::BasicBlockConstruct(NTL::ZZ_p*, long, long) (ZZ.h:1041)
   n1: 391248 0x228A36: NTL::BlockConstructFromVec(NTL::ZZ_p*, long, NTL::ZZ_p const*) (vec_ZZ_p.cpp:43)
    n0: 391248 0x16C17C: void NTL::VecStrategy<true>::do_BlockConstructFromVec<NTL::ZZ_p>(NTL::ZZ_p*, long, NTL::ZZ_p const*) (in /home/reti/dongHyeon/Function-hiding-IPE/build/bin/p-norm-ipe-test)
   n0: 6600 0x16C5A0: void NTL::VecStrategy<true>::do_BlockConstruct<NTL::ZZ_p>(NTL::ZZ_p*, long) (in /home/reti/dongHyeon/Function-hiding-IPE/build/bin/p-norm-ipe-test)
 n0: 37440 0x16B152: NTL::Vec<NTL::ZZ_p>::AllocateTo(long) (in /home/reti/dongHyeon/Function-hiding-IPE/build/bin/p-norm-ipe-test)
 n0: 20224 0x48F4F42: ??? (in /usr/lib/arm-linux-gnueabihf/libstdc++.so.6.0.26)
 n1: 8192 0x493D6C6: std::basic_filebuf<char, std::char_traits<char> >::_M_allocate_internal_buffer() (in /usr/lib/arm-linux-gnueabihf/libstdc++.so.6.0.26)
  n1: 8192 0x493FFE2: std::basic_filebuf<char, std::char_traits<char> >::open(char const*, std::_Ios_Openmode) (in /usr/lib/arm-linux-gnueabihf/libstdc++.so.6.0.26)
   n0: 8192 0x49409EA: std::basic_ifstream<char, std::char_traits<char> >::basic_ifstream(std::__cxx11::basic_string<char, std::char_traits<char>, std::allocator<char> > const&, std::_Ios_Openmode) (in /usr/lib/arm-linux-gnueabihf/libstdc++.so.6.0.26)
 n0: 4265 in 25 places, all below massif's threshold (1.00%)
#-----------
snapshot=17
#-----------
time=152053167
mem_heap_B=496337
mem_heap_extra_B=2207
mem_stacks_B=0
heap_tree=empty
#-----------
snapshot=18
#-----------
time=158277485
mem_heap_B=518321
mem_heap_extra_B=2271
mem_stacks_B=0
heap_tree=empty
#-----------
snapshot=19
#-----------
time=166740385
mem_heap_B=548209
mem_heap_extra_B=2359
mem_stacks_B=0
heap_tree=empty
#-----------
snapshot=20
#-----------
time=179198548
mem_heap_B=592385
mem_heap_extra_B=2487
mem_stacks_B=0
heap_tree=empty
#-----------
snapshot=21
#-----------
time=188536542
mem_heap_B=625361
mem_heap_extra_B=2583
mem_stacks_B=0
heap_tree=empty
#-----------
snapshot=22
#-----------
time=194762464
mem_heap_B=647345
mem_heap_extra_B=2647
mem_stacks_B=0
heap_tree=empty
#-----------
snapshot=23
#-----------
time=204212661
mem_heap_B=667001
mem_heap_extra_B=2711
mem_stacks_B=0
heap_tree=empty
#-----------
snapshot=24
#-----------
time=209557495
mem_heap_B=685897
mem_heap_extra_B=2767
mem_stacks_B=0
heap_tree=empty
#-----------
snapshot=25
#-----------
time=221340684
mem_heap_B=727457
mem_heap_extra_B=2887
mem_stacks_B=0
heap_tree=empty
#-----------
snapshot=26
#-----------
time=229124980
mem_heap_B=754937
mem_heap_extra_B=2967
mem_stacks_B=0
heap_tree=empty
#-----------
snapshot=27
#-----------
time=237585087
mem_heap_B=784825
mem_heap_extra_B=3055
mem_stacks_B=0
heap_tree=empty
#-----------
snapshot=28
#-----------
time=250042737
mem_heap_B=828793
mem_heap_extra_B=3183
mem_stacks_B=0
heap_tree=empty
#-----------
snapshot=29
#-----------
time=256270025
mem_heap_B=850777
mem_heap_extra_B=3247
mem_stacks_B=0
heap_tree=empty
#-----------
snapshot=30
#-----------
time=262696425
mem_heap_B=878257
mem_heap_extra_B=3327
mem_stacks_B=0
heap_tree=empty
#-----------
snapshot=31
#-----------
time=272040337
mem_heap_B=911233
mem_heap_extra_B=3423
mem_stacks_B=0
heap_tree=empty
#-----------
snapshot=32
#-----------
time=278268471
mem_heap_B=928417
mem_heap_extra_B=3471
mem_stacks_B=0
heap_tree=empty
#-----------
snapshot=33
#-----------
time=287612019
mem_heap_B=966385
mem_heap_extra_B=3583
mem_stacks_B=0
heap_tree=empty
#-----------
snapshot=34
#-----------
time=296954743
mem_heap_B=999361
mem_heap_extra_B=3679
mem_stacks_B=0
heap_tree=empty
#-----------
snapshot=35
#-----------
time=303182714
mem_heap_B=1021345
mem_heap_extra_B=3743
mem_stacks_B=0
heap_tree=empty
#-----------
snapshot=36
#-----------
time=310758481
mem_heap_B=1043329
mem_heap_extra_B=3807
mem_stacks_B=0
heap_tree=empty
#-----------
snapshot=37
#-----------
time=317185719
mem_heap_B=1070809
mem_heap_extra_B=3887
mem_stacks_B=0
heap_tree=empty
#-----------
snapshot=38
#-----------
time=329640697
mem_heap_B=1114777
mem_heap_extra_B=4015
mem_stacks_B=0
heap_tree=empty
#-----------
snapshot=39
#-----------
time=338981759
mem_heap_B=1147753
mem_heap_extra_B=4111
mem_stacks_B=0
heap_tree=empty
#-----------
snapshot=40
#-----------
time=345884900
mem_heap_B=1167329
mem_heap_extra_B=4167
mem_stacks_B=0
heap_tree=empty
#-----------
snapshot=41
#-----------
time=352113344
mem_heap_B=1189313
mem_heap_extra_B=4231
mem_stacks_B=0
heap_tree=empty
#-----------
snapshot=42
#-----------
time=359018874
mem_heap_B=1213913
mem_heap_extra_B=4303
mem_stacks_B=0
heap_tree=empty
#-----------
snapshot=43
#-----------
time=365247816
mem_heap_B=1235897
mem_heap_extra_B=4367
mem_stacks_B=0
heap_tree=empty
#-----------
snapshot=44
#-----------
time=374778173
mem_heap_B=1271553
mem_heap_extra_B=4479
mem_stacks_B=0
heap_tree=empty
#-----------
snapshot=45
#-----------
time=386116109
mem_heap_B=2540249
mem_heap_extra_B=8191
mem_stacks_B=0
heap_tree=peak
n3: 2540249 (heap allocation functions) malloc/new/new[], --alloc-fns, etc.
 n1: 2287296 0x20664E: _ntl_gblock_construct_alloc(_ntl_gbigint_body**, long, long) (lip.cpp:6279)
  n2: 2287296 0x228994: NTL::BasicBlockConstruct(NTL::ZZ_p*, long, long) (ZZ.h:1041)
   n0: 1143648 0x16C5A0: void NTL::VecStrategy<true>::do_BlockConstruct<NTL::ZZ_p>(NTL::ZZ_p*, long) (in /home/reti/dongHyeon/Function-hiding-IPE/build/bin/p-norm-ipe-test)
   n1: 1143648 0x228A36: NTL::BlockConstructFromVec(NTL::ZZ_p*, long, NTL::ZZ_p const*) (vec_ZZ_p.cpp:43)
    n0: 1143648 0x16C17C: void NTL::VecStrategy<true>::do_BlockConstructFromVec<NTL::ZZ_p>(NTL::ZZ_p*, long, NTL::ZZ_p const*) (in /home/reti/dongHyeon/Function-hiding-IPE/build/bin/p-norm-ipe-test)
 n0: 218880 0x16B152: NTL::Vec<NTL::ZZ_p>::AllocateTo(long) (in /home/reti/dongHyeon/Function-hiding-IPE/build/bin/p-norm-ipe-test)
 n0: 34073 in 28 places, all below massif's threshold (1.00%)
#-----------
snapshot=46
#-----------
time=395606958
mem_heap_B=1294605
mem_heap_extra_B=4875
mem_stacks_B=0
heap_tree=empty
#-----------
snapshot=47
#-----------
time=403692794
mem_heap_B=1313433
mem_heap_extra_B=6455
mem_stacks_B=0
heap_tree=empty
#-----------
snapshot=48
#-----------
time=422595770
mem_heap_B=1313437
mem_heap_extra_B=6467
mem_stacks_B=0
heap_tree=empty
#-----------
snapshot=49
#-----------
time=431870994
mem_heap_B=1313545
mem_heap_extra_B=6487
mem_stacks_B=0
heap_tree=empty
#-----------
snapshot=50
#-----------
time=438812785
mem_heap_B=1313545
mem_heap_extra_B=6487
mem_stacks_B=0
heap_tree=empty
#-----------
snapshot=51
#-----------
time=445736498
mem_heap_B=1313545
mem_heap_extra_B=6487
mem_stacks_B=0
heap_tree=empty
#-----------
snapshot=52
#-----------
time=452804348
mem_heap_B=1313545
mem_heap_extra_B=6487
mem_stacks_B=0
heap_tree=empty
#-----------
snapshot=53
#-----------
time=459744596
mem_heap_B=1313545
mem_heap_extra_B=6487
mem_stacks_B=0
heap_tree=empty
#-----------
snapshot=54
#-----------
time=466591746
mem_heap_B=1313545
mem_heap_extra_B=6487
mem_stacks_B=0
heap_tree=detailed
n5: 1313545 (heap allocation functions) malloc/new/new[], --alloc-fns, etc.
 n1: 1153680 0x20664E: _ntl_gblock_construct_alloc(_ntl_gbigint_body**, long, long) (lip.cpp:6279)
  n2: 1153680 0x228994: NTL::BasicBlockConstruct(NTL::ZZ_p*, long, long) (ZZ.h:1041)
   n1: 1148664 0x228A36: NTL::BlockConstructFromVec(NTL::ZZ_p*, long, NTL::ZZ_p const*) (vec_ZZ_p.cpp:43)
    n0: 1148664 0x16C17C: void NTL::VecStrategy<true>::do_BlockConstructFromVec<NTL::ZZ_p>(NTL::ZZ_p*, long, NTL::ZZ_p const*) (in /home/reti/dongHyeon/Function-hiding-IPE/build/bin/p-norm-ipe-test)
   n0: 5016 in 1 place, below massif's threshold (1.00%)
 n0: 110400 0x16B152: NTL::Vec<NTL::ZZ_p>::AllocateTo(long) (in /home/reti/dongHyeon/Function-hiding-IPE/build/bin/p-norm-ipe-test)
 n0: 20224 0x48F4F42: ??? (in /usr/lib/arm-linux-gnueabihf/libstdc++.so.6.0.26)
 n0: 16416 0x16AD2E: mcl::Array<mcl::EcT<mcl::FpT<mcl::bn::local::FpTag, 384u> > >::resize(unsigned int) (in /home/reti/dongHyeon/Function-hiding-IPE/build/bin/p-norm-ipe-test)
 n0: 12825 in 53 places, all below massif's threshold (1.00%)
#-----------
snapshot=55
#-----------
time=473440257
mem_heap_B=1313545
mem_heap_extra_B=6487
mem_stacks_B=0
heap_tree=empty
#-----------
snapshot=56
#-----------
time=480246781
mem_heap_B=1313545
mem_heap_extra_B=6487
mem_stacks_B=0
heap_tree=empty
#-----------
snapshot=57
#-----------
time=487132021
mem_heap_B=1313545
mem_heap_extra_B=6487
mem_stacks_B=0
heap_tree=empty
#-----------
snapshot=58
#-----------
time=494466131
mem_heap_B=1313545
mem_heap_extra_B=6487
mem_stacks_B=0
heap_tree=empty
#-----------
snapshot=59
#-----------
time=501328898
mem_heap_B=1313545
mem_heap_extra_B=6487
mem_stacks_B=0
heap_tree=empty
#-----------
snapshot=60
#-----------
time=508167552
mem_heap_B=1313545
mem_heap_extra_B=6487
mem_stacks_B=0
heap_tree=empty
#-----------
snapshot=61
#-----------
time=515066319
mem_heap_B=1313545
mem_heap_extra_B=6487
mem_stacks_B=0
heap_tree=empty
#-----------
snapshot=62
#-----------
time=521832234
mem_heap_B=1313545
mem_heap_extra_B=6487
mem_stacks_B=0
heap_tree=empty
#-----------
snapshot=63
#-----------
time=528696998
mem_heap_B=1313545
mem_heap_extra_B=6487
mem_stacks_B=0
heap_tree=empty
#-----------
snapshot=64
#-----------
time=535622507
mem_heap_B=1313545
mem_heap_extra_B=6487
mem_stacks_B=0
heap_tree=detailed
n5: 1313545 (heap allocation functions) malloc/new/new[], --alloc-fns, etc.
 n1: 1153680 0x20664E: _ntl_gblock_construct_alloc(_ntl_gbigint_body**, long, long) (lip.cpp:6279)
  n2: 1153680 0x228994: NTL::BasicBlockConstruct(NTL::ZZ_p*, long, long) (ZZ.h:1041)
   n1: 1148664 0x228A36: NTL::BlockConstructFromVec(NTL::ZZ_p*, long, NTL::ZZ_p const*) (vec_ZZ_p.cpp:43)
    n0: 1148664 0x16C17C: void NTL::VecStrategy<true>::do_BlockConstructFromVec<NTL::ZZ_p>(NTL::ZZ_p*, long, NTL::ZZ_p const*) (in /home/reti/dongHyeon/Function-hiding-IPE/build/bin/p-norm-ipe-test)
   n0: 5016 in 1 place, below massif's threshold (1.00%)
 n0: 110400 0x16B152: NTL::Vec<NTL::ZZ_p>::AllocateTo(long) (in /home/reti/dongHyeon/Function-hiding-IPE/build/bin/p-norm-ipe-test)
 n0: 20224 0x48F4F42: ??? (in /usr/lib/arm-linux-gnueabihf/libstdc++.so.6.0.26)
 n0: 16416 0x16AD2E: mcl::Array<mcl::EcT<mcl::FpT<mcl::bn::local::FpTag, 384u> > >::resize(unsigned int) (in /home/reti/dongHyeon/Function-hiding-IPE/build/bin/p-norm-ipe-test)
 n0: 12825 in 53 places, all below massif's threshold (1.00%)
#-----------
snapshot=65
#-----------
time=542470390
mem_heap_B=1313545
mem_heap_extra_B=6487
mem_stacks_B=0
heap_tree=empty
#-----------
snapshot=66
#-----------
time=549455701
mem_heap_B=1313545
mem_heap_extra_B=6487
mem_stacks_B=0
heap_tree=empty
#-----------
snapshot=67
#-----------
time=555369031
mem_heap_B=1313689
mem_heap_extra_B=6527
mem_stacks_B=0
heap_tree=empty
#-----------
snapshot=68
#-----------
time=562319585
mem_heap_B=1313689
mem_heap_extra_B=6527
mem_stacks_B=0
heap_tree=empty
#-----------
snapshot=69
#-----------
time=569250143
mem_heap_B=1313689
mem_heap_extra_B=6527
mem_stacks_B=0
heap_tree=empty
#-----------
snapshot=70
#-----------
time=576054273
mem_heap_B=1313689
mem_heap_extra_B=6527
mem_stacks_B=0
heap_tree=empty
#-----------
snapshot=71
#-----------
time=582992190
mem_heap_B=1313689
mem_heap_extra_B=6527
mem_stacks_B=0
heap_tree=empty
#-----------
snapshot=72
#-----------
time=589828153
mem_heap_B=1313689
mem_heap_extra_B=6527
mem_stacks_B=0
heap_tree=empty
#-----------
snapshot=73
#-----------
time=596766863
mem_heap_B=1313689
mem_heap_extra_B=6527
mem_stacks_B=0
heap_tree=empty
#-----------
snapshot=74
#-----------
time=603560358
mem_heap_B=1313689
mem_heap_extra_B=6527
mem_stacks_B=0
heap_tree=detailed
n5: 1313689 (heap allocation functions) malloc/new/new[], --alloc-fns, etc.
 n1: 1153680 0x20664E: _ntl_gblock_construct_alloc(_ntl_gbigint_body**, long, long) (lip.cpp:6279)
  n2: 1153680 0x228994: NTL::BasicBlockConstruct(NTL::ZZ_p*, long, long) (ZZ.h:1041)
   n1: 1148664 0x228A36: NTL::BlockConstructFromVec(NTL::ZZ_p*, long, NTL::ZZ_p const*) (vec_ZZ_p.cpp:43)
    n0: 1148664 0x16C17C: void NTL::VecStrategy<true>::do_BlockConstructFromVec<NTL::ZZ_p>(NTL::ZZ_p*, long, NTL::ZZ_p const*) (in /home/reti/dongHyeon/Function-hiding-IPE/build/bin/p-norm-ipe-test)
   n0: 5016 in 1 place, below massif's threshold (1.00%)
 n0: 110400 0x16B152: NTL::Vec<NTL::ZZ_p>::AllocateTo(long) (in /home/reti/dongHyeon/Function-hiding-IPE/build/bin/p-norm-ipe-test)
 n0: 20224 0x48F4F42: ??? (in /usr/lib/arm-linux-gnueabihf/libstdc++.so.6.0.26)
 n0: 16416 0x16AD2E: mcl::Array<mcl::EcT<mcl::FpT<mcl::bn::local::FpTag, 384u> > >::resize(unsigned int) (in /home/reti/dongHyeon/Function-hiding-IPE/build/bin/p-norm-ipe-test)
 n0: 12969 in 53 places, all below massif's threshold (1.00%)
#-----------
snapshot=75
#-----------
time=610368283
mem_heap_B=1313689
mem_heap_extra_B=6527
mem_stacks_B=0
heap_tree=empty
#-----------
snapshot=76
#-----------
time=617320494
mem_heap_B=1313689
mem_heap_extra_B=6527
mem_stacks_B=0
heap_tree=empty
#-----------
snapshot=77
#-----------
time=624519113
mem_heap_B=1313689
mem_heap_extra_B=6527
mem_stacks_B=0
heap_tree=empty
#-----------
snapshot=78
#-----------
time=632961212
mem_heap_B=1313545
mem_heap_extra_B=6487
mem_stacks_B=0
heap_tree=empty
#-----------
snapshot=79
#-----------
time=639867298
mem_heap_B=1313545
mem_heap_extra_B=6487
mem_stacks_B=0
heap_tree=empty
#-----------
snapshot=80
#-----------
time=646748995
mem_heap_B=1313545
mem_heap_extra_B=6487
mem_stacks_B=0
heap_tree=empty
#-----------
snapshot=81
#-----------
time=653616118
mem_heap_B=1313545
mem_heap_extra_B=6487
mem_stacks_B=0
heap_tree=empty
#-----------
snapshot=82
#-----------
time=660604966
mem_heap_B=1313545
mem_heap_extra_B=6487
mem_stacks_B=0
heap_tree=empty
#-----------
snapshot=83
#-----------
time=667458597
mem_heap_B=1313545
mem_heap_extra_B=6487
mem_stacks_B=0
heap_tree=empty
#-----------
snapshot=84
#-----------
time=674388313
mem_heap_B=1313545
mem_heap_extra_B=6487
mem_stacks_B=0
heap_tree=detailed
n5: 1313545 (heap allocation functions) malloc/new/new[], --alloc-fns, etc.
 n1: 1153680 0x20664E: _ntl_gblock_construct_alloc(_ntl_gbigint_body**, long, long) (lip.cpp:6279)
  n2: 1153680 0x228994: NTL::BasicBlockConstruct(NTL::ZZ_p*, long, long) (ZZ.h:1041)
   n1: 1148664 0x228A36: NTL::BlockConstructFromVec(NTL::ZZ_p*, long, NTL::ZZ_p const*) (vec_ZZ_p.cpp:43)
    n0: 1148664 0x16C17C: void NTL::VecStrategy<true>::do_BlockConstructFromVec<NTL::ZZ_p>(NTL::ZZ_p*, long, NTL::ZZ_p const*) (in /home/reti/dongHyeon/Function-hiding-IPE/build/bin/p-norm-ipe-test)
   n0: 5016 in 1 place, below massif's threshold (1.00%)
 n0: 110400 0x16B152: NTL::Vec<NTL::ZZ_p>::AllocateTo(long) (in /home/reti/dongHyeon/Function-hiding-IPE/build/bin/p-norm-ipe-test)
 n0: 20224 0x48F4F42: ??? (in /usr/lib/arm-linux-gnueabihf/libstdc++.so.6.0.26)
 n0: 16416 0x16AD2E: mcl::Array<mcl::EcT<mcl::FpT<mcl::bn::local::FpTag, 384u> > >::resize(unsigned int) (in /home/reti/dongHyeon/Function-hiding-IPE/build/bin/p-norm-ipe-test)
 n0: 12825 in 53 places, all below massif's threshold (1.00%)
#-----------
snapshot=85
#-----------
time=681381119
mem_heap_B=1313545
mem_heap_extra_B=6487
mem_stacks_B=0
heap_tree=empty
#-----------
snapshot=86
#-----------
time=688321065
mem_heap_B=1313545
mem_heap_extra_B=6487
mem_stacks_B=0
heap_tree=empty
#-----------
snapshot=87
#-----------
time=701078327
mem_heap_B=1329849
mem_heap_extra_B=6463
mem_stacks_B=0
heap_tree=empty
