desc: --massif-out-file=keygen/memory-64-10-8.log
cmd: ./p-norm-ipe-test keygen 64 10 8
time_unit: i
#-----------
snapshot=0
#-----------
time=0
mem_heap_B=0
mem_heap_extra_B=0
mem_stacks_B=0
heap_tree=empty
#-----------
snapshot=1
#-----------
time=122795302
mem_heap_B=393321
mem_heap_extra_B=1159
mem_stacks_B=0
heap_tree=empty
#-----------
snapshot=2
#-----------
time=219576969
mem_heap_B=734217
mem_heap_extra_B=1399
mem_stacks_B=0
heap_tree=empty
#-----------
snapshot=3
#-----------
time=351802164
mem_heap_B=1221825
mem_heap_extra_B=1791
mem_stacks_B=0
heap_tree=detailed
n4: 1221825 (heap allocation functions) malloc/new/new[], --alloc-fns, etc.
 n1: 1089000 0x20664E: _ntl_gblock_construct_alloc(_ntl_gbigint_body**, long, long) (lip.cpp:6279)
  n2: 1089000 0x228994: NTL::BasicBlockConstruct(NTL::ZZ_p*, long, long) (ZZ.h:1041)
   n1: 1069200 0x228A36: NTL::BlockConstructFromVec(NTL::ZZ_p*, long, NTL::ZZ_p const*) (vec_ZZ_p.cpp:43)
    n0: 1069200 0x16C17C: void NTL::VecStrategy<true>::do_BlockConstructFromVec<NTL::ZZ_p>(NTL::ZZ_p*, long, NTL::ZZ_p const*) (in /home/reti/dongHyeon/Function-hiding-IPE/build/bin/p-norm-ipe-test)
   n0: 19800 0x16C5A0: void NTL::VecStrategy<true>::do_BlockConstruct<NTL::ZZ_p>(NTL::ZZ_p*, long) (in /home/reti/dongHyeon/Function-hiding-IPE/build/bin/p-norm-ipe-test)
 n0: 98496 0x16B152: NTL::Vec<NTL::ZZ_p>::AllocateTo(long) (in /home/reti/dongHyeon/Function-hiding-IPE/build/bin/p-norm-ipe-test)
 n0: 20224 0x48F4F42: ??? (in /usr/lib/arm-linux-gnueabihf/libstdc++.so.6.0.26)
 n0: 14105 in 26 places, all below massif's threshold (1.00%)
#-----------
snapshot=4
#-----------
time=443811065
mem_heap_B=1546185
mem_heap_extra_B=2031
mem_stacks_B=0
heap_tree=detailed
n4: 1546185 (heap allocation functions) malloc/new/new[], --alloc-fns, etc.
 n1: 1386000 0x20664E: _ntl_gblock_construct_alloc(_ntl_gbigint_body**, long, long) (lip.cpp:6279)
  n2: 1386000 0x228994: NTL::BasicBlockConstruct(NTL::ZZ_p*, long, long) (ZZ.h:1041)
   n1: 1366200 0x228A36: NTL::BlockConstructFromVec(NTL::ZZ_p*, long, NTL::ZZ_p const*) (vec_ZZ_p.cpp:43)
    n0: 1366200 0x16C17C: void NTL::VecStrategy<true>::do_BlockConstructFromVec<NTL::ZZ_p>(NTL::ZZ_p*, long, NTL::ZZ_p const*) (in /home/reti/dongHyeon/Function-hiding-IPE/build/bin/p-norm-ipe-test)
   n0: 19800 0x16C5A0: void NTL::VecStrategy<true>::do_BlockConstruct<NTL::ZZ_p>(NTL::ZZ_p*, long) (in /home/reti/dongHyeon/Function-hiding-IPE/build/bin/p-norm-ipe-test)
 n0: 125856 0x16B152: NTL::Vec<NTL::ZZ_p>::AllocateTo(long) (in /home/reti/dongHyeon/Function-hiding-IPE/build/bin/p-norm-ipe-test)
 n0: 20224 0x48F4F42: ??? (in /usr/lib/arm-linux-gnueabihf/libstdc++.so.6.0.26)
 n0: 14105 in 26 places, all below massif's threshold (1.00%)
#-----------
snapshot=5
#-----------
time=584885791
mem_heap_B=2043537
mem_heap_extra_B=2399
mem_stacks_B=0
heap_tree=detailed
n3: 2043537 (heap allocation functions) malloc/new/new[], --alloc-fns, etc.
 n1: 1841400 0x20664E: _ntl_gblock_construct_alloc(_ntl_gbigint_body**, long, long) (lip.cpp:6279)
  n2: 1841400 0x228994: NTL::BasicBlockConstruct(NTL::ZZ_p*, long, long) (ZZ.h:1041)
   n1: 1821600 0x228A36: NTL::BlockConstructFromVec(NTL::ZZ_p*, long, NTL::ZZ_p const*) (vec_ZZ_p.cpp:43)
    n0: 1821600 0x16C17C: void NTL::VecStrategy<true>::do_BlockConstructFromVec<NTL::ZZ_p>(NTL::ZZ_p*, long, NTL::ZZ_p const*) (in /home/reti/dongHyeon/Function-hiding-IPE/build/bin/p-norm-ipe-test)
   n0: 19800 in 1 place, below massif's threshold (1.00%)
 n0: 167808 0x16B152: NTL::Vec<NTL::ZZ_p>::AllocateTo(long) (in /home/reti/dongHyeon/Function-hiding-IPE/build/bin/p-norm-ipe-test)
 n0: 34329 in 27 places, all below massif's threshold (1.00%)
#-----------
snapshot=6
#-----------
time=670773689
mem_heap_B=2346481
mem_heap_extra_B=2623
mem_stacks_B=0
heap_tree=detailed
n3: 2346481 (heap allocation functions) malloc/new/new[], --alloc-fns, etc.
 n1: 2118600 0x20664E: _ntl_gblock_construct_alloc(_ntl_gbigint_body**, long, long) (lip.cpp:6279)
  n2: 2118600 0x228994: NTL::BasicBlockConstruct(NTL::ZZ_p*, long, long) (ZZ.h:1041)
   n1: 2098800 0x228A36: NTL::BlockConstructFromVec(NTL::ZZ_p*, long, NTL::ZZ_p const*) (vec_ZZ_p.cpp:43)
    n0: 2098800 0x16C17C: void NTL::VecStrategy<true>::do_BlockConstructFromVec<NTL::ZZ_p>(NTL::ZZ_p*, long, NTL::ZZ_p const*) (in /home/reti/dongHyeon/Function-hiding-IPE/build/bin/p-norm-ipe-test)
   n0: 19800 in 1 place, below massif's threshold (1.00%)
 n0: 193344 0x16B152: NTL::Vec<NTL::ZZ_p>::AllocateTo(long) (in /home/reti/dongHyeon/Function-hiding-IPE/build/bin/p-norm-ipe-test)
 n0: 34537 in 27 places, all below massif's threshold (1.00%)
#-----------
snapshot=7
#-----------
time=811850134
mem_heap_B=2824033
mem_heap_extra_B=2919
mem_stacks_B=0
heap_tree=empty
#-----------
snapshot=8
#-----------
time=903851696
mem_heap_B=3168193
mem_heap_extra_B=3231
mem_stacks_B=0
heap_tree=detailed
n3: 3168193 (heap allocation functions) malloc/new/new[], --alloc-fns, etc.
 n1: 2871000 0x20664E: _ntl_gblock_construct_alloc(_ntl_gbigint_body**, long, long) (lip.cpp:6279)
  n2: 2871000 0x228994: NTL::BasicBlockConstruct(NTL::ZZ_p*, long, long) (ZZ.h:1041)
   n1: 2851200 0x228A36: NTL::BlockConstructFromVec(NTL::ZZ_p*, long, NTL::ZZ_p const*) (vec_ZZ_p.cpp:43)
    n0: 2851200 0x16C17C: void NTL::VecStrategy<true>::do_BlockConstructFromVec<NTL::ZZ_p>(NTL::ZZ_p*, long, NTL::ZZ_p const*) (in /home/reti/dongHyeon/Function-hiding-IPE/build/bin/p-norm-ipe-test)
   n0: 19800 in 1 place, below massif's threshold (1.00%)
 n0: 262656 0x16B152: NTL::Vec<NTL::ZZ_p>::AllocateTo(long) (in /home/reti/dongHyeon/Function-hiding-IPE/build/bin/p-norm-ipe-test)
 n0: 34537 in 27 places, all below massif's threshold (1.00%)
#-----------
snapshot=9
#-----------
time=1014245124
mem_heap_B=3557729
mem_heap_extra_B=3519
mem_stacks_B=0
heap_tree=detailed
n3: 3557729 (heap allocation functions) malloc/new/new[], --alloc-fns, etc.
 n1: 3227400 0x20664E: _ntl_gblock_construct_alloc(_ntl_gbigint_body**, long, long) (lip.cpp:6279)
  n2: 3227400 0x228994: NTL::BasicBlockConstruct(NTL::ZZ_p*, long, long) (ZZ.h:1041)
   n1: 3207600 0x228A36: NTL::BlockConstructFromVec(NTL::ZZ_p*, long, NTL::ZZ_p const*) (vec_ZZ_p.cpp:43)
    n0: 3207600 0x16C17C: void NTL::VecStrategy<true>::do_BlockConstructFromVec<NTL::ZZ_p>(NTL::ZZ_p*, long, NTL::ZZ_p const*) (in /home/reti/dongHyeon/Function-hiding-IPE/build/bin/p-norm-ipe-test)
   n0: 19800 in 1 place, below massif's threshold (1.00%)
 n0: 295488 0x16B152: NTL::Vec<NTL::ZZ_p>::AllocateTo(long) (in /home/reti/dongHyeon/Function-hiding-IPE/build/bin/p-norm-ipe-test)
 n0: 34841 in 27 places, all below massif's threshold (1.00%)
#-----------
snapshot=10
#-----------
time=1121893228
mem_heap_B=3918049
mem_heap_extra_B=3767
mem_stacks_B=0
heap_tree=empty
#-----------
snapshot=11
#-----------
time=1235042270
mem_heap_B=4336193
mem_heap_extra_B=4095
mem_stacks_B=0
heap_tree=detailed
n3: 4336193 (heap allocation functions) malloc/new/new[], --alloc-fns, etc.
 n1: 3940200 0x20664E: _ntl_gblock_construct_alloc(_ntl_gbigint_body**, long, long) (lip.cpp:6279)
  n2: 3940200 0x228994: NTL::BasicBlockConstruct(NTL::ZZ_p*, long, long) (ZZ.h:1041)
   n1: 3920400 0x228A36: NTL::BlockConstructFromVec(NTL::ZZ_p*, long, NTL::ZZ_p const*) (vec_ZZ_p.cpp:43)
    n0: 3920400 0x16C17C: void NTL::VecStrategy<true>::do_BlockConstructFromVec<NTL::ZZ_p>(NTL::ZZ_p*, long, NTL::ZZ_p const*) (in /home/reti/dongHyeon/Function-hiding-IPE/build/bin/p-norm-ipe-test)
   n0: 19800 in 1 place, below massif's threshold (1.00%)
 n0: 361152 0x16B152: NTL::Vec<NTL::ZZ_p>::AllocateTo(long) (in /home/reti/dongHyeon/Function-hiding-IPE/build/bin/p-norm-ipe-test)
 n0: 34841 in 27 places, all below massif's threshold (1.00%)
#-----------
snapshot=12
#-----------
time=1363850391
mem_heap_B=4790761
mem_heap_extra_B=4431
mem_stacks_B=0
heap_tree=detailed
n3: 4790761 (heap allocation functions) malloc/new/new[], --alloc-fns, etc.
 n1: 4356000 0x20664E: _ntl_gblock_construct_alloc(_ntl_gbigint_body**, long, long) (lip.cpp:6279)
  n2: 4356000 0x228994: NTL::BasicBlockConstruct(NTL::ZZ_p*, long, long) (ZZ.h:1041)
   n1: 4336200 0x228A36: NTL::BlockConstructFromVec(NTL::ZZ_p*, long, NTL::ZZ_p const*) (vec_ZZ_p.cpp:43)
    n0: 4336200 0x16C17C: void NTL::VecStrategy<true>::do_BlockConstructFromVec<NTL::ZZ_p>(NTL::ZZ_p*, long, NTL::ZZ_p const*) (in /home/reti/dongHyeon/Function-hiding-IPE/build/bin/p-norm-ipe-test)
   n0: 19800 in 1 place, below massif's threshold (1.00%)
 n0: 399456 0x16B152: NTL::Vec<NTL::ZZ_p>::AllocateTo(long) (in /home/reti/dongHyeon/Function-hiding-IPE/build/bin/p-norm-ipe-test)
 n0: 35305 in 27 places, all below massif's threshold (1.00%)
#-----------
snapshot=13
#-----------
time=1455855252
mem_heap_B=5115121
mem_heap_extra_B=4671
mem_stacks_B=0
heap_tree=detailed
n3: 5115121 (heap allocation functions) malloc/new/new[], --alloc-fns, etc.
 n1: 4653000 0x20664E: _ntl_gblock_construct_alloc(_ntl_gbigint_body**, long, long) (lip.cpp:6279)
  n2: 4653000 0x228994: NTL::BasicBlockConstruct(NTL::ZZ_p*, long, long) (ZZ.h:1041)
   n1: 4633200 0x228A36: NTL::BlockConstructFromVec(NTL::ZZ_p*, long, NTL::ZZ_p const*) (vec_ZZ_p.cpp:43)
    n0: 4633200 0x16C17C: void NTL::VecStrategy<true>::do_BlockConstructFromVec<NTL::ZZ_p>(NTL::ZZ_p*, long, NTL::ZZ_p const*) (in /home/reti/dongHyeon/Function-hiding-IPE/build/bin/p-norm-ipe-test)
   n0: 19800 in 1 place, below massif's threshold (1.00%)
 n0: 426816 0x16B152: NTL::Vec<NTL::ZZ_p>::AllocateTo(long) (in /home/reti/dongHyeon/Function-hiding-IPE/build/bin/p-norm-ipe-test)
 n0: 35305 in 27 places, all below massif's threshold (1.00%)
#-----------
snapshot=14
#-----------
time=1621451790
mem_heap_B=5698969
mem_heap_extra_B=5103
mem_stacks_B=0
heap_tree=detailed
n3: 5698969 (heap allocation functions) malloc/new/new[], --alloc-fns, etc.
 n1: 5187600 0x20664E: _ntl_gblock_construct_alloc(_ntl_gbigint_body**, long, long) (lip.cpp:6279)
  n2: 5187600 0x228994: NTL::BasicBlockConstruct(NTL::ZZ_p*, long, long) (ZZ.h:1041)
   n1: 5167800 0x228A36: NTL::BlockConstructFromVec(NTL::ZZ_p*, long, NTL::ZZ_p const*) (vec_ZZ_p.cpp:43)
    n0: 5167800 0x16C17C: void NTL::VecStrategy<true>::do_BlockConstructFromVec<NTL::ZZ_p>(NTL::ZZ_p*, long, NTL::ZZ_p const*) (in /home/reti/dongHyeon/Function-hiding-IPE/build/bin/p-norm-ipe-test)
   n0: 19800 in 1 place, below massif's threshold (1.00%)
 n0: 476064 0x16B152: NTL::Vec<NTL::ZZ_p>::AllocateTo(long) (in /home/reti/dongHyeon/Function-hiding-IPE/build/bin/p-norm-ipe-test)
 n0: 35305 in 27 places, all below massif's threshold (1.00%)
#-----------
snapshot=15
#-----------
time=1731855716
mem_heap_B=6088201
mem_heap_extra_B=5391
mem_stacks_B=0
heap_tree=detailed
n3: 6088201 (heap allocation functions) malloc/new/new[], --alloc-fns, etc.
 n1: 5544000 0x20664E: _ntl_gblock_construct_alloc(_ntl_gbigint_body**, long, long) (lip.cpp:6279)
  n2: 5544000 0x228994: NTL::BasicBlockConstruct(NTL::ZZ_p*, long, long) (ZZ.h:1041)
   n1: 5524200 0x228A36: NTL::BlockConstructFromVec(NTL::ZZ_p*, long, NTL::ZZ_p const*) (vec_ZZ_p.cpp:43)
    n0: 5524200 0x16C17C: void NTL::VecStrategy<true>::do_BlockConstructFromVec<NTL::ZZ_p>(NTL::ZZ_p*, long, NTL::ZZ_p const*) (in /home/reti/dongHyeon/Function-hiding-IPE/build/bin/p-norm-ipe-test)
   n0: 19800 in 1 place, below massif's threshold (1.00%)
 n0: 508896 0x16B152: NTL::Vec<NTL::ZZ_p>::AllocateTo(long) (in /home/reti/dongHyeon/Function-hiding-IPE/build/bin/p-norm-ipe-test)
 n0: 35305 in 27 places, all below massif's threshold (1.00%)
#-----------
snapshot=16
#-----------
time=1879072294
mem_heap_B=6607865
mem_heap_extra_B=5775
mem_stacks_B=0
heap_tree=detailed
n3: 6607865 (heap allocation functions) malloc/new/new[], --alloc-fns, etc.
 n1: 6019200 0x20664E: _ntl_gblock_construct_alloc(_ntl_gbigint_body**, long, long) (lip.cpp:6279)
  n2: 6019200 0x228994: NTL::BasicBlockConstruct(NTL::ZZ_p*, long, long) (ZZ.h:1041)
   n1: 5999400 0x228A36: NTL::BlockConstructFromVec(NTL::ZZ_p*, long, NTL::ZZ_p const*) (vec_ZZ_p.cpp:43)
    n0: 5999400 0x16C17C: void NTL::VecStrategy<true>::do_BlockConstructFromVec<NTL::ZZ_p>(NTL::ZZ_p*, long, NTL::ZZ_p const*) (in /home/reti/dongHyeon/Function-hiding-IPE/build/bin/p-norm-ipe-test)
   n0: 19800 in 1 place, below massif's threshold (1.00%)
 n0: 552672 0x16B152: NTL::Vec<NTL::ZZ_p>::AllocateTo(long) (in /home/reti/dongHyeon/Function-hiding-IPE/build/bin/p-norm-ipe-test)
 n0: 35993 in 27 places, all below massif's threshold (1.00%)
#-----------
snapshot=17
#-----------
time=1971756130
mem_heap_B=6912961
mem_heap_extra_B=5951
mem_stacks_B=0
heap_tree=empty
#-----------
snapshot=18
#-----------
time=2148955027
mem_heap_B=7559321
mem_heap_extra_B=6479
mem_stacks_B=0
heap_tree=detailed
n3: 7559321 (heap allocation functions) malloc/new/new[], --alloc-fns, etc.
 n1: 6890400 0x20664E: _ntl_gblock_construct_alloc(_ntl_gbigint_body**, long, long) (lip.cpp:6279)
  n2: 6890400 0x228994: NTL::BasicBlockConstruct(NTL::ZZ_p*, long, long) (ZZ.h:1041)
   n1: 6870600 0x228A36: NTL::BlockConstructFromVec(NTL::ZZ_p*, long, NTL::ZZ_p const*) (vec_ZZ_p.cpp:43)
    n0: 6870600 0x16C17C: void NTL::VecStrategy<true>::do_BlockConstructFromVec<NTL::ZZ_p>(NTL::ZZ_p*, long, NTL::ZZ_p const*) (in /home/reti/dongHyeon/Function-hiding-IPE/build/bin/p-norm-ipe-test)
   n0: 19800 in 1 place, below massif's threshold (1.00%)
 n0: 632928 0x16B152: NTL::Vec<NTL::ZZ_p>::AllocateTo(long) (in /home/reti/dongHyeon/Function-hiding-IPE/build/bin/p-norm-ipe-test)
 n0: 35993 in 27 places, all below massif's threshold (1.00%)
#-----------
snapshot=19
#-----------
time=2271634672
mem_heap_B=7991801
mem_heap_extra_B=6799
mem_stacks_B=0
heap_tree=detailed
n3: 7991801 (heap allocation functions) malloc/new/new[], --alloc-fns, etc.
 n1: 7286400 0x20664E: _ntl_gblock_construct_alloc(_ntl_gbigint_body**, long, long) (lip.cpp:6279)
  n2: 7286400 0x228994: NTL::BasicBlockConstruct(NTL::ZZ_p*, long, long) (ZZ.h:1041)
   n1: 7266600 0x228A36: NTL::BlockConstructFromVec(NTL::ZZ_p*, long, NTL::ZZ_p const*) (vec_ZZ_p.cpp:43)
    n0: 7266600 0x16C17C: void NTL::VecStrategy<true>::do_BlockConstructFromVec<NTL::ZZ_p>(NTL::ZZ_p*, long, NTL::ZZ_p const*) (in /home/reti/dongHyeon/Function-hiding-IPE/build/bin/p-norm-ipe-test)
   n0: 19800 in 1 place, below massif's threshold (1.00%)
 n0: 669408 0x16B152: NTL::Vec<NTL::ZZ_p>::AllocateTo(long) (in /home/reti/dongHyeon/Function-hiding-IPE/build/bin/p-norm-ipe-test)
 n0: 35993 in 27 places, all below massif's threshold (1.00%)
#-----------
snapshot=20
#-----------
time=2443367444
mem_heap_B=8597273
mem_heap_extra_B=7247
mem_stacks_B=0
heap_tree=detailed
n3: 8597273 (heap allocation functions) malloc/new/new[], --alloc-fns, etc.
 n1: 7840800 0x20664E: _ntl_gblock_construct_alloc(_ntl_gbigint_body**, long, long) (lip.cpp:6279)
  n2: 7840800 0x228994: NTL::BasicBlockConstruct(NTL::ZZ_p*, long, long) (ZZ.h:1041)
   n1: 7821000 0x228A36: NTL::BlockConstructFromVec(NTL::ZZ_p*, long, NTL::ZZ_p const*) (vec_ZZ_p.cpp:43)
    n0: 7821000 0x16C17C: void NTL::VecStrategy<true>::do_BlockConstructFromVec<NTL::ZZ_p>(NTL::ZZ_p*, long, NTL::ZZ_p const*) (in /home/reti/dongHyeon/Function-hiding-IPE/build/bin/p-norm-ipe-test)
   n0: 19800 in 1 place, below massif's threshold (1.00%)
 n0: 720480 0x16B152: NTL::Vec<NTL::ZZ_p>::AllocateTo(long) (in /home/reti/dongHyeon/Function-hiding-IPE/build/bin/p-norm-ipe-test)
 n0: 35993 in 27 places, all below massif's threshold (1.00%)
#-----------
snapshot=21
#-----------
time=2559868494
mem_heap_B=8988329
mem_heap_extra_B=7543
mem_stacks_B=0
heap_tree=empty
#-----------
snapshot=22
#-----------
time=2682551169
mem_heap_B=9420809
mem_heap_extra_B=7863
mem_stacks_B=0
heap_tree=empty
#-----------
snapshot=23
#-----------
time=2867026181
mem_heap_B=9866457
mem_heap_extra_B=8175
mem_stacks_B=0
heap_tree=empty
#-----------
snapshot=24
#-----------
time=2986999694
mem_heap_B=10288681
mem_heap_extra_B=8463
mem_stacks_B=0
heap_tree=empty
#-----------
snapshot=25
#-----------
time=3077605967
mem_heap_B=10610097
mem_heap_extra_B=8751
mem_stacks_B=0
heap_tree=empty
#-----------
snapshot=26
#-----------
time=3227566362
mem_heap_B=11137377
mem_heap_extra_B=9103
mem_stacks_B=0
heap_tree=empty
#-----------
snapshot=27
#-----------
time=3408125903
mem_heap_B=11776161
mem_heap_extra_B=9607
mem_stacks_B=0
heap_tree=detailed
n3: 11776161 (heap allocation functions) malloc/new/new[], --alloc-fns, etc.
 n1: 10751400 0x20664E: _ntl_gblock_construct_alloc(_ntl_gbigint_body**, long, long) (lip.cpp:6279)
  n2: 10751400 0x228994: NTL::BasicBlockConstruct(NTL::ZZ_p*, long, long) (ZZ.h:1041)
   n0: 8929800 0x16C5A0: void NTL::VecStrategy<true>::do_BlockConstruct<NTL::ZZ_p>(NTL::ZZ_p*, long) (in /home/reti/dongHyeon/Function-hiding-IPE/build/bin/p-norm-ipe-test)
   n1: 1821600 0x228A36: NTL::BlockConstructFromVec(NTL::ZZ_p*, long, NTL::ZZ_p const*) (vec_ZZ_p.cpp:43)
    n0: 1821600 0x16C17C: void NTL::VecStrategy<true>::do_BlockConstructFromVec<NTL::ZZ_p>(NTL::ZZ_p*, long, NTL::ZZ_p const*) (in /home/reti/dongHyeon/Function-hiding-IPE/build/bin/p-norm-ipe-test)
 n0: 988608 0x16B152: NTL::Vec<NTL::ZZ_p>::AllocateTo(long) (in /home/reti/dongHyeon/Function-hiding-IPE/build/bin/p-norm-ipe-test)
 n0: 36153 in 27 places, all below massif's threshold (1.00%)
#-----------
snapshot=28
#-----------
time=3545137488
mem_heap_B=12256865
mem_heap_extra_B=9919
mem_stacks_B=0
heap_tree=empty
#-----------
snapshot=29
#-----------
time=3639177271
mem_heap_B=12590793
mem_heap_extra_B=10191
mem_stacks_B=0
heap_tree=empty
#-----------
snapshot=30
#-----------
time=3733204012
mem_heap_B=12922441
mem_heap_extra_B=10455
mem_stacks_B=0
heap_tree=empty
#-----------
snapshot=31
#-----------
time=3827288007
mem_heap_B=13251873
mem_heap_extra_B=10655
mem_stacks_B=0
heap_tree=detailed
n3: 13251873 (heap allocation functions) malloc/new/new[], --alloc-fns, etc.
 n1: 12102200 0x20664E: _ntl_gblock_construct_alloc(_ntl_gbigint_body**, long, long) (lip.cpp:6279)
  n2: 12102200 0x228994: NTL::BasicBlockConstruct(NTL::ZZ_p*, long, long) (ZZ.h:1041)
   n0: 8914400 0x16C5A0: void NTL::VecStrategy<true>::do_BlockConstruct<NTL::ZZ_p>(NTL::ZZ_p*, long) (in /home/reti/dongHyeon/Function-hiding-IPE/build/bin/p-norm-ipe-test)
   n1: 3187800 0x228A36: NTL::BlockConstructFromVec(NTL::ZZ_p*, long, NTL::ZZ_p const*) (vec_ZZ_p.cpp:43)
    n0: 3187800 0x16C17C: void NTL::VecStrategy<true>::do_BlockConstructFromVec<NTL::ZZ_p>(NTL::ZZ_p*, long, NTL::ZZ_p const*) (in /home/reti/dongHyeon/Function-hiding-IPE/build/bin/p-norm-ipe-test)
 n0: 1114464 0x16B152: NTL::Vec<NTL::ZZ_p>::AllocateTo(long) (in /home/reti/dongHyeon/Function-hiding-IPE/build/bin/p-norm-ipe-test)
 n0: 35209 in 27 places, all below massif's threshold (1.00%)
#-----------
snapshot=32
#-----------
time=3921310417
mem_heap_B=13585801
mem_heap_extra_B=10927
mem_stacks_B=0
heap_tree=empty
#-----------
snapshot=33
#-----------
time=4015338624
mem_heap_B=13917449
mem_heap_extra_B=11191
mem_stacks_B=0
heap_tree=empty
#-----------
snapshot=34
#-----------
time=4109419203
mem_heap_B=14247041
mem_heap_extra_B=11391
mem_stacks_B=0
heap_tree=empty
#-----------
snapshot=35
#-----------
time=4250497112
mem_heap_B=14744393
mem_heap_extra_B=11759
mem_stacks_B=0
heap_tree=empty
#-----------
snapshot=36
#-----------
time=4391572538
mem_heap_B=15241745
mem_heap_extra_B=12127
mem_stacks_B=0
heap_tree=empty
#-----------
snapshot=37
#-----------
time=4485612779
mem_heap_B=15575673
mem_heap_extra_B=12399
mem_stacks_B=0
heap_tree=empty
#-----------
snapshot=38
#-----------
time=4579650886
mem_heap_B=15907321
mem_heap_extra_B=12663
mem_stacks_B=0
heap_tree=empty
#-----------
snapshot=39
#-----------
time=4673731709
mem_heap_B=16236449
mem_heap_extra_B=12863
mem_stacks_B=0
heap_tree=empty
#-----------
snapshot=40
#-----------
time=4767753272
mem_heap_B=16571065
mem_heap_extra_B=13135
mem_stacks_B=0
heap_tree=detailed
n3: 16571065 (heap allocation functions) malloc/new/new[], --alloc-fns, etc.
 n1: 15140400 0x20664E: _ntl_gblock_construct_alloc(_ntl_gbigint_body**, long, long) (lip.cpp:6279)
  n2: 15140400 0x228994: NTL::BasicBlockConstruct(NTL::ZZ_p*, long, long) (ZZ.h:1041)
   n0: 8923200 0x16C5A0: void NTL::VecStrategy<true>::do_BlockConstruct<NTL::ZZ_p>(NTL::ZZ_p*, long) (in /home/reti/dongHyeon/Function-hiding-IPE/build/bin/p-norm-ipe-test)
   n1: 6217200 0x228A36: NTL::BlockConstructFromVec(NTL::ZZ_p*, long, NTL::ZZ_p const*) (vec_ZZ_p.cpp:43)
    n0: 6217200 0x16C17C: void NTL::VecStrategy<true>::do_BlockConstructFromVec<NTL::ZZ_p>(NTL::ZZ_p*, long, NTL::ZZ_p const*) (in /home/reti/dongHyeon/Function-hiding-IPE/build/bin/p-norm-ipe-test)
 n0: 1393536 0x16B152: NTL::Vec<NTL::ZZ_p>::AllocateTo(long) (in /home/reti/dongHyeon/Function-hiding-IPE/build/bin/p-norm-ipe-test)
 n0: 37129 in 27 places, all below massif's threshold (1.00%)
#-----------
snapshot=41
#-----------
time=4861776577
mem_heap_B=16902713
mem_heap_extra_B=13399
mem_stacks_B=0
heap_tree=empty
#-----------
snapshot=42
#-----------
time=4955857432
mem_heap_B=17231841
mem_heap_extra_B=13599
mem_stacks_B=0
heap_tree=empty
#-----------
snapshot=43
#-----------
time=5049880644
mem_heap_B=17565769
mem_heap_extra_B=13871
mem_stacks_B=0
heap_tree=empty
#-----------
snapshot=44
#-----------
time=5190942476
mem_heap_B=18063121
mem_heap_extra_B=14239
mem_stacks_B=0
heap_tree=empty
#-----------
snapshot=45
#-----------
time=5284962742
mem_heap_B=18394769
mem_heap_extra_B=14503
mem_stacks_B=0
heap_tree=empty
#-----------
snapshot=46
#-----------
time=5379050374
mem_heap_B=18723897
mem_heap_extra_B=14703
mem_stacks_B=0
heap_tree=empty
#-----------
snapshot=47
#-----------
time=5567093706
mem_heap_B=19389473
mem_heap_extra_B=15239
mem_stacks_B=0
heap_tree=empty
#-----------
snapshot=48
#-----------
time=5697003101
mem_heap_B=38962841
mem_heap_extra_B=29687
mem_stacks_B=0
heap_tree=peak
n3: 38962841 (heap allocation functions) malloc/new/new[], --alloc-fns, etc.
 n1: 35640000 0x20664E: _ntl_gblock_construct_alloc(_ntl_gbigint_body**, long, long) (lip.cpp:6279)
  n2: 35640000 0x228994: NTL::BasicBlockConstruct(NTL::ZZ_p*, long, long) (ZZ.h:1041)
   n0: 17820000 0x16C5A0: void NTL::VecStrategy<true>::do_BlockConstruct<NTL::ZZ_p>(NTL::ZZ_p*, long) (in /home/reti/dongHyeon/Function-hiding-IPE/build/bin/p-norm-ipe-test)
   n1: 17820000 0x228A36: NTL::BlockConstructFromVec(NTL::ZZ_p*, long, NTL::ZZ_p const*) (vec_ZZ_p.cpp:43)
    n0: 17820000 0x16C17C: void NTL::VecStrategy<true>::do_BlockConstructFromVec<NTL::ZZ_p>(NTL::ZZ_p*, long, NTL::ZZ_p const*) (in /home/reti/dongHyeon/Function-hiding-IPE/build/bin/p-norm-ipe-test)
 n0: 3283200 0x16B152: NTL::Vec<NTL::ZZ_p>::AllocateTo(long) (in /home/reti/dongHyeon/Function-hiding-IPE/build/bin/p-norm-ipe-test)
 n0: 39641 in 28 places, all below massif's threshold (1.00%)
#-----------
snapshot=49
#-----------
time=5849058712
mem_heap_B=19621706
mem_heap_extra_B=21798
mem_stacks_B=0
heap_tree=empty
#-----------
snapshot=50
#-----------
time=5936299022
mem_heap_B=19621706
mem_heap_extra_B=21798
mem_stacks_B=0
heap_tree=empty
#-----------
snapshot=51
#-----------
time=6022609806
mem_heap_B=19621850
mem_heap_extra_B=21838
mem_stacks_B=0
heap_tree=empty
#-----------
snapshot=52
#-----------
time=6110296268
mem_heap_B=19621994
mem_heap_extra_B=21878
mem_stacks_B=0
heap_tree=empty
#-----------
snapshot=53
#-----------
time=6197302507
mem_heap_B=19621994
mem_heap_extra_B=21878
mem_stacks_B=0
heap_tree=empty
#-----------
snapshot=54
#-----------
time=6284655281
mem_heap_B=19621994
mem_heap_extra_B=21878
mem_stacks_B=0
heap_tree=empty
#-----------
snapshot=55
#-----------
time=6371359356
mem_heap_B=19621850
mem_heap_extra_B=21838
mem_stacks_B=0
heap_tree=empty
#-----------
snapshot=56
#-----------
time=6459033774
mem_heap_B=19621850
mem_heap_extra_B=21846
mem_stacks_B=0
heap_tree=empty
#-----------
snapshot=57
#-----------
time=6546224792
mem_heap_B=19621850
mem_heap_extra_B=21846
mem_stacks_B=0
heap_tree=detailed
n3: 19621850 (heap allocation functions) malloc/new/new[], --alloc-fns, etc.
 n1: 17859600 0x20664E: _ntl_gblock_construct_alloc(_ntl_gbigint_body**, long, long) (lip.cpp:6279)
  n2: 17859600 0x228994: NTL::BasicBlockConstruct(NTL::ZZ_p*, long, long) (ZZ.h:1041)
   n1: 17839800 0x228A36: NTL::BlockConstructFromVec(NTL::ZZ_p*, long, NTL::ZZ_p const*) (vec_ZZ_p.cpp:43)
    n0: 17839800 0x16C17C: void NTL::VecStrategy<true>::do_BlockConstructFromVec<NTL::ZZ_p>(NTL::ZZ_p*, long, NTL::ZZ_p const*) (in /home/reti/dongHyeon/Function-hiding-IPE/build/bin/p-norm-ipe-test)
   n0: 19800 in 1 place, below massif's threshold (1.00%)
 n0: 1645248 0x16B152: NTL::Vec<NTL::ZZ_p>::AllocateTo(long) (in /home/reti/dongHyeon/Function-hiding-IPE/build/bin/p-norm-ipe-test)
 n0: 117002 in 55 places, all below massif's threshold (1.00%)
#-----------
snapshot=58
#-----------
time=6632763359
mem_heap_B=19621850
mem_heap_extra_B=21846
mem_stacks_B=0
heap_tree=empty
#-----------
snapshot=59
#-----------
time=6719912776
mem_heap_B=19621850
mem_heap_extra_B=21838
mem_stacks_B=0
heap_tree=empty
#-----------
snapshot=60
#-----------
time=6806098984
mem_heap_B=19621706
mem_heap_extra_B=21798
mem_stacks_B=0
heap_tree=empty
