desc: --massif-out-file=keygen/memory-32-10-8.log
cmd: ./p-norm-ipe-test keygen 32 10 8
time_unit: i
#-----------
snapshot=0
#-----------
time=0
mem_heap_B=0
mem_heap_extra_B=0
mem_stacks_B=0
heap_tree=empty
#-----------
snapshot=1
#-----------
time=24355179
mem_heap_B=45417
mem_heap_extra_B=879
mem_stacks_B=0
heap_tree=empty
#-----------
snapshot=2
#-----------
time=56531702
mem_heap_B=159049
mem_heap_extra_B=1055
mem_stacks_B=0
heap_tree=empty
#-----------
snapshot=3
#-----------
time=78102598
mem_heap_B=235153
mem_heap_extra_B=1167
mem_stacks_B=0
heap_tree=empty
#-----------
snapshot=4
#-----------
time=103812260
mem_heap_B=337865
mem_heap_extra_B=1327
mem_stacks_B=0
heap_tree=detailed
n5: 337865 (heap allocation functions) malloc/new/new[], --alloc-fns, etc.
 n1: 279488 0x20664E: _ntl_gblock_construct_alloc(_ntl_gbigint_body**, long, long) (lip.cpp:6279)
  n2: 279488 0x228994: NTL::BasicBlockConstruct(NTL::ZZ_p*, long, long) (ZZ.h:1041)
   n1: 268488 0x228A36: NTL::BlockConstructFromVec(NTL::ZZ_p*, long, NTL::ZZ_p const*) (vec_ZZ_p.cpp:43)
    n0: 268488 0x16C17C: void NTL::VecStrategy<true>::do_BlockConstructFromVec<NTL::ZZ_p>(NTL::ZZ_p*, long, NTL::ZZ_p const*) (in /home/reti/dongHyeon/Function-hiding-IPE/build/bin/p-norm-ipe-test)
   n0: 11000 0x16C5A0: void NTL::VecStrategy<true>::do_BlockConstruct<NTL::ZZ_p>(NTL::ZZ_p*, long) (in /home/reti/dongHyeon/Function-hiding-IPE/build/bin/p-norm-ipe-test)
 n0: 25056 0x16B152: NTL::Vec<NTL::ZZ_p>::AllocateTo(long) (in /home/reti/dongHyeon/Function-hiding-IPE/build/bin/p-norm-ipe-test)
 n0: 20224 0x48F4F42: ??? (in /usr/lib/arm-linux-gnueabihf/libstdc++.so.6.0.26)
 n1: 8192 0x493D6C6: std::basic_filebuf<char, std::char_traits<char> >::_M_allocate_internal_buffer() (in /usr/lib/arm-linux-gnueabihf/libstdc++.so.6.0.26)
  n1: 8192 0x493FFE2: std::basic_filebuf<char, std::char_traits<char> >::open(char const*, std::_Ios_Openmode) (in /usr/lib/arm-linux-gnueabihf/libstdc++.so.6.0.26)
   n0: 8192 0x49409EA: std::basic_ifstream<char, std::char_traits<char> >::basic_ifstream(std::__cxx11::basic_string<char, std::char_traits<char>, std::allocator<char> > const&, std::_Ios_Openmode) (in /usr/lib/arm-linux-gnueabihf/libstdc++.so.6.0.26)
 n0: 4905 in 24 places, all below massif's threshold (1.00%)
#-----------
snapshot=5
#-----------
time=129150537
mem_heap_B=415065
mem_heap_extra_B=1423
mem_stacks_B=0
heap_tree=empty
#-----------
snapshot=6
#-----------
time=168544995
mem_heap_B=566177
mem_heap_extra_B=1663
mem_stacks_B=0
heap_tree=detailed
n5: 566177 (heap allocation functions) malloc/new/new[], --alloc-fns, etc.
 n1: 488312 0x20664E: _ntl_gblock_construct_alloc(_ntl_gbigint_body**, long, long) (lip.cpp:6279)
  n2: 488312 0x228994: NTL::BasicBlockConstruct(NTL::ZZ_p*, long, long) (ZZ.h:1041)
   n1: 477312 0x228A36: NTL::BlockConstructFromVec(NTL::ZZ_p*, long, NTL::ZZ_p const*) (vec_ZZ_p.cpp:43)
    n0: 477312 0x16C17C: void NTL::VecStrategy<true>::do_BlockConstructFromVec<NTL::ZZ_p>(NTL::ZZ_p*, long, NTL::ZZ_p const*) (in /home/reti/dongHyeon/Function-hiding-IPE/build/bin/p-norm-ipe-test)
   n0: 11000 0x16C5A0: void NTL::VecStrategy<true>::do_BlockConstruct<NTL::ZZ_p>(NTL::ZZ_p*, long) (in /home/reti/dongHyeon/Function-hiding-IPE/build/bin/p-norm-ipe-test)
 n0: 44544 0x16B152: NTL::Vec<NTL::ZZ_p>::AllocateTo(long) (in /home/reti/dongHyeon/Function-hiding-IPE/build/bin/p-norm-ipe-test)
 n0: 20224 0x48F4F42: ??? (in /usr/lib/arm-linux-gnueabihf/libstdc++.so.6.0.26)
 n1: 8192 0x493D6C6: std::basic_filebuf<char, std::char_traits<char> >::_M_allocate_internal_buffer() (in /usr/lib/arm-linux-gnueabihf/libstdc++.so.6.0.26)
  n1: 8192 0x493FFE2: std::basic_filebuf<char, std::char_traits<char> >::open(char const*, std::_Ios_Openmode) (in /usr/lib/arm-linux-gnueabihf/libstdc++.so.6.0.26)
   n0: 8192 0x49409EA: std::basic_ifstream<char, std::char_traits<char> >::basic_ifstream(std::__cxx11::basic_string<char, std::char_traits<char>, std::allocator<char> > const&, std::_Ios_Openmode) (in /usr/lib/arm-linux-gnueabihf/libstdc++.so.6.0.26)
 n0: 4905 in 24 places, all below massif's threshold (1.00%)
#-----------
snapshot=7
#-----------
time=190809223
mem_heap_B=632697
mem_heap_extra_B=1743
mem_stacks_B=0
heap_tree=empty
#-----------
snapshot=8
#-----------
time=218555263
mem_heap_B=730545
mem_heap_extra_B=1887
mem_stacks_B=0
heap_tree=empty
#-----------
snapshot=9
#-----------
time=237057955
mem_heap_B=795777
mem_heap_extra_B=1983
mem_stacks_B=0
heap_tree=empty
#-----------
snapshot=10
#-----------
time=264122716
mem_heap_B=903401
mem_heap_extra_B=2159
mem_stacks_B=0
heap_tree=detailed
n4: 903401 (heap allocation functions) malloc/new/new[], --alloc-fns, etc.
 n1: 796576 0x20664E: _ntl_gblock_construct_alloc(_ntl_gbigint_body**, long, long) (lip.cpp:6279)
  n2: 796576 0x228994: NTL::BasicBlockConstruct(NTL::ZZ_p*, long, long) (ZZ.h:1041)
   n1: 785576 0x228A36: NTL::BlockConstructFromVec(NTL::ZZ_p*, long, NTL::ZZ_p const*) (vec_ZZ_p.cpp:43)
    n0: 785576 0x16C17C: void NTL::VecStrategy<true>::do_BlockConstructFromVec<NTL::ZZ_p>(NTL::ZZ_p*, long, NTL::ZZ_p const*) (in /home/reti/dongHyeon/Function-hiding-IPE/build/bin/p-norm-ipe-test)
   n0: 11000 0x16C5A0: void NTL::VecStrategy<true>::do_BlockConstruct<NTL::ZZ_p>(NTL::ZZ_p*, long) (in /home/reti/dongHyeon/Function-hiding-IPE/build/bin/p-norm-ipe-test)
 n0: 73312 0x16B152: NTL::Vec<NTL::ZZ_p>::AllocateTo(long) (in /home/reti/dongHyeon/Function-hiding-IPE/build/bin/p-norm-ipe-test)
 n0: 20224 0x48F4F42: ??? (in /usr/lib/arm-linux-gnueabihf/libstdc++.so.6.0.26)
 n0: 13289 in 26 places, all below massif's threshold (1.00%)
#-----------
snapshot=11
#-----------
time=288779162
mem_heap_B=990377
mem_heap_extra_B=2287
mem_stacks_B=0
heap_tree=detailed
n4: 990377 (heap allocation functions) malloc/new/new[], --alloc-fns, etc.
 n1: 876128 0x20664E: _ntl_gblock_construct_alloc(_ntl_gbigint_body**, long, long) (lip.cpp:6279)
  n2: 876128 0x228994: NTL::BasicBlockConstruct(NTL::ZZ_p*, long, long) (ZZ.h:1041)
   n1: 865128 0x228A36: NTL::BlockConstructFromVec(NTL::ZZ_p*, long, NTL::ZZ_p const*) (vec_ZZ_p.cpp:43)
    n0: 865128 0x16C17C: void NTL::VecStrategy<true>::do_BlockConstructFromVec<NTL::ZZ_p>(NTL::ZZ_p*, long, NTL::ZZ_p const*) (in /home/reti/dongHyeon/Function-hiding-IPE/build/bin/p-norm-ipe-test)
   n0: 11000 0x16C5A0: void NTL::VecStrategy<true>::do_BlockConstruct<NTL::ZZ_p>(NTL::ZZ_p*, long) (in /home/reti/dongHyeon/Function-hiding-IPE/build/bin/p-norm-ipe-test)
 n0: 80736 0x16B152: NTL::Vec<NTL::ZZ_p>::AllocateTo(long) (in /home/reti/dongHyeon/Function-hiding-IPE/build/bin/p-norm-ipe-test)
 n0: 20224 0x48F4F42: ??? (in /usr/lib/arm-linux-gnueabihf/libstdc++.so.6.0.26)
 n0: 13289 in 26 places, all below massif's threshold (1.00%)
#-----------
snapshot=12
#-----------
time=313436818
mem_heap_B=1077353
mem_heap_extra_B=2415
mem_stacks_B=0
heap_tree=detailed
n4: 1077353 (heap allocation functions) malloc/new/new[], --alloc-fns, etc.
 n1: 955680 0x20664E: _ntl_gblock_construct_alloc(_ntl_gbigint_body**, long, long) (lip.cpp:6279)
  n2: 955680 0x228994: NTL::BasicBlockConstruct(NTL::ZZ_p*, long, long) (ZZ.h:1041)
   n1: 944680 0x228A36: NTL::BlockConstructFromVec(NTL::ZZ_p*, long, NTL::ZZ_p const*) (vec_ZZ_p.cpp:43)
    n0: 944680 0x16C17C: void NTL::VecStrategy<true>::do_BlockConstructFromVec<NTL::ZZ_p>(NTL::ZZ_p*, long, NTL::ZZ_p const*) (in /home/reti/dongHyeon/Function-hiding-IPE/build/bin/p-norm-ipe-test)
   n0: 11000 0x16C5A0: void NTL::VecStrategy<true>::do_BlockConstruct<NTL::ZZ_p>(NTL::ZZ_p*, long) (in /home/reti/dongHyeon/Function-hiding-IPE/build/bin/p-norm-ipe-test)
 n0: 88160 0x16B152: NTL::Vec<NTL::ZZ_p>::AllocateTo(long) (in /home/reti/dongHyeon/Function-hiding-IPE/build/bin/p-norm-ipe-test)
 n0: 20224 0x48F4F42: ??? (in /usr/lib/arm-linux-gnueabihf/libstdc++.so.6.0.26)
 n0: 13289 in 26 places, all below massif's threshold (1.00%)
#-----------
snapshot=13
#-----------
time=338096907
mem_heap_B=1162337
mem_heap_extra_B=2535
mem_stacks_B=0
heap_tree=empty
#-----------
snapshot=14
#-----------
time=365838621
mem_heap_B=1262385
mem_heap_extra_B=2687
mem_stacks_B=0
heap_tree=detailed
n4: 1262385 (heap allocation functions) malloc/new/new[], --alloc-fns, etc.
 n1: 1124728 0x20664E: _ntl_gblock_construct_alloc(_ntl_gbigint_body**, long, long) (lip.cpp:6279)
  n2: 1124728 0x228994: NTL::BasicBlockConstruct(NTL::ZZ_p*, long, long) (ZZ.h:1041)
   n1: 1113728 0x228A36: NTL::BlockConstructFromVec(NTL::ZZ_p*, long, NTL::ZZ_p const*) (vec_ZZ_p.cpp:43)
    n0: 1113728 0x16C17C: void NTL::VecStrategy<true>::do_BlockConstructFromVec<NTL::ZZ_p>(NTL::ZZ_p*, long, NTL::ZZ_p const*) (in /home/reti/dongHyeon/Function-hiding-IPE/build/bin/p-norm-ipe-test)
   n0: 11000 in 1 place, below massif's threshold (1.00%)
 n0: 103936 0x16B152: NTL::Vec<NTL::ZZ_p>::AllocateTo(long) (in /home/reti/dongHyeon/Function-hiding-IPE/build/bin/p-norm-ipe-test)
 n0: 20224 0x48F4F42: ??? (in /usr/lib/arm-linux-gnueabihf/libstdc++.so.6.0.26)
 n0: 13497 in 26 places, all below massif's threshold (1.00%)
#-----------
snapshot=15
#-----------
time=408994753
mem_heap_B=1414593
mem_heap_extra_B=2911
mem_stacks_B=0
heap_tree=detailed
n4: 1414593 (heap allocation functions) malloc/new/new[], --alloc-fns, etc.
 n1: 1263944 0x20664E: _ntl_gblock_construct_alloc(_ntl_gbigint_body**, long, long) (lip.cpp:6279)
  n2: 1263944 0x228994: NTL::BasicBlockConstruct(NTL::ZZ_p*, long, long) (ZZ.h:1041)
   n1: 1252944 0x228A36: NTL::BlockConstructFromVec(NTL::ZZ_p*, long, NTL::ZZ_p const*) (vec_ZZ_p.cpp:43)
    n0: 1252944 0x16C17C: void NTL::VecStrategy<true>::do_BlockConstructFromVec<NTL::ZZ_p>(NTL::ZZ_p*, long, NTL::ZZ_p const*) (in /home/reti/dongHyeon/Function-hiding-IPE/build/bin/p-norm-ipe-test)
   n0: 11000 in 1 place, below massif's threshold (1.00%)
 n0: 116928 0x16B152: NTL::Vec<NTL::ZZ_p>::AllocateTo(long) (in /home/reti/dongHyeon/Function-hiding-IPE/build/bin/p-norm-ipe-test)
 n0: 20224 0x48F4F42: ??? (in /usr/lib/arm-linux-gnueabihf/libstdc++.so.6.0.26)
 n0: 13497 in 26 places, all below massif's threshold (1.00%)
#-----------
snapshot=16
#-----------
time=439451045
mem_heap_B=1510241
mem_heap_extra_B=3047
mem_stacks_B=0
heap_tree=empty
#-----------
snapshot=17
#-----------
time=470282078
mem_heap_B=1618961
mem_heap_extra_B=3207
mem_stacks_B=0
heap_tree=empty
#-----------
snapshot=18
#-----------
time=489152875
mem_heap_B=1697569
mem_heap_extra_B=3327
mem_stacks_B=0
heap_tree=detailed
n4: 1697569 (heap allocation functions) malloc/new/new[], --alloc-fns, etc.
 n1: 1522488 0x20664E: _ntl_gblock_construct_alloc(_ntl_gbigint_body**, long, long) (lip.cpp:6279)
  n2: 1522488 0x228994: NTL::BasicBlockConstruct(NTL::ZZ_p*, long, long) (ZZ.h:1041)
   n1: 1511488 0x228A36: NTL::BlockConstructFromVec(NTL::ZZ_p*, long, NTL::ZZ_p const*) (vec_ZZ_p.cpp:43)
    n0: 1511488 0x16C17C: void NTL::VecStrategy<true>::do_BlockConstructFromVec<NTL::ZZ_p>(NTL::ZZ_p*, long, NTL::ZZ_p const*) (in /home/reti/dongHyeon/Function-hiding-IPE/build/bin/p-norm-ipe-test)
   n0: 11000 in 1 place, below massif's threshold (1.00%)
 n0: 141056 0x16B152: NTL::Vec<NTL::ZZ_p>::AllocateTo(long) (in /home/reti/dongHyeon/Function-hiding-IPE/build/bin/p-norm-ipe-test)
 n0: 20224 0x48F4F42: ??? (in /usr/lib/arm-linux-gnueabihf/libstdc++.so.6.0.26)
 n0: 13801 in 26 places, all below massif's threshold (1.00%)
#-----------
snapshot=19
#-----------
time=519981699
mem_heap_B=1806289
mem_heap_extra_B=3487
mem_stacks_B=0
heap_tree=detailed
n4: 1806289 (heap allocation functions) malloc/new/new[], --alloc-fns, etc.
 n1: 1621928 0x20664E: _ntl_gblock_construct_alloc(_ntl_gbigint_body**, long, long) (lip.cpp:6279)
  n2: 1621928 0x228994: NTL::BasicBlockConstruct(NTL::ZZ_p*, long, long) (ZZ.h:1041)
   n1: 1610928 0x228A36: NTL::BlockConstructFromVec(NTL::ZZ_p*, long, NTL::ZZ_p const*) (vec_ZZ_p.cpp:43)
    n0: 1610928 0x16C17C: void NTL::VecStrategy<true>::do_BlockConstructFromVec<NTL::ZZ_p>(NTL::ZZ_p*, long, NTL::ZZ_p const*) (in /home/reti/dongHyeon/Function-hiding-IPE/build/bin/p-norm-ipe-test)
   n0: 11000 in 1 place, below massif's threshold (1.00%)
 n0: 150336 0x16B152: NTL::Vec<NTL::ZZ_p>::AllocateTo(long) (in /home/reti/dongHyeon/Function-hiding-IPE/build/bin/p-norm-ipe-test)
 n0: 20224 0x48F4F42: ??? (in /usr/lib/arm-linux-gnueabihf/libstdc++.so.6.0.26)
 n0: 13801 in 26 places, all below massif's threshold (1.00%)
#-----------
snapshot=20
#-----------
time=538476959
mem_heap_B=1871521
mem_heap_extra_B=3583
mem_stacks_B=0
heap_tree=detailed
n4: 1871521 (heap allocation functions) malloc/new/new[], --alloc-fns, etc.
 n1: 1681592 0x20664E: _ntl_gblock_construct_alloc(_ntl_gbigint_body**, long, long) (lip.cpp:6279)
  n2: 1681592 0x228994: NTL::BasicBlockConstruct(NTL::ZZ_p*, long, long) (ZZ.h:1041)
   n1: 1670592 0x228A36: NTL::BlockConstructFromVec(NTL::ZZ_p*, long, NTL::ZZ_p const*) (vec_ZZ_p.cpp:43)
    n0: 1670592 0x16C17C: void NTL::VecStrategy<true>::do_BlockConstructFromVec<NTL::ZZ_p>(NTL::ZZ_p*, long, NTL::ZZ_p const*) (in /home/reti/dongHyeon/Function-hiding-IPE/build/bin/p-norm-ipe-test)
   n0: 11000 in 1 place, below massif's threshold (1.00%)
 n0: 155904 0x16B152: NTL::Vec<NTL::ZZ_p>::AllocateTo(long) (in /home/reti/dongHyeon/Function-hiding-IPE/build/bin/p-norm-ipe-test)
 n0: 20224 0x48F4F42: ??? (in /usr/lib/arm-linux-gnueabihf/libstdc++.so.6.0.26)
 n0: 13801 in 26 places, all below massif's threshold (1.00%)
#-----------
snapshot=21
#-----------
time=563143490
mem_heap_B=1958497
mem_heap_extra_B=3711
mem_stacks_B=0
heap_tree=detailed
n4: 1958497 (heap allocation functions) malloc/new/new[], --alloc-fns, etc.
 n1: 1761144 0x20664E: _ntl_gblock_construct_alloc(_ntl_gbigint_body**, long, long) (lip.cpp:6279)
  n2: 1761144 0x228994: NTL::BasicBlockConstruct(NTL::ZZ_p*, long, long) (ZZ.h:1041)
   n1: 1750144 0x228A36: NTL::BlockConstructFromVec(NTL::ZZ_p*, long, NTL::ZZ_p const*) (vec_ZZ_p.cpp:43)
    n0: 1750144 0x16C17C: void NTL::VecStrategy<true>::do_BlockConstructFromVec<NTL::ZZ_p>(NTL::ZZ_p*, long, NTL::ZZ_p const*) (in /home/reti/dongHyeon/Function-hiding-IPE/build/bin/p-norm-ipe-test)
   n0: 11000 in 1 place, below massif's threshold (1.00%)
 n0: 163328 0x16B152: NTL::Vec<NTL::ZZ_p>::AllocateTo(long) (in /home/reti/dongHyeon/Function-hiding-IPE/build/bin/p-norm-ipe-test)
 n0: 20224 0x48F4F42: ??? (in /usr/lib/arm-linux-gnueabihf/libstdc++.so.6.0.26)
 n0: 13801 in 26 places, all below massif's threshold (1.00%)
#-----------
snapshot=22
#-----------
time=606281578
mem_heap_B=2110705
mem_heap_extra_B=3935
mem_stacks_B=0
heap_tree=detailed
n3: 2110705 (heap allocation functions) malloc/new/new[], --alloc-fns, etc.
 n1: 1900360 0x20664E: _ntl_gblock_construct_alloc(_ntl_gbigint_body**, long, long) (lip.cpp:6279)
  n2: 1900360 0x228994: NTL::BasicBlockConstruct(NTL::ZZ_p*, long, long) (ZZ.h:1041)
   n1: 1889360 0x228A36: NTL::BlockConstructFromVec(NTL::ZZ_p*, long, NTL::ZZ_p const*) (vec_ZZ_p.cpp:43)
    n0: 1889360 0x16C17C: void NTL::VecStrategy<true>::do_BlockConstructFromVec<NTL::ZZ_p>(NTL::ZZ_p*, long, NTL::ZZ_p const*) (in /home/reti/dongHyeon/Function-hiding-IPE/build/bin/p-norm-ipe-test)
   n0: 11000 in 1 place, below massif's threshold (1.00%)
 n0: 176320 0x16B152: NTL::Vec<NTL::ZZ_p>::AllocateTo(long) (in /home/reti/dongHyeon/Function-hiding-IPE/build/bin/p-norm-ipe-test)
 n0: 34025 in 27 places, all below massif's threshold (1.00%)
#-----------
snapshot=23
#-----------
time=640198255
mem_heap_B=2230761
mem_heap_extra_B=4111
mem_stacks_B=0
heap_tree=detailed
n3: 2230761 (heap allocation functions) malloc/new/new[], --alloc-fns, etc.
 n1: 2009744 0x20664E: _ntl_gblock_construct_alloc(_ntl_gbigint_body**, long, long) (lip.cpp:6279)
  n2: 2009744 0x228994: NTL::BasicBlockConstruct(NTL::ZZ_p*, long, long) (ZZ.h:1041)
   n1: 1998744 0x228A36: NTL::BlockConstructFromVec(NTL::ZZ_p*, long, NTL::ZZ_p const*) (vec_ZZ_p.cpp:43)
    n0: 1998744 0x16C17C: void NTL::VecStrategy<true>::do_BlockConstructFromVec<NTL::ZZ_p>(NTL::ZZ_p*, long, NTL::ZZ_p const*) (in /home/reti/dongHyeon/Function-hiding-IPE/build/bin/p-norm-ipe-test)
   n0: 11000 in 1 place, below massif's threshold (1.00%)
 n0: 186528 0x16B152: NTL::Vec<NTL::ZZ_p>::AllocateTo(long) (in /home/reti/dongHyeon/Function-hiding-IPE/build/bin/p-norm-ipe-test)
 n0: 34489 in 27 places, all below massif's threshold (1.00%)
#-----------
snapshot=24
#-----------
time=677186864
mem_heap_B=2361225
mem_heap_extra_B=4303
mem_stacks_B=0
heap_tree=detailed
n3: 2361225 (heap allocation functions) malloc/new/new[], --alloc-fns, etc.
 n1: 2129072 0x20664E: _ntl_gblock_construct_alloc(_ntl_gbigint_body**, long, long) (lip.cpp:6279)
  n2: 2129072 0x228994: NTL::BasicBlockConstruct(NTL::ZZ_p*, long, long) (ZZ.h:1041)
   n1: 2118072 0x228A36: NTL::BlockConstructFromVec(NTL::ZZ_p*, long, NTL::ZZ_p const*) (vec_ZZ_p.cpp:43)
    n0: 2118072 0x16C17C: void NTL::VecStrategy<true>::do_BlockConstructFromVec<NTL::ZZ_p>(NTL::ZZ_p*, long, NTL::ZZ_p const*) (in /home/reti/dongHyeon/Function-hiding-IPE/build/bin/p-norm-ipe-test)
   n0: 11000 in 1 place, below massif's threshold (1.00%)
 n0: 197664 0x16B152: NTL::Vec<NTL::ZZ_p>::AllocateTo(long) (in /home/reti/dongHyeon/Function-hiding-IPE/build/bin/p-norm-ipe-test)
 n0: 34489 in 27 places, all below massif's threshold (1.00%)
#-----------
snapshot=25
#-----------
time=704920895
mem_heap_B=2459073
mem_heap_extra_B=4447
mem_stacks_B=0
heap_tree=detailed
n3: 2459073 (heap allocation functions) malloc/new/new[], --alloc-fns, etc.
 n1: 2218568 0x20664E: _ntl_gblock_construct_alloc(_ntl_gbigint_body**, long, long) (lip.cpp:6279)
  n2: 2218568 0x228994: NTL::BasicBlockConstruct(NTL::ZZ_p*, long, long) (ZZ.h:1041)
   n1: 2207568 0x228A36: NTL::BlockConstructFromVec(NTL::ZZ_p*, long, NTL::ZZ_p const*) (vec_ZZ_p.cpp:43)
    n0: 2207568 0x16C17C: void NTL::VecStrategy<true>::do_BlockConstructFromVec<NTL::ZZ_p>(NTL::ZZ_p*, long, NTL::ZZ_p const*) (in /home/reti/dongHyeon/Function-hiding-IPE/build/bin/p-norm-ipe-test)
   n0: 11000 in 1 place, below massif's threshold (1.00%)
 n0: 206016 0x16B152: NTL::Vec<NTL::ZZ_p>::AllocateTo(long) (in /home/reti/dongHyeon/Function-hiding-IPE/build/bin/p-norm-ipe-test)
 n0: 34489 in 27 places, all below massif's threshold (1.00%)
#-----------
snapshot=26
#-----------
time=722444644
mem_heap_B=4948169
mem_heap_extra_B=8087
mem_stacks_B=0
heap_tree=detailed
n3: 4948169 (heap allocation functions) malloc/new/new[], --alloc-fns, etc.
 n1: 4494688 0x20664E: _ntl_gblock_construct_alloc(_ntl_gbigint_body**, long, long) (lip.cpp:6279)
  n2: 4494688 0x228994: NTL::BasicBlockConstruct(NTL::ZZ_p*, long, long) (ZZ.h:1041)
   n1: 4494688 0x228A36: NTL::BlockConstructFromVec(NTL::ZZ_p*, long, NTL::ZZ_p const*) (vec_ZZ_p.cpp:43)
    n0: 4494688 0x16C17C: void NTL::VecStrategy<true>::do_BlockConstructFromVec<NTL::ZZ_p>(NTL::ZZ_p*, long, NTL::ZZ_p const*) (in /home/reti/dongHyeon/Function-hiding-IPE/build/bin/p-norm-ipe-test)
   n0: 0 in 1 place, below massif's threshold (1.00%)
 n0: 419456 0x16B152: NTL::Vec<NTL::ZZ_p>::AllocateTo(long) (in /home/reti/dongHyeon/Function-hiding-IPE/build/bin/p-norm-ipe-test)
 n0: 34025 in 27 places, all below massif's threshold (1.00%)
#-----------
snapshot=27
#-----------
time=744354371
mem_heap_B=2535865
mem_heap_extra_B=4575
mem_stacks_B=0
heap_tree=empty
#-----------
snapshot=28
#-----------
time=775211430
mem_heap_B=2652329
mem_heap_extra_B=4735
mem_stacks_B=0
heap_tree=empty
#-----------
snapshot=29
#-----------
time=794381995
mem_heap_B=2709985
mem_heap_extra_B=4807
mem_stacks_B=0
heap_tree=empty
#-----------
snapshot=30
#-----------
time=820398241
mem_heap_B=2801873
mem_heap_extra_B=4951
mem_stacks_B=0
heap_tree=empty
#-----------
snapshot=31
#-----------
time=846080602
mem_heap_B=2894641
mem_heap_extra_B=5103
mem_stacks_B=0
heap_tree=empty
#-----------
snapshot=32
#-----------
time=888887440
mem_heap_B=3043913
mem_heap_extra_B=5311
mem_stacks_B=0
heap_tree=empty
#-----------
snapshot=33
#-----------
time=910466264
mem_heap_B=3120017
mem_heap_extra_B=5423
mem_stacks_B=0
heap_tree=empty
#-----------
snapshot=34
#-----------
time=932047046
mem_heap_B=3196121
mem_heap_extra_B=5535
mem_stacks_B=0
heap_tree=empty
#-----------
snapshot=35
#-----------
time=953983583
mem_heap_B=3275353
mem_heap_extra_B=5663
mem_stacks_B=0
heap_tree=empty
#-----------
snapshot=36
#-----------
time=997133387
mem_heap_B=3427561
mem_heap_extra_B=5887
mem_stacks_B=0
heap_tree=empty
#-----------
snapshot=37
#-----------
time=1029342946
mem_heap_B=3538857
mem_heap_extra_B=6031
mem_stacks_B=0
heap_tree=empty
#-----------
snapshot=38
#-----------
time=1050921835
mem_heap_B=3615169
mem_heap_extra_B=6143
mem_stacks_B=0
heap_tree=empty
#-----------
snapshot=39
#-----------
time=1083445713
mem_heap_B=3732185
mem_heap_extra_B=6335
mem_stacks_B=0
heap_tree=empty
#-----------
snapshot=40
#-----------
time=1126254376
mem_heap_B=3883465
mem_heap_extra_B=6551
mem_stacks_B=0
heap_tree=empty
#-----------
snapshot=41
#-----------
time=1148176597
mem_heap_B=3960497
mem_heap_extra_B=6671
mem_stacks_B=0
heap_tree=empty
#-----------
snapshot=42
#-----------
time=1180383782
mem_heap_B=4071793
mem_heap_extra_B=6815
mem_stacks_B=0
heap_tree=detailed
n3: 4071793 (heap allocation functions) malloc/new/new[], --alloc-fns, etc.
 n1: 3693624 0x20664E: _ntl_gblock_construct_alloc(_ntl_gbigint_body**, long, long) (lip.cpp:6279)
  n2: 3693624 0x228994: NTL::BasicBlockConstruct(NTL::ZZ_p*, long, long) (ZZ.h:1041)
   n0: 2251744 0x16C5A0: void NTL::VecStrategy<true>::do_BlockConstruct<NTL::ZZ_p>(NTL::ZZ_p*, long) (in /home/reti/dongHyeon/Function-hiding-IPE/build/bin/p-norm-ipe-test)
   n1: 1441880 0x228A36: NTL::BlockConstructFromVec(NTL::ZZ_p*, long, NTL::ZZ_p const*) (vec_ZZ_p.cpp:43)
    n0: 1441880 0x16C17C: void NTL::VecStrategy<true>::do_BlockConstructFromVec<NTL::ZZ_p>(NTL::ZZ_p*, long, NTL::ZZ_p const*) (in /home/reti/dongHyeon/Function-hiding-IPE/build/bin/p-norm-ipe-test)
 n0: 344288 0x16B152: NTL::Vec<NTL::ZZ_p>::AllocateTo(long) (in /home/reti/dongHyeon/Function-hiding-IPE/build/bin/p-norm-ipe-test)
 n0: 33881 in 27 places, all below massif's threshold (1.00%)
#-----------
snapshot=43
#-----------
time=1201958668
mem_heap_B=4148201
mem_heap_extra_B=6927
mem_stacks_B=0
heap_tree=empty
#-----------
snapshot=44
#-----------
time=1234139434
mem_heap_B=4262089
mem_heap_extra_B=7103
mem_stacks_B=0
heap_tree=empty
#-----------
snapshot=45
#-----------
time=1255719596
mem_heap_B=4338193
mem_heap_extra_B=7215
mem_stacks_B=0
heap_tree=empty
#-----------
snapshot=46
#-----------
time=1277648583
mem_heap_B=4417425
mem_heap_extra_B=7343
mem_stacks_B=0
heap_tree=empty
#-----------
snapshot=47
#-----------
time=1320458904
mem_heap_B=4566505
mem_heap_extra_B=7551
mem_stacks_B=0
heap_tree=empty
#-----------
snapshot=48
#-----------
time=1342387449
mem_heap_B=4645737
mem_heap_extra_B=7679
mem_stacks_B=0
heap_tree=empty
#-----------
snapshot=49
#-----------
time=1385200262
mem_heap_B=4795281
mem_heap_extra_B=7887
mem_stacks_B=0
heap_tree=empty
#-----------
snapshot=50
#-----------
time=1403018628
mem_heap_B=4857849
mem_heap_extra_B=7975
mem_stacks_B=0
heap_tree=detailed
n3: 4857849 (heap allocation functions) malloc/new/new[], --alloc-fns, etc.
 n1: 4411792 0x20664E: _ntl_gblock_construct_alloc(_ntl_gbigint_body**, long, long) (lip.cpp:6279)
  n2: 4411792 0x228994: NTL::BasicBlockConstruct(NTL::ZZ_p*, long, long) (ZZ.h:1041)
   n0: 2253944 0x16C5A0: void NTL::VecStrategy<true>::do_BlockConstruct<NTL::ZZ_p>(NTL::ZZ_p*, long) (in /home/reti/dongHyeon/Function-hiding-IPE/build/bin/p-norm-ipe-test)
   n1: 2157848 0x228A36: NTL::BlockConstructFromVec(NTL::ZZ_p*, long, NTL::ZZ_p const*) (vec_ZZ_p.cpp:43)
    n0: 2157848 0x16C17C: void NTL::VecStrategy<true>::do_BlockConstructFromVec<NTL::ZZ_p>(NTL::ZZ_p*, long, NTL::ZZ_p const*) (in /home/reti/dongHyeon/Function-hiding-IPE/build/bin/p-norm-ipe-test)
 n0: 411104 0x16B152: NTL::Vec<NTL::ZZ_p>::AllocateTo(long) (in /home/reti/dongHyeon/Function-hiding-IPE/build/bin/p-norm-ipe-test)
 n0: 34953 in 27 places, all below massif's threshold (1.00%)
#-----------
snapshot=51
#-----------
time=1420843730
mem_heap_B=4920577
mem_heap_extra_B=8063
mem_stacks_B=0
heap_tree=empty
#-----------
snapshot=52
#-----------
time=1433938734
mem_heap_B=7406169
mem_heap_extra_B=11711
mem_stacks_B=0
heap_tree=detailed
n3: 7406169 (heap allocation functions) malloc/new/new[], --alloc-fns, etc.
 n1: 6742032 0x20664E: _ntl_gblock_construct_alloc(_ntl_gbigint_body**, long, long) (lip.cpp:6279)
  n2: 6742032 0x228994: NTL::BasicBlockConstruct(NTL::ZZ_p*, long, long) (ZZ.h:1041)
   n1: 4494688 0x228A36: NTL::BlockConstructFromVec(NTL::ZZ_p*, long, NTL::ZZ_p const*) (vec_ZZ_p.cpp:43)
    n0: 4494688 0x16C17C: void NTL::VecStrategy<true>::do_BlockConstructFromVec<NTL::ZZ_p>(NTL::ZZ_p*, long, NTL::ZZ_p const*) (in /home/reti/dongHyeon/Function-hiding-IPE/build/bin/p-norm-ipe-test)
   n0: 2247344 0x16C5A0: void NTL::VecStrategy<true>::do_BlockConstruct<NTL::ZZ_p>(NTL::ZZ_p*, long) (in /home/reti/dongHyeon/Function-hiding-IPE/build/bin/p-norm-ipe-test)
 n0: 629184 0x16B152: NTL::Vec<NTL::ZZ_p>::AllocateTo(long) (in /home/reti/dongHyeon/Function-hiding-IPE/build/bin/p-norm-ipe-test)
 n0: 34953 in 27 places, all below massif's threshold (1.00%)
#-----------
snapshot=53
#-----------
time=1451470747
mem_heap_B=8680097
mem_heap_extra_B=13623
mem_stacks_B=0
heap_tree=empty
#-----------
snapshot=54
#-----------
time=1454021588
mem_heap_B=9864217
mem_heap_extra_B=15359
mem_stacks_B=0
heap_tree=peak
n3: 9864217 (heap allocation functions) malloc/new/new[], --alloc-fns, etc.
 n1: 8989376 0x20664E: _ntl_gblock_construct_alloc(_ntl_gbigint_body**, long, long) (lip.cpp:6279)
  n2: 8989376 0x228994: NTL::BasicBlockConstruct(NTL::ZZ_p*, long, long) (ZZ.h:1041)
   n0: 4494688 0x16C5A0: void NTL::VecStrategy<true>::do_BlockConstruct<NTL::ZZ_p>(NTL::ZZ_p*, long) (in /home/reti/dongHyeon/Function-hiding-IPE/build/bin/p-norm-ipe-test)
   n1: 4494688 0x228A36: NTL::BlockConstructFromVec(NTL::ZZ_p*, long, NTL::ZZ_p const*) (vec_ZZ_p.cpp:43)
    n0: 4494688 0x16C17C: void NTL::VecStrategy<true>::do_BlockConstructFromVec<NTL::ZZ_p>(NTL::ZZ_p*, long, NTL::ZZ_p const*) (in /home/reti/dongHyeon/Function-hiding-IPE/build/bin/p-norm-ipe-test)
 n0: 838912 0x16B152: NTL::Vec<NTL::ZZ_p>::AllocateTo(long) (in /home/reti/dongHyeon/Function-hiding-IPE/build/bin/p-norm-ipe-test)
 n0: 35929 in 28 places, all below massif's threshold (1.00%)
#-----------
snapshot=55
#-----------
time=1483570764
mem_heap_B=4972749
mem_heap_extra_B=8475
mem_stacks_B=0
heap_tree=empty
#-----------
snapshot=56
#-----------
time=1513173975
mem_heap_B=5007709
mem_heap_extra_B=11595
mem_stacks_B=0
heap_tree=empty
#-----------
snapshot=57
#-----------
time=1531485447
mem_heap_B=5007817
mem_heap_extra_B=11615
mem_stacks_B=0
heap_tree=empty
#-----------
snapshot=58
#-----------
time=1549676186
mem_heap_B=5007817
mem_heap_extra_B=11615
mem_stacks_B=0
heap_tree=empty
#-----------
snapshot=59
#-----------
time=1568131473
mem_heap_B=5007817
mem_heap_extra_B=11615
mem_stacks_B=0
heap_tree=empty
#-----------
snapshot=60
#-----------
time=1587344292
mem_heap_B=5007961
mem_heap_extra_B=11655
mem_stacks_B=0
heap_tree=empty
#-----------
snapshot=61
#-----------
time=1605714427
mem_heap_B=5007961
mem_heap_extra_B=11655
mem_stacks_B=0
heap_tree=empty
#-----------
snapshot=62
#-----------
time=1624133862
mem_heap_B=5007961
mem_heap_extra_B=11655
mem_stacks_B=0
heap_tree=empty
#-----------
snapshot=63
#-----------
time=1642459866
mem_heap_B=5007961
mem_heap_extra_B=11655
mem_stacks_B=0
heap_tree=empty
#-----------
snapshot=64
#-----------
time=1660735065
mem_heap_B=5007961
mem_heap_extra_B=11655
mem_stacks_B=0
heap_tree=detailed
n3: 5007961 (heap allocation functions) malloc/new/new[], --alloc-fns, etc.
 n1: 4514576 0x20664E: _ntl_gblock_construct_alloc(_ntl_gbigint_body**, long, long) (lip.cpp:6279)
  n2: 4514576 0x228994: NTL::BasicBlockConstruct(NTL::ZZ_p*, long, long) (ZZ.h:1041)
   n1: 4504632 0x228A36: NTL::BlockConstructFromVec(NTL::ZZ_p*, long, NTL::ZZ_p const*) (vec_ZZ_p.cpp:43)
    n0: 4504632 0x16C17C: void NTL::VecStrategy<true>::do_BlockConstructFromVec<NTL::ZZ_p>(NTL::ZZ_p*, long, NTL::ZZ_p const*) (in /home/reti/dongHyeon/Function-hiding-IPE/build/bin/p-norm-ipe-test)
   n0: 9944 in 1 place, below massif's threshold (1.00%)
 n0: 421312 0x16B152: NTL::Vec<NTL::ZZ_p>::AllocateTo(long) (in /home/reti/dongHyeon/Function-hiding-IPE/build/bin/p-norm-ipe-test)
 n0: 72073 in 55 places, all below massif's threshold (1.00%)
#-----------
snapshot=65
#-----------
time=1679969930
mem_heap_B=5008105
mem_heap_extra_B=11695
mem_stacks_B=0
heap_tree=empty
#-----------
snapshot=66
#-----------
time=1698192272
mem_heap_B=5008105
mem_heap_extra_B=11695
mem_stacks_B=0
heap_tree=empty
#-----------
snapshot=67
#-----------
time=1716723183
mem_heap_B=5008105
mem_heap_extra_B=11695
mem_stacks_B=0
heap_tree=empty
#-----------
snapshot=68
#-----------
time=1735103805
mem_heap_B=5008105
mem_heap_extra_B=11695
mem_stacks_B=0
heap_tree=empty
#-----------
snapshot=69
#-----------
time=1753404569
mem_heap_B=5008105
mem_heap_extra_B=11695
mem_stacks_B=0
heap_tree=empty
#-----------
snapshot=70
#-----------
time=1771700970
mem_heap_B=5008105
mem_heap_extra_B=11695
mem_stacks_B=0
heap_tree=empty
#-----------
snapshot=71
#-----------
time=1790092445
mem_heap_B=5008105
mem_heap_extra_B=11695
mem_stacks_B=0
heap_tree=empty
#-----------
snapshot=72
#-----------
time=1808071863
mem_heap_B=5007961
mem_heap_extra_B=11663
mem_stacks_B=0
heap_tree=empty
#-----------
snapshot=73
#-----------
time=1826502856
mem_heap_B=5007961
mem_heap_extra_B=11663
mem_stacks_B=0
heap_tree=empty
#-----------
snapshot=74
#-----------
time=1844766287
mem_heap_B=5007961
mem_heap_extra_B=11663
mem_stacks_B=0
heap_tree=detailed
n3: 5007961 (heap allocation functions) malloc/new/new[], --alloc-fns, etc.
 n1: 4514576 0x20664E: _ntl_gblock_construct_alloc(_ntl_gbigint_body**, long, long) (lip.cpp:6279)
  n2: 4514576 0x228994: NTL::BasicBlockConstruct(NTL::ZZ_p*, long, long) (ZZ.h:1041)
   n1: 4504632 0x228A36: NTL::BlockConstructFromVec(NTL::ZZ_p*, long, NTL::ZZ_p const*) (vec_ZZ_p.cpp:43)
    n0: 4504632 0x16C17C: void NTL::VecStrategy<true>::do_BlockConstructFromVec<NTL::ZZ_p>(NTL::ZZ_p*, long, NTL::ZZ_p const*) (in /home/reti/dongHyeon/Function-hiding-IPE/build/bin/p-norm-ipe-test)
   n0: 9944 in 1 place, below massif's threshold (1.00%)
 n0: 421312 0x16B152: NTL::Vec<NTL::ZZ_p>::AllocateTo(long) (in /home/reti/dongHyeon/Function-hiding-IPE/build/bin/p-norm-ipe-test)
 n0: 72073 in 55 places, all below massif's threshold (1.00%)
#-----------
snapshot=75
#-----------
time=1863254054
mem_heap_B=5007961
mem_heap_extra_B=11663
mem_stacks_B=0
heap_tree=empty
#-----------
snapshot=76
#-----------
time=1882665495
mem_heap_B=5007961
mem_heap_extra_B=11655
mem_stacks_B=0
heap_tree=empty
#-----------
snapshot=77
#-----------
time=1900843531
mem_heap_B=5007961
mem_heap_extra_B=11655
mem_stacks_B=0
heap_tree=empty
#-----------
snapshot=78
#-----------
time=1919231319
mem_heap_B=5007961
mem_heap_extra_B=11655
mem_stacks_B=0
heap_tree=empty
#-----------
snapshot=79
#-----------
time=1937492368
mem_heap_B=5007961
mem_heap_extra_B=11655
mem_stacks_B=0
heap_tree=empty
#-----------
snapshot=80
#-----------
time=1956084884
mem_heap_B=5007961
mem_heap_extra_B=11655
mem_stacks_B=0
heap_tree=empty
#-----------
snapshot=81
#-----------
time=1974294670
mem_heap_B=5007961
mem_heap_extra_B=11655
mem_stacks_B=0
heap_tree=empty
#-----------
snapshot=82
#-----------
time=1992482054
mem_heap_B=5007961
mem_heap_extra_B=11655
mem_stacks_B=0
heap_tree=empty
#-----------
snapshot=83
#-----------
time=2011988367
mem_heap_B=5007817
mem_heap_extra_B=11615
mem_stacks_B=0
heap_tree=empty
#-----------
snapshot=84
#-----------
time=2030224130
mem_heap_B=5007817
mem_heap_extra_B=11615
mem_stacks_B=0
heap_tree=detailed
n3: 5007817 (heap allocation functions) malloc/new/new[], --alloc-fns, etc.
 n1: 4514576 0x20664E: _ntl_gblock_construct_alloc(_ntl_gbigint_body**, long, long) (lip.cpp:6279)
  n2: 4514576 0x228994: NTL::BasicBlockConstruct(NTL::ZZ_p*, long, long) (ZZ.h:1041)
   n1: 4504632 0x228A36: NTL::BlockConstructFromVec(NTL::ZZ_p*, long, NTL::ZZ_p const*) (vec_ZZ_p.cpp:43)
    n0: 4504632 0x16C17C: void NTL::VecStrategy<true>::do_BlockConstructFromVec<NTL::ZZ_p>(NTL::ZZ_p*, long, NTL::ZZ_p const*) (in /home/reti/dongHyeon/Function-hiding-IPE/build/bin/p-norm-ipe-test)
   n0: 9944 in 1 place, below massif's threshold (1.00%)
 n0: 421312 0x16B152: NTL::Vec<NTL::ZZ_p>::AllocateTo(long) (in /home/reti/dongHyeon/Function-hiding-IPE/build/bin/p-norm-ipe-test)
 n0: 71929 in 55 places, all below massif's threshold (1.00%)
