desc: --massif-out-file=keygen/memory-16-10-2.log
cmd: ./p-norm-ipe-test keygen 16 10 2
time_unit: i
#-----------
snapshot=0
#-----------
time=0
mem_heap_B=0
mem_heap_extra_B=0
mem_stacks_B=0
heap_tree=empty
#-----------
snapshot=1
#-----------
time=2979793
mem_heap_B=32800
mem_heap_extra_B=8
mem_stacks_B=0
heap_tree=empty
#-----------
snapshot=2
#-----------
time=3230551
mem_heap_B=30265
mem_heap_extra_B=759
mem_stacks_B=0
heap_tree=empty
#-----------
snapshot=3
#-----------
time=3489736
mem_heap_B=32765
mem_heap_extra_B=771
mem_stacks_B=0
heap_tree=empty
#-----------
snapshot=4
#-----------
time=11014981
mem_heap_B=32765
mem_heap_extra_B=771
mem_stacks_B=0
heap_tree=detailed
n7: 32765 (heap allocation functions) malloc/new/new[], --alloc-fns, etc.
 n0: 20224 0x48F4F42: ??? (in /usr/lib/arm-linux-gnueabihf/libstdc++.so.6.0.26)
 n1: 8192 0x493D6C6: std::basic_filebuf<char, std::char_traits<char> >::_M_allocate_internal_buffer() (in /usr/lib/arm-linux-gnueabihf/libstdc++.so.6.0.26)
  n1: 8192 0x493FFE2: std::basic_filebuf<char, std::char_traits<char> >::open(char const*, std::_Ios_Openmode) (in /usr/lib/arm-linux-gnueabihf/libstdc++.so.6.0.26)
   n0: 8192 0x49409EA: std::basic_ifstream<char, std::char_traits<char> >::basic_ifstream(std::__cxx11::basic_string<char, std::char_traits<char>, std::allocator<char> > const&, std::_Ios_Openmode) (in /usr/lib/arm-linux-gnueabihf/libstdc++.so.6.0.26)
 n0: 2700 0x24B812: __gmp_default_allocate (in /home/reti/dongHyeon/Function-hiding-IPE/build/bin/p-norm-ipe-test)
 n1: 520 0x4ADE1F0: __new_exitfn (cxa_atexit.c:114)
  n1: 520 0x4ADE264: __internal_atexit (cxa_atexit.c:44)
   n0: 520 0x251574: __libc_csu_init (in /home/reti/dongHyeon/Function-hiding-IPE/build/bin/p-norm-ipe-test)
 n1: 513 0x49658F2: std::__cxx11::basic_string<char, std::char_traits<char>, std::allocator<char> >::reserve(unsigned int) (in /usr/lib/arm-linux-gnueabihf/libstdc++.so.6.0.26)
  n0: 513 0x495D556: std::__cxx11::basic_stringbuf<char, std::char_traits<char>, std::allocator<char> >::overflow(int) (in /usr/lib/arm-linux-gnueabihf/libstdc++.so.6.0.26)
 n1: 352 0x4AFE6FA: __fopen_internal (iofopen.c:65)
  n1: 352 0x490F2C6: std::__basic_file<char>::open(char const*, std::_Ios_Openmode, int) (in /usr/lib/arm-linux-gnueabihf/libstdc++.so.6.0.26)
   n1: 352 0x493FFD4: std::basic_filebuf<char, std::char_traits<char> >::open(char const*, std::_Ios_Openmode) (in /usr/lib/arm-linux-gnueabihf/libstdc++.so.6.0.26)
    n0: 352 0x49409EA: std::basic_ifstream<char, std::char_traits<char> >::basic_ifstream(std::__cxx11::basic_string<char, std::char_traits<char>, std::allocator<char> > const&, std::_Ios_Openmode) (in /usr/lib/arm-linux-gnueabihf/libstdc++.so.6.0.26)
 n0: 264 in 7 places, all below massif's threshold (1.00%)
#-----------
snapshot=5
#-----------
time=11248414
mem_heap_B=30517
mem_heap_extra_B=747
mem_stacks_B=0
heap_tree=empty
#-----------
snapshot=6
#-----------
time=11509757
mem_heap_B=33045
mem_heap_extra_B=755
mem_stacks_B=0
heap_tree=empty
#-----------
snapshot=7
#-----------
time=18182060
mem_heap_B=30545
mem_heap_extra_B=743
mem_stacks_B=0
heap_tree=empty
#-----------
snapshot=8
#-----------
time=18419083
mem_heap_B=30773
mem_heap_extra_B=739
mem_stacks_B=0
heap_tree=empty
#-----------
snapshot=9
#-----------
time=19484194
mem_heap_B=30769
mem_heap_extra_B=727
mem_stacks_B=0
heap_tree=empty
#-----------
snapshot=10
#-----------
time=19623096
mem_heap_B=30849
mem_heap_extra_B=759
mem_stacks_B=0
heap_tree=empty
#-----------
snapshot=11
#-----------
time=20020159
mem_heap_B=30813
mem_heap_extra_B=747
mem_stacks_B=0
heap_tree=empty
#-----------
snapshot=12
#-----------
time=20398081
mem_heap_B=30817
mem_heap_extra_B=759
mem_stacks_B=0
heap_tree=empty
#-----------
snapshot=13
#-----------
time=20843513
mem_heap_B=32977
mem_heap_extra_B=871
mem_stacks_B=0
heap_tree=empty
#-----------
snapshot=14
#-----------
time=21092191
mem_heap_B=33865
mem_heap_extra_B=887
mem_stacks_B=0
heap_tree=empty
#-----------
snapshot=15
#-----------
time=21340931
mem_heap_B=34753
mem_heap_extra_B=903
mem_stacks_B=0
heap_tree=empty
#-----------
snapshot=16
#-----------
time=21585851
mem_heap_B=37049
mem_heap_extra_B=919
mem_stacks_B=0
heap_tree=empty
#-----------
snapshot=17
#-----------
time=21834033
mem_heap_B=37937
mem_heap_extra_B=935
mem_stacks_B=0
heap_tree=empty
#-----------
snapshot=18
#-----------
time=22083381
mem_heap_B=38825
mem_heap_extra_B=951
mem_stacks_B=0
heap_tree=empty
#-----------
snapshot=19
#-----------
time=22331341
mem_heap_B=39713
mem_heap_extra_B=967
mem_stacks_B=0
heap_tree=empty
#-----------
snapshot=20
#-----------
time=22579645
mem_heap_B=40601
mem_heap_extra_B=983
mem_stacks_B=0
heap_tree=empty
#-----------
snapshot=21
#-----------
time=22827837
mem_heap_B=41489
mem_heap_extra_B=999
mem_stacks_B=0
heap_tree=empty
#-----------
snapshot=22
#-----------
time=23076435
mem_heap_B=42377
mem_heap_extra_B=1015
mem_stacks_B=0
heap_tree=empty
#-----------
snapshot=23
#-----------
time=23325073
mem_heap_B=43265
mem_heap_extra_B=1031
mem_stacks_B=0
heap_tree=empty
#-----------
snapshot=24
#-----------
time=23573489
mem_heap_B=44153
mem_heap_extra_B=1047
mem_stacks_B=0
heap_tree=empty
#-----------
snapshot=25
#-----------
time=23821549
mem_heap_B=45041
mem_heap_extra_B=1063
mem_stacks_B=0
heap_tree=empty
#-----------
snapshot=26
#-----------
time=24070127
mem_heap_B=45929
mem_heap_extra_B=1079
mem_stacks_B=0
heap_tree=empty
#-----------
snapshot=27
#-----------
time=24318177
mem_heap_B=46817
mem_heap_extra_B=1095
mem_stacks_B=0
heap_tree=empty
#-----------
snapshot=28
#-----------
time=24566197
mem_heap_B=47705
mem_heap_extra_B=1111
mem_stacks_B=0
heap_tree=empty
#-----------
snapshot=29
#-----------
time=24814299
mem_heap_B=48593
mem_heap_extra_B=1127
mem_stacks_B=0
heap_tree=empty
#-----------
snapshot=30
#-----------
time=25062563
mem_heap_B=49481
mem_heap_extra_B=1143
mem_stacks_B=0
heap_tree=empty
#-----------
snapshot=31
#-----------
time=25449055
mem_heap_B=50465
mem_heap_extra_B=1167
mem_stacks_B=0
heap_tree=empty
#-----------
snapshot=32
#-----------
time=25697105
mem_heap_B=51353
mem_heap_extra_B=1183
mem_stacks_B=0
heap_tree=empty
#-----------
snapshot=33
#-----------
time=25945317
mem_heap_B=52241
mem_heap_extra_B=1199
mem_stacks_B=0
heap_tree=detailed
n6: 52241 (heap allocation functions) malloc/new/new[], --alloc-fns, etc.
 n0: 20224 0x48F4F42: ??? (in /usr/lib/arm-linux-gnueabihf/libstdc++.so.6.0.26)
 n1: 18040 0x20664E: _ntl_gblock_construct_alloc(_ntl_gbigint_body**, long, long) (lip.cpp:6279)
  n2: 18040 0x228994: NTL::BasicBlockConstruct(NTL::ZZ_p*, long, long) (ZZ.h:1041)
   n0: 16456 0x16C5A0: void NTL::VecStrategy<true>::do_BlockConstruct<NTL::ZZ_p>(NTL::ZZ_p*, long) (in /home/reti/dongHyeon/Function-hiding-IPE/build/bin/p-norm-ipe-test)
   n1: 1584 0x228A36: NTL::BlockConstructFromVec(NTL::ZZ_p*, long, NTL::ZZ_p const*) (vec_ZZ_p.cpp:43)
    n0: 1584 0x16C17C: void NTL::VecStrategy<true>::do_BlockConstructFromVec<NTL::ZZ_p>(NTL::ZZ_p*, long, NTL::ZZ_p const*) (in /home/reti/dongHyeon/Function-hiding-IPE/build/bin/p-norm-ipe-test)
 n1: 8192 0x493D6C6: std::basic_filebuf<char, std::char_traits<char> >::_M_allocate_internal_buffer() (in /usr/lib/arm-linux-gnueabihf/libstdc++.so.6.0.26)
  n1: 8192 0x493FFE2: std::basic_filebuf<char, std::char_traits<char> >::open(char const*, std::_Ios_Openmode) (in /usr/lib/arm-linux-gnueabihf/libstdc++.so.6.0.26)
   n0: 8192 0x49409EA: std::basic_ifstream<char, std::char_traits<char> >::basic_ifstream(std::__cxx11::basic_string<char, std::char_traits<char>, std::allocator<char> > const&, std::_Ios_Openmode) (in /usr/lib/arm-linux-gnueabihf/libstdc++.so.6.0.26)
 n0: 2240 0x16B152: NTL::Vec<NTL::ZZ_p>::AllocateTo(long) (in /home/reti/dongHyeon/Function-hiding-IPE/build/bin/p-norm-ipe-test)
 n0: 2221 in 22 places, all below massif's threshold (1.00%)
 n0: 1324 0x24B84C: __gmp_default_reallocate (in /home/reti/dongHyeon/Function-hiding-IPE/build/bin/p-norm-ipe-test)
#-----------
snapshot=34
#-----------
time=26193265
mem_heap_B=53129
mem_heap_extra_B=1215
mem_stacks_B=0
heap_tree=empty
#-----------
snapshot=35
#-----------
time=26441913
mem_heap_B=54017
mem_heap_extra_B=1231
mem_stacks_B=0
heap_tree=empty
#-----------
snapshot=36
#-----------
time=26690207
mem_heap_B=54905
mem_heap_extra_B=1247
mem_stacks_B=0
heap_tree=empty
#-----------
snapshot=37
#-----------
time=26938653
mem_heap_B=55793
mem_heap_extra_B=1263
mem_stacks_B=0
heap_tree=empty
#-----------
snapshot=38
#-----------
time=27186561
mem_heap_B=56681
mem_heap_extra_B=1279
mem_stacks_B=0
heap_tree=detailed
n6: 56681 (heap allocation functions) malloc/new/new[], --alloc-fns, etc.
 n1: 22000 0x20664E: _ntl_gblock_construct_alloc(_ntl_gbigint_body**, long, long) (lip.cpp:6279)
  n2: 22000 0x228994: NTL::BasicBlockConstruct(NTL::ZZ_p*, long, long) (ZZ.h:1041)
   n0: 16456 0x16C5A0: void NTL::VecStrategy<true>::do_BlockConstruct<NTL::ZZ_p>(NTL::ZZ_p*, long) (in /home/reti/dongHyeon/Function-hiding-IPE/build/bin/p-norm-ipe-test)
   n1: 5544 0x228A36: NTL::BlockConstructFromVec(NTL::ZZ_p*, long, NTL::ZZ_p const*) (vec_ZZ_p.cpp:43)
    n0: 5544 0x16C17C: void NTL::VecStrategy<true>::do_BlockConstructFromVec<NTL::ZZ_p>(NTL::ZZ_p*, long, NTL::ZZ_p const*) (in /home/reti/dongHyeon/Function-hiding-IPE/build/bin/p-norm-ipe-test)
 n0: 20224 0x48F4F42: ??? (in /usr/lib/arm-linux-gnueabihf/libstdc++.so.6.0.26)
 n1: 8192 0x493D6C6: std::basic_filebuf<char, std::char_traits<char> >::_M_allocate_internal_buffer() (in /usr/lib/arm-linux-gnueabihf/libstdc++.so.6.0.26)
  n1: 8192 0x493FFE2: std::basic_filebuf<char, std::char_traits<char> >::open(char const*, std::_Ios_Openmode) (in /usr/lib/arm-linux-gnueabihf/libstdc++.so.6.0.26)
   n0: 8192 0x49409EA: std::basic_ifstream<char, std::char_traits<char> >::basic_ifstream(std::__cxx11::basic_string<char, std::char_traits<char>, std::allocator<char> > const&, std::_Ios_Openmode) (in /usr/lib/arm-linux-gnueabihf/libstdc++.so.6.0.26)
 n0: 2720 0x16B152: NTL::Vec<NTL::ZZ_p>::AllocateTo(long) (in /home/reti/dongHyeon/Function-hiding-IPE/build/bin/p-norm-ipe-test)
 n0: 2221 in 22 places, all below massif's threshold (1.00%)
 n0: 1324 0x24B84C: __gmp_default_reallocate (in /home/reti/dongHyeon/Function-hiding-IPE/build/bin/p-norm-ipe-test)
#-----------
snapshot=39
#-----------
time=27435037
mem_heap_B=57569
mem_heap_extra_B=1295
mem_stacks_B=0
heap_tree=empty
#-----------
snapshot=40
#-----------
time=27683219
mem_heap_B=58457
mem_heap_extra_B=1311
mem_stacks_B=0
heap_tree=empty
#-----------
snapshot=41
#-----------
time=27931827
mem_heap_B=59345
mem_heap_extra_B=1327
mem_stacks_B=0
heap_tree=empty
#-----------
snapshot=42
#-----------
time=28179999
mem_heap_B=60233
mem_heap_extra_B=1343
mem_stacks_B=0
heap_tree=empty
#-----------
snapshot=43
#-----------
time=28428587
mem_heap_B=61121
mem_heap_extra_B=1359
mem_stacks_B=0
heap_tree=detailed
n6: 61121 (heap allocation functions) malloc/new/new[], --alloc-fns, etc.
 n1: 25960 0x20664E: _ntl_gblock_construct_alloc(_ntl_gbigint_body**, long, long) (lip.cpp:6279)
  n2: 25960 0x228994: NTL::BasicBlockConstruct(NTL::ZZ_p*, long, long) (ZZ.h:1041)
   n0: 16456 0x16C5A0: void NTL::VecStrategy<true>::do_BlockConstruct<NTL::ZZ_p>(NTL::ZZ_p*, long) (in /home/reti/dongHyeon/Function-hiding-IPE/build/bin/p-norm-ipe-test)
   n1: 9504 0x228A36: NTL::BlockConstructFromVec(NTL::ZZ_p*, long, NTL::ZZ_p const*) (vec_ZZ_p.cpp:43)
    n0: 9504 0x16C17C: void NTL::VecStrategy<true>::do_BlockConstructFromVec<NTL::ZZ_p>(NTL::ZZ_p*, long, NTL::ZZ_p const*) (in /home/reti/dongHyeon/Function-hiding-IPE/build/bin/p-norm-ipe-test)
 n0: 20224 0x48F4F42: ??? (in /usr/lib/arm-linux-gnueabihf/libstdc++.so.6.0.26)
 n1: 8192 0x493D6C6: std::basic_filebuf<char, std::char_traits<char> >::_M_allocate_internal_buffer() (in /usr/lib/arm-linux-gnueabihf/libstdc++.so.6.0.26)
  n1: 8192 0x493FFE2: std::basic_filebuf<char, std::char_traits<char> >::open(char const*, std::_Ios_Openmode) (in /usr/lib/arm-linux-gnueabihf/libstdc++.so.6.0.26)
   n0: 8192 0x49409EA: std::basic_ifstream<char, std::char_traits<char> >::basic_ifstream(std::__cxx11::basic_string<char, std::char_traits<char>, std::allocator<char> > const&, std::_Ios_Openmode) (in /usr/lib/arm-linux-gnueabihf/libstdc++.so.6.0.26)
 n0: 3200 0x16B152: NTL::Vec<NTL::ZZ_p>::AllocateTo(long) (in /home/reti/dongHyeon/Function-hiding-IPE/build/bin/p-norm-ipe-test)
 n0: 2221 in 22 places, all below massif's threshold (1.00%)
 n0: 1324 0x24B84C: __gmp_default_reallocate (in /home/reti/dongHyeon/Function-hiding-IPE/build/bin/p-norm-ipe-test)
#-----------
snapshot=44
#-----------
time=28677225
mem_heap_B=62009
mem_heap_extra_B=1375
mem_stacks_B=0
heap_tree=empty
#-----------
snapshot=45
#-----------
time=28925235
mem_heap_B=62897
mem_heap_extra_B=1391
mem_stacks_B=0
heap_tree=empty
#-----------
snapshot=46
#-----------
time=29173671
mem_heap_B=63785
mem_heap_extra_B=1407
mem_stacks_B=0
heap_tree=empty
#-----------
snapshot=47
#-----------
time=29425280
mem_heap_B=65465
mem_heap_extra_B=1431
mem_stacks_B=0
heap_tree=detailed
n6: 65465 (heap allocation functions) malloc/new/new[], --alloc-fns, etc.
 n1: 29920 0x20664E: _ntl_gblock_construct_alloc(_ntl_gbigint_body**, long, long) (lip.cpp:6279)
  n2: 29920 0x228994: NTL::BasicBlockConstruct(NTL::ZZ_p*, long, long) (ZZ.h:1041)
   n0: 16456 0x16C5A0: void NTL::VecStrategy<true>::do_BlockConstruct<NTL::ZZ_p>(NTL::ZZ_p*, long) (in /home/reti/dongHyeon/Function-hiding-IPE/build/bin/p-norm-ipe-test)
   n1: 13464 0x228A36: NTL::BlockConstructFromVec(NTL::ZZ_p*, long, NTL::ZZ_p const*) (vec_ZZ_p.cpp:43)
    n0: 13464 0x16C17C: void NTL::VecStrategy<true>::do_BlockConstructFromVec<NTL::ZZ_p>(NTL::ZZ_p*, long, NTL::ZZ_p const*) (in /home/reti/dongHyeon/Function-hiding-IPE/build/bin/p-norm-ipe-test)
 n0: 20224 0x48F4F42: ??? (in /usr/lib/arm-linux-gnueabihf/libstdc++.so.6.0.26)
 n1: 8192 0x493D6C6: std::basic_filebuf<char, std::char_traits<char> >::_M_allocate_internal_buffer() (in /usr/lib/arm-linux-gnueabihf/libstdc++.so.6.0.26)
  n1: 8192 0x493FFE2: std::basic_filebuf<char, std::char_traits<char> >::open(char const*, std::_Ios_Openmode) (in /usr/lib/arm-linux-gnueabihf/libstdc++.so.6.0.26)
   n0: 8192 0x49409EA: std::basic_ifstream<char, std::char_traits<char> >::basic_ifstream(std::__cxx11::basic_string<char, std::char_traits<char>, std::allocator<char> > const&, std::_Ios_Openmode) (in /usr/lib/arm-linux-gnueabihf/libstdc++.so.6.0.26)
 n0: 3584 0x16B152: NTL::Vec<NTL::ZZ_p>::AllocateTo(long) (in /home/reti/dongHyeon/Function-hiding-IPE/build/bin/p-norm-ipe-test)
 n0: 2221 in 22 places, all below massif's threshold (1.00%)
 n0: 1324 0x24B84C: __gmp_default_reallocate (in /home/reti/dongHyeon/Function-hiding-IPE/build/bin/p-norm-ipe-test)
#-----------
snapshot=48
#-----------
time=29673098
mem_heap_B=66353
mem_heap_extra_B=1447
mem_stacks_B=0
heap_tree=detailed
n6: 66353 (heap allocation functions) malloc/new/new[], --alloc-fns, etc.
 n1: 30712 0x20664E: _ntl_gblock_construct_alloc(_ntl_gbigint_body**, long, long) (lip.cpp:6279)
  n2: 30712 0x228994: NTL::BasicBlockConstruct(NTL::ZZ_p*, long, long) (ZZ.h:1041)
   n0: 16456 0x16C5A0: void NTL::VecStrategy<true>::do_BlockConstruct<NTL::ZZ_p>(NTL::ZZ_p*, long) (in /home/reti/dongHyeon/Function-hiding-IPE/build/bin/p-norm-ipe-test)
   n1: 14256 0x228A36: NTL::BlockConstructFromVec(NTL::ZZ_p*, long, NTL::ZZ_p const*) (vec_ZZ_p.cpp:43)
    n0: 14256 0x16C17C: void NTL::VecStrategy<true>::do_BlockConstructFromVec<NTL::ZZ_p>(NTL::ZZ_p*, long, NTL::ZZ_p const*) (in /home/reti/dongHyeon/Function-hiding-IPE/build/bin/p-norm-ipe-test)
 n0: 20224 0x48F4F42: ??? (in /usr/lib/arm-linux-gnueabihf/libstdc++.so.6.0.26)
 n1: 8192 0x493D6C6: std::basic_filebuf<char, std::char_traits<char> >::_M_allocate_internal_buffer() (in /usr/lib/arm-linux-gnueabihf/libstdc++.so.6.0.26)
  n1: 8192 0x493FFE2: std::basic_filebuf<char, std::char_traits<char> >::open(char const*, std::_Ios_Openmode) (in /usr/lib/arm-linux-gnueabihf/libstdc++.so.6.0.26)
   n0: 8192 0x49409EA: std::basic_ifstream<char, std::char_traits<char> >::basic_ifstream(std::__cxx11::basic_string<char, std::char_traits<char>, std::allocator<char> > const&, std::_Ios_Openmode) (in /usr/lib/arm-linux-gnueabihf/libstdc++.so.6.0.26)
 n0: 3680 0x16B152: NTL::Vec<NTL::ZZ_p>::AllocateTo(long) (in /home/reti/dongHyeon/Function-hiding-IPE/build/bin/p-norm-ipe-test)
 n0: 2221 in 22 places, all below massif's threshold (1.00%)
 n0: 1324 0x24B84C: __gmp_default_reallocate (in /home/reti/dongHyeon/Function-hiding-IPE/build/bin/p-norm-ipe-test)
#-----------
snapshot=49
#-----------
time=29698219
mem_heap_B=73001
mem_heap_extra_B=1607
mem_stacks_B=0
heap_tree=empty
#-----------
snapshot=50
#-----------
time=29717585
mem_heap_B=80009
mem_heap_extra_B=1727
mem_stacks_B=0
heap_tree=detailed
n6: 80009 (heap allocation functions) malloc/new/new[], --alloc-fns, etc.
 n1: 42768 0x20664E: _ntl_gblock_construct_alloc(_ntl_gbigint_body**, long, long) (lip.cpp:6279)
  n2: 42768 0x228994: NTL::BasicBlockConstruct(NTL::ZZ_p*, long, long) (ZZ.h:1041)
   n1: 28512 0x228A36: NTL::BlockConstructFromVec(NTL::ZZ_p*, long, NTL::ZZ_p const*) (vec_ZZ_p.cpp:43)
    n0: 28512 0x16C17C: void NTL::VecStrategy<true>::do_BlockConstructFromVec<NTL::ZZ_p>(NTL::ZZ_p*, long, NTL::ZZ_p const*) (in /home/reti/dongHyeon/Function-hiding-IPE/build/bin/p-norm-ipe-test)
   n0: 14256 0x16C5A0: void NTL::VecStrategy<true>::do_BlockConstruct<NTL::ZZ_p>(NTL::ZZ_p*, long) (in /home/reti/dongHyeon/Function-hiding-IPE/build/bin/p-norm-ipe-test)
 n0: 20224 0x48F4F42: ??? (in /usr/lib/arm-linux-gnueabihf/libstdc++.so.6.0.26)
 n1: 8192 0x493D6C6: std::basic_filebuf<char, std::char_traits<char> >::_M_allocate_internal_buffer() (in /usr/lib/arm-linux-gnueabihf/libstdc++.so.6.0.26)
  n1: 8192 0x493FFE2: std::basic_filebuf<char, std::char_traits<char> >::open(char const*, std::_Ios_Openmode) (in /usr/lib/arm-linux-gnueabihf/libstdc++.so.6.0.26)
   n0: 8192 0x49409EA: std::basic_ifstream<char, std::char_traits<char> >::basic_ifstream(std::__cxx11::basic_string<char, std::char_traits<char>, std::allocator<char> > const&, std::_Ios_Openmode) (in /usr/lib/arm-linux-gnueabihf/libstdc++.so.6.0.26)
 n0: 5184 0x16B152: NTL::Vec<NTL::ZZ_p>::AllocateTo(long) (in /home/reti/dongHyeon/Function-hiding-IPE/build/bin/p-norm-ipe-test)
 n0: 2317 in 22 places, all below massif's threshold (1.00%)
 n0: 1324 0x24B84C: __gmp_default_reallocate (in /home/reti/dongHyeon/Function-hiding-IPE/build/bin/p-norm-ipe-test)
#-----------
snapshot=51
#-----------
time=29856812
mem_heap_B=80585
mem_heap_extra_B=1759
mem_stacks_B=0
heap_tree=empty
#-----------
snapshot=52
#-----------
time=29903879
mem_heap_B=96473
mem_heap_extra_B=2039
mem_stacks_B=0
heap_tree=peak
n6: 96473 (heap allocation functions) malloc/new/new[], --alloc-fns, etc.
 n1: 57024 0x20664E: _ntl_gblock_construct_alloc(_ntl_gbigint_body**, long, long) (lip.cpp:6279)
  n2: 57024 0x228994: NTL::BasicBlockConstruct(NTL::ZZ_p*, long, long) (ZZ.h:1041)
   n0: 28512 0x16C5A0: void NTL::VecStrategy<true>::do_BlockConstruct<NTL::ZZ_p>(NTL::ZZ_p*, long) (in /home/reti/dongHyeon/Function-hiding-IPE/build/bin/p-norm-ipe-test)
   n1: 28512 0x228A36: NTL::BlockConstructFromVec(NTL::ZZ_p*, long, NTL::ZZ_p const*) (vec_ZZ_p.cpp:43)
    n0: 28512 0x16C17C: void NTL::VecStrategy<true>::do_BlockConstructFromVec<NTL::ZZ_p>(NTL::ZZ_p*, long, NTL::ZZ_p const*) (in /home/reti/dongHyeon/Function-hiding-IPE/build/bin/p-norm-ipe-test)
 n0: 20224 0x48F4F42: ??? (in /usr/lib/arm-linux-gnueabihf/libstdc++.so.6.0.26)
 n1: 8192 0x493D6C6: std::basic_filebuf<char, std::char_traits<char> >::_M_allocate_internal_buffer() (in /usr/lib/arm-linux-gnueabihf/libstdc++.so.6.0.26)
  n1: 8192 0x493FFE2: std::basic_filebuf<char, std::char_traits<char> >::open(char const*, std::_Ios_Openmode) (in /usr/lib/arm-linux-gnueabihf/libstdc++.so.6.0.26)
   n0: 8192 0x49409EA: std::basic_ifstream<char, std::char_traits<char> >::basic_ifstream(std::__cxx11::basic_string<char, std::char_traits<char>, std::allocator<char> > const&, std::_Ios_Openmode) (in /usr/lib/arm-linux-gnueabihf/libstdc++.so.6.0.26)
 n0: 6912 0x16B152: NTL::Vec<NTL::ZZ_p>::AllocateTo(long) (in /home/reti/dongHyeon/Function-hiding-IPE/build/bin/p-norm-ipe-test)
 n0: 2797 in 23 places, all below massif's threshold (1.00%)
 n0: 1324 0x24B84C: __gmp_default_reallocate (in /home/reti/dongHyeon/Function-hiding-IPE/build/bin/p-norm-ipe-test)
#-----------
snapshot=53
#-----------
time=30042985
mem_heap_B=57144
mem_heap_extra_B=1776
mem_stacks_B=0
heap_tree=empty
#-----------
snapshot=54
#-----------
time=32236706
mem_heap_B=57080
mem_heap_extra_B=1752
mem_stacks_B=0
heap_tree=empty
#-----------
snapshot=55
#-----------
time=32451898
mem_heap_B=58892
mem_heap_extra_B=1788
mem_stacks_B=0
heap_tree=empty
#-----------
snapshot=56
#-----------
time=32592239
mem_heap_B=58941
mem_heap_extra_B=2011
mem_stacks_B=0
heap_tree=empty
#-----------
snapshot=57
#-----------
time=32731308
mem_heap_B=59133
mem_heap_extra_B=2019
mem_stacks_B=0
heap_tree=empty
#-----------
snapshot=58
#-----------
time=32870243
mem_heap_B=59325
mem_heap_extra_B=2027
mem_stacks_B=0
heap_tree=empty
#-----------
snapshot=59
#-----------
time=38296755
mem_heap_B=63896
mem_heap_extra_B=2064
mem_stacks_B=0
heap_tree=empty
#-----------
snapshot=60
#-----------
time=57199731
mem_heap_B=63900
mem_heap_extra_B=2084
mem_stacks_B=0
heap_tree=empty
#-----------
snapshot=61
#-----------
time=59516283
mem_heap_B=64008
mem_heap_extra_B=2096
mem_stacks_B=0
heap_tree=empty
#-----------
snapshot=62
#-----------
time=61830734
mem_heap_B=64008
mem_heap_extra_B=2096
mem_stacks_B=0
heap_tree=detailed
n7: 64008 (heap allocation functions) malloc/new/new[], --alloc-fns, etc.
 n1: 30096 0x20664E: _ntl_gblock_construct_alloc(_ntl_gbigint_body**, long, long) (lip.cpp:6279)
  n2: 30096 0x228994: NTL::BasicBlockConstruct(NTL::ZZ_p*, long, long) (ZZ.h:1041)
   n1: 29304 0x228A36: NTL::BlockConstructFromVec(NTL::ZZ_p*, long, NTL::ZZ_p const*) (vec_ZZ_p.cpp:43)
    n0: 29304 0x16C17C: void NTL::VecStrategy<true>::do_BlockConstructFromVec<NTL::ZZ_p>(NTL::ZZ_p*, long, NTL::ZZ_p const*) (in /home/reti/dongHyeon/Function-hiding-IPE/build/bin/p-norm-ipe-test)
   n0: 792 0x16C5A0: void NTL::VecStrategy<true>::do_BlockConstruct<NTL::ZZ_p>(NTL::ZZ_p*, long) (in /home/reti/dongHyeon/Function-hiding-IPE/build/bin/p-norm-ipe-test)
 n0: 20224 0x48F4F42: ??? (in /usr/lib/arm-linux-gnueabihf/libstdc++.so.6.0.26)
 n0: 3648 0x16B152: NTL::Vec<NTL::ZZ_p>::AllocateTo(long) (in /home/reti/dongHyeon/Function-hiding-IPE/build/bin/p-norm-ipe-test)
 n0: 3352 in 49 places, all below massif's threshold (1.00%)
 n0: 2592 0x16AD2E: mcl::Array<mcl::EcT<mcl::FpT<mcl::bn::local::FpTag, 384u> > >::resize(unsigned int) (in /home/reti/dongHyeon/Function-hiding-IPE/build/bin/p-norm-ipe-test)
 n0: 2076 0x24B84C: __gmp_default_reallocate (in /home/reti/dongHyeon/Function-hiding-IPE/build/bin/p-norm-ipe-test)
 n0: 2020 0x4A3B166: ??? (in /usr/lib/arm-linux-gnueabihf/libgomp.so.1.0.0)
#-----------
snapshot=63
#-----------
time=64135893
mem_heap_B=64008
mem_heap_extra_B=2096
mem_stacks_B=0
heap_tree=empty
#-----------
snapshot=64
#-----------
time=66435613
mem_heap_B=64008
mem_heap_extra_B=2096
mem_stacks_B=0
heap_tree=empty
#-----------
snapshot=65
#-----------
time=69136351
mem_heap_B=63900
mem_heap_extra_B=2084
mem_stacks_B=0
heap_tree=empty
#-----------
snapshot=66
#-----------
time=71406072
mem_heap_B=64008
mem_heap_extra_B=2096
mem_stacks_B=0
heap_tree=empty
#-----------
snapshot=67
#-----------
time=73697237
mem_heap_B=64008
mem_heap_extra_B=2096
mem_stacks_B=0
heap_tree=empty
#-----------
snapshot=68
#-----------
time=76038160
mem_heap_B=64008
mem_heap_extra_B=2096
mem_stacks_B=0
heap_tree=empty
#-----------
snapshot=69
#-----------
time=78258312
mem_heap_B=64008
mem_heap_extra_B=2096
mem_stacks_B=0
heap_tree=empty
#-----------
snapshot=70
#-----------
time=80959065
mem_heap_B=63900
mem_heap_extra_B=2084
mem_stacks_B=0
heap_tree=empty
#-----------
snapshot=71
#-----------
time=83218994
mem_heap_B=64008
mem_heap_extra_B=2096
mem_stacks_B=0
heap_tree=empty
#-----------
snapshot=72
#-----------
time=85512046
mem_heap_B=64008
mem_heap_extra_B=2096
mem_stacks_B=0
heap_tree=detailed
n7: 64008 (heap allocation functions) malloc/new/new[], --alloc-fns, etc.
 n1: 30096 0x20664E: _ntl_gblock_construct_alloc(_ntl_gbigint_body**, long, long) (lip.cpp:6279)
  n2: 30096 0x228994: NTL::BasicBlockConstruct(NTL::ZZ_p*, long, long) (ZZ.h:1041)
   n1: 29304 0x228A36: NTL::BlockConstructFromVec(NTL::ZZ_p*, long, NTL::ZZ_p const*) (vec_ZZ_p.cpp:43)
    n0: 29304 0x16C17C: void NTL::VecStrategy<true>::do_BlockConstructFromVec<NTL::ZZ_p>(NTL::ZZ_p*, long, NTL::ZZ_p const*) (in /home/reti/dongHyeon/Function-hiding-IPE/build/bin/p-norm-ipe-test)
   n0: 792 0x16C5A0: void NTL::VecStrategy<true>::do_BlockConstruct<NTL::ZZ_p>(NTL::ZZ_p*, long) (in /home/reti/dongHyeon/Function-hiding-IPE/build/bin/p-norm-ipe-test)
 n0: 20224 0x48F4F42: ??? (in /usr/lib/arm-linux-gnueabihf/libstdc++.so.6.0.26)
 n0: 3648 0x16B152: NTL::Vec<NTL::ZZ_p>::AllocateTo(long) (in /home/reti/dongHyeon/Function-hiding-IPE/build/bin/p-norm-ipe-test)
 n0: 3352 in 49 places, all below massif's threshold (1.00%)
 n0: 2592 0x16AD2E: mcl::Array<mcl::EcT<mcl::FpT<mcl::bn::local::FpTag, 384u> > >::resize(unsigned int) (in /home/reti/dongHyeon/Function-hiding-IPE/build/bin/p-norm-ipe-test)
 n0: 2076 0x24B84C: __gmp_default_reallocate (in /home/reti/dongHyeon/Function-hiding-IPE/build/bin/p-norm-ipe-test)
 n0: 2020 0x4A3B166: ??? (in /usr/lib/arm-linux-gnueabihf/libgomp.so.1.0.0)
#-----------
snapshot=73
#-----------
time=87814853
mem_heap_B=64008
mem_heap_extra_B=2096
mem_stacks_B=0
heap_tree=empty
#-----------
snapshot=74
#-----------
time=90128386
mem_heap_B=64008
mem_heap_extra_B=2096
mem_stacks_B=0
heap_tree=empty
#-----------
snapshot=75
#-----------
time=92376862
mem_heap_B=64008
mem_heap_extra_B=2096
mem_stacks_B=0
heap_tree=empty
#-----------
snapshot=76
#-----------
time=95077628
mem_heap_B=63900
mem_heap_extra_B=2084
mem_stacks_B=0
heap_tree=empty
#-----------
snapshot=77
#-----------
time=97258815
mem_heap_B=64008
mem_heap_extra_B=2096
mem_stacks_B=0
heap_tree=empty
#-----------
snapshot=78
#-----------
time=99500615
mem_heap_B=64008
mem_heap_extra_B=2096
mem_stacks_B=0
heap_tree=empty
#-----------
snapshot=79
#-----------
time=101784743
mem_heap_B=64008
mem_heap_extra_B=2096
mem_stacks_B=0
heap_tree=empty
#-----------
snapshot=80
#-----------
time=104036077
mem_heap_B=64008
mem_heap_extra_B=2096
mem_stacks_B=0
heap_tree=empty
#-----------
snapshot=81
#-----------
time=106376003
mem_heap_B=64008
mem_heap_extra_B=2096
mem_stacks_B=0
heap_tree=empty
#-----------
snapshot=82
#-----------
time=111776835
mem_heap_B=66488
mem_heap_extra_B=2072
mem_stacks_B=0
heap_tree=detailed
n7: 66488 (heap allocation functions) malloc/new/new[], --alloc-fns, etc.
 n1: 30096 0x20664E: _ntl_gblock_construct_alloc(_ntl_gbigint_body**, long, long) (lip.cpp:6279)
  n2: 30096 0x228994: NTL::BasicBlockConstruct(NTL::ZZ_p*, long, long) (ZZ.h:1041)
   n1: 29304 0x228A36: NTL::BlockConstructFromVec(NTL::ZZ_p*, long, NTL::ZZ_p const*) (vec_ZZ_p.cpp:43)
    n0: 29304 0x16C17C: void NTL::VecStrategy<true>::do_BlockConstructFromVec<NTL::ZZ_p>(NTL::ZZ_p*, long, NTL::ZZ_p const*) (in /home/reti/dongHyeon/Function-hiding-IPE/build/bin/p-norm-ipe-test)
   n0: 792 0x16C5A0: void NTL::VecStrategy<true>::do_BlockConstruct<NTL::ZZ_p>(NTL::ZZ_p*, long) (in /home/reti/dongHyeon/Function-hiding-IPE/build/bin/p-norm-ipe-test)
 n0: 20224 0x48F4F42: ??? (in /usr/lib/arm-linux-gnueabihf/libstdc++.so.6.0.26)
 n0: 5184 0x16AD2E: mcl::Array<mcl::EcT<mcl::FpT<mcl::bn::local::FpTag, 384u> > >::resize(unsigned int) (in /home/reti/dongHyeon/Function-hiding-IPE/build/bin/p-norm-ipe-test)
 n0: 3648 0x16B152: NTL::Vec<NTL::ZZ_p>::AllocateTo(long) (in /home/reti/dongHyeon/Function-hiding-IPE/build/bin/p-norm-ipe-test)
 n0: 3308 in 49 places, all below massif's threshold (1.00%)
 n0: 2020 0x4A3B166: ??? (in /usr/lib/arm-linux-gnueabihf/libgomp.so.1.0.0)
 n0: 2008 0x24B84C: __gmp_default_reallocate (in /home/reti/dongHyeon/Function-hiding-IPE/build/bin/p-norm-ipe-test)
