desc: --massif-out-file=keygen/memory-64-10-2.log
cmd: ./p-norm-ipe-test keygen 64 10 2
time_unit: i
#-----------
snapshot=0
#-----------
time=0
mem_heap_B=0
mem_heap_extra_B=0
mem_stacks_B=0
heap_tree=empty
#-----------
snapshot=1
#-----------
time=3495488
mem_heap_B=32957
mem_heap_extra_B=771
mem_stacks_B=0
heap_tree=empty
#-----------
snapshot=2
#-----------
time=11020733
mem_heap_B=32957
mem_heap_extra_B=771
mem_stacks_B=0
heap_tree=detailed
n7: 32957 (heap allocation functions) malloc/new/new[], --alloc-fns, etc.
 n0: 20224 0x48F4F42: ??? (in /usr/lib/arm-linux-gnueabihf/libstdc++.so.6.0.26)
 n1: 8192 0x493D6C6: std::basic_filebuf<char, std::char_traits<char> >::_M_allocate_internal_buffer() (in /usr/lib/arm-linux-gnueabihf/libstdc++.so.6.0.26)
  n1: 8192 0x493FFE2: std::basic_filebuf<char, std::char_traits<char> >::open(char const*, std::_Ios_Openmode) (in /usr/lib/arm-linux-gnueabihf/libstdc++.so.6.0.26)
   n0: 8192 0x49409EA: std::basic_ifstream<char, std::char_traits<char> >::basic_ifstream(std::__cxx11::basic_string<char, std::char_traits<char>, std::allocator<char> > const&, std::_Ios_Openmode) (in /usr/lib/arm-linux-gnueabihf/libstdc++.so.6.0.26)
 n0: 2700 0x24B812: __gmp_default_allocate (in /home/reti/dongHyeon/Function-hiding-IPE/build/bin/p-norm-ipe-test)
 n1: 520 0x4ADE1F0: __new_exitfn (cxa_atexit.c:114)
  n1: 520 0x4ADE264: __internal_atexit (cxa_atexit.c:44)
   n0: 520 0x251574: __libc_csu_init (in /home/reti/dongHyeon/Function-hiding-IPE/build/bin/p-norm-ipe-test)
 n1: 513 0x49658F2: std::__cxx11::basic_string<char, std::char_traits<char>, std::allocator<char> >::reserve(unsigned int) (in /usr/lib/arm-linux-gnueabihf/libstdc++.so.6.0.26)
  n0: 513 0x495D556: std::__cxx11::basic_stringbuf<char, std::char_traits<char>, std::allocator<char> >::overflow(int) (in /usr/lib/arm-linux-gnueabihf/libstdc++.so.6.0.26)
 n0: 456 in 7 places, all below massif's threshold (1.00%)
 n1: 352 0x4AFE6FA: __fopen_internal (iofopen.c:65)
  n1: 352 0x490F2C6: std::__basic_file<char>::open(char const*, std::_Ios_Openmode, int) (in /usr/lib/arm-linux-gnueabihf/libstdc++.so.6.0.26)
   n1: 352 0x493FFD4: std::basic_filebuf<char, std::char_traits<char> >::open(char const*, std::_Ios_Openmode) (in /usr/lib/arm-linux-gnueabihf/libstdc++.so.6.0.26)
    n0: 352 0x49409EA: std::basic_ifstream<char, std::char_traits<char> >::basic_ifstream(std::__cxx11::basic_string<char, std::char_traits<char>, std::allocator<char> > const&, std::_Ios_Openmode) (in /usr/lib/arm-linux-gnueabihf/libstdc++.so.6.0.26)
#-----------
snapshot=3
#-----------
time=11515509
mem_heap_B=33237
mem_heap_extra_B=755
mem_stacks_B=0
heap_tree=empty
#-----------
snapshot=4
#-----------
time=18187812
mem_heap_B=30737
mem_heap_extra_B=743
mem_stacks_B=0
heap_tree=empty
#-----------
snapshot=5
#-----------
time=22178379
mem_heap_B=37865
mem_heap_extra_B=879
mem_stacks_B=0
heap_tree=empty
#-----------
snapshot=6
#-----------
time=26691069
mem_heap_B=53825
mem_heap_extra_B=959
mem_stacks_B=0
heap_tree=empty
#-----------
snapshot=7
#-----------
time=33009459
mem_heap_B=76169
mem_heap_extra_B=1071
mem_stacks_B=0
heap_tree=empty
#-----------
snapshot=8
#-----------
time=36617601
mem_heap_B=88937
mem_heap_extra_B=1135
mem_stacks_B=0
heap_tree=empty
#-----------
snapshot=9
#-----------
time=40225315
mem_heap_B=101705
mem_heap_extra_B=1199
mem_stacks_B=0
heap_tree=empty
#-----------
snapshot=10
#-----------
time=45641887
mem_heap_B=120857
mem_heap_extra_B=1295
mem_stacks_B=0
heap_tree=empty
#-----------
snapshot=11
#-----------
time=50153051
mem_heap_B=136817
mem_heap_extra_B=1375
mem_stacks_B=0
heap_tree=empty
#-----------
snapshot=12
#-----------
time=56696753
mem_heap_B=164553
mem_heap_extra_B=1511
mem_stacks_B=0
heap_tree=detailed
n5: 164553 (heap allocation functions) malloc/new/new[], --alloc-fns, etc.
 n1: 120560 0x20664E: _ntl_gblock_construct_alloc(_ntl_gbigint_body**, long, long) (lip.cpp:6279)
  n2: 120560 0x228994: NTL::BasicBlockConstruct(NTL::ZZ_p*, long, long) (ZZ.h:1041)
   n1: 116160 0x228A36: NTL::BlockConstructFromVec(NTL::ZZ_p*, long, NTL::ZZ_p const*) (vec_ZZ_p.cpp:43)
    n0: 116160 0x16C17C: void NTL::VecStrategy<true>::do_BlockConstructFromVec<NTL::ZZ_p>(NTL::ZZ_p*, long, NTL::ZZ_p const*) (in /home/reti/dongHyeon/Function-hiding-IPE/build/bin/p-norm-ipe-test)
   n0: 4400 0x16C5A0: void NTL::VecStrategy<true>::do_BlockConstruct<NTL::ZZ_p>(NTL::ZZ_p*, long) (in /home/reti/dongHyeon/Function-hiding-IPE/build/bin/p-norm-ipe-test)
 n0: 20224 0x48F4F42: ??? (in /usr/lib/arm-linux-gnueabihf/libstdc++.so.6.0.26)
 n0: 11520 0x16B152: NTL::Vec<NTL::ZZ_p>::AllocateTo(long) (in /home/reti/dongHyeon/Function-hiding-IPE/build/bin/p-norm-ipe-test)
 n1: 8192 0x493D6C6: std::basic_filebuf<char, std::char_traits<char> >::_M_allocate_internal_buffer() (in /usr/lib/arm-linux-gnueabihf/libstdc++.so.6.0.26)
  n1: 8192 0x493FFE2: std::basic_filebuf<char, std::char_traits<char> >::open(char const*, std::_Ios_Openmode) (in /usr/lib/arm-linux-gnueabihf/libstdc++.so.6.0.26)
   n0: 8192 0x49409EA: std::basic_ifstream<char, std::char_traits<char> >::basic_ifstream(std::__cxx11::basic_string<char, std::char_traits<char>, std::allocator<char> > const&, std::_Ios_Openmode) (in /usr/lib/arm-linux-gnueabihf/libstdc++.so.6.0.26)
 n0: 4057 in 24 places, all below massif's threshold (1.00%)
#-----------
snapshot=13
#-----------
time=63011675
mem_heap_B=186897
mem_heap_extra_B=1623
mem_stacks_B=0
heap_tree=detailed
n5: 186897 (heap allocation functions) malloc/new/new[], --alloc-fns, etc.
 n1: 140888 0x20664E: _ntl_gblock_construct_alloc(_ntl_gbigint_body**, long, long) (lip.cpp:6279)
  n2: 140888 0x228994: NTL::BasicBlockConstruct(NTL::ZZ_p*, long, long) (ZZ.h:1041)
   n1: 136488 0x228A36: NTL::BlockConstructFromVec(NTL::ZZ_p*, long, NTL::ZZ_p const*) (vec_ZZ_p.cpp:43)
    n0: 136488 0x16C17C: void NTL::VecStrategy<true>::do_BlockConstructFromVec<NTL::ZZ_p>(NTL::ZZ_p*, long, NTL::ZZ_p const*) (in /home/reti/dongHyeon/Function-hiding-IPE/build/bin/p-norm-ipe-test)
   n0: 4400 0x16C5A0: void NTL::VecStrategy<true>::do_BlockConstruct<NTL::ZZ_p>(NTL::ZZ_p*, long) (in /home/reti/dongHyeon/Function-hiding-IPE/build/bin/p-norm-ipe-test)
 n0: 20224 0x48F4F42: ??? (in /usr/lib/arm-linux-gnueabihf/libstdc++.so.6.0.26)
 n0: 13536 0x16B152: NTL::Vec<NTL::ZZ_p>::AllocateTo(long) (in /home/reti/dongHyeon/Function-hiding-IPE/build/bin/p-norm-ipe-test)
 n1: 8192 0x493D6C6: std::basic_filebuf<char, std::char_traits<char> >::_M_allocate_internal_buffer() (in /usr/lib/arm-linux-gnueabihf/libstdc++.so.6.0.26)
  n1: 8192 0x493FFE2: std::basic_filebuf<char, std::char_traits<char> >::open(char const*, std::_Ios_Openmode) (in /usr/lib/arm-linux-gnueabihf/libstdc++.so.6.0.26)
   n0: 8192 0x49409EA: std::basic_ifstream<char, std::char_traits<char> >::basic_ifstream(std::__cxx11::basic_string<char, std::char_traits<char>, std::allocator<char> > const&, std::_Ios_Openmode) (in /usr/lib/arm-linux-gnueabihf/libstdc++.so.6.0.26)
 n0: 4057 in 24 places, all below massif's threshold (1.00%)
#-----------
snapshot=14
#-----------
time=66626196
mem_heap_B=199857
mem_heap_extra_B=1687
mem_stacks_B=0
heap_tree=detailed
n5: 199857 (heap allocation functions) malloc/new/new[], --alloc-fns, etc.
 n1: 152504 0x20664E: _ntl_gblock_construct_alloc(_ntl_gbigint_body**, long, long) (lip.cpp:6279)
  n2: 152504 0x228994: NTL::BasicBlockConstruct(NTL::ZZ_p*, long, long) (ZZ.h:1041)
   n1: 148104 0x228A36: NTL::BlockConstructFromVec(NTL::ZZ_p*, long, NTL::ZZ_p const*) (vec_ZZ_p.cpp:43)
    n0: 148104 0x16C17C: void NTL::VecStrategy<true>::do_BlockConstructFromVec<NTL::ZZ_p>(NTL::ZZ_p*, long, NTL::ZZ_p const*) (in /home/reti/dongHyeon/Function-hiding-IPE/build/bin/p-norm-ipe-test)
   n0: 4400 0x16C5A0: void NTL::VecStrategy<true>::do_BlockConstruct<NTL::ZZ_p>(NTL::ZZ_p*, long) (in /home/reti/dongHyeon/Function-hiding-IPE/build/bin/p-norm-ipe-test)
 n0: 20224 0x48F4F42: ??? (in /usr/lib/arm-linux-gnueabihf/libstdc++.so.6.0.26)
 n0: 14688 0x16B152: NTL::Vec<NTL::ZZ_p>::AllocateTo(long) (in /home/reti/dongHyeon/Function-hiding-IPE/build/bin/p-norm-ipe-test)
 n1: 8192 0x493D6C6: std::basic_filebuf<char, std::char_traits<char> >::_M_allocate_internal_buffer() (in /usr/lib/arm-linux-gnueabihf/libstdc++.so.6.0.26)
  n1: 8192 0x493FFE2: std::basic_filebuf<char, std::char_traits<char> >::open(char const*, std::_Ios_Openmode) (in /usr/lib/arm-linux-gnueabihf/libstdc++.so.6.0.26)
   n0: 8192 0x49409EA: std::basic_ifstream<char, std::char_traits<char> >::basic_ifstream(std::__cxx11::basic_string<char, std::char_traits<char>, std::allocator<char> > const&, std::_Ios_Openmode) (in /usr/lib/arm-linux-gnueabihf/libstdc++.so.6.0.26)
 n0: 4249 in 25 places, all below massif's threshold (1.00%)
#-----------
snapshot=15
#-----------
time=71139638
mem_heap_B=215817
mem_heap_extra_B=1767
mem_stacks_B=0
heap_tree=detailed
n5: 215817 (heap allocation functions) malloc/new/new[], --alloc-fns, etc.
 n1: 167024 0x20664E: _ntl_gblock_construct_alloc(_ntl_gbigint_body**, long, long) (lip.cpp:6279)
  n2: 167024 0x228994: NTL::BasicBlockConstruct(NTL::ZZ_p*, long, long) (ZZ.h:1041)
   n1: 162624 0x228A36: NTL::BlockConstructFromVec(NTL::ZZ_p*, long, NTL::ZZ_p const*) (vec_ZZ_p.cpp:43)
    n0: 162624 0x16C17C: void NTL::VecStrategy<true>::do_BlockConstructFromVec<NTL::ZZ_p>(NTL::ZZ_p*, long, NTL::ZZ_p const*) (in /home/reti/dongHyeon/Function-hiding-IPE/build/bin/p-norm-ipe-test)
   n0: 4400 0x16C5A0: void NTL::VecStrategy<true>::do_BlockConstruct<NTL::ZZ_p>(NTL::ZZ_p*, long) (in /home/reti/dongHyeon/Function-hiding-IPE/build/bin/p-norm-ipe-test)
 n0: 20224 0x48F4F42: ??? (in /usr/lib/arm-linux-gnueabihf/libstdc++.so.6.0.26)
 n0: 16128 0x16B152: NTL::Vec<NTL::ZZ_p>::AllocateTo(long) (in /home/reti/dongHyeon/Function-hiding-IPE/build/bin/p-norm-ipe-test)
 n1: 8192 0x493D6C6: std::basic_filebuf<char, std::char_traits<char> >::_M_allocate_internal_buffer() (in /usr/lib/arm-linux-gnueabihf/libstdc++.so.6.0.26)
  n1: 8192 0x493FFE2: std::basic_filebuf<char, std::char_traits<char> >::open(char const*, std::_Ios_Openmode) (in /usr/lib/arm-linux-gnueabihf/libstdc++.so.6.0.26)
   n0: 8192 0x49409EA: std::basic_ifstream<char, std::char_traits<char> >::basic_ifstream(std::__cxx11::basic_string<char, std::char_traits<char>, std::allocator<char> > const&, std::_Ios_Openmode) (in /usr/lib/arm-linux-gnueabihf/libstdc++.so.6.0.26)
 n0: 4249 in 25 places, all below massif's threshold (1.00%)
#-----------
snapshot=16
#-----------
time=77456404
mem_heap_B=238161
mem_heap_extra_B=1879
mem_stacks_B=0
heap_tree=detailed
n5: 238161 (heap allocation functions) malloc/new/new[], --alloc-fns, etc.
 n1: 187352 0x20664E: _ntl_gblock_construct_alloc(_ntl_gbigint_body**, long, long) (lip.cpp:6279)
  n2: 187352 0x228994: NTL::BasicBlockConstruct(NTL::ZZ_p*, long, long) (ZZ.h:1041)
   n1: 182952 0x228A36: NTL::BlockConstructFromVec(NTL::ZZ_p*, long, NTL::ZZ_p const*) (vec_ZZ_p.cpp:43)
    n0: 182952 0x16C17C: void NTL::VecStrategy<true>::do_BlockConstructFromVec<NTL::ZZ_p>(NTL::ZZ_p*, long, NTL::ZZ_p const*) (in /home/reti/dongHyeon/Function-hiding-IPE/build/bin/p-norm-ipe-test)
   n0: 4400 0x16C5A0: void NTL::VecStrategy<true>::do_BlockConstruct<NTL::ZZ_p>(NTL::ZZ_p*, long) (in /home/reti/dongHyeon/Function-hiding-IPE/build/bin/p-norm-ipe-test)
 n0: 20224 0x48F4F42: ??? (in /usr/lib/arm-linux-gnueabihf/libstdc++.so.6.0.26)
 n0: 18144 0x16B152: NTL::Vec<NTL::ZZ_p>::AllocateTo(long) (in /home/reti/dongHyeon/Function-hiding-IPE/build/bin/p-norm-ipe-test)
 n1: 8192 0x493D6C6: std::basic_filebuf<char, std::char_traits<char> >::_M_allocate_internal_buffer() (in /usr/lib/arm-linux-gnueabihf/libstdc++.so.6.0.26)
  n1: 8192 0x493FFE2: std::basic_filebuf<char, std::char_traits<char> >::open(char const*, std::_Ios_Openmode) (in /usr/lib/arm-linux-gnueabihf/libstdc++.so.6.0.26)
   n0: 8192 0x49409EA: std::basic_ifstream<char, std::char_traits<char> >::basic_ifstream(std::__cxx11::basic_string<char, std::char_traits<char>, std::allocator<char> > const&, std::_Ios_Openmode) (in /usr/lib/arm-linux-gnueabihf/libstdc++.so.6.0.26)
 n0: 4249 in 25 places, all below massif's threshold (1.00%)
#-----------
snapshot=17
#-----------
time=80637190
mem_heap_B=453881
mem_heap_extra_B=2967
mem_stacks_B=0
heap_tree=detailed
n5: 453881 (heap allocation functions) malloc/new/new[], --alloc-fns, etc.
 n1: 383328 0x20664E: _ntl_gblock_construct_alloc(_ntl_gbigint_body**, long, long) (lip.cpp:6279)
  n2: 383328 0x228994: NTL::BasicBlockConstruct(NTL::ZZ_p*, long, long) (ZZ.h:1041)
   n1: 383328 0x228A36: NTL::BlockConstructFromVec(NTL::ZZ_p*, long, NTL::ZZ_p const*) (vec_ZZ_p.cpp:43)
    n0: 383328 0x16C17C: void NTL::VecStrategy<true>::do_BlockConstructFromVec<NTL::ZZ_p>(NTL::ZZ_p*, long, NTL::ZZ_p const*) (in /home/reti/dongHyeon/Function-hiding-IPE/build/bin/p-norm-ipe-test)
   n0: 0 in 1 place, below massif's threshold (1.00%)
 n0: 38016 0x16B152: NTL::Vec<NTL::ZZ_p>::AllocateTo(long) (in /home/reti/dongHyeon/Function-hiding-IPE/build/bin/p-norm-ipe-test)
 n0: 20224 0x48F4F42: ??? (in /usr/lib/arm-linux-gnueabihf/libstdc++.so.6.0.26)
 n1: 8192 0x493D6C6: std::basic_filebuf<char, std::char_traits<char> >::_M_allocate_internal_buffer() (in /usr/lib/arm-linux-gnueabihf/libstdc++.so.6.0.26)
  n1: 8192 0x493FFE2: std::basic_filebuf<char, std::char_traits<char> >::open(char const*, std::_Ios_Openmode) (in /usr/lib/arm-linux-gnueabihf/libstdc++.so.6.0.26)
   n0: 8192 0x49409EA: std::basic_ifstream<char, std::char_traits<char> >::basic_ifstream(std::__cxx11::basic_string<char, std::char_traits<char>, std::allocator<char> > const&, std::_Ios_Openmode) (in /usr/lib/arm-linux-gnueabihf/libstdc++.so.6.0.26)
 n0: 4121 in 25 places, all below massif's threshold (1.00%)
#-----------
snapshot=18
#-----------
time=84018968
mem_heap_B=252017
mem_heap_extra_B=1959
mem_stacks_B=0
heap_tree=empty
#-----------
snapshot=19
#-----------
time=88528842
mem_heap_B=267977
mem_heap_extra_B=2039
mem_stacks_B=0
heap_tree=empty
#-----------
snapshot=20
#-----------
time=93944390
mem_heap_B=287129
mem_heap_extra_B=2135
mem_stacks_B=0
heap_tree=empty
#-----------
snapshot=21
#-----------
time=97555712
mem_heap_B=299897
mem_heap_extra_B=2199
mem_stacks_B=0
heap_tree=empty
#-----------
snapshot=22
#-----------
time=103872226
mem_heap_B=322241
mem_heap_extra_B=2311
mem_stacks_B=0
heap_tree=empty
#-----------
snapshot=23
#-----------
time=108385698
mem_heap_B=338201
mem_heap_extra_B=2391
mem_stacks_B=0
heap_tree=empty
#-----------
snapshot=24
#-----------
time=113804115
mem_heap_B=357353
mem_heap_extra_B=2487
mem_stacks_B=0
heap_tree=empty
#-----------
snapshot=25
#-----------
time=117415729
mem_heap_B=370121
mem_heap_extra_B=2551
mem_stacks_B=0
heap_tree=empty
#-----------
snapshot=26
#-----------
time=121926271
mem_heap_B=386081
mem_heap_extra_B=2631
mem_stacks_B=0
heap_tree=empty
#-----------
snapshot=27
#-----------
time=125532185
mem_heap_B=398849
mem_heap_extra_B=2695
mem_stacks_B=0
heap_tree=detailed
n5: 398849 (heap allocation functions) malloc/new/new[], --alloc-fns, etc.
 n1: 333256 0x20664E: _ntl_gblock_construct_alloc(_ntl_gbigint_body**, long, long) (lip.cpp:6279)
  n2: 333256 0x228994: NTL::BasicBlockConstruct(NTL::ZZ_p*, long, long) (ZZ.h:1041)
   n0: 193864 0x16C5A0: void NTL::VecStrategy<true>::do_BlockConstruct<NTL::ZZ_p>(NTL::ZZ_p*, long) (in /home/reti/dongHyeon/Function-hiding-IPE/build/bin/p-norm-ipe-test)
   n1: 139392 0x228A36: NTL::BlockConstructFromVec(NTL::ZZ_p*, long, NTL::ZZ_p const*) (vec_ZZ_p.cpp:43)
    n0: 139392 0x16C17C: void NTL::VecStrategy<true>::do_BlockConstructFromVec<NTL::ZZ_p>(NTL::ZZ_p*, long, NTL::ZZ_p const*) (in /home/reti/dongHyeon/Function-hiding-IPE/build/bin/p-norm-ipe-test)
 n0: 32832 0x16B152: NTL::Vec<NTL::ZZ_p>::AllocateTo(long) (in /home/reti/dongHyeon/Function-hiding-IPE/build/bin/p-norm-ipe-test)
 n0: 20224 0x48F4F42: ??? (in /usr/lib/arm-linux-gnueabihf/libstdc++.so.6.0.26)
 n1: 8192 0x493D6C6: std::basic_filebuf<char, std::char_traits<char> >::_M_allocate_internal_buffer() (in /usr/lib/arm-linux-gnueabihf/libstdc++.so.6.0.26)
  n1: 8192 0x493FFE2: std::basic_filebuf<char, std::char_traits<char> >::open(char const*, std::_Ios_Openmode) (in /usr/lib/arm-linux-gnueabihf/libstdc++.so.6.0.26)
   n0: 8192 0x49409EA: std::basic_ifstream<char, std::char_traits<char> >::basic_ifstream(std::__cxx11::basic_string<char, std::char_traits<char>, std::allocator<char> > const&, std::_Ios_Openmode) (in /usr/lib/arm-linux-gnueabihf/libstdc++.so.6.0.26)
 n0: 4345 in 25 places, all below massif's threshold (1.00%)
#-----------
snapshot=28
#-----------
time=129144769
mem_heap_B=411809
mem_heap_extra_B=2759
mem_stacks_B=0
heap_tree=empty
#-----------
snapshot=29
#-----------
time=134558517
mem_heap_B=430961
mem_heap_extra_B=2855
mem_stacks_B=0
heap_tree=detailed
n5: 430961 (heap allocation functions) malloc/new/new[], --alloc-fns, etc.
 n1: 362296 0x20664E: _ntl_gblock_construct_alloc(_ntl_gbigint_body**, long, long) (lip.cpp:6279)
  n2: 362296 0x228994: NTL::BasicBlockConstruct(NTL::ZZ_p*, long, long) (ZZ.h:1041)
   n0: 193864 0x16C5A0: void NTL::VecStrategy<true>::do_BlockConstruct<NTL::ZZ_p>(NTL::ZZ_p*, long) (in /home/reti/dongHyeon/Function-hiding-IPE/build/bin/p-norm-ipe-test)
   n1: 168432 0x228A36: NTL::BlockConstructFromVec(NTL::ZZ_p*, long, NTL::ZZ_p const*) (vec_ZZ_p.cpp:43)
    n0: 168432 0x16C17C: void NTL::VecStrategy<true>::do_BlockConstructFromVec<NTL::ZZ_p>(NTL::ZZ_p*, long, NTL::ZZ_p const*) (in /home/reti/dongHyeon/Function-hiding-IPE/build/bin/p-norm-ipe-test)
 n0: 35712 0x16B152: NTL::Vec<NTL::ZZ_p>::AllocateTo(long) (in /home/reti/dongHyeon/Function-hiding-IPE/build/bin/p-norm-ipe-test)
 n0: 20224 0x48F4F42: ??? (in /usr/lib/arm-linux-gnueabihf/libstdc++.so.6.0.26)
 n1: 8192 0x493D6C6: std::basic_filebuf<char, std::char_traits<char> >::_M_allocate_internal_buffer() (in /usr/lib/arm-linux-gnueabihf/libstdc++.so.6.0.26)
  n1: 8192 0x493FFE2: std::basic_filebuf<char, std::char_traits<char> >::open(char const*, std::_Ios_Openmode) (in /usr/lib/arm-linux-gnueabihf/libstdc++.so.6.0.26)
   n0: 8192 0x49409EA: std::basic_ifstream<char, std::char_traits<char> >::basic_ifstream(std::__cxx11::basic_string<char, std::char_traits<char>, std::allocator<char> > const&, std::_Ios_Openmode) (in /usr/lib/arm-linux-gnueabihf/libstdc++.so.6.0.26)
 n0: 4537 in 25 places, all below massif's threshold (1.00%)
#-----------
snapshot=30
#-----------
time=139069425
mem_heap_B=446921
mem_heap_extra_B=2935
mem_stacks_B=0
heap_tree=empty
#-----------
snapshot=31
#-----------
time=143440065
mem_heap_B=876185
mem_heap_extra_B=5111
mem_stacks_B=0
heap_tree=peak
n4: 876185 (heap allocation functions) malloc/new/new[], --alloc-fns, etc.
 n1: 766656 0x20664E: _ntl_gblock_construct_alloc(_ntl_gbigint_body**, long, long) (lip.cpp:6279)
  n2: 766656 0x228994: NTL::BasicBlockConstruct(NTL::ZZ_p*, long, long) (ZZ.h:1041)
   n0: 383328 0x16C5A0: void NTL::VecStrategy<true>::do_BlockConstruct<NTL::ZZ_p>(NTL::ZZ_p*, long) (in /home/reti/dongHyeon/Function-hiding-IPE/build/bin/p-norm-ipe-test)
   n1: 383328 0x228A36: NTL::BlockConstructFromVec(NTL::ZZ_p*, long, NTL::ZZ_p const*) (vec_ZZ_p.cpp:43)
    n0: 383328 0x16C17C: void NTL::VecStrategy<true>::do_BlockConstructFromVec<NTL::ZZ_p>(NTL::ZZ_p*, long, NTL::ZZ_p const*) (in /home/reti/dongHyeon/Function-hiding-IPE/build/bin/p-norm-ipe-test)
 n0: 76032 0x16B152: NTL::Vec<NTL::ZZ_p>::AllocateTo(long) (in /home/reti/dongHyeon/Function-hiding-IPE/build/bin/p-norm-ipe-test)
 n0: 20224 0x48F4F42: ??? (in /usr/lib/arm-linux-gnueabihf/libstdc++.so.6.0.26)
 n0: 13273 in 27 places, all below massif's threshold (1.00%)
#-----------
snapshot=32
#-----------
time=149756591
mem_heap_B=456125
mem_heap_extra_B=4203
mem_stacks_B=0
heap_tree=empty
#-----------
snapshot=33
#-----------
time=152527977
mem_heap_B=467512
mem_heap_extra_B=4240
mem_stacks_B=0
heap_tree=empty
#-----------
snapshot=34
#-----------
time=174132399
mem_heap_B=467676
mem_heap_extra_B=4260
mem_stacks_B=0
heap_tree=empty
#-----------
snapshot=35
#-----------
time=178663032
mem_heap_B=467784
mem_heap_extra_B=4280
mem_stacks_B=0
heap_tree=empty
#-----------
snapshot=36
#-----------
time=183160606
mem_heap_B=467784
mem_heap_extra_B=4280
mem_stacks_B=0
heap_tree=empty
#-----------
snapshot=37
#-----------
time=187804218
mem_heap_B=467784
mem_heap_extra_B=4280
mem_stacks_B=0
heap_tree=empty
#-----------
snapshot=38
#-----------
time=190150301
mem_heap_B=467784
mem_heap_extra_B=4280
mem_stacks_B=0
heap_tree=empty
#-----------
snapshot=39
#-----------
time=194765713
mem_heap_B=467784
mem_heap_extra_B=4280
mem_stacks_B=0
heap_tree=empty
#-----------
snapshot=40
#-----------
time=199371195
mem_heap_B=467784
mem_heap_extra_B=4280
mem_stacks_B=0
heap_tree=empty
#-----------
snapshot=41
#-----------
time=201709876
mem_heap_B=467784
mem_heap_extra_B=4280
mem_stacks_B=0
heap_tree=empty
#-----------
snapshot=42
#-----------
time=206198546
mem_heap_B=467784
mem_heap_extra_B=4280
mem_stacks_B=0
heap_tree=empty
#-----------
snapshot=43
#-----------
time=210819887
mem_heap_B=467784
mem_heap_extra_B=4280
mem_stacks_B=0
heap_tree=empty
#-----------
snapshot=44
#-----------
time=215836088
mem_heap_B=467784
mem_heap_extra_B=4280
mem_stacks_B=0
heap_tree=empty
#-----------
snapshot=45
#-----------
time=220378545
mem_heap_B=467784
mem_heap_extra_B=4280
mem_stacks_B=0
heap_tree=empty
#-----------
snapshot=46
#-----------
time=222698040
mem_heap_B=467784
mem_heap_extra_B=4280
mem_stacks_B=0
heap_tree=empty
#-----------
snapshot=47
#-----------
time=227267258
mem_heap_B=467784
mem_heap_extra_B=4280
mem_stacks_B=0
heap_tree=detailed
n5: 467784 (heap allocation functions) malloc/new/new[], --alloc-fns, etc.
 n1: 389136 0x20664E: _ntl_gblock_construct_alloc(_ntl_gbigint_body**, long, long) (lip.cpp:6279)
  n2: 389136 0x228994: NTL::BasicBlockConstruct(NTL::ZZ_p*, long, long) (ZZ.h:1041)
   n1: 386232 0x228A36: NTL::BlockConstructFromVec(NTL::ZZ_p*, long, NTL::ZZ_p const*) (vec_ZZ_p.cpp:43)
    n0: 386232 0x16C17C: void NTL::VecStrategy<true>::do_BlockConstructFromVec<NTL::ZZ_p>(NTL::ZZ_p*, long, NTL::ZZ_p const*) (in /home/reti/dongHyeon/Function-hiding-IPE/build/bin/p-norm-ipe-test)
   n0: 2904 in 1 place, below massif's threshold (1.00%)
 n0: 38592 0x16B152: NTL::Vec<NTL::ZZ_p>::AllocateTo(long) (in /home/reti/dongHyeon/Function-hiding-IPE/build/bin/p-norm-ipe-test)
 n0: 20224 0x48F4F42: ??? (in /usr/lib/arm-linux-gnueabihf/libstdc++.so.6.0.26)
 n0: 10328 in 53 places, all below massif's threshold (1.00%)
 n0: 9504 0x16AD2E: mcl::Array<mcl::EcT<mcl::FpT<mcl::bn::local::FpTag, 384u> > >::resize(unsigned int) (in /home/reti/dongHyeon/Function-hiding-IPE/build/bin/p-norm-ipe-test)
#-----------
snapshot=48
#-----------
time=231924577
mem_heap_B=467784
mem_heap_extra_B=4280
mem_stacks_B=0
heap_tree=empty
#-----------
snapshot=49
#-----------
time=236543731
mem_heap_B=467784
mem_heap_extra_B=4280
mem_stacks_B=0
heap_tree=empty
#-----------
snapshot=50
#-----------
time=238862860
mem_heap_B=467784
mem_heap_extra_B=4280
mem_stacks_B=0
heap_tree=empty
#-----------
snapshot=51
#-----------
time=241145598
mem_heap_B=467784
mem_heap_extra_B=4280
mem_stacks_B=0
heap_tree=empty
#-----------
snapshot=52
#-----------
time=243475148
mem_heap_B=467784
mem_heap_extra_B=4280
mem_stacks_B=0
heap_tree=empty
#-----------
snapshot=53
#-----------
time=245737874
mem_heap_B=467784
mem_heap_extra_B=4280
mem_stacks_B=0
heap_tree=empty
#-----------
snapshot=54
#-----------
time=248024197
mem_heap_B=467784
mem_heap_extra_B=4280
mem_stacks_B=0
heap_tree=empty
#-----------
snapshot=55
#-----------
time=250320238
mem_heap_B=467784
mem_heap_extra_B=4280
mem_stacks_B=0
heap_tree=detailed
n5: 467784 (heap allocation functions) malloc/new/new[], --alloc-fns, etc.
 n1: 389136 0x20664E: _ntl_gblock_construct_alloc(_ntl_gbigint_body**, long, long) (lip.cpp:6279)
  n2: 389136 0x228994: NTL::BasicBlockConstruct(NTL::ZZ_p*, long, long) (ZZ.h:1041)
   n1: 386232 0x228A36: NTL::BlockConstructFromVec(NTL::ZZ_p*, long, NTL::ZZ_p const*) (vec_ZZ_p.cpp:43)
    n0: 386232 0x16C17C: void NTL::VecStrategy<true>::do_BlockConstructFromVec<NTL::ZZ_p>(NTL::ZZ_p*, long, NTL::ZZ_p const*) (in /home/reti/dongHyeon/Function-hiding-IPE/build/bin/p-norm-ipe-test)
   n0: 2904 in 1 place, below massif's threshold (1.00%)
 n0: 38592 0x16B152: NTL::Vec<NTL::ZZ_p>::AllocateTo(long) (in /home/reti/dongHyeon/Function-hiding-IPE/build/bin/p-norm-ipe-test)
 n0: 20224 0x48F4F42: ??? (in /usr/lib/arm-linux-gnueabihf/libstdc++.so.6.0.26)
 n0: 10328 in 53 places, all below massif's threshold (1.00%)
 n0: 9504 0x16AD2E: mcl::Array<mcl::EcT<mcl::FpT<mcl::bn::local::FpTag, 384u> > >::resize(unsigned int) (in /home/reti/dongHyeon/Function-hiding-IPE/build/bin/p-norm-ipe-test)
#-----------
snapshot=56
#-----------
time=253020979
mem_heap_B=467676
mem_heap_extra_B=4260
mem_stacks_B=0
heap_tree=empty
#-----------
snapshot=57
#-----------
time=255300028
mem_heap_B=467784
mem_heap_extra_B=4280
mem_stacks_B=0
heap_tree=empty
#-----------
snapshot=58
#-----------
time=257600307
mem_heap_B=467784
mem_heap_extra_B=4280
mem_stacks_B=0
heap_tree=empty
#-----------
snapshot=59
#-----------
time=259866859
mem_heap_B=467784
mem_heap_extra_B=4280
mem_stacks_B=0
heap_tree=empty
#-----------
snapshot=60
#-----------
time=262220994
mem_heap_B=467784
mem_heap_extra_B=4280
mem_stacks_B=0
heap_tree=empty
#-----------
snapshot=61
#-----------
time=264497021
mem_heap_B=467784
mem_heap_extra_B=4280
mem_stacks_B=0
heap_tree=empty
#-----------
snapshot=62
#-----------
time=266736206
mem_heap_B=467784
mem_heap_extra_B=4280
mem_stacks_B=0
heap_tree=empty
#-----------
snapshot=63
#-----------
time=269064656
mem_heap_B=467784
mem_heap_extra_B=4280
mem_stacks_B=0
heap_tree=empty
#-----------
snapshot=64
#-----------
time=271412495
mem_heap_B=467784
mem_heap_extra_B=4280
mem_stacks_B=0
heap_tree=empty
#-----------
snapshot=65
#-----------
time=273696717
mem_heap_B=467784
mem_heap_extra_B=4280
mem_stacks_B=0
heap_tree=detailed
n5: 467784 (heap allocation functions) malloc/new/new[], --alloc-fns, etc.
 n1: 389136 0x20664E: _ntl_gblock_construct_alloc(_ntl_gbigint_body**, long, long) (lip.cpp:6279)
  n2: 389136 0x228994: NTL::BasicBlockConstruct(NTL::ZZ_p*, long, long) (ZZ.h:1041)
   n1: 386232 0x228A36: NTL::BlockConstructFromVec(NTL::ZZ_p*, long, NTL::ZZ_p const*) (vec_ZZ_p.cpp:43)
    n0: 386232 0x16C17C: void NTL::VecStrategy<true>::do_BlockConstructFromVec<NTL::ZZ_p>(NTL::ZZ_p*, long, NTL::ZZ_p const*) (in /home/reti/dongHyeon/Function-hiding-IPE/build/bin/p-norm-ipe-test)
   n0: 2904 in 1 place, below massif's threshold (1.00%)
 n0: 38592 0x16B152: NTL::Vec<NTL::ZZ_p>::AllocateTo(long) (in /home/reti/dongHyeon/Function-hiding-IPE/build/bin/p-norm-ipe-test)
 n0: 20224 0x48F4F42: ??? (in /usr/lib/arm-linux-gnueabihf/libstdc++.so.6.0.26)
 n0: 10328 in 53 places, all below massif's threshold (1.00%)
 n0: 9504 0x16AD2E: mcl::Array<mcl::EcT<mcl::FpT<mcl::bn::local::FpTag, 384u> > >::resize(unsigned int) (in /home/reti/dongHyeon/Function-hiding-IPE/build/bin/p-norm-ipe-test)
#-----------
snapshot=66
#-----------
time=275953313
mem_heap_B=467784
mem_heap_extra_B=4280
mem_stacks_B=0
heap_tree=empty
#-----------
snapshot=67
#-----------
time=278243707
mem_heap_B=467784
mem_heap_extra_B=4280
mem_stacks_B=0
heap_tree=empty
#-----------
snapshot=68
#-----------
time=280519258
mem_heap_B=467784
mem_heap_extra_B=4280
mem_stacks_B=0
heap_tree=empty
#-----------
snapshot=69
#-----------
time=282786887
mem_heap_B=467784
mem_heap_extra_B=4280
mem_stacks_B=0
heap_tree=empty
#-----------
snapshot=70
#-----------
time=285086780
mem_heap_B=467784
mem_heap_extra_B=4280
mem_stacks_B=0
heap_tree=empty
#-----------
snapshot=71
#-----------
time=287380607
mem_heap_B=467784
mem_heap_extra_B=4280
mem_stacks_B=0
heap_tree=empty
#-----------
snapshot=72
#-----------
time=289729513
mem_heap_B=467784
mem_heap_extra_B=4280
mem_stacks_B=0
heap_tree=empty
#-----------
snapshot=73
#-----------
time=292011316
mem_heap_B=467784
mem_heap_extra_B=4280
mem_stacks_B=0
heap_tree=empty
#-----------
snapshot=74
#-----------
time=294712069
mem_heap_B=467676
mem_heap_extra_B=4260
mem_stacks_B=0
heap_tree=empty
#-----------
snapshot=75
#-----------
time=296928673
mem_heap_B=467784
mem_heap_extra_B=4280
mem_stacks_B=0
heap_tree=detailed
n5: 467784 (heap allocation functions) malloc/new/new[], --alloc-fns, etc.
 n1: 389136 0x20664E: _ntl_gblock_construct_alloc(_ntl_gbigint_body**, long, long) (lip.cpp:6279)
  n2: 389136 0x228994: NTL::BasicBlockConstruct(NTL::ZZ_p*, long, long) (ZZ.h:1041)
   n1: 386232 0x228A36: NTL::BlockConstructFromVec(NTL::ZZ_p*, long, NTL::ZZ_p const*) (vec_ZZ_p.cpp:43)
    n0: 386232 0x16C17C: void NTL::VecStrategy<true>::do_BlockConstructFromVec<NTL::ZZ_p>(NTL::ZZ_p*, long, NTL::ZZ_p const*) (in /home/reti/dongHyeon/Function-hiding-IPE/build/bin/p-norm-ipe-test)
   n0: 2904 in 1 place, below massif's threshold (1.00%)
 n0: 38592 0x16B152: NTL::Vec<NTL::ZZ_p>::AllocateTo(long) (in /home/reti/dongHyeon/Function-hiding-IPE/build/bin/p-norm-ipe-test)
 n0: 20224 0x48F4F42: ??? (in /usr/lib/arm-linux-gnueabihf/libstdc++.so.6.0.26)
 n0: 10328 in 53 places, all below massif's threshold (1.00%)
 n0: 9504 0x16AD2E: mcl::Array<mcl::EcT<mcl::FpT<mcl::bn::local::FpTag, 384u> > >::resize(unsigned int) (in /home/reti/dongHyeon/Function-hiding-IPE/build/bin/p-norm-ipe-test)
#-----------
snapshot=76
#-----------
time=299262340
mem_heap_B=467784
mem_heap_extra_B=4280
mem_stacks_B=0
heap_tree=empty
#-----------
snapshot=77
#-----------
time=301550029
mem_heap_B=467784
mem_heap_extra_B=4280
mem_stacks_B=0
heap_tree=empty
#-----------
snapshot=78
#-----------
time=303872671
mem_heap_B=467784
mem_heap_extra_B=4280
mem_stacks_B=0
heap_tree=empty
#-----------
snapshot=79
#-----------
time=306170950
mem_heap_B=467784
mem_heap_extra_B=4280
mem_stacks_B=0
heap_tree=empty
#-----------
snapshot=80
#-----------
time=308451604
mem_heap_B=467784
mem_heap_extra_B=4280
mem_stacks_B=0
heap_tree=empty
#-----------
snapshot=81
#-----------
time=310777219
mem_heap_B=467784
mem_heap_extra_B=4280
mem_stacks_B=0
heap_tree=empty
#-----------
snapshot=82
#-----------
time=313068862
mem_heap_B=467784
mem_heap_extra_B=4280
mem_stacks_B=0
heap_tree=empty
#-----------
snapshot=83
#-----------
time=315417326
mem_heap_B=467784
mem_heap_extra_B=4280
mem_stacks_B=0
heap_tree=empty
#-----------
snapshot=84
#-----------
time=317735905
mem_heap_B=467784
mem_heap_extra_B=4280
mem_stacks_B=0
heap_tree=empty
#-----------
snapshot=85
#-----------
time=320029123
mem_heap_B=467784
mem_heap_extra_B=4280
mem_stacks_B=0
heap_tree=detailed
n5: 467784 (heap allocation functions) malloc/new/new[], --alloc-fns, etc.
 n1: 389136 0x20664E: _ntl_gblock_construct_alloc(_ntl_gbigint_body**, long, long) (lip.cpp:6279)
  n2: 389136 0x228994: NTL::BasicBlockConstruct(NTL::ZZ_p*, long, long) (ZZ.h:1041)
   n1: 386232 0x228A36: NTL::BlockConstructFromVec(NTL::ZZ_p*, long, NTL::ZZ_p const*) (vec_ZZ_p.cpp:43)
    n0: 386232 0x16C17C: void NTL::VecStrategy<true>::do_BlockConstructFromVec<NTL::ZZ_p>(NTL::ZZ_p*, long, NTL::ZZ_p const*) (in /home/reti/dongHyeon/Function-hiding-IPE/build/bin/p-norm-ipe-test)
   n0: 2904 in 1 place, below massif's threshold (1.00%)
 n0: 38592 0x16B152: NTL::Vec<NTL::ZZ_p>::AllocateTo(long) (in /home/reti/dongHyeon/Function-hiding-IPE/build/bin/p-norm-ipe-test)
 n0: 20224 0x48F4F42: ??? (in /usr/lib/arm-linux-gnueabihf/libstdc++.so.6.0.26)
 n0: 10328 in 53 places, all below massif's threshold (1.00%)
 n0: 9504 0x16AD2E: mcl::Array<mcl::EcT<mcl::FpT<mcl::bn::local::FpTag, 384u> > >::resize(unsigned int) (in /home/reti/dongHyeon/Function-hiding-IPE/build/bin/p-norm-ipe-test)
#-----------
snapshot=86
#-----------
time=322357165
mem_heap_B=467784
mem_heap_extra_B=4280
mem_stacks_B=0
heap_tree=empty
#-----------
snapshot=87
#-----------
time=324688287
mem_heap_B=467784
mem_heap_extra_B=4280
mem_stacks_B=0
heap_tree=empty
#-----------
snapshot=88
#-----------
time=327004363
mem_heap_B=467784
mem_heap_extra_B=4280
mem_stacks_B=0
heap_tree=empty
#-----------
snapshot=89
#-----------
time=329294968
mem_heap_B=467784
mem_heap_extra_B=4280
mem_stacks_B=0
heap_tree=empty
#-----------
snapshot=90
#-----------
time=331650594
mem_heap_B=467784
mem_heap_extra_B=4280
mem_stacks_B=0
heap_tree=empty
#-----------
snapshot=91
#-----------
time=333920921
mem_heap_B=467784
mem_heap_extra_B=4280
mem_stacks_B=0
heap_tree=empty
