desc: --massif-out-file=keygen/memory-8-10-6.log
cmd: ./p-norm-ipe-test keygen 8 10 6
time_unit: i
#-----------
snapshot=0
#-----------
time=0
mem_heap_B=0
mem_heap_extra_B=0
mem_stacks_B=0
heap_tree=empty
#-----------
snapshot=1
#-----------
time=3488738
mem_heap_B=32733
mem_heap_extra_B=771
mem_stacks_B=0
heap_tree=empty
#-----------
snapshot=2
#-----------
time=11013983
mem_heap_B=32733
mem_heap_extra_B=771
mem_stacks_B=0
heap_tree=detailed
n7: 32733 (heap allocation functions) malloc/new/new[], --alloc-fns, etc.
 n0: 20224 0x48F4F42: ??? (in /usr/lib/arm-linux-gnueabihf/libstdc++.so.6.0.26)
 n1: 8192 0x493D6C6: std::basic_filebuf<char, std::char_traits<char> >::_M_allocate_internal_buffer() (in /usr/lib/arm-linux-gnueabihf/libstdc++.so.6.0.26)
  n1: 8192 0x493FFE2: std::basic_filebuf<char, std::char_traits<char> >::open(char const*, std::_Ios_Openmode) (in /usr/lib/arm-linux-gnueabihf/libstdc++.so.6.0.26)
   n0: 8192 0x49409EA: std::basic_ifstream<char, std::char_traits<char> >::basic_ifstream(std::__cxx11::basic_string<char, std::char_traits<char>, std::allocator<char> > const&, std::_Ios_Openmode) (in /usr/lib/arm-linux-gnueabihf/libstdc++.so.6.0.26)
 n0: 2700 0x24B812: __gmp_default_allocate (in /home/reti/dongHyeon/Function-hiding-IPE/build/bin/p-norm-ipe-test)
 n1: 520 0x4ADE1F0: __new_exitfn (cxa_atexit.c:114)
  n1: 520 0x4ADE264: __internal_atexit (cxa_atexit.c:44)
   n0: 520 0x251574: __libc_csu_init (in /home/reti/dongHyeon/Function-hiding-IPE/build/bin/p-norm-ipe-test)
 n1: 513 0x49658F2: std::__cxx11::basic_string<char, std::char_traits<char>, std::allocator<char> >::reserve(unsigned int) (in /usr/lib/arm-linux-gnueabihf/libstdc++.so.6.0.26)
  n0: 513 0x495D556: std::__cxx11::basic_stringbuf<char, std::char_traits<char>, std::allocator<char> >::overflow(int) (in /usr/lib/arm-linux-gnueabihf/libstdc++.so.6.0.26)
 n1: 352 0x4AFE6FA: __fopen_internal (iofopen.c:65)
  n1: 352 0x490F2C6: std::__basic_file<char>::open(char const*, std::_Ios_Openmode, int) (in /usr/lib/arm-linux-gnueabihf/libstdc++.so.6.0.26)
   n1: 352 0x493FFD4: std::basic_filebuf<char, std::char_traits<char> >::open(char const*, std::_Ios_Openmode) (in /usr/lib/arm-linux-gnueabihf/libstdc++.so.6.0.26)
    n0: 352 0x49409EA: std::basic_ifstream<char, std::char_traits<char> >::basic_ifstream(std::__cxx11::basic_string<char, std::char_traits<char>, std::allocator<char> > const&, std::_Ios_Openmode) (in /usr/lib/arm-linux-gnueabihf/libstdc++.so.6.0.26)
 n0: 232 in 7 places, all below massif's threshold (1.00%)
#-----------
snapshot=3
#-----------
time=11508755
mem_heap_B=33013
mem_heap_extra_B=755
mem_stacks_B=0
heap_tree=empty
#-----------
snapshot=4
#-----------
time=18181058
mem_heap_B=30513
mem_heap_extra_B=743
mem_stacks_B=0
heap_tree=empty
#-----------
snapshot=5
#-----------
time=21735625
mem_heap_B=36489
mem_heap_extra_B=887
mem_stacks_B=0
heap_tree=empty
#-----------
snapshot=6
#-----------
time=26899319
mem_heap_B=54849
mem_heap_extra_B=1031
mem_stacks_B=0
heap_tree=empty
#-----------
snapshot=7
#-----------
time=30921797
mem_heap_B=69129
mem_heap_extra_B=1143
mem_stacks_B=0
heap_tree=empty
#-----------
snapshot=8
#-----------
time=33792039
mem_heap_B=79329
mem_heap_extra_B=1223
mem_stacks_B=0
heap_tree=empty
#-----------
snapshot=9
#-----------
time=36663945
mem_heap_B=89529
mem_heap_extra_B=1303
mem_stacks_B=0
heap_tree=empty
#-----------
snapshot=10
#-----------
time=41259431
mem_heap_B=105849
mem_heap_extra_B=1431
mem_stacks_B=0
heap_tree=empty
#-----------
snapshot=11
#-----------
time=45277056
mem_heap_B=201505
mem_heap_extra_B=2191
mem_stacks_B=0
heap_tree=empty
#-----------
snapshot=12
#-----------
time=48168199
mem_heap_B=128481
mem_heap_extra_B=1615
mem_stacks_B=0
heap_tree=empty
#-----------
snapshot=13
#-----------
time=50465619
mem_heap_B=136641
mem_heap_extra_B=1679
mem_stacks_B=0
heap_tree=detailed
n5: 136641 (heap allocation functions) malloc/new/new[], --alloc-fns, etc.
 n1: 94600 0x20664E: _ntl_gblock_construct_alloc(_ntl_gbigint_body**, long, long) (lip.cpp:6279)
  n2: 94600 0x228994: NTL::BasicBlockConstruct(NTL::ZZ_p*, long, long) (ZZ.h:1041)
   n0: 79816 0x16C5A0: void NTL::VecStrategy<true>::do_BlockConstruct<NTL::ZZ_p>(NTL::ZZ_p*, long) (in /home/reti/dongHyeon/Function-hiding-IPE/build/bin/p-norm-ipe-test)
   n1: 14784 0x228A36: NTL::BlockConstructFromVec(NTL::ZZ_p*, long, NTL::ZZ_p const*) (vec_ZZ_p.cpp:43)
    n0: 14784 0x16C17C: void NTL::VecStrategy<true>::do_BlockConstructFromVec<NTL::ZZ_p>(NTL::ZZ_p*, long, NTL::ZZ_p const*) (in /home/reti/dongHyeon/Function-hiding-IPE/build/bin/p-norm-ipe-test)
 n0: 20224 0x48F4F42: ??? (in /usr/lib/arm-linux-gnueabihf/libstdc++.so.6.0.26)
 n0: 10016 0x16B152: NTL::Vec<NTL::ZZ_p>::AllocateTo(long) (in /home/reti/dongHyeon/Function-hiding-IPE/build/bin/p-norm-ipe-test)
 n1: 8192 0x493D6C6: std::basic_filebuf<char, std::char_traits<char> >::_M_allocate_internal_buffer() (in /usr/lib/arm-linux-gnueabihf/libstdc++.so.6.0.26)
  n1: 8192 0x493FFE2: std::basic_filebuf<char, std::char_traits<char> >::open(char const*, std::_Ios_Openmode) (in /usr/lib/arm-linux-gnueabihf/libstdc++.so.6.0.26)
   n0: 8192 0x49409EA: std::basic_ifstream<char, std::char_traits<char> >::basic_ifstream(std::__cxx11::basic_string<char, std::char_traits<char>, std::allocator<char> > const&, std::_Ios_Openmode) (in /usr/lib/arm-linux-gnueabihf/libstdc++.so.6.0.26)
 n0: 3609 in 23 places, all below massif's threshold (1.00%)
#-----------
snapshot=14
#-----------
time=53336847
mem_heap_B=146841
mem_heap_extra_B=1759
mem_stacks_B=0
heap_tree=empty
#-----------
snapshot=15
#-----------
time=57358213
mem_heap_B=161121
mem_heap_extra_B=1871
mem_stacks_B=0
heap_tree=empty
#-----------
snapshot=16
#-----------
time=60804561
mem_heap_B=173361
mem_heap_extra_B=1967
mem_stacks_B=0
heap_tree=empty
#-----------
snapshot=17
#-----------
time=64822813
mem_heap_B=187641
mem_heap_extra_B=2079
mem_stacks_B=0
heap_tree=empty
#-----------
snapshot=18
#-----------
time=67119291
mem_heap_B=195801
mem_heap_extra_B=2143
mem_stacks_B=0
heap_tree=empty
#-----------
snapshot=19
#-----------
time=70429797
mem_heap_B=375609
mem_heap_extra_B=3575
mem_stacks_B=0
heap_tree=peak
n5: 375609 (heap allocation functions) malloc/new/new[], --alloc-fns, etc.
 n1: 310464 0x20664E: _ntl_gblock_construct_alloc(_ntl_gbigint_body**, long, long) (lip.cpp:6279)
  n2: 310464 0x228994: NTL::BasicBlockConstruct(NTL::ZZ_p*, long, long) (ZZ.h:1041)
   n0: 155232 0x16C5A0: void NTL::VecStrategy<true>::do_BlockConstruct<NTL::ZZ_p>(NTL::ZZ_p*, long) (in /home/reti/dongHyeon/Function-hiding-IPE/build/bin/p-norm-ipe-test)
   n1: 155232 0x228A36: NTL::BlockConstructFromVec(NTL::ZZ_p*, long, NTL::ZZ_p const*) (vec_ZZ_p.cpp:43)
    n0: 155232 0x16C17C: void NTL::VecStrategy<true>::do_BlockConstructFromVec<NTL::ZZ_p>(NTL::ZZ_p*, long, NTL::ZZ_p const*) (in /home/reti/dongHyeon/Function-hiding-IPE/build/bin/p-norm-ipe-test)
 n0: 32256 0x16B152: NTL::Vec<NTL::ZZ_p>::AllocateTo(long) (in /home/reti/dongHyeon/Function-hiding-IPE/build/bin/p-norm-ipe-test)
 n0: 20224 0x48F4F42: ??? (in /usr/lib/arm-linux-gnueabihf/libstdc++.so.6.0.26)
 n1: 8192 0x493D6C6: std::basic_filebuf<char, std::char_traits<char> >::_M_allocate_internal_buffer() (in /usr/lib/arm-linux-gnueabihf/libstdc++.so.6.0.26)
  n1: 8192 0x493FFE2: std::basic_filebuf<char, std::char_traits<char> >::open(char const*, std::_Ios_Openmode) (in /usr/lib/arm-linux-gnueabihf/libstdc++.so.6.0.26)
   n0: 8192 0x49409EA: std::basic_ifstream<char, std::char_traits<char> >::basic_ifstream(std::__cxx11::basic_string<char, std::char_traits<char>, std::allocator<char> > const&, std::_Ios_Openmode) (in /usr/lib/arm-linux-gnueabihf/libstdc++.so.6.0.26)
 n0: 4473 in 24 places, all below massif's threshold (1.00%)
#-----------
snapshot=20
#-----------
time=72872063
mem_heap_B=197784
mem_heap_extra_B=2536
mem_stacks_B=0
heap_tree=empty
#-----------
snapshot=21
#-----------
time=76614686
mem_heap_B=210200
mem_heap_extra_B=3160
mem_stacks_B=0
heap_tree=empty
#-----------
snapshot=22
#-----------
time=80219929
mem_heap_B=210360
mem_heap_extra_B=3176
mem_stacks_B=0
heap_tree=empty
#-----------
snapshot=23
#-----------
time=99122908
mem_heap_B=210364
mem_heap_extra_B=3188
mem_stacks_B=0
heap_tree=empty
#-----------
snapshot=24
#-----------
time=103739060
mem_heap_B=210472
mem_heap_extra_B=3208
mem_stacks_B=0
heap_tree=empty
#-----------
snapshot=25
#-----------
time=106078326
mem_heap_B=210472
mem_heap_extra_B=3208
mem_stacks_B=0
heap_tree=detailed
n6: 210472 (heap allocation functions) malloc/new/new[], --alloc-fns, etc.
 n1: 158928 0x20664E: _ntl_gblock_construct_alloc(_ntl_gbigint_body**, long, long) (lip.cpp:6279)
  n2: 158928 0x228994: NTL::BasicBlockConstruct(NTL::ZZ_p*, long, long) (ZZ.h:1041)
   n1: 157080 0x228A36: NTL::BlockConstructFromVec(NTL::ZZ_p*, long, NTL::ZZ_p const*) (vec_ZZ_p.cpp:43)
    n0: 157080 0x16C17C: void NTL::VecStrategy<true>::do_BlockConstructFromVec<NTL::ZZ_p>(NTL::ZZ_p*, long, NTL::ZZ_p const*) (in /home/reti/dongHyeon/Function-hiding-IPE/build/bin/p-norm-ipe-test)
   n0: 1848 in 1 place, below massif's threshold (1.00%)
 n0: 20224 0x48F4F42: ??? (in /usr/lib/arm-linux-gnueabihf/libstdc++.so.6.0.26)
 n0: 16512 0x16B152: NTL::Vec<NTL::ZZ_p>::AllocateTo(long) (in /home/reti/dongHyeon/Function-hiding-IPE/build/bin/p-norm-ipe-test)
 n0: 6048 0x16AD2E: mcl::Array<mcl::EcT<mcl::FpT<mcl::bn::local::FpTag, 384u> > >::resize(unsigned int) (in /home/reti/dongHyeon/Function-hiding-IPE/build/bin/p-norm-ipe-test)
 n0: 5820 in 50 places, all below massif's threshold (1.00%)
 n0: 2940 0x24B84C: __gmp_default_reallocate (in /home/reti/dongHyeon/Function-hiding-IPE/build/bin/p-norm-ipe-test)
#-----------
snapshot=26
#-----------
time=110623219
mem_heap_B=210472
mem_heap_extra_B=3208
mem_stacks_B=0
heap_tree=empty
#-----------
snapshot=27
#-----------
time=115235630
mem_heap_B=210472
mem_heap_extra_B=3208
mem_stacks_B=0
heap_tree=empty
#-----------
snapshot=28
#-----------
time=117575158
mem_heap_B=210472
mem_heap_extra_B=3208
mem_stacks_B=0
heap_tree=empty
#-----------
snapshot=29
#-----------
time=122091281
mem_heap_B=210472
mem_heap_extra_B=3208
mem_stacks_B=0
heap_tree=empty
#-----------
snapshot=30
#-----------
time=127073209
mem_heap_B=210364
mem_heap_extra_B=3188
mem_stacks_B=0
heap_tree=empty
#-----------
snapshot=31
#-----------
time=129381194
mem_heap_B=210472
mem_heap_extra_B=3208
mem_stacks_B=0
heap_tree=detailed
n6: 210472 (heap allocation functions) malloc/new/new[], --alloc-fns, etc.
 n1: 158928 0x20664E: _ntl_gblock_construct_alloc(_ntl_gbigint_body**, long, long) (lip.cpp:6279)
  n2: 158928 0x228994: NTL::BasicBlockConstruct(NTL::ZZ_p*, long, long) (ZZ.h:1041)
   n1: 157080 0x228A36: NTL::BlockConstructFromVec(NTL::ZZ_p*, long, NTL::ZZ_p const*) (vec_ZZ_p.cpp:43)
    n0: 157080 0x16C17C: void NTL::VecStrategy<true>::do_BlockConstructFromVec<NTL::ZZ_p>(NTL::ZZ_p*, long, NTL::ZZ_p const*) (in /home/reti/dongHyeon/Function-hiding-IPE/build/bin/p-norm-ipe-test)
   n0: 1848 in 1 place, below massif's threshold (1.00%)
 n0: 20224 0x48F4F42: ??? (in /usr/lib/arm-linux-gnueabihf/libstdc++.so.6.0.26)
 n0: 16512 0x16B152: NTL::Vec<NTL::ZZ_p>::AllocateTo(long) (in /home/reti/dongHyeon/Function-hiding-IPE/build/bin/p-norm-ipe-test)
 n0: 6048 0x16AD2E: mcl::Array<mcl::EcT<mcl::FpT<mcl::bn::local::FpTag, 384u> > >::resize(unsigned int) (in /home/reti/dongHyeon/Function-hiding-IPE/build/bin/p-norm-ipe-test)
 n0: 5820 in 50 places, all below massif's threshold (1.00%)
 n0: 2940 0x24B84C: __gmp_default_reallocate (in /home/reti/dongHyeon/Function-hiding-IPE/build/bin/p-norm-ipe-test)
#-----------
snapshot=32
#-----------
time=133956667
mem_heap_B=210472
mem_heap_extra_B=3208
mem_stacks_B=0
heap_tree=empty
#-----------
snapshot=33
#-----------
time=136329799
mem_heap_B=210472
mem_heap_extra_B=3208
mem_stacks_B=0
heap_tree=empty
#-----------
snapshot=34
#-----------
time=140901590
mem_heap_B=210472
mem_heap_extra_B=3208
mem_stacks_B=0
heap_tree=empty
#-----------
snapshot=35
#-----------
time=143276735
mem_heap_B=210472
mem_heap_extra_B=3208
mem_stacks_B=0
heap_tree=empty
#-----------
snapshot=36
#-----------
time=147921146
mem_heap_B=210472
mem_heap_extra_B=3208
mem_stacks_B=0
heap_tree=empty
#-----------
snapshot=37
#-----------
time=152462082
mem_heap_B=210472
mem_heap_extra_B=3208
mem_stacks_B=0
heap_tree=detailed
n6: 210472 (heap allocation functions) malloc/new/new[], --alloc-fns, etc.
 n1: 158928 0x20664E: _ntl_gblock_construct_alloc(_ntl_gbigint_body**, long, long) (lip.cpp:6279)
  n2: 158928 0x228994: NTL::BasicBlockConstruct(NTL::ZZ_p*, long, long) (ZZ.h:1041)
   n1: 157080 0x228A36: NTL::BlockConstructFromVec(NTL::ZZ_p*, long, NTL::ZZ_p const*) (vec_ZZ_p.cpp:43)
    n0: 157080 0x16C17C: void NTL::VecStrategy<true>::do_BlockConstructFromVec<NTL::ZZ_p>(NTL::ZZ_p*, long, NTL::ZZ_p const*) (in /home/reti/dongHyeon/Function-hiding-IPE/build/bin/p-norm-ipe-test)
   n0: 1848 in 1 place, below massif's threshold (1.00%)
 n0: 20224 0x48F4F42: ??? (in /usr/lib/arm-linux-gnueabihf/libstdc++.so.6.0.26)
 n0: 16512 0x16B152: NTL::Vec<NTL::ZZ_p>::AllocateTo(long) (in /home/reti/dongHyeon/Function-hiding-IPE/build/bin/p-norm-ipe-test)
 n0: 6048 0x16AD2E: mcl::Array<mcl::EcT<mcl::FpT<mcl::bn::local::FpTag, 384u> > >::resize(unsigned int) (in /home/reti/dongHyeon/Function-hiding-IPE/build/bin/p-norm-ipe-test)
 n0: 5820 in 50 places, all below massif's threshold (1.00%)
 n0: 2940 0x24B84C: __gmp_default_reallocate (in /home/reti/dongHyeon/Function-hiding-IPE/build/bin/p-norm-ipe-test)
#-----------
snapshot=38
#-----------
time=155162845
mem_heap_B=210364
mem_heap_extra_B=3188
mem_stacks_B=0
heap_tree=empty
#-----------
snapshot=39
#-----------
time=159829072
mem_heap_B=210472
mem_heap_extra_B=3208
mem_stacks_B=0
heap_tree=empty
#-----------
snapshot=40
#-----------
time=164435428
mem_heap_B=210472
mem_heap_extra_B=3208
mem_stacks_B=0
heap_tree=empty
#-----------
snapshot=41
#-----------
time=168957253
mem_heap_B=210472
mem_heap_extra_B=3208
mem_stacks_B=0
heap_tree=empty
#-----------
snapshot=42
#-----------
time=173565487
mem_heap_B=210472
mem_heap_extra_B=3208
mem_stacks_B=0
heap_tree=empty
#-----------
snapshot=43
#-----------
time=178234390
mem_heap_B=210472
mem_heap_extra_B=3208
mem_stacks_B=0
heap_tree=empty
#-----------
snapshot=44
#-----------
time=180935128
mem_heap_B=210364
mem_heap_extra_B=3188
mem_stacks_B=0
heap_tree=empty
#-----------
snapshot=45
#-----------
time=185675684
mem_heap_B=210472
mem_heap_extra_B=3208
mem_stacks_B=0
heap_tree=empty
#-----------
snapshot=46
#-----------
time=190306763
mem_heap_B=210472
mem_heap_extra_B=3208
mem_stacks_B=0
heap_tree=empty
#-----------
snapshot=47
#-----------
time=192617308
mem_heap_B=210472
mem_heap_extra_B=3208
mem_stacks_B=0
heap_tree=empty
#-----------
snapshot=48
#-----------
time=197206496
mem_heap_B=210472
mem_heap_extra_B=3208
mem_stacks_B=0
heap_tree=empty
#-----------
snapshot=49
#-----------
time=201656098
mem_heap_B=210472
mem_heap_extra_B=3208
mem_stacks_B=0
heap_tree=empty
#-----------
snapshot=50
#-----------
time=203929533
mem_heap_B=210472
mem_heap_extra_B=3208
mem_stacks_B=0
heap_tree=empty
#-----------
snapshot=51
#-----------
time=206630289
mem_heap_B=216408
mem_heap_extra_B=3184
mem_stacks_B=0
heap_tree=empty
