desc: --massif-out-file=keygen/memory-128-10-2.log
cmd: ./p-norm-ipe-test keygen 128 10 2
time_unit: i
#-----------
snapshot=0
#-----------
time=0
mem_heap_B=0
mem_heap_extra_B=0
mem_stacks_B=0
heap_tree=empty
#-----------
snapshot=1
#-----------
time=11028434
mem_heap_B=33213
mem_heap_extra_B=771
mem_stacks_B=0
heap_tree=detailed
n8: 33213 (heap allocation functions) malloc/new/new[], --alloc-fns, etc.
 n0: 20224 0x48F4F42: ??? (in /usr/lib/arm-linux-gnueabihf/libstdc++.so.6.0.26)
 n1: 8192 0x493D6C6: std::basic_filebuf<char, std::char_traits<char> >::_M_allocate_internal_buffer() (in /usr/lib/arm-linux-gnueabihf/libstdc++.so.6.0.26)
  n1: 8192 0x493FFE2: std::basic_filebuf<char, std::char_traits<char> >::open(char const*, std::_Ios_Openmode) (in /usr/lib/arm-linux-gnueabihf/libstdc++.so.6.0.26)
   n0: 8192 0x49409EA: std::basic_ifstream<char, std::char_traits<char> >::basic_ifstream(std::__cxx11::basic_string<char, std::char_traits<char>, std::allocator<char> > const&, std::_Ios_Openmode) (in /usr/lib/arm-linux-gnueabihf/libstdc++.so.6.0.26)
 n0: 2700 0x24B812: __gmp_default_allocate (in /home/reti/dongHyeon/Function-hiding-IPE/build/bin/p-norm-ipe-test)
 n1: 520 0x4ADE1F0: __new_exitfn (cxa_atexit.c:114)
  n1: 520 0x4ADE264: __internal_atexit (cxa_atexit.c:44)
   n0: 520 0x251574: __libc_csu_init (in /home/reti/dongHyeon/Function-hiding-IPE/build/bin/p-norm-ipe-test)
 n1: 513 0x49658F2: std::__cxx11::basic_string<char, std::char_traits<char>, std::allocator<char> >::reserve(unsigned int) (in /usr/lib/arm-linux-gnueabihf/libstdc++.so.6.0.26)
  n0: 513 0x495D556: std::__cxx11::basic_stringbuf<char, std::char_traits<char>, std::allocator<char> >::overflow(int) (in /usr/lib/arm-linux-gnueabihf/libstdc++.so.6.0.26)
 n0: 512 0x16CBF4: __gnu_cxx::new_allocator<long>::allocate(unsigned int, void const*) (in /home/reti/dongHyeon/Function-hiding-IPE/build/bin/p-norm-ipe-test)
 n1: 352 0x4AFE6FA: __fopen_internal (iofopen.c:65)
  n1: 352 0x490F2C6: std::__basic_file<char>::open(char const*, std::_Ios_Openmode, int) (in /usr/lib/arm-linux-gnueabihf/libstdc++.so.6.0.26)
   n1: 352 0x493FFD4: std::basic_filebuf<char, std::char_traits<char> >::open(char const*, std::_Ios_Openmode) (in /usr/lib/arm-linux-gnueabihf/libstdc++.so.6.0.26)
    n0: 352 0x49409EA: std::basic_ifstream<char, std::char_traits<char> >::basic_ifstream(std::__cxx11::basic_string<char, std::char_traits<char>, std::allocator<char> > const&, std::_Ios_Openmode) (in /usr/lib/arm-linux-gnueabihf/libstdc++.so.6.0.26)
 n0: 200 in 6 places, all below massif's threshold (1.00%)
#-----------
snapshot=2
#-----------
time=25930740
mem_heap_B=51329
mem_heap_extra_B=903
mem_stacks_B=0
heap_tree=empty
#-----------
snapshot=3
#-----------
time=42575290
mem_heap_B=110097
mem_heap_extra_B=1055
mem_stacks_B=0
heap_tree=empty
#-----------
snapshot=4
#-----------
time=53223230
mem_heap_B=147681
mem_heap_extra_B=1151
mem_stacks_B=0
heap_tree=empty
#-----------
snapshot=5
#-----------
time=69185750
mem_heap_B=204057
mem_heap_extra_B=1295
mem_stacks_B=0
heap_tree=empty
#-----------
snapshot=6
#-----------
time=80927147
mem_heap_B=252513
mem_heap_extra_B=1423
mem_stacks_B=0
heap_tree=detailed
n5: 252513 (heap allocation functions) malloc/new/new[], --alloc-fns, etc.
 n1: 201080 0x20664E: _ntl_gblock_construct_alloc(_ntl_gbigint_body**, long, long) (lip.cpp:6279)
  n2: 201080 0x228994: NTL::BasicBlockConstruct(NTL::ZZ_p*, long, long) (ZZ.h:1041)
   n1: 194480 0x228A36: NTL::BlockConstructFromVec(NTL::ZZ_p*, long, NTL::ZZ_p const*) (vec_ZZ_p.cpp:43)
    n0: 194480 0x16C17C: void NTL::VecStrategy<true>::do_BlockConstructFromVec<NTL::ZZ_p>(NTL::ZZ_p*, long, NTL::ZZ_p const*) (in /home/reti/dongHyeon/Function-hiding-IPE/build/bin/p-norm-ipe-test)
   n0: 6600 0x16C5A0: void NTL::VecStrategy<true>::do_BlockConstruct<NTL::ZZ_p>(NTL::ZZ_p*, long) (in /home/reti/dongHyeon/Function-hiding-IPE/build/bin/p-norm-ipe-test)
 n0: 20224 0x48F4F42: ??? (in /usr/lib/arm-linux-gnueabihf/libstdc++.so.6.0.26)
 n0: 18496 0x16B152: NTL::Vec<NTL::ZZ_p>::AllocateTo(long) (in /home/reti/dongHyeon/Function-hiding-IPE/build/bin/p-norm-ipe-test)
 n1: 8192 0x493D6C6: std::basic_filebuf<char, std::char_traits<char> >::_M_allocate_internal_buffer() (in /usr/lib/arm-linux-gnueabihf/libstdc++.so.6.0.26)
  n1: 8192 0x493FFE2: std::basic_filebuf<char, std::char_traits<char> >::open(char const*, std::_Ios_Openmode) (in /usr/lib/arm-linux-gnueabihf/libstdc++.so.6.0.26)
   n0: 8192 0x49409EA: std::basic_ifstream<char, std::char_traits<char> >::basic_ifstream(std::__cxx11::basic_string<char, std::char_traits<char>, std::allocator<char> > const&, std::_Ios_Openmode) (in /usr/lib/arm-linux-gnueabihf/libstdc++.so.6.0.26)
 n0: 4521 in 24 places, all below massif's threshold (1.00%)
#-----------
snapshot=7
#-----------
time=93345127
mem_heap_B=296361
mem_heap_extra_B=1535
mem_stacks_B=0
heap_tree=detailed
n5: 296361 (heap allocation functions) malloc/new/new[], --alloc-fns, etc.
 n1: 241120 0x20664E: _ntl_gblock_construct_alloc(_ntl_gbigint_body**, long, long) (lip.cpp:6279)
  n2: 241120 0x228994: NTL::BasicBlockConstruct(NTL::ZZ_p*, long, long) (ZZ.h:1041)
   n1: 234520 0x228A36: NTL::BlockConstructFromVec(NTL::ZZ_p*, long, NTL::ZZ_p const*) (vec_ZZ_p.cpp:43)
    n0: 234520 0x16C17C: void NTL::VecStrategy<true>::do_BlockConstructFromVec<NTL::ZZ_p>(NTL::ZZ_p*, long, NTL::ZZ_p const*) (in /home/reti/dongHyeon/Function-hiding-IPE/build/bin/p-norm-ipe-test)
   n0: 6600 0x16C5A0: void NTL::VecStrategy<true>::do_BlockConstruct<NTL::ZZ_p>(NTL::ZZ_p*, long) (in /home/reti/dongHyeon/Function-hiding-IPE/build/bin/p-norm-ipe-test)
 n0: 22304 0x16B152: NTL::Vec<NTL::ZZ_p>::AllocateTo(long) (in /home/reti/dongHyeon/Function-hiding-IPE/build/bin/p-norm-ipe-test)
 n0: 20224 0x48F4F42: ??? (in /usr/lib/arm-linux-gnueabihf/libstdc++.so.6.0.26)
 n1: 8192 0x493D6C6: std::basic_filebuf<char, std::char_traits<char> >::_M_allocate_internal_buffer() (in /usr/lib/arm-linux-gnueabihf/libstdc++.so.6.0.26)
  n1: 8192 0x493FFE2: std::basic_filebuf<char, std::char_traits<char> >::open(char const*, std::_Ios_Openmode) (in /usr/lib/arm-linux-gnueabihf/libstdc++.so.6.0.26)
   n0: 8192 0x49409EA: std::basic_ifstream<char, std::char_traits<char> >::basic_ifstream(std::__cxx11::basic_string<char, std::char_traits<char>, std::allocator<char> > const&, std::_Ios_Openmode) (in /usr/lib/arm-linux-gnueabihf/libstdc++.so.6.0.26)
 n0: 4521 in 24 places, all below massif's threshold (1.00%)
#-----------
snapshot=8
#-----------
time=103992937
mem_heap_B=333945
mem_heap_extra_B=1631
mem_stacks_B=0
heap_tree=detailed
n5: 333945 (heap allocation functions) malloc/new/new[], --alloc-fns, etc.
 n1: 275440 0x20664E: _ntl_gblock_construct_alloc(_ntl_gbigint_body**, long, long) (lip.cpp:6279)
  n2: 275440 0x228994: NTL::BasicBlockConstruct(NTL::ZZ_p*, long, long) (ZZ.h:1041)
   n1: 268840 0x228A36: NTL::BlockConstructFromVec(NTL::ZZ_p*, long, NTL::ZZ_p const*) (vec_ZZ_p.cpp:43)
    n0: 268840 0x16C17C: void NTL::VecStrategy<true>::do_BlockConstructFromVec<NTL::ZZ_p>(NTL::ZZ_p*, long, NTL::ZZ_p const*) (in /home/reti/dongHyeon/Function-hiding-IPE/build/bin/p-norm-ipe-test)
   n0: 6600 0x16C5A0: void NTL::VecStrategy<true>::do_BlockConstruct<NTL::ZZ_p>(NTL::ZZ_p*, long) (in /home/reti/dongHyeon/Function-hiding-IPE/build/bin/p-norm-ipe-test)
 n0: 25568 0x16B152: NTL::Vec<NTL::ZZ_p>::AllocateTo(long) (in /home/reti/dongHyeon/Function-hiding-IPE/build/bin/p-norm-ipe-test)
 n0: 20224 0x48F4F42: ??? (in /usr/lib/arm-linux-gnueabihf/libstdc++.so.6.0.26)
 n1: 8192 0x493D6C6: std::basic_filebuf<char, std::char_traits<char> >::_M_allocate_internal_buffer() (in /usr/lib/arm-linux-gnueabihf/libstdc++.so.6.0.26)
  n1: 8192 0x493FFE2: std::basic_filebuf<char, std::char_traits<char> >::open(char const*, std::_Ios_Openmode) (in /usr/lib/arm-linux-gnueabihf/libstdc++.so.6.0.26)
   n0: 8192 0x49409EA: std::basic_ifstream<char, std::char_traits<char> >::basic_ifstream(std::__cxx11::basic_string<char, std::char_traits<char>, std::allocator<char> > const&, std::_Ios_Openmode) (in /usr/lib/arm-linux-gnueabihf/libstdc++.so.6.0.26)
 n0: 4521 in 24 places, all below massif's threshold (1.00%)
#-----------
snapshot=9
#-----------
time=122416137
mem_heap_B=392169
mem_heap_extra_B=1775
mem_stacks_B=0
heap_tree=empty
#-----------
snapshot=10
#-----------
time=141260218
mem_heap_B=465681
mem_heap_extra_B=1967
mem_stacks_B=0
heap_tree=detailed
n5: 465681 (heap allocation functions) malloc/new/new[], --alloc-fns, etc.
 n1: 395560 0x20664E: _ntl_gblock_construct_alloc(_ntl_gbigint_body**, long, long) (lip.cpp:6279)
  n2: 395560 0x228994: NTL::BasicBlockConstruct(NTL::ZZ_p*, long, long) (ZZ.h:1041)
   n1: 388960 0x228A36: NTL::BlockConstructFromVec(NTL::ZZ_p*, long, NTL::ZZ_p const*) (vec_ZZ_p.cpp:43)
    n0: 388960 0x16C17C: void NTL::VecStrategy<true>::do_BlockConstructFromVec<NTL::ZZ_p>(NTL::ZZ_p*, long, NTL::ZZ_p const*) (in /home/reti/dongHyeon/Function-hiding-IPE/build/bin/p-norm-ipe-test)
   n0: 6600 0x16C5A0: void NTL::VecStrategy<true>::do_BlockConstruct<NTL::ZZ_p>(NTL::ZZ_p*, long) (in /home/reti/dongHyeon/Function-hiding-IPE/build/bin/p-norm-ipe-test)
 n0: 36992 0x16B152: NTL::Vec<NTL::ZZ_p>::AllocateTo(long) (in /home/reti/dongHyeon/Function-hiding-IPE/build/bin/p-norm-ipe-test)
 n0: 20224 0x48F4F42: ??? (in /usr/lib/arm-linux-gnueabihf/libstdc++.so.6.0.26)
 n1: 8192 0x493D6C6: std::basic_filebuf<char, std::char_traits<char> >::_M_allocate_internal_buffer() (in /usr/lib/arm-linux-gnueabihf/libstdc++.so.6.0.26)
  n1: 8192 0x493FFE2: std::basic_filebuf<char, std::char_traits<char> >::open(char const*, std::_Ios_Openmode) (in /usr/lib/arm-linux-gnueabihf/libstdc++.so.6.0.26)
   n0: 8192 0x49409EA: std::basic_ifstream<char, std::char_traits<char> >::basic_ifstream(std::__cxx11::basic_string<char, std::char_traits<char>, std::allocator<char> > const&, std::_Ios_Openmode) (in /usr/lib/arm-linux-gnueabihf/libstdc++.so.6.0.26)
 n0: 4713 in 25 places, all below massif's threshold (1.00%)
#-----------
snapshot=11
#-----------
time=156126340
mem_heap_B=511185
mem_heap_extra_B=2079
mem_stacks_B=0
heap_tree=empty
#-----------
snapshot=12
#-----------
time=165000002
mem_heap_B=542505
mem_heap_extra_B=2159
mem_stacks_B=0
heap_tree=empty
#-----------
snapshot=13
#-----------
time=180286038
mem_heap_B=603489
mem_heap_extra_B=2319
mem_stacks_B=0
heap_tree=detailed
n5: 603489 (heap allocation functions) malloc/new/new[], --alloc-fns, etc.
 n1: 521400 0x20664E: _ntl_gblock_construct_alloc(_ntl_gbigint_body**, long, long) (lip.cpp:6279)
  n2: 521400 0x228994: NTL::BasicBlockConstruct(NTL::ZZ_p*, long, long) (ZZ.h:1041)
   n1: 514800 0x228A36: NTL::BlockConstructFromVec(NTL::ZZ_p*, long, NTL::ZZ_p const*) (vec_ZZ_p.cpp:43)
    n0: 514800 0x16C17C: void NTL::VecStrategy<true>::do_BlockConstructFromVec<NTL::ZZ_p>(NTL::ZZ_p*, long, NTL::ZZ_p const*) (in /home/reti/dongHyeon/Function-hiding-IPE/build/bin/p-norm-ipe-test)
   n0: 6600 0x16C5A0: void NTL::VecStrategy<true>::do_BlockConstruct<NTL::ZZ_p>(NTL::ZZ_p*, long) (in /home/reti/dongHyeon/Function-hiding-IPE/build/bin/p-norm-ipe-test)
 n0: 48960 0x16B152: NTL::Vec<NTL::ZZ_p>::AllocateTo(long) (in /home/reti/dongHyeon/Function-hiding-IPE/build/bin/p-norm-ipe-test)
 n0: 20224 0x48F4F42: ??? (in /usr/lib/arm-linux-gnueabihf/libstdc++.so.6.0.26)
 n1: 8192 0x493D6C6: std::basic_filebuf<char, std::char_traits<char> >::_M_allocate_internal_buffer() (in /usr/lib/arm-linux-gnueabihf/libstdc++.so.6.0.26)
  n1: 8192 0x493FFE2: std::basic_filebuf<char, std::char_traits<char> >::open(char const*, std::_Ios_Openmode) (in /usr/lib/arm-linux-gnueabihf/libstdc++.so.6.0.26)
   n0: 8192 0x49409EA: std::basic_ifstream<char, std::char_traits<char> >::basic_ifstream(std::__cxx11::basic_string<char, std::char_traits<char>, std::allocator<char> > const&, std::_Ios_Openmode) (in /usr/lib/arm-linux-gnueabihf/libstdc++.so.6.0.26)
 n0: 4713 in 25 places, all below massif's threshold (1.00%)
#-----------
snapshot=14
#-----------
time=188739802
mem_heap_B=626345
mem_heap_extra_B=2375
mem_stacks_B=0
heap_tree=empty
#-----------
snapshot=15
#-----------
time=208679209
mem_heap_B=703921
mem_heap_extra_B=2575
mem_stacks_B=0
heap_tree=detailed
n5: 703921 (heap allocation functions) malloc/new/new[], --alloc-fns, etc.
 n1: 612920 0x20664E: _ntl_gblock_construct_alloc(_ntl_gbigint_body**, long, long) (lip.cpp:6279)
  n2: 612920 0x228994: NTL::BasicBlockConstruct(NTL::ZZ_p*, long, long) (ZZ.h:1041)
   n1: 606320 0x228A36: NTL::BlockConstructFromVec(NTL::ZZ_p*, long, NTL::ZZ_p const*) (vec_ZZ_p.cpp:43)
    n0: 606320 0x16C17C: void NTL::VecStrategy<true>::do_BlockConstructFromVec<NTL::ZZ_p>(NTL::ZZ_p*, long, NTL::ZZ_p const*) (in /home/reti/dongHyeon/Function-hiding-IPE/build/bin/p-norm-ipe-test)
   n0: 6600 in 1 place, below massif's threshold (1.00%)
 n0: 57664 0x16B152: NTL::Vec<NTL::ZZ_p>::AllocateTo(long) (in /home/reti/dongHyeon/Function-hiding-IPE/build/bin/p-norm-ipe-test)
 n0: 20224 0x48F4F42: ??? (in /usr/lib/arm-linux-gnueabihf/libstdc++.so.6.0.26)
 n1: 8192 0x493D6C6: std::basic_filebuf<char, std::char_traits<char> >::_M_allocate_internal_buffer() (in /usr/lib/arm-linux-gnueabihf/libstdc++.so.6.0.26)
  n1: 8192 0x493FFE2: std::basic_filebuf<char, std::char_traits<char> >::open(char const*, std::_Ios_Openmode) (in /usr/lib/arm-linux-gnueabihf/libstdc++.so.6.0.26)
   n0: 8192 0x49409EA: std::basic_ifstream<char, std::char_traits<char> >::basic_ifstream(std::__cxx11::basic_string<char, std::char_traits<char>, std::allocator<char> > const&, std::_Ios_Openmode) (in /usr/lib/arm-linux-gnueabihf/libstdc++.so.6.0.26)
 n0: 4921 in 25 places, all below massif's threshold (1.00%)
#-----------
snapshot=16
#-----------
time=231327180
mem_heap_B=776889
mem_heap_extra_B=2759
mem_stacks_B=0
heap_tree=empty
#-----------
snapshot=17
#-----------
time=245522456
mem_heap_B=827001
mem_heap_extra_B=2887
mem_stacks_B=0
heap_tree=empty
#-----------
snapshot=18
#-----------
time=265834505
mem_heap_B=881113
mem_heap_extra_B=3031
mem_stacks_B=0
heap_tree=empty
#-----------
snapshot=19
#-----------
time=285350101
mem_heap_B=950017
mem_heap_extra_B=3207
mem_stacks_B=0
heap_tree=empty
#-----------
snapshot=20
#-----------
time=305547506
mem_heap_B=1021329
mem_heap_extra_B=3399
mem_stacks_B=0
heap_tree=empty
#-----------
snapshot=21
#-----------
time=317962379
mem_heap_B=1065177
mem_heap_extra_B=3511
mem_stacks_B=0
heap_tree=empty
#-----------
snapshot=22
#-----------
time=334347493
mem_heap_B=1123017
mem_heap_extra_B=3647
mem_stacks_B=0
heap_tree=empty
#-----------
snapshot=23
#-----------
time=343893425
mem_heap_B=1156729
mem_heap_extra_B=3735
mem_stacks_B=0
heap_tree=empty
#-----------
snapshot=24
#-----------
time=362313525
mem_heap_B=1221969
mem_heap_extra_B=3911
mem_stacks_B=0
heap_tree=empty
#-----------
snapshot=25
#-----------
time=383611010
mem_heap_B=1297137
mem_heap_extra_B=4103
mem_stacks_B=0
heap_tree=empty
#-----------
snapshot=26
#-----------
time=396028480
mem_heap_B=1340985
mem_heap_extra_B=4215
mem_stacks_B=0
heap_tree=empty
#-----------
snapshot=27
#-----------
time=416650451
mem_heap_B=1413745
mem_heap_extra_B=4391
mem_stacks_B=0
heap_tree=empty
#-----------
snapshot=28
#-----------
time=437942034
mem_heap_B=1491321
mem_heap_extra_B=4591
mem_stacks_B=0
heap_tree=empty
#-----------
snapshot=29
#-----------
time=453912240
mem_heap_B=1545497
mem_heap_extra_B=4727
mem_stacks_B=0
heap_tree=empty
#-----------
snapshot=30
#-----------
time=466332674
mem_heap_B=1589345
mem_heap_extra_B=4839
mem_stacks_B=0
heap_tree=empty
#-----------
snapshot=31
#-----------
time=478750624
mem_heap_B=1633193
mem_heap_extra_B=4951
mem_stacks_B=0
heap_tree=empty
#-----------
snapshot=32
#-----------
time=495519938
mem_heap_B=3292057
mem_heap_extra_B=9207
mem_stacks_B=0
heap_tree=peak
n3: 3292057 (heap allocation functions) malloc/new/new[], --alloc-fns, etc.
 n1: 2974400 0x20664E: _ntl_gblock_construct_alloc(_ntl_gbigint_body**, long, long) (lip.cpp:6279)
  n2: 2974400 0x228994: NTL::BasicBlockConstruct(NTL::ZZ_p*, long, long) (ZZ.h:1041)
   n0: 1487200 0x16C5A0: void NTL::VecStrategy<true>::do_BlockConstruct<NTL::ZZ_p>(NTL::ZZ_p*, long) (in /home/reti/dongHyeon/Function-hiding-IPE/build/bin/p-norm-ipe-test)
   n1: 1487200 0x228A36: NTL::BlockConstructFromVec(NTL::ZZ_p*, long, NTL::ZZ_p const*) (vec_ZZ_p.cpp:43)
    n0: 1487200 0x16C17C: void NTL::VecStrategy<true>::do_BlockConstructFromVec<NTL::ZZ_p>(NTL::ZZ_p*, long, NTL::ZZ_p const*) (in /home/reti/dongHyeon/Function-hiding-IPE/build/bin/p-norm-ipe-test)
 n0: 282880 0x16B152: NTL::Vec<NTL::ZZ_p>::AllocateTo(long) (in /home/reti/dongHyeon/Function-hiding-IPE/build/bin/p-norm-ipe-test)
 n0: 34777 in 28 places, all below massif's threshold (1.00%)
#-----------
snapshot=33
#-----------
time=515198957
mem_heap_B=1694169
mem_heap_extra_B=7183
mem_stacks_B=0
heap_tree=empty
#-----------
snapshot=34
#-----------
time=534101936
mem_heap_B=1694173
mem_heap_extra_B=7195
mem_stacks_B=0
heap_tree=empty
#-----------
snapshot=35
#-----------
time=554895984
mem_heap_B=1694281
mem_heap_extra_B=7215
mem_stacks_B=0
heap_tree=empty
#-----------
snapshot=36
#-----------
time=575540535
mem_heap_B=1694281
mem_heap_extra_B=7215
mem_stacks_B=0
heap_tree=empty
#-----------
snapshot=37
#-----------
time=596246553
mem_heap_B=1694281
mem_heap_extra_B=7215
mem_stacks_B=0
heap_tree=empty
#-----------
snapshot=38
#-----------
time=610070517
mem_heap_B=1694281
mem_heap_extra_B=7215
mem_stacks_B=0
heap_tree=empty
#-----------
snapshot=39
#-----------
time=631103876
mem_heap_B=1694281
mem_heap_extra_B=7215
mem_stacks_B=0
heap_tree=empty
#-----------
snapshot=40
#-----------
time=651788536
mem_heap_B=1694281
mem_heap_extra_B=7215
mem_stacks_B=0
heap_tree=detailed
n5: 1694281 (heap allocation functions) malloc/new/new[], --alloc-fns, etc.
 n1: 1498640 0x20664E: _ntl_gblock_construct_alloc(_ntl_gbigint_body**, long, long) (lip.cpp:6279)
  n2: 1498640 0x228994: NTL::BasicBlockConstruct(NTL::ZZ_p*, long, long) (ZZ.h:1041)
   n1: 1492920 0x228A36: NTL::BlockConstructFromVec(NTL::ZZ_p*, long, NTL::ZZ_p const*) (vec_ZZ_p.cpp:43)
    n0: 1492920 0x16C17C: void NTL::VecStrategy<true>::do_BlockConstructFromVec<NTL::ZZ_p>(NTL::ZZ_p*, long, NTL::ZZ_p const*) (in /home/reti/dongHyeon/Function-hiding-IPE/build/bin/p-norm-ipe-test)
   n0: 5720 in 1 place, below massif's threshold (1.00%)
 n0: 142528 0x16B152: NTL::Vec<NTL::ZZ_p>::AllocateTo(long) (in /home/reti/dongHyeon/Function-hiding-IPE/build/bin/p-norm-ipe-test)
 n0: 20224 0x48F4F42: ??? (in /usr/lib/arm-linux-gnueabihf/libstdc++.so.6.0.26)
 n0: 18720 0x16AD2E: mcl::Array<mcl::EcT<mcl::FpT<mcl::bn::local::FpTag, 384u> > >::resize(unsigned int) (in /home/reti/dongHyeon/Function-hiding-IPE/build/bin/p-norm-ipe-test)
 n0: 14169 in 53 places, all below massif's threshold (1.00%)
#-----------
snapshot=41
#-----------
time=665532499
mem_heap_B=1694281
mem_heap_extra_B=7215
mem_stacks_B=0
heap_tree=empty
#-----------
snapshot=42
#-----------
time=679503553
mem_heap_B=1694281
mem_heap_extra_B=7215
mem_stacks_B=0
heap_tree=empty
#-----------
snapshot=43
#-----------
time=693735326
mem_heap_B=1694281
mem_heap_extra_B=7215
mem_stacks_B=0
heap_tree=empty
#-----------
snapshot=44
#-----------
time=707452720
mem_heap_B=1694281
mem_heap_extra_B=7215
mem_stacks_B=0
heap_tree=empty
#-----------
snapshot=45
#-----------
time=728015230
mem_heap_B=1694281
mem_heap_extra_B=7215
mem_stacks_B=0
heap_tree=empty
#-----------
snapshot=46
#-----------
time=748654048
mem_heap_B=1694281
mem_heap_extra_B=7215
mem_stacks_B=0
heap_tree=empty
#-----------
snapshot=47
#-----------
time=769736699
mem_heap_B=1694281
mem_heap_extra_B=7215
mem_stacks_B=0
heap_tree=empty
#-----------
snapshot=48
#-----------
time=783660142
mem_heap_B=1694281
mem_heap_extra_B=7215
mem_stacks_B=0
heap_tree=empty
#-----------
snapshot=49
#-----------
time=804271803
mem_heap_B=1694281
mem_heap_extra_B=7215
mem_stacks_B=0
heap_tree=empty
#-----------
snapshot=50
#-----------
time=813487477
mem_heap_B=1694281
mem_heap_extra_B=7215
mem_stacks_B=0
heap_tree=empty
#-----------
snapshot=51
#-----------
time=822555011
mem_heap_B=1694281
mem_heap_extra_B=7215
mem_stacks_B=0
heap_tree=empty
#-----------
snapshot=52
#-----------
time=831818275
mem_heap_B=1694281
mem_heap_extra_B=7215
mem_stacks_B=0
heap_tree=empty
#-----------
snapshot=53
#-----------
time=841022588
mem_heap_B=1694281
mem_heap_extra_B=7215
mem_stacks_B=0
heap_tree=empty
