desc: --massif-out-file=keygen/memory-32-10-2.log
cmd: ./p-norm-ipe-test keygen 32 10 2
time_unit: i
#-----------
snapshot=0
#-----------
time=0
mem_heap_B=0
mem_heap_extra_B=0
mem_stacks_B=0
heap_tree=empty
#-----------
snapshot=1
#-----------
time=2979793
mem_heap_B=32800
mem_heap_extra_B=8
mem_stacks_B=0
heap_tree=empty
#-----------
snapshot=2
#-----------
time=3491652
mem_heap_B=32829
mem_heap_extra_B=771
mem_stacks_B=0
heap_tree=empty
#-----------
snapshot=3
#-----------
time=11016897
mem_heap_B=32829
mem_heap_extra_B=771
mem_stacks_B=0
heap_tree=detailed
n7: 32829 (heap allocation functions) malloc/new/new[], --alloc-fns, etc.
 n0: 20224 0x48F4F42: ??? (in /usr/lib/arm-linux-gnueabihf/libstdc++.so.6.0.26)
 n1: 8192 0x493D6C6: std::basic_filebuf<char, std::char_traits<char> >::_M_allocate_internal_buffer() (in /usr/lib/arm-linux-gnueabihf/libstdc++.so.6.0.26)
  n1: 8192 0x493FFE2: std::basic_filebuf<char, std::char_traits<char> >::open(char const*, std::_Ios_Openmode) (in /usr/lib/arm-linux-gnueabihf/libstdc++.so.6.0.26)
   n0: 8192 0x49409EA: std::basic_ifstream<char, std::char_traits<char> >::basic_ifstream(std::__cxx11::basic_string<char, std::char_traits<char>, std::allocator<char> > const&, std::_Ios_Openmode) (in /usr/lib/arm-linux-gnueabihf/libstdc++.so.6.0.26)
 n0: 2700 0x24B812: __gmp_default_allocate (in /home/reti/dongHyeon/Function-hiding-IPE/build/bin/p-norm-ipe-test)
 n1: 520 0x4ADE1F0: __new_exitfn (cxa_atexit.c:114)
  n1: 520 0x4ADE264: __internal_atexit (cxa_atexit.c:44)
   n0: 520 0x251574: __libc_csu_init (in /home/reti/dongHyeon/Function-hiding-IPE/build/bin/p-norm-ipe-test)
 n1: 513 0x49658F2: std::__cxx11::basic_string<char, std::char_traits<char>, std::allocator<char> >::reserve(unsigned int) (in /usr/lib/arm-linux-gnueabihf/libstdc++.so.6.0.26)
  n0: 513 0x495D556: std::__cxx11::basic_stringbuf<char, std::char_traits<char>, std::allocator<char> >::overflow(int) (in /usr/lib/arm-linux-gnueabihf/libstdc++.so.6.0.26)
 n1: 352 0x4AFE6FA: __fopen_internal (iofopen.c:65)
  n1: 352 0x490F2C6: std::__basic_file<char>::open(char const*, std::_Ios_Openmode, int) (in /usr/lib/arm-linux-gnueabihf/libstdc++.so.6.0.26)
   n1: 352 0x493FFD4: std::basic_filebuf<char, std::char_traits<char> >::open(char const*, std::_Ios_Openmode) (in /usr/lib/arm-linux-gnueabihf/libstdc++.so.6.0.26)
    n0: 352 0x49409EA: std::basic_ifstream<char, std::char_traits<char> >::basic_ifstream(std::__cxx11::basic_string<char, std::char_traits<char>, std::allocator<char> > const&, std::_Ios_Openmode) (in /usr/lib/arm-linux-gnueabihf/libstdc++.so.6.0.26)
 n0: 328 in 7 places, all below massif's threshold (1.00%)
#-----------
snapshot=4
#-----------
time=11511673
mem_heap_B=33109
mem_heap_extra_B=755
mem_stacks_B=0
heap_tree=empty
#-----------
snapshot=5
#-----------
time=18183976
mem_heap_B=30609
mem_heap_extra_B=743
mem_stacks_B=0
heap_tree=empty
#-----------
snapshot=6
#-----------
time=19486110
mem_heap_B=30833
mem_heap_extra_B=727
mem_stacks_B=0
heap_tree=empty
#-----------
snapshot=7
#-----------
time=20597055
mem_heap_B=32153
mem_heap_extra_B=855
mem_stacks_B=0
heap_tree=empty
#-----------
snapshot=8
#-----------
time=21522561
mem_heap_B=36169
mem_heap_extra_B=887
mem_stacks_B=0
heap_tree=empty
#-----------
snapshot=9
#-----------
time=22454049
mem_heap_B=39481
mem_heap_extra_B=919
mem_stacks_B=0
heap_tree=empty
#-----------
snapshot=10
#-----------
time=23386307
mem_heap_B=42793
mem_heap_extra_B=951
mem_stacks_B=0
heap_tree=empty
#-----------
snapshot=11
#-----------
time=24317045
mem_heap_B=46105
mem_heap_extra_B=983
mem_stacks_B=0
heap_tree=empty
#-----------
snapshot=12
#-----------
time=24783579
mem_heap_B=47761
mem_heap_extra_B=999
mem_stacks_B=0
heap_tree=empty
#-----------
snapshot=13
#-----------
time=25715361
mem_heap_B=51073
mem_heap_extra_B=1031
mem_stacks_B=0
heap_tree=empty
#-----------
snapshot=14
#-----------
time=26646727
mem_heap_B=54385
mem_heap_extra_B=1063
mem_stacks_B=0
heap_tree=empty
#-----------
snapshot=15
#-----------
time=27112745
mem_heap_B=56041
mem_heap_extra_B=1079
mem_stacks_B=0
heap_tree=empty
#-----------
snapshot=16
#-----------
time=28043979
mem_heap_B=59353
mem_heap_extra_B=1111
mem_stacks_B=0
heap_tree=empty
#-----------
snapshot=17
#-----------
time=29439679
mem_heap_B=64321
mem_heap_extra_B=1159
mem_stacks_B=0
heap_tree=empty
#-----------
snapshot=18
#-----------
time=30369921
mem_heap_B=67633
mem_heap_extra_B=1191
mem_stacks_B=0
heap_tree=empty
#-----------
snapshot=19
#-----------
time=31301551
mem_heap_B=70945
mem_heap_extra_B=1223
mem_stacks_B=0
heap_tree=empty
#-----------
snapshot=20
#-----------
time=32232167
mem_heap_B=74257
mem_heap_extra_B=1255
mem_stacks_B=0
heap_tree=empty
#-----------
snapshot=21
#-----------
time=33628933
mem_heap_B=79225
mem_heap_extra_B=1303
mem_stacks_B=0
heap_tree=empty
#-----------
snapshot=22
#-----------
time=34560473
mem_heap_B=82537
mem_heap_extra_B=1335
mem_stacks_B=0
heap_tree=empty
#-----------
snapshot=23
#-----------
time=35492751
mem_heap_B=85849
mem_heap_extra_B=1367
mem_stacks_B=0
heap_tree=empty
#-----------
snapshot=24
#-----------
time=36424511
mem_heap_B=89161
mem_heap_extra_B=1399
mem_stacks_B=0
heap_tree=empty
#-----------
snapshot=25
#-----------
time=37295117
mem_heap_B=90977
mem_heap_extra_B=1423
mem_stacks_B=0
heap_tree=empty
#-----------
snapshot=26
#-----------
time=38226097
mem_heap_B=94289
mem_heap_extra_B=1455
mem_stacks_B=0
heap_tree=empty
#-----------
snapshot=27
#-----------
time=39157301
mem_heap_B=97601
mem_heap_extra_B=1487
mem_stacks_B=0
heap_tree=empty
#-----------
snapshot=28
#-----------
time=40087977
mem_heap_B=100913
mem_heap_extra_B=1519
mem_stacks_B=0
heap_tree=empty
#-----------
snapshot=29
#-----------
time=41484601
mem_heap_B=105881
mem_heap_extra_B=1567
mem_stacks_B=0
heap_tree=empty
#-----------
snapshot=30
#-----------
time=42415660
mem_heap_B=109193
mem_heap_extra_B=1599
mem_stacks_B=0
heap_tree=empty
#-----------
snapshot=31
#-----------
time=42882894
mem_heap_B=110849
mem_heap_extra_B=1615
mem_stacks_B=0
heap_tree=empty
#-----------
snapshot=32
#-----------
time=43812984
mem_heap_B=114161
mem_heap_extra_B=1647
mem_stacks_B=0
heap_tree=empty
#-----------
snapshot=33
#-----------
time=44742566
mem_heap_B=117473
mem_heap_extra_B=1679
mem_stacks_B=0
heap_tree=empty
#-----------
snapshot=34
#-----------
time=46138934
mem_heap_B=122441
mem_heap_extra_B=1727
mem_stacks_B=0
heap_tree=empty
#-----------
snapshot=35
#-----------
time=47070482
mem_heap_B=125753
mem_heap_extra_B=1759
mem_stacks_B=0
heap_tree=empty
#-----------
snapshot=36
#-----------
time=48002000
mem_heap_B=129065
mem_heap_extra_B=1791
mem_stacks_B=0
heap_tree=detailed
n6: 129065 (heap allocation functions) malloc/new/new[], --alloc-fns, etc.
 n1: 87472 0x20664E: _ntl_gblock_construct_alloc(_ntl_gbigint_body**, long, long) (lip.cpp:6279)
  n2: 87472 0x228994: NTL::BasicBlockConstruct(NTL::ZZ_p*, long, long) (ZZ.h:1041)
   n0: 53064 0x16C5A0: void NTL::VecStrategy<true>::do_BlockConstruct<NTL::ZZ_p>(NTL::ZZ_p*, long) (in /home/reti/dongHyeon/Function-hiding-IPE/build/bin/p-norm-ipe-test)
   n1: 34408 0x228A36: NTL::BlockConstructFromVec(NTL::ZZ_p*, long, NTL::ZZ_p const*) (vec_ZZ_p.cpp:43)
    n0: 34408 0x16C17C: void NTL::VecStrategy<true>::do_BlockConstructFromVec<NTL::ZZ_p>(NTL::ZZ_p*, long, NTL::ZZ_p const*) (in /home/reti/dongHyeon/Function-hiding-IPE/build/bin/p-norm-ipe-test)
 n0: 20224 0x48F4F42: ??? (in /usr/lib/arm-linux-gnueabihf/libstdc++.so.6.0.26)
 n0: 9504 0x16B152: NTL::Vec<NTL::ZZ_p>::AllocateTo(long) (in /home/reti/dongHyeon/Function-hiding-IPE/build/bin/p-norm-ipe-test)
 n1: 8192 0x493D6C6: std::basic_filebuf<char, std::char_traits<char> >::_M_allocate_internal_buffer() (in /usr/lib/arm-linux-gnueabihf/libstdc++.so.6.0.26)
  n1: 8192 0x493FFE2: std::basic_filebuf<char, std::char_traits<char> >::open(char const*, std::_Ios_Openmode) (in /usr/lib/arm-linux-gnueabihf/libstdc++.so.6.0.26)
   n0: 8192 0x49409EA: std::basic_ifstream<char, std::char_traits<char> >::basic_ifstream(std::__cxx11::basic_string<char, std::char_traits<char>, std::allocator<char> > const&, std::_Ios_Openmode) (in /usr/lib/arm-linux-gnueabihf/libstdc++.so.6.0.26)
 n0: 2349 in 22 places, all below massif's threshold (1.00%)
 n0: 1324 0x24B84C: __gmp_default_reallocate (in /home/reti/dongHyeon/Function-hiding-IPE/build/bin/p-norm-ipe-test)
#-----------
snapshot=37
#-----------
time=48934216
mem_heap_B=132377
mem_heap_extra_B=1823
mem_stacks_B=0
heap_tree=empty
#-----------
snapshot=38
#-----------
time=49867366
mem_heap_B=135689
mem_heap_extra_B=1855
mem_stacks_B=0
heap_tree=empty
#-----------
snapshot=39
#-----------
time=50798428
mem_heap_B=139001
mem_heap_extra_B=1887
mem_stacks_B=0
heap_tree=empty
#-----------
snapshot=40
#-----------
time=51729034
mem_heap_B=142313
mem_heap_extra_B=1919
mem_stacks_B=0
heap_tree=empty
#-----------
snapshot=41
#-----------
time=52662306
mem_heap_B=145625
mem_heap_extra_B=1951
mem_stacks_B=0
heap_tree=detailed
n5: 145625 (heap allocation functions) malloc/new/new[], --alloc-fns, etc.
 n1: 102432 0x20664E: _ntl_gblock_construct_alloc(_ntl_gbigint_body**, long, long) (lip.cpp:6279)
  n2: 102432 0x228994: NTL::BasicBlockConstruct(NTL::ZZ_p*, long, long) (ZZ.h:1041)
   n0: 53064 0x16C5A0: void NTL::VecStrategy<true>::do_BlockConstruct<NTL::ZZ_p>(NTL::ZZ_p*, long) (in /home/reti/dongHyeon/Function-hiding-IPE/build/bin/p-norm-ipe-test)
   n1: 49368 0x228A36: NTL::BlockConstructFromVec(NTL::ZZ_p*, long, NTL::ZZ_p const*) (vec_ZZ_p.cpp:43)
    n0: 49368 0x16C17C: void NTL::VecStrategy<true>::do_BlockConstructFromVec<NTL::ZZ_p>(NTL::ZZ_p*, long, NTL::ZZ_p const*) (in /home/reti/dongHyeon/Function-hiding-IPE/build/bin/p-norm-ipe-test)
 n0: 20224 0x48F4F42: ??? (in /usr/lib/arm-linux-gnueabihf/libstdc++.so.6.0.26)
 n0: 11104 0x16B152: NTL::Vec<NTL::ZZ_p>::AllocateTo(long) (in /home/reti/dongHyeon/Function-hiding-IPE/build/bin/p-norm-ipe-test)
 n1: 8192 0x493D6C6: std::basic_filebuf<char, std::char_traits<char> >::_M_allocate_internal_buffer() (in /usr/lib/arm-linux-gnueabihf/libstdc++.so.6.0.26)
  n1: 8192 0x493FFE2: std::basic_filebuf<char, std::char_traits<char> >::open(char const*, std::_Ios_Openmode) (in /usr/lib/arm-linux-gnueabihf/libstdc++.so.6.0.26)
   n0: 8192 0x49409EA: std::basic_ifstream<char, std::char_traits<char> >::basic_ifstream(std::__cxx11::basic_string<char, std::char_traits<char>, std::allocator<char> > const&, std::_Ios_Openmode) (in /usr/lib/arm-linux-gnueabihf/libstdc++.so.6.0.26)
 n0: 3673 in 23 places, all below massif's threshold (1.00%)
#-----------
snapshot=42
#-----------
time=53354822
mem_heap_B=258073
mem_heap_extra_B=3063
mem_stacks_B=0
heap_tree=peak
n5: 258073 (heap allocation functions) malloc/new/new[], --alloc-fns, etc.
 n1: 203456 0x20664E: _ntl_gblock_construct_alloc(_ntl_gbigint_body**, long, long) (lip.cpp:6279)
  n2: 203456 0x228994: NTL::BasicBlockConstruct(NTL::ZZ_p*, long, long) (ZZ.h:1041)
   n0: 101728 0x16C5A0: void NTL::VecStrategy<true>::do_BlockConstruct<NTL::ZZ_p>(NTL::ZZ_p*, long) (in /home/reti/dongHyeon/Function-hiding-IPE/build/bin/p-norm-ipe-test)
   n1: 101728 0x228A36: NTL::BlockConstructFromVec(NTL::ZZ_p*, long, NTL::ZZ_p const*) (vec_ZZ_p.cpp:43)
    n0: 101728 0x16C17C: void NTL::VecStrategy<true>::do_BlockConstructFromVec<NTL::ZZ_p>(NTL::ZZ_p*, long, NTL::ZZ_p const*) (in /home/reti/dongHyeon/Function-hiding-IPE/build/bin/p-norm-ipe-test)
 n0: 21760 0x16B152: NTL::Vec<NTL::ZZ_p>::AllocateTo(long) (in /home/reti/dongHyeon/Function-hiding-IPE/build/bin/p-norm-ipe-test)
 n0: 20224 0x48F4F42: ??? (in /usr/lib/arm-linux-gnueabihf/libstdc++.so.6.0.26)
 n1: 8192 0x493D6C6: std::basic_filebuf<char, std::char_traits<char> >::_M_allocate_internal_buffer() (in /usr/lib/arm-linux-gnueabihf/libstdc++.so.6.0.26)
  n1: 8192 0x493FFE2: std::basic_filebuf<char, std::char_traits<char> >::open(char const*, std::_Ios_Openmode) (in /usr/lib/arm-linux-gnueabihf/libstdc++.so.6.0.26)
   n0: 8192 0x49409EA: std::basic_ifstream<char, std::char_traits<char> >::basic_ifstream(std::__cxx11::basic_string<char, std::char_traits<char>, std::allocator<char> > const&, std::_Ios_Openmode) (in /usr/lib/arm-linux-gnueabihf/libstdc++.so.6.0.26)
 n0: 4441 in 24 places, all below massif's threshold (1.00%)
#-----------
snapshot=43
#-----------
time=53501947
mem_heap_B=139105
mem_heap_extra_B=2279
mem_stacks_B=0
heap_tree=empty
#-----------
snapshot=44
#-----------
time=55886111
mem_heap_B=138680
mem_heap_extra_B=2288
mem_stacks_B=0
heap_tree=empty
#-----------
snapshot=45
#-----------
time=57254047
mem_heap_B=142387
mem_heap_extra_B=2781
mem_stacks_B=0
heap_tree=empty
#-----------
snapshot=46
#-----------
time=62771754
mem_heap_B=149336
mem_heap_extra_B=2816
mem_stacks_B=0
heap_tree=empty
#-----------
snapshot=47
#-----------
time=81674730
mem_heap_B=149340
mem_heap_extra_B=2828
mem_stacks_B=0
heap_tree=detailed
n7: 149340 (heap allocation functions) malloc/new/new[], --alloc-fns, etc.
 n1: 104720 0x20664E: _ntl_gblock_construct_alloc(_ntl_gbigint_body**, long, long) (lip.cpp:6279)
  n2: 104720 0x228994: NTL::BasicBlockConstruct(NTL::ZZ_p*, long, long) (ZZ.h:1041)
   n1: 103224 0x228A36: NTL::BlockConstructFromVec(NTL::ZZ_p*, long, NTL::ZZ_p const*) (vec_ZZ_p.cpp:43)
    n0: 103224 0x16C17C: void NTL::VecStrategy<true>::do_BlockConstructFromVec<NTL::ZZ_p>(NTL::ZZ_p*, long, NTL::ZZ_p const*) (in /home/reti/dongHyeon/Function-hiding-IPE/build/bin/p-norm-ipe-test)
   n0: 1496 in 1 place, below massif's threshold (1.00%)
 n0: 20224 0x48F4F42: ??? (in /usr/lib/arm-linux-gnueabihf/libstdc++.so.6.0.26)
 n0: 11200 0x16B152: NTL::Vec<NTL::ZZ_p>::AllocateTo(long) (in /home/reti/dongHyeon/Function-hiding-IPE/build/bin/p-norm-ipe-test)
 n0: 4896 0x16AD2E: mcl::Array<mcl::EcT<mcl::FpT<mcl::bn::local::FpTag, 384u> > >::resize(unsigned int) (in /home/reti/dongHyeon/Function-hiding-IPE/build/bin/p-norm-ipe-test)
 n0: 3696 in 49 places, all below massif's threshold (1.00%)
 n0: 2584 0x24B84C: __gmp_default_reallocate (in /home/reti/dongHyeon/Function-hiding-IPE/build/bin/p-norm-ipe-test)
 n0: 2020 0x4A3B166: ??? (in /usr/lib/arm-linux-gnueabihf/libgomp.so.1.0.0)
#-----------
snapshot=48
#-----------
time=83938509
mem_heap_B=149448
mem_heap_extra_B=2848
mem_stacks_B=0
heap_tree=empty
#-----------
snapshot=49
#-----------
time=86211418
mem_heap_B=149448
mem_heap_extra_B=2848
mem_stacks_B=0
heap_tree=empty
#-----------
snapshot=50
#-----------
time=88502617
mem_heap_B=149448
mem_heap_extra_B=2848
mem_stacks_B=0
heap_tree=empty
#-----------
snapshot=51
#-----------
time=90831816
mem_heap_B=149448
mem_heap_extra_B=2848
mem_stacks_B=0
heap_tree=empty
#-----------
snapshot=52
#-----------
time=93181635
mem_heap_B=149448
mem_heap_extra_B=2848
mem_stacks_B=0
heap_tree=empty
#-----------
snapshot=53
#-----------
time=95473719
mem_heap_B=149448
mem_heap_extra_B=2848
mem_stacks_B=0
heap_tree=empty
#-----------
snapshot=54
#-----------
time=97808311
mem_heap_B=149448
mem_heap_extra_B=2848
mem_stacks_B=0
heap_tree=empty
#-----------
snapshot=55
#-----------
time=100197429
mem_heap_B=149448
mem_heap_extra_B=2848
mem_stacks_B=0
heap_tree=empty
#-----------
snapshot=56
#-----------
time=102898170
mem_heap_B=149340
mem_heap_extra_B=2828
mem_stacks_B=0
heap_tree=empty
#-----------
snapshot=57
#-----------
time=105160670
mem_heap_B=149448
mem_heap_extra_B=2848
mem_stacks_B=0
heap_tree=detailed
n7: 149448 (heap allocation functions) malloc/new/new[], --alloc-fns, etc.
 n1: 104720 0x20664E: _ntl_gblock_construct_alloc(_ntl_gbigint_body**, long, long) (lip.cpp:6279)
  n2: 104720 0x228994: NTL::BasicBlockConstruct(NTL::ZZ_p*, long, long) (ZZ.h:1041)
   n1: 103224 0x228A36: NTL::BlockConstructFromVec(NTL::ZZ_p*, long, NTL::ZZ_p const*) (vec_ZZ_p.cpp:43)
    n0: 103224 0x16C17C: void NTL::VecStrategy<true>::do_BlockConstructFromVec<NTL::ZZ_p>(NTL::ZZ_p*, long, NTL::ZZ_p const*) (in /home/reti/dongHyeon/Function-hiding-IPE/build/bin/p-norm-ipe-test)
   n0: 1496 in 1 place, below massif's threshold (1.00%)
 n0: 20224 0x48F4F42: ??? (in /usr/lib/arm-linux-gnueabihf/libstdc++.so.6.0.26)
 n0: 11200 0x16B152: NTL::Vec<NTL::ZZ_p>::AllocateTo(long) (in /home/reti/dongHyeon/Function-hiding-IPE/build/bin/p-norm-ipe-test)
 n0: 4896 0x16AD2E: mcl::Array<mcl::EcT<mcl::FpT<mcl::bn::local::FpTag, 384u> > >::resize(unsigned int) (in /home/reti/dongHyeon/Function-hiding-IPE/build/bin/p-norm-ipe-test)
 n0: 3736 in 49 places, all below massif's threshold (1.00%)
 n0: 2652 0x24B84C: __gmp_default_reallocate (in /home/reti/dongHyeon/Function-hiding-IPE/build/bin/p-norm-ipe-test)
 n0: 2020 0x4A3B166: ??? (in /usr/lib/arm-linux-gnueabihf/libgomp.so.1.0.0)
#-----------
snapshot=58
#-----------
time=107393104
mem_heap_B=149448
mem_heap_extra_B=2848
mem_stacks_B=0
heap_tree=empty
#-----------
snapshot=59
#-----------
time=109742174
mem_heap_B=149448
mem_heap_extra_B=2848
mem_stacks_B=0
heap_tree=empty
#-----------
snapshot=60
#-----------
time=112053536
mem_heap_B=149448
mem_heap_extra_B=2848
mem_stacks_B=0
heap_tree=empty
#-----------
snapshot=61
#-----------
time=114258969
mem_heap_B=149448
mem_heap_extra_B=2848
mem_stacks_B=0
heap_tree=empty
#-----------
snapshot=62
#-----------
time=116540695
mem_heap_B=149448
mem_heap_extra_B=2848
mem_stacks_B=0
heap_tree=empty
#-----------
snapshot=63
#-----------
time=118880525
mem_heap_B=149448
mem_heap_extra_B=2848
mem_stacks_B=0
heap_tree=empty
#-----------
snapshot=64
#-----------
time=121215855
mem_heap_B=149448
mem_heap_extra_B=2848
mem_stacks_B=0
heap_tree=empty
#-----------
snapshot=65
#-----------
time=123555249
mem_heap_B=149448
mem_heap_extra_B=2848
mem_stacks_B=0
heap_tree=empty
#-----------
snapshot=66
#-----------
time=126256002
mem_heap_B=149340
mem_heap_extra_B=2828
mem_stacks_B=0
heap_tree=empty
#-----------
snapshot=67
#-----------
time=128583205
mem_heap_B=149448
mem_heap_extra_B=2848
mem_stacks_B=0
heap_tree=detailed
n7: 149448 (heap allocation functions) malloc/new/new[], --alloc-fns, etc.
 n1: 104720 0x20664E: _ntl_gblock_construct_alloc(_ntl_gbigint_body**, long, long) (lip.cpp:6279)
  n2: 104720 0x228994: NTL::BasicBlockConstruct(NTL::ZZ_p*, long, long) (ZZ.h:1041)
   n1: 103224 0x228A36: NTL::BlockConstructFromVec(NTL::ZZ_p*, long, NTL::ZZ_p const*) (vec_ZZ_p.cpp:43)
    n0: 103224 0x16C17C: void NTL::VecStrategy<true>::do_BlockConstructFromVec<NTL::ZZ_p>(NTL::ZZ_p*, long, NTL::ZZ_p const*) (in /home/reti/dongHyeon/Function-hiding-IPE/build/bin/p-norm-ipe-test)
   n0: 1496 in 1 place, below massif's threshold (1.00%)
 n0: 20224 0x48F4F42: ??? (in /usr/lib/arm-linux-gnueabihf/libstdc++.so.6.0.26)
 n0: 11200 0x16B152: NTL::Vec<NTL::ZZ_p>::AllocateTo(long) (in /home/reti/dongHyeon/Function-hiding-IPE/build/bin/p-norm-ipe-test)
 n0: 4896 0x16AD2E: mcl::Array<mcl::EcT<mcl::FpT<mcl::bn::local::FpTag, 384u> > >::resize(unsigned int) (in /home/reti/dongHyeon/Function-hiding-IPE/build/bin/p-norm-ipe-test)
 n0: 3736 in 49 places, all below massif's threshold (1.00%)
 n0: 2652 0x24B84C: __gmp_default_reallocate (in /home/reti/dongHyeon/Function-hiding-IPE/build/bin/p-norm-ipe-test)
 n0: 2020 0x4A3B166: ??? (in /usr/lib/arm-linux-gnueabihf/libgomp.so.1.0.0)
#-----------
snapshot=68
#-----------
time=130873501
mem_heap_B=149448
mem_heap_extra_B=2848
mem_stacks_B=0
heap_tree=empty
#-----------
snapshot=69
#-----------
time=133223707
mem_heap_B=149448
mem_heap_extra_B=2848
mem_stacks_B=0
heap_tree=empty
#-----------
snapshot=70
#-----------
time=135533663
mem_heap_B=149448
mem_heap_extra_B=2848
mem_stacks_B=0
heap_tree=empty
#-----------
snapshot=71
#-----------
time=137904401
mem_heap_B=149448
mem_heap_extra_B=2848
mem_stacks_B=0
heap_tree=empty
#-----------
snapshot=72
#-----------
time=140226809
mem_heap_B=149448
mem_heap_extra_B=2848
mem_stacks_B=0
heap_tree=empty
#-----------
snapshot=73
#-----------
time=142570071
mem_heap_B=149448
mem_heap_extra_B=2848
mem_stacks_B=0
heap_tree=empty
#-----------
snapshot=74
#-----------
time=144887617
mem_heap_B=149448
mem_heap_extra_B=2848
mem_stacks_B=0
heap_tree=empty
#-----------
snapshot=75
#-----------
time=147166462
mem_heap_B=149448
mem_heap_extra_B=2848
mem_stacks_B=0
heap_tree=empty
#-----------
snapshot=76
#-----------
time=149867225
mem_heap_B=149340
mem_heap_extra_B=2828
mem_stacks_B=0
heap_tree=empty
#-----------
snapshot=77
#-----------
time=152239445
mem_heap_B=149448
mem_heap_extra_B=2848
mem_stacks_B=0
heap_tree=detailed
n7: 149448 (heap allocation functions) malloc/new/new[], --alloc-fns, etc.
 n1: 104720 0x20664E: _ntl_gblock_construct_alloc(_ntl_gbigint_body**, long, long) (lip.cpp:6279)
  n2: 104720 0x228994: NTL::BasicBlockConstruct(NTL::ZZ_p*, long, long) (ZZ.h:1041)
   n1: 103224 0x228A36: NTL::BlockConstructFromVec(NTL::ZZ_p*, long, NTL::ZZ_p const*) (vec_ZZ_p.cpp:43)
    n0: 103224 0x16C17C: void NTL::VecStrategy<true>::do_BlockConstructFromVec<NTL::ZZ_p>(NTL::ZZ_p*, long, NTL::ZZ_p const*) (in /home/reti/dongHyeon/Function-hiding-IPE/build/bin/p-norm-ipe-test)
   n0: 1496 in 1 place, below massif's threshold (1.00%)
 n0: 20224 0x48F4F42: ??? (in /usr/lib/arm-linux-gnueabihf/libstdc++.so.6.0.26)
 n0: 11200 0x16B152: NTL::Vec<NTL::ZZ_p>::AllocateTo(long) (in /home/reti/dongHyeon/Function-hiding-IPE/build/bin/p-norm-ipe-test)
 n0: 4896 0x16AD2E: mcl::Array<mcl::EcT<mcl::FpT<mcl::bn::local::FpTag, 384u> > >::resize(unsigned int) (in /home/reti/dongHyeon/Function-hiding-IPE/build/bin/p-norm-ipe-test)
 n0: 3736 in 49 places, all below massif's threshold (1.00%)
 n0: 2652 0x24B84C: __gmp_default_reallocate (in /home/reti/dongHyeon/Function-hiding-IPE/build/bin/p-norm-ipe-test)
 n0: 2020 0x4A3B166: ??? (in /usr/lib/arm-linux-gnueabihf/libgomp.so.1.0.0)
#-----------
snapshot=78
#-----------
time=154511948
mem_heap_B=149448
mem_heap_extra_B=2848
mem_stacks_B=0
heap_tree=empty
#-----------
snapshot=79
#-----------
time=156729760
mem_heap_B=149448
mem_heap_extra_B=2848
mem_stacks_B=0
heap_tree=empty
#-----------
snapshot=80
#-----------
time=159067719
mem_heap_B=149448
mem_heap_extra_B=2848
mem_stacks_B=0
heap_tree=empty
#-----------
snapshot=81
#-----------
time=161318043
mem_heap_B=149448
mem_heap_extra_B=2848
mem_stacks_B=0
heap_tree=empty
#-----------
snapshot=82
#-----------
time=163629889
mem_heap_B=149448
mem_heap_extra_B=2848
mem_stacks_B=0
heap_tree=empty
#-----------
snapshot=83
#-----------
time=165961186
mem_heap_B=149448
mem_heap_extra_B=2848
mem_stacks_B=0
heap_tree=empty
#-----------
snapshot=84
#-----------
time=168278471
mem_heap_B=149448
mem_heap_extra_B=2848
mem_stacks_B=0
heap_tree=empty
#-----------
snapshot=85
#-----------
time=170979227
mem_heap_B=154232
mem_heap_extra_B=2824
mem_stacks_B=0
heap_tree=empty
