desc: --massif-out-file=keygen/memory-16-10-6.log
cmd: ./p-norm-ipe-test keygen 16 10 6
time_unit: i
#-----------
snapshot=0
#-----------
time=0
mem_heap_B=0
mem_heap_extra_B=0
mem_stacks_B=0
heap_tree=empty
#-----------
snapshot=1
#-----------
time=3489736
mem_heap_B=32765
mem_heap_extra_B=771
mem_stacks_B=0
heap_tree=empty
#-----------
snapshot=2
#-----------
time=11014981
mem_heap_B=32765
mem_heap_extra_B=771
mem_stacks_B=0
heap_tree=detailed
n7: 32765 (heap allocation functions) malloc/new/new[], --alloc-fns, etc.
 n0: 20224 0x48F4F42: ??? (in /usr/lib/arm-linux-gnueabihf/libstdc++.so.6.0.26)
 n1: 8192 0x493D6C6: std::basic_filebuf<char, std::char_traits<char> >::_M_allocate_internal_buffer() (in /usr/lib/arm-linux-gnueabihf/libstdc++.so.6.0.26)
  n1: 8192 0x493FFE2: std::basic_filebuf<char, std::char_traits<char> >::open(char const*, std::_Ios_Openmode) (in /usr/lib/arm-linux-gnueabihf/libstdc++.so.6.0.26)
   n0: 8192 0x49409EA: std::basic_ifstream<char, std::char_traits<char> >::basic_ifstream(std::__cxx11::basic_string<char, std::char_traits<char>, std::allocator<char> > const&, std::_Ios_Openmode) (in /usr/lib/arm-linux-gnueabihf/libstdc++.so.6.0.26)
 n0: 2700 0x24B812: __gmp_default_allocate (in /home/reti/dongHyeon/Function-hiding-IPE/build/bin/p-norm-ipe-test)
 n1: 520 0x4ADE1F0: __new_exitfn (cxa_atexit.c:114)
  n1: 520 0x4ADE264: __internal_atexit (cxa_atexit.c:44)
   n0: 520 0x251574: __libc_csu_init (in /home/reti/dongHyeon/Function-hiding-IPE/build/bin/p-norm-ipe-test)
 n1: 513 0x49658F2: std::__cxx11::basic_string<char, std::char_traits<char>, std::allocator<char> >::reserve(unsigned int) (in /usr/lib/arm-linux-gnueabihf/libstdc++.so.6.0.26)
  n0: 513 0x495D556: std::__cxx11::basic_stringbuf<char, std::char_traits<char>, std::allocator<char> >::overflow(int) (in /usr/lib/arm-linux-gnueabihf/libstdc++.so.6.0.26)
 n1: 352 0x4AFE6FA: __fopen_internal (iofopen.c:65)
  n1: 352 0x490F2C6: std::__basic_file<char>::open(char const*, std::_Ios_Openmode, int) (in /usr/lib/arm-linux-gnueabihf/libstdc++.so.6.0.26)
   n1: 352 0x493FFD4: std::basic_filebuf<char, std::char_traits<char> >::open(char const*, std::_Ios_Openmode) (in /usr/lib/arm-linux-gnueabihf/libstdc++.so.6.0.26)
    n0: 352 0x49409EA: std::basic_ifstream<char, std::char_traits<char> >::basic_ifstream(std::__cxx11::basic_string<char, std::char_traits<char>, std::allocator<char> > const&, std::_Ios_Openmode) (in /usr/lib/arm-linux-gnueabihf/libstdc++.so.6.0.26)
 n0: 264 in 7 places, all below massif's threshold (1.00%)
#-----------
snapshot=3
#-----------
time=18182060
mem_heap_B=30545
mem_heap_extra_B=743
mem_stacks_B=0
heap_tree=empty
#-----------
snapshot=4
#-----------
time=24629829
mem_heap_B=46361
mem_heap_extra_B=911
mem_stacks_B=0
heap_tree=empty
#-----------
snapshot=5
#-----------
time=30675015
mem_heap_B=67729
mem_heap_extra_B=999
mem_stacks_B=0
heap_tree=empty
#-----------
snapshot=6
#-----------
time=39185867
mem_heap_B=97841
mem_heap_extra_B=1119
mem_stacks_B=0
heap_tree=empty
#-----------
snapshot=7
#-----------
time=48588981
mem_heap_B=135681
mem_heap_extra_B=1271
mem_stacks_B=0
heap_tree=detailed
n5: 135681 (heap allocation functions) malloc/new/new[], --alloc-fns, etc.
 n1: 94600 0x20664E: _ntl_gblock_construct_alloc(_ntl_gbigint_body**, long, long) (lip.cpp:6279)
  n2: 94600 0x228994: NTL::BasicBlockConstruct(NTL::ZZ_p*, long, long) (ZZ.h:1041)
   n1: 90200 0x228A36: NTL::BlockConstructFromVec(NTL::ZZ_p*, long, NTL::ZZ_p const*) (vec_ZZ_p.cpp:43)
    n0: 90200 0x16C17C: void NTL::VecStrategy<true>::do_BlockConstructFromVec<NTL::ZZ_p>(NTL::ZZ_p*, long, NTL::ZZ_p const*) (in /home/reti/dongHyeon/Function-hiding-IPE/build/bin/p-norm-ipe-test)
   n0: 4400 0x16C5A0: void NTL::VecStrategy<true>::do_BlockConstruct<NTL::ZZ_p>(NTL::ZZ_p*, long) (in /home/reti/dongHyeon/Function-hiding-IPE/build/bin/p-norm-ipe-test)
 n0: 20224 0x48F4F42: ??? (in /usr/lib/arm-linux-gnueabihf/libstdc++.so.6.0.26)
 n0: 8800 0x16B152: NTL::Vec<NTL::ZZ_p>::AllocateTo(long) (in /home/reti/dongHyeon/Function-hiding-IPE/build/bin/p-norm-ipe-test)
 n1: 8192 0x493D6C6: std::basic_filebuf<char, std::char_traits<char> >::_M_allocate_internal_buffer() (in /usr/lib/arm-linux-gnueabihf/libstdc++.so.6.0.26)
  n1: 8192 0x493FFE2: std::basic_filebuf<char, std::char_traits<char> >::open(char const*, std::_Ios_Openmode) (in /usr/lib/arm-linux-gnueabihf/libstdc++.so.6.0.26)
   n0: 8192 0x49409EA: std::basic_ifstream<char, std::char_traits<char> >::basic_ifstream(std::__cxx11::basic_string<char, std::char_traits<char>, std::allocator<char> > const&, std::_Ios_Openmode) (in /usr/lib/arm-linux-gnueabihf/libstdc++.so.6.0.26)
 n0: 3865 in 24 places, all below massif's threshold (1.00%)
#-----------
snapshot=8
#-----------
time=53746023
mem_heap_B=149321
mem_heap_extra_B=1327
mem_stacks_B=0
heap_tree=empty
#-----------
snapshot=9
#-----------
time=60464257
mem_heap_B=173081
mem_heap_extra_B=1423
mem_stacks_B=0
heap_tree=empty
#-----------
snapshot=10
#-----------
time=68746793
mem_heap_B=206961
mem_heap_extra_B=1559
mem_stacks_B=0
heap_tree=detailed
n5: 206961 (heap allocation functions) malloc/new/new[], --alloc-fns, etc.
 n1: 159544 0x20664E: _ntl_gblock_construct_alloc(_ntl_gbigint_body**, long, long) (lip.cpp:6279)
  n2: 159544 0x228994: NTL::BasicBlockConstruct(NTL::ZZ_p*, long, long) (ZZ.h:1041)
   n1: 155144 0x228A36: NTL::BlockConstructFromVec(NTL::ZZ_p*, long, NTL::ZZ_p const*) (vec_ZZ_p.cpp:43)
    n0: 155144 0x16C17C: void NTL::VecStrategy<true>::do_BlockConstructFromVec<NTL::ZZ_p>(NTL::ZZ_p*, long, NTL::ZZ_p const*) (in /home/reti/dongHyeon/Function-hiding-IPE/build/bin/p-norm-ipe-test)
   n0: 4400 0x16C5A0: void NTL::VecStrategy<true>::do_BlockConstruct<NTL::ZZ_p>(NTL::ZZ_p*, long) (in /home/reti/dongHyeon/Function-hiding-IPE/build/bin/p-norm-ipe-test)
 n0: 20224 0x48F4F42: ??? (in /usr/lib/arm-linux-gnueabihf/libstdc++.so.6.0.26)
 n0: 15136 0x16B152: NTL::Vec<NTL::ZZ_p>::AllocateTo(long) (in /home/reti/dongHyeon/Function-hiding-IPE/build/bin/p-norm-ipe-test)
 n1: 8192 0x493D6C6: std::basic_filebuf<char, std::char_traits<char> >::_M_allocate_internal_buffer() (in /usr/lib/arm-linux-gnueabihf/libstdc++.so.6.0.26)
  n1: 8192 0x493FFE2: std::basic_filebuf<char, std::char_traits<char> >::open(char const*, std::_Ios_Openmode) (in /usr/lib/arm-linux-gnueabihf/libstdc++.so.6.0.26)
   n0: 8192 0x49409EA: std::basic_ifstream<char, std::char_traits<char> >::basic_ifstream(std::__cxx11::basic_string<char, std::char_traits<char>, std::allocator<char> > const&, std::_Ios_Openmode) (in /usr/lib/arm-linux-gnueabihf/libstdc++.so.6.0.26)
 n0: 3865 in 24 places, all below massif's threshold (1.00%)
#-----------
snapshot=11
#-----------
time=77264788
mem_heap_B=232673
mem_heap_extra_B=1663
mem_stacks_B=0
heap_tree=empty
#-----------
snapshot=12
#-----------
time=83307838
mem_heap_B=258633
mem_heap_extra_B=1767
mem_stacks_B=0
heap_tree=detailed
n5: 258633 (heap allocation functions) malloc/new/new[], --alloc-fns, etc.
 n1: 206448 0x20664E: _ntl_gblock_construct_alloc(_ntl_gbigint_body**, long, long) (lip.cpp:6279)
  n2: 206448 0x228994: NTL::BasicBlockConstruct(NTL::ZZ_p*, long, long) (ZZ.h:1041)
   n1: 202048 0x228A36: NTL::BlockConstructFromVec(NTL::ZZ_p*, long, NTL::ZZ_p const*) (vec_ZZ_p.cpp:43)
    n0: 202048 0x16C17C: void NTL::VecStrategy<true>::do_BlockConstructFromVec<NTL::ZZ_p>(NTL::ZZ_p*, long, NTL::ZZ_p const*) (in /home/reti/dongHyeon/Function-hiding-IPE/build/bin/p-norm-ipe-test)
   n0: 4400 0x16C5A0: void NTL::VecStrategy<true>::do_BlockConstruct<NTL::ZZ_p>(NTL::ZZ_p*, long) (in /home/reti/dongHyeon/Function-hiding-IPE/build/bin/p-norm-ipe-test)
 n0: 20224 0x48F4F42: ??? (in /usr/lib/arm-linux-gnueabihf/libstdc++.so.6.0.26)
 n0: 19712 0x16B152: NTL::Vec<NTL::ZZ_p>::AllocateTo(long) (in /home/reti/dongHyeon/Function-hiding-IPE/build/bin/p-norm-ipe-test)
 n1: 8192 0x493D6C6: std::basic_filebuf<char, std::char_traits<char> >::_M_allocate_internal_buffer() (in /usr/lib/arm-linux-gnueabihf/libstdc++.so.6.0.26)
  n1: 8192 0x493FFE2: std::basic_filebuf<char, std::char_traits<char> >::open(char const*, std::_Ios_Openmode) (in /usr/lib/arm-linux-gnueabihf/libstdc++.so.6.0.26)
   n0: 8192 0x49409EA: std::basic_ifstream<char, std::char_traits<char> >::basic_ifstream(std::__cxx11::basic_string<char, std::char_traits<char>, std::allocator<char> > const&, std::_Ios_Openmode) (in /usr/lib/arm-linux-gnueabihf/libstdc++.so.6.0.26)
 n0: 4057 in 25 places, all below massif's threshold (1.00%)
#-----------
snapshot=13
#-----------
time=87788646
mem_heap_B=274473
mem_heap_extra_B=1831
mem_stacks_B=0
heap_tree=detailed
n5: 274473 (heap allocation functions) malloc/new/new[], --alloc-fns, etc.
 n1: 220880 0x20664E: _ntl_gblock_construct_alloc(_ntl_gbigint_body**, long, long) (lip.cpp:6279)
  n2: 220880 0x228994: NTL::BasicBlockConstruct(NTL::ZZ_p*, long, long) (ZZ.h:1041)
   n1: 216480 0x228A36: NTL::BlockConstructFromVec(NTL::ZZ_p*, long, NTL::ZZ_p const*) (vec_ZZ_p.cpp:43)
    n0: 216480 0x16C17C: void NTL::VecStrategy<true>::do_BlockConstructFromVec<NTL::ZZ_p>(NTL::ZZ_p*, long, NTL::ZZ_p const*) (in /home/reti/dongHyeon/Function-hiding-IPE/build/bin/p-norm-ipe-test)
   n0: 4400 0x16C5A0: void NTL::VecStrategy<true>::do_BlockConstruct<NTL::ZZ_p>(NTL::ZZ_p*, long) (in /home/reti/dongHyeon/Function-hiding-IPE/build/bin/p-norm-ipe-test)
 n0: 21120 0x16B152: NTL::Vec<NTL::ZZ_p>::AllocateTo(long) (in /home/reti/dongHyeon/Function-hiding-IPE/build/bin/p-norm-ipe-test)
 n0: 20224 0x48F4F42: ??? (in /usr/lib/arm-linux-gnueabihf/libstdc++.so.6.0.26)
 n1: 8192 0x493D6C6: std::basic_filebuf<char, std::char_traits<char> >::_M_allocate_internal_buffer() (in /usr/lib/arm-linux-gnueabihf/libstdc++.so.6.0.26)
  n1: 8192 0x493FFE2: std::basic_filebuf<char, std::char_traits<char> >::open(char const*, std::_Ios_Openmode) (in /usr/lib/arm-linux-gnueabihf/libstdc++.so.6.0.26)
   n0: 8192 0x49409EA: std::basic_ifstream<char, std::char_traits<char> >::basic_ifstream(std::__cxx11::basic_string<char, std::char_traits<char>, std::allocator<char> > const&, std::_Ios_Openmode) (in /usr/lib/arm-linux-gnueabihf/libstdc++.so.6.0.26)
 n0: 4057 in 25 places, all below massif's threshold (1.00%)
#-----------
snapshot=14
#-----------
time=94504768
mem_heap_B=298233
mem_heap_extra_B=1927
mem_stacks_B=0
heap_tree=detailed
n5: 298233 (heap allocation functions) malloc/new/new[], --alloc-fns, etc.
 n1: 242528 0x20664E: _ntl_gblock_construct_alloc(_ntl_gbigint_body**, long, long) (lip.cpp:6279)
  n2: 242528 0x228994: NTL::BasicBlockConstruct(NTL::ZZ_p*, long, long) (ZZ.h:1041)
   n1: 238128 0x228A36: NTL::BlockConstructFromVec(NTL::ZZ_p*, long, NTL::ZZ_p const*) (vec_ZZ_p.cpp:43)
    n0: 238128 0x16C17C: void NTL::VecStrategy<true>::do_BlockConstructFromVec<NTL::ZZ_p>(NTL::ZZ_p*, long, NTL::ZZ_p const*) (in /home/reti/dongHyeon/Function-hiding-IPE/build/bin/p-norm-ipe-test)
   n0: 4400 0x16C5A0: void NTL::VecStrategy<true>::do_BlockConstruct<NTL::ZZ_p>(NTL::ZZ_p*, long) (in /home/reti/dongHyeon/Function-hiding-IPE/build/bin/p-norm-ipe-test)
 n0: 23232 0x16B152: NTL::Vec<NTL::ZZ_p>::AllocateTo(long) (in /home/reti/dongHyeon/Function-hiding-IPE/build/bin/p-norm-ipe-test)
 n0: 20224 0x48F4F42: ??? (in /usr/lib/arm-linux-gnueabihf/libstdc++.so.6.0.26)
 n1: 8192 0x493D6C6: std::basic_filebuf<char, std::char_traits<char> >::_M_allocate_internal_buffer() (in /usr/lib/arm-linux-gnueabihf/libstdc++.so.6.0.26)
  n1: 8192 0x493FFE2: std::basic_filebuf<char, std::char_traits<char> >::open(char const*, std::_Ios_Openmode) (in /usr/lib/arm-linux-gnueabihf/libstdc++.so.6.0.26)
   n0: 8192 0x49409EA: std::basic_ifstream<char, std::char_traits<char> >::basic_ifstream(std::__cxx11::basic_string<char, std::char_traits<char>, std::allocator<char> > const&, std::_Ios_Openmode) (in /usr/lib/arm-linux-gnueabihf/libstdc++.so.6.0.26)
 n0: 4057 in 25 places, all below massif's threshold (1.00%)
#-----------
snapshot=15
#-----------
time=99661608
mem_heap_B=311873
mem_heap_extra_B=1983
mem_stacks_B=0
heap_tree=empty
#-----------
snapshot=16
#-----------
time=105698558
mem_heap_B=337833
mem_heap_extra_B=2087
mem_stacks_B=0
heap_tree=detailed
n5: 337833 (heap allocation functions) malloc/new/new[], --alloc-fns, etc.
 n1: 278608 0x20664E: _ntl_gblock_construct_alloc(_ntl_gbigint_body**, long, long) (lip.cpp:6279)
  n2: 278608 0x228994: NTL::BasicBlockConstruct(NTL::ZZ_p*, long, long) (ZZ.h:1041)
   n1: 274208 0x228A36: NTL::BlockConstructFromVec(NTL::ZZ_p*, long, NTL::ZZ_p const*) (vec_ZZ_p.cpp:43)
    n0: 274208 0x16C17C: void NTL::VecStrategy<true>::do_BlockConstructFromVec<NTL::ZZ_p>(NTL::ZZ_p*, long, NTL::ZZ_p const*) (in /home/reti/dongHyeon/Function-hiding-IPE/build/bin/p-norm-ipe-test)
   n0: 4400 0x16C5A0: void NTL::VecStrategy<true>::do_BlockConstruct<NTL::ZZ_p>(NTL::ZZ_p*, long) (in /home/reti/dongHyeon/Function-hiding-IPE/build/bin/p-norm-ipe-test)
 n0: 26752 0x16B152: NTL::Vec<NTL::ZZ_p>::AllocateTo(long) (in /home/reti/dongHyeon/Function-hiding-IPE/build/bin/p-norm-ipe-test)
 n0: 20224 0x48F4F42: ??? (in /usr/lib/arm-linux-gnueabihf/libstdc++.so.6.0.26)
 n1: 8192 0x493D6C6: std::basic_filebuf<char, std::char_traits<char> >::_M_allocate_internal_buffer() (in /usr/lib/arm-linux-gnueabihf/libstdc++.so.6.0.26)
  n1: 8192 0x493FFE2: std::basic_filebuf<char, std::char_traits<char> >::open(char const*, std::_Ios_Openmode) (in /usr/lib/arm-linux-gnueabihf/libstdc++.so.6.0.26)
   n0: 8192 0x49409EA: std::basic_ifstream<char, std::char_traits<char> >::basic_ifstream(std::__cxx11::basic_string<char, std::char_traits<char>, std::allocator<char> > const&, std::_Ios_Openmode) (in /usr/lib/arm-linux-gnueabihf/libstdc++.so.6.0.26)
 n0: 4057 in 25 places, all below massif's threshold (1.00%)
#-----------
snapshot=17
#-----------
time=113139119
mem_heap_B=681849
mem_heap_extra_B=3495
mem_stacks_B=0
heap_tree=detailed
n5: 681849 (heap allocation functions) malloc/new/new[], --alloc-fns, etc.
 n1: 591712 0x20664E: _ntl_gblock_construct_alloc(_ntl_gbigint_body**, long, long) (lip.cpp:6279)
  n2: 591712 0x228994: NTL::BasicBlockConstruct(NTL::ZZ_p*, long, long) (ZZ.h:1041)
   n1: 591712 0x228A36: NTL::BlockConstructFromVec(NTL::ZZ_p*, long, NTL::ZZ_p const*) (vec_ZZ_p.cpp:43)
    n0: 591712 0x16C17C: void NTL::VecStrategy<true>::do_BlockConstructFromVec<NTL::ZZ_p>(NTL::ZZ_p*, long, NTL::ZZ_p const*) (in /home/reti/dongHyeon/Function-hiding-IPE/build/bin/p-norm-ipe-test)
   n0: 0 in 1 place, below massif's threshold (1.00%)
 n0: 57728 0x16B152: NTL::Vec<NTL::ZZ_p>::AllocateTo(long) (in /home/reti/dongHyeon/Function-hiding-IPE/build/bin/p-norm-ipe-test)
 n0: 20224 0x48F4F42: ??? (in /usr/lib/arm-linux-gnueabihf/libstdc++.so.6.0.26)
 n1: 8192 0x493D6C6: std::basic_filebuf<char, std::char_traits<char> >::_M_allocate_internal_buffer() (in /usr/lib/arm-linux-gnueabihf/libstdc++.so.6.0.26)
  n1: 8192 0x493FFE2: std::basic_filebuf<char, std::char_traits<char> >::open(char const*, std::_Ios_Openmode) (in /usr/lib/arm-linux-gnueabihf/libstdc++.so.6.0.26)
   n0: 8192 0x49409EA: std::basic_ifstream<char, std::char_traits<char> >::basic_ifstream(std::__cxx11::basic_string<char, std::char_traits<char>, std::allocator<char> > const&, std::_Ios_Openmode) (in /usr/lib/arm-linux-gnueabihf/libstdc++.so.6.0.26)
 n0: 3993 in 25 places, all below massif's threshold (1.00%)
#-----------
snapshot=18
#-----------
time=118527895
mem_heap_B=371433
mem_heap_extra_B=2231
mem_stacks_B=0
heap_tree=empty
#-----------
snapshot=19
#-----------
time=127487893
mem_heap_B=403113
mem_heap_extra_B=2359
mem_stacks_B=0
heap_tree=empty
#-----------
snapshot=20
#-----------
time=134205895
mem_heap_B=426873
mem_heap_extra_B=2455
mem_stacks_B=0
heap_tree=empty
#-----------
snapshot=21
#-----------
time=138684627
mem_heap_B=442713
mem_heap_extra_B=2519
mem_stacks_B=0
heap_tree=empty
#-----------
snapshot=22
#-----------
time=145403305
mem_heap_B=466473
mem_heap_extra_B=2615
mem_stacks_B=0
heap_tree=empty
#-----------
snapshot=23
#-----------
time=151002231
mem_heap_B=486273
mem_heap_extra_B=2695
mem_stacks_B=0
heap_tree=empty
#-----------
snapshot=24
#-----------
time=155484755
mem_heap_B=502113
mem_heap_extra_B=2759
mem_stacks_B=0
heap_tree=empty
#-----------
snapshot=25
#-----------
time=161087845
mem_heap_B=521913
mem_heap_extra_B=2839
mem_stacks_B=0
heap_tree=empty
#-----------
snapshot=26
#-----------
time=170042991
mem_heap_B=553593
mem_heap_extra_B=2967
mem_stacks_B=0
heap_tree=empty
#-----------
snapshot=27
#-----------
time=174523602
mem_heap_B=569625
mem_heap_extra_B=3031
mem_stacks_B=0
heap_tree=empty
#-----------
snapshot=28
#-----------
time=182365020
mem_heap_B=597345
mem_heap_extra_B=3143
mem_stacks_B=0
heap_tree=empty
#-----------
snapshot=29
#-----------
time=191324468
mem_heap_B=629025
mem_heap_extra_B=3271
mem_stacks_B=0
heap_tree=detailed
n5: 629025 (heap allocation functions) malloc/new/new[], --alloc-fns, etc.
 n1: 543400 0x20664E: _ntl_gblock_construct_alloc(_ntl_gbigint_body**, long, long) (lip.cpp:6279)
  n2: 543400 0x228994: NTL::BasicBlockConstruct(NTL::ZZ_p*, long, long) (ZZ.h:1041)
   n0: 298056 0x16C5A0: void NTL::VecStrategy<true>::do_BlockConstruct<NTL::ZZ_p>(NTL::ZZ_p*, long) (in /home/reti/dongHyeon/Function-hiding-IPE/build/bin/p-norm-ipe-test)
   n1: 245344 0x228A36: NTL::BlockConstructFromVec(NTL::ZZ_p*, long, NTL::ZZ_p const*) (vec_ZZ_p.cpp:43)
    n0: 245344 0x16C17C: void NTL::VecStrategy<true>::do_BlockConstructFromVec<NTL::ZZ_p>(NTL::ZZ_p*, long, NTL::ZZ_p const*) (in /home/reti/dongHyeon/Function-hiding-IPE/build/bin/p-norm-ipe-test)
 n0: 52800 0x16B152: NTL::Vec<NTL::ZZ_p>::AllocateTo(long) (in /home/reti/dongHyeon/Function-hiding-IPE/build/bin/p-norm-ipe-test)
 n0: 20224 0x48F4F42: ??? (in /usr/lib/arm-linux-gnueabihf/libstdc++.so.6.0.26)
 n1: 8192 0x493D6C6: std::basic_filebuf<char, std::char_traits<char> >::_M_allocate_internal_buffer() (in /usr/lib/arm-linux-gnueabihf/libstdc++.so.6.0.26)
  n1: 8192 0x493FFE2: std::basic_filebuf<char, std::char_traits<char> >::open(char const*, std::_Ios_Openmode) (in /usr/lib/arm-linux-gnueabihf/libstdc++.so.6.0.26)
   n0: 8192 0x49409EA: std::basic_ifstream<char, std::char_traits<char> >::basic_ifstream(std::__cxx11::basic_string<char, std::char_traits<char>, std::allocator<char> > const&, std::_Ios_Openmode) (in /usr/lib/arm-linux-gnueabihf/libstdc++.so.6.0.26)
 n0: 4409 in 25 places, all below massif's threshold (1.00%)
#-----------
snapshot=30
#-----------
time=199160846
mem_heap_B=656745
mem_heap_extra_B=3383
mem_stacks_B=0
heap_tree=empty
#-----------
snapshot=31
#-----------
time=205878936
mem_heap_B=680505
mem_heap_extra_B=3479
mem_stacks_B=0
heap_tree=empty
#-----------
snapshot=32
#-----------
time=209853800
mem_heap_B=1332441
mem_heap_extra_B=6143
mem_stacks_B=0
heap_tree=peak
n4: 1332441 (heap allocation functions) malloc/new/new[], --alloc-fns, etc.
 n1: 1183424 0x20664E: _ntl_gblock_construct_alloc(_ntl_gbigint_body**, long, long) (lip.cpp:6279)
  n2: 1183424 0x228994: NTL::BasicBlockConstruct(NTL::ZZ_p*, long, long) (ZZ.h:1041)
   n0: 591712 0x16C5A0: void NTL::VecStrategy<true>::do_BlockConstruct<NTL::ZZ_p>(NTL::ZZ_p*, long) (in /home/reti/dongHyeon/Function-hiding-IPE/build/bin/p-norm-ipe-test)
   n1: 591712 0x228A36: NTL::BlockConstructFromVec(NTL::ZZ_p*, long, NTL::ZZ_p const*) (vec_ZZ_p.cpp:43)
    n0: 591712 0x16C17C: void NTL::VecStrategy<true>::do_BlockConstructFromVec<NTL::ZZ_p>(NTL::ZZ_p*, long, NTL::ZZ_p const*) (in /home/reti/dongHyeon/Function-hiding-IPE/build/bin/p-norm-ipe-test)
 n0: 115456 0x16B152: NTL::Vec<NTL::ZZ_p>::AllocateTo(long) (in /home/reti/dongHyeon/Function-hiding-IPE/build/bin/p-norm-ipe-test)
 n0: 20224 0x48F4F42: ??? (in /usr/lib/arm-linux-gnueabihf/libstdc++.so.6.0.26)
 n0: 13337 in 27 places, all below massif's threshold (1.00%)
#-----------
snapshot=33
#-----------
time=216214072
mem_heap_B=686093
mem_heap_extra_B=3851
mem_stacks_B=0
heap_tree=empty
#-----------
snapshot=34
#-----------
time=220851776
mem_heap_B=700313
mem_heap_extra_B=4999
mem_stacks_B=0
heap_tree=empty
#-----------
snapshot=35
#-----------
time=242454981
mem_heap_B=700317
mem_heap_extra_B=5011
mem_stacks_B=0
heap_tree=empty
#-----------
snapshot=36
#-----------
time=251750834
mem_heap_B=700425
mem_heap_extra_B=5031
mem_stacks_B=0
heap_tree=empty
#-----------
snapshot=37
#-----------
time=260890100
mem_heap_B=700425
mem_heap_extra_B=5031
mem_stacks_B=0
heap_tree=empty
#-----------
snapshot=38
#-----------
time=265475027
mem_heap_B=700425
mem_heap_extra_B=5031
mem_stacks_B=0
heap_tree=empty
#-----------
snapshot=39
#-----------
time=272362088
mem_heap_B=700425
mem_heap_extra_B=5031
mem_stacks_B=0
heap_tree=detailed
n5: 700425 (heap allocation functions) malloc/new/new[], --alloc-fns, etc.
 n1: 598928 0x20664E: _ntl_gblock_construct_alloc(_ntl_gbigint_body**, long, long) (lip.cpp:6279)
  n2: 598928 0x228994: NTL::BasicBlockConstruct(NTL::ZZ_p*, long, long) (ZZ.h:1041)
   n1: 595320 0x228A36: NTL::BlockConstructFromVec(NTL::ZZ_p*, long, NTL::ZZ_p const*) (vec_ZZ_p.cpp:43)
    n0: 595320 0x16C17C: void NTL::VecStrategy<true>::do_BlockConstructFromVec<NTL::ZZ_p>(NTL::ZZ_p*, long, NTL::ZZ_p const*) (in /home/reti/dongHyeon/Function-hiding-IPE/build/bin/p-norm-ipe-test)
   n0: 3608 in 1 place, below massif's threshold (1.00%)
 n0: 58432 0x16B152: NTL::Vec<NTL::ZZ_p>::AllocateTo(long) (in /home/reti/dongHyeon/Function-hiding-IPE/build/bin/p-norm-ipe-test)
 n0: 20224 0x48F4F42: ??? (in /usr/lib/arm-linux-gnueabihf/libstdc++.so.6.0.26)
 n0: 11808 0x16AD2E: mcl::Array<mcl::EcT<mcl::FpT<mcl::bn::local::FpTag, 384u> > >::resize(unsigned int) (in /home/reti/dongHyeon/Function-hiding-IPE/build/bin/p-norm-ipe-test)
 n0: 11033 in 53 places, all below massif's threshold (1.00%)
#-----------
snapshot=40
#-----------
time=279176299
mem_heap_B=700425
mem_heap_extra_B=5031
mem_stacks_B=0
heap_tree=empty
#-----------
snapshot=41
#-----------
time=286137060
mem_heap_B=700425
mem_heap_extra_B=5031
mem_stacks_B=0
heap_tree=empty
#-----------
snapshot=42
#-----------
time=291196599
mem_heap_B=700317
mem_heap_extra_B=5011
mem_stacks_B=0
heap_tree=empty
#-----------
snapshot=43
#-----------
time=300253895
mem_heap_B=700425
mem_heap_extra_B=5031
mem_stacks_B=0
heap_tree=empty
#-----------
snapshot=44
#-----------
time=304931277
mem_heap_B=700425
mem_heap_extra_B=5031
mem_stacks_B=0
heap_tree=empty
#-----------
snapshot=45
#-----------
time=311730872
mem_heap_B=700425
mem_heap_extra_B=5031
mem_stacks_B=0
heap_tree=empty
#-----------
snapshot=46
#-----------
time=316276291
mem_heap_B=700425
mem_heap_extra_B=5031
mem_stacks_B=0
heap_tree=empty
#-----------
snapshot=47
#-----------
time=323129394
mem_heap_B=700425
mem_heap_extra_B=5031
mem_stacks_B=0
heap_tree=empty
#-----------
snapshot=48
#-----------
time=331354545
mem_heap_B=700461
mem_heap_extra_B=5051
mem_stacks_B=0
heap_tree=empty
#-----------
snapshot=49
#-----------
time=340605800
mem_heap_B=700569
mem_heap_extra_B=5079
mem_stacks_B=0
heap_tree=detailed
n5: 700569 (heap allocation functions) malloc/new/new[], --alloc-fns, etc.
 n1: 598928 0x20664E: _ntl_gblock_construct_alloc(_ntl_gbigint_body**, long, long) (lip.cpp:6279)
  n2: 598928 0x228994: NTL::BasicBlockConstruct(NTL::ZZ_p*, long, long) (ZZ.h:1041)
   n1: 595320 0x228A36: NTL::BlockConstructFromVec(NTL::ZZ_p*, long, NTL::ZZ_p const*) (vec_ZZ_p.cpp:43)
    n0: 595320 0x16C17C: void NTL::VecStrategy<true>::do_BlockConstructFromVec<NTL::ZZ_p>(NTL::ZZ_p*, long, NTL::ZZ_p const*) (in /home/reti/dongHyeon/Function-hiding-IPE/build/bin/p-norm-ipe-test)
   n0: 3608 in 1 place, below massif's threshold (1.00%)
 n0: 58432 0x16B152: NTL::Vec<NTL::ZZ_p>::AllocateTo(long) (in /home/reti/dongHyeon/Function-hiding-IPE/build/bin/p-norm-ipe-test)
 n0: 20224 0x48F4F42: ??? (in /usr/lib/arm-linux-gnueabihf/libstdc++.so.6.0.26)
 n0: 11808 0x16AD2E: mcl::Array<mcl::EcT<mcl::FpT<mcl::bn::local::FpTag, 384u> > >::resize(unsigned int) (in /home/reti/dongHyeon/Function-hiding-IPE/build/bin/p-norm-ipe-test)
 n0: 11177 in 53 places, all below massif's threshold (1.00%)
#-----------
snapshot=50
#-----------
time=345157314
mem_heap_B=700569
mem_heap_extra_B=5079
mem_stacks_B=0
heap_tree=empty
#-----------
snapshot=51
#-----------
time=349809526
mem_heap_B=700569
mem_heap_extra_B=5079
mem_stacks_B=0
heap_tree=empty
#-----------
snapshot=52
#-----------
time=354395896
mem_heap_B=700569
mem_heap_extra_B=5079
mem_stacks_B=0
heap_tree=empty
#-----------
snapshot=53
#-----------
time=359007711
mem_heap_B=700569
mem_heap_extra_B=5079
mem_stacks_B=0
heap_tree=empty
#-----------
snapshot=54
#-----------
time=363683160
mem_heap_B=700569
mem_heap_extra_B=5079
mem_stacks_B=0
heap_tree=empty
#-----------
snapshot=55
#-----------
time=368208710
mem_heap_B=700569
mem_heap_extra_B=5079
mem_stacks_B=0
heap_tree=empty
#-----------
snapshot=56
#-----------
time=372821741
mem_heap_B=700569
mem_heap_extra_B=5079
mem_stacks_B=0
heap_tree=empty
#-----------
snapshot=57
#-----------
time=377404519
mem_heap_B=700569
mem_heap_extra_B=5079
mem_stacks_B=0
heap_tree=empty
#-----------
snapshot=58
#-----------
time=382433067
mem_heap_B=700569
mem_heap_extra_B=5079
mem_stacks_B=0
heap_tree=empty
#-----------
snapshot=59
#-----------
time=386943597
mem_heap_B=700569
mem_heap_extra_B=5079
mem_stacks_B=0
heap_tree=detailed
n5: 700569 (heap allocation functions) malloc/new/new[], --alloc-fns, etc.
 n1: 598928 0x20664E: _ntl_gblock_construct_alloc(_ntl_gbigint_body**, long, long) (lip.cpp:6279)
  n2: 598928 0x228994: NTL::BasicBlockConstruct(NTL::ZZ_p*, long, long) (ZZ.h:1041)
   n1: 595320 0x228A36: NTL::BlockConstructFromVec(NTL::ZZ_p*, long, NTL::ZZ_p const*) (vec_ZZ_p.cpp:43)
    n0: 595320 0x16C17C: void NTL::VecStrategy<true>::do_BlockConstructFromVec<NTL::ZZ_p>(NTL::ZZ_p*, long, NTL::ZZ_p const*) (in /home/reti/dongHyeon/Function-hiding-IPE/build/bin/p-norm-ipe-test)
   n0: 3608 in 1 place, below massif's threshold (1.00%)
 n0: 58432 0x16B152: NTL::Vec<NTL::ZZ_p>::AllocateTo(long) (in /home/reti/dongHyeon/Function-hiding-IPE/build/bin/p-norm-ipe-test)
 n0: 20224 0x48F4F42: ??? (in /usr/lib/arm-linux-gnueabihf/libstdc++.so.6.0.26)
 n0: 11808 0x16AD2E: mcl::Array<mcl::EcT<mcl::FpT<mcl::bn::local::FpTag, 384u> > >::resize(unsigned int) (in /home/reti/dongHyeon/Function-hiding-IPE/build/bin/p-norm-ipe-test)
 n0: 11177 in 53 places, all below massif's threshold (1.00%)
#-----------
snapshot=60
#-----------
time=391550252
mem_heap_B=700569
mem_heap_extra_B=5079
mem_stacks_B=0
heap_tree=empty
#-----------
snapshot=61
#-----------
time=396089328
mem_heap_B=700569
mem_heap_extra_B=5079
mem_stacks_B=0
heap_tree=empty
#-----------
snapshot=62
#-----------
time=400706471
mem_heap_B=700569
mem_heap_extra_B=5079
mem_stacks_B=0
heap_tree=empty
#-----------
snapshot=63
#-----------
time=405315636
mem_heap_B=700569
mem_heap_extra_B=5079
mem_stacks_B=0
heap_tree=empty
#-----------
snapshot=64
#-----------
time=409920306
mem_heap_B=700569
mem_heap_extra_B=5079
mem_stacks_B=0
heap_tree=empty
#-----------
snapshot=65
#-----------
time=414540374
mem_heap_B=700569
mem_heap_extra_B=5079
mem_stacks_B=0
heap_tree=empty
#-----------
snapshot=66
#-----------
time=419104548
mem_heap_B=700569
mem_heap_extra_B=5079
mem_stacks_B=0
heap_tree=empty
#-----------
snapshot=67
#-----------
time=423647419
mem_heap_B=700569
mem_heap_extra_B=5079
mem_stacks_B=0
heap_tree=empty
#-----------
snapshot=68
#-----------
time=428179491
mem_heap_B=700569
mem_heap_extra_B=5079
mem_stacks_B=0
heap_tree=empty
#-----------
snapshot=69
#-----------
time=431960851
mem_heap_B=700425
mem_heap_extra_B=5031
mem_stacks_B=0
heap_tree=detailed
n5: 700425 (heap allocation functions) malloc/new/new[], --alloc-fns, etc.
 n1: 598928 0x20664E: _ntl_gblock_construct_alloc(_ntl_gbigint_body**, long, long) (lip.cpp:6279)
  n2: 598928 0x228994: NTL::BasicBlockConstruct(NTL::ZZ_p*, long, long) (ZZ.h:1041)
   n1: 595320 0x228A36: NTL::BlockConstructFromVec(NTL::ZZ_p*, long, NTL::ZZ_p const*) (vec_ZZ_p.cpp:43)
    n0: 595320 0x16C17C: void NTL::VecStrategy<true>::do_BlockConstructFromVec<NTL::ZZ_p>(NTL::ZZ_p*, long, NTL::ZZ_p const*) (in /home/reti/dongHyeon/Function-hiding-IPE/build/bin/p-norm-ipe-test)
   n0: 3608 in 1 place, below massif's threshold (1.00%)
 n0: 58432 0x16B152: NTL::Vec<NTL::ZZ_p>::AllocateTo(long) (in /home/reti/dongHyeon/Function-hiding-IPE/build/bin/p-norm-ipe-test)
 n0: 20224 0x48F4F42: ??? (in /usr/lib/arm-linux-gnueabihf/libstdc++.so.6.0.26)
 n0: 11808 0x16AD2E: mcl::Array<mcl::EcT<mcl::FpT<mcl::bn::local::FpTag, 384u> > >::resize(unsigned int) (in /home/reti/dongHyeon/Function-hiding-IPE/build/bin/p-norm-ipe-test)
 n0: 11033 in 53 places, all below massif's threshold (1.00%)
#-----------
snapshot=70
#-----------
time=436561948
mem_heap_B=700425
mem_heap_extra_B=5031
mem_stacks_B=0
heap_tree=empty
