desc: --massif-out-file=keygen/memory-16-10-4.log
cmd: ./p-norm-ipe-test keygen 16 10 4
time_unit: i
#-----------
snapshot=0
#-----------
time=0
mem_heap_B=0
mem_heap_extra_B=0
mem_stacks_B=0
heap_tree=empty
#-----------
snapshot=1
#-----------
time=3489736
mem_heap_B=32765
mem_heap_extra_B=771
mem_stacks_B=0
heap_tree=empty
#-----------
snapshot=2
#-----------
time=11014981
mem_heap_B=32765
mem_heap_extra_B=771
mem_stacks_B=0
heap_tree=detailed
n7: 32765 (heap allocation functions) malloc/new/new[], --alloc-fns, etc.
 n0: 20224 0x48F4F42: ??? (in /usr/lib/arm-linux-gnueabihf/libstdc++.so.6.0.26)
 n1: 8192 0x493D6C6: std::basic_filebuf<char, std::char_traits<char> >::_M_allocate_internal_buffer() (in /usr/lib/arm-linux-gnueabihf/libstdc++.so.6.0.26)
  n1: 8192 0x493FFE2: std::basic_filebuf<char, std::char_traits<char> >::open(char const*, std::_Ios_Openmode) (in /usr/lib/arm-linux-gnueabihf/libstdc++.so.6.0.26)
   n0: 8192 0x49409EA: std::basic_ifstream<char, std::char_traits<char> >::basic_ifstream(std::__cxx11::basic_string<char, std::char_traits<char>, std::allocator<char> > const&, std::_Ios_Openmode) (in /usr/lib/arm-linux-gnueabihf/libstdc++.so.6.0.26)
 n0: 2700 0x24B812: __gmp_default_allocate (in /home/reti/dongHyeon/Function-hiding-IPE/build/bin/p-norm-ipe-test)
 n1: 520 0x4ADE1F0: __new_exitfn (cxa_atexit.c:114)
  n1: 520 0x4ADE264: __internal_atexit (cxa_atexit.c:44)
   n0: 520 0x251574: __libc_csu_init (in /home/reti/dongHyeon/Function-hiding-IPE/build/bin/p-norm-ipe-test)
 n1: 513 0x49658F2: std::__cxx11::basic_string<char, std::char_traits<char>, std::allocator<char> >::reserve(unsigned int) (in /usr/lib/arm-linux-gnueabihf/libstdc++.so.6.0.26)
  n0: 513 0x495D556: std::__cxx11::basic_stringbuf<char, std::char_traits<char>, std::allocator<char> >::overflow(int) (in /usr/lib/arm-linux-gnueabihf/libstdc++.so.6.0.26)
 n1: 352 0x4AFE6FA: __fopen_internal (iofopen.c:65)
  n1: 352 0x490F2C6: std::__basic_file<char>::open(char const*, std::_Ios_Openmode, int) (in /usr/lib/arm-linux-gnueabihf/libstdc++.so.6.0.26)
   n1: 352 0x493FFD4: std::basic_filebuf<char, std::char_traits<char> >::open(char const*, std::_Ios_Openmode) (in /usr/lib/arm-linux-gnueabihf/libstdc++.so.6.0.26)
    n0: 352 0x49409EA: std::basic_ifstream<char, std::char_traits<char> >::basic_ifstream(std::__cxx11::basic_string<char, std::char_traits<char>, std::allocator<char> > const&, std::_Ios_Openmode) (in /usr/lib/arm-linux-gnueabihf/libstdc++.so.6.0.26)
 n0: 264 in 7 places, all below massif's threshold (1.00%)
#-----------
snapshot=3
#-----------
time=11509757
mem_heap_B=33045
mem_heap_extra_B=755
mem_stacks_B=0
heap_tree=empty
#-----------
snapshot=4
#-----------
time=18182060
mem_heap_B=30545
mem_heap_extra_B=743
mem_stacks_B=0
heap_tree=empty
#-----------
snapshot=5
#-----------
time=22635201
mem_heap_B=39361
mem_heap_extra_B=903
mem_stacks_B=0
heap_tree=empty
#-----------
snapshot=6
#-----------
time=27414803
mem_heap_B=56329
mem_heap_extra_B=1015
mem_stacks_B=0
heap_tree=empty
#-----------
snapshot=7
#-----------
time=30146827
mem_heap_B=66025
mem_heap_extra_B=1079
mem_stacks_B=0
heap_tree=empty
#-----------
snapshot=8
#-----------
time=33561123
mem_heap_B=78145
mem_heap_extra_B=1159
mem_stacks_B=0
heap_tree=empty
#-----------
snapshot=9
#-----------
time=35611433
mem_heap_B=85417
mem_heap_extra_B=1207
mem_stacks_B=0
heap_tree=empty
#-----------
snapshot=10
#-----------
time=40391339
mem_heap_B=102385
mem_heap_extra_B=1319
mem_stacks_B=0
heap_tree=empty
#-----------
snapshot=11
#-----------
time=44488761
mem_heap_B=116929
mem_heap_extra_B=1415
mem_stacks_B=0
heap_tree=empty
#-----------
snapshot=12
#-----------
time=47219793
mem_heap_B=126625
mem_heap_extra_B=1479
mem_stacks_B=0
heap_tree=empty
#-----------
snapshot=13
#-----------
time=51996795
mem_heap_B=143593
mem_heap_extra_B=1591
mem_stacks_B=0
heap_tree=empty
#-----------
snapshot=14
#-----------
time=55013025
mem_heap_B=274489
mem_heap_extra_B=2455
mem_stacks_B=0
heap_tree=detailed
n5: 274489 (heap allocation functions) malloc/new/new[], --alloc-fns, etc.
 n1: 220000 0x20664E: _ntl_gblock_construct_alloc(_ntl_gbigint_body**, long, long) (lip.cpp:6279)
  n2: 220000 0x228994: NTL::BasicBlockConstruct(NTL::ZZ_p*, long, long) (ZZ.h:1041)
   n1: 220000 0x228A36: NTL::BlockConstructFromVec(NTL::ZZ_p*, long, NTL::ZZ_p const*) (vec_ZZ_p.cpp:43)
    n0: 220000 0x16C17C: void NTL::VecStrategy<true>::do_BlockConstructFromVec<NTL::ZZ_p>(NTL::ZZ_p*, long, NTL::ZZ_p const*) (in /home/reti/dongHyeon/Function-hiding-IPE/build/bin/p-norm-ipe-test)
   n0: 0 in 1 place, below massif's threshold (1.00%)
 n0: 22400 0x16B152: NTL::Vec<NTL::ZZ_p>::AllocateTo(long) (in /home/reti/dongHyeon/Function-hiding-IPE/build/bin/p-norm-ipe-test)
 n0: 20224 0x48F4F42: ??? (in /usr/lib/arm-linux-gnueabihf/libstdc++.so.6.0.26)
 n1: 8192 0x493D6C6: std::basic_filebuf<char, std::char_traits<char> >::_M_allocate_internal_buffer() (in /usr/lib/arm-linux-gnueabihf/libstdc++.so.6.0.26)
  n1: 8192 0x493FFE2: std::basic_filebuf<char, std::char_traits<char> >::open(char const*, std::_Ios_Openmode) (in /usr/lib/arm-linux-gnueabihf/libstdc++.so.6.0.26)
   n0: 8192 0x49409EA: std::basic_ifstream<char, std::char_traits<char> >::basic_ifstream(std::__cxx11::basic_string<char, std::char_traits<char>, std::allocator<char> > const&, std::_Ios_Openmode) (in /usr/lib/arm-linux-gnueabihf/libstdc++.so.6.0.26)
 n0: 3673 in 23 places, all below massif's threshold (1.00%)
#-----------
snapshot=15
#-----------
time=58957757
mem_heap_B=165633
mem_heap_extra_B=1743
mem_stacks_B=0
heap_tree=empty
#-----------
snapshot=16
#-----------
time=64420551
mem_heap_B=185025
mem_heap_extra_B=1871
mem_stacks_B=0
heap_tree=empty
#-----------
snapshot=17
#-----------
time=67836553
mem_heap_B=197145
mem_heap_extra_B=1951
mem_stacks_B=0
heap_tree=empty
#-----------
snapshot=18
#-----------
time=70568925
mem_heap_B=206841
mem_heap_extra_B=2015
mem_stacks_B=0
heap_tree=empty
#-----------
snapshot=19
#-----------
time=74664683
mem_heap_B=221385
mem_heap_extra_B=2111
mem_stacks_B=0
heap_tree=empty
#-----------
snapshot=20
#-----------
time=77396345
mem_heap_B=231081
mem_heap_extra_B=2175
mem_stacks_B=0
heap_tree=empty
#-----------
snapshot=21
#-----------
time=82175783
mem_heap_B=248049
mem_heap_extra_B=2287
mem_stacks_B=0
heap_tree=detailed
n5: 248049 (heap allocation functions) malloc/new/new[], --alloc-fns, etc.
 n1: 195800 0x20664E: _ntl_gblock_construct_alloc(_ntl_gbigint_body**, long, long) (lip.cpp:6279)
  n2: 195800 0x228994: NTL::BasicBlockConstruct(NTL::ZZ_p*, long, long) (ZZ.h:1041)
   n0: 112200 0x16C5A0: void NTL::VecStrategy<true>::do_BlockConstruct<NTL::ZZ_p>(NTL::ZZ_p*, long) (in /home/reti/dongHyeon/Function-hiding-IPE/build/bin/p-norm-ipe-test)
   n1: 83600 0x228A36: NTL::BlockConstructFromVec(NTL::ZZ_p*, long, NTL::ZZ_p const*) (vec_ZZ_p.cpp:43)
    n0: 83600 0x16C17C: void NTL::VecStrategy<true>::do_BlockConstructFromVec<NTL::ZZ_p>(NTL::ZZ_p*, long, NTL::ZZ_p const*) (in /home/reti/dongHyeon/Function-hiding-IPE/build/bin/p-norm-ipe-test)
 n0: 20224 0x48F4F42: ??? (in /usr/lib/arm-linux-gnueabihf/libstdc++.so.6.0.26)
 n0: 20160 0x16B152: NTL::Vec<NTL::ZZ_p>::AllocateTo(long) (in /home/reti/dongHyeon/Function-hiding-IPE/build/bin/p-norm-ipe-test)
 n1: 8192 0x493D6C6: std::basic_filebuf<char, std::char_traits<char> >::_M_allocate_internal_buffer() (in /usr/lib/arm-linux-gnueabihf/libstdc++.so.6.0.26)
  n1: 8192 0x493FFE2: std::basic_filebuf<char, std::char_traits<char> >::open(char const*, std::_Ios_Openmode) (in /usr/lib/arm-linux-gnueabihf/libstdc++.so.6.0.26)
   n0: 8192 0x49409EA: std::basic_ifstream<char, std::char_traits<char> >::basic_ifstream(std::__cxx11::basic_string<char, std::char_traits<char>, std::allocator<char> > const&, std::_Ios_Openmode) (in /usr/lib/arm-linux-gnueabihf/libstdc++.so.6.0.26)
 n0: 3673 in 23 places, all below massif's threshold (1.00%)
#-----------
snapshot=22
#-----------
time=85591053
mem_heap_B=260169
mem_heap_extra_B=2367
mem_stacks_B=0
heap_tree=empty
#-----------
snapshot=23
#-----------
time=88322713
mem_heap_B=269865
mem_heap_extra_B=2431
mem_stacks_B=0
heap_tree=empty
#-----------
snapshot=24
#-----------
time=91085259
mem_heap_B=517849
mem_heap_extra_B=4095
mem_stacks_B=0
heap_tree=peak
n5: 517849 (heap allocation functions) malloc/new/new[], --alloc-fns, etc.
 n1: 440000 0x20664E: _ntl_gblock_construct_alloc(_ntl_gbigint_body**, long, long) (lip.cpp:6279)
  n2: 440000 0x228994: NTL::BasicBlockConstruct(NTL::ZZ_p*, long, long) (ZZ.h:1041)
   n0: 220000 0x16C5A0: void NTL::VecStrategy<true>::do_BlockConstruct<NTL::ZZ_p>(NTL::ZZ_p*, long) (in /home/reti/dongHyeon/Function-hiding-IPE/build/bin/p-norm-ipe-test)
   n1: 220000 0x228A36: NTL::BlockConstructFromVec(NTL::ZZ_p*, long, NTL::ZZ_p const*) (vec_ZZ_p.cpp:43)
    n0: 220000 0x16C17C: void NTL::VecStrategy<true>::do_BlockConstructFromVec<NTL::ZZ_p>(NTL::ZZ_p*, long, NTL::ZZ_p const*) (in /home/reti/dongHyeon/Function-hiding-IPE/build/bin/p-norm-ipe-test)
 n0: 44800 0x16B152: NTL::Vec<NTL::ZZ_p>::AllocateTo(long) (in /home/reti/dongHyeon/Function-hiding-IPE/build/bin/p-norm-ipe-test)
 n0: 20224 0x48F4F42: ??? (in /usr/lib/arm-linux-gnueabihf/libstdc++.so.6.0.26)
 n1: 8192 0x493D6C6: std::basic_filebuf<char, std::char_traits<char> >::_M_allocate_internal_buffer() (in /usr/lib/arm-linux-gnueabihf/libstdc++.so.6.0.26)
  n1: 8192 0x493FFE2: std::basic_filebuf<char, std::char_traits<char> >::open(char const*, std::_Ios_Openmode) (in /usr/lib/arm-linux-gnueabihf/libstdc++.so.6.0.26)
   n0: 8192 0x49409EA: std::basic_ifstream<char, std::char_traits<char> >::basic_ifstream(std::__cxx11::basic_string<char, std::char_traits<char>, std::allocator<char> > const&, std::_Ios_Openmode) (in /usr/lib/arm-linux-gnueabihf/libstdc++.so.6.0.26)
 n0: 4633 in 24 places, all below massif's threshold (1.00%)
#-----------
snapshot=25
#-----------
time=96019097
mem_heap_B=274541
mem_heap_extra_B=3515
mem_stacks_B=0
heap_tree=empty
#-----------
snapshot=26
#-----------
time=98919597
mem_heap_B=283800
mem_heap_extra_B=3560
mem_stacks_B=0
heap_tree=empty
#-----------
snapshot=27
#-----------
time=120522802
mem_heap_B=283804
mem_heap_extra_B=3572
mem_stacks_B=0
heap_tree=empty
#-----------
snapshot=28
#-----------
time=122800147
mem_heap_B=283912
mem_heap_extra_B=3592
mem_stacks_B=0
heap_tree=empty
#-----------
snapshot=29
#-----------
time=127366396
mem_heap_B=283912
mem_heap_extra_B=3592
mem_stacks_B=0
heap_tree=empty
#-----------
snapshot=30
#-----------
time=132015430
mem_heap_B=283912
mem_heap_extra_B=3592
mem_stacks_B=0
heap_tree=empty
#-----------
snapshot=31
#-----------
time=136620753
mem_heap_B=283912
mem_heap_extra_B=3592
mem_stacks_B=0
heap_tree=empty
#-----------
snapshot=32
#-----------
time=141164377
mem_heap_B=283912
mem_heap_extra_B=3592
mem_stacks_B=0
heap_tree=empty
#-----------
snapshot=33
#-----------
time=143487916
mem_heap_B=283912
mem_heap_extra_B=3592
mem_stacks_B=0
heap_tree=empty
#-----------
snapshot=34
#-----------
time=148029885
mem_heap_B=283912
mem_heap_extra_B=3592
mem_stacks_B=0
heap_tree=empty
#-----------
snapshot=35
#-----------
time=150730638
mem_heap_B=283804
mem_heap_extra_B=3572
mem_stacks_B=0
heap_tree=empty
#-----------
snapshot=36
#-----------
time=155278313
mem_heap_B=283912
mem_heap_extra_B=3592
mem_stacks_B=0
heap_tree=empty
#-----------
snapshot=37
#-----------
time=157624025
mem_heap_B=283912
mem_heap_extra_B=3592
mem_stacks_B=0
heap_tree=empty
#-----------
snapshot=38
#-----------
time=162121659
mem_heap_B=283912
mem_heap_extra_B=3592
mem_stacks_B=0
heap_tree=empty
#-----------
snapshot=39
#-----------
time=166784482
mem_heap_B=283912
mem_heap_extra_B=3592
mem_stacks_B=0
heap_tree=empty
#-----------
snapshot=40
#-----------
time=169148824
mem_heap_B=283912
mem_heap_extra_B=3592
mem_stacks_B=0
heap_tree=empty
#-----------
snapshot=41
#-----------
time=173765251
mem_heap_B=283912
mem_heap_extra_B=3592
mem_stacks_B=0
heap_tree=empty
#-----------
snapshot=42
#-----------
time=178290022
mem_heap_B=283912
mem_heap_extra_B=3592
mem_stacks_B=0
heap_tree=empty
#-----------
snapshot=43
#-----------
time=183255143
mem_heap_B=283804
mem_heap_extra_B=3572
mem_stacks_B=0
heap_tree=empty
#-----------
snapshot=44
#-----------
time=187851162
mem_heap_B=283912
mem_heap_extra_B=3592
mem_stacks_B=0
heap_tree=empty
#-----------
snapshot=45
#-----------
time=192487364
mem_heap_B=283912
mem_heap_extra_B=3592
mem_stacks_B=0
heap_tree=empty
#-----------
snapshot=46
#-----------
time=197056897
mem_heap_B=283912
mem_heap_extra_B=3592
mem_stacks_B=0
heap_tree=empty
#-----------
snapshot=47
#-----------
time=201613960
mem_heap_B=283912
mem_heap_extra_B=3592
mem_stacks_B=0
heap_tree=empty
#-----------
snapshot=48
#-----------
time=203938557
mem_heap_B=283912
mem_heap_extra_B=3592
mem_stacks_B=0
heap_tree=empty
#-----------
snapshot=49
#-----------
time=208485190
mem_heap_B=283912
mem_heap_extra_B=3592
mem_stacks_B=0
heap_tree=empty
#-----------
snapshot=50
#-----------
time=210761904
mem_heap_B=283912
mem_heap_extra_B=3592
mem_stacks_B=0
heap_tree=empty
#-----------
snapshot=51
#-----------
time=213462645
mem_heap_B=283804
mem_heap_extra_B=3572
mem_stacks_B=0
heap_tree=empty
#-----------
snapshot=52
#-----------
time=215798165
mem_heap_B=283912
mem_heap_extra_B=3592
mem_stacks_B=0
heap_tree=empty
#-----------
snapshot=53
#-----------
time=218063332
mem_heap_B=283912
mem_heap_extra_B=3592
mem_stacks_B=0
heap_tree=empty
#-----------
snapshot=54
#-----------
time=220361322
mem_heap_B=283912
mem_heap_extra_B=3592
mem_stacks_B=0
heap_tree=empty
#-----------
snapshot=55
#-----------
time=222611277
mem_heap_B=283912
mem_heap_extra_B=3592
mem_stacks_B=0
heap_tree=detailed
n6: 283912 (heap allocation functions) malloc/new/new[], --alloc-fns, etc.
 n1: 224400 0x20664E: _ntl_gblock_construct_alloc(_ntl_gbigint_body**, long, long) (lip.cpp:6279)
  n2: 224400 0x228994: NTL::BasicBlockConstruct(NTL::ZZ_p*, long, long) (ZZ.h:1041)
   n1: 222200 0x228A36: NTL::BlockConstructFromVec(NTL::ZZ_p*, long, NTL::ZZ_p const*) (vec_ZZ_p.cpp:43)
    n0: 222200 0x16C17C: void NTL::VecStrategy<true>::do_BlockConstructFromVec<NTL::ZZ_p>(NTL::ZZ_p*, long, NTL::ZZ_p const*) (in /home/reti/dongHyeon/Function-hiding-IPE/build/bin/p-norm-ipe-test)
   n0: 2200 in 1 place, below massif's threshold (1.00%)
 n0: 22848 0x16B152: NTL::Vec<NTL::ZZ_p>::AllocateTo(long) (in /home/reti/dongHyeon/Function-hiding-IPE/build/bin/p-norm-ipe-test)
 n0: 20224 0x48F4F42: ??? (in /usr/lib/arm-linux-gnueabihf/libstdc++.so.6.0.26)
 n0: 7200 0x16AD2E: mcl::Array<mcl::EcT<mcl::FpT<mcl::bn::local::FpTag, 384u> > >::resize(unsigned int) (in /home/reti/dongHyeon/Function-hiding-IPE/build/bin/p-norm-ipe-test)
 n0: 6012 in 50 places, all below massif's threshold (1.00%)
 n0: 3228 0x24B84C: __gmp_default_reallocate (in /home/reti/dongHyeon/Function-hiding-IPE/build/bin/p-norm-ipe-test)
#-----------
snapshot=56
#-----------
time=224943235
mem_heap_B=283912
mem_heap_extra_B=3592
mem_stacks_B=0
heap_tree=empty
#-----------
snapshot=57
#-----------
time=227323503
mem_heap_B=283912
mem_heap_extra_B=3592
mem_stacks_B=0
heap_tree=empty
#-----------
snapshot=58
#-----------
time=229595609
mem_heap_B=283912
mem_heap_extra_B=3592
mem_stacks_B=0
heap_tree=empty
#-----------
snapshot=59
#-----------
time=231858505
mem_heap_B=283912
mem_heap_extra_B=3592
mem_stacks_B=0
heap_tree=empty
#-----------
snapshot=60
#-----------
time=234155785
mem_heap_B=283912
mem_heap_extra_B=3592
mem_stacks_B=0
heap_tree=empty
#-----------
snapshot=61
#-----------
time=236450144
mem_heap_B=283912
mem_heap_extra_B=3592
mem_stacks_B=0
heap_tree=empty
#-----------
snapshot=62
#-----------
time=238787018
mem_heap_B=283912
mem_heap_extra_B=3592
mem_stacks_B=0
heap_tree=empty
#-----------
snapshot=63
#-----------
time=241153151
mem_heap_B=283912
mem_heap_extra_B=3592
mem_stacks_B=0
heap_tree=empty
#-----------
snapshot=64
#-----------
time=243388534
mem_heap_B=283912
mem_heap_extra_B=3592
mem_stacks_B=0
heap_tree=empty
#-----------
snapshot=65
#-----------
time=251489442
mem_heap_B=291000
mem_heap_extra_B=3568
mem_stacks_B=0
heap_tree=detailed
n6: 291000 (heap allocation functions) malloc/new/new[], --alloc-fns, etc.
 n1: 224400 0x20664E: _ntl_gblock_construct_alloc(_ntl_gbigint_body**, long, long) (lip.cpp:6279)
  n2: 224400 0x228994: NTL::BasicBlockConstruct(NTL::ZZ_p*, long, long) (ZZ.h:1041)
   n1: 222200 0x228A36: NTL::BlockConstructFromVec(NTL::ZZ_p*, long, NTL::ZZ_p const*) (vec_ZZ_p.cpp:43)
    n0: 222200 0x16C17C: void NTL::VecStrategy<true>::do_BlockConstructFromVec<NTL::ZZ_p>(NTL::ZZ_p*, long, NTL::ZZ_p const*) (in /home/reti/dongHyeon/Function-hiding-IPE/build/bin/p-norm-ipe-test)
   n0: 2200 in 1 place, below massif's threshold (1.00%)
 n0: 22848 0x16B152: NTL::Vec<NTL::ZZ_p>::AllocateTo(long) (in /home/reti/dongHyeon/Function-hiding-IPE/build/bin/p-norm-ipe-test)
 n0: 20224 0x48F4F42: ??? (in /usr/lib/arm-linux-gnueabihf/libstdc++.so.6.0.26)
 n0: 14400 0x16AD2E: mcl::Array<mcl::EcT<mcl::FpT<mcl::bn::local::FpTag, 384u> > >::resize(unsigned int) (in /home/reti/dongHyeon/Function-hiding-IPE/build/bin/p-norm-ipe-test)
 n0: 5968 in 50 places, all below massif's threshold (1.00%)
 n0: 3160 0x24B84C: __gmp_default_reallocate (in /home/reti/dongHyeon/Function-hiding-IPE/build/bin/p-norm-ipe-test)
