desc: --massif-out-file=keygen/memory-8-10-2.log
cmd: ./p-norm-ipe-test keygen 8 10 2
time_unit: i
#-----------
snapshot=0
#-----------
time=0
mem_heap_B=0
mem_heap_extra_B=0
mem_stacks_B=0
heap_tree=empty
#-----------
snapshot=1
#-----------
time=2979805
mem_heap_B=32800
mem_heap_extra_B=8
mem_stacks_B=0
heap_tree=empty
#-----------
snapshot=2
#-----------
time=3138572
mem_heap_B=20232
mem_heap_extra_B=32
mem_stacks_B=0
heap_tree=empty
#-----------
snapshot=3
#-----------
time=3229553
mem_heap_B=30233
mem_heap_extra_B=759
mem_stacks_B=0
heap_tree=empty
#-----------
snapshot=4
#-----------
time=3488738
mem_heap_B=32733
mem_heap_extra_B=771
mem_stacks_B=0
heap_tree=empty
#-----------
snapshot=5
#-----------
time=11013983
mem_heap_B=32733
mem_heap_extra_B=771
mem_stacks_B=0
heap_tree=detailed
n7: 32733 (heap allocation functions) malloc/new/new[], --alloc-fns, etc.
 n0: 20224 0x48F4F42: ??? (in /usr/lib/arm-linux-gnueabihf/libstdc++.so.6.0.26)
 n1: 8192 0x493D6C6: std::basic_filebuf<char, std::char_traits<char> >::_M_allocate_internal_buffer() (in /usr/lib/arm-linux-gnueabihf/libstdc++.so.6.0.26)
  n1: 8192 0x493FFE2: std::basic_filebuf<char, std::char_traits<char> >::open(char const*, std::_Ios_Openmode) (in /usr/lib/arm-linux-gnueabihf/libstdc++.so.6.0.26)
   n0: 8192 0x49409EA: std::basic_ifstream<char, std::char_traits<char> >::basic_ifstream(std::__cxx11::basic_string<char, std::char_traits<char>, std::allocator<char> > const&, std::_Ios_Openmode) (in /usr/lib/arm-linux-gnueabihf/libstdc++.so.6.0.26)
 n0: 2700 0x24B812: __gmp_default_allocate (in /home/reti/dongHyeon/Function-hiding-IPE/build/bin/p-norm-ipe-test)
 n1: 520 0x4ADE1F0: __new_exitfn (cxa_atexit.c:114)
  n1: 520 0x4ADE264: __internal_atexit (cxa_atexit.c:44)
   n0: 520 0x251574: __libc_csu_init (in /home/reti/dongHyeon/Function-hiding-IPE/build/bin/p-norm-ipe-test)
 n1: 513 0x49658F2: std::__cxx11::basic_string<char, std::char_traits<char>, std::allocator<char> >::reserve(unsigned int) (in /usr/lib/arm-linux-gnueabihf/libstdc++.so.6.0.26)
  n0: 513 0x495D556: std::__cxx11::basic_stringbuf<char, std::char_traits<char>, std::allocator<char> >::overflow(int) (in /usr/lib/arm-linux-gnueabihf/libstdc++.so.6.0.26)
 n1: 352 0x4AFE6FA: __fopen_internal (iofopen.c:65)
  n1: 352 0x490F2C6: std::__basic_file<char>::open(char const*, std::_Ios_Openmode, int) (in /usr/lib/arm-linux-gnueabihf/libstdc++.so.6.0.26)
   n1: 352 0x493FFD4: std::basic_filebuf<char, std::char_traits<char> >::open(char const*, std::_Ios_Openmode) (in /usr/lib/arm-linux-gnueabihf/libstdc++.so.6.0.26)
    n0: 352 0x49409EA: std::basic_ifstream<char, std::char_traits<char> >::basic_ifstream(std::__cxx11::basic_string<char, std::char_traits<char>, std::allocator<char> > const&, std::_Ios_Openmode) (in /usr/lib/arm-linux-gnueabihf/libstdc++.so.6.0.26)
 n0: 232 in 7 places, all below massif's threshold (1.00%)
#-----------
snapshot=6
#-----------
time=11247412
mem_heap_B=30485
mem_heap_extra_B=747
mem_stacks_B=0
heap_tree=empty
#-----------
snapshot=7
#-----------
time=11508755
mem_heap_B=33013
mem_heap_extra_B=755
mem_stacks_B=0
heap_tree=empty
#-----------
snapshot=8
#-----------
time=18181058
mem_heap_B=30513
mem_heap_extra_B=743
mem_stacks_B=0
heap_tree=empty
#-----------
snapshot=9
#-----------
time=18418081
mem_heap_B=30741
mem_heap_extra_B=739
mem_stacks_B=0
heap_tree=empty
#-----------
snapshot=10
#-----------
time=19483192
mem_heap_B=30737
mem_heap_extra_B=727
mem_stacks_B=0
heap_tree=empty
#-----------
snapshot=11
#-----------
time=19622094
mem_heap_B=30817
mem_heap_extra_B=759
mem_stacks_B=0
heap_tree=empty
#-----------
snapshot=12
#-----------
time=19999927
mem_heap_B=30821
mem_heap_extra_B=771
mem_stacks_B=0
heap_tree=detailed
n7: 30821 (heap allocation functions) malloc/new/new[], --alloc-fns, etc.
 n0: 20224 0x48F4F42: ??? (in /usr/lib/arm-linux-gnueabihf/libstdc++.so.6.0.26)
 n1: 8192 0x493D6C6: std::basic_filebuf<char, std::char_traits<char> >::_M_allocate_internal_buffer() (in /usr/lib/arm-linux-gnueabihf/libstdc++.so.6.0.26)
  n1: 8192 0x493FFE2: std::basic_filebuf<char, std::char_traits<char> >::open(char const*, std::_Ios_Openmode) (in /usr/lib/arm-linux-gnueabihf/libstdc++.so.6.0.26)
   n0: 8192 0x49409EA: std::basic_ifstream<char, std::char_traits<char> >::basic_ifstream(std::__cxx11::basic_string<char, std::char_traits<char>, std::allocator<char> > const&, std::_Ios_Openmode) (in /usr/lib/arm-linux-gnueabihf/libstdc++.so.6.0.26)
 n0: 812 0x24B84C: __gmp_default_reallocate (in /home/reti/dongHyeon/Function-hiding-IPE/build/bin/p-norm-ipe-test)
 n1: 520 0x4ADE1F0: __new_exitfn (cxa_atexit.c:114)
  n1: 520 0x4ADE264: __internal_atexit (cxa_atexit.c:44)
   n0: 520 0x251574: __libc_csu_init (in /home/reti/dongHyeon/Function-hiding-IPE/build/bin/p-norm-ipe-test)
 n1: 513 0x49658F2: std::__cxx11::basic_string<char, std::char_traits<char>, std::allocator<char> >::reserve(unsigned int) (in /usr/lib/arm-linux-gnueabihf/libstdc++.so.6.0.26)
  n0: 513 0x495D556: std::__cxx11::basic_stringbuf<char, std::char_traits<char>, std::allocator<char> >::overflow(int) (in /usr/lib/arm-linux-gnueabihf/libstdc++.so.6.0.26)
 n1: 352 0x4AFE6FA: __fopen_internal (iofopen.c:65)
  n1: 352 0x490F2C6: std::__basic_file<char>::open(char const*, std::_Ios_Openmode, int) (in /usr/lib/arm-linux-gnueabihf/libstdc++.so.6.0.26)
   n1: 352 0x493FFD4: std::basic_filebuf<char, std::char_traits<char> >::open(char const*, std::_Ios_Openmode) (in /usr/lib/arm-linux-gnueabihf/libstdc++.so.6.0.26)
    n0: 352 0x49409EA: std::basic_ifstream<char, std::char_traits<char> >::basic_ifstream(std::__cxx11::basic_string<char, std::char_traits<char>, std::allocator<char> > const&, std::_Ios_Openmode) (in /usr/lib/arm-linux-gnueabihf/libstdc++.so.6.0.26)
 n0: 208 in 7 places, all below massif's threshold (1.00%)
#-----------
snapshot=13
#-----------
time=20019157
mem_heap_B=30781
mem_heap_extra_B=747
mem_stacks_B=0
heap_tree=empty
#-----------
snapshot=14
#-----------
time=20397079
mem_heap_B=30785
mem_heap_extra_B=759
mem_stacks_B=0
heap_tree=empty
#-----------
snapshot=15
#-----------
time=20594159
mem_heap_B=32057
mem_heap_extra_B=855
mem_stacks_B=0
heap_tree=empty
#-----------
snapshot=16
#-----------
time=20731005
mem_heap_B=34321
mem_heap_extra_B=871
mem_stacks_B=0
heap_tree=empty
#-----------
snapshot=17
#-----------
time=20870503
mem_heap_B=34825
mem_heap_extra_B=887
mem_stacks_B=0
heap_tree=empty
#-----------
snapshot=18
#-----------
time=21010041
mem_heap_B=35329
mem_heap_extra_B=903
mem_stacks_B=0
heap_tree=empty
#-----------
snapshot=19
#-----------
time=21149681
mem_heap_B=35833
mem_heap_extra_B=919
mem_stacks_B=0
heap_tree=empty
#-----------
snapshot=20
#-----------
time=21289331
mem_heap_B=36337
mem_heap_extra_B=935
mem_stacks_B=0
heap_tree=empty
#-----------
snapshot=21
#-----------
time=21428971
mem_heap_B=36841
mem_heap_extra_B=951
mem_stacks_B=0
heap_tree=empty
#-----------
snapshot=22
#-----------
time=21568337
mem_heap_B=37345
mem_heap_extra_B=967
mem_stacks_B=0
heap_tree=empty
#-----------
snapshot=23
#-----------
time=21708159
mem_heap_B=37849
mem_heap_extra_B=983
mem_stacks_B=0
heap_tree=empty
#-----------
snapshot=24
#-----------
time=21847211
mem_heap_B=38353
mem_heap_extra_B=999
mem_stacks_B=0
heap_tree=empty
#-----------
snapshot=25
#-----------
time=21987033
mem_heap_B=38857
mem_heap_extra_B=1015
mem_stacks_B=0
heap_tree=empty
#-----------
snapshot=26
#-----------
time=22185329
mem_heap_B=39425
mem_heap_extra_B=1039
mem_stacks_B=0
heap_tree=empty
#-----------
snapshot=27
#-----------
time=22325131
mem_heap_B=39929
mem_heap_extra_B=1055
mem_stacks_B=0
heap_tree=empty
#-----------
snapshot=28
#-----------
time=22464841
mem_heap_B=40433
mem_heap_extra_B=1071
mem_stacks_B=0
heap_tree=empty
#-----------
snapshot=29
#-----------
time=22604217
mem_heap_B=40937
mem_heap_extra_B=1087
mem_stacks_B=0
heap_tree=empty
#-----------
snapshot=30
#-----------
time=22743451
mem_heap_B=41441
mem_heap_extra_B=1103
mem_stacks_B=0
heap_tree=empty
#-----------
snapshot=31
#-----------
time=22885158
mem_heap_B=40185
mem_heap_extra_B=1119
mem_stacks_B=0
heap_tree=empty
#-----------
snapshot=32
#-----------
time=23022577
mem_heap_B=42449
mem_heap_extra_B=1135
mem_stacks_B=0
heap_tree=detailed
n8: 42449 (heap allocation functions) malloc/new/new[], --alloc-fns, etc.
 n0: 20224 0x48F4F42: ??? (in /usr/lib/arm-linux-gnueabihf/libstdc++.so.6.0.26)
 n1: 9240 0x20664E: _ntl_gblock_construct_alloc(_ntl_gbigint_body**, long, long) (lip.cpp:6279)
  n2: 9240 0x228994: NTL::BasicBlockConstruct(NTL::ZZ_p*, long, long) (ZZ.h:1041)
   n0: 6600 0x16C5A0: void NTL::VecStrategy<true>::do_BlockConstruct<NTL::ZZ_p>(NTL::ZZ_p*, long) (in /home/reti/dongHyeon/Function-hiding-IPE/build/bin/p-norm-ipe-test)
   n1: 2640 0x228A36: NTL::BlockConstructFromVec(NTL::ZZ_p*, long, NTL::ZZ_p const*) (vec_ZZ_p.cpp:43)
    n0: 2640 0x16C17C: void NTL::VecStrategy<true>::do_BlockConstructFromVec<NTL::ZZ_p>(NTL::ZZ_p*, long, NTL::ZZ_p const*) (in /home/reti/dongHyeon/Function-hiding-IPE/build/bin/p-norm-ipe-test)
 n1: 8192 0x493D6C6: std::basic_filebuf<char, std::char_traits<char> >::_M_allocate_internal_buffer() (in /usr/lib/arm-linux-gnueabihf/libstdc++.so.6.0.26)
  n1: 8192 0x493FFE2: std::basic_filebuf<char, std::char_traits<char> >::open(char const*, std::_Ios_Openmode) (in /usr/lib/arm-linux-gnueabihf/libstdc++.so.6.0.26)
   n0: 8192 0x49409EA: std::basic_ifstream<char, std::char_traits<char> >::basic_ifstream(std::__cxx11::basic_string<char, std::char_traits<char>, std::allocator<char> > const&, std::_Ios_Openmode) (in /usr/lib/arm-linux-gnueabihf/libstdc++.so.6.0.26)
 n0: 1324 0x24B84C: __gmp_default_reallocate (in /home/reti/dongHyeon/Function-hiding-IPE/build/bin/p-norm-ipe-test)
 n0: 1312 0x16B152: NTL::Vec<NTL::ZZ_p>::AllocateTo(long) (in /home/reti/dongHyeon/Function-hiding-IPE/build/bin/p-norm-ipe-test)
 n0: 1124 in 20 places, all below massif's threshold (1.00%)
 n1: 520 0x4ADE1F0: __new_exitfn (cxa_atexit.c:114)
  n1: 520 0x4ADE264: __internal_atexit (cxa_atexit.c:44)
   n0: 520 0x251574: __libc_csu_init (in /home/reti/dongHyeon/Function-hiding-IPE/build/bin/p-norm-ipe-test)
 n1: 513 0x49658F2: std::__cxx11::basic_string<char, std::char_traits<char>, std::allocator<char> >::reserve(unsigned int) (in /usr/lib/arm-linux-gnueabihf/libstdc++.so.6.0.26)
  n0: 513 0x495D556: std::__cxx11::basic_stringbuf<char, std::char_traits<char>, std::allocator<char> >::overflow(int) (in /usr/lib/arm-linux-gnueabihf/libstdc++.so.6.0.26)
#-----------
snapshot=33
#-----------
time=23162247
mem_heap_B=42953
mem_heap_extra_B=1151
mem_stacks_B=0
heap_tree=empty
#-----------
snapshot=34
#-----------
time=23302251
mem_heap_B=43457
mem_heap_extra_B=1167
mem_stacks_B=0
heap_tree=empty
#-----------
snapshot=35
#-----------
time=23537571
mem_heap_B=52537
mem_heap_extra_B=1535
mem_stacks_B=0
heap_tree=peak
n6: 52537 (heap allocation functions) malloc/new/new[], --alloc-fns, etc.
 n0: 20224 0x48F4F42: ??? (in /usr/lib/arm-linux-gnueabihf/libstdc++.so.6.0.26)
 n1: 17600 0x20664E: _ntl_gblock_construct_alloc(_ntl_gbigint_body**, long, long) (lip.cpp:6279)
  n2: 17600 0x228994: NTL::BasicBlockConstruct(NTL::ZZ_p*, long, long) (ZZ.h:1041)
   n0: 8800 0x16C5A0: void NTL::VecStrategy<true>::do_BlockConstruct<NTL::ZZ_p>(NTL::ZZ_p*, long) (in /home/reti/dongHyeon/Function-hiding-IPE/build/bin/p-norm-ipe-test)
   n1: 8800 0x228A36: NTL::BlockConstructFromVec(NTL::ZZ_p*, long, NTL::ZZ_p const*) (vec_ZZ_p.cpp:43)
    n0: 8800 0x16C17C: void NTL::VecStrategy<true>::do_BlockConstructFromVec<NTL::ZZ_p>(NTL::ZZ_p*, long, NTL::ZZ_p const*) (in /home/reti/dongHyeon/Function-hiding-IPE/build/bin/p-norm-ipe-test)
 n1: 8192 0x493D6C6: std::basic_filebuf<char, std::char_traits<char> >::_M_allocate_internal_buffer() (in /usr/lib/arm-linux-gnueabihf/libstdc++.so.6.0.26)
  n1: 8192 0x493FFE2: std::basic_filebuf<char, std::char_traits<char> >::open(char const*, std::_Ios_Openmode) (in /usr/lib/arm-linux-gnueabihf/libstdc++.so.6.0.26)
   n0: 8192 0x49409EA: std::basic_ifstream<char, std::char_traits<char> >::basic_ifstream(std::__cxx11::basic_string<char, std::char_traits<char>, std::allocator<char> > const&, std::_Ios_Openmode) (in /usr/lib/arm-linux-gnueabihf/libstdc++.so.6.0.26)
 n0: 2637 in 23 places, all below massif's threshold (1.00%)
 n0: 2560 0x16B152: NTL::Vec<NTL::ZZ_p>::AllocateTo(long) (in /home/reti/dongHyeon/Function-hiding-IPE/build/bin/p-norm-ipe-test)
 n0: 1324 0x24B84C: __gmp_default_reallocate (in /home/reti/dongHyeon/Function-hiding-IPE/build/bin/p-norm-ipe-test)
#-----------
snapshot=36
#-----------
time=23717045
mem_heap_B=34744
mem_heap_extra_B=1536
mem_stacks_B=0
heap_tree=empty
#-----------
snapshot=37
#-----------
time=25890634
mem_heap_B=34712
mem_heap_extra_B=1528
mem_stacks_B=0
heap_tree=empty
#-----------
snapshot=38
#-----------
time=26040681
mem_heap_B=35941
mem_heap_extra_B=1683
mem_stacks_B=0
heap_tree=empty
#-----------
snapshot=39
#-----------
time=26218679
mem_heap_B=39448
mem_heap_extra_B=1728
mem_stacks_B=0
heap_tree=empty
#-----------
snapshot=40
#-----------
time=31625908
mem_heap_B=39608
mem_heap_extra_B=1736
mem_stacks_B=0
heap_tree=empty
#-----------
snapshot=41
#-----------
time=50528887
mem_heap_B=39612
mem_heap_extra_B=1748
mem_stacks_B=0
heap_tree=empty
#-----------
snapshot=42
#-----------
time=50604321
mem_heap_B=39752
mem_heap_extra_B=1776
mem_stacks_B=0
heap_tree=empty
#-----------
snapshot=43
#-----------
time=52831498
mem_heap_B=39720
mem_heap_extra_B=1768
mem_stacks_B=0
heap_tree=empty
#-----------
snapshot=44
#-----------
time=52905247
mem_heap_B=39752
mem_heap_extra_B=1776
mem_stacks_B=0
heap_tree=empty
#-----------
snapshot=45
#-----------
time=55107930
mem_heap_B=39720
mem_heap_extra_B=1768
mem_stacks_B=0
heap_tree=empty
#-----------
snapshot=46
#-----------
time=55182700
mem_heap_B=39752
mem_heap_extra_B=1776
mem_stacks_B=0
heap_tree=empty
#-----------
snapshot=47
#-----------
time=57461726
mem_heap_B=39720
mem_heap_extra_B=1768
mem_stacks_B=0
heap_tree=empty
#-----------
snapshot=48
#-----------
time=60162464
mem_heap_B=39612
mem_heap_extra_B=1748
mem_stacks_B=0
heap_tree=empty
#-----------
snapshot=49
#-----------
time=60182036
mem_heap_B=39820
mem_heap_extra_B=1804
mem_stacks_B=0
heap_tree=empty
#-----------
snapshot=50
#-----------
time=60202060
mem_heap_B=39776
mem_heap_extra_B=1800
mem_stacks_B=0
heap_tree=empty
#-----------
snapshot=51
#-----------
time=60222220
mem_heap_B=39776
mem_heap_extra_B=1800
mem_stacks_B=0
heap_tree=empty
#-----------
snapshot=52
#-----------
time=62423345
mem_heap_B=39720
mem_heap_extra_B=1768
mem_stacks_B=0
heap_tree=empty
#-----------
snapshot=53
#-----------
time=62442691
mem_heap_B=39776
mem_heap_extra_B=1800
mem_stacks_B=0
heap_tree=empty
#-----------
snapshot=54
#-----------
time=62462131
mem_heap_B=39776
mem_heap_extra_B=1800
mem_stacks_B=0
heap_tree=empty
#-----------
snapshot=55
#-----------
time=62482738
mem_heap_B=39780
mem_heap_extra_B=1796
mem_stacks_B=0
heap_tree=detailed
n11: 39780 (heap allocation functions) malloc/new/new[], --alloc-fns, etc.
 n0: 20224 0x48F4F42: ??? (in /usr/lib/arm-linux-gnueabihf/libstdc++.so.6.0.26)
 n1: 9680 0x20664E: _ntl_gblock_construct_alloc(_ntl_gbigint_body**, long, long) (lip.cpp:6279)
  n2: 9680 0x228994: NTL::BasicBlockConstruct(NTL::ZZ_p*, long, long) (ZZ.h:1041)
   n1: 9240 0x228A36: NTL::BlockConstructFromVec(NTL::ZZ_p*, long, NTL::ZZ_p const*) (vec_ZZ_p.cpp:43)
    n0: 9240 0x16C17C: void NTL::VecStrategy<true>::do_BlockConstructFromVec<NTL::ZZ_p>(NTL::ZZ_p*, long, NTL::ZZ_p const*) (in /home/reti/dongHyeon/Function-hiding-IPE/build/bin/p-norm-ipe-test)
   n0: 440 0x16C5A0: void NTL::VecStrategy<true>::do_BlockConstruct<NTL::ZZ_p>(NTL::ZZ_p*, long) (in /home/reti/dongHyeon/Function-hiding-IPE/build/bin/p-norm-ipe-test)
 n0: 2020 0x4A3B166: ??? (in /usr/lib/arm-linux-gnueabihf/libgomp.so.1.0.0)
 n0: 1840 0x24B84C: __gmp_default_reallocate (in /home/reti/dongHyeon/Function-hiding-IPE/build/bin/p-norm-ipe-test)
 n0: 1440 0x16AD2E: mcl::Array<mcl::EcT<mcl::FpT<mcl::bn::local::FpTag, 384u> > >::resize(unsigned int) (in /home/reti/dongHyeon/Function-hiding-IPE/build/bin/p-norm-ipe-test)
 n0: 1408 0x16B152: NTL::Vec<NTL::ZZ_p>::AllocateTo(long) (in /home/reti/dongHyeon/Function-hiding-IPE/build/bin/p-norm-ipe-test)
 n0: 1160 in 45 places, all below massif's threshold (1.00%)
 n1: 552 0x203AF6: _ntl_gsetlength(_ntl_gbigint_body**, long) (lip.cpp:1416)
  n0: 552 in 10 places, all below massif's threshold (1.00%)
 n1: 520 0x4ADE1F0: __new_exitfn (cxa_atexit.c:114)
  n1: 520 0x4ADE264: __internal_atexit (cxa_atexit.c:44)
   n0: 520 0x251574: __libc_csu_init (in /home/reti/dongHyeon/Function-hiding-IPE/build/bin/p-norm-ipe-test)
 n1: 480 0x400CD20: allocate_dtv (dl-tls.c:286)
  n1: 480 0x400D35E: _dl_allocate_tls (dl-tls.c:532)
   n1: 480 0x4A96612: pthread_create@@GLIBC_2.4 (allocatestack.c:621)
    n0: 480 0x4A45F2A: ??? (in /usr/lib/arm-linux-gnueabihf/libgomp.so.1.0.0)
 n0: 456 0x174474: ffhipe::CMsk::load(std::istream&) (in /home/reti/dongHyeon/Function-hiding-IPE/build/bin/p-norm-ipe-test)
#-----------
snapshot=56
#-----------
time=64698954
mem_heap_B=39720
mem_heap_extra_B=1768
mem_stacks_B=0
heap_tree=empty
#-----------
snapshot=57
#-----------
time=67399692
mem_heap_B=39612
mem_heap_extra_B=1748
mem_stacks_B=0
heap_tree=empty
#-----------
snapshot=58
#-----------
time=67418926
mem_heap_B=39816
mem_heap_extra_B=1800
mem_stacks_B=0
heap_tree=empty
#-----------
snapshot=59
#-----------
time=67440031
mem_heap_B=39776
mem_heap_extra_B=1800
mem_stacks_B=0
heap_tree=empty
#-----------
snapshot=60
#-----------
time=67459488
mem_heap_B=39776
mem_heap_extra_B=1800
mem_stacks_B=0
heap_tree=empty
#-----------
snapshot=61
#-----------
time=69715463
mem_heap_B=39720
mem_heap_extra_B=1768
mem_stacks_B=0
heap_tree=empty
#-----------
snapshot=62
#-----------
time=69734809
mem_heap_B=39776
mem_heap_extra_B=1800
mem_stacks_B=0
heap_tree=empty
#-----------
snapshot=63
#-----------
time=69755924
mem_heap_B=39776
mem_heap_extra_B=1800
mem_stacks_B=0
heap_tree=empty
#-----------
snapshot=64
#-----------
time=69777471
mem_heap_B=39776
mem_heap_extra_B=1800
mem_stacks_B=0
heap_tree=empty
#-----------
snapshot=65
#-----------
time=72043860
mem_heap_B=39720
mem_heap_extra_B=1768
mem_stacks_B=0
heap_tree=detailed
n11: 39720 (heap allocation functions) malloc/new/new[], --alloc-fns, etc.
 n0: 20224 0x48F4F42: ??? (in /usr/lib/arm-linux-gnueabihf/libstdc++.so.6.0.26)
 n1: 9680 0x20664E: _ntl_gblock_construct_alloc(_ntl_gbigint_body**, long, long) (lip.cpp:6279)
  n2: 9680 0x228994: NTL::BasicBlockConstruct(NTL::ZZ_p*, long, long) (ZZ.h:1041)
   n1: 9240 0x228A36: NTL::BlockConstructFromVec(NTL::ZZ_p*, long, NTL::ZZ_p const*) (vec_ZZ_p.cpp:43)
    n0: 9240 0x16C17C: void NTL::VecStrategy<true>::do_BlockConstructFromVec<NTL::ZZ_p>(NTL::ZZ_p*, long, NTL::ZZ_p const*) (in /home/reti/dongHyeon/Function-hiding-IPE/build/bin/p-norm-ipe-test)
   n0: 440 0x16C5A0: void NTL::VecStrategy<true>::do_BlockConstruct<NTL::ZZ_p>(NTL::ZZ_p*, long) (in /home/reti/dongHyeon/Function-hiding-IPE/build/bin/p-norm-ipe-test)
 n0: 2020 0x4A3B166: ??? (in /usr/lib/arm-linux-gnueabihf/libgomp.so.1.0.0)
 n0: 1788 0x24B84C: __gmp_default_reallocate (in /home/reti/dongHyeon/Function-hiding-IPE/build/bin/p-norm-ipe-test)
 n0: 1440 0x16AD2E: mcl::Array<mcl::EcT<mcl::FpT<mcl::bn::local::FpTag, 384u> > >::resize(unsigned int) (in /home/reti/dongHyeon/Function-hiding-IPE/build/bin/p-norm-ipe-test)
 n0: 1408 0x16B152: NTL::Vec<NTL::ZZ_p>::AllocateTo(long) (in /home/reti/dongHyeon/Function-hiding-IPE/build/bin/p-norm-ipe-test)
 n0: 1152 in 45 places, all below massif's threshold (1.00%)
 n1: 552 0x203AF6: _ntl_gsetlength(_ntl_gbigint_body**, long) (lip.cpp:1416)
  n0: 552 in 10 places, all below massif's threshold (1.00%)
 n1: 520 0x4ADE1F0: __new_exitfn (cxa_atexit.c:114)
  n1: 520 0x4ADE264: __internal_atexit (cxa_atexit.c:44)
   n0: 520 0x251574: __libc_csu_init (in /home/reti/dongHyeon/Function-hiding-IPE/build/bin/p-norm-ipe-test)
 n1: 480 0x400CD20: allocate_dtv (dl-tls.c:286)
  n1: 480 0x400D35E: _dl_allocate_tls (dl-tls.c:532)
   n1: 480 0x4A96612: pthread_create@@GLIBC_2.4 (allocatestack.c:621)
    n0: 480 0x4A45F2A: ??? (in /usr/lib/arm-linux-gnueabihf/libgomp.so.1.0.0)
 n0: 456 0x174474: ffhipe::CMsk::load(std::istream&) (in /home/reti/dongHyeon/Function-hiding-IPE/build/bin/p-norm-ipe-test)
#-----------
snapshot=66
#-----------
time=74744613
mem_heap_B=39612
mem_heap_extra_B=1748
mem_stacks_B=0
heap_tree=empty
#-----------
snapshot=67
#-----------
time=74763847
mem_heap_B=39816
mem_heap_extra_B=1800
mem_stacks_B=0
heap_tree=empty
#-----------
snapshot=68
#-----------
time=74785391
mem_heap_B=39776
mem_heap_extra_B=1800
mem_stacks_B=0
heap_tree=empty
#-----------
snapshot=69
#-----------
time=74815856
mem_heap_B=39752
mem_heap_extra_B=1776
mem_stacks_B=0
heap_tree=empty
#-----------
snapshot=70
#-----------
time=77015527
mem_heap_B=39720
mem_heap_extra_B=1768
mem_stacks_B=0
heap_tree=empty
#-----------
snapshot=71
#-----------
time=77034873
mem_heap_B=39776
mem_heap_extra_B=1800
mem_stacks_B=0
heap_tree=empty
#-----------
snapshot=72
#-----------
time=77054536
mem_heap_B=39776
mem_heap_extra_B=1800
mem_stacks_B=0
heap_tree=empty
#-----------
snapshot=73
#-----------
time=77075264
mem_heap_B=39776
mem_heap_extra_B=1800
mem_stacks_B=0
heap_tree=empty
#-----------
snapshot=74
#-----------
time=79343549
mem_heap_B=39720
mem_heap_extra_B=1768
mem_stacks_B=0
heap_tree=empty
#-----------
snapshot=75
#-----------
time=79362895
mem_heap_B=39776
mem_heap_extra_B=1800
mem_stacks_B=0
heap_tree=detailed
n11: 39776 (heap allocation functions) malloc/new/new[], --alloc-fns, etc.
 n0: 20224 0x48F4F42: ??? (in /usr/lib/arm-linux-gnueabihf/libstdc++.so.6.0.26)
 n1: 9680 0x20664E: _ntl_gblock_construct_alloc(_ntl_gbigint_body**, long, long) (lip.cpp:6279)
  n2: 9680 0x228994: NTL::BasicBlockConstruct(NTL::ZZ_p*, long, long) (ZZ.h:1041)
   n1: 9240 0x228A36: NTL::BlockConstructFromVec(NTL::ZZ_p*, long, NTL::ZZ_p const*) (vec_ZZ_p.cpp:43)
    n0: 9240 0x16C17C: void NTL::VecStrategy<true>::do_BlockConstructFromVec<NTL::ZZ_p>(NTL::ZZ_p*, long, NTL::ZZ_p const*) (in /home/reti/dongHyeon/Function-hiding-IPE/build/bin/p-norm-ipe-test)
   n0: 440 0x16C5A0: void NTL::VecStrategy<true>::do_BlockConstruct<NTL::ZZ_p>(NTL::ZZ_p*, long) (in /home/reti/dongHyeon/Function-hiding-IPE/build/bin/p-norm-ipe-test)
 n0: 2020 0x4A3B166: ??? (in /usr/lib/arm-linux-gnueabihf/libgomp.so.1.0.0)
 n0: 1784 0x24B84C: __gmp_default_reallocate (in /home/reti/dongHyeon/Function-hiding-IPE/build/bin/p-norm-ipe-test)
 n0: 1440 0x16AD2E: mcl::Array<mcl::EcT<mcl::FpT<mcl::bn::local::FpTag, 384u> > >::resize(unsigned int) (in /home/reti/dongHyeon/Function-hiding-IPE/build/bin/p-norm-ipe-test)
 n0: 1408 0x16B152: NTL::Vec<NTL::ZZ_p>::AllocateTo(long) (in /home/reti/dongHyeon/Function-hiding-IPE/build/bin/p-norm-ipe-test)
 n0: 1212 in 45 places, all below massif's threshold (1.00%)
 n1: 552 0x203AF6: _ntl_gsetlength(_ntl_gbigint_body**, long) (lip.cpp:1416)
  n0: 552 in 10 places, all below massif's threshold (1.00%)
 n1: 520 0x4ADE1F0: __new_exitfn (cxa_atexit.c:114)
  n1: 520 0x4ADE264: __internal_atexit (cxa_atexit.c:44)
   n0: 520 0x251574: __libc_csu_init (in /home/reti/dongHyeon/Function-hiding-IPE/build/bin/p-norm-ipe-test)
 n1: 480 0x400CD20: allocate_dtv (dl-tls.c:286)
  n1: 480 0x400D35E: _dl_allocate_tls (dl-tls.c:532)
   n1: 480 0x4A96612: pthread_create@@GLIBC_2.4 (allocatestack.c:621)
    n0: 480 0x4A45F2A: ??? (in /usr/lib/arm-linux-gnueabihf/libgomp.so.1.0.0)
 n0: 456 0x174474: ffhipe::CMsk::load(std::istream&) (in /home/reti/dongHyeon/Function-hiding-IPE/build/bin/p-norm-ipe-test)
#-----------
snapshot=76
#-----------
time=79383563
mem_heap_B=39776
mem_heap_extra_B=1800
mem_stacks_B=0
heap_tree=empty
#-----------
snapshot=77
#-----------
time=79406205
mem_heap_B=39776
mem_heap_extra_B=1800
mem_stacks_B=0
heap_tree=empty
#-----------
snapshot=78
#-----------
time=81640855
mem_heap_B=39720
mem_heap_extra_B=1768
mem_stacks_B=0
heap_tree=empty
#-----------
snapshot=79
#-----------
time=81687853
mem_heap_B=3996
mem_heap_extra_B=668
mem_stacks_B=0
heap_tree=empty
