desc: --massif-out-file=keygen/memory-32-10-4.log
cmd: ./p-norm-ipe-test keygen 32 10 4
time_unit: i
#-----------
snapshot=0
#-----------
time=0
mem_heap_B=0
mem_heap_extra_B=0
mem_stacks_B=0
heap_tree=empty
#-----------
snapshot=1
#-----------
time=11016897
mem_heap_B=32829
mem_heap_extra_B=771
mem_stacks_B=0
heap_tree=detailed
n7: 32829 (heap allocation functions) malloc/new/new[], --alloc-fns, etc.
 n0: 20224 0x48F4F42: ??? (in /usr/lib/arm-linux-gnueabihf/libstdc++.so.6.0.26)
 n1: 8192 0x493D6C6: std::basic_filebuf<char, std::char_traits<char> >::_M_allocate_internal_buffer() (in /usr/lib/arm-linux-gnueabihf/libstdc++.so.6.0.26)
  n1: 8192 0x493FFE2: std::basic_filebuf<char, std::char_traits<char> >::open(char const*, std::_Ios_Openmode) (in /usr/lib/arm-linux-gnueabihf/libstdc++.so.6.0.26)
   n0: 8192 0x49409EA: std::basic_ifstream<char, std::char_traits<char> >::basic_ifstream(std::__cxx11::basic_string<char, std::char_traits<char>, std::allocator<char> > const&, std::_Ios_Openmode) (in /usr/lib/arm-linux-gnueabihf/libstdc++.so.6.0.26)
 n0: 2700 0x24B812: __gmp_default_allocate (in /home/reti/dongHyeon/Function-hiding-IPE/build/bin/p-norm-ipe-test)
 n1: 520 0x4ADE1F0: __new_exitfn (cxa_atexit.c:114)
  n1: 520 0x4ADE264: __internal_atexit (cxa_atexit.c:44)
   n0: 520 0x251574: __libc_csu_init (in /home/reti/dongHyeon/Function-hiding-IPE/build/bin/p-norm-ipe-test)
 n1: 513 0x49658F2: std::__cxx11::basic_string<char, std::char_traits<char>, std::allocator<char> >::reserve(unsigned int) (in /usr/lib/arm-linux-gnueabihf/libstdc++.so.6.0.26)
  n0: 513 0x495D556: std::__cxx11::basic_stringbuf<char, std::char_traits<char>, std::allocator<char> >::overflow(int) (in /usr/lib/arm-linux-gnueabihf/libstdc++.so.6.0.26)
 n1: 352 0x4AFE6FA: __fopen_internal (iofopen.c:65)
  n1: 352 0x490F2C6: std::__basic_file<char>::open(char const*, std::_Ios_Openmode, int) (in /usr/lib/arm-linux-gnueabihf/libstdc++.so.6.0.26)
   n1: 352 0x493FFD4: std::basic_filebuf<char, std::char_traits<char> >::open(char const*, std::_Ios_Openmode) (in /usr/lib/arm-linux-gnueabihf/libstdc++.so.6.0.26)
    n0: 352 0x49409EA: std::basic_ifstream<char, std::char_traits<char> >::basic_ifstream(std::__cxx11::basic_string<char, std::char_traits<char>, std::allocator<char> > const&, std::_Ios_Openmode) (in /usr/lib/arm-linux-gnueabihf/libstdc++.so.6.0.26)
 n0: 328 in 7 places, all below massif's threshold (1.00%)
#-----------
snapshot=2
#-----------
time=18183976
mem_heap_B=30609
mem_heap_extra_B=743
mem_stacks_B=0
heap_tree=empty
#-----------
snapshot=3
#-----------
time=31293337
mem_heap_B=69977
mem_heap_extra_B=983
mem_stacks_B=0
heap_tree=empty
#-----------
snapshot=4
#-----------
time=39314271
mem_heap_B=98345
mem_heap_extra_B=1079
mem_stacks_B=0
heap_tree=empty
#-----------
snapshot=5
#-----------
time=47334387
mem_heap_B=131305
mem_heap_extra_B=1191
mem_stacks_B=0
heap_tree=detailed
n6: 131305 (heap allocation functions) malloc/new/new[], --alloc-fns, etc.
 n1: 90640 0x20664E: _ntl_gblock_construct_alloc(_ntl_gbigint_body**, long, long) (lip.cpp:6279)
  n2: 90640 0x228994: NTL::BasicBlockConstruct(NTL::ZZ_p*, long, long) (ZZ.h:1041)
   n1: 86240 0x228A36: NTL::BlockConstructFromVec(NTL::ZZ_p*, long, NTL::ZZ_p const*) (vec_ZZ_p.cpp:43)
    n0: 86240 0x16C17C: void NTL::VecStrategy<true>::do_BlockConstructFromVec<NTL::ZZ_p>(NTL::ZZ_p*, long, NTL::ZZ_p const*) (in /home/reti/dongHyeon/Function-hiding-IPE/build/bin/p-norm-ipe-test)
   n0: 4400 0x16C5A0: void NTL::VecStrategy<true>::do_BlockConstruct<NTL::ZZ_p>(NTL::ZZ_p*, long) (in /home/reti/dongHyeon/Function-hiding-IPE/build/bin/p-norm-ipe-test)
 n0: 20224 0x48F4F42: ??? (in /usr/lib/arm-linux-gnueabihf/libstdc++.so.6.0.26)
 n0: 8320 0x16B152: NTL::Vec<NTL::ZZ_p>::AllocateTo(long) (in /home/reti/dongHyeon/Function-hiding-IPE/build/bin/p-norm-ipe-test)
 n1: 8192 0x493D6C6: std::basic_filebuf<char, std::char_traits<char> >::_M_allocate_internal_buffer() (in /usr/lib/arm-linux-gnueabihf/libstdc++.so.6.0.26)
  n1: 8192 0x493FFE2: std::basic_filebuf<char, std::char_traits<char> >::open(char const*, std::_Ios_Openmode) (in /usr/lib/arm-linux-gnueabihf/libstdc++.so.6.0.26)
   n0: 8192 0x49409EA: std::basic_ifstream<char, std::char_traits<char> >::basic_ifstream(std::__cxx11::basic_string<char, std::char_traits<char>, std::allocator<char> > const&, std::_Ios_Openmode) (in /usr/lib/arm-linux-gnueabihf/libstdc++.so.6.0.26)
 n0: 2605 in 23 places, all below massif's threshold (1.00%)
 n0: 1324 0x24B84C: __gmp_default_reallocate (in /home/reti/dongHyeon/Function-hiding-IPE/build/bin/p-norm-ipe-test)
#-----------
snapshot=6
#-----------
time=54021083
mem_heap_B=154945
mem_heap_extra_B=1271
mem_stacks_B=0
heap_tree=detailed
n5: 154945 (heap allocation functions) malloc/new/new[], --alloc-fns, etc.
 n1: 112200 0x20664E: _ntl_gblock_construct_alloc(_ntl_gbigint_body**, long, long) (lip.cpp:6279)
  n2: 112200 0x228994: NTL::BasicBlockConstruct(NTL::ZZ_p*, long, long) (ZZ.h:1041)
   n1: 107800 0x228A36: NTL::BlockConstructFromVec(NTL::ZZ_p*, long, NTL::ZZ_p const*) (vec_ZZ_p.cpp:43)
    n0: 107800 0x16C17C: void NTL::VecStrategy<true>::do_BlockConstructFromVec<NTL::ZZ_p>(NTL::ZZ_p*, long, NTL::ZZ_p const*) (in /home/reti/dongHyeon/Function-hiding-IPE/build/bin/p-norm-ipe-test)
   n0: 4400 0x16C5A0: void NTL::VecStrategy<true>::do_BlockConstruct<NTL::ZZ_p>(NTL::ZZ_p*, long) (in /home/reti/dongHyeon/Function-hiding-IPE/build/bin/p-norm-ipe-test)
 n0: 20224 0x48F4F42: ??? (in /usr/lib/arm-linux-gnueabihf/libstdc++.so.6.0.26)
 n0: 10400 0x16B152: NTL::Vec<NTL::ZZ_p>::AllocateTo(long) (in /home/reti/dongHyeon/Function-hiding-IPE/build/bin/p-norm-ipe-test)
 n1: 8192 0x493D6C6: std::basic_filebuf<char, std::char_traits<char> >::_M_allocate_internal_buffer() (in /usr/lib/arm-linux-gnueabihf/libstdc++.so.6.0.26)
  n1: 8192 0x493FFE2: std::basic_filebuf<char, std::char_traits<char> >::open(char const*, std::_Ios_Openmode) (in /usr/lib/arm-linux-gnueabihf/libstdc++.so.6.0.26)
   n0: 8192 0x49409EA: std::basic_ifstream<char, std::char_traits<char> >::basic_ifstream(std::__cxx11::basic_string<char, std::char_traits<char>, std::allocator<char> > const&, std::_Ios_Openmode) (in /usr/lib/arm-linux-gnueabihf/libstdc++.so.6.0.26)
 n0: 3929 in 24 places, all below massif's threshold (1.00%)
#-----------
snapshot=7
#-----------
time=62044057
mem_heap_B=183313
mem_heap_extra_B=1367
mem_stacks_B=0
heap_tree=detailed
n5: 183313 (heap allocation functions) malloc/new/new[], --alloc-fns, etc.
 n1: 138072 0x20664E: _ntl_gblock_construct_alloc(_ntl_gbigint_body**, long, long) (lip.cpp:6279)
  n2: 138072 0x228994: NTL::BasicBlockConstruct(NTL::ZZ_p*, long, long) (ZZ.h:1041)
   n1: 133672 0x228A36: NTL::BlockConstructFromVec(NTL::ZZ_p*, long, NTL::ZZ_p const*) (vec_ZZ_p.cpp:43)
    n0: 133672 0x16C17C: void NTL::VecStrategy<true>::do_BlockConstructFromVec<NTL::ZZ_p>(NTL::ZZ_p*, long, NTL::ZZ_p const*) (in /home/reti/dongHyeon/Function-hiding-IPE/build/bin/p-norm-ipe-test)
   n0: 4400 0x16C5A0: void NTL::VecStrategy<true>::do_BlockConstruct<NTL::ZZ_p>(NTL::ZZ_p*, long) (in /home/reti/dongHyeon/Function-hiding-IPE/build/bin/p-norm-ipe-test)
 n0: 20224 0x48F4F42: ??? (in /usr/lib/arm-linux-gnueabihf/libstdc++.so.6.0.26)
 n0: 12896 0x16B152: NTL::Vec<NTL::ZZ_p>::AllocateTo(long) (in /home/reti/dongHyeon/Function-hiding-IPE/build/bin/p-norm-ipe-test)
 n1: 8192 0x493D6C6: std::basic_filebuf<char, std::char_traits<char> >::_M_allocate_internal_buffer() (in /usr/lib/arm-linux-gnueabihf/libstdc++.so.6.0.26)
  n1: 8192 0x493FFE2: std::basic_filebuf<char, std::char_traits<char> >::open(char const*, std::_Ios_Openmode) (in /usr/lib/arm-linux-gnueabihf/libstdc++.so.6.0.26)
   n0: 8192 0x49409EA: std::basic_ifstream<char, std::char_traits<char> >::basic_ifstream(std::__cxx11::basic_string<char, std::char_traits<char>, std::allocator<char> > const&, std::_Ios_Openmode) (in /usr/lib/arm-linux-gnueabihf/libstdc++.so.6.0.26)
 n0: 3929 in 24 places, all below massif's threshold (1.00%)
#-----------
snapshot=8
#-----------
time=72085997
mem_heap_B=214209
mem_heap_extra_B=1471
mem_stacks_B=0
heap_tree=empty
#-----------
snapshot=9
#-----------
time=81449149
mem_heap_B=247305
mem_heap_extra_B=1583
mem_stacks_B=0
heap_tree=empty
#-----------
snapshot=10
#-----------
time=88137930
mem_heap_B=271137
mem_heap_extra_B=1663
mem_stacks_B=0
heap_tree=empty
#-----------
snapshot=11
#-----------
time=101509366
mem_heap_B=318417
mem_heap_extra_B=1823
mem_stacks_B=0
heap_tree=empty
#-----------
snapshot=12
#-----------
time=111524326
mem_heap_B=358441
mem_heap_extra_B=1959
mem_stacks_B=0
heap_tree=detailed
n5: 358441 (heap allocation functions) malloc/new/new[], --alloc-fns, etc.
 n1: 297616 0x20664E: _ntl_gblock_construct_alloc(_ntl_gbigint_body**, long, long) (lip.cpp:6279)
  n2: 297616 0x228994: NTL::BasicBlockConstruct(NTL::ZZ_p*, long, long) (ZZ.h:1041)
   n1: 293216 0x228A36: NTL::BlockConstructFromVec(NTL::ZZ_p*, long, NTL::ZZ_p const*) (vec_ZZ_p.cpp:43)
    n0: 293216 0x16C17C: void NTL::VecStrategy<true>::do_BlockConstructFromVec<NTL::ZZ_p>(NTL::ZZ_p*, long, NTL::ZZ_p const*) (in /home/reti/dongHyeon/Function-hiding-IPE/build/bin/p-norm-ipe-test)
   n0: 4400 0x16C5A0: void NTL::VecStrategy<true>::do_BlockConstruct<NTL::ZZ_p>(NTL::ZZ_p*, long) (in /home/reti/dongHyeon/Function-hiding-IPE/build/bin/p-norm-ipe-test)
 n0: 28288 0x16B152: NTL::Vec<NTL::ZZ_p>::AllocateTo(long) (in /home/reti/dongHyeon/Function-hiding-IPE/build/bin/p-norm-ipe-test)
 n0: 20224 0x48F4F42: ??? (in /usr/lib/arm-linux-gnueabihf/libstdc++.so.6.0.26)
 n1: 8192 0x493D6C6: std::basic_filebuf<char, std::char_traits<char> >::_M_allocate_internal_buffer() (in /usr/lib/arm-linux-gnueabihf/libstdc++.so.6.0.26)
  n1: 8192 0x493FFE2: std::basic_filebuf<char, std::char_traits<char> >::open(char const*, std::_Ios_Openmode) (in /usr/lib/arm-linux-gnueabihf/libstdc++.so.6.0.26)
   n0: 8192 0x49409EA: std::basic_ifstream<char, std::char_traits<char> >::basic_ifstream(std::__cxx11::basic_string<char, std::char_traits<char>, std::allocator<char> > const&, std::_Ios_Openmode) (in /usr/lib/arm-linux-gnueabihf/libstdc++.so.6.0.26)
 n0: 4121 in 25 places, all below massif's threshold (1.00%)
#-----------
snapshot=13
#-----------
time=117549607
mem_heap_B=375153
mem_heap_extra_B=2015
mem_stacks_B=0
heap_tree=empty
#-----------
snapshot=14
#-----------
time=129585361
mem_heap_B=417705
mem_heap_extra_B=2159
mem_stacks_B=0
heap_tree=empty
#-----------
snapshot=15
#-----------
time=137607371
mem_heap_B=446073
mem_heap_extra_B=2255
mem_stacks_B=0
heap_tree=empty
#-----------
snapshot=16
#-----------
time=144292245
mem_heap_B=469713
mem_heap_extra_B=2335
mem_stacks_B=0
heap_tree=empty
#-----------
snapshot=17
#-----------
time=152649337
mem_heap_B=959225
mem_heap_extra_B=3991
mem_stacks_B=0
heap_tree=detailed
n4: 959225 (heap allocation functions) malloc/new/new[], --alloc-fns, etc.
 n1: 845152 0x20664E: _ntl_gblock_construct_alloc(_ntl_gbigint_body**, long, long) (lip.cpp:6279)
  n2: 845152 0x228994: NTL::BasicBlockConstruct(NTL::ZZ_p*, long, long) (ZZ.h:1041)
   n1: 845152 0x228A36: NTL::BlockConstructFromVec(NTL::ZZ_p*, long, NTL::ZZ_p const*) (vec_ZZ_p.cpp:43)
    n0: 845152 0x16C17C: void NTL::VecStrategy<true>::do_BlockConstructFromVec<NTL::ZZ_p>(NTL::ZZ_p*, long, NTL::ZZ_p const*) (in /home/reti/dongHyeon/Function-hiding-IPE/build/bin/p-norm-ipe-test)
   n0: 0 in 1 place, below massif's threshold (1.00%)
 n0: 81536 0x16B152: NTL::Vec<NTL::ZZ_p>::AllocateTo(long) (in /home/reti/dongHyeon/Function-hiding-IPE/build/bin/p-norm-ipe-test)
 n0: 20224 0x48F4F42: ??? (in /usr/lib/arm-linux-gnueabihf/libstdc++.so.6.0.26)
 n0: 12313 in 26 places, all below massif's threshold (1.00%)
#-----------
snapshot=18
#-----------
time=159882223
mem_heap_B=515105
mem_heap_extra_B=2503
mem_stacks_B=0
heap_tree=empty
#-----------
snapshot=19
#-----------
time=167907647
mem_heap_B=543473
mem_heap_extra_B=2599
mem_stacks_B=0
heap_tree=empty
#-----------
snapshot=20
#-----------
time=176620404
mem_heap_B=573953
mem_heap_extra_B=2695
mem_stacks_B=0
heap_tree=empty
#-----------
snapshot=21
#-----------
time=183309404
mem_heap_B=597593
mem_heap_extra_B=2775
mem_stacks_B=0
heap_tree=empty
#-----------
snapshot=22
#-----------
time=195992467
mem_heap_B=642761
mem_heap_extra_B=2935
mem_stacks_B=0
heap_tree=empty
#-----------
snapshot=23
#-----------
time=208717278
mem_heap_B=687425
mem_heap_extra_B=3079
mem_stacks_B=0
heap_tree=empty
#-----------
snapshot=24
#-----------
time=218722465
mem_heap_B=723137
mem_heap_extra_B=3207
mem_stacks_B=0
heap_tree=empty
#-----------
snapshot=25
#-----------
time=231450058
mem_heap_B=767993
mem_heap_extra_B=3351
mem_stacks_B=0
heap_tree=empty
#-----------
snapshot=26
#-----------
time=238787093
mem_heap_B=794249
mem_heap_extra_B=3447
mem_stacks_B=0
heap_tree=empty
#-----------
snapshot=27
#-----------
time=249485919
mem_heap_B=832073
mem_heap_extra_B=3575
mem_stacks_B=0
heap_tree=empty
#-----------
snapshot=28
#-----------
time=259530395
mem_heap_B=867281
mem_heap_extra_B=3687
mem_stacks_B=0
heap_tree=empty
#-----------
snapshot=29
#-----------
time=270882160
mem_heap_B=909833
mem_heap_extra_B=3831
mem_stacks_B=0
heap_tree=empty
#-----------
snapshot=30
#-----------
time=279585302
mem_heap_B=938201
mem_heap_extra_B=3927
mem_stacks_B=0
heap_tree=empty
#-----------
snapshot=31
#-----------
time=290562392
mem_heap_B=1887257
mem_heap_extra_B=7159
mem_stacks_B=0
heap_tree=peak
n4: 1887257 (heap allocation functions) malloc/new/new[], --alloc-fns, etc.
 n1: 1690304 0x20664E: _ntl_gblock_construct_alloc(_ntl_gbigint_body**, long, long) (lip.cpp:6279)
  n2: 1690304 0x228994: NTL::BasicBlockConstruct(NTL::ZZ_p*, long, long) (ZZ.h:1041)
   n0: 845152 0x16C5A0: void NTL::VecStrategy<true>::do_BlockConstruct<NTL::ZZ_p>(NTL::ZZ_p*, long) (in /home/reti/dongHyeon/Function-hiding-IPE/build/bin/p-norm-ipe-test)
   n1: 845152 0x228A36: NTL::BlockConstructFromVec(NTL::ZZ_p*, long, NTL::ZZ_p const*) (vec_ZZ_p.cpp:43)
    n0: 845152 0x16C17C: void NTL::VecStrategy<true>::do_BlockConstructFromVec<NTL::ZZ_p>(NTL::ZZ_p*, long, NTL::ZZ_p const*) (in /home/reti/dongHyeon/Function-hiding-IPE/build/bin/p-norm-ipe-test)
 n0: 163072 0x16B152: NTL::Vec<NTL::ZZ_p>::AllocateTo(long) (in /home/reti/dongHyeon/Function-hiding-IPE/build/bin/p-norm-ipe-test)
 n0: 20224 0x48F4F42: ??? (in /usr/lib/arm-linux-gnueabihf/libstdc++.so.6.0.26)
 n0: 13657 in 27 places, all below massif's threshold (1.00%)
#-----------
snapshot=32
#-----------
time=302898450
mem_heap_B=982201
mem_heap_extra_B=5719
mem_stacks_B=0
heap_tree=empty
#-----------
snapshot=33
#-----------
time=324502872
mem_heap_B=982365
mem_heap_extra_B=5739
mem_stacks_B=0
heap_tree=empty
#-----------
snapshot=34
#-----------
time=337375348
mem_heap_B=982617
mem_heap_extra_B=5799
mem_stacks_B=0
heap_tree=empty
#-----------
snapshot=35
#-----------
time=346499595
mem_heap_B=982617
mem_heap_extra_B=5799
mem_stacks_B=0
heap_tree=empty
#-----------
snapshot=36
#-----------
time=355605409
mem_heap_B=982617
mem_heap_extra_B=5799
mem_stacks_B=0
heap_tree=empty
#-----------
snapshot=37
#-----------
time=364889297
mem_heap_B=982617
mem_heap_extra_B=5799
mem_stacks_B=0
heap_tree=empty
#-----------
snapshot=38
#-----------
time=374155639
mem_heap_B=982617
mem_heap_extra_B=5799
mem_stacks_B=0
heap_tree=empty
#-----------
snapshot=39
#-----------
time=383328824
mem_heap_B=982617
mem_heap_extra_B=5799
mem_stacks_B=0
heap_tree=empty
#-----------
snapshot=40
#-----------
time=392931273
mem_heap_B=982617
mem_heap_extra_B=5799
mem_stacks_B=0
heap_tree=empty
#-----------
snapshot=41
#-----------
time=402026237
mem_heap_B=982617
mem_heap_extra_B=5799
mem_stacks_B=0
heap_tree=empty
#-----------
snapshot=42
#-----------
time=415831067
mem_heap_B=982617
mem_heap_extra_B=5799
mem_stacks_B=0
heap_tree=empty
#-----------
snapshot=43
#-----------
time=425068910
mem_heap_B=982617
mem_heap_extra_B=5799
mem_stacks_B=0
heap_tree=empty
#-----------
snapshot=44
#-----------
time=434295384
mem_heap_B=982617
mem_heap_extra_B=5799
mem_stacks_B=0
heap_tree=empty
#-----------
snapshot=45
#-----------
time=448280230
mem_heap_B=982509
mem_heap_extra_B=5779
mem_stacks_B=0
heap_tree=empty
#-----------
snapshot=46
#-----------
time=457460834
mem_heap_B=982617
mem_heap_extra_B=5799
mem_stacks_B=0
heap_tree=empty
#-----------
snapshot=47
#-----------
time=466950877
mem_heap_B=982617
mem_heap_extra_B=5799
mem_stacks_B=0
heap_tree=empty
#-----------
snapshot=48
#-----------
time=480651307
mem_heap_B=982617
mem_heap_extra_B=5807
mem_stacks_B=0
heap_tree=empty
#-----------
snapshot=49
#-----------
time=489811825
mem_heap_B=982617
mem_heap_extra_B=5807
mem_stacks_B=0
heap_tree=detailed
n5: 982617 (heap allocation functions) malloc/new/new[], --alloc-fns, etc.
 n1: 853776 0x20664E: _ntl_gblock_construct_alloc(_ntl_gbigint_body**, long, long) (lip.cpp:6279)
  n2: 853776 0x228994: NTL::BasicBlockConstruct(NTL::ZZ_p*, long, long) (ZZ.h:1041)
   n1: 849464 0x228A36: NTL::BlockConstructFromVec(NTL::ZZ_p*, long, NTL::ZZ_p const*) (vec_ZZ_p.cpp:43)
    n0: 849464 0x16C17C: void NTL::VecStrategy<true>::do_BlockConstructFromVec<NTL::ZZ_p>(NTL::ZZ_p*, long, NTL::ZZ_p const*) (in /home/reti/dongHyeon/Function-hiding-IPE/build/bin/p-norm-ipe-test)
   n0: 4312 in 1 place, below massif's threshold (1.00%)
 n0: 82368 0x16B152: NTL::Vec<NTL::ZZ_p>::AllocateTo(long) (in /home/reti/dongHyeon/Function-hiding-IPE/build/bin/p-norm-ipe-test)
 n0: 20224 0x48F4F42: ??? (in /usr/lib/arm-linux-gnueabihf/libstdc++.so.6.0.26)
 n0: 14112 0x16AD2E: mcl::Array<mcl::EcT<mcl::FpT<mcl::bn::local::FpTag, 384u> > >::resize(unsigned int) (in /home/reti/dongHyeon/Function-hiding-IPE/build/bin/p-norm-ipe-test)
 n0: 12137 in 53 places, all below massif's threshold (1.00%)
#-----------
snapshot=50
#-----------
time=496704426
mem_heap_B=982617
mem_heap_extra_B=5807
mem_stacks_B=0
heap_tree=empty
#-----------
snapshot=51
#-----------
time=503648494
mem_heap_B=982617
mem_heap_extra_B=5807
mem_stacks_B=0
heap_tree=empty
#-----------
snapshot=52
#-----------
time=510359536
mem_heap_B=982617
mem_heap_extra_B=5807
mem_stacks_B=0
heap_tree=empty
#-----------
snapshot=53
#-----------
time=517966054
mem_heap_B=982473
mem_heap_extra_B=5759
mem_stacks_B=0
heap_tree=empty
#-----------
snapshot=54
#-----------
time=524832192
mem_heap_B=982473
mem_heap_extra_B=5759
mem_stacks_B=0
heap_tree=empty
#-----------
snapshot=55
#-----------
time=531680328
mem_heap_B=982473
mem_heap_extra_B=5759
mem_stacks_B=0
heap_tree=empty
#-----------
snapshot=56
#-----------
time=538490313
mem_heap_B=982473
mem_heap_extra_B=5759
mem_stacks_B=0
heap_tree=empty
#-----------
snapshot=57
#-----------
time=545376070
mem_heap_B=982473
mem_heap_extra_B=5759
mem_stacks_B=0
heap_tree=empty
#-----------
snapshot=58
#-----------
time=552276297
mem_heap_B=982473
mem_heap_extra_B=5759
mem_stacks_B=0
heap_tree=empty
