desc: --massif-out-file=keygen/memory-64-10-4.log
cmd: ./p-norm-ipe-test keygen 64 10 4
time_unit: i
#-----------
snapshot=0
#-----------
time=0
mem_heap_B=0
mem_heap_extra_B=0
mem_stacks_B=0
heap_tree=empty
#-----------
snapshot=1
#-----------
time=23924230
mem_heap_B=44009
mem_heap_extra_B=879
mem_stacks_B=0
heap_tree=empty
#-----------
snapshot=2
#-----------
time=56346770
mem_heap_B=158449
mem_heap_extra_B=1079
mem_stacks_B=0
heap_tree=empty
#-----------
snapshot=3
#-----------
time=80155359
mem_heap_B=242473
mem_heap_extra_B=1223
mem_stacks_B=0
heap_tree=empty
#-----------
snapshot=4
#-----------
time=96029815
mem_heap_B=298489
mem_heap_extra_B=1319
mem_stacks_B=0
heap_tree=empty
#-----------
snapshot=5
#-----------
time=118488911
mem_heap_B=387217
mem_heap_extra_B=1479
mem_stacks_B=0
heap_tree=detailed
n5: 387217 (heap allocation functions) malloc/new/new[], --alloc-fns, etc.
 n1: 324632 0x20664E: _ntl_gblock_construct_alloc(_ntl_gbigint_body**, long, long) (lip.cpp:6279)
  n2: 324632 0x228994: NTL::BasicBlockConstruct(NTL::ZZ_p*, long, long) (ZZ.h:1041)
   n1: 315832 0x228A36: NTL::BlockConstructFromVec(NTL::ZZ_p*, long, NTL::ZZ_p const*) (vec_ZZ_p.cpp:43)
    n0: 315832 0x16C17C: void NTL::VecStrategy<true>::do_BlockConstructFromVec<NTL::ZZ_p>(NTL::ZZ_p*, long, NTL::ZZ_p const*) (in /home/reti/dongHyeon/Function-hiding-IPE/build/bin/p-norm-ipe-test)
   n0: 8800 0x16C5A0: void NTL::VecStrategy<true>::do_BlockConstruct<NTL::ZZ_p>(NTL::ZZ_p*, long) (in /home/reti/dongHyeon/Function-hiding-IPE/build/bin/p-norm-ipe-test)
 n0: 29600 0x16B152: NTL::Vec<NTL::ZZ_p>::AllocateTo(long) (in /home/reti/dongHyeon/Function-hiding-IPE/build/bin/p-norm-ipe-test)
 n0: 20224 0x48F4F42: ??? (in /usr/lib/arm-linux-gnueabihf/libstdc++.so.6.0.26)
 n1: 8192 0x493D6C6: std::basic_filebuf<char, std::char_traits<char> >::_M_allocate_internal_buffer() (in /usr/lib/arm-linux-gnueabihf/libstdc++.so.6.0.26)
  n1: 8192 0x493FFE2: std::basic_filebuf<char, std::char_traits<char> >::open(char const*, std::_Ios_Openmode) (in /usr/lib/arm-linux-gnueabihf/libstdc++.so.6.0.26)
   n0: 8192 0x49409EA: std::basic_ifstream<char, std::char_traits<char> >::basic_ifstream(std::__cxx11::basic_string<char, std::char_traits<char>, std::allocator<char> > const&, std::_Ios_Openmode) (in /usr/lib/arm-linux-gnueabihf/libstdc++.so.6.0.26)
 n0: 4569 in 24 places, all below massif's threshold (1.00%)
#-----------
snapshot=6
#-----------
time=152872520
mem_heap_B=508585
mem_heap_extra_B=1687
mem_stacks_B=0
heap_tree=detailed
n5: 508585 (heap allocation functions) malloc/new/new[], --alloc-fns, etc.
 n1: 435600 0x20664E: _ntl_gblock_construct_alloc(_ntl_gbigint_body**, long, long) (lip.cpp:6279)
  n2: 435600 0x228994: NTL::BasicBlockConstruct(NTL::ZZ_p*, long, long) (ZZ.h:1041)
   n1: 426800 0x228A36: NTL::BlockConstructFromVec(NTL::ZZ_p*, long, NTL::ZZ_p const*) (vec_ZZ_p.cpp:43)
    n0: 426800 0x16C17C: void NTL::VecStrategy<true>::do_BlockConstructFromVec<NTL::ZZ_p>(NTL::ZZ_p*, long, NTL::ZZ_p const*) (in /home/reti/dongHyeon/Function-hiding-IPE/build/bin/p-norm-ipe-test)
   n0: 8800 0x16C5A0: void NTL::VecStrategy<true>::do_BlockConstruct<NTL::ZZ_p>(NTL::ZZ_p*, long) (in /home/reti/dongHyeon/Function-hiding-IPE/build/bin/p-norm-ipe-test)
 n0: 40000 0x16B152: NTL::Vec<NTL::ZZ_p>::AllocateTo(long) (in /home/reti/dongHyeon/Function-hiding-IPE/build/bin/p-norm-ipe-test)
 n0: 20224 0x48F4F42: ??? (in /usr/lib/arm-linux-gnueabihf/libstdc++.so.6.0.26)
 n1: 8192 0x493D6C6: std::basic_filebuf<char, std::char_traits<char> >::_M_allocate_internal_buffer() (in /usr/lib/arm-linux-gnueabihf/libstdc++.so.6.0.26)
  n1: 8192 0x493FFE2: std::basic_filebuf<char, std::char_traits<char> >::open(char const*, std::_Ios_Openmode) (in /usr/lib/arm-linux-gnueabihf/libstdc++.so.6.0.26)
   n0: 8192 0x49409EA: std::basic_ifstream<char, std::char_traits<char> >::basic_ifstream(std::__cxx11::basic_string<char, std::char_traits<char>, std::allocator<char> > const&, std::_Ios_Openmode) (in /usr/lib/arm-linux-gnueabihf/libstdc++.so.6.0.26)
 n0: 4569 in 24 places, all below massif's threshold (1.00%)
#-----------
snapshot=7
#-----------
time=171391256
mem_heap_B=574129
mem_heap_extra_B=1799
mem_stacks_B=0
heap_tree=detailed
n5: 574129 (heap allocation functions) malloc/new/new[], --alloc-fns, etc.
 n1: 495352 0x20664E: _ntl_gblock_construct_alloc(_ntl_gbigint_body**, long, long) (lip.cpp:6279)
  n2: 495352 0x228994: NTL::BasicBlockConstruct(NTL::ZZ_p*, long, long) (ZZ.h:1041)
   n1: 486552 0x228A36: NTL::BlockConstructFromVec(NTL::ZZ_p*, long, NTL::ZZ_p const*) (vec_ZZ_p.cpp:43)
    n0: 486552 0x16C17C: void NTL::VecStrategy<true>::do_BlockConstructFromVec<NTL::ZZ_p>(NTL::ZZ_p*, long, NTL::ZZ_p const*) (in /home/reti/dongHyeon/Function-hiding-IPE/build/bin/p-norm-ipe-test)
   n0: 8800 0x16C5A0: void NTL::VecStrategy<true>::do_BlockConstruct<NTL::ZZ_p>(NTL::ZZ_p*, long) (in /home/reti/dongHyeon/Function-hiding-IPE/build/bin/p-norm-ipe-test)
 n0: 45600 0x16B152: NTL::Vec<NTL::ZZ_p>::AllocateTo(long) (in /home/reti/dongHyeon/Function-hiding-IPE/build/bin/p-norm-ipe-test)
 n0: 20224 0x48F4F42: ??? (in /usr/lib/arm-linux-gnueabihf/libstdc++.so.6.0.26)
 n1: 8192 0x493D6C6: std::basic_filebuf<char, std::char_traits<char> >::_M_allocate_internal_buffer() (in /usr/lib/arm-linux-gnueabihf/libstdc++.so.6.0.26)
  n1: 8192 0x493FFE2: std::basic_filebuf<char, std::char_traits<char> >::open(char const*, std::_Ios_Openmode) (in /usr/lib/arm-linux-gnueabihf/libstdc++.so.6.0.26)
   n0: 8192 0x49409EA: std::basic_ifstream<char, std::char_traits<char> >::basic_ifstream(std::__cxx11::basic_string<char, std::char_traits<char>, std::allocator<char> > const&, std::_Ios_Openmode) (in /usr/lib/arm-linux-gnueabihf/libstdc++.so.6.0.26)
 n0: 4761 in 25 places, all below massif's threshold (1.00%)
#-----------
snapshot=8
#-----------
time=195198051
mem_heap_B=658153
mem_heap_extra_B=1943
mem_stacks_B=0
heap_tree=detailed
n5: 658153 (heap allocation functions) malloc/new/new[], --alloc-fns, etc.
 n1: 572176 0x20664E: _ntl_gblock_construct_alloc(_ntl_gbigint_body**, long, long) (lip.cpp:6279)
  n2: 572176 0x228994: NTL::BasicBlockConstruct(NTL::ZZ_p*, long, long) (ZZ.h:1041)
   n1: 563376 0x228A36: NTL::BlockConstructFromVec(NTL::ZZ_p*, long, NTL::ZZ_p const*) (vec_ZZ_p.cpp:43)
    n0: 563376 0x16C17C: void NTL::VecStrategy<true>::do_BlockConstructFromVec<NTL::ZZ_p>(NTL::ZZ_p*, long, NTL::ZZ_p const*) (in /home/reti/dongHyeon/Function-hiding-IPE/build/bin/p-norm-ipe-test)
   n0: 8800 0x16C5A0: void NTL::VecStrategy<true>::do_BlockConstruct<NTL::ZZ_p>(NTL::ZZ_p*, long) (in /home/reti/dongHyeon/Function-hiding-IPE/build/bin/p-norm-ipe-test)
 n0: 52800 0x16B152: NTL::Vec<NTL::ZZ_p>::AllocateTo(long) (in /home/reti/dongHyeon/Function-hiding-IPE/build/bin/p-norm-ipe-test)
 n0: 20224 0x48F4F42: ??? (in /usr/lib/arm-linux-gnueabihf/libstdc++.so.6.0.26)
 n1: 8192 0x493D6C6: std::basic_filebuf<char, std::char_traits<char> >::_M_allocate_internal_buffer() (in /usr/lib/arm-linux-gnueabihf/libstdc++.so.6.0.26)
  n1: 8192 0x493FFE2: std::basic_filebuf<char, std::char_traits<char> >::open(char const*, std::_Ios_Openmode) (in /usr/lib/arm-linux-gnueabihf/libstdc++.so.6.0.26)
   n0: 8192 0x49409EA: std::basic_ifstream<char, std::char_traits<char> >::basic_ifstream(std::__cxx11::basic_string<char, std::char_traits<char>, std::allocator<char> > const&, std::_Ios_Openmode) (in /usr/lib/arm-linux-gnueabihf/libstdc++.so.6.0.26)
 n0: 4761 in 25 places, all below massif's threshold (1.00%)
#-----------
snapshot=9
#-----------
time=225637328
mem_heap_B=756145
mem_heap_extra_B=2103
mem_stacks_B=0
heap_tree=empty
#-----------
snapshot=10
#-----------
time=250737563
mem_heap_B=854209
mem_heap_extra_B=2279
mem_stacks_B=0
heap_tree=detailed
n4: 854209 (heap allocation functions) malloc/new/new[], --alloc-fns, etc.
 n1: 751432 0x20664E: _ntl_gblock_construct_alloc(_ntl_gbigint_body**, long, long) (lip.cpp:6279)
  n2: 751432 0x228994: NTL::BasicBlockConstruct(NTL::ZZ_p*, long, long) (ZZ.h:1041)
   n1: 742632 0x228A36: NTL::BlockConstructFromVec(NTL::ZZ_p*, long, NTL::ZZ_p const*) (vec_ZZ_p.cpp:43)
    n0: 742632 0x16C17C: void NTL::VecStrategy<true>::do_BlockConstructFromVec<NTL::ZZ_p>(NTL::ZZ_p*, long, NTL::ZZ_p const*) (in /home/reti/dongHyeon/Function-hiding-IPE/build/bin/p-norm-ipe-test)
   n0: 8800 0x16C5A0: void NTL::VecStrategy<true>::do_BlockConstruct<NTL::ZZ_p>(NTL::ZZ_p*, long) (in /home/reti/dongHyeon/Function-hiding-IPE/build/bin/p-norm-ipe-test)
 n0: 69600 0x16B152: NTL::Vec<NTL::ZZ_p>::AllocateTo(long) (in /home/reti/dongHyeon/Function-hiding-IPE/build/bin/p-norm-ipe-test)
 n0: 20224 0x48F4F42: ??? (in /usr/lib/arm-linux-gnueabihf/libstdc++.so.6.0.26)
 n0: 12953 in 26 places, all below massif's threshold (1.00%)
#-----------
snapshot=11
#-----------
time=274547828
mem_heap_B=938233
mem_heap_extra_B=2423
mem_stacks_B=0
heap_tree=detailed
n4: 938233 (heap allocation functions) malloc/new/new[], --alloc-fns, etc.
 n1: 828256 0x20664E: _ntl_gblock_construct_alloc(_ntl_gbigint_body**, long, long) (lip.cpp:6279)
  n2: 828256 0x228994: NTL::BasicBlockConstruct(NTL::ZZ_p*, long, long) (ZZ.h:1041)
   n1: 819456 0x228A36: NTL::BlockConstructFromVec(NTL::ZZ_p*, long, NTL::ZZ_p const*) (vec_ZZ_p.cpp:43)
    n0: 819456 0x16C17C: void NTL::VecStrategy<true>::do_BlockConstructFromVec<NTL::ZZ_p>(NTL::ZZ_p*, long, NTL::ZZ_p const*) (in /home/reti/dongHyeon/Function-hiding-IPE/build/bin/p-norm-ipe-test)
   n0: 8800 in 1 place, below massif's threshold (1.00%)
 n0: 76800 0x16B152: NTL::Vec<NTL::ZZ_p>::AllocateTo(long) (in /home/reti/dongHyeon/Function-hiding-IPE/build/bin/p-norm-ipe-test)
 n0: 20224 0x48F4F42: ??? (in /usr/lib/arm-linux-gnueabihf/libstdc++.so.6.0.26)
 n0: 12953 in 26 places, all below massif's threshold (1.00%)
#-----------
snapshot=12
#-----------
time=290419431
mem_heap_B=994457
mem_heap_extra_B=2519
mem_stacks_B=0
heap_tree=detailed
n4: 994457 (heap allocation functions) malloc/new/new[], --alloc-fns, etc.
 n1: 879472 0x20664E: _ntl_gblock_construct_alloc(_ntl_gbigint_body**, long, long) (lip.cpp:6279)
  n2: 879472 0x228994: NTL::BasicBlockConstruct(NTL::ZZ_p*, long, long) (ZZ.h:1041)
   n1: 870672 0x228A36: NTL::BlockConstructFromVec(NTL::ZZ_p*, long, NTL::ZZ_p const*) (vec_ZZ_p.cpp:43)
    n0: 870672 0x16C17C: void NTL::VecStrategy<true>::do_BlockConstructFromVec<NTL::ZZ_p>(NTL::ZZ_p*, long, NTL::ZZ_p const*) (in /home/reti/dongHyeon/Function-hiding-IPE/build/bin/p-norm-ipe-test)
   n0: 8800 in 1 place, below massif's threshold (1.00%)
 n0: 81600 0x16B152: NTL::Vec<NTL::ZZ_p>::AllocateTo(long) (in /home/reti/dongHyeon/Function-hiding-IPE/build/bin/p-norm-ipe-test)
 n0: 20224 0x48F4F42: ??? (in /usr/lib/arm-linux-gnueabihf/libstdc++.so.6.0.26)
 n0: 13161 in 26 places, all below massif's threshold (1.00%)
#-----------
snapshot=13
#-----------
time=314230046
mem_heap_B=1076281
mem_heap_extra_B=2655
mem_stacks_B=0
heap_tree=empty
#-----------
snapshot=14
#-----------
time=348628585
mem_heap_B=1199849
mem_heap_extra_B=2871
mem_stacks_B=0
heap_tree=detailed
n4: 1199849 (heap allocation functions) malloc/new/new[], --alloc-fns, etc.
 n1: 1067264 0x20664E: _ntl_gblock_construct_alloc(_ntl_gbigint_body**, long, long) (lip.cpp:6279)
  n2: 1067264 0x228994: NTL::BasicBlockConstruct(NTL::ZZ_p*, long, long) (ZZ.h:1041)
   n1: 1058464 0x228A36: NTL::BlockConstructFromVec(NTL::ZZ_p*, long, NTL::ZZ_p const*) (vec_ZZ_p.cpp:43)
    n0: 1058464 0x16C17C: void NTL::VecStrategy<true>::do_BlockConstructFromVec<NTL::ZZ_p>(NTL::ZZ_p*, long, NTL::ZZ_p const*) (in /home/reti/dongHyeon/Function-hiding-IPE/build/bin/p-norm-ipe-test)
   n0: 8800 in 1 place, below massif's threshold (1.00%)
 n0: 99200 0x16B152: NTL::Vec<NTL::ZZ_p>::AllocateTo(long) (in /home/reti/dongHyeon/Function-hiding-IPE/build/bin/p-norm-ipe-test)
 n0: 20224 0x48F4F42: ??? (in /usr/lib/arm-linux-gnueabihf/libstdc++.so.6.0.26)
 n0: 13161 in 26 places, all below massif's threshold (1.00%)
#-----------
snapshot=15
#-----------
time=372436668
mem_heap_B=1281673
mem_heap_extra_B=3007
mem_stacks_B=0
heap_tree=empty
#-----------
snapshot=16
#-----------
time=401541561
mem_heap_B=1386569
mem_heap_extra_B=3191
mem_stacks_B=0
heap_tree=detailed
n4: 1386569 (heap allocation functions) malloc/new/new[], --alloc-fns, etc.
 n1: 1237984 0x20664E: _ntl_gblock_construct_alloc(_ntl_gbigint_body**, long, long) (lip.cpp:6279)
  n2: 1237984 0x228994: NTL::BasicBlockConstruct(NTL::ZZ_p*, long, long) (ZZ.h:1041)
   n1: 1229184 0x228A36: NTL::BlockConstructFromVec(NTL::ZZ_p*, long, NTL::ZZ_p const*) (vec_ZZ_p.cpp:43)
    n0: 1229184 0x16C17C: void NTL::VecStrategy<true>::do_BlockConstructFromVec<NTL::ZZ_p>(NTL::ZZ_p*, long, NTL::ZZ_p const*) (in /home/reti/dongHyeon/Function-hiding-IPE/build/bin/p-norm-ipe-test)
   n0: 8800 in 1 place, below massif's threshold (1.00%)
 n0: 115200 0x16B152: NTL::Vec<NTL::ZZ_p>::AllocateTo(long) (in /home/reti/dongHyeon/Function-hiding-IPE/build/bin/p-norm-ipe-test)
 n0: 20224 0x48F4F42: ??? (in /usr/lib/arm-linux-gnueabihf/libstdc++.so.6.0.26)
 n0: 13161 in 26 places, all below massif's threshold (1.00%)
#-----------
snapshot=17
#-----------
time=422704821
mem_heap_B=1461561
mem_heap_extra_B=3319
mem_stacks_B=0
heap_tree=detailed
n4: 1461561 (heap allocation functions) malloc/new/new[], --alloc-fns, etc.
 n1: 1306272 0x20664E: _ntl_gblock_construct_alloc(_ntl_gbigint_body**, long, long) (lip.cpp:6279)
  n2: 1306272 0x228994: NTL::BasicBlockConstruct(NTL::ZZ_p*, long, long) (ZZ.h:1041)
   n1: 1297472 0x228A36: NTL::BlockConstructFromVec(NTL::ZZ_p*, long, NTL::ZZ_p const*) (vec_ZZ_p.cpp:43)
    n0: 1297472 0x16C17C: void NTL::VecStrategy<true>::do_BlockConstructFromVec<NTL::ZZ_p>(NTL::ZZ_p*, long, NTL::ZZ_p const*) (in /home/reti/dongHyeon/Function-hiding-IPE/build/bin/p-norm-ipe-test)
   n0: 8800 in 1 place, below massif's threshold (1.00%)
 n0: 121600 0x16B152: NTL::Vec<NTL::ZZ_p>::AllocateTo(long) (in /home/reti/dongHyeon/Function-hiding-IPE/build/bin/p-norm-ipe-test)
 n0: 20224 0x48F4F42: ??? (in /usr/lib/arm-linux-gnueabihf/libstdc++.so.6.0.26)
 n0: 13465 in 26 places, all below massif's threshold (1.00%)
#-----------
snapshot=18
#-----------
time=454443952
mem_heap_B=1573593
mem_heap_extra_B=3511
mem_stacks_B=0
heap_tree=detailed
n4: 1573593 (heap allocation functions) malloc/new/new[], --alloc-fns, etc.
 n1: 1408704 0x20664E: _ntl_gblock_construct_alloc(_ntl_gbigint_body**, long, long) (lip.cpp:6279)
  n2: 1408704 0x228994: NTL::BasicBlockConstruct(NTL::ZZ_p*, long, long) (ZZ.h:1041)
   n1: 1399904 0x228A36: NTL::BlockConstructFromVec(NTL::ZZ_p*, long, NTL::ZZ_p const*) (vec_ZZ_p.cpp:43)
    n0: 1399904 0x16C17C: void NTL::VecStrategy<true>::do_BlockConstructFromVec<NTL::ZZ_p>(NTL::ZZ_p*, long, NTL::ZZ_p const*) (in /home/reti/dongHyeon/Function-hiding-IPE/build/bin/p-norm-ipe-test)
   n0: 8800 in 1 place, below massif's threshold (1.00%)
 n0: 131200 0x16B152: NTL::Vec<NTL::ZZ_p>::AllocateTo(long) (in /home/reti/dongHyeon/Function-hiding-IPE/build/bin/p-norm-ipe-test)
 n0: 20224 0x48F4F42: ??? (in /usr/lib/arm-linux-gnueabihf/libstdc++.so.6.0.26)
 n0: 13465 in 26 places, all below massif's threshold (1.00%)
#-----------
snapshot=19
#-----------
time=465029360
mem_heap_B=1610937
mem_heap_extra_B=3575
mem_stacks_B=0
heap_tree=detailed
n4: 1610937 (heap allocation functions) malloc/new/new[], --alloc-fns, etc.
 n1: 1442848 0x20664E: _ntl_gblock_construct_alloc(_ntl_gbigint_body**, long, long) (lip.cpp:6279)
  n2: 1442848 0x228994: NTL::BasicBlockConstruct(NTL::ZZ_p*, long, long) (ZZ.h:1041)
   n1: 1434048 0x228A36: NTL::BlockConstructFromVec(NTL::ZZ_p*, long, NTL::ZZ_p const*) (vec_ZZ_p.cpp:43)
    n0: 1434048 0x16C17C: void NTL::VecStrategy<true>::do_BlockConstructFromVec<NTL::ZZ_p>(NTL::ZZ_p*, long, NTL::ZZ_p const*) (in /home/reti/dongHyeon/Function-hiding-IPE/build/bin/p-norm-ipe-test)
   n0: 8800 in 1 place, below massif's threshold (1.00%)
 n0: 134400 0x16B152: NTL::Vec<NTL::ZZ_p>::AllocateTo(long) (in /home/reti/dongHyeon/Function-hiding-IPE/build/bin/p-norm-ipe-test)
 n0: 20224 0x48F4F42: ??? (in /usr/lib/arm-linux-gnueabihf/libstdc++.so.6.0.26)
 n0: 13465 in 26 places, all below massif's threshold (1.00%)
#-----------
snapshot=20
#-----------
time=491484207
mem_heap_B=1704297
mem_heap_extra_B=3735
mem_stacks_B=0
heap_tree=detailed
n4: 1704297 (heap allocation functions) malloc/new/new[], --alloc-fns, etc.
 n1: 1528208 0x20664E: _ntl_gblock_construct_alloc(_ntl_gbigint_body**, long, long) (lip.cpp:6279)
  n2: 1528208 0x228994: NTL::BasicBlockConstruct(NTL::ZZ_p*, long, long) (ZZ.h:1041)
   n1: 1519408 0x228A36: NTL::BlockConstructFromVec(NTL::ZZ_p*, long, NTL::ZZ_p const*) (vec_ZZ_p.cpp:43)
    n0: 1519408 0x16C17C: void NTL::VecStrategy<true>::do_BlockConstructFromVec<NTL::ZZ_p>(NTL::ZZ_p*, long, NTL::ZZ_p const*) (in /home/reti/dongHyeon/Function-hiding-IPE/build/bin/p-norm-ipe-test)
   n0: 8800 in 1 place, below massif's threshold (1.00%)
 n0: 142400 0x16B152: NTL::Vec<NTL::ZZ_p>::AllocateTo(long) (in /home/reti/dongHyeon/Function-hiding-IPE/build/bin/p-norm-ipe-test)
 n0: 20224 0x48F4F42: ??? (in /usr/lib/arm-linux-gnueabihf/libstdc++.so.6.0.26)
 n0: 13465 in 26 places, all below massif's threshold (1.00%)
#-----------
snapshot=21
#-----------
time=512642538
mem_heap_B=1778985
mem_heap_extra_B=3863
mem_stacks_B=0
heap_tree=detailed
n4: 1778985 (heap allocation functions) malloc/new/new[], --alloc-fns, etc.
 n1: 1596496 0x20664E: _ntl_gblock_construct_alloc(_ntl_gbigint_body**, long, long) (lip.cpp:6279)
  n2: 1596496 0x228994: NTL::BasicBlockConstruct(NTL::ZZ_p*, long, long) (ZZ.h:1041)
   n1: 1587696 0x228A36: NTL::BlockConstructFromVec(NTL::ZZ_p*, long, NTL::ZZ_p const*) (vec_ZZ_p.cpp:43)
    n0: 1587696 0x16C17C: void NTL::VecStrategy<true>::do_BlockConstructFromVec<NTL::ZZ_p>(NTL::ZZ_p*, long, NTL::ZZ_p const*) (in /home/reti/dongHyeon/Function-hiding-IPE/build/bin/p-norm-ipe-test)
   n0: 8800 in 1 place, below massif's threshold (1.00%)
 n0: 148800 0x16B152: NTL::Vec<NTL::ZZ_p>::AllocateTo(long) (in /home/reti/dongHyeon/Function-hiding-IPE/build/bin/p-norm-ipe-test)
 n0: 20224 0x48F4F42: ??? (in /usr/lib/arm-linux-gnueabihf/libstdc++.so.6.0.26)
 n0: 13465 in 26 places, all below massif's threshold (1.00%)
#-----------
snapshot=22
#-----------
time=537653014
mem_heap_B=3655929
mem_heap_extra_B=7063
mem_stacks_B=0
heap_tree=detailed
n3: 3655929 (heap allocation functions) malloc/new/new[], --alloc-fns, etc.
 n1: 3311968 0x20664E: _ntl_gblock_construct_alloc(_ntl_gbigint_body**, long, long) (lip.cpp:6279)
  n2: 3311968 0x228994: NTL::BasicBlockConstruct(NTL::ZZ_p*, long, long) (ZZ.h:1041)
   n1: 3311968 0x228A36: NTL::BlockConstructFromVec(NTL::ZZ_p*, long, NTL::ZZ_p const*) (vec_ZZ_p.cpp:43)
    n0: 3311968 0x16C17C: void NTL::VecStrategy<true>::do_BlockConstructFromVec<NTL::ZZ_p>(NTL::ZZ_p*, long, NTL::ZZ_p const*) (in /home/reti/dongHyeon/Function-hiding-IPE/build/bin/p-norm-ipe-test)
   n0: 0 in 1 place, below massif's threshold (1.00%)
 n0: 310400 0x16B152: NTL::Vec<NTL::ZZ_p>::AllocateTo(long) (in /home/reti/dongHyeon/Function-hiding-IPE/build/bin/p-norm-ipe-test)
 n0: 33561 in 27 places, all below massif's threshold (1.00%)
#-----------
snapshot=23
#-----------
time=571206721
mem_heap_B=1938593
mem_heap_extra_B=4151
mem_stacks_B=0
heap_tree=empty
#-----------
snapshot=24
#-----------
time=602948647
mem_heap_B=2050625
mem_heap_extra_B=4343
mem_stacks_B=0
heap_tree=empty
#-----------
snapshot=25
#-----------
time=629405581
mem_heap_B=2143985
mem_heap_extra_B=4503
mem_stacks_B=0
heap_tree=empty
#-----------
snapshot=26
#-----------
time=665176684
mem_heap_B=2269185
mem_heap_extra_B=4703
mem_stacks_B=0
heap_tree=empty
#-----------
snapshot=27
#-----------
time=683697501
mem_heap_B=2334729
mem_heap_extra_B=4815
mem_stacks_B=0
heap_tree=empty
#-----------
snapshot=28
#-----------
time=702214042
mem_heap_B=2400081
mem_heap_extra_B=4927
mem_stacks_B=0
heap_tree=empty
#-----------
snapshot=29
#-----------
time=720738761
mem_heap_B=2465433
mem_heap_extra_B=5039
mem_stacks_B=0
heap_tree=empty
#-----------
snapshot=30
#-----------
time=739254542
mem_heap_B=2530785
mem_heap_extra_B=5151
mem_stacks_B=0
heap_tree=empty
#-----------
snapshot=31
#-----------
time=758444649
mem_heap_B=2598641
mem_heap_extra_B=5271
mem_stacks_B=0
heap_tree=empty
#-----------
snapshot=32
#-----------
time=776968541
mem_heap_B=2663993
mem_heap_extra_B=5383
mem_stacks_B=0
heap_tree=empty
#-----------
snapshot=33
#-----------
time=795486566
mem_heap_B=2729345
mem_heap_extra_B=5495
mem_stacks_B=0
heap_tree=empty
#-----------
snapshot=34
#-----------
time=814010199
mem_heap_B=2794905
mem_heap_extra_B=5607
mem_stacks_B=0
heap_tree=empty
#-----------
snapshot=35
#-----------
time=832524026
mem_heap_B=2860257
mem_heap_extra_B=5719
mem_stacks_B=0
heap_tree=empty
#-----------
snapshot=36
#-----------
time=851043671
mem_heap_B=2925609
mem_heap_extra_B=5831
mem_stacks_B=0
heap_tree=empty
#-----------
snapshot=37
#-----------
time=869566756
mem_heap_B=2990961
mem_heap_extra_B=5943
mem_stacks_B=0
heap_tree=empty
#-----------
snapshot=38
#-----------
time=897321044
mem_heap_B=3088745
mem_heap_extra_B=6103
mem_stacks_B=0
heap_tree=empty
#-----------
snapshot=39
#-----------
time=915838618
mem_heap_B=3154097
mem_heap_extra_B=6215
mem_stacks_B=0
heap_tree=detailed
n3: 3154097 (heap allocation functions) malloc/new/new[], --alloc-fns, etc.
 n1: 2853224 0x20664E: _ntl_gblock_construct_alloc(_ntl_gbigint_body**, long, long) (lip.cpp:6279)
  n2: 2853224 0x228994: NTL::BasicBlockConstruct(NTL::ZZ_p*, long, long) (ZZ.h:1041)
   n0: 1658184 0x16C5A0: void NTL::VecStrategy<true>::do_BlockConstruct<NTL::ZZ_p>(NTL::ZZ_p*, long) (in /home/reti/dongHyeon/Function-hiding-IPE/build/bin/p-norm-ipe-test)
   n1: 1195040 0x228A36: NTL::BlockConstructFromVec(NTL::ZZ_p*, long, NTL::ZZ_p const*) (vec_ZZ_p.cpp:43)
    n0: 1195040 0x16C17C: void NTL::VecStrategy<true>::do_BlockConstructFromVec<NTL::ZZ_p>(NTL::ZZ_p*, long, NTL::ZZ_p const*) (in /home/reti/dongHyeon/Function-hiding-IPE/build/bin/p-norm-ipe-test)
 n0: 267200 0x16B152: NTL::Vec<NTL::ZZ_p>::AllocateTo(long) (in /home/reti/dongHyeon/Function-hiding-IPE/build/bin/p-norm-ipe-test)
 n0: 33673 in 27 places, all below massif's threshold (1.00%)
#-----------
snapshot=40
#-----------
time=934354445
mem_heap_B=3219449
mem_heap_extra_B=6327
mem_stacks_B=0
heap_tree=empty
#-----------
snapshot=41
#-----------
time=952876239
mem_heap_B=3285105
mem_heap_extra_B=6439
mem_stacks_B=0
heap_tree=empty
#-----------
snapshot=42
#-----------
time=980682922
mem_heap_B=3383377
mem_heap_extra_B=6615
mem_stacks_B=0
heap_tree=empty
#-----------
snapshot=43
#-----------
time=999200243
mem_heap_B=3448729
mem_heap_extra_B=6727
mem_stacks_B=0
heap_tree=empty
#-----------
snapshot=44
#-----------
time=1017719740
mem_heap_B=3514081
mem_heap_extra_B=6839
mem_stacks_B=0
heap_tree=empty
#-----------
snapshot=45
#-----------
time=1036241402
mem_heap_B=3579433
mem_heap_extra_B=6951
mem_stacks_B=0
heap_tree=empty
#-----------
snapshot=46
#-----------
time=1061872792
mem_heap_B=5467913
mem_heap_extra_B=10175
mem_stacks_B=0
heap_tree=detailed
n3: 5467913 (heap allocation functions) malloc/new/new[], --alloc-fns, etc.
 n1: 4967952 0x20664E: _ntl_gblock_construct_alloc(_ntl_gbigint_body**, long, long) (lip.cpp:6279)
  n2: 4967952 0x228994: NTL::BasicBlockConstruct(NTL::ZZ_p*, long, long) (ZZ.h:1041)
   n1: 3311968 0x228A36: NTL::BlockConstructFromVec(NTL::ZZ_p*, long, NTL::ZZ_p const*) (vec_ZZ_p.cpp:43)
    n0: 3311968 0x16C17C: void NTL::VecStrategy<true>::do_BlockConstructFromVec<NTL::ZZ_p>(NTL::ZZ_p*, long, NTL::ZZ_p const*) (in /home/reti/dongHyeon/Function-hiding-IPE/build/bin/p-norm-ipe-test)
   n0: 1655984 0x16C5A0: void NTL::VecStrategy<true>::do_BlockConstruct<NTL::ZZ_p>(NTL::ZZ_p*, long) (in /home/reti/dongHyeon/Function-hiding-IPE/build/bin/p-norm-ipe-test)
 n0: 465600 0x16B152: NTL::Vec<NTL::ZZ_p>::AllocateTo(long) (in /home/reti/dongHyeon/Function-hiding-IPE/build/bin/p-norm-ipe-test)
 n0: 34361 in 27 places, all below massif's threshold (1.00%)
#-----------
snapshot=47
#-----------
time=1076758878
mem_heap_B=7280281
mem_heap_extra_B=13303
mem_stacks_B=0
heap_tree=peak
n3: 7280281 (heap allocation functions) malloc/new/new[], --alloc-fns, etc.
 n1: 6623936 0x20664E: _ntl_gblock_construct_alloc(_ntl_gbigint_body**, long, long) (lip.cpp:6279)
  n2: 6623936 0x228994: NTL::BasicBlockConstruct(NTL::ZZ_p*, long, long) (ZZ.h:1041)
   n0: 3311968 0x16C5A0: void NTL::VecStrategy<true>::do_BlockConstruct<NTL::ZZ_p>(NTL::ZZ_p*, long) (in /home/reti/dongHyeon/Function-hiding-IPE/build/bin/p-norm-ipe-test)
   n1: 3311968 0x228A36: NTL::BlockConstructFromVec(NTL::ZZ_p*, long, NTL::ZZ_p const*) (vec_ZZ_p.cpp:43)
    n0: 3311968 0x16C17C: void NTL::VecStrategy<true>::do_BlockConstructFromVec<NTL::ZZ_p>(NTL::ZZ_p*, long, NTL::ZZ_p const*) (in /home/reti/dongHyeon/Function-hiding-IPE/build/bin/p-norm-ipe-test)
 n0: 620800 0x16B152: NTL::Vec<NTL::ZZ_p>::AllocateTo(long) (in /home/reti/dongHyeon/Function-hiding-IPE/build/bin/p-norm-ipe-test)
 n0: 35545 in 28 places, all below massif's threshold (1.00%)
#-----------
snapshot=48
#-----------
time=1108426889
mem_heap_B=3706585
mem_heap_extra_B=10095
mem_stacks_B=0
heap_tree=empty
#-----------
snapshot=49
#-----------
time=1136650760
mem_heap_B=3706697
mem_heap_extra_B=10135
mem_stacks_B=0
heap_tree=empty
#-----------
snapshot=50
#-----------
time=1148157605
mem_heap_B=3706697
mem_heap_extra_B=10135
mem_stacks_B=0
heap_tree=empty
#-----------
snapshot=51
#-----------
time=1159697866
mem_heap_B=3706697
mem_heap_extra_B=10135
mem_stacks_B=0
heap_tree=empty
#-----------
snapshot=52
#-----------
time=1171162606
mem_heap_B=3706697
mem_heap_extra_B=10135
mem_stacks_B=0
heap_tree=empty
#-----------
snapshot=53
#-----------
time=1182703074
mem_heap_B=3706697
mem_heap_extra_B=10135
mem_stacks_B=0
heap_tree=empty
#-----------
snapshot=54
#-----------
time=1194232011
mem_heap_B=3706697
mem_heap_extra_B=10135
mem_stacks_B=0
heap_tree=empty
#-----------
snapshot=55
#-----------
time=1205661463
mem_heap_B=3706697
mem_heap_extra_B=10135
mem_stacks_B=0
heap_tree=detailed
n3: 3706697 (heap allocation functions) malloc/new/new[], --alloc-fns, etc.
 n1: 3329040 0x20664E: _ntl_gblock_construct_alloc(_ntl_gbigint_body**, long, long) (lip.cpp:6279)
  n2: 3329040 0x228994: NTL::BasicBlockConstruct(NTL::ZZ_p*, long, long) (ZZ.h:1041)
   n1: 3320504 0x228A36: NTL::BlockConstructFromVec(NTL::ZZ_p*, long, NTL::ZZ_p const*) (vec_ZZ_p.cpp:43)
    n0: 3320504 0x16C17C: void NTL::VecStrategy<true>::do_BlockConstructFromVec<NTL::ZZ_p>(NTL::ZZ_p*, long, NTL::ZZ_p const*) (in /home/reti/dongHyeon/Function-hiding-IPE/build/bin/p-norm-ipe-test)
   n0: 8536 in 1 place, below massif's threshold (1.00%)
 n0: 312000 0x16B152: NTL::Vec<NTL::ZZ_p>::AllocateTo(long) (in /home/reti/dongHyeon/Function-hiding-IPE/build/bin/p-norm-ipe-test)
 n0: 65657 in 55 places, all below massif's threshold (1.00%)
#-----------
snapshot=56
#-----------
time=1216939502
mem_heap_B=3706697
mem_heap_extra_B=10135
mem_stacks_B=0
heap_tree=empty
#-----------
snapshot=57
#-----------
time=1228363572
mem_heap_B=3706697
mem_heap_extra_B=10135
mem_stacks_B=0
heap_tree=empty
#-----------
snapshot=58
#-----------
time=1239707097
mem_heap_B=3706697
mem_heap_extra_B=10135
mem_stacks_B=0
heap_tree=empty
#-----------
snapshot=59
#-----------
time=1251528124
mem_heap_B=3706697
mem_heap_extra_B=10135
mem_stacks_B=0
heap_tree=empty
#-----------
snapshot=60
#-----------
time=1262983444
mem_heap_B=3706697
mem_heap_extra_B=10135
mem_stacks_B=0
heap_tree=empty
#-----------
snapshot=61
#-----------
time=1274440741
mem_heap_B=3706697
mem_heap_extra_B=10135
mem_stacks_B=0
heap_tree=empty
#-----------
snapshot=62
#-----------
time=1285715478
mem_heap_B=3706697
mem_heap_extra_B=10135
mem_stacks_B=0
heap_tree=empty
#-----------
snapshot=63
#-----------
time=1297205748
mem_heap_B=3706697
mem_heap_extra_B=10135
mem_stacks_B=0
heap_tree=empty
#-----------
snapshot=64
#-----------
time=1308885694
mem_heap_B=3706697
mem_heap_extra_B=10135
mem_stacks_B=0
heap_tree=empty
#-----------
snapshot=65
#-----------
time=1320362251
mem_heap_B=3706697
mem_heap_extra_B=10135
mem_stacks_B=0
heap_tree=detailed
n3: 3706697 (heap allocation functions) malloc/new/new[], --alloc-fns, etc.
 n1: 3329040 0x20664E: _ntl_gblock_construct_alloc(_ntl_gbigint_body**, long, long) (lip.cpp:6279)
  n2: 3329040 0x228994: NTL::BasicBlockConstruct(NTL::ZZ_p*, long, long) (ZZ.h:1041)
   n1: 3320504 0x228A36: NTL::BlockConstructFromVec(NTL::ZZ_p*, long, NTL::ZZ_p const*) (vec_ZZ_p.cpp:43)
    n0: 3320504 0x16C17C: void NTL::VecStrategy<true>::do_BlockConstructFromVec<NTL::ZZ_p>(NTL::ZZ_p*, long, NTL::ZZ_p const*) (in /home/reti/dongHyeon/Function-hiding-IPE/build/bin/p-norm-ipe-test)
   n0: 8536 in 1 place, below massif's threshold (1.00%)
 n0: 312000 0x16B152: NTL::Vec<NTL::ZZ_p>::AllocateTo(long) (in /home/reti/dongHyeon/Function-hiding-IPE/build/bin/p-norm-ipe-test)
 n0: 65657 in 55 places, all below massif's threshold (1.00%)
#-----------
snapshot=66
#-----------
time=1331640141
mem_heap_B=3706697
mem_heap_extra_B=10135
mem_stacks_B=0
heap_tree=empty
#-----------
snapshot=67
#-----------
time=1343038638
mem_heap_B=3706697
mem_heap_extra_B=10135
mem_stacks_B=0
heap_tree=empty
#-----------
snapshot=68
#-----------
time=1354985531
mem_heap_B=3706589
mem_heap_extra_B=10107
mem_stacks_B=0
heap_tree=empty
#-----------
snapshot=69
#-----------
time=1366388523
mem_heap_B=3706697
mem_heap_extra_B=10135
mem_stacks_B=0
heap_tree=empty
#-----------
snapshot=70
#-----------
time=1377806130
mem_heap_B=3706697
mem_heap_extra_B=10135
mem_stacks_B=0
heap_tree=empty
#-----------
snapshot=71
#-----------
time=1389261111
mem_heap_B=3706697
mem_heap_extra_B=10135
mem_stacks_B=0
heap_tree=empty
#-----------
snapshot=72
#-----------
time=1400661253
mem_heap_B=3706697
mem_heap_extra_B=10135
mem_stacks_B=0
heap_tree=empty
#-----------
snapshot=73
#-----------
time=1412135480
mem_heap_B=3706697
mem_heap_extra_B=10135
mem_stacks_B=0
heap_tree=empty
#-----------
snapshot=74
#-----------
time=1423711105
mem_heap_B=3706697
mem_heap_extra_B=10135
mem_stacks_B=0
heap_tree=empty
#-----------
snapshot=75
#-----------
time=1435179972
mem_heap_B=3706697
mem_heap_extra_B=10135
mem_stacks_B=0
heap_tree=detailed
n3: 3706697 (heap allocation functions) malloc/new/new[], --alloc-fns, etc.
 n1: 3329040 0x20664E: _ntl_gblock_construct_alloc(_ntl_gbigint_body**, long, long) (lip.cpp:6279)
  n2: 3329040 0x228994: NTL::BasicBlockConstruct(NTL::ZZ_p*, long, long) (ZZ.h:1041)
   n1: 3320504 0x228A36: NTL::BlockConstructFromVec(NTL::ZZ_p*, long, NTL::ZZ_p const*) (vec_ZZ_p.cpp:43)
    n0: 3320504 0x16C17C: void NTL::VecStrategy<true>::do_BlockConstructFromVec<NTL::ZZ_p>(NTL::ZZ_p*, long, NTL::ZZ_p const*) (in /home/reti/dongHyeon/Function-hiding-IPE/build/bin/p-norm-ipe-test)
   n0: 8536 in 1 place, below massif's threshold (1.00%)
 n0: 312000 0x16B152: NTL::Vec<NTL::ZZ_p>::AllocateTo(long) (in /home/reti/dongHyeon/Function-hiding-IPE/build/bin/p-norm-ipe-test)
 n0: 65657 in 55 places, all below massif's threshold (1.00%)
#-----------
snapshot=76
#-----------
time=1446423552
mem_heap_B=3706697
mem_heap_extra_B=10135
mem_stacks_B=0
heap_tree=empty
#-----------
snapshot=77
#-----------
time=1457841651
mem_heap_B=3706697
mem_heap_extra_B=10135
mem_stacks_B=0
heap_tree=empty
#-----------
snapshot=78
#-----------
time=1469799769
mem_heap_B=3706589
mem_heap_extra_B=10107
mem_stacks_B=0
heap_tree=empty
#-----------
snapshot=79
#-----------
time=1481244436
mem_heap_B=3706697
mem_heap_extra_B=10135
mem_stacks_B=0
heap_tree=empty
#-----------
snapshot=80
#-----------
time=1492752818
mem_heap_B=3706697
mem_heap_extra_B=10135
mem_stacks_B=0
heap_tree=empty
#-----------
snapshot=81
#-----------
time=1504211180
mem_heap_B=3706697
mem_heap_extra_B=10135
mem_stacks_B=0
heap_tree=empty
#-----------
snapshot=82
#-----------
time=1515626115
mem_heap_B=3706697
mem_heap_extra_B=10135
mem_stacks_B=0
heap_tree=empty
#-----------
snapshot=83
#-----------
time=1527032942
mem_heap_B=3706697
mem_heap_extra_B=10135
mem_stacks_B=0
heap_tree=empty
#-----------
snapshot=84
#-----------
time=1538537298
mem_heap_B=3706697
mem_heap_extra_B=10135
mem_stacks_B=0
heap_tree=empty
#-----------
snapshot=85
#-----------
time=1550126781
mem_heap_B=3706697
mem_heap_extra_B=10135
mem_stacks_B=0
heap_tree=detailed
n3: 3706697 (heap allocation functions) malloc/new/new[], --alloc-fns, etc.
 n1: 3329040 0x20664E: _ntl_gblock_construct_alloc(_ntl_gbigint_body**, long, long) (lip.cpp:6279)
  n2: 3329040 0x228994: NTL::BasicBlockConstruct(NTL::ZZ_p*, long, long) (ZZ.h:1041)
   n1: 3320504 0x228A36: NTL::BlockConstructFromVec(NTL::ZZ_p*, long, NTL::ZZ_p const*) (vec_ZZ_p.cpp:43)
    n0: 3320504 0x16C17C: void NTL::VecStrategy<true>::do_BlockConstructFromVec<NTL::ZZ_p>(NTL::ZZ_p*, long, NTL::ZZ_p const*) (in /home/reti/dongHyeon/Function-hiding-IPE/build/bin/p-norm-ipe-test)
   n0: 8536 in 1 place, below massif's threshold (1.00%)
 n0: 312000 0x16B152: NTL::Vec<NTL::ZZ_p>::AllocateTo(long) (in /home/reti/dongHyeon/Function-hiding-IPE/build/bin/p-norm-ipe-test)
 n0: 65657 in 55 places, all below massif's threshold (1.00%)
#-----------
snapshot=86
#-----------
time=1561536227
mem_heap_B=3706697
mem_heap_extra_B=10135
mem_stacks_B=0
heap_tree=empty
#-----------
snapshot=87
#-----------
time=1573057915
mem_heap_B=3706697
mem_heap_extra_B=10135
mem_stacks_B=0
heap_tree=empty
