desc: --massif-out-file=encrypt/memory-32-10-8.log
cmd: ./p-norm-ipe-test encrypt 32 10 8
time_unit: i
#-----------
snapshot=0
#-----------
time=0
mem_heap_B=0
mem_heap_extra_B=0
mem_stacks_B=0
heap_tree=empty
#-----------
snapshot=1
#-----------
time=56531626
mem_heap_B=159049
mem_heap_extra_B=1055
mem_stacks_B=0
heap_tree=empty
#-----------
snapshot=2
#-----------
time=103812184
mem_heap_B=337865
mem_heap_extra_B=1327
mem_stacks_B=0
heap_tree=detailed
n5: 337865 (heap allocation functions) malloc/new/new[], --alloc-fns, etc.
 n1: 279488 0x20664E: _ntl_gblock_construct_alloc(_ntl_gbigint_body**, long, long) (lip.cpp:6279)
  n2: 279488 0x228994: NTL::BasicBlockConstruct(NTL::ZZ_p*, long, long) (ZZ.h:1041)
   n1: 268488 0x228A36: NTL::BlockConstructFromVec(NTL::ZZ_p*, long, NTL::ZZ_p const*) (vec_ZZ_p.cpp:43)
    n0: 268488 0x16C17C: void NTL::VecStrategy<true>::do_BlockConstructFromVec<NTL::ZZ_p>(NTL::ZZ_p*, long, NTL::ZZ_p const*) (in /home/reti/dongHyeon/Function-hiding-IPE/build/bin/p-norm-ipe-test)
   n0: 11000 0x16C5A0: void NTL::VecStrategy<true>::do_BlockConstruct<NTL::ZZ_p>(NTL::ZZ_p*, long) (in /home/reti/dongHyeon/Function-hiding-IPE/build/bin/p-norm-ipe-test)
 n0: 25056 0x16B152: NTL::Vec<NTL::ZZ_p>::AllocateTo(long) (in /home/reti/dongHyeon/Function-hiding-IPE/build/bin/p-norm-ipe-test)
 n0: 20224 0x48F4F42: ??? (in /usr/lib/arm-linux-gnueabihf/libstdc++.so.6.0.26)
 n1: 8192 0x493D6C6: std::basic_filebuf<char, std::char_traits<char> >::_M_allocate_internal_buffer() (in /usr/lib/arm-linux-gnueabihf/libstdc++.so.6.0.26)
  n1: 8192 0x493FFE2: std::basic_filebuf<char, std::char_traits<char> >::open(char const*, std::_Ios_Openmode) (in /usr/lib/arm-linux-gnueabihf/libstdc++.so.6.0.26)
   n0: 8192 0x49409EA: std::basic_ifstream<char, std::char_traits<char> >::basic_ifstream(std::__cxx11::basic_string<char, std::char_traits<char>, std::allocator<char> > const&, std::_Ios_Openmode) (in /usr/lib/arm-linux-gnueabihf/libstdc++.so.6.0.26)
 n0: 4905 in 24 places, all below massif's threshold (1.00%)
#-----------
snapshot=3
#-----------
time=168544919
mem_heap_B=566177
mem_heap_extra_B=1663
mem_stacks_B=0
heap_tree=detailed
n5: 566177 (heap allocation functions) malloc/new/new[], --alloc-fns, etc.
 n1: 488312 0x20664E: _ntl_gblock_construct_alloc(_ntl_gbigint_body**, long, long) (lip.cpp:6279)
  n2: 488312 0x228994: NTL::BasicBlockConstruct(NTL::ZZ_p*, long, long) (ZZ.h:1041)
   n1: 477312 0x228A36: NTL::BlockConstructFromVec(NTL::ZZ_p*, long, NTL::ZZ_p const*) (vec_ZZ_p.cpp:43)
    n0: 477312 0x16C17C: void NTL::VecStrategy<true>::do_BlockConstructFromVec<NTL::ZZ_p>(NTL::ZZ_p*, long, NTL::ZZ_p const*) (in /home/reti/dongHyeon/Function-hiding-IPE/build/bin/p-norm-ipe-test)
   n0: 11000 0x16C5A0: void NTL::VecStrategy<true>::do_BlockConstruct<NTL::ZZ_p>(NTL::ZZ_p*, long) (in /home/reti/dongHyeon/Function-hiding-IPE/build/bin/p-norm-ipe-test)
 n0: 44544 0x16B152: NTL::Vec<NTL::ZZ_p>::AllocateTo(long) (in /home/reti/dongHyeon/Function-hiding-IPE/build/bin/p-norm-ipe-test)
 n0: 20224 0x48F4F42: ??? (in /usr/lib/arm-linux-gnueabihf/libstdc++.so.6.0.26)
 n1: 8192 0x493D6C6: std::basic_filebuf<char, std::char_traits<char> >::_M_allocate_internal_buffer() (in /usr/lib/arm-linux-gnueabihf/libstdc++.so.6.0.26)
  n1: 8192 0x493FFE2: std::basic_filebuf<char, std::char_traits<char> >::open(char const*, std::_Ios_Openmode) (in /usr/lib/arm-linux-gnueabihf/libstdc++.so.6.0.26)
   n0: 8192 0x49409EA: std::basic_ifstream<char, std::char_traits<char> >::basic_ifstream(std::__cxx11::basic_string<char, std::char_traits<char>, std::allocator<char> > const&, std::_Ios_Openmode) (in /usr/lib/arm-linux-gnueabihf/libstdc++.so.6.0.26)
 n0: 4905 in 24 places, all below massif's threshold (1.00%)
#-----------
snapshot=4
#-----------
time=218555187
mem_heap_B=730545
mem_heap_extra_B=1887
mem_stacks_B=0
heap_tree=empty
#-----------
snapshot=5
#-----------
time=264122640
mem_heap_B=903401
mem_heap_extra_B=2159
mem_stacks_B=0
heap_tree=detailed
n4: 903401 (heap allocation functions) malloc/new/new[], --alloc-fns, etc.
 n1: 796576 0x20664E: _ntl_gblock_construct_alloc(_ntl_gbigint_body**, long, long) (lip.cpp:6279)
  n2: 796576 0x228994: NTL::BasicBlockConstruct(NTL::ZZ_p*, long, long) (ZZ.h:1041)
   n1: 785576 0x228A36: NTL::BlockConstructFromVec(NTL::ZZ_p*, long, NTL::ZZ_p const*) (vec_ZZ_p.cpp:43)
    n0: 785576 0x16C17C: void NTL::VecStrategy<true>::do_BlockConstructFromVec<NTL::ZZ_p>(NTL::ZZ_p*, long, NTL::ZZ_p const*) (in /home/reti/dongHyeon/Function-hiding-IPE/build/bin/p-norm-ipe-test)
   n0: 11000 0x16C5A0: void NTL::VecStrategy<true>::do_BlockConstruct<NTL::ZZ_p>(NTL::ZZ_p*, long) (in /home/reti/dongHyeon/Function-hiding-IPE/build/bin/p-norm-ipe-test)
 n0: 73312 0x16B152: NTL::Vec<NTL::ZZ_p>::AllocateTo(long) (in /home/reti/dongHyeon/Function-hiding-IPE/build/bin/p-norm-ipe-test)
 n0: 20224 0x48F4F42: ??? (in /usr/lib/arm-linux-gnueabihf/libstdc++.so.6.0.26)
 n0: 13289 in 26 places, all below massif's threshold (1.00%)
#-----------
snapshot=6
#-----------
time=313436742
mem_heap_B=1077353
mem_heap_extra_B=2415
mem_stacks_B=0
heap_tree=detailed
n4: 1077353 (heap allocation functions) malloc/new/new[], --alloc-fns, etc.
 n1: 955680 0x20664E: _ntl_gblock_construct_alloc(_ntl_gbigint_body**, long, long) (lip.cpp:6279)
  n2: 955680 0x228994: NTL::BasicBlockConstruct(NTL::ZZ_p*, long, long) (ZZ.h:1041)
   n1: 944680 0x228A36: NTL::BlockConstructFromVec(NTL::ZZ_p*, long, NTL::ZZ_p const*) (vec_ZZ_p.cpp:43)
    n0: 944680 0x16C17C: void NTL::VecStrategy<true>::do_BlockConstructFromVec<NTL::ZZ_p>(NTL::ZZ_p*, long, NTL::ZZ_p const*) (in /home/reti/dongHyeon/Function-hiding-IPE/build/bin/p-norm-ipe-test)
   n0: 11000 0x16C5A0: void NTL::VecStrategy<true>::do_BlockConstruct<NTL::ZZ_p>(NTL::ZZ_p*, long) (in /home/reti/dongHyeon/Function-hiding-IPE/build/bin/p-norm-ipe-test)
 n0: 88160 0x16B152: NTL::Vec<NTL::ZZ_p>::AllocateTo(long) (in /home/reti/dongHyeon/Function-hiding-IPE/build/bin/p-norm-ipe-test)
 n0: 20224 0x48F4F42: ??? (in /usr/lib/arm-linux-gnueabihf/libstdc++.so.6.0.26)
 n0: 13289 in 26 places, all below massif's threshold (1.00%)
#-----------
snapshot=7
#-----------
time=365838545
mem_heap_B=1262385
mem_heap_extra_B=2687
mem_stacks_B=0
heap_tree=detailed
n4: 1262385 (heap allocation functions) malloc/new/new[], --alloc-fns, etc.
 n1: 1124728 0x20664E: _ntl_gblock_construct_alloc(_ntl_gbigint_body**, long, long) (lip.cpp:6279)
  n2: 1124728 0x228994: NTL::BasicBlockConstruct(NTL::ZZ_p*, long, long) (ZZ.h:1041)
   n1: 1113728 0x228A36: NTL::BlockConstructFromVec(NTL::ZZ_p*, long, NTL::ZZ_p const*) (vec_ZZ_p.cpp:43)
    n0: 1113728 0x16C17C: void NTL::VecStrategy<true>::do_BlockConstructFromVec<NTL::ZZ_p>(NTL::ZZ_p*, long, NTL::ZZ_p const*) (in /home/reti/dongHyeon/Function-hiding-IPE/build/bin/p-norm-ipe-test)
   n0: 11000 in 1 place, below massif's threshold (1.00%)
 n0: 103936 0x16B152: NTL::Vec<NTL::ZZ_p>::AllocateTo(long) (in /home/reti/dongHyeon/Function-hiding-IPE/build/bin/p-norm-ipe-test)
 n0: 20224 0x48F4F42: ??? (in /usr/lib/arm-linux-gnueabihf/libstdc++.so.6.0.26)
 n0: 13497 in 26 places, all below massif's threshold (1.00%)
#-----------
snapshot=8
#-----------
time=408994677
mem_heap_B=1414593
mem_heap_extra_B=2911
mem_stacks_B=0
heap_tree=detailed
n4: 1414593 (heap allocation functions) malloc/new/new[], --alloc-fns, etc.
 n1: 1263944 0x20664E: _ntl_gblock_construct_alloc(_ntl_gbigint_body**, long, long) (lip.cpp:6279)
  n2: 1263944 0x228994: NTL::BasicBlockConstruct(NTL::ZZ_p*, long, long) (ZZ.h:1041)
   n1: 1252944 0x228A36: NTL::BlockConstructFromVec(NTL::ZZ_p*, long, NTL::ZZ_p const*) (vec_ZZ_p.cpp:43)
    n0: 1252944 0x16C17C: void NTL::VecStrategy<true>::do_BlockConstructFromVec<NTL::ZZ_p>(NTL::ZZ_p*, long, NTL::ZZ_p const*) (in /home/reti/dongHyeon/Function-hiding-IPE/build/bin/p-norm-ipe-test)
   n0: 11000 in 1 place, below massif's threshold (1.00%)
 n0: 116928 0x16B152: NTL::Vec<NTL::ZZ_p>::AllocateTo(long) (in /home/reti/dongHyeon/Function-hiding-IPE/build/bin/p-norm-ipe-test)
 n0: 20224 0x48F4F42: ??? (in /usr/lib/arm-linux-gnueabihf/libstdc++.so.6.0.26)
 n0: 13497 in 26 places, all below massif's threshold (1.00%)
#-----------
snapshot=9
#-----------
time=470282002
mem_heap_B=1618961
mem_heap_extra_B=3207
mem_stacks_B=0
heap_tree=empty
#-----------
snapshot=10
#-----------
time=519981623
mem_heap_B=1806289
mem_heap_extra_B=3487
mem_stacks_B=0
heap_tree=detailed
n4: 1806289 (heap allocation functions) malloc/new/new[], --alloc-fns, etc.
 n1: 1621928 0x20664E: _ntl_gblock_construct_alloc(_ntl_gbigint_body**, long, long) (lip.cpp:6279)
  n2: 1621928 0x228994: NTL::BasicBlockConstruct(NTL::ZZ_p*, long, long) (ZZ.h:1041)
   n1: 1610928 0x228A36: NTL::BlockConstructFromVec(NTL::ZZ_p*, long, NTL::ZZ_p const*) (vec_ZZ_p.cpp:43)
    n0: 1610928 0x16C17C: void NTL::VecStrategy<true>::do_BlockConstructFromVec<NTL::ZZ_p>(NTL::ZZ_p*, long, NTL::ZZ_p const*) (in /home/reti/dongHyeon/Function-hiding-IPE/build/bin/p-norm-ipe-test)
   n0: 11000 in 1 place, below massif's threshold (1.00%)
 n0: 150336 0x16B152: NTL::Vec<NTL::ZZ_p>::AllocateTo(long) (in /home/reti/dongHyeon/Function-hiding-IPE/build/bin/p-norm-ipe-test)
 n0: 20224 0x48F4F42: ??? (in /usr/lib/arm-linux-gnueabihf/libstdc++.so.6.0.26)
 n0: 13801 in 26 places, all below massif's threshold (1.00%)
#-----------
snapshot=11
#-----------
time=563143414
mem_heap_B=1958497
mem_heap_extra_B=3711
mem_stacks_B=0
heap_tree=detailed
n4: 1958497 (heap allocation functions) malloc/new/new[], --alloc-fns, etc.
 n1: 1761144 0x20664E: _ntl_gblock_construct_alloc(_ntl_gbigint_body**, long, long) (lip.cpp:6279)
  n2: 1761144 0x228994: NTL::BasicBlockConstruct(NTL::ZZ_p*, long, long) (ZZ.h:1041)
   n1: 1750144 0x228A36: NTL::BlockConstructFromVec(NTL::ZZ_p*, long, NTL::ZZ_p const*) (vec_ZZ_p.cpp:43)
    n0: 1750144 0x16C17C: void NTL::VecStrategy<true>::do_BlockConstructFromVec<NTL::ZZ_p>(NTL::ZZ_p*, long, NTL::ZZ_p const*) (in /home/reti/dongHyeon/Function-hiding-IPE/build/bin/p-norm-ipe-test)
   n0: 11000 in 1 place, below massif's threshold (1.00%)
 n0: 163328 0x16B152: NTL::Vec<NTL::ZZ_p>::AllocateTo(long) (in /home/reti/dongHyeon/Function-hiding-IPE/build/bin/p-norm-ipe-test)
 n0: 20224 0x48F4F42: ??? (in /usr/lib/arm-linux-gnueabihf/libstdc++.so.6.0.26)
 n0: 13801 in 26 places, all below massif's threshold (1.00%)
#-----------
snapshot=12
#-----------
time=606281502
mem_heap_B=2110705
mem_heap_extra_B=3935
mem_stacks_B=0
heap_tree=detailed
n3: 2110705 (heap allocation functions) malloc/new/new[], --alloc-fns, etc.
 n1: 1900360 0x20664E: _ntl_gblock_construct_alloc(_ntl_gbigint_body**, long, long) (lip.cpp:6279)
  n2: 1900360 0x228994: NTL::BasicBlockConstruct(NTL::ZZ_p*, long, long) (ZZ.h:1041)
   n1: 1889360 0x228A36: NTL::BlockConstructFromVec(NTL::ZZ_p*, long, NTL::ZZ_p const*) (vec_ZZ_p.cpp:43)
    n0: 1889360 0x16C17C: void NTL::VecStrategy<true>::do_BlockConstructFromVec<NTL::ZZ_p>(NTL::ZZ_p*, long, NTL::ZZ_p const*) (in /home/reti/dongHyeon/Function-hiding-IPE/build/bin/p-norm-ipe-test)
   n0: 11000 in 1 place, below massif's threshold (1.00%)
 n0: 176320 0x16B152: NTL::Vec<NTL::ZZ_p>::AllocateTo(long) (in /home/reti/dongHyeon/Function-hiding-IPE/build/bin/p-norm-ipe-test)
 n0: 34025 in 27 places, all below massif's threshold (1.00%)
#-----------
snapshot=13
#-----------
time=640198179
mem_heap_B=2230761
mem_heap_extra_B=4111
mem_stacks_B=0
heap_tree=detailed
n3: 2230761 (heap allocation functions) malloc/new/new[], --alloc-fns, etc.
 n1: 2009744 0x20664E: _ntl_gblock_construct_alloc(_ntl_gbigint_body**, long, long) (lip.cpp:6279)
  n2: 2009744 0x228994: NTL::BasicBlockConstruct(NTL::ZZ_p*, long, long) (ZZ.h:1041)
   n1: 1998744 0x228A36: NTL::BlockConstructFromVec(NTL::ZZ_p*, long, NTL::ZZ_p const*) (vec_ZZ_p.cpp:43)
    n0: 1998744 0x16C17C: void NTL::VecStrategy<true>::do_BlockConstructFromVec<NTL::ZZ_p>(NTL::ZZ_p*, long, NTL::ZZ_p const*) (in /home/reti/dongHyeon/Function-hiding-IPE/build/bin/p-norm-ipe-test)
   n0: 11000 in 1 place, below massif's threshold (1.00%)
 n0: 186528 0x16B152: NTL::Vec<NTL::ZZ_p>::AllocateTo(long) (in /home/reti/dongHyeon/Function-hiding-IPE/build/bin/p-norm-ipe-test)
 n0: 34489 in 27 places, all below massif's threshold (1.00%)
#-----------
snapshot=14
#-----------
time=704920819
mem_heap_B=2459073
mem_heap_extra_B=4447
mem_stacks_B=0
heap_tree=detailed
n3: 2459073 (heap allocation functions) malloc/new/new[], --alloc-fns, etc.
 n1: 2218568 0x20664E: _ntl_gblock_construct_alloc(_ntl_gbigint_body**, long, long) (lip.cpp:6279)
  n2: 2218568 0x228994: NTL::BasicBlockConstruct(NTL::ZZ_p*, long, long) (ZZ.h:1041)
   n1: 2207568 0x228A36: NTL::BlockConstructFromVec(NTL::ZZ_p*, long, NTL::ZZ_p const*) (vec_ZZ_p.cpp:43)
    n0: 2207568 0x16C17C: void NTL::VecStrategy<true>::do_BlockConstructFromVec<NTL::ZZ_p>(NTL::ZZ_p*, long, NTL::ZZ_p const*) (in /home/reti/dongHyeon/Function-hiding-IPE/build/bin/p-norm-ipe-test)
   n0: 11000 in 1 place, below massif's threshold (1.00%)
 n0: 206016 0x16B152: NTL::Vec<NTL::ZZ_p>::AllocateTo(long) (in /home/reti/dongHyeon/Function-hiding-IPE/build/bin/p-norm-ipe-test)
 n0: 34489 in 27 places, all below massif's threshold (1.00%)
#-----------
snapshot=15
#-----------
time=775211354
mem_heap_B=2652329
mem_heap_extra_B=4735
mem_stacks_B=0
heap_tree=empty
#-----------
snapshot=16
#-----------
time=820398165
mem_heap_B=2801873
mem_heap_extra_B=4951
mem_stacks_B=0
heap_tree=empty
#-----------
snapshot=17
#-----------
time=888887364
mem_heap_B=3043913
mem_heap_extra_B=5311
mem_stacks_B=0
heap_tree=empty
#-----------
snapshot=18
#-----------
time=932046970
mem_heap_B=3196121
mem_heap_extra_B=5535
mem_stacks_B=0
heap_tree=empty
#-----------
snapshot=19
#-----------
time=997133311
mem_heap_B=3427561
mem_heap_extra_B=5887
mem_stacks_B=0
heap_tree=empty
#-----------
snapshot=20
#-----------
time=1050921759
mem_heap_B=3615169
mem_heap_extra_B=6143
mem_stacks_B=0
heap_tree=empty
#-----------
snapshot=21
#-----------
time=1083445637
mem_heap_B=3732185
mem_heap_extra_B=6335
mem_stacks_B=0
heap_tree=empty
#-----------
snapshot=22
#-----------
time=1126254300
mem_heap_B=3883465
mem_heap_extra_B=6551
mem_stacks_B=0
heap_tree=empty
#-----------
snapshot=23
#-----------
time=1180383706
mem_heap_B=4071793
mem_heap_extra_B=6815
mem_stacks_B=0
heap_tree=detailed
n3: 4071793 (heap allocation functions) malloc/new/new[], --alloc-fns, etc.
 n1: 3693624 0x20664E: _ntl_gblock_construct_alloc(_ntl_gbigint_body**, long, long) (lip.cpp:6279)
  n2: 3693624 0x228994: NTL::BasicBlockConstruct(NTL::ZZ_p*, long, long) (ZZ.h:1041)
   n0: 2251744 0x16C5A0: void NTL::VecStrategy<true>::do_BlockConstruct<NTL::ZZ_p>(NTL::ZZ_p*, long) (in /home/reti/dongHyeon/Function-hiding-IPE/build/bin/p-norm-ipe-test)
   n1: 1441880 0x228A36: NTL::BlockConstructFromVec(NTL::ZZ_p*, long, NTL::ZZ_p const*) (vec_ZZ_p.cpp:43)
    n0: 1441880 0x16C17C: void NTL::VecStrategy<true>::do_BlockConstructFromVec<NTL::ZZ_p>(NTL::ZZ_p*, long, NTL::ZZ_p const*) (in /home/reti/dongHyeon/Function-hiding-IPE/build/bin/p-norm-ipe-test)
 n0: 344288 0x16B152: NTL::Vec<NTL::ZZ_p>::AllocateTo(long) (in /home/reti/dongHyeon/Function-hiding-IPE/build/bin/p-norm-ipe-test)
 n0: 33881 in 27 places, all below massif's threshold (1.00%)
#-----------
snapshot=24
#-----------
time=1234139358
mem_heap_B=4262089
mem_heap_extra_B=7103
mem_stacks_B=0
heap_tree=empty
#-----------
snapshot=25
#-----------
time=1277648507
mem_heap_B=4417425
mem_heap_extra_B=7343
mem_stacks_B=0
heap_tree=empty
#-----------
snapshot=26
#-----------
time=1342387373
mem_heap_B=4645737
mem_heap_extra_B=7679
mem_stacks_B=0
heap_tree=empty
#-----------
snapshot=27
#-----------
time=1385200186
mem_heap_B=4795281
mem_heap_extra_B=7887
mem_stacks_B=0
heap_tree=empty
#-----------
snapshot=28
#-----------
time=1454021512
mem_heap_B=9864217
mem_heap_extra_B=15359
mem_stacks_B=0
heap_tree=peak
n3: 9864217 (heap allocation functions) malloc/new/new[], --alloc-fns, etc.
 n1: 8989376 0x20664E: _ntl_gblock_construct_alloc(_ntl_gbigint_body**, long, long) (lip.cpp:6279)
  n2: 8989376 0x228994: NTL::BasicBlockConstruct(NTL::ZZ_p*, long, long) (ZZ.h:1041)
   n0: 4494688 0x16C5A0: void NTL::VecStrategy<true>::do_BlockConstruct<NTL::ZZ_p>(NTL::ZZ_p*, long) (in /home/reti/dongHyeon/Function-hiding-IPE/build/bin/p-norm-ipe-test)
   n1: 4494688 0x228A36: NTL::BlockConstructFromVec(NTL::ZZ_p*, long, NTL::ZZ_p const*) (vec_ZZ_p.cpp:43)
    n0: 4494688 0x16C17C: void NTL::VecStrategy<true>::do_BlockConstructFromVec<NTL::ZZ_p>(NTL::ZZ_p*, long, NTL::ZZ_p const*) (in /home/reti/dongHyeon/Function-hiding-IPE/build/bin/p-norm-ipe-test)
 n0: 838912 0x16B152: NTL::Vec<NTL::ZZ_p>::AllocateTo(long) (in /home/reti/dongHyeon/Function-hiding-IPE/build/bin/p-norm-ipe-test)
 n0: 35929 in 28 places, all below massif's threshold (1.00%)
#-----------
snapshot=29
#-----------
time=1516035296
mem_heap_B=5040433
mem_heap_extra_B=11583
mem_stacks_B=0
heap_tree=empty
#-----------
snapshot=30
#-----------
time=1554895544
mem_heap_B=5040637
mem_heap_extra_B=11635
mem_stacks_B=0
heap_tree=empty
#-----------
snapshot=31
#-----------
time=1613506157
mem_heap_B=5040637
mem_heap_extra_B=11635
mem_stacks_B=0
heap_tree=empty
#-----------
snapshot=32
#-----------
time=1652509459
mem_heap_B=5040637
mem_heap_extra_B=11635
mem_stacks_B=0
heap_tree=empty
#-----------
snapshot=33
#-----------
time=1691029133
mem_heap_B=5040637
mem_heap_extra_B=11635
mem_stacks_B=0
heap_tree=empty
#-----------
snapshot=34
#-----------
time=1728357492
mem_heap_B=5040877
mem_heap_extra_B=11707
mem_stacks_B=0
heap_tree=empty
#-----------
snapshot=35
#-----------
time=1767061194
mem_heap_B=5040877
mem_heap_extra_B=11707
mem_stacks_B=0
heap_tree=empty
#-----------
snapshot=36
#-----------
time=1806308685
mem_heap_B=5040877
mem_heap_extra_B=11707
mem_stacks_B=0
heap_tree=empty
#-----------
snapshot=37
#-----------
time=1844704068
mem_heap_B=5040877
mem_heap_extra_B=11707
mem_stacks_B=0
heap_tree=empty
#-----------
snapshot=38
#-----------
time=1883654862
mem_heap_B=5040877
mem_heap_extra_B=11707
mem_stacks_B=0
heap_tree=empty
#-----------
snapshot=39
#-----------
time=1924958461
mem_heap_B=5041117
mem_heap_extra_B=11779
mem_stacks_B=0
heap_tree=empty
#-----------
snapshot=40
#-----------
time=1963908607
mem_heap_B=5041117
mem_heap_extra_B=11779
mem_stacks_B=0
heap_tree=empty
#-----------
snapshot=41
#-----------
time=2003524739
mem_heap_B=5040877
mem_heap_extra_B=11707
mem_stacks_B=0
heap_tree=empty
#-----------
snapshot=42
#-----------
time=2042204094
mem_heap_B=5040877
mem_heap_extra_B=11707
mem_stacks_B=0
heap_tree=empty
#-----------
snapshot=43
#-----------
time=2102276616
mem_heap_B=5040877
mem_heap_extra_B=11707
mem_stacks_B=0
heap_tree=empty
#-----------
snapshot=44
#-----------
time=2140996233
mem_heap_B=5040877
mem_heap_extra_B=11707
mem_stacks_B=0
heap_tree=empty
#-----------
snapshot=45
#-----------
time=2182251932
mem_heap_B=5040637
mem_heap_extra_B=11635
mem_stacks_B=0
heap_tree=empty
#-----------
snapshot=46
#-----------
time=2221277894
mem_heap_B=5040637
mem_heap_extra_B=11635
mem_stacks_B=0
heap_tree=empty
#-----------
snapshot=47
#-----------
time=2279930452
mem_heap_B=5040637
mem_heap_extra_B=11635
mem_stacks_B=0
heap_tree=empty
#-----------
snapshot=48
#-----------
time=2319442072
mem_heap_B=5040637
mem_heap_extra_B=11635
mem_stacks_B=0
heap_tree=empty
#-----------
snapshot=49
#-----------
time=2356601846
mem_heap_B=5040637
mem_heap_extra_B=11635
mem_stacks_B=0
heap_tree=empty
#-----------
snapshot=50
#-----------
time=2390643332
mem_heap_B=5040637
mem_heap_extra_B=11635
mem_stacks_B=0
heap_tree=empty
#-----------
snapshot=51
#-----------
time=2424969476
mem_heap_B=5040637
mem_heap_extra_B=11635
mem_stacks_B=0
heap_tree=empty
#-----------
snapshot=52
#-----------
time=2458644648
mem_heap_B=5040637
mem_heap_extra_B=11635
mem_stacks_B=0
heap_tree=empty
#-----------
snapshot=53
#-----------
time=2492561088
mem_heap_B=5040637
mem_heap_extra_B=11635
mem_stacks_B=0
heap_tree=empty
#-----------
snapshot=54
#-----------
time=2526658390
mem_heap_B=5040637
mem_heap_extra_B=11635
mem_stacks_B=0
heap_tree=detailed
n4: 5040637 (heap allocation functions) malloc/new/new[], --alloc-fns, etc.
 n1: 4514576 0x20664E: _ntl_gblock_construct_alloc(_ntl_gbigint_body**, long, long) (lip.cpp:6279)
  n2: 4514576 0x228994: NTL::BasicBlockConstruct(NTL::ZZ_p*, long, long) (ZZ.h:1041)
   n1: 4504632 0x228A36: NTL::BlockConstructFromVec(NTL::ZZ_p*, long, NTL::ZZ_p const*) (vec_ZZ_p.cpp:43)
    n0: 4504632 0x16C17C: void NTL::VecStrategy<true>::do_BlockConstructFromVec<NTL::ZZ_p>(NTL::ZZ_p*, long, NTL::ZZ_p const*) (in /home/reti/dongHyeon/Function-hiding-IPE/build/bin/p-norm-ipe-test)
   n0: 9944 in 1 place, below massif's threshold (1.00%)
 n0: 421312 0x16B152: NTL::Vec<NTL::ZZ_p>::AllocateTo(long) (in /home/reti/dongHyeon/Function-hiding-IPE/build/bin/p-norm-ipe-test)
 n0: 65088 0x16AEC4: mcl::Array<mcl::EcT<mcl::Fp2T<mcl::FpT<mcl::bn::local::FpTag, 384u> > > >::resize(unsigned int) (in /home/reti/dongHyeon/Function-hiding-IPE/build/bin/p-norm-ipe-test)
 n0: 39661 in 54 places, all below massif's threshold (1.00%)
#-----------
snapshot=55
#-----------
time=2560501879
mem_heap_B=5040637
mem_heap_extra_B=11635
mem_stacks_B=0
heap_tree=empty
#-----------
snapshot=56
#-----------
time=2594781981
mem_heap_B=5040637
mem_heap_extra_B=11635
mem_stacks_B=0
heap_tree=empty
