desc: --massif-out-file=encrypt/memory-16-10-10.log
cmd: ./p-norm-ipe-test encrypt 16 10 10
time_unit: i
#-----------
snapshot=0
#-----------
time=0
mem_heap_B=0
mem_heap_extra_B=0
mem_stacks_B=0
heap_tree=empty
#-----------
snapshot=1
#-----------
time=11014938
mem_heap_B=32765
mem_heap_extra_B=771
mem_stacks_B=0
heap_tree=detailed
n7: 32765 (heap allocation functions) malloc/new/new[], --alloc-fns, etc.
 n0: 20224 0x48F4F42: ??? (in /usr/lib/arm-linux-gnueabihf/libstdc++.so.6.0.26)
 n1: 8192 0x493D6C6: std::basic_filebuf<char, std::char_traits<char> >::_M_allocate_internal_buffer() (in /usr/lib/arm-linux-gnueabihf/libstdc++.so.6.0.26)
  n1: 8192 0x493FFE2: std::basic_filebuf<char, std::char_traits<char> >::open(char const*, std::_Ios_Openmode) (in /usr/lib/arm-linux-gnueabihf/libstdc++.so.6.0.26)
   n0: 8192 0x49409EA: std::basic_ifstream<char, std::char_traits<char> >::basic_ifstream(std::__cxx11::basic_string<char, std::char_traits<char>, std::allocator<char> > const&, std::_Ios_Openmode) (in /usr/lib/arm-linux-gnueabihf/libstdc++.so.6.0.26)
 n0: 2700 0x24B812: __gmp_default_allocate (in /home/reti/dongHyeon/Function-hiding-IPE/build/bin/p-norm-ipe-test)
 n1: 520 0x4ADE1F0: __new_exitfn (cxa_atexit.c:114)
  n1: 520 0x4ADE264: __internal_atexit (cxa_atexit.c:44)
   n0: 520 0x251574: __libc_csu_init (in /home/reti/dongHyeon/Function-hiding-IPE/build/bin/p-norm-ipe-test)
 n1: 513 0x49658F2: std::__cxx11::basic_string<char, std::char_traits<char>, std::allocator<char> >::reserve(unsigned int) (in /usr/lib/arm-linux-gnueabihf/libstdc++.so.6.0.26)
  n0: 513 0x495D556: std::__cxx11::basic_stringbuf<char, std::char_traits<char>, std::allocator<char> >::overflow(int) (in /usr/lib/arm-linux-gnueabihf/libstdc++.so.6.0.26)
 n1: 352 0x4AFE6FA: __fopen_internal (iofopen.c:65)
  n1: 352 0x490F2C6: std::__basic_file<char>::open(char const*, std::_Ios_Openmode, int) (in /usr/lib/arm-linux-gnueabihf/libstdc++.so.6.0.26)
   n1: 352 0x493FFD4: std::basic_filebuf<char, std::char_traits<char> >::open(char const*, std::_Ios_Openmode) (in /usr/lib/arm-linux-gnueabihf/libstdc++.so.6.0.26)
    n0: 352 0x49409EA: std::basic_ifstream<char, std::char_traits<char> >::basic_ifstream(std::__cxx11::basic_string<char, std::char_traits<char>, std::allocator<char> > const&, std::_Ios_Openmode) (in /usr/lib/arm-linux-gnueabihf/libstdc++.so.6.0.26)
 n0: 264 in 7 places, all below massif's threshold (1.00%)
#-----------
snapshot=2
#-----------
time=35217940
mem_heap_B=83705
mem_heap_extra_B=975
mem_stacks_B=0
heap_tree=empty
#-----------
snapshot=3
#-----------
time=53142046
mem_heap_B=146993
mem_heap_extra_B=1119
mem_stacks_B=0
heap_tree=empty
#-----------
snapshot=4
#-----------
time=82339595
mem_heap_B=257081
mem_heap_extra_B=1375
mem_stacks_B=0
heap_tree=detailed
n5: 257081 (heap allocation functions) malloc/new/new[], --alloc-fns, etc.
 n1: 205744 0x20664E: _ntl_gblock_construct_alloc(_ntl_gbigint_body**, long, long) (lip.cpp:6279)
  n2: 205744 0x228994: NTL::BasicBlockConstruct(NTL::ZZ_p*, long, long) (ZZ.h:1041)
   n1: 199144 0x228A36: NTL::BlockConstructFromVec(NTL::ZZ_p*, long, NTL::ZZ_p const*) (vec_ZZ_p.cpp:43)
    n0: 199144 0x16C17C: void NTL::VecStrategy<true>::do_BlockConstructFromVec<NTL::ZZ_p>(NTL::ZZ_p*, long, NTL::ZZ_p const*) (in /home/reti/dongHyeon/Function-hiding-IPE/build/bin/p-norm-ipe-test)
   n0: 6600 0x16C5A0: void NTL::VecStrategy<true>::do_BlockConstruct<NTL::ZZ_p>(NTL::ZZ_p*, long) (in /home/reti/dongHyeon/Function-hiding-IPE/build/bin/p-norm-ipe-test)
 n0: 20224 0x48F4F42: ??? (in /usr/lib/arm-linux-gnueabihf/libstdc++.so.6.0.26)
 n0: 18848 0x16B152: NTL::Vec<NTL::ZZ_p>::AllocateTo(long) (in /home/reti/dongHyeon/Function-hiding-IPE/build/bin/p-norm-ipe-test)
 n1: 8192 0x493D6C6: std::basic_filebuf<char, std::char_traits<char> >::_M_allocate_internal_buffer() (in /usr/lib/arm-linux-gnueabihf/libstdc++.so.6.0.26)
  n1: 8192 0x493FFE2: std::basic_filebuf<char, std::char_traits<char> >::open(char const*, std::_Ios_Openmode) (in /usr/lib/arm-linux-gnueabihf/libstdc++.so.6.0.26)
   n0: 8192 0x49409EA: std::basic_ifstream<char, std::char_traits<char> >::basic_ifstream(std::__cxx11::basic_string<char, std::char_traits<char>, std::allocator<char> > const&, std::_Ios_Openmode) (in /usr/lib/arm-linux-gnueabihf/libstdc++.so.6.0.26)
 n0: 4073 in 24 places, all below massif's threshold (1.00%)
#-----------
snapshot=5
#-----------
time=98950856
mem_heap_B=308729
mem_heap_extra_B=1487
mem_stacks_B=0
heap_tree=empty
#-----------
snapshot=6
#-----------
time=114198957
mem_heap_B=369593
mem_heap_extra_B=1631
mem_stacks_B=0
heap_tree=detailed
n5: 369593 (heap allocation functions) malloc/new/new[], --alloc-fns, etc.
 n1: 308528 0x20664E: _ntl_gblock_construct_alloc(_ntl_gbigint_body**, long, long) (lip.cpp:6279)
  n2: 308528 0x228994: NTL::BasicBlockConstruct(NTL::ZZ_p*, long, long) (ZZ.h:1041)
   n1: 301928 0x228A36: NTL::BlockConstructFromVec(NTL::ZZ_p*, long, NTL::ZZ_p const*) (vec_ZZ_p.cpp:43)
    n0: 301928 0x16C17C: void NTL::VecStrategy<true>::do_BlockConstructFromVec<NTL::ZZ_p>(NTL::ZZ_p*, long, NTL::ZZ_p const*) (in /home/reti/dongHyeon/Function-hiding-IPE/build/bin/p-norm-ipe-test)
   n0: 6600 0x16C5A0: void NTL::VecStrategy<true>::do_BlockConstruct<NTL::ZZ_p>(NTL::ZZ_p*, long) (in /home/reti/dongHyeon/Function-hiding-IPE/build/bin/p-norm-ipe-test)
 n0: 28576 0x16B152: NTL::Vec<NTL::ZZ_p>::AllocateTo(long) (in /home/reti/dongHyeon/Function-hiding-IPE/build/bin/p-norm-ipe-test)
 n0: 20224 0x48F4F42: ??? (in /usr/lib/arm-linux-gnueabihf/libstdc++.so.6.0.26)
 n1: 8192 0x493D6C6: std::basic_filebuf<char, std::char_traits<char> >::_M_allocate_internal_buffer() (in /usr/lib/arm-linux-gnueabihf/libstdc++.so.6.0.26)
  n1: 8192 0x493FFE2: std::basic_filebuf<char, std::char_traits<char> >::open(char const*, std::_Ios_Openmode) (in /usr/lib/arm-linux-gnueabihf/libstdc++.so.6.0.26)
   n0: 8192 0x49409EA: std::basic_ifstream<char, std::char_traits<char> >::basic_ifstream(std::__cxx11::basic_string<char, std::char_traits<char>, std::allocator<char> > const&, std::_Ios_Openmode) (in /usr/lib/arm-linux-gnueabihf/libstdc++.so.6.0.26)
 n0: 4073 in 24 places, all below massif's threshold (1.00%)
#-----------
snapshot=7
#-----------
time=136784611
mem_heap_B=442529
mem_heap_extra_B=1791
mem_stacks_B=0
heap_tree=empty
#-----------
snapshot=8
#-----------
time=152037291
mem_heap_B=503393
mem_heap_extra_B=1935
mem_stacks_B=0
heap_tree=detailed
n5: 503393 (heap allocation functions) malloc/new/new[], --alloc-fns, etc.
 n1: 430584 0x20664E: _ntl_gblock_construct_alloc(_ntl_gbigint_body**, long, long) (lip.cpp:6279)
  n2: 430584 0x228994: NTL::BasicBlockConstruct(NTL::ZZ_p*, long, long) (ZZ.h:1041)
   n1: 423984 0x228A36: NTL::BlockConstructFromVec(NTL::ZZ_p*, long, NTL::ZZ_p const*) (vec_ZZ_p.cpp:43)
    n0: 423984 0x16C17C: void NTL::VecStrategy<true>::do_BlockConstructFromVec<NTL::ZZ_p>(NTL::ZZ_p*, long, NTL::ZZ_p const*) (in /home/reti/dongHyeon/Function-hiding-IPE/build/bin/p-norm-ipe-test)
   n0: 6600 0x16C5A0: void NTL::VecStrategy<true>::do_BlockConstruct<NTL::ZZ_p>(NTL::ZZ_p*, long) (in /home/reti/dongHyeon/Function-hiding-IPE/build/bin/p-norm-ipe-test)
 n0: 40128 0x16B152: NTL::Vec<NTL::ZZ_p>::AllocateTo(long) (in /home/reti/dongHyeon/Function-hiding-IPE/build/bin/p-norm-ipe-test)
 n0: 20224 0x48F4F42: ??? (in /usr/lib/arm-linux-gnueabihf/libstdc++.so.6.0.26)
 n1: 8192 0x493D6C6: std::basic_filebuf<char, std::char_traits<char> >::_M_allocate_internal_buffer() (in /usr/lib/arm-linux-gnueabihf/libstdc++.so.6.0.26)
  n1: 8192 0x493FFE2: std::basic_filebuf<char, std::char_traits<char> >::open(char const*, std::_Ios_Openmode) (in /usr/lib/arm-linux-gnueabihf/libstdc++.so.6.0.26)
   n0: 8192 0x49409EA: std::basic_ifstream<char, std::char_traits<char> >::basic_ifstream(std::__cxx11::basic_string<char, std::char_traits<char>, std::allocator<char> > const&, std::_Ios_Openmode) (in /usr/lib/arm-linux-gnueabihf/libstdc++.so.6.0.26)
 n0: 4265 in 25 places, all below massif's threshold (1.00%)
#-----------
snapshot=9
#-----------
time=176607960
mem_heap_B=583169
mem_heap_extra_B=2111
mem_stacks_B=0
heap_tree=empty
#-----------
snapshot=10
#-----------
time=207792858
mem_heap_B=700289
mem_heap_extra_B=2383
mem_stacks_B=0
heap_tree=detailed
n5: 700289 (heap allocation functions) malloc/new/new[], --alloc-fns, etc.
 n1: 610456 0x20664E: _ntl_gblock_construct_alloc(_ntl_gbigint_body**, long, long) (lip.cpp:6279)
  n2: 610456 0x228994: NTL::BasicBlockConstruct(NTL::ZZ_p*, long, long) (ZZ.h:1041)
   n1: 603856 0x228A36: NTL::BlockConstructFromVec(NTL::ZZ_p*, long, NTL::ZZ_p const*) (vec_ZZ_p.cpp:43)
    n0: 603856 0x16C17C: void NTL::VecStrategy<true>::do_BlockConstructFromVec<NTL::ZZ_p>(NTL::ZZ_p*, long, NTL::ZZ_p const*) (in /home/reti/dongHyeon/Function-hiding-IPE/build/bin/p-norm-ipe-test)
   n0: 6600 in 1 place, below massif's threshold (1.00%)
 n0: 57152 0x16B152: NTL::Vec<NTL::ZZ_p>::AllocateTo(long) (in /home/reti/dongHyeon/Function-hiding-IPE/build/bin/p-norm-ipe-test)
 n0: 20224 0x48F4F42: ??? (in /usr/lib/arm-linux-gnueabihf/libstdc++.so.6.0.26)
 n1: 8192 0x493D6C6: std::basic_filebuf<char, std::char_traits<char> >::_M_allocate_internal_buffer() (in /usr/lib/arm-linux-gnueabihf/libstdc++.so.6.0.26)
  n1: 8192 0x493FFE2: std::basic_filebuf<char, std::char_traits<char> >::open(char const*, std::_Ios_Openmode) (in /usr/lib/arm-linux-gnueabihf/libstdc++.so.6.0.26)
   n0: 8192 0x49409EA: std::basic_ifstream<char, std::char_traits<char> >::basic_ifstream(std::__cxx11::basic_string<char, std::char_traits<char>, std::allocator<char> > const&, std::_Ios_Openmode) (in /usr/lib/arm-linux-gnueabihf/libstdc++.so.6.0.26)
 n0: 4265 in 25 places, all below massif's threshold (1.00%)
#-----------
snapshot=11
#-----------
time=221739530
mem_heap_B=749721
mem_heap_extra_B=2495
mem_stacks_B=0
heap_tree=detailed
n5: 749721 (heap allocation functions) malloc/new/new[], --alloc-fns, etc.
 n1: 655424 0x20664E: _ntl_gblock_construct_alloc(_ntl_gbigint_body**, long, long) (lip.cpp:6279)
  n2: 655424 0x228994: NTL::BasicBlockConstruct(NTL::ZZ_p*, long, long) (ZZ.h:1041)
   n1: 648824 0x228A36: NTL::BlockConstructFromVec(NTL::ZZ_p*, long, NTL::ZZ_p const*) (vec_ZZ_p.cpp:43)
    n0: 648824 0x16C17C: void NTL::VecStrategy<true>::do_BlockConstructFromVec<NTL::ZZ_p>(NTL::ZZ_p*, long, NTL::ZZ_p const*) (in /home/reti/dongHyeon/Function-hiding-IPE/build/bin/p-norm-ipe-test)
   n0: 6600 in 1 place, below massif's threshold (1.00%)
 n0: 61408 0x16B152: NTL::Vec<NTL::ZZ_p>::AllocateTo(long) (in /home/reti/dongHyeon/Function-hiding-IPE/build/bin/p-norm-ipe-test)
 n0: 20224 0x48F4F42: ??? (in /usr/lib/arm-linux-gnueabihf/libstdc++.so.6.0.26)
 n1: 8192 0x493D6C6: std::basic_filebuf<char, std::char_traits<char> >::_M_allocate_internal_buffer() (in /usr/lib/arm-linux-gnueabihf/libstdc++.so.6.0.26)
  n1: 8192 0x493FFE2: std::basic_filebuf<char, std::char_traits<char> >::open(char const*, std::_Ios_Openmode) (in /usr/lib/arm-linux-gnueabihf/libstdc++.so.6.0.26)
   n0: 8192 0x49409EA: std::basic_ifstream<char, std::char_traits<char> >::basic_ifstream(std::__cxx11::basic_string<char, std::char_traits<char>, std::allocator<char> > const&, std::_Ios_Openmode) (in /usr/lib/arm-linux-gnueabihf/libstdc++.so.6.0.26)
 n0: 4473 in 25 places, all below massif's threshold (1.00%)
#-----------
snapshot=12
#-----------
time=241657342
mem_heap_B=820041
mem_heap_extra_B=2655
mem_stacks_B=0
heap_tree=detailed
n4: 820041 (heap allocation functions) malloc/new/new[], --alloc-fns, etc.
 n1: 719664 0x20664E: _ntl_gblock_construct_alloc(_ntl_gbigint_body**, long, long) (lip.cpp:6279)
  n2: 719664 0x228994: NTL::BasicBlockConstruct(NTL::ZZ_p*, long, long) (ZZ.h:1041)
   n1: 713064 0x228A36: NTL::BlockConstructFromVec(NTL::ZZ_p*, long, NTL::ZZ_p const*) (vec_ZZ_p.cpp:43)
    n0: 713064 0x16C17C: void NTL::VecStrategy<true>::do_BlockConstructFromVec<NTL::ZZ_p>(NTL::ZZ_p*, long, NTL::ZZ_p const*) (in /home/reti/dongHyeon/Function-hiding-IPE/build/bin/p-norm-ipe-test)
   n0: 6600 in 1 place, below massif's threshold (1.00%)
 n0: 67488 0x16B152: NTL::Vec<NTL::ZZ_p>::AllocateTo(long) (in /home/reti/dongHyeon/Function-hiding-IPE/build/bin/p-norm-ipe-test)
 n0: 20224 0x48F4F42: ??? (in /usr/lib/arm-linux-gnueabihf/libstdc++.so.6.0.26)
 n0: 12665 in 26 places, all below massif's threshold (1.00%)
#-----------
snapshot=13
#-----------
time=272885476
mem_heap_B=923321
mem_heap_extra_B=2887
mem_stacks_B=0
heap_tree=empty
#-----------
snapshot=14
#-----------
time=289454338
mem_heap_B=988809
mem_heap_extra_B=3039
mem_stacks_B=0
heap_tree=detailed
n4: 988809 (heap allocation functions) malloc/new/new[], --alloc-fns, etc.
 n1: 873840 0x20664E: _ntl_gblock_construct_alloc(_ntl_gbigint_body**, long, long) (lip.cpp:6279)
  n2: 873840 0x228994: NTL::BasicBlockConstruct(NTL::ZZ_p*, long, long) (ZZ.h:1041)
   n1: 867240 0x228A36: NTL::BlockConstructFromVec(NTL::ZZ_p*, long, NTL::ZZ_p const*) (vec_ZZ_p.cpp:43)
    n0: 867240 0x16C17C: void NTL::VecStrategy<true>::do_BlockConstructFromVec<NTL::ZZ_p>(NTL::ZZ_p*, long, NTL::ZZ_p const*) (in /home/reti/dongHyeon/Function-hiding-IPE/build/bin/p-norm-ipe-test)
   n0: 6600 in 1 place, below massif's threshold (1.00%)
 n0: 82080 0x16B152: NTL::Vec<NTL::ZZ_p>::AllocateTo(long) (in /home/reti/dongHyeon/Function-hiding-IPE/build/bin/p-norm-ipe-test)
 n0: 20224 0x48F4F42: ??? (in /usr/lib/arm-linux-gnueabihf/libstdc++.so.6.0.26)
 n0: 12665 in 26 places, all below massif's threshold (1.00%)
#-----------
snapshot=15
#-----------
time=320997262
mem_heap_B=1071201
mem_heap_extra_B=3231
mem_stacks_B=0
heap_tree=empty
#-----------
snapshot=16
#-----------
time=340915857
mem_heap_B=1141521
mem_heap_extra_B=3391
mem_stacks_B=0
heap_tree=empty
#-----------
snapshot=17
#-----------
time=357486383
mem_heap_B=1204809
mem_heap_extra_B=3535
mem_stacks_B=0
heap_tree=empty
#-----------
snapshot=18
#-----------
time=377400590
mem_heap_B=1270329
mem_heap_extra_B=3679
mem_stacks_B=0
heap_tree=empty
#-----------
snapshot=19
#-----------
time=405265661
mem_heap_B=1369353
mem_heap_extra_B=3919
mem_stacks_B=0
heap_tree=empty
#-----------
snapshot=20
#-----------
time=429162044
mem_heap_B=1453929
mem_heap_extra_B=4111
mem_stacks_B=0
heap_tree=empty
#-----------
snapshot=21
#-----------
time=445092432
mem_heap_B=1510185
mem_heap_extra_B=4239
mem_stacks_B=0
heap_tree=empty
#-----------
snapshot=22
#-----------
time=465004586
mem_heap_B=1580505
mem_heap_extra_B=4399
mem_stacks_B=0
heap_tree=empty
#-----------
snapshot=23
#-----------
time=492886590
mem_heap_B=1678953
mem_heap_extra_B=4623
mem_stacks_B=0
heap_tree=empty
#-----------
snapshot=24
#-----------
time=512800426
mem_heap_B=1749273
mem_heap_extra_B=4783
mem_stacks_B=0
heap_tree=empty
#-----------
snapshot=25
#-----------
time=532726453
mem_heap_B=1819801
mem_heap_extra_B=4943
mem_stacks_B=0
heap_tree=empty
#-----------
snapshot=26
#-----------
time=552637859
mem_heap_B=1890121
mem_heap_extra_B=5103
mem_stacks_B=0
heap_tree=empty
#-----------
snapshot=27
#-----------
time=576529693
mem_heap_B=1974505
mem_heap_extra_B=5295
mem_stacks_B=0
heap_tree=empty
#-----------
snapshot=28
#-----------
time=592464493
mem_heap_B=2030761
mem_heap_extra_B=5423
mem_stacks_B=0
heap_tree=empty
#-----------
snapshot=29
#-----------
time=619162251
mem_heap_B=4141273
mem_heap_extra_B=10231
mem_stacks_B=0
heap_tree=peak
n3: 4141273 (heap allocation functions) malloc/new/new[], --alloc-fns, etc.
 n1: 3751616 0x20664E: _ntl_gblock_construct_alloc(_ntl_gbigint_body**, long, long) (lip.cpp:6279)
  n2: 3751616 0x228994: NTL::BasicBlockConstruct(NTL::ZZ_p*, long, long) (ZZ.h:1041)
   n0: 1875808 0x16C5A0: void NTL::VecStrategy<true>::do_BlockConstruct<NTL::ZZ_p>(NTL::ZZ_p*, long) (in /home/reti/dongHyeon/Function-hiding-IPE/build/bin/p-norm-ipe-test)
   n1: 1875808 0x228A36: NTL::BlockConstructFromVec(NTL::ZZ_p*, long, NTL::ZZ_p const*) (vec_ZZ_p.cpp:43)
    n0: 1875808 0x16C17C: void NTL::VecStrategy<true>::do_BlockConstructFromVec<NTL::ZZ_p>(NTL::ZZ_p*, long, NTL::ZZ_p const*) (in /home/reti/dongHyeon/Function-hiding-IPE/build/bin/p-norm-ipe-test)
 n0: 355072 0x16B152: NTL::Vec<NTL::ZZ_p>::AllocateTo(long) (in /home/reti/dongHyeon/Function-hiding-IPE/build/bin/p-norm-ipe-test)
 n0: 34585 in 28 places, all below massif's threshold (1.00%)
#-----------
snapshot=30
#-----------
time=644613422
mem_heap_B=2144373
mem_heap_extra_B=7931
mem_stacks_B=0
heap_tree=empty
#-----------
snapshot=31
#-----------
time=663516408
mem_heap_B=2144377
mem_heap_extra_B=7943
mem_stacks_B=0
heap_tree=empty
#-----------
snapshot=32
#-----------
time=683118628
mem_heap_B=2144581
mem_heap_extra_B=7995
mem_stacks_B=0
heap_tree=empty
#-----------
snapshot=33
#-----------
time=702561051
mem_heap_B=2144581
mem_heap_extra_B=7995
mem_stacks_B=0
heap_tree=empty
#-----------
snapshot=34
#-----------
time=719819641
mem_heap_B=2144821
mem_heap_extra_B=8067
mem_stacks_B=0
heap_tree=empty
#-----------
snapshot=35
#-----------
time=737000813
mem_heap_B=2144645
mem_heap_extra_B=8011
mem_stacks_B=0
heap_tree=empty
#-----------
snapshot=36
#-----------
time=755963361
mem_heap_B=2144645
mem_heap_extra_B=8011
mem_stacks_B=0
heap_tree=empty
#-----------
snapshot=37
#-----------
time=775651189
mem_heap_B=2144645
mem_heap_extra_B=8011
mem_stacks_B=0
heap_tree=empty
#-----------
snapshot=38
#-----------
time=795087507
mem_heap_B=2144645
mem_heap_extra_B=8011
mem_stacks_B=0
heap_tree=empty
#-----------
snapshot=39
#-----------
time=814750218
mem_heap_B=2144645
mem_heap_extra_B=8011
mem_stacks_B=0
heap_tree=empty
#-----------
snapshot=40
#-----------
time=844900718
mem_heap_B=2144885
mem_heap_extra_B=8083
mem_stacks_B=0
heap_tree=empty
#-----------
snapshot=41
#-----------
time=864397374
mem_heap_B=2144885
mem_heap_extra_B=8083
mem_stacks_B=0
heap_tree=empty
#-----------
snapshot=42
#-----------
time=884256747
mem_heap_B=2144885
mem_heap_extra_B=8083
mem_stacks_B=0
heap_tree=empty
#-----------
snapshot=43
#-----------
time=903772239
mem_heap_B=2144885
mem_heap_extra_B=8083
mem_stacks_B=0
heap_tree=empty
#-----------
snapshot=44
#-----------
time=931488501
mem_heap_B=2145061
mem_heap_extra_B=8139
mem_stacks_B=0
heap_tree=empty
#-----------
snapshot=45
#-----------
time=960889469
mem_heap_B=2145061
mem_heap_extra_B=8139
mem_stacks_B=0
heap_tree=empty
#-----------
snapshot=46
#-----------
time=990030353
mem_heap_B=2145061
mem_heap_extra_B=8139
mem_stacks_B=0
heap_tree=empty
#-----------
snapshot=47
#-----------
time=1009836908
mem_heap_B=2145061
mem_heap_extra_B=8139
mem_stacks_B=0
heap_tree=empty
#-----------
snapshot=48
#-----------
time=1029265528
mem_heap_B=2145061
mem_heap_extra_B=8139
mem_stacks_B=0
heap_tree=empty
#-----------
snapshot=49
#-----------
time=1048413265
mem_heap_B=2145061
mem_heap_extra_B=8139
mem_stacks_B=0
heap_tree=empty
#-----------
snapshot=50
#-----------
time=1063317621
mem_heap_B=2145061
mem_heap_extra_B=8139
mem_stacks_B=0
heap_tree=empty
#-----------
snapshot=51
#-----------
time=1078247391
mem_heap_B=2145061
mem_heap_extra_B=8139
mem_stacks_B=0
heap_tree=empty
#-----------
snapshot=52
#-----------
time=1090103014
mem_heap_B=2144821
mem_heap_extra_B=8067
mem_stacks_B=0
heap_tree=empty
#-----------
snapshot=53
#-----------
time=1103558022
mem_heap_B=2144821
mem_heap_extra_B=8067
mem_stacks_B=0
heap_tree=empty
#-----------
snapshot=54
#-----------
time=1118475003
mem_heap_B=2144821
mem_heap_extra_B=8067
mem_stacks_B=0
heap_tree=empty
#-----------
snapshot=55
#-----------
time=1133471797
mem_heap_B=2144581
mem_heap_extra_B=7995
mem_stacks_B=0
heap_tree=empty
#-----------
snapshot=56
#-----------
time=1147453561
mem_heap_B=2144581
mem_heap_extra_B=7995
mem_stacks_B=0
heap_tree=detailed
n4: 2144581 (heap allocation functions) malloc/new/new[], --alloc-fns, etc.
 n1: 1888656 0x20664E: _ntl_gblock_construct_alloc(_ntl_gbigint_body**, long, long) (lip.cpp:6279)
  n2: 1888656 0x228994: NTL::BasicBlockConstruct(NTL::ZZ_p*, long, long) (ZZ.h:1041)
   n1: 1882232 0x228A36: NTL::BlockConstructFromVec(NTL::ZZ_p*, long, NTL::ZZ_p const*) (vec_ZZ_p.cpp:43)
    n0: 1882232 0x16C17C: void NTL::VecStrategy<true>::do_BlockConstructFromVec<NTL::ZZ_p>(NTL::ZZ_p*, long, NTL::ZZ_p const*) (in /home/reti/dongHyeon/Function-hiding-IPE/build/bin/p-norm-ipe-test)
   n0: 6424 in 1 place, below massif's threshold (1.00%)
 n0: 178752 0x16B152: NTL::Vec<NTL::ZZ_p>::AllocateTo(long) (in /home/reti/dongHyeon/Function-hiding-IPE/build/bin/p-norm-ipe-test)
 n0: 42048 0x16AEC4: mcl::Array<mcl::EcT<mcl::Fp2T<mcl::FpT<mcl::bn::local::FpTag, 384u> > > >::resize(unsigned int) (in /home/reti/dongHyeon/Function-hiding-IPE/build/bin/p-norm-ipe-test)
 n0: 35125 in 54 places, all below massif's threshold (1.00%)
#-----------
snapshot=57
#-----------
time=1161939333
mem_heap_B=2144581
mem_heap_extra_B=7995
mem_stacks_B=0
heap_tree=empty
#-----------
snapshot=58
#-----------
time=1176519657
mem_heap_B=2144581
mem_heap_extra_B=7995
mem_stacks_B=0
heap_tree=empty
#-----------
snapshot=59
#-----------
time=1190899744
mem_heap_B=2144581
mem_heap_extra_B=7995
mem_stacks_B=0
heap_tree=empty
#-----------
snapshot=60
#-----------
time=1203125082
mem_heap_B=2144377
mem_heap_extra_B=7943
mem_stacks_B=0
heap_tree=empty
#-----------
snapshot=61
#-----------
time=1218069190
mem_heap_B=2144581
mem_heap_extra_B=7995
mem_stacks_B=0
heap_tree=empty
#-----------
snapshot=62
#-----------
time=1232692774
mem_heap_B=2144581
mem_heap_extra_B=7995
mem_stacks_B=0
heap_tree=empty
#-----------
snapshot=63
#-----------
time=1247090959
mem_heap_B=2144581
mem_heap_extra_B=7995
mem_stacks_B=0
heap_tree=empty
#-----------
snapshot=64
#-----------
time=1261599456
mem_heap_B=2144581
mem_heap_extra_B=7995
mem_stacks_B=0
heap_tree=empty
#-----------
snapshot=65
#-----------
time=1276293240
mem_heap_B=2144581
mem_heap_extra_B=7995
mem_stacks_B=0
heap_tree=empty
#-----------
snapshot=66
#-----------
time=1290808120
mem_heap_B=2144581
mem_heap_extra_B=7995
mem_stacks_B=0
heap_tree=detailed
n4: 2144581 (heap allocation functions) malloc/new/new[], --alloc-fns, etc.
 n1: 1888656 0x20664E: _ntl_gblock_construct_alloc(_ntl_gbigint_body**, long, long) (lip.cpp:6279)
  n2: 1888656 0x228994: NTL::BasicBlockConstruct(NTL::ZZ_p*, long, long) (ZZ.h:1041)
   n1: 1882232 0x228A36: NTL::BlockConstructFromVec(NTL::ZZ_p*, long, NTL::ZZ_p const*) (vec_ZZ_p.cpp:43)
    n0: 1882232 0x16C17C: void NTL::VecStrategy<true>::do_BlockConstructFromVec<NTL::ZZ_p>(NTL::ZZ_p*, long, NTL::ZZ_p const*) (in /home/reti/dongHyeon/Function-hiding-IPE/build/bin/p-norm-ipe-test)
   n0: 6424 in 1 place, below massif's threshold (1.00%)
 n0: 178752 0x16B152: NTL::Vec<NTL::ZZ_p>::AllocateTo(long) (in /home/reti/dongHyeon/Function-hiding-IPE/build/bin/p-norm-ipe-test)
 n0: 42048 0x16AEC4: mcl::Array<mcl::EcT<mcl::Fp2T<mcl::FpT<mcl::bn::local::FpTag, 384u> > > >::resize(unsigned int) (in /home/reti/dongHyeon/Function-hiding-IPE/build/bin/p-norm-ipe-test)
 n0: 35125 in 54 places, all below massif's threshold (1.00%)
#-----------
snapshot=67
#-----------
time=1305289115
mem_heap_B=2144581
mem_heap_extra_B=7995
mem_stacks_B=0
heap_tree=empty
#-----------
snapshot=68
#-----------
time=1319818580
mem_heap_B=2144581
mem_heap_extra_B=7995
mem_stacks_B=0
heap_tree=empty
#-----------
snapshot=69
#-----------
time=1334309095
mem_heap_B=2144581
mem_heap_extra_B=7995
mem_stacks_B=0
heap_tree=empty
#-----------
snapshot=70
#-----------
time=1348694562
mem_heap_B=2144581
mem_heap_extra_B=7995
mem_stacks_B=0
heap_tree=empty
#-----------
snapshot=71
#-----------
time=1363259083
mem_heap_B=2144581
mem_heap_extra_B=7995
mem_stacks_B=0
heap_tree=empty
#-----------
snapshot=72
#-----------
time=1377796735
mem_heap_B=2144581
mem_heap_extra_B=7995
mem_stacks_B=0
heap_tree=empty
