desc: --massif-out-file=encrypt/memory-16-10-4.log
cmd: ./p-norm-ipe-test encrypt 16 10 4
time_unit: i
#-----------
snapshot=0
#-----------
time=0
mem_heap_B=0
mem_heap_extra_B=0
mem_stacks_B=0
heap_tree=empty
#-----------
snapshot=1
#-----------
time=3489648
mem_heap_B=32765
mem_heap_extra_B=771
mem_stacks_B=0
heap_tree=empty
#-----------
snapshot=2
#-----------
time=11014893
mem_heap_B=32765
mem_heap_extra_B=771
mem_stacks_B=0
heap_tree=detailed
n7: 32765 (heap allocation functions) malloc/new/new[], --alloc-fns, etc.
 n0: 20224 0x48F4F42: ??? (in /usr/lib/arm-linux-gnueabihf/libstdc++.so.6.0.26)
 n1: 8192 0x493D6C6: std::basic_filebuf<char, std::char_traits<char> >::_M_allocate_internal_buffer() (in /usr/lib/arm-linux-gnueabihf/libstdc++.so.6.0.26)
  n1: 8192 0x493FFE2: std::basic_filebuf<char, std::char_traits<char> >::open(char const*, std::_Ios_Openmode) (in /usr/lib/arm-linux-gnueabihf/libstdc++.so.6.0.26)
   n0: 8192 0x49409EA: std::basic_ifstream<char, std::char_traits<char> >::basic_ifstream(std::__cxx11::basic_string<char, std::char_traits<char>, std::allocator<char> > const&, std::_Ios_Openmode) (in /usr/lib/arm-linux-gnueabihf/libstdc++.so.6.0.26)
 n0: 2700 0x24B812: __gmp_default_allocate (in /home/reti/dongHyeon/Function-hiding-IPE/build/bin/p-norm-ipe-test)
 n1: 520 0x4ADE1F0: __new_exitfn (cxa_atexit.c:114)
  n1: 520 0x4ADE264: __internal_atexit (cxa_atexit.c:44)
   n0: 520 0x251574: __libc_csu_init (in /home/reti/dongHyeon/Function-hiding-IPE/build/bin/p-norm-ipe-test)
 n1: 513 0x49658F2: std::__cxx11::basic_string<char, std::char_traits<char>, std::allocator<char> >::reserve(unsigned int) (in /usr/lib/arm-linux-gnueabihf/libstdc++.so.6.0.26)
  n0: 513 0x495D556: std::__cxx11::basic_stringbuf<char, std::char_traits<char>, std::allocator<char> >::overflow(int) (in /usr/lib/arm-linux-gnueabihf/libstdc++.so.6.0.26)
 n1: 352 0x4AFE6FA: __fopen_internal (iofopen.c:65)
  n1: 352 0x490F2C6: std::__basic_file<char>::open(char const*, std::_Ios_Openmode, int) (in /usr/lib/arm-linux-gnueabihf/libstdc++.so.6.0.26)
   n1: 352 0x493FFD4: std::basic_filebuf<char, std::char_traits<char> >::open(char const*, std::_Ios_Openmode) (in /usr/lib/arm-linux-gnueabihf/libstdc++.so.6.0.26)
    n0: 352 0x49409EA: std::basic_ifstream<char, std::char_traits<char> >::basic_ifstream(std::__cxx11::basic_string<char, std::char_traits<char>, std::allocator<char> > const&, std::_Ios_Openmode) (in /usr/lib/arm-linux-gnueabihf/libstdc++.so.6.0.26)
 n0: 264 in 7 places, all below massif's threshold (1.00%)
#-----------
snapshot=3
#-----------
time=18181972
mem_heap_B=30545
mem_heap_extra_B=743
mem_stacks_B=0
heap_tree=empty
#-----------
snapshot=4
#-----------
time=22635113
mem_heap_B=39361
mem_heap_extra_B=903
mem_stacks_B=0
heap_tree=empty
#-----------
snapshot=5
#-----------
time=30146739
mem_heap_B=66025
mem_heap_extra_B=1079
mem_stacks_B=0
heap_tree=empty
#-----------
snapshot=6
#-----------
time=35611345
mem_heap_B=85417
mem_heap_extra_B=1207
mem_stacks_B=0
heap_tree=empty
#-----------
snapshot=7
#-----------
time=40391251
mem_heap_B=102385
mem_heap_extra_B=1319
mem_stacks_B=0
heap_tree=empty
#-----------
snapshot=8
#-----------
time=47219705
mem_heap_B=126625
mem_heap_extra_B=1479
mem_stacks_B=0
heap_tree=empty
#-----------
snapshot=9
#-----------
time=51996707
mem_heap_B=143593
mem_heap_extra_B=1591
mem_stacks_B=0
heap_tree=empty
#-----------
snapshot=10
#-----------
time=58957669
mem_heap_B=165633
mem_heap_extra_B=1743
mem_stacks_B=0
heap_tree=empty
#-----------
snapshot=11
#-----------
time=64420463
mem_heap_B=185025
mem_heap_extra_B=1871
mem_stacks_B=0
heap_tree=empty
#-----------
snapshot=12
#-----------
time=70568837
mem_heap_B=206841
mem_heap_extra_B=2015
mem_stacks_B=0
heap_tree=empty
#-----------
snapshot=13
#-----------
time=77396257
mem_heap_B=231081
mem_heap_extra_B=2175
mem_stacks_B=0
heap_tree=empty
#-----------
snapshot=14
#-----------
time=85590965
mem_heap_B=260169
mem_heap_extra_B=2367
mem_stacks_B=0
heap_tree=empty
#-----------
snapshot=15
#-----------
time=91085171
mem_heap_B=517849
mem_heap_extra_B=4095
mem_stacks_B=0
heap_tree=peak
n5: 517849 (heap allocation functions) malloc/new/new[], --alloc-fns, etc.
 n1: 440000 0x20664E: _ntl_gblock_construct_alloc(_ntl_gbigint_body**, long, long) (lip.cpp:6279)
  n2: 440000 0x228994: NTL::BasicBlockConstruct(NTL::ZZ_p*, long, long) (ZZ.h:1041)
   n0: 220000 0x16C5A0: void NTL::VecStrategy<true>::do_BlockConstruct<NTL::ZZ_p>(NTL::ZZ_p*, long) (in /home/reti/dongHyeon/Function-hiding-IPE/build/bin/p-norm-ipe-test)
   n1: 220000 0x228A36: NTL::BlockConstructFromVec(NTL::ZZ_p*, long, NTL::ZZ_p const*) (vec_ZZ_p.cpp:43)
    n0: 220000 0x16C17C: void NTL::VecStrategy<true>::do_BlockConstructFromVec<NTL::ZZ_p>(NTL::ZZ_p*, long, NTL::ZZ_p const*) (in /home/reti/dongHyeon/Function-hiding-IPE/build/bin/p-norm-ipe-test)
 n0: 44800 0x16B152: NTL::Vec<NTL::ZZ_p>::AllocateTo(long) (in /home/reti/dongHyeon/Function-hiding-IPE/build/bin/p-norm-ipe-test)
 n0: 20224 0x48F4F42: ??? (in /usr/lib/arm-linux-gnueabihf/libstdc++.so.6.0.26)
 n1: 8192 0x493D6C6: std::basic_filebuf<char, std::char_traits<char> >::_M_allocate_internal_buffer() (in /usr/lib/arm-linux-gnueabihf/libstdc++.so.6.0.26)
  n1: 8192 0x493FFE2: std::basic_filebuf<char, std::char_traits<char> >::open(char const*, std::_Ios_Openmode) (in /usr/lib/arm-linux-gnueabihf/libstdc++.so.6.0.26)
   n0: 8192 0x49409EA: std::basic_ifstream<char, std::char_traits<char> >::basic_ifstream(std::__cxx11::basic_string<char, std::char_traits<char>, std::allocator<char> > const&, std::_Ios_Openmode) (in /usr/lib/arm-linux-gnueabihf/libstdc++.so.6.0.26)
 n0: 4633 in 24 places, all below massif's threshold (1.00%)
#-----------
snapshot=16
#-----------
time=96122052
mem_heap_B=269440
mem_heap_extra_B=2824
mem_stacks_B=0
heap_tree=empty
#-----------
snapshot=17
#-----------
time=101424030
mem_heap_B=291004
mem_heap_extra_B=3564
mem_stacks_B=0
heap_tree=empty
#-----------
snapshot=18
#-----------
time=123028462
mem_heap_B=291168
mem_heap_extra_B=3584
mem_stacks_B=0
heap_tree=empty
#-----------
snapshot=19
#-----------
time=127941529
mem_heap_B=291372
mem_heap_extra_B=3636
mem_stacks_B=0
heap_tree=empty
#-----------
snapshot=20
#-----------
time=133088607
mem_heap_B=291372
mem_heap_extra_B=3636
mem_stacks_B=0
heap_tree=empty
#-----------
snapshot=21
#-----------
time=137966363
mem_heap_B=291372
mem_heap_extra_B=3636
mem_stacks_B=0
heap_tree=empty
#-----------
snapshot=22
#-----------
time=142768449
mem_heap_B=291372
mem_heap_extra_B=3636
mem_stacks_B=0
heap_tree=detailed
n6: 291372 (heap allocation functions) malloc/new/new[], --alloc-fns, etc.
 n1: 224400 0x20664E: _ntl_gblock_construct_alloc(_ntl_gbigint_body**, long, long) (lip.cpp:6279)
  n2: 224400 0x228994: NTL::BasicBlockConstruct(NTL::ZZ_p*, long, long) (ZZ.h:1041)
   n1: 222200 0x228A36: NTL::BlockConstructFromVec(NTL::ZZ_p*, long, NTL::ZZ_p const*) (vec_ZZ_p.cpp:43)
    n0: 222200 0x16C17C: void NTL::VecStrategy<true>::do_BlockConstructFromVec<NTL::ZZ_p>(NTL::ZZ_p*, long, NTL::ZZ_p const*) (in /home/reti/dongHyeon/Function-hiding-IPE/build/bin/p-norm-ipe-test)
   n0: 2200 in 1 place, below massif's threshold (1.00%)
 n0: 22848 0x16B152: NTL::Vec<NTL::ZZ_p>::AllocateTo(long) (in /home/reti/dongHyeon/Function-hiding-IPE/build/bin/p-norm-ipe-test)
 n0: 20224 0x48F4F42: ??? (in /usr/lib/arm-linux-gnueabihf/libstdc++.so.6.0.26)
 n0: 14400 0x16AEC4: mcl::Array<mcl::EcT<mcl::Fp2T<mcl::FpT<mcl::bn::local::FpTag, 384u> > > >::resize(unsigned int) (in /home/reti/dongHyeon/Function-hiding-IPE/build/bin/p-norm-ipe-test)
 n0: 6164 in 50 places, all below massif's threshold (1.00%)
 n0: 3336 0x24B84C: __gmp_default_reallocate (in /home/reti/dongHyeon/Function-hiding-IPE/build/bin/p-norm-ipe-test)
#-----------
snapshot=23
#-----------
time=147726395
mem_heap_B=291372
mem_heap_extra_B=3636
mem_stacks_B=0
heap_tree=empty
#-----------
snapshot=24
#-----------
time=152702742
mem_heap_B=291372
mem_heap_extra_B=3636
mem_stacks_B=0
heap_tree=empty
#-----------
snapshot=25
#-----------
time=157843400
mem_heap_B=291372
mem_heap_extra_B=3636
mem_stacks_B=0
heap_tree=empty
#-----------
snapshot=26
#-----------
time=162584848
mem_heap_B=291372
mem_heap_extra_B=3636
mem_stacks_B=0
heap_tree=empty
#-----------
snapshot=27
#-----------
time=167632136
mem_heap_B=291372
mem_heap_extra_B=3636
mem_stacks_B=0
heap_tree=empty
#-----------
snapshot=28
#-----------
time=172756404
mem_heap_B=291372
mem_heap_extra_B=3636
mem_stacks_B=0
heap_tree=empty
#-----------
snapshot=29
#-----------
time=182388313
mem_heap_B=291372
mem_heap_extra_B=3636
mem_stacks_B=0
heap_tree=empty
#-----------
snapshot=30
#-----------
time=189677973
mem_heap_B=291372
mem_heap_extra_B=3636
mem_stacks_B=0
heap_tree=detailed
n6: 291372 (heap allocation functions) malloc/new/new[], --alloc-fns, etc.
 n1: 224400 0x20664E: _ntl_gblock_construct_alloc(_ntl_gbigint_body**, long, long) (lip.cpp:6279)
  n2: 224400 0x228994: NTL::BasicBlockConstruct(NTL::ZZ_p*, long, long) (ZZ.h:1041)
   n1: 222200 0x228A36: NTL::BlockConstructFromVec(NTL::ZZ_p*, long, NTL::ZZ_p const*) (vec_ZZ_p.cpp:43)
    n0: 222200 0x16C17C: void NTL::VecStrategy<true>::do_BlockConstructFromVec<NTL::ZZ_p>(NTL::ZZ_p*, long, NTL::ZZ_p const*) (in /home/reti/dongHyeon/Function-hiding-IPE/build/bin/p-norm-ipe-test)
   n0: 2200 in 1 place, below massif's threshold (1.00%)
 n0: 22848 0x16B152: NTL::Vec<NTL::ZZ_p>::AllocateTo(long) (in /home/reti/dongHyeon/Function-hiding-IPE/build/bin/p-norm-ipe-test)
 n0: 20224 0x48F4F42: ??? (in /usr/lib/arm-linux-gnueabihf/libstdc++.so.6.0.26)
 n0: 14400 0x16AEC4: mcl::Array<mcl::EcT<mcl::Fp2T<mcl::FpT<mcl::bn::local::FpTag, 384u> > > >::resize(unsigned int) (in /home/reti/dongHyeon/Function-hiding-IPE/build/bin/p-norm-ipe-test)
 n0: 6164 in 50 places, all below massif's threshold (1.00%)
 n0: 3336 0x24B84C: __gmp_default_reallocate (in /home/reti/dongHyeon/Function-hiding-IPE/build/bin/p-norm-ipe-test)
#-----------
snapshot=31
#-----------
time=199208161
mem_heap_B=291372
mem_heap_extra_B=3636
mem_stacks_B=0
heap_tree=empty
#-----------
snapshot=32
#-----------
time=204233405
mem_heap_B=291372
mem_heap_extra_B=3636
mem_stacks_B=0
heap_tree=empty
#-----------
snapshot=33
#-----------
time=213905646
mem_heap_B=291372
mem_heap_extra_B=3636
mem_stacks_B=0
heap_tree=empty
#-----------
snapshot=34
#-----------
time=218773762
mem_heap_B=291372
mem_heap_extra_B=3636
mem_stacks_B=0
heap_tree=empty
#-----------
snapshot=35
#-----------
time=228368410
mem_heap_B=291372
mem_heap_extra_B=3636
mem_stacks_B=0
heap_tree=empty
#-----------
snapshot=36
#-----------
time=233222840
mem_heap_B=291372
mem_heap_extra_B=3636
mem_stacks_B=0
heap_tree=empty
#-----------
snapshot=37
#-----------
time=238078082
mem_heap_B=291372
mem_heap_extra_B=3636
mem_stacks_B=0
heap_tree=detailed
n6: 291372 (heap allocation functions) malloc/new/new[], --alloc-fns, etc.
 n1: 224400 0x20664E: _ntl_gblock_construct_alloc(_ntl_gbigint_body**, long, long) (lip.cpp:6279)
  n2: 224400 0x228994: NTL::BasicBlockConstruct(NTL::ZZ_p*, long, long) (ZZ.h:1041)
   n1: 222200 0x228A36: NTL::BlockConstructFromVec(NTL::ZZ_p*, long, NTL::ZZ_p const*) (vec_ZZ_p.cpp:43)
    n0: 222200 0x16C17C: void NTL::VecStrategy<true>::do_BlockConstructFromVec<NTL::ZZ_p>(NTL::ZZ_p*, long, NTL::ZZ_p const*) (in /home/reti/dongHyeon/Function-hiding-IPE/build/bin/p-norm-ipe-test)
   n0: 2200 in 1 place, below massif's threshold (1.00%)
 n0: 22848 0x16B152: NTL::Vec<NTL::ZZ_p>::AllocateTo(long) (in /home/reti/dongHyeon/Function-hiding-IPE/build/bin/p-norm-ipe-test)
 n0: 20224 0x48F4F42: ??? (in /usr/lib/arm-linux-gnueabihf/libstdc++.so.6.0.26)
 n0: 14400 0x16AEC4: mcl::Array<mcl::EcT<mcl::Fp2T<mcl::FpT<mcl::bn::local::FpTag, 384u> > > >::resize(unsigned int) (in /home/reti/dongHyeon/Function-hiding-IPE/build/bin/p-norm-ipe-test)
 n0: 6164 in 50 places, all below massif's threshold (1.00%)
 n0: 3336 0x24B84C: __gmp_default_reallocate (in /home/reti/dongHyeon/Function-hiding-IPE/build/bin/p-norm-ipe-test)
#-----------
snapshot=38
#-----------
time=242945300
mem_heap_B=291372
mem_heap_extra_B=3636
mem_stacks_B=0
heap_tree=empty
#-----------
snapshot=39
#-----------
time=250430852
mem_heap_B=291372
mem_heap_extra_B=3636
mem_stacks_B=0
heap_tree=empty
#-----------
snapshot=40
#-----------
time=255421163
mem_heap_B=291372
mem_heap_extra_B=3636
mem_stacks_B=0
heap_tree=empty
#-----------
snapshot=41
#-----------
time=265064770
mem_heap_B=291372
mem_heap_extra_B=3636
mem_stacks_B=0
heap_tree=empty
#-----------
snapshot=42
#-----------
time=269890320
mem_heap_B=291372
mem_heap_extra_B=3636
mem_stacks_B=0
heap_tree=empty
#-----------
snapshot=43
#-----------
time=274819170
mem_heap_B=291372
mem_heap_extra_B=3636
mem_stacks_B=0
heap_tree=empty
#-----------
snapshot=44
#-----------
time=279822358
mem_heap_B=291372
mem_heap_extra_B=3636
mem_stacks_B=0
heap_tree=empty
#-----------
snapshot=45
#-----------
time=284723742
mem_heap_B=291372
mem_heap_extra_B=3636
mem_stacks_B=0
heap_tree=detailed
n6: 291372 (heap allocation functions) malloc/new/new[], --alloc-fns, etc.
 n1: 224400 0x20664E: _ntl_gblock_construct_alloc(_ntl_gbigint_body**, long, long) (lip.cpp:6279)
  n2: 224400 0x228994: NTL::BasicBlockConstruct(NTL::ZZ_p*, long, long) (ZZ.h:1041)
   n1: 222200 0x228A36: NTL::BlockConstructFromVec(NTL::ZZ_p*, long, NTL::ZZ_p const*) (vec_ZZ_p.cpp:43)
    n0: 222200 0x16C17C: void NTL::VecStrategy<true>::do_BlockConstructFromVec<NTL::ZZ_p>(NTL::ZZ_p*, long, NTL::ZZ_p const*) (in /home/reti/dongHyeon/Function-hiding-IPE/build/bin/p-norm-ipe-test)
   n0: 2200 in 1 place, below massif's threshold (1.00%)
 n0: 22848 0x16B152: NTL::Vec<NTL::ZZ_p>::AllocateTo(long) (in /home/reti/dongHyeon/Function-hiding-IPE/build/bin/p-norm-ipe-test)
 n0: 20224 0x48F4F42: ??? (in /usr/lib/arm-linux-gnueabihf/libstdc++.so.6.0.26)
 n0: 14400 0x16AEC4: mcl::Array<mcl::EcT<mcl::Fp2T<mcl::FpT<mcl::bn::local::FpTag, 384u> > > >::resize(unsigned int) (in /home/reti/dongHyeon/Function-hiding-IPE/build/bin/p-norm-ipe-test)
 n0: 6164 in 50 places, all below massif's threshold (1.00%)
 n0: 3336 0x24B84C: __gmp_default_reallocate (in /home/reti/dongHyeon/Function-hiding-IPE/build/bin/p-norm-ipe-test)
#-----------
snapshot=46
#-----------
time=289699204
mem_heap_B=291372
mem_heap_extra_B=3636
mem_stacks_B=0
heap_tree=empty
#-----------
snapshot=47
#-----------
time=294564684
mem_heap_B=291372
mem_heap_extra_B=3636
mem_stacks_B=0
heap_tree=empty
#-----------
snapshot=48
#-----------
time=299387421
mem_heap_B=291372
mem_heap_extra_B=3636
mem_stacks_B=0
heap_tree=empty
#-----------
snapshot=49
#-----------
time=304334837
mem_heap_B=291372
mem_heap_extra_B=3636
mem_stacks_B=0
heap_tree=empty
#-----------
snapshot=50
#-----------
time=309155990
mem_heap_B=291372
mem_heap_extra_B=3636
mem_stacks_B=0
heap_tree=empty
#-----------
snapshot=51
#-----------
time=316597608
mem_heap_B=291372
mem_heap_extra_B=3636
mem_stacks_B=0
heap_tree=empty
#-----------
snapshot=52
#-----------
time=321481875
mem_heap_B=291372
mem_heap_extra_B=3636
mem_stacks_B=0
heap_tree=empty
#-----------
snapshot=53
#-----------
time=326600520
mem_heap_B=291372
mem_heap_extra_B=3636
mem_stacks_B=0
heap_tree=empty
#-----------
snapshot=54
#-----------
time=331567294
mem_heap_B=291372
mem_heap_extra_B=3636
mem_stacks_B=0
heap_tree=empty
#-----------
snapshot=55
#-----------
time=336503669
mem_heap_B=291372
mem_heap_extra_B=3636
mem_stacks_B=0
heap_tree=detailed
n6: 291372 (heap allocation functions) malloc/new/new[], --alloc-fns, etc.
 n1: 224400 0x20664E: _ntl_gblock_construct_alloc(_ntl_gbigint_body**, long, long) (lip.cpp:6279)
  n2: 224400 0x228994: NTL::BasicBlockConstruct(NTL::ZZ_p*, long, long) (ZZ.h:1041)
   n1: 222200 0x228A36: NTL::BlockConstructFromVec(NTL::ZZ_p*, long, NTL::ZZ_p const*) (vec_ZZ_p.cpp:43)
    n0: 222200 0x16C17C: void NTL::VecStrategy<true>::do_BlockConstructFromVec<NTL::ZZ_p>(NTL::ZZ_p*, long, NTL::ZZ_p const*) (in /home/reti/dongHyeon/Function-hiding-IPE/build/bin/p-norm-ipe-test)
   n0: 2200 in 1 place, below massif's threshold (1.00%)
 n0: 22848 0x16B152: NTL::Vec<NTL::ZZ_p>::AllocateTo(long) (in /home/reti/dongHyeon/Function-hiding-IPE/build/bin/p-norm-ipe-test)
 n0: 20224 0x48F4F42: ??? (in /usr/lib/arm-linux-gnueabihf/libstdc++.so.6.0.26)
 n0: 14400 0x16AEC4: mcl::Array<mcl::EcT<mcl::Fp2T<mcl::FpT<mcl::bn::local::FpTag, 384u> > > >::resize(unsigned int) (in /home/reti/dongHyeon/Function-hiding-IPE/build/bin/p-norm-ipe-test)
 n0: 6164 in 50 places, all below massif's threshold (1.00%)
 n0: 3336 0x24B84C: __gmp_default_reallocate (in /home/reti/dongHyeon/Function-hiding-IPE/build/bin/p-norm-ipe-test)
#-----------
snapshot=56
#-----------
time=341370530
mem_heap_B=291372
mem_heap_extra_B=3636
mem_stacks_B=0
heap_tree=empty
#-----------
snapshot=57
#-----------
time=346326950
mem_heap_B=291372
mem_heap_extra_B=3636
mem_stacks_B=0
heap_tree=empty
#-----------
snapshot=58
#-----------
time=351042346
mem_heap_B=291372
mem_heap_extra_B=3636
mem_stacks_B=0
heap_tree=empty
#-----------
snapshot=59
#-----------
time=356013197
mem_heap_B=291372
mem_heap_extra_B=3636
mem_stacks_B=0
heap_tree=empty
#-----------
snapshot=60
#-----------
time=360819451
mem_heap_B=291372
mem_heap_extra_B=3636
mem_stacks_B=0
heap_tree=empty
#-----------
snapshot=61
#-----------
time=365746085
mem_heap_B=291372
mem_heap_extra_B=3636
mem_stacks_B=0
heap_tree=empty
#-----------
snapshot=62
#-----------
time=370661477
mem_heap_B=291372
mem_heap_extra_B=3636
mem_stacks_B=0
heap_tree=empty
#-----------
snapshot=63
#-----------
time=375493361
mem_heap_B=291372
mem_heap_extra_B=3636
mem_stacks_B=0
heap_tree=empty
