desc: --massif-out-file=encrypt/memory-128-10-4.log
cmd: ./p-norm-ipe-test encrypt 128 10 4
time_unit: i
#-----------
snapshot=0
#-----------
time=0
mem_heap_B=0
mem_heap_extra_B=0
mem_stacks_B=0
heap_tree=empty
#-----------
snapshot=1
#-----------
time=91041382
mem_heap_B=281017
mem_heap_extra_B=1087
mem_stacks_B=0
heap_tree=empty
#-----------
snapshot=2
#-----------
time=215280535
mem_heap_B=738417
mem_heap_extra_B=1511
mem_stacks_B=0
heap_tree=detailed
n5: 738417 (heap allocation functions) malloc/new/new[], --alloc-fns, etc.
 n1: 646008 0x20664E: _ntl_gblock_construct_alloc(_ntl_gbigint_body**, long, long) (lip.cpp:6279)
  n2: 646008 0x228994: NTL::BasicBlockConstruct(NTL::ZZ_p*, long, long) (ZZ.h:1041)
   n1: 628408 0x228A36: NTL::BlockConstructFromVec(NTL::ZZ_p*, long, NTL::ZZ_p const*) (vec_ZZ_p.cpp:43)
    n0: 628408 0x16C17C: void NTL::VecStrategy<true>::do_BlockConstructFromVec<NTL::ZZ_p>(NTL::ZZ_p*, long, NTL::ZZ_p const*) (in /home/reti/dongHyeon/Function-hiding-IPE/build/bin/p-norm-ipe-test)
   n0: 17600 0x16C5A0: void NTL::VecStrategy<true>::do_BlockConstruct<NTL::ZZ_p>(NTL::ZZ_p*, long) (in /home/reti/dongHyeon/Function-hiding-IPE/build/bin/p-norm-ipe-test)
 n0: 58016 0x16B152: NTL::Vec<NTL::ZZ_p>::AllocateTo(long) (in /home/reti/dongHyeon/Function-hiding-IPE/build/bin/p-norm-ipe-test)
 n0: 20224 0x48F4F42: ??? (in /usr/lib/arm-linux-gnueabihf/libstdc++.so.6.0.26)
 n1: 8192 0x493D6C6: std::basic_filebuf<char, std::char_traits<char> >::_M_allocate_internal_buffer() (in /usr/lib/arm-linux-gnueabihf/libstdc++.so.6.0.26)
  n1: 8192 0x493FFE2: std::basic_filebuf<char, std::char_traits<char> >::open(char const*, std::_Ios_Openmode) (in /usr/lib/arm-linux-gnueabihf/libstdc++.so.6.0.26)
   n0: 8192 0x49409EA: std::basic_ifstream<char, std::char_traits<char> >::basic_ifstream(std::__cxx11::basic_string<char, std::char_traits<char>, std::allocator<char> > const&, std::_Ios_Openmode) (in /usr/lib/arm-linux-gnueabihf/libstdc++.so.6.0.26)
 n0: 5977 in 24 places, all below massif's threshold (1.00%)
#-----------
snapshot=3
#-----------
time=288961213
mem_heap_B=998337
mem_heap_extra_B=1735
mem_stacks_B=0
heap_tree=detailed
n4: 998337 (heap allocation functions) malloc/new/new[], --alloc-fns, etc.
 n1: 883784 0x20664E: _ntl_gblock_construct_alloc(_ntl_gbigint_body**, long, long) (lip.cpp:6279)
  n2: 883784 0x228994: NTL::BasicBlockConstruct(NTL::ZZ_p*, long, long) (ZZ.h:1041)
   n1: 866184 0x228A36: NTL::BlockConstructFromVec(NTL::ZZ_p*, long, NTL::ZZ_p const*) (vec_ZZ_p.cpp:43)
    n0: 866184 0x16C17C: void NTL::VecStrategy<true>::do_BlockConstructFromVec<NTL::ZZ_p>(NTL::ZZ_p*, long, NTL::ZZ_p const*) (in /home/reti/dongHyeon/Function-hiding-IPE/build/bin/p-norm-ipe-test)
   n0: 17600 0x16C5A0: void NTL::VecStrategy<true>::do_BlockConstruct<NTL::ZZ_p>(NTL::ZZ_p*, long) (in /home/reti/dongHyeon/Function-hiding-IPE/build/bin/p-norm-ipe-test)
 n0: 79968 0x16B152: NTL::Vec<NTL::ZZ_p>::AllocateTo(long) (in /home/reti/dongHyeon/Function-hiding-IPE/build/bin/p-norm-ipe-test)
 n0: 20224 0x48F4F42: ??? (in /usr/lib/arm-linux-gnueabihf/libstdc++.so.6.0.26)
 n0: 14361 in 26 places, all below massif's threshold (1.00%)
#-----------
snapshot=4
#-----------
time=346848925
mem_heap_B=1202409
mem_heap_extra_B=1911
mem_stacks_B=0
heap_tree=detailed
n4: 1202409 (heap allocation functions) malloc/new/new[], --alloc-fns, etc.
 n1: 1070608 0x20664E: _ntl_gblock_construct_alloc(_ntl_gbigint_body**, long, long) (lip.cpp:6279)
  n2: 1070608 0x228994: NTL::BasicBlockConstruct(NTL::ZZ_p*, long, long) (ZZ.h:1041)
   n1: 1053008 0x228A36: NTL::BlockConstructFromVec(NTL::ZZ_p*, long, NTL::ZZ_p const*) (vec_ZZ_p.cpp:43)
    n0: 1053008 0x16C17C: void NTL::VecStrategy<true>::do_BlockConstructFromVec<NTL::ZZ_p>(NTL::ZZ_p*, long, NTL::ZZ_p const*) (in /home/reti/dongHyeon/Function-hiding-IPE/build/bin/p-norm-ipe-test)
   n0: 17600 0x16C5A0: void NTL::VecStrategy<true>::do_BlockConstruct<NTL::ZZ_p>(NTL::ZZ_p*, long) (in /home/reti/dongHyeon/Function-hiding-IPE/build/bin/p-norm-ipe-test)
 n0: 97216 0x16B152: NTL::Vec<NTL::ZZ_p>::AllocateTo(long) (in /home/reti/dongHyeon/Function-hiding-IPE/build/bin/p-norm-ipe-test)
 n0: 20224 0x48F4F42: ??? (in /usr/lib/arm-linux-gnueabihf/libstdc++.so.6.0.26)
 n0: 14361 in 26 places, all below massif's threshold (1.00%)
#-----------
snapshot=5
#-----------
time=431047843
mem_heap_B=1499241
mem_heap_extra_B=2167
mem_stacks_B=0
heap_tree=detailed
n4: 1499241 (heap allocation functions) malloc/new/new[], --alloc-fns, etc.
 n1: 1342352 0x20664E: _ntl_gblock_construct_alloc(_ntl_gbigint_body**, long, long) (lip.cpp:6279)
  n2: 1342352 0x228994: NTL::BasicBlockConstruct(NTL::ZZ_p*, long, long) (ZZ.h:1041)
   n1: 1324752 0x228A36: NTL::BlockConstructFromVec(NTL::ZZ_p*, long, NTL::ZZ_p const*) (vec_ZZ_p.cpp:43)
    n0: 1324752 0x16C17C: void NTL::VecStrategy<true>::do_BlockConstructFromVec<NTL::ZZ_p>(NTL::ZZ_p*, long, NTL::ZZ_p const*) (in /home/reti/dongHyeon/Function-hiding-IPE/build/bin/p-norm-ipe-test)
   n0: 17600 0x16C5A0: void NTL::VecStrategy<true>::do_BlockConstruct<NTL::ZZ_p>(NTL::ZZ_p*, long) (in /home/reti/dongHyeon/Function-hiding-IPE/build/bin/p-norm-ipe-test)
 n0: 122304 0x16B152: NTL::Vec<NTL::ZZ_p>::AllocateTo(long) (in /home/reti/dongHyeon/Function-hiding-IPE/build/bin/p-norm-ipe-test)
 n0: 20224 0x48F4F42: ??? (in /usr/lib/arm-linux-gnueabihf/libstdc++.so.6.0.26)
 n0: 14361 in 26 places, all below massif's threshold (1.00%)
#-----------
snapshot=6
#-----------
time=546801727
mem_heap_B=1907385
mem_heap_extra_B=2519
mem_stacks_B=0
heap_tree=detailed
n4: 1907385 (heap allocation functions) malloc/new/new[], --alloc-fns, etc.
 n1: 1716000 0x20664E: _ntl_gblock_construct_alloc(_ntl_gbigint_body**, long, long) (lip.cpp:6279)
  n2: 1716000 0x228994: NTL::BasicBlockConstruct(NTL::ZZ_p*, long, long) (ZZ.h:1041)
   n1: 1698400 0x228A36: NTL::BlockConstructFromVec(NTL::ZZ_p*, long, NTL::ZZ_p const*) (vec_ZZ_p.cpp:43)
    n0: 1698400 0x16C17C: void NTL::VecStrategy<true>::do_BlockConstructFromVec<NTL::ZZ_p>(NTL::ZZ_p*, long, NTL::ZZ_p const*) (in /home/reti/dongHyeon/Function-hiding-IPE/build/bin/p-norm-ipe-test)
   n0: 17600 in 1 place, below massif's threshold (1.00%)
 n0: 156800 0x16B152: NTL::Vec<NTL::ZZ_p>::AllocateTo(long) (in /home/reti/dongHyeon/Function-hiding-IPE/build/bin/p-norm-ipe-test)
 n0: 20224 0x48F4F42: ??? (in /usr/lib/arm-linux-gnueabihf/libstdc++.so.6.0.26)
 n0: 14361 in 26 places, all below massif's threshold (1.00%)
#-----------
snapshot=7
#-----------
time=609944896
mem_heap_B=2130217
mem_heap_extra_B=2711
mem_stacks_B=0
heap_tree=detailed
n3: 2130217 (heap allocation functions) malloc/new/new[], --alloc-fns, etc.
 n1: 1919808 0x20664E: _ntl_gblock_construct_alloc(_ntl_gbigint_body**, long, long) (lip.cpp:6279)
  n2: 1919808 0x228994: NTL::BasicBlockConstruct(NTL::ZZ_p*, long, long) (ZZ.h:1041)
   n1: 1902208 0x228A36: NTL::BlockConstructFromVec(NTL::ZZ_p*, long, NTL::ZZ_p const*) (vec_ZZ_p.cpp:43)
    n0: 1902208 0x16C17C: void NTL::VecStrategy<true>::do_BlockConstructFromVec<NTL::ZZ_p>(NTL::ZZ_p*, long, NTL::ZZ_p const*) (in /home/reti/dongHyeon/Function-hiding-IPE/build/bin/p-norm-ipe-test)
   n0: 17600 in 1 place, below massif's threshold (1.00%)
 n0: 175616 0x16B152: NTL::Vec<NTL::ZZ_p>::AllocateTo(long) (in /home/reti/dongHyeon/Function-hiding-IPE/build/bin/p-norm-ipe-test)
 n0: 34793 in 27 places, all below massif's threshold (1.00%)
#-----------
snapshot=8
#-----------
time=712633253
mem_heap_B=2473217
mem_heap_extra_B=2983
mem_stacks_B=0
heap_tree=empty
#-----------
snapshot=9
#-----------
time=786298133
mem_heap_B=2732945
mem_heap_extra_B=3207
mem_stacks_B=0
heap_tree=empty
#-----------
snapshot=10
#-----------
time=904618312
mem_heap_B=3169433
mem_heap_extra_B=3607
mem_stacks_B=0
heap_tree=detailed
n3: 3169433 (heap allocation functions) malloc/new/new[], --alloc-fns, etc.
 n1: 2870912 0x20664E: _ntl_gblock_construct_alloc(_ntl_gbigint_body**, long, long) (lip.cpp:6279)
  n2: 2870912 0x228994: NTL::BasicBlockConstruct(NTL::ZZ_p*, long, long) (ZZ.h:1041)
   n1: 2853312 0x228A36: NTL::BlockConstructFromVec(NTL::ZZ_p*, long, NTL::ZZ_p const*) (vec_ZZ_p.cpp:43)
    n0: 2853312 0x16C17C: void NTL::VecStrategy<true>::do_BlockConstructFromVec<NTL::ZZ_p>(NTL::ZZ_p*, long, NTL::ZZ_p const*) (in /home/reti/dongHyeon/Function-hiding-IPE/build/bin/p-norm-ipe-test)
   n0: 17600 in 1 place, below massif's threshold (1.00%)
 n0: 263424 0x16B152: NTL::Vec<NTL::ZZ_p>::AllocateTo(long) (in /home/reti/dongHyeon/Function-hiding-IPE/build/bin/p-norm-ipe-test)
 n0: 35097 in 27 places, all below massif's threshold (1.00%)
#-----------
snapshot=11
#-----------
time=1020387243
mem_heap_B=3577577
mem_heap_extra_B=3959
mem_stacks_B=0
heap_tree=detailed
n3: 3577577 (heap allocation functions) malloc/new/new[], --alloc-fns, etc.
 n1: 3244560 0x20664E: _ntl_gblock_construct_alloc(_ntl_gbigint_body**, long, long) (lip.cpp:6279)
  n2: 3244560 0x228994: NTL::BasicBlockConstruct(NTL::ZZ_p*, long, long) (ZZ.h:1041)
   n1: 3226960 0x228A36: NTL::BlockConstructFromVec(NTL::ZZ_p*, long, NTL::ZZ_p const*) (vec_ZZ_p.cpp:43)
    n0: 3226960 0x16C17C: void NTL::VecStrategy<true>::do_BlockConstructFromVec<NTL::ZZ_p>(NTL::ZZ_p*, long, NTL::ZZ_p const*) (in /home/reti/dongHyeon/Function-hiding-IPE/build/bin/p-norm-ipe-test)
   n0: 17600 in 1 place, below massif's threshold (1.00%)
 n0: 297920 0x16B152: NTL::Vec<NTL::ZZ_p>::AllocateTo(long) (in /home/reti/dongHyeon/Function-hiding-IPE/build/bin/p-norm-ipe-test)
 n0: 35097 in 27 places, all below massif's threshold (1.00%)
#-----------
snapshot=12
#-----------
time=1141421201
mem_heap_B=4004737
mem_heap_extra_B=4327
mem_stacks_B=0
heap_tree=detailed
n3: 4004737 (heap allocation functions) malloc/new/new[], --alloc-fns, etc.
 n1: 3635192 0x20664E: _ntl_gblock_construct_alloc(_ntl_gbigint_body**, long, long) (lip.cpp:6279)
  n2: 3635192 0x228994: NTL::BasicBlockConstruct(NTL::ZZ_p*, long, long) (ZZ.h:1041)
   n1: 3617592 0x228A36: NTL::BlockConstructFromVec(NTL::ZZ_p*, long, NTL::ZZ_p const*) (vec_ZZ_p.cpp:43)
    n0: 3617592 0x16C17C: void NTL::VecStrategy<true>::do_BlockConstructFromVec<NTL::ZZ_p>(NTL::ZZ_p*, long, NTL::ZZ_p const*) (in /home/reti/dongHyeon/Function-hiding-IPE/build/bin/p-norm-ipe-test)
   n0: 17600 in 1 place, below massif's threshold (1.00%)
 n0: 333984 0x16B152: NTL::Vec<NTL::ZZ_p>::AllocateTo(long) (in /home/reti/dongHyeon/Function-hiding-IPE/build/bin/p-norm-ipe-test)
 n0: 35561 in 27 places, all below massif's threshold (1.00%)
#-----------
snapshot=13
#-----------
time=1220357575
mem_heap_B=4283017
mem_heap_extra_B=4567
mem_stacks_B=0
heap_tree=detailed
n3: 4283017 (heap allocation functions) malloc/new/new[], --alloc-fns, etc.
 n1: 3889952 0x20664E: _ntl_gblock_construct_alloc(_ntl_gbigint_body**, long, long) (lip.cpp:6279)
  n2: 3889952 0x228994: NTL::BasicBlockConstruct(NTL::ZZ_p*, long, long) (ZZ.h:1041)
   n1: 3872352 0x228A36: NTL::BlockConstructFromVec(NTL::ZZ_p*, long, NTL::ZZ_p const*) (vec_ZZ_p.cpp:43)
    n0: 3872352 0x16C17C: void NTL::VecStrategy<true>::do_BlockConstructFromVec<NTL::ZZ_p>(NTL::ZZ_p*, long, NTL::ZZ_p const*) (in /home/reti/dongHyeon/Function-hiding-IPE/build/bin/p-norm-ipe-test)
   n0: 17600 in 1 place, below massif's threshold (1.00%)
 n0: 357504 0x16B152: NTL::Vec<NTL::ZZ_p>::AllocateTo(long) (in /home/reti/dongHyeon/Function-hiding-IPE/build/bin/p-norm-ipe-test)
 n0: 35561 in 27 places, all below massif's threshold (1.00%)
#-----------
snapshot=14
#-----------
time=1330864160
mem_heap_B=4672609
mem_heap_extra_B=4903
mem_stacks_B=0
heap_tree=detailed
n3: 4672609 (heap allocation functions) malloc/new/new[], --alloc-fns, etc.
 n1: 4246616 0x20664E: _ntl_gblock_construct_alloc(_ntl_gbigint_body**, long, long) (lip.cpp:6279)
  n2: 4246616 0x228994: NTL::BasicBlockConstruct(NTL::ZZ_p*, long, long) (ZZ.h:1041)
   n1: 4229016 0x228A36: NTL::BlockConstructFromVec(NTL::ZZ_p*, long, NTL::ZZ_p const*) (vec_ZZ_p.cpp:43)
    n0: 4229016 0x16C17C: void NTL::VecStrategy<true>::do_BlockConstructFromVec<NTL::ZZ_p>(NTL::ZZ_p*, long, NTL::ZZ_p const*) (in /home/reti/dongHyeon/Function-hiding-IPE/build/bin/p-norm-ipe-test)
   n0: 17600 in 1 place, below massif's threshold (1.00%)
 n0: 390432 0x16B152: NTL::Vec<NTL::ZZ_p>::AllocateTo(long) (in /home/reti/dongHyeon/Function-hiding-IPE/build/bin/p-norm-ipe-test)
 n0: 35561 in 27 places, all below massif's threshold (1.00%)
#-----------
snapshot=15
#-----------
time=1425582295
mem_heap_B=5006545
mem_heap_extra_B=5191
mem_stacks_B=0
heap_tree=detailed
n3: 5006545 (heap allocation functions) malloc/new/new[], --alloc-fns, etc.
 n1: 4552328 0x20664E: _ntl_gblock_construct_alloc(_ntl_gbigint_body**, long, long) (lip.cpp:6279)
  n2: 4552328 0x228994: NTL::BasicBlockConstruct(NTL::ZZ_p*, long, long) (ZZ.h:1041)
   n1: 4534728 0x228A36: NTL::BlockConstructFromVec(NTL::ZZ_p*, long, NTL::ZZ_p const*) (vec_ZZ_p.cpp:43)
    n0: 4534728 0x16C17C: void NTL::VecStrategy<true>::do_BlockConstructFromVec<NTL::ZZ_p>(NTL::ZZ_p*, long, NTL::ZZ_p const*) (in /home/reti/dongHyeon/Function-hiding-IPE/build/bin/p-norm-ipe-test)
   n0: 17600 in 1 place, below massif's threshold (1.00%)
 n0: 418656 0x16B152: NTL::Vec<NTL::ZZ_p>::AllocateTo(long) (in /home/reti/dongHyeon/Function-hiding-IPE/build/bin/p-norm-ipe-test)
 n0: 35561 in 27 places, all below massif's threshold (1.00%)
#-----------
snapshot=16
#-----------
time=1520316512
mem_heap_B=5340481
mem_heap_extra_B=5479
mem_stacks_B=0
heap_tree=detailed
n3: 5340481 (heap allocation functions) malloc/new/new[], --alloc-fns, etc.
 n1: 4858040 0x20664E: _ntl_gblock_construct_alloc(_ntl_gbigint_body**, long, long) (lip.cpp:6279)
  n2: 4858040 0x228994: NTL::BasicBlockConstruct(NTL::ZZ_p*, long, long) (ZZ.h:1041)
   n1: 4840440 0x228A36: NTL::BlockConstructFromVec(NTL::ZZ_p*, long, NTL::ZZ_p const*) (vec_ZZ_p.cpp:43)
    n0: 4840440 0x16C17C: void NTL::VecStrategy<true>::do_BlockConstructFromVec<NTL::ZZ_p>(NTL::ZZ_p*, long, NTL::ZZ_p const*) (in /home/reti/dongHyeon/Function-hiding-IPE/build/bin/p-norm-ipe-test)
   n0: 17600 in 1 place, below massif's threshold (1.00%)
 n0: 446880 0x16B152: NTL::Vec<NTL::ZZ_p>::AllocateTo(long) (in /home/reti/dongHyeon/Function-hiding-IPE/build/bin/p-norm-ipe-test)
 n0: 35561 in 27 places, all below massif's threshold (1.00%)
#-----------
snapshot=17
#-----------
time=1583450910
mem_heap_B=5563105
mem_heap_extra_B=5671
mem_stacks_B=0
heap_tree=detailed
n3: 5563105 (heap allocation functions) malloc/new/new[], --alloc-fns, etc.
 n1: 5061848 0x20664E: _ntl_gblock_construct_alloc(_ntl_gbigint_body**, long, long) (lip.cpp:6279)
  n2: 5061848 0x228994: NTL::BasicBlockConstruct(NTL::ZZ_p*, long, long) (ZZ.h:1041)
   n1: 5044248 0x228A36: NTL::BlockConstructFromVec(NTL::ZZ_p*, long, NTL::ZZ_p const*) (vec_ZZ_p.cpp:43)
    n0: 5044248 0x16C17C: void NTL::VecStrategy<true>::do_BlockConstructFromVec<NTL::ZZ_p>(NTL::ZZ_p*, long, NTL::ZZ_p const*) (in /home/reti/dongHyeon/Function-hiding-IPE/build/bin/p-norm-ipe-test)
   n0: 17600 in 1 place, below massif's threshold (1.00%)
 n0: 465696 0x16B152: NTL::Vec<NTL::ZZ_p>::AllocateTo(long) (in /home/reti/dongHyeon/Function-hiding-IPE/build/bin/p-norm-ipe-test)
 n0: 35561 in 27 places, all below massif's threshold (1.00%)
#-----------
snapshot=18
#-----------
time=1693955785
mem_heap_B=5951185
mem_heap_extra_B=5999
mem_stacks_B=0
heap_tree=empty
#-----------
snapshot=19
#-----------
time=1762351896
mem_heap_B=6194561
mem_heap_extra_B=6215
mem_stacks_B=0
heap_tree=detailed
n3: 6194561 (heap allocation functions) malloc/new/new[], --alloc-fns, etc.
 n1: 5639304 0x20664E: _ntl_gblock_construct_alloc(_ntl_gbigint_body**, long, long) (lip.cpp:6279)
  n2: 5639304 0x228994: NTL::BasicBlockConstruct(NTL::ZZ_p*, long, long) (ZZ.h:1041)
   n1: 5621704 0x228A36: NTL::BlockConstructFromVec(NTL::ZZ_p*, long, NTL::ZZ_p const*) (vec_ZZ_p.cpp:43)
    n0: 5621704 0x16C17C: void NTL::VecStrategy<true>::do_BlockConstructFromVec<NTL::ZZ_p>(NTL::ZZ_p*, long, NTL::ZZ_p const*) (in /home/reti/dongHyeon/Function-hiding-IPE/build/bin/p-norm-ipe-test)
   n0: 17600 in 1 place, below massif's threshold (1.00%)
 n0: 519008 0x16B152: NTL::Vec<NTL::ZZ_p>::AllocateTo(long) (in /home/reti/dongHyeon/Function-hiding-IPE/build/bin/p-norm-ipe-test)
 n0: 36249 in 27 places, all below massif's threshold (1.00%)
#-----------
snapshot=20
#-----------
time=1841283942
mem_heap_B=6455241
mem_heap_extra_B=6391
mem_stacks_B=0
heap_tree=empty
#-----------
snapshot=21
#-----------
time=1930748573
mem_heap_B=6788225
mem_heap_extra_B=6727
mem_stacks_B=0
heap_tree=detailed
n3: 6788225 (heap allocation functions) malloc/new/new[], --alloc-fns, etc.
 n1: 6182792 0x20664E: _ntl_gblock_construct_alloc(_ntl_gbigint_body**, long, long) (lip.cpp:6279)
  n2: 6182792 0x228994: NTL::BasicBlockConstruct(NTL::ZZ_p*, long, long) (ZZ.h:1041)
   n1: 6165192 0x228A36: NTL::BlockConstructFromVec(NTL::ZZ_p*, long, NTL::ZZ_p const*) (vec_ZZ_p.cpp:43)
    n0: 6165192 0x16C17C: void NTL::VecStrategy<true>::do_BlockConstructFromVec<NTL::ZZ_p>(NTL::ZZ_p*, long, NTL::ZZ_p const*) (in /home/reti/dongHyeon/Function-hiding-IPE/build/bin/p-norm-ipe-test)
   n0: 17600 in 1 place, below massif's threshold (1.00%)
 n0: 569184 0x16B152: NTL::Vec<NTL::ZZ_p>::AllocateTo(long) (in /home/reti/dongHyeon/Function-hiding-IPE/build/bin/p-norm-ipe-test)
 n0: 36249 in 27 places, all below massif's threshold (1.00%)
#-----------
snapshot=22
#-----------
time=1993911791
mem_heap_B=7010849
mem_heap_extra_B=6919
mem_stacks_B=0
heap_tree=detailed
n3: 7010849 (heap allocation functions) malloc/new/new[], --alloc-fns, etc.
 n1: 6386600 0x20664E: _ntl_gblock_construct_alloc(_ntl_gbigint_body**, long, long) (lip.cpp:6279)
  n2: 6386600 0x228994: NTL::BasicBlockConstruct(NTL::ZZ_p*, long, long) (ZZ.h:1041)
   n1: 6369000 0x228A36: NTL::BlockConstructFromVec(NTL::ZZ_p*, long, NTL::ZZ_p const*) (vec_ZZ_p.cpp:43)
    n0: 6369000 0x16C17C: void NTL::VecStrategy<true>::do_BlockConstructFromVec<NTL::ZZ_p>(NTL::ZZ_p*, long, NTL::ZZ_p const*) (in /home/reti/dongHyeon/Function-hiding-IPE/build/bin/p-norm-ipe-test)
   n0: 17600 in 1 place, below massif's threshold (1.00%)
 n0: 588000 0x16B152: NTL::Vec<NTL::ZZ_p>::AllocateTo(long) (in /home/reti/dongHyeon/Function-hiding-IPE/build/bin/p-norm-ipe-test)
 n0: 36249 in 27 places, all below massif's threshold (1.00%)
#-----------
snapshot=23
#-----------
time=2109623638
mem_heap_B=7251737
mem_heap_extra_B=7135
mem_stacks_B=0
heap_tree=empty
#-----------
snapshot=24
#-----------
time=2207564346
mem_heap_B=7594737
mem_heap_extra_B=7407
mem_stacks_B=0
heap_tree=empty
#-----------
snapshot=25
#-----------
time=2289051558
mem_heap_B=7898857
mem_heap_extra_B=7687
mem_stacks_B=0
heap_tree=empty
#-----------
snapshot=26
#-----------
time=2338443949
mem_heap_B=8055873
mem_heap_extra_B=7799
mem_stacks_B=0
heap_tree=empty
#-----------
snapshot=27
#-----------
time=2420574898
mem_heap_B=8348065
mem_heap_extra_B=8095
mem_stacks_B=0
heap_tree=empty
#-----------
snapshot=28
#-----------
time=2485116576
mem_heap_B=8573017
mem_heap_extra_B=8247
mem_stacks_B=0
heap_tree=empty
#-----------
snapshot=29
#-----------
time=2567423286
mem_heap_B=8865953
mem_heap_extra_B=8535
mem_stacks_B=0
heap_tree=detailed
n3: 8865953 (heap allocation functions) malloc/new/new[], --alloc-fns, etc.
 n1: 8085000 0x20664E: _ntl_gblock_construct_alloc(_ntl_gbigint_body**, long, long) (lip.cpp:6279)
  n2: 8085000 0x228994: NTL::BasicBlockConstruct(NTL::ZZ_p*, long, long) (ZZ.h:1041)
   n0: 6573424 0x16C5A0: void NTL::VecStrategy<true>::do_BlockConstruct<NTL::ZZ_p>(NTL::ZZ_p*, long) (in /home/reti/dongHyeon/Function-hiding-IPE/build/bin/p-norm-ipe-test)
   n1: 1511576 0x228A36: NTL::BlockConstructFromVec(NTL::ZZ_p*, long, NTL::ZZ_p const*) (vec_ZZ_p.cpp:43)
    n0: 1511576 0x16C17C: void NTL::VecStrategy<true>::do_BlockConstructFromVec<NTL::ZZ_p>(NTL::ZZ_p*, long, NTL::ZZ_p const*) (in /home/reti/dongHyeon/Function-hiding-IPE/build/bin/p-norm-ipe-test)
 n0: 744800 0x16B152: NTL::Vec<NTL::ZZ_p>::AllocateTo(long) (in /home/reti/dongHyeon/Function-hiding-IPE/build/bin/p-norm-ipe-test)
 n0: 36153 in 27 places, all below massif's threshold (1.00%)
#-----------
snapshot=30
#-----------
time=2664024676
mem_heap_B=9203993
mem_heap_extra_B=8783
mem_stacks_B=0
heap_tree=empty
#-----------
snapshot=31
#-----------
time=2729872461
mem_heap_B=9436873
mem_heap_extra_B=9007
mem_stacks_B=0
heap_tree=detailed
n3: 9436873 (heap allocation functions) malloc/new/new[], --alloc-fns, etc.
 n1: 8607104 0x20664E: _ntl_gblock_construct_alloc(_ntl_gbigint_body**, long, long) (lip.cpp:6279)
  n2: 8607104 0x228994: NTL::BasicBlockConstruct(NTL::ZZ_p*, long, long) (ZZ.h:1041)
   n0: 6569024 0x16C5A0: void NTL::VecStrategy<true>::do_BlockConstruct<NTL::ZZ_p>(NTL::ZZ_p*, long) (in /home/reti/dongHyeon/Function-hiding-IPE/build/bin/p-norm-ipe-test)
   n1: 2038080 0x228A36: NTL::BlockConstructFromVec(NTL::ZZ_p*, long, NTL::ZZ_p const*) (vec_ZZ_p.cpp:43)
    n0: 2038080 0x16C17C: void NTL::VecStrategy<true>::do_BlockConstructFromVec<NTL::ZZ_p>(NTL::ZZ_p*, long, NTL::ZZ_p const*) (in /home/reti/dongHyeon/Function-hiding-IPE/build/bin/p-norm-ipe-test)
 n0: 793408 0x16B152: NTL::Vec<NTL::ZZ_p>::AllocateTo(long) (in /home/reti/dongHyeon/Function-hiding-IPE/build/bin/p-norm-ipe-test)
 n0: 36361 in 27 places, all below massif's threshold (1.00%)
#-----------
snapshot=32
#-----------
time=2858035856
mem_heap_B=9888009
mem_heap_extra_B=9375
mem_stacks_B=0
heap_tree=empty
#-----------
snapshot=33
#-----------
time=2954114454
mem_heap_B=10227161
mem_heap_extra_B=9671
mem_stacks_B=0
heap_tree=empty
#-----------
snapshot=34
#-----------
time=3081771529
mem_heap_B=10679473
mem_heap_extra_B=10079
mem_stacks_B=0
heap_tree=empty
#-----------
snapshot=35
#-----------
time=3146264082
mem_heap_B=10907185
mem_heap_extra_B=10287
mem_stacks_B=0
heap_tree=empty
#-----------
snapshot=36
#-----------
time=3242187862
mem_heap_B=11243073
mem_heap_extra_B=10543
mem_stacks_B=0
heap_tree=empty
#-----------
snapshot=37
#-----------
time=3306681938
mem_heap_B=11470609
mem_heap_extra_B=10743
mem_stacks_B=0
heap_tree=empty
#-----------
snapshot=38
#-----------
time=3371181243
mem_heap_B=11700297
mem_heap_extra_B=10959
mem_stacks_B=0
heap_tree=detailed
n3: 11700297 (heap allocation functions) malloc/new/new[], --alloc-fns, etc.
 n1: 10679152 0x20664E: _ntl_gblock_construct_alloc(_ntl_gbigint_body**, long, long) (lip.cpp:6279)
  n2: 10679152 0x228994: NTL::BasicBlockConstruct(NTL::ZZ_p*, long, long) (ZZ.h:1041)
   n0: 6569024 0x16C5A0: void NTL::VecStrategy<true>::do_BlockConstruct<NTL::ZZ_p>(NTL::ZZ_p*, long) (in /home/reti/dongHyeon/Function-hiding-IPE/build/bin/p-norm-ipe-test)
   n1: 4110128 0x228A36: NTL::BlockConstructFromVec(NTL::ZZ_p*, long, NTL::ZZ_p const*) (vec_ZZ_p.cpp:43)
    n0: 4110128 0x16C17C: void NTL::VecStrategy<true>::do_BlockConstructFromVec<NTL::ZZ_p>(NTL::ZZ_p*, long, NTL::ZZ_p const*) (in /home/reti/dongHyeon/Function-hiding-IPE/build/bin/p-norm-ipe-test)
 n0: 984704 0x16B152: NTL::Vec<NTL::ZZ_p>::AllocateTo(long) (in /home/reti/dongHyeon/Function-hiding-IPE/build/bin/p-norm-ipe-test)
 n0: 36441 in 27 places, all below massif's threshold (1.00%)
#-----------
snapshot=39
#-----------
time=3435004180
mem_heap_B=11923609
mem_heap_extra_B=11151
mem_stacks_B=0
heap_tree=empty
#-----------
snapshot=40
#-----------
time=3530923801
mem_heap_B=12278297
mem_heap_extra_B=11463
mem_stacks_B=0
heap_tree=empty
#-----------
snapshot=41
#-----------
time=3627668012
mem_heap_B=12602281
mem_heap_extra_B=11719
mem_stacks_B=0
heap_tree=empty
#-----------
snapshot=42
#-----------
time=3724406212
mem_heap_B=12944657
mem_heap_extra_B=12031
mem_stacks_B=0
heap_tree=empty
#-----------
snapshot=43
#-----------
time=3820297171
mem_heap_B=13284561
mem_heap_extra_B=12343
mem_stacks_B=0
heap_tree=empty
#-----------
snapshot=44
#-----------
time=3947984938
mem_heap_B=13732137
mem_heap_extra_B=12687
mem_stacks_B=0
heap_tree=empty
#-----------
snapshot=45
#-----------
time=4012482923
mem_heap_B=13959929
mem_heap_extra_B=12895
mem_stacks_B=0
heap_tree=detailed
n3: 13959929 (heap allocation functions) malloc/new/new[], --alloc-fns, etc.
 n1: 12746800 0x20664E: _ntl_gblock_construct_alloc(_ntl_gbigint_body**, long, long) (lip.cpp:6279)
  n2: 12746800 0x228994: NTL::BasicBlockConstruct(NTL::ZZ_p*, long, long) (ZZ.h:1041)
   n0: 6564624 0x16C5A0: void NTL::VecStrategy<true>::do_BlockConstruct<NTL::ZZ_p>(NTL::ZZ_p*, long) (in /home/reti/dongHyeon/Function-hiding-IPE/build/bin/p-norm-ipe-test)
   n1: 6182176 0x228A36: NTL::BlockConstructFromVec(NTL::ZZ_p*, long, NTL::ZZ_p const*) (vec_ZZ_p.cpp:43)
    n0: 6182176 0x16C17C: void NTL::VecStrategy<true>::do_BlockConstructFromVec<NTL::ZZ_p>(NTL::ZZ_p*, long, NTL::ZZ_p const*) (in /home/reti/dongHyeon/Function-hiding-IPE/build/bin/p-norm-ipe-test)
 n0: 1176000 0x16B152: NTL::Vec<NTL::ZZ_p>::AllocateTo(long) (in /home/reti/dongHyeon/Function-hiding-IPE/build/bin/p-norm-ipe-test)
 n0: 37129 in 27 places, all below massif's threshold (1.00%)
#-----------
snapshot=46
#-----------
time=4076966834
mem_heap_B=14187641
mem_heap_extra_B=13103
mem_stacks_B=0
heap_tree=empty
#-----------
snapshot=47
#-----------
time=4198224482
mem_heap_B=28683161
mem_heap_extra_B=25591
mem_stacks_B=0
heap_tree=peak
n3: 28683161 (heap allocation functions) malloc/new/new[], --alloc-fns, etc.
 n1: 26223296 0x20664E: _ntl_gblock_construct_alloc(_ntl_gbigint_body**, long, long) (lip.cpp:6279)
  n2: 26223296 0x228994: NTL::BasicBlockConstruct(NTL::ZZ_p*, long, long) (ZZ.h:1041)
   n0: 13111648 0x16C5A0: void NTL::VecStrategy<true>::do_BlockConstruct<NTL::ZZ_p>(NTL::ZZ_p*, long) (in /home/reti/dongHyeon/Function-hiding-IPE/build/bin/p-norm-ipe-test)
   n1: 13111648 0x228A36: NTL::BlockConstructFromVec(NTL::ZZ_p*, long, NTL::ZZ_p const*) (vec_ZZ_p.cpp:43)
    n0: 13111648 0x16C17C: void NTL::VecStrategy<true>::do_BlockConstructFromVec<NTL::ZZ_p>(NTL::ZZ_p*, long, NTL::ZZ_p const*) (in /home/reti/dongHyeon/Function-hiding-IPE/build/bin/p-norm-ipe-test)
 n0: 2420992 0x16B152: NTL::Vec<NTL::ZZ_p>::AllocateTo(long) (in /home/reti/dongHyeon/Function-hiding-IPE/build/bin/p-norm-ipe-test)
 n0: 38873 in 28 places, all below massif's threshold (1.00%)
#-----------
snapshot=48
#-----------
time=4281796961
mem_heap_B=14405617
mem_heap_extra_B=13575
mem_stacks_B=0
heap_tree=empty
#-----------
snapshot=49
#-----------
time=4383874694
mem_heap_B=14519405
mem_heap_extra_B=18915
mem_stacks_B=0
heap_tree=empty
#-----------
snapshot=50
#-----------
time=4433841717
mem_heap_B=14519645
mem_heap_extra_B=18987
mem_stacks_B=0
heap_tree=empty
#-----------
snapshot=51
#-----------
time=4487505565
mem_heap_B=14519645
mem_heap_extra_B=18987
mem_stacks_B=0
heap_tree=empty
#-----------
snapshot=52
#-----------
time=4541004910
mem_heap_B=14519645
mem_heap_extra_B=18987
mem_stacks_B=0
heap_tree=empty
#-----------
snapshot=53
#-----------
time=4594460808
mem_heap_B=14519645
mem_heap_extra_B=18987
mem_stacks_B=0
heap_tree=empty
#-----------
snapshot=54
#-----------
time=4647394428
mem_heap_B=14519645
mem_heap_extra_B=18987
mem_stacks_B=0
heap_tree=empty
#-----------
snapshot=55
#-----------
time=4699909322
mem_heap_B=14519885
mem_heap_extra_B=19059
mem_stacks_B=0
heap_tree=detailed
n3: 14519885 (heap allocation functions) malloc/new/new[], --alloc-fns, etc.
 n1: 13145616 0x20664E: _ntl_gblock_construct_alloc(_ntl_gbigint_body**, long, long) (lip.cpp:6279)
  n2: 13145616 0x228994: NTL::BasicBlockConstruct(NTL::ZZ_p*, long, long) (ZZ.h:1041)
   n1: 13128632 0x228A36: NTL::BlockConstructFromVec(NTL::ZZ_p*, long, NTL::ZZ_p const*) (vec_ZZ_p.cpp:43)
    n0: 13128632 0x16C17C: void NTL::VecStrategy<true>::do_BlockConstructFromVec<NTL::ZZ_p>(NTL::ZZ_p*, long, NTL::ZZ_p const*) (in /home/reti/dongHyeon/Function-hiding-IPE/build/bin/p-norm-ipe-test)
   n0: 16984 in 1 place, below massif's threshold (1.00%)
 n0: 1213632 0x16B152: NTL::Vec<NTL::ZZ_p>::AllocateTo(long) (in /home/reti/dongHyeon/Function-hiding-IPE/build/bin/p-norm-ipe-test)
 n0: 160637 in 55 places, all below massif's threshold (1.00%)
#-----------
snapshot=56
#-----------
time=4753015386
mem_heap_B=14519885
mem_heap_extra_B=19059
mem_stacks_B=0
heap_tree=empty
#-----------
snapshot=57
#-----------
time=4806921528
mem_heap_B=14519885
mem_heap_extra_B=19059
mem_stacks_B=0
heap_tree=empty
#-----------
snapshot=58
#-----------
time=4860753594
mem_heap_B=14519885
mem_heap_extra_B=19059
mem_stacks_B=0
heap_tree=empty
#-----------
snapshot=59
#-----------
time=4914322005
mem_heap_B=14519885
mem_heap_extra_B=19059
mem_stacks_B=0
heap_tree=empty
#-----------
snapshot=60
#-----------
time=4968376221
mem_heap_B=14519885
mem_heap_extra_B=19059
mem_stacks_B=0
heap_tree=empty
#-----------
snapshot=61
#-----------
time=5021800317
mem_heap_B=14520125
mem_heap_extra_B=19131
mem_stacks_B=0
heap_tree=empty
#-----------
snapshot=62
#-----------
time=5075851975
mem_heap_B=14520125
mem_heap_extra_B=19131
mem_stacks_B=0
heap_tree=empty
#-----------
snapshot=63
#-----------
time=5129436511
mem_heap_B=14520125
mem_heap_extra_B=19131
mem_stacks_B=0
heap_tree=empty
#-----------
snapshot=64
#-----------
time=5182982335
mem_heap_B=14520125
mem_heap_extra_B=19131
mem_stacks_B=0
heap_tree=empty
#-----------
snapshot=65
#-----------
time=5236808178
mem_heap_B=14520125
mem_heap_extra_B=19131
mem_stacks_B=0
heap_tree=detailed
n3: 14520125 (heap allocation functions) malloc/new/new[], --alloc-fns, etc.
 n1: 13145616 0x20664E: _ntl_gblock_construct_alloc(_ntl_gbigint_body**, long, long) (lip.cpp:6279)
  n2: 13145616 0x228994: NTL::BasicBlockConstruct(NTL::ZZ_p*, long, long) (ZZ.h:1041)
   n1: 13128632 0x228A36: NTL::BlockConstructFromVec(NTL::ZZ_p*, long, NTL::ZZ_p const*) (vec_ZZ_p.cpp:43)
    n0: 13128632 0x16C17C: void NTL::VecStrategy<true>::do_BlockConstructFromVec<NTL::ZZ_p>(NTL::ZZ_p*, long, NTL::ZZ_p const*) (in /home/reti/dongHyeon/Function-hiding-IPE/build/bin/p-norm-ipe-test)
   n0: 16984 in 1 place, below massif's threshold (1.00%)
 n0: 1213632 0x16B152: NTL::Vec<NTL::ZZ_p>::AllocateTo(long) (in /home/reti/dongHyeon/Function-hiding-IPE/build/bin/p-norm-ipe-test)
 n0: 160877 in 55 places, all below massif's threshold (1.00%)
#-----------
snapshot=66
#-----------
time=5289958259
mem_heap_B=14520125
mem_heap_extra_B=19131
mem_stacks_B=0
heap_tree=empty
#-----------
snapshot=67
#-----------
time=5343959325
mem_heap_B=14520125
mem_heap_extra_B=19131
mem_stacks_B=0
heap_tree=empty
#-----------
snapshot=68
#-----------
time=5393610310
mem_heap_B=14520125
mem_heap_extra_B=19131
mem_stacks_B=0
heap_tree=empty
#-----------
snapshot=69
#-----------
time=5446956480
mem_heap_B=14520125
mem_heap_extra_B=19131
mem_stacks_B=0
heap_tree=empty
#-----------
snapshot=70
#-----------
time=5497440629
mem_heap_B=14519885
mem_heap_extra_B=19059
mem_stacks_B=0
heap_tree=empty
#-----------
snapshot=71
#-----------
time=5550524118
mem_heap_B=14519885
mem_heap_extra_B=19059
mem_stacks_B=0
heap_tree=empty
#-----------
snapshot=72
#-----------
time=5604176479
mem_heap_B=14519885
mem_heap_extra_B=19059
mem_stacks_B=0
heap_tree=empty
#-----------
snapshot=73
#-----------
time=5657682478
mem_heap_B=14519885
mem_heap_extra_B=19059
mem_stacks_B=0
heap_tree=empty
#-----------
snapshot=74
#-----------
time=5710503709
mem_heap_B=14519885
mem_heap_extra_B=19067
mem_stacks_B=0
heap_tree=empty
#-----------
snapshot=75
#-----------
time=5764141692
mem_heap_B=14519885
mem_heap_extra_B=19067
mem_stacks_B=0
heap_tree=detailed
n3: 14519885 (heap allocation functions) malloc/new/new[], --alloc-fns, etc.
 n1: 13145616 0x20664E: _ntl_gblock_construct_alloc(_ntl_gbigint_body**, long, long) (lip.cpp:6279)
  n2: 13145616 0x228994: NTL::BasicBlockConstruct(NTL::ZZ_p*, long, long) (ZZ.h:1041)
   n1: 13128632 0x228A36: NTL::BlockConstructFromVec(NTL::ZZ_p*, long, NTL::ZZ_p const*) (vec_ZZ_p.cpp:43)
    n0: 13128632 0x16C17C: void NTL::VecStrategy<true>::do_BlockConstructFromVec<NTL::ZZ_p>(NTL::ZZ_p*, long, NTL::ZZ_p const*) (in /home/reti/dongHyeon/Function-hiding-IPE/build/bin/p-norm-ipe-test)
   n0: 16984 in 1 place, below massif's threshold (1.00%)
 n0: 1213632 0x16B152: NTL::Vec<NTL::ZZ_p>::AllocateTo(long) (in /home/reti/dongHyeon/Function-hiding-IPE/build/bin/p-norm-ipe-test)
 n0: 160637 in 55 places, all below massif's threshold (1.00%)
#-----------
snapshot=76
#-----------
time=5813617995
mem_heap_B=14519645
mem_heap_extra_B=18995
mem_stacks_B=0
heap_tree=empty
#-----------
snapshot=77
#-----------
time=5867046270
mem_heap_B=14519645
mem_heap_extra_B=18995
mem_stacks_B=0
heap_tree=empty
#-----------
snapshot=78
#-----------
time=5920222919
mem_heap_B=14519645
mem_heap_extra_B=18995
mem_stacks_B=0
heap_tree=empty
#-----------
snapshot=79
#-----------
time=5974134495
mem_heap_B=14519645
mem_heap_extra_B=18995
mem_stacks_B=0
heap_tree=empty
#-----------
snapshot=80
#-----------
time=6023594948
mem_heap_B=14519405
mem_heap_extra_B=18915
mem_stacks_B=0
heap_tree=empty
#-----------
snapshot=81
#-----------
time=6077443765
mem_heap_B=14519405
mem_heap_extra_B=18915
mem_stacks_B=0
heap_tree=empty
#-----------
snapshot=82
#-----------
time=6130618459
mem_heap_B=14519405
mem_heap_extra_B=18915
mem_stacks_B=0
heap_tree=empty
#-----------
snapshot=83
#-----------
time=6184481789
mem_heap_B=14519405
mem_heap_extra_B=18915
mem_stacks_B=0
heap_tree=empty
