desc: --massif-out-file=encrypt/memory-16-10-6.log
cmd: ./p-norm-ipe-test encrypt 16 10 6
time_unit: i
#-----------
snapshot=0
#-----------
time=0
mem_heap_B=0
mem_heap_extra_B=0
mem_stacks_B=0
heap_tree=empty
#-----------
snapshot=1
#-----------
time=11014893
mem_heap_B=32765
mem_heap_extra_B=771
mem_stacks_B=0
heap_tree=detailed
n7: 32765 (heap allocation functions) malloc/new/new[], --alloc-fns, etc.
 n0: 20224 0x48F4F42: ??? (in /usr/lib/arm-linux-gnueabihf/libstdc++.so.6.0.26)
 n1: 8192 0x493D6C6: std::basic_filebuf<char, std::char_traits<char> >::_M_allocate_internal_buffer() (in /usr/lib/arm-linux-gnueabihf/libstdc++.so.6.0.26)
  n1: 8192 0x493FFE2: std::basic_filebuf<char, std::char_traits<char> >::open(char const*, std::_Ios_Openmode) (in /usr/lib/arm-linux-gnueabihf/libstdc++.so.6.0.26)
   n0: 8192 0x49409EA: std::basic_ifstream<char, std::char_traits<char> >::basic_ifstream(std::__cxx11::basic_string<char, std::char_traits<char>, std::allocator<char> > const&, std::_Ios_Openmode) (in /usr/lib/arm-linux-gnueabihf/libstdc++.so.6.0.26)
 n0: 2700 0x24B812: __gmp_default_allocate (in /home/reti/dongHyeon/Function-hiding-IPE/build/bin/p-norm-ipe-test)
 n1: 520 0x4ADE1F0: __new_exitfn (cxa_atexit.c:114)
  n1: 520 0x4ADE264: __internal_atexit (cxa_atexit.c:44)
   n0: 520 0x251574: __libc_csu_init (in /home/reti/dongHyeon/Function-hiding-IPE/build/bin/p-norm-ipe-test)
 n1: 513 0x49658F2: std::__cxx11::basic_string<char, std::char_traits<char>, std::allocator<char> >::reserve(unsigned int) (in /usr/lib/arm-linux-gnueabihf/libstdc++.so.6.0.26)
  n0: 513 0x495D556: std::__cxx11::basic_stringbuf<char, std::char_traits<char>, std::allocator<char> >::overflow(int) (in /usr/lib/arm-linux-gnueabihf/libstdc++.so.6.0.26)
 n1: 352 0x4AFE6FA: __fopen_internal (iofopen.c:65)
  n1: 352 0x490F2C6: std::__basic_file<char>::open(char const*, std::_Ios_Openmode, int) (in /usr/lib/arm-linux-gnueabihf/libstdc++.so.6.0.26)
   n1: 352 0x493FFD4: std::basic_filebuf<char, std::char_traits<char> >::open(char const*, std::_Ios_Openmode) (in /usr/lib/arm-linux-gnueabihf/libstdc++.so.6.0.26)
    n0: 352 0x49409EA: std::basic_ifstream<char, std::char_traits<char> >::basic_ifstream(std::__cxx11::basic_string<char, std::char_traits<char>, std::allocator<char> > const&, std::_Ios_Openmode) (in /usr/lib/arm-linux-gnueabihf/libstdc++.so.6.0.26)
 n0: 264 in 7 places, all below massif's threshold (1.00%)
#-----------
snapshot=2
#-----------
time=18181972
mem_heap_B=30545
mem_heap_extra_B=743
mem_stacks_B=0
heap_tree=empty
#-----------
snapshot=3
#-----------
time=30674927
mem_heap_B=67729
mem_heap_extra_B=999
mem_stacks_B=0
heap_tree=empty
#-----------
snapshot=4
#-----------
time=39185779
mem_heap_B=97841
mem_heap_extra_B=1119
mem_stacks_B=0
heap_tree=empty
#-----------
snapshot=5
#-----------
time=48588893
mem_heap_B=135681
mem_heap_extra_B=1271
mem_stacks_B=0
heap_tree=detailed
n5: 135681 (heap allocation functions) malloc/new/new[], --alloc-fns, etc.
 n1: 94600 0x20664E: _ntl_gblock_construct_alloc(_ntl_gbigint_body**, long, long) (lip.cpp:6279)
  n2: 94600 0x228994: NTL::BasicBlockConstruct(NTL::ZZ_p*, long, long) (ZZ.h:1041)
   n1: 90200 0x228A36: NTL::BlockConstructFromVec(NTL::ZZ_p*, long, NTL::ZZ_p const*) (vec_ZZ_p.cpp:43)
    n0: 90200 0x16C17C: void NTL::VecStrategy<true>::do_BlockConstructFromVec<NTL::ZZ_p>(NTL::ZZ_p*, long, NTL::ZZ_p const*) (in /home/reti/dongHyeon/Function-hiding-IPE/build/bin/p-norm-ipe-test)
   n0: 4400 0x16C5A0: void NTL::VecStrategy<true>::do_BlockConstruct<NTL::ZZ_p>(NTL::ZZ_p*, long) (in /home/reti/dongHyeon/Function-hiding-IPE/build/bin/p-norm-ipe-test)
 n0: 20224 0x48F4F42: ??? (in /usr/lib/arm-linux-gnueabihf/libstdc++.so.6.0.26)
 n0: 8800 0x16B152: NTL::Vec<NTL::ZZ_p>::AllocateTo(long) (in /home/reti/dongHyeon/Function-hiding-IPE/build/bin/p-norm-ipe-test)
 n1: 8192 0x493D6C6: std::basic_filebuf<char, std::char_traits<char> >::_M_allocate_internal_buffer() (in /usr/lib/arm-linux-gnueabihf/libstdc++.so.6.0.26)
  n1: 8192 0x493FFE2: std::basic_filebuf<char, std::char_traits<char> >::open(char const*, std::_Ios_Openmode) (in /usr/lib/arm-linux-gnueabihf/libstdc++.so.6.0.26)
   n0: 8192 0x49409EA: std::basic_ifstream<char, std::char_traits<char> >::basic_ifstream(std::__cxx11::basic_string<char, std::char_traits<char>, std::allocator<char> > const&, std::_Ios_Openmode) (in /usr/lib/arm-linux-gnueabihf/libstdc++.so.6.0.26)
 n0: 3865 in 24 places, all below massif's threshold (1.00%)
#-----------
snapshot=6
#-----------
time=60464169
mem_heap_B=173081
mem_heap_extra_B=1423
mem_stacks_B=0
heap_tree=empty
#-----------
snapshot=7
#-----------
time=68746705
mem_heap_B=206961
mem_heap_extra_B=1559
mem_stacks_B=0
heap_tree=detailed
n5: 206961 (heap allocation functions) malloc/new/new[], --alloc-fns, etc.
 n1: 159544 0x20664E: _ntl_gblock_construct_alloc(_ntl_gbigint_body**, long, long) (lip.cpp:6279)
  n2: 159544 0x228994: NTL::BasicBlockConstruct(NTL::ZZ_p*, long, long) (ZZ.h:1041)
   n1: 155144 0x228A36: NTL::BlockConstructFromVec(NTL::ZZ_p*, long, NTL::ZZ_p const*) (vec_ZZ_p.cpp:43)
    n0: 155144 0x16C17C: void NTL::VecStrategy<true>::do_BlockConstructFromVec<NTL::ZZ_p>(NTL::ZZ_p*, long, NTL::ZZ_p const*) (in /home/reti/dongHyeon/Function-hiding-IPE/build/bin/p-norm-ipe-test)
   n0: 4400 0x16C5A0: void NTL::VecStrategy<true>::do_BlockConstruct<NTL::ZZ_p>(NTL::ZZ_p*, long) (in /home/reti/dongHyeon/Function-hiding-IPE/build/bin/p-norm-ipe-test)
 n0: 20224 0x48F4F42: ??? (in /usr/lib/arm-linux-gnueabihf/libstdc++.so.6.0.26)
 n0: 15136 0x16B152: NTL::Vec<NTL::ZZ_p>::AllocateTo(long) (in /home/reti/dongHyeon/Function-hiding-IPE/build/bin/p-norm-ipe-test)
 n1: 8192 0x493D6C6: std::basic_filebuf<char, std::char_traits<char> >::_M_allocate_internal_buffer() (in /usr/lib/arm-linux-gnueabihf/libstdc++.so.6.0.26)
  n1: 8192 0x493FFE2: std::basic_filebuf<char, std::char_traits<char> >::open(char const*, std::_Ios_Openmode) (in /usr/lib/arm-linux-gnueabihf/libstdc++.so.6.0.26)
   n0: 8192 0x49409EA: std::basic_ifstream<char, std::char_traits<char> >::basic_ifstream(std::__cxx11::basic_string<char, std::char_traits<char>, std::allocator<char> > const&, std::_Ios_Openmode) (in /usr/lib/arm-linux-gnueabihf/libstdc++.so.6.0.26)
 n0: 3865 in 24 places, all below massif's threshold (1.00%)
#-----------
snapshot=8
#-----------
time=77264700
mem_heap_B=232673
mem_heap_extra_B=1663
mem_stacks_B=0
heap_tree=empty
#-----------
snapshot=9
#-----------
time=87788558
mem_heap_B=274473
mem_heap_extra_B=1831
mem_stacks_B=0
heap_tree=detailed
n5: 274473 (heap allocation functions) malloc/new/new[], --alloc-fns, etc.
 n1: 220880 0x20664E: _ntl_gblock_construct_alloc(_ntl_gbigint_body**, long, long) (lip.cpp:6279)
  n2: 220880 0x228994: NTL::BasicBlockConstruct(NTL::ZZ_p*, long, long) (ZZ.h:1041)
   n1: 216480 0x228A36: NTL::BlockConstructFromVec(NTL::ZZ_p*, long, NTL::ZZ_p const*) (vec_ZZ_p.cpp:43)
    n0: 216480 0x16C17C: void NTL::VecStrategy<true>::do_BlockConstructFromVec<NTL::ZZ_p>(NTL::ZZ_p*, long, NTL::ZZ_p const*) (in /home/reti/dongHyeon/Function-hiding-IPE/build/bin/p-norm-ipe-test)
   n0: 4400 0x16C5A0: void NTL::VecStrategy<true>::do_BlockConstruct<NTL::ZZ_p>(NTL::ZZ_p*, long) (in /home/reti/dongHyeon/Function-hiding-IPE/build/bin/p-norm-ipe-test)
 n0: 21120 0x16B152: NTL::Vec<NTL::ZZ_p>::AllocateTo(long) (in /home/reti/dongHyeon/Function-hiding-IPE/build/bin/p-norm-ipe-test)
 n0: 20224 0x48F4F42: ??? (in /usr/lib/arm-linux-gnueabihf/libstdc++.so.6.0.26)
 n1: 8192 0x493D6C6: std::basic_filebuf<char, std::char_traits<char> >::_M_allocate_internal_buffer() (in /usr/lib/arm-linux-gnueabihf/libstdc++.so.6.0.26)
  n1: 8192 0x493FFE2: std::basic_filebuf<char, std::char_traits<char> >::open(char const*, std::_Ios_Openmode) (in /usr/lib/arm-linux-gnueabihf/libstdc++.so.6.0.26)
   n0: 8192 0x49409EA: std::basic_ifstream<char, std::char_traits<char> >::basic_ifstream(std::__cxx11::basic_string<char, std::char_traits<char>, std::allocator<char> > const&, std::_Ios_Openmode) (in /usr/lib/arm-linux-gnueabihf/libstdc++.so.6.0.26)
 n0: 4057 in 25 places, all below massif's threshold (1.00%)
#-----------
snapshot=10
#-----------
time=94504680
mem_heap_B=298233
mem_heap_extra_B=1927
mem_stacks_B=0
heap_tree=detailed
n5: 298233 (heap allocation functions) malloc/new/new[], --alloc-fns, etc.
 n1: 242528 0x20664E: _ntl_gblock_construct_alloc(_ntl_gbigint_body**, long, long) (lip.cpp:6279)
  n2: 242528 0x228994: NTL::BasicBlockConstruct(NTL::ZZ_p*, long, long) (ZZ.h:1041)
   n1: 238128 0x228A36: NTL::BlockConstructFromVec(NTL::ZZ_p*, long, NTL::ZZ_p const*) (vec_ZZ_p.cpp:43)
    n0: 238128 0x16C17C: void NTL::VecStrategy<true>::do_BlockConstructFromVec<NTL::ZZ_p>(NTL::ZZ_p*, long, NTL::ZZ_p const*) (in /home/reti/dongHyeon/Function-hiding-IPE/build/bin/p-norm-ipe-test)
   n0: 4400 0x16C5A0: void NTL::VecStrategy<true>::do_BlockConstruct<NTL::ZZ_p>(NTL::ZZ_p*, long) (in /home/reti/dongHyeon/Function-hiding-IPE/build/bin/p-norm-ipe-test)
 n0: 23232 0x16B152: NTL::Vec<NTL::ZZ_p>::AllocateTo(long) (in /home/reti/dongHyeon/Function-hiding-IPE/build/bin/p-norm-ipe-test)
 n0: 20224 0x48F4F42: ??? (in /usr/lib/arm-linux-gnueabihf/libstdc++.so.6.0.26)
 n1: 8192 0x493D6C6: std::basic_filebuf<char, std::char_traits<char> >::_M_allocate_internal_buffer() (in /usr/lib/arm-linux-gnueabihf/libstdc++.so.6.0.26)
  n1: 8192 0x493FFE2: std::basic_filebuf<char, std::char_traits<char> >::open(char const*, std::_Ios_Openmode) (in /usr/lib/arm-linux-gnueabihf/libstdc++.so.6.0.26)
   n0: 8192 0x49409EA: std::basic_ifstream<char, std::char_traits<char> >::basic_ifstream(std::__cxx11::basic_string<char, std::char_traits<char>, std::allocator<char> > const&, std::_Ios_Openmode) (in /usr/lib/arm-linux-gnueabihf/libstdc++.so.6.0.26)
 n0: 4057 in 25 places, all below massif's threshold (1.00%)
#-----------
snapshot=11
#-----------
time=105698470
mem_heap_B=337833
mem_heap_extra_B=2087
mem_stacks_B=0
heap_tree=detailed
n5: 337833 (heap allocation functions) malloc/new/new[], --alloc-fns, etc.
 n1: 278608 0x20664E: _ntl_gblock_construct_alloc(_ntl_gbigint_body**, long, long) (lip.cpp:6279)
  n2: 278608 0x228994: NTL::BasicBlockConstruct(NTL::ZZ_p*, long, long) (ZZ.h:1041)
   n1: 274208 0x228A36: NTL::BlockConstructFromVec(NTL::ZZ_p*, long, NTL::ZZ_p const*) (vec_ZZ_p.cpp:43)
    n0: 274208 0x16C17C: void NTL::VecStrategy<true>::do_BlockConstructFromVec<NTL::ZZ_p>(NTL::ZZ_p*, long, NTL::ZZ_p const*) (in /home/reti/dongHyeon/Function-hiding-IPE/build/bin/p-norm-ipe-test)
   n0: 4400 0x16C5A0: void NTL::VecStrategy<true>::do_BlockConstruct<NTL::ZZ_p>(NTL::ZZ_p*, long) (in /home/reti/dongHyeon/Function-hiding-IPE/build/bin/p-norm-ipe-test)
 n0: 26752 0x16B152: NTL::Vec<NTL::ZZ_p>::AllocateTo(long) (in /home/reti/dongHyeon/Function-hiding-IPE/build/bin/p-norm-ipe-test)
 n0: 20224 0x48F4F42: ??? (in /usr/lib/arm-linux-gnueabihf/libstdc++.so.6.0.26)
 n1: 8192 0x493D6C6: std::basic_filebuf<char, std::char_traits<char> >::_M_allocate_internal_buffer() (in /usr/lib/arm-linux-gnueabihf/libstdc++.so.6.0.26)
  n1: 8192 0x493FFE2: std::basic_filebuf<char, std::char_traits<char> >::open(char const*, std::_Ios_Openmode) (in /usr/lib/arm-linux-gnueabihf/libstdc++.so.6.0.26)
   n0: 8192 0x49409EA: std::basic_ifstream<char, std::char_traits<char> >::basic_ifstream(std::__cxx11::basic_string<char, std::char_traits<char>, std::allocator<char> > const&, std::_Ios_Openmode) (in /usr/lib/arm-linux-gnueabihf/libstdc++.so.6.0.26)
 n0: 4057 in 25 places, all below massif's threshold (1.00%)
#-----------
snapshot=12
#-----------
time=118527807
mem_heap_B=371433
mem_heap_extra_B=2231
mem_stacks_B=0
heap_tree=empty
#-----------
snapshot=13
#-----------
time=127487805
mem_heap_B=403113
mem_heap_extra_B=2359
mem_stacks_B=0
heap_tree=empty
#-----------
snapshot=14
#-----------
time=138684539
mem_heap_B=442713
mem_heap_extra_B=2519
mem_stacks_B=0
heap_tree=empty
#-----------
snapshot=15
#-----------
time=145403217
mem_heap_B=466473
mem_heap_extra_B=2615
mem_stacks_B=0
heap_tree=empty
#-----------
snapshot=16
#-----------
time=155484667
mem_heap_B=502113
mem_heap_extra_B=2759
mem_stacks_B=0
heap_tree=empty
#-----------
snapshot=17
#-----------
time=161087757
mem_heap_B=521913
mem_heap_extra_B=2839
mem_stacks_B=0
heap_tree=empty
#-----------
snapshot=18
#-----------
time=170042903
mem_heap_B=553593
mem_heap_extra_B=2967
mem_stacks_B=0
heap_tree=empty
#-----------
snapshot=19
#-----------
time=182364932
mem_heap_B=597345
mem_heap_extra_B=3143
mem_stacks_B=0
heap_tree=empty
#-----------
snapshot=20
#-----------
time=191324380
mem_heap_B=629025
mem_heap_extra_B=3271
mem_stacks_B=0
heap_tree=detailed
n5: 629025 (heap allocation functions) malloc/new/new[], --alloc-fns, etc.
 n1: 543400 0x20664E: _ntl_gblock_construct_alloc(_ntl_gbigint_body**, long, long) (lip.cpp:6279)
  n2: 543400 0x228994: NTL::BasicBlockConstruct(NTL::ZZ_p*, long, long) (ZZ.h:1041)
   n0: 298056 0x16C5A0: void NTL::VecStrategy<true>::do_BlockConstruct<NTL::ZZ_p>(NTL::ZZ_p*, long) (in /home/reti/dongHyeon/Function-hiding-IPE/build/bin/p-norm-ipe-test)
   n1: 245344 0x228A36: NTL::BlockConstructFromVec(NTL::ZZ_p*, long, NTL::ZZ_p const*) (vec_ZZ_p.cpp:43)
    n0: 245344 0x16C17C: void NTL::VecStrategy<true>::do_BlockConstructFromVec<NTL::ZZ_p>(NTL::ZZ_p*, long, NTL::ZZ_p const*) (in /home/reti/dongHyeon/Function-hiding-IPE/build/bin/p-norm-ipe-test)
 n0: 52800 0x16B152: NTL::Vec<NTL::ZZ_p>::AllocateTo(long) (in /home/reti/dongHyeon/Function-hiding-IPE/build/bin/p-norm-ipe-test)
 n0: 20224 0x48F4F42: ??? (in /usr/lib/arm-linux-gnueabihf/libstdc++.so.6.0.26)
 n1: 8192 0x493D6C6: std::basic_filebuf<char, std::char_traits<char> >::_M_allocate_internal_buffer() (in /usr/lib/arm-linux-gnueabihf/libstdc++.so.6.0.26)
  n1: 8192 0x493FFE2: std::basic_filebuf<char, std::char_traits<char> >::open(char const*, std::_Ios_Openmode) (in /usr/lib/arm-linux-gnueabihf/libstdc++.so.6.0.26)
   n0: 8192 0x49409EA: std::basic_ifstream<char, std::char_traits<char> >::basic_ifstream(std::__cxx11::basic_string<char, std::char_traits<char>, std::allocator<char> > const&, std::_Ios_Openmode) (in /usr/lib/arm-linux-gnueabihf/libstdc++.so.6.0.26)
 n0: 4409 in 25 places, all below massif's threshold (1.00%)
#-----------
snapshot=21
#-----------
time=199160758
mem_heap_B=656745
mem_heap_extra_B=3383
mem_stacks_B=0
heap_tree=empty
#-----------
snapshot=22
#-----------
time=209853712
mem_heap_B=1332441
mem_heap_extra_B=6143
mem_stacks_B=0
heap_tree=peak
n4: 1332441 (heap allocation functions) malloc/new/new[], --alloc-fns, etc.
 n1: 1183424 0x20664E: _ntl_gblock_construct_alloc(_ntl_gbigint_body**, long, long) (lip.cpp:6279)
  n2: 1183424 0x228994: NTL::BasicBlockConstruct(NTL::ZZ_p*, long, long) (ZZ.h:1041)
   n0: 591712 0x16C5A0: void NTL::VecStrategy<true>::do_BlockConstruct<NTL::ZZ_p>(NTL::ZZ_p*, long) (in /home/reti/dongHyeon/Function-hiding-IPE/build/bin/p-norm-ipe-test)
   n1: 591712 0x228A36: NTL::BlockConstructFromVec(NTL::ZZ_p*, long, NTL::ZZ_p const*) (vec_ZZ_p.cpp:43)
    n0: 591712 0x16C17C: void NTL::VecStrategy<true>::do_BlockConstructFromVec<NTL::ZZ_p>(NTL::ZZ_p*, long, NTL::ZZ_p const*) (in /home/reti/dongHyeon/Function-hiding-IPE/build/bin/p-norm-ipe-test)
 n0: 115456 0x16B152: NTL::Vec<NTL::ZZ_p>::AllocateTo(long) (in /home/reti/dongHyeon/Function-hiding-IPE/build/bin/p-norm-ipe-test)
 n0: 20224 0x48F4F42: ??? (in /usr/lib/arm-linux-gnueabihf/libstdc++.so.6.0.26)
 n0: 13337 in 27 places, all below massif's threshold (1.00%)
#-----------
snapshot=23
#-----------
time=214805696
mem_heap_B=678281
mem_heap_extra_B=3815
mem_stacks_B=0
heap_tree=empty
#-----------
snapshot=24
#-----------
time=225598229
mem_heap_B=712293
mem_heap_extra_B=4995
mem_stacks_B=0
heap_tree=empty
#-----------
snapshot=25
#-----------
time=244501215
mem_heap_B=712297
mem_heap_extra_B=5007
mem_stacks_B=0
heap_tree=empty
#-----------
snapshot=26
#-----------
time=254353022
mem_heap_B=712501
mem_heap_extra_B=5059
mem_stacks_B=0
heap_tree=detailed
n5: 712501 (heap allocation functions) malloc/new/new[], --alloc-fns, etc.
 n1: 598928 0x20664E: _ntl_gblock_construct_alloc(_ntl_gbigint_body**, long, long) (lip.cpp:6279)
  n2: 598928 0x228994: NTL::BasicBlockConstruct(NTL::ZZ_p*, long, long) (ZZ.h:1041)
   n1: 595320 0x228A36: NTL::BlockConstructFromVec(NTL::ZZ_p*, long, NTL::ZZ_p const*) (vec_ZZ_p.cpp:43)
    n0: 595320 0x16C17C: void NTL::VecStrategy<true>::do_BlockConstructFromVec<NTL::ZZ_p>(NTL::ZZ_p*, long, NTL::ZZ_p const*) (in /home/reti/dongHyeon/Function-hiding-IPE/build/bin/p-norm-ipe-test)
   n0: 3608 in 1 place, below massif's threshold (1.00%)
 n0: 58432 0x16B152: NTL::Vec<NTL::ZZ_p>::AllocateTo(long) (in /home/reti/dongHyeon/Function-hiding-IPE/build/bin/p-norm-ipe-test)
 n0: 23616 0x16AEC4: mcl::Array<mcl::EcT<mcl::Fp2T<mcl::FpT<mcl::bn::local::FpTag, 384u> > > >::resize(unsigned int) (in /home/reti/dongHyeon/Function-hiding-IPE/build/bin/p-norm-ipe-test)
 n0: 20224 0x48F4F42: ??? (in /usr/lib/arm-linux-gnueabihf/libstdc++.so.6.0.26)
 n0: 11301 in 53 places, all below massif's threshold (1.00%)
#-----------
snapshot=27
#-----------
time=264247252
mem_heap_B=712501
mem_heap_extra_B=5059
mem_stacks_B=0
heap_tree=empty
#-----------
snapshot=28
#-----------
time=274012468
mem_heap_B=712501
mem_heap_extra_B=5059
mem_stacks_B=0
heap_tree=empty
#-----------
snapshot=29
#-----------
time=283582632
mem_heap_B=712501
mem_heap_extra_B=5059
mem_stacks_B=0
heap_tree=empty
#-----------
snapshot=30
#-----------
time=293503222
mem_heap_B=712501
mem_heap_extra_B=5059
mem_stacks_B=0
heap_tree=empty
#-----------
snapshot=31
#-----------
time=298513526
mem_heap_B=712501
mem_heap_extra_B=5059
mem_stacks_B=0
heap_tree=empty
#-----------
snapshot=32
#-----------
time=308264852
mem_heap_B=712501
mem_heap_extra_B=5059
mem_stacks_B=0
heap_tree=empty
#-----------
snapshot=33
#-----------
time=317806119
mem_heap_B=712501
mem_heap_extra_B=5059
mem_stacks_B=0
heap_tree=empty
#-----------
snapshot=34
#-----------
time=322608518
mem_heap_B=712501
mem_heap_extra_B=5059
mem_stacks_B=0
heap_tree=empty
#-----------
snapshot=35
#-----------
time=332002665
mem_heap_B=712501
mem_heap_extra_B=5059
mem_stacks_B=0
heap_tree=empty
#-----------
snapshot=36
#-----------
time=341993464
mem_heap_B=712501
mem_heap_extra_B=5059
mem_stacks_B=0
heap_tree=empty
#-----------
snapshot=37
#-----------
time=349572754
mem_heap_B=712501
mem_heap_extra_B=5059
mem_stacks_B=0
heap_tree=detailed
n5: 712501 (heap allocation functions) malloc/new/new[], --alloc-fns, etc.
 n1: 598928 0x20664E: _ntl_gblock_construct_alloc(_ntl_gbigint_body**, long, long) (lip.cpp:6279)
  n2: 598928 0x228994: NTL::BasicBlockConstruct(NTL::ZZ_p*, long, long) (ZZ.h:1041)
   n1: 595320 0x228A36: NTL::BlockConstructFromVec(NTL::ZZ_p*, long, NTL::ZZ_p const*) (vec_ZZ_p.cpp:43)
    n0: 595320 0x16C17C: void NTL::VecStrategy<true>::do_BlockConstructFromVec<NTL::ZZ_p>(NTL::ZZ_p*, long, NTL::ZZ_p const*) (in /home/reti/dongHyeon/Function-hiding-IPE/build/bin/p-norm-ipe-test)
   n0: 3608 in 1 place, below massif's threshold (1.00%)
 n0: 58432 0x16B152: NTL::Vec<NTL::ZZ_p>::AllocateTo(long) (in /home/reti/dongHyeon/Function-hiding-IPE/build/bin/p-norm-ipe-test)
 n0: 23616 0x16AEC4: mcl::Array<mcl::EcT<mcl::Fp2T<mcl::FpT<mcl::bn::local::FpTag, 384u> > > >::resize(unsigned int) (in /home/reti/dongHyeon/Function-hiding-IPE/build/bin/p-norm-ipe-test)
 n0: 20224 0x48F4F42: ??? (in /usr/lib/arm-linux-gnueabihf/libstdc++.so.6.0.26)
 n0: 11301 in 53 places, all below massif's threshold (1.00%)
#-----------
snapshot=38
#-----------
time=359569114
mem_heap_B=712501
mem_heap_extra_B=5059
mem_stacks_B=0
heap_tree=empty
#-----------
snapshot=39
#-----------
time=369278289
mem_heap_B=712501
mem_heap_extra_B=5059
mem_stacks_B=0
heap_tree=empty
#-----------
snapshot=40
#-----------
time=374346638
mem_heap_B=712501
mem_heap_extra_B=5059
mem_stacks_B=0
heap_tree=empty
#-----------
snapshot=41
#-----------
time=384153702
mem_heap_B=712501
mem_heap_extra_B=5059
mem_stacks_B=0
heap_tree=empty
#-----------
snapshot=42
#-----------
time=393767928
mem_heap_B=712501
mem_heap_extra_B=5059
mem_stacks_B=0
heap_tree=empty
#-----------
snapshot=43
#-----------
time=403287727
mem_heap_B=712501
mem_heap_extra_B=5059
mem_stacks_B=0
heap_tree=empty
#-----------
snapshot=44
#-----------
time=408162941
mem_heap_B=712501
mem_heap_extra_B=5059
mem_stacks_B=0
heap_tree=empty
#-----------
snapshot=45
#-----------
time=416933599
mem_heap_B=712537
mem_heap_extra_B=5079
mem_stacks_B=0
heap_tree=empty
#-----------
snapshot=46
#-----------
time=421968158
mem_heap_B=712741
mem_heap_extra_B=5131
mem_stacks_B=0
heap_tree=empty
#-----------
snapshot=47
#-----------
time=431747314
mem_heap_B=712741
mem_heap_extra_B=5131
mem_stacks_B=0
heap_tree=empty
#-----------
snapshot=48
#-----------
time=436674311
mem_heap_B=712741
mem_heap_extra_B=5131
mem_stacks_B=0
heap_tree=empty
#-----------
snapshot=49
#-----------
time=446332211
mem_heap_B=712741
mem_heap_extra_B=5131
mem_stacks_B=0
heap_tree=detailed
n5: 712741 (heap allocation functions) malloc/new/new[], --alloc-fns, etc.
 n1: 598928 0x20664E: _ntl_gblock_construct_alloc(_ntl_gbigint_body**, long, long) (lip.cpp:6279)
  n2: 598928 0x228994: NTL::BasicBlockConstruct(NTL::ZZ_p*, long, long) (ZZ.h:1041)
   n1: 595320 0x228A36: NTL::BlockConstructFromVec(NTL::ZZ_p*, long, NTL::ZZ_p const*) (vec_ZZ_p.cpp:43)
    n0: 595320 0x16C17C: void NTL::VecStrategy<true>::do_BlockConstructFromVec<NTL::ZZ_p>(NTL::ZZ_p*, long, NTL::ZZ_p const*) (in /home/reti/dongHyeon/Function-hiding-IPE/build/bin/p-norm-ipe-test)
   n0: 3608 in 1 place, below massif's threshold (1.00%)
 n0: 58432 0x16B152: NTL::Vec<NTL::ZZ_p>::AllocateTo(long) (in /home/reti/dongHyeon/Function-hiding-IPE/build/bin/p-norm-ipe-test)
 n0: 23616 0x16AEC4: mcl::Array<mcl::EcT<mcl::Fp2T<mcl::FpT<mcl::bn::local::FpTag, 384u> > > >::resize(unsigned int) (in /home/reti/dongHyeon/Function-hiding-IPE/build/bin/p-norm-ipe-test)
 n0: 20224 0x48F4F42: ??? (in /usr/lib/arm-linux-gnueabihf/libstdc++.so.6.0.26)
 n0: 11541 in 53 places, all below massif's threshold (1.00%)
#-----------
snapshot=50
#-----------
time=451150191
mem_heap_B=712741
mem_heap_extra_B=5131
mem_stacks_B=0
heap_tree=empty
#-----------
snapshot=51
#-----------
time=456122190
mem_heap_B=712741
mem_heap_extra_B=5131
mem_stacks_B=0
heap_tree=empty
#-----------
snapshot=52
#-----------
time=461097142
mem_heap_B=712741
mem_heap_extra_B=5131
mem_stacks_B=0
heap_tree=empty
#-----------
snapshot=53
#-----------
time=465928716
mem_heap_B=712601
mem_heap_extra_B=5095
mem_stacks_B=0
heap_tree=empty
#-----------
snapshot=54
#-----------
time=470777036
mem_heap_B=712741
mem_heap_extra_B=5131
mem_stacks_B=0
heap_tree=empty
#-----------
snapshot=55
#-----------
time=475697325
mem_heap_B=712741
mem_heap_extra_B=5131
mem_stacks_B=0
heap_tree=empty
#-----------
snapshot=56
#-----------
time=480633894
mem_heap_B=712741
mem_heap_extra_B=5131
mem_stacks_B=0
heap_tree=empty
#-----------
snapshot=57
#-----------
time=485438482
mem_heap_B=712793
mem_heap_extra_B=5167
mem_stacks_B=0
heap_tree=empty
#-----------
snapshot=58
#-----------
time=490282252
mem_heap_B=712741
mem_heap_extra_B=5131
mem_stacks_B=0
heap_tree=empty
#-----------
snapshot=59
#-----------
time=495094757
mem_heap_B=712741
mem_heap_extra_B=5131
mem_stacks_B=0
heap_tree=detailed
n5: 712741 (heap allocation functions) malloc/new/new[], --alloc-fns, etc.
 n1: 598928 0x20664E: _ntl_gblock_construct_alloc(_ntl_gbigint_body**, long, long) (lip.cpp:6279)
  n2: 598928 0x228994: NTL::BasicBlockConstruct(NTL::ZZ_p*, long, long) (ZZ.h:1041)
   n1: 595320 0x228A36: NTL::BlockConstructFromVec(NTL::ZZ_p*, long, NTL::ZZ_p const*) (vec_ZZ_p.cpp:43)
    n0: 595320 0x16C17C: void NTL::VecStrategy<true>::do_BlockConstructFromVec<NTL::ZZ_p>(NTL::ZZ_p*, long, NTL::ZZ_p const*) (in /home/reti/dongHyeon/Function-hiding-IPE/build/bin/p-norm-ipe-test)
   n0: 3608 in 1 place, below massif's threshold (1.00%)
 n0: 58432 0x16B152: NTL::Vec<NTL::ZZ_p>::AllocateTo(long) (in /home/reti/dongHyeon/Function-hiding-IPE/build/bin/p-norm-ipe-test)
 n0: 23616 0x16AEC4: mcl::Array<mcl::EcT<mcl::Fp2T<mcl::FpT<mcl::bn::local::FpTag, 384u> > > >::resize(unsigned int) (in /home/reti/dongHyeon/Function-hiding-IPE/build/bin/p-norm-ipe-test)
 n0: 20224 0x48F4F42: ??? (in /usr/lib/arm-linux-gnueabihf/libstdc++.so.6.0.26)
 n0: 11541 in 53 places, all below massif's threshold (1.00%)
#-----------
snapshot=60
#-----------
time=499996129
mem_heap_B=712741
mem_heap_extra_B=5131
mem_stacks_B=0
heap_tree=empty
#-----------
snapshot=61
#-----------
time=505005220
mem_heap_B=712741
mem_heap_extra_B=5131
mem_stacks_B=0
heap_tree=empty
#-----------
snapshot=62
#-----------
time=510034761
mem_heap_B=712741
mem_heap_extra_B=5131
mem_stacks_B=0
heap_tree=empty
#-----------
snapshot=63
#-----------
time=514858585
mem_heap_B=712741
mem_heap_extra_B=5131
mem_stacks_B=0
heap_tree=empty
#-----------
snapshot=64
#-----------
time=519811589
mem_heap_B=712741
mem_heap_extra_B=5131
mem_stacks_B=0
heap_tree=empty
#-----------
snapshot=65
#-----------
time=528279560
mem_heap_B=712501
mem_heap_extra_B=5059
mem_stacks_B=0
heap_tree=empty
#-----------
snapshot=66
#-----------
time=533146171
mem_heap_B=712501
mem_heap_extra_B=5059
mem_stacks_B=0
heap_tree=empty
#-----------
snapshot=67
#-----------
time=538152915
mem_heap_B=712501
mem_heap_extra_B=5059
mem_stacks_B=0
heap_tree=empty
#-----------
snapshot=68
#-----------
time=543018933
mem_heap_B=712501
mem_heap_extra_B=5059
mem_stacks_B=0
heap_tree=empty
#-----------
snapshot=69
#-----------
time=547888196
mem_heap_B=712501
mem_heap_extra_B=5059
mem_stacks_B=0
heap_tree=detailed
n5: 712501 (heap allocation functions) malloc/new/new[], --alloc-fns, etc.
 n1: 598928 0x20664E: _ntl_gblock_construct_alloc(_ntl_gbigint_body**, long, long) (lip.cpp:6279)
  n2: 598928 0x228994: NTL::BasicBlockConstruct(NTL::ZZ_p*, long, long) (ZZ.h:1041)
   n1: 595320 0x228A36: NTL::BlockConstructFromVec(NTL::ZZ_p*, long, NTL::ZZ_p const*) (vec_ZZ_p.cpp:43)
    n0: 595320 0x16C17C: void NTL::VecStrategy<true>::do_BlockConstructFromVec<NTL::ZZ_p>(NTL::ZZ_p*, long, NTL::ZZ_p const*) (in /home/reti/dongHyeon/Function-hiding-IPE/build/bin/p-norm-ipe-test)
   n0: 3608 in 1 place, below massif's threshold (1.00%)
 n0: 58432 0x16B152: NTL::Vec<NTL::ZZ_p>::AllocateTo(long) (in /home/reti/dongHyeon/Function-hiding-IPE/build/bin/p-norm-ipe-test)
 n0: 23616 0x16AEC4: mcl::Array<mcl::EcT<mcl::Fp2T<mcl::FpT<mcl::bn::local::FpTag, 384u> > > >::resize(unsigned int) (in /home/reti/dongHyeon/Function-hiding-IPE/build/bin/p-norm-ipe-test)
 n0: 20224 0x48F4F42: ??? (in /usr/lib/arm-linux-gnueabihf/libstdc++.so.6.0.26)
 n0: 11301 in 53 places, all below massif's threshold (1.00%)
#-----------
snapshot=70
#-----------
time=555568501
mem_heap_B=712501
mem_heap_extra_B=5059
mem_stacks_B=0
heap_tree=empty
#-----------
snapshot=71
#-----------
time=560371056
mem_heap_B=712713
mem_heap_extra_B=5103
mem_stacks_B=0
heap_tree=empty
#-----------
snapshot=72
#-----------
time=569744009
mem_heap_B=712501
mem_heap_extra_B=5059
mem_stacks_B=0
heap_tree=empty
#-----------
snapshot=73
#-----------
time=574574568
mem_heap_B=712501
mem_heap_extra_B=5059
mem_stacks_B=0
heap_tree=empty
#-----------
snapshot=74
#-----------
time=579470045
mem_heap_B=712501
mem_heap_extra_B=5059
mem_stacks_B=0
heap_tree=empty
#-----------
snapshot=75
#-----------
time=584397325
mem_heap_B=712501
mem_heap_extra_B=5059
mem_stacks_B=0
heap_tree=empty
#-----------
snapshot=76
#-----------
time=589501591
mem_heap_B=712501
mem_heap_extra_B=5059
mem_stacks_B=0
heap_tree=empty
#-----------
snapshot=77
#-----------
time=594412530
mem_heap_B=712501
mem_heap_extra_B=5059
mem_stacks_B=0
heap_tree=empty
#-----------
snapshot=78
#-----------
time=599214959
mem_heap_B=712293
mem_heap_extra_B=4995
mem_stacks_B=0
heap_tree=empty
#-----------
snapshot=79
#-----------
time=604136334
mem_heap_B=712501
mem_heap_extra_B=5059
mem_stacks_B=0
heap_tree=detailed
n5: 712501 (heap allocation functions) malloc/new/new[], --alloc-fns, etc.
 n1: 598928 0x20664E: _ntl_gblock_construct_alloc(_ntl_gbigint_body**, long, long) (lip.cpp:6279)
  n2: 598928 0x228994: NTL::BasicBlockConstruct(NTL::ZZ_p*, long, long) (ZZ.h:1041)
   n1: 595320 0x228A36: NTL::BlockConstructFromVec(NTL::ZZ_p*, long, NTL::ZZ_p const*) (vec_ZZ_p.cpp:43)
    n0: 595320 0x16C17C: void NTL::VecStrategy<true>::do_BlockConstructFromVec<NTL::ZZ_p>(NTL::ZZ_p*, long, NTL::ZZ_p const*) (in /home/reti/dongHyeon/Function-hiding-IPE/build/bin/p-norm-ipe-test)
   n0: 3608 in 1 place, below massif's threshold (1.00%)
 n0: 58432 0x16B152: NTL::Vec<NTL::ZZ_p>::AllocateTo(long) (in /home/reti/dongHyeon/Function-hiding-IPE/build/bin/p-norm-ipe-test)
 n0: 23616 0x16AEC4: mcl::Array<mcl::EcT<mcl::Fp2T<mcl::FpT<mcl::bn::local::FpTag, 384u> > > >::resize(unsigned int) (in /home/reti/dongHyeon/Function-hiding-IPE/build/bin/p-norm-ipe-test)
 n0: 20224 0x48F4F42: ??? (in /usr/lib/arm-linux-gnueabihf/libstdc++.so.6.0.26)
 n0: 11301 in 53 places, all below massif's threshold (1.00%)
#-----------
snapshot=80
#-----------
time=608977520
mem_heap_B=712501
mem_heap_extra_B=5059
mem_stacks_B=0
heap_tree=empty
#-----------
snapshot=81
#-----------
time=613868737
mem_heap_B=712501
mem_heap_extra_B=5059
mem_stacks_B=0
heap_tree=empty
#-----------
snapshot=82
#-----------
time=618741128
mem_heap_B=712361
mem_heap_extra_B=5023
mem_stacks_B=0
heap_tree=empty
#-----------
snapshot=83
#-----------
time=623691027
mem_heap_B=712501
mem_heap_extra_B=5059
mem_stacks_B=0
heap_tree=empty
#-----------
snapshot=84
#-----------
time=628651933
mem_heap_B=712501
mem_heap_extra_B=5059
mem_stacks_B=0
heap_tree=empty
#-----------
snapshot=85
#-----------
time=633670297
mem_heap_B=712501
mem_heap_extra_B=5059
mem_stacks_B=0
heap_tree=empty
#-----------
snapshot=86
#-----------
time=638476836
mem_heap_B=712361
mem_heap_extra_B=5023
mem_stacks_B=0
heap_tree=empty
#-----------
snapshot=87
#-----------
time=647782291
mem_heap_B=712501
mem_heap_extra_B=5059
mem_stacks_B=0
heap_tree=empty
#-----------
snapshot=88
#-----------
time=652585328
mem_heap_B=645073
mem_heap_extra_B=4791
mem_stacks_B=0
heap_tree=empty
