desc: --massif-out-file=encrypt/memory-8-10-10.log
cmd: ./p-norm-ipe-test encrypt 8 10 10
time_unit: i
#-----------
snapshot=0
#-----------
time=0
mem_heap_B=0
mem_heap_extra_B=0
mem_stacks_B=0
heap_tree=empty
#-----------
snapshot=1
#-----------
time=3488689
mem_heap_B=32733
mem_heap_extra_B=771
mem_stacks_B=0
heap_tree=empty
#-----------
snapshot=2
#-----------
time=11013934
mem_heap_B=32733
mem_heap_extra_B=771
mem_stacks_B=0
heap_tree=detailed
n7: 32733 (heap allocation functions) malloc/new/new[], --alloc-fns, etc.
 n0: 20224 0x48F4F42: ??? (in /usr/lib/arm-linux-gnueabihf/libstdc++.so.6.0.26)
 n1: 8192 0x493D6C6: std::basic_filebuf<char, std::char_traits<char> >::_M_allocate_internal_buffer() (in /usr/lib/arm-linux-gnueabihf/libstdc++.so.6.0.26)
  n1: 8192 0x493FFE2: std::basic_filebuf<char, std::char_traits<char> >::open(char const*, std::_Ios_Openmode) (in /usr/lib/arm-linux-gnueabihf/libstdc++.so.6.0.26)
   n0: 8192 0x49409EA: std::basic_ifstream<char, std::char_traits<char> >::basic_ifstream(std::__cxx11::basic_string<char, std::char_traits<char>, std::allocator<char> > const&, std::_Ios_Openmode) (in /usr/lib/arm-linux-gnueabihf/libstdc++.so.6.0.26)
 n0: 2700 0x24B812: __gmp_default_allocate (in /home/reti/dongHyeon/Function-hiding-IPE/build/bin/p-norm-ipe-test)
 n1: 520 0x4ADE1F0: __new_exitfn (cxa_atexit.c:114)
  n1: 520 0x4ADE264: __internal_atexit (cxa_atexit.c:44)
   n0: 520 0x251574: __libc_csu_init (in /home/reti/dongHyeon/Function-hiding-IPE/build/bin/p-norm-ipe-test)
 n1: 513 0x49658F2: std::__cxx11::basic_string<char, std::char_traits<char>, std::allocator<char> >::reserve(unsigned int) (in /usr/lib/arm-linux-gnueabihf/libstdc++.so.6.0.26)
  n0: 513 0x495D556: std::__cxx11::basic_stringbuf<char, std::char_traits<char>, std::allocator<char> >::overflow(int) (in /usr/lib/arm-linux-gnueabihf/libstdc++.so.6.0.26)
 n1: 352 0x4AFE6FA: __fopen_internal (iofopen.c:65)
  n1: 352 0x490F2C6: std::__basic_file<char>::open(char const*, std::_Ios_Openmode, int) (in /usr/lib/arm-linux-gnueabihf/libstdc++.so.6.0.26)
   n1: 352 0x493FFD4: std::basic_filebuf<char, std::char_traits<char> >::open(char const*, std::_Ios_Openmode) (in /usr/lib/arm-linux-gnueabihf/libstdc++.so.6.0.26)
    n0: 352 0x49409EA: std::basic_ifstream<char, std::char_traits<char> >::basic_ifstream(std::__cxx11::basic_string<char, std::char_traits<char>, std::allocator<char> > const&, std::_Ios_Openmode) (in /usr/lib/arm-linux-gnueabihf/libstdc++.so.6.0.26)
 n0: 232 in 7 places, all below massif's threshold (1.00%)
#-----------
snapshot=3
#-----------
time=18181009
mem_heap_B=30513
mem_heap_extra_B=743
mem_stacks_B=0
heap_tree=empty
#-----------
snapshot=4
#-----------
time=25315454
mem_heap_B=48753
mem_heap_extra_B=927
mem_stacks_B=0
heap_tree=empty
#-----------
snapshot=5
#-----------
time=32728425
mem_heap_B=74969
mem_heap_extra_B=1047
mem_stacks_B=0
heap_tree=empty
#-----------
snapshot=6
#-----------
time=42507971
mem_heap_B=109545
mem_heap_extra_B=1199
mem_stacks_B=0
heap_tree=empty
#-----------
snapshot=7
#-----------
time=47565833
mem_heap_B=127425
mem_heap_extra_B=1279
mem_stacks_B=0
heap_tree=empty
#-----------
snapshot=8
#-----------
time=54977745
mem_heap_B=158233
mem_heap_extra_B=1415
mem_stacks_B=0
heap_tree=detailed
n5: 158233 (heap allocation functions) malloc/new/new[], --alloc-fns, etc.
 n1: 115104 0x20664E: _ntl_gblock_construct_alloc(_ntl_gbigint_body**, long, long) (lip.cpp:6279)
  n2: 115104 0x228994: NTL::BasicBlockConstruct(NTL::ZZ_p*, long, long) (ZZ.h:1041)
   n1: 110704 0x228A36: NTL::BlockConstructFromVec(NTL::ZZ_p*, long, NTL::ZZ_p const*) (vec_ZZ_p.cpp:43)
    n0: 110704 0x16C17C: void NTL::VecStrategy<true>::do_BlockConstructFromVec<NTL::ZZ_p>(NTL::ZZ_p*, long, NTL::ZZ_p const*) (in /home/reti/dongHyeon/Function-hiding-IPE/build/bin/p-norm-ipe-test)
   n0: 4400 0x16C5A0: void NTL::VecStrategy<true>::do_BlockConstruct<NTL::ZZ_p>(NTL::ZZ_p*, long) (in /home/reti/dongHyeon/Function-hiding-IPE/build/bin/p-norm-ipe-test)
 n0: 20224 0x48F4F42: ??? (in /usr/lib/arm-linux-gnueabihf/libstdc++.so.6.0.26)
 n0: 10880 0x16B152: NTL::Vec<NTL::ZZ_p>::AllocateTo(long) (in /home/reti/dongHyeon/Function-hiding-IPE/build/bin/p-norm-ipe-test)
 n1: 8192 0x493D6C6: std::basic_filebuf<char, std::char_traits<char> >::_M_allocate_internal_buffer() (in /usr/lib/arm-linux-gnueabihf/libstdc++.so.6.0.26)
  n1: 8192 0x493FFE2: std::basic_filebuf<char, std::char_traits<char> >::open(char const*, std::_Ios_Openmode) (in /usr/lib/arm-linux-gnueabihf/libstdc++.so.6.0.26)
   n0: 8192 0x49409EA: std::basic_ifstream<char, std::char_traits<char> >::basic_ifstream(std::__cxx11::basic_string<char, std::char_traits<char>, std::allocator<char> > const&, std::_Ios_Openmode) (in /usr/lib/arm-linux-gnueabihf/libstdc++.so.6.0.26)
 n0: 3833 in 24 places, all below massif's threshold (1.00%)
#-----------
snapshot=9
#-----------
time=60034143
mem_heap_B=176113
mem_heap_extra_B=1495
mem_stacks_B=0
heap_tree=detailed
n5: 176113 (heap allocation functions) malloc/new/new[], --alloc-fns, etc.
 n1: 131384 0x20664E: _ntl_gblock_construct_alloc(_ntl_gbigint_body**, long, long) (lip.cpp:6279)
  n2: 131384 0x228994: NTL::BasicBlockConstruct(NTL::ZZ_p*, long, long) (ZZ.h:1041)
   n1: 126984 0x228A36: NTL::BlockConstructFromVec(NTL::ZZ_p*, long, NTL::ZZ_p const*) (vec_ZZ_p.cpp:43)
    n0: 126984 0x16C17C: void NTL::VecStrategy<true>::do_BlockConstructFromVec<NTL::ZZ_p>(NTL::ZZ_p*, long, NTL::ZZ_p const*) (in /home/reti/dongHyeon/Function-hiding-IPE/build/bin/p-norm-ipe-test)
   n0: 4400 0x16C5A0: void NTL::VecStrategy<true>::do_BlockConstruct<NTL::ZZ_p>(NTL::ZZ_p*, long) (in /home/reti/dongHyeon/Function-hiding-IPE/build/bin/p-norm-ipe-test)
 n0: 20224 0x48F4F42: ??? (in /usr/lib/arm-linux-gnueabihf/libstdc++.so.6.0.26)
 n0: 12480 0x16B152: NTL::Vec<NTL::ZZ_p>::AllocateTo(long) (in /home/reti/dongHyeon/Function-hiding-IPE/build/bin/p-norm-ipe-test)
 n1: 8192 0x493D6C6: std::basic_filebuf<char, std::char_traits<char> >::_M_allocate_internal_buffer() (in /usr/lib/arm-linux-gnueabihf/libstdc++.so.6.0.26)
  n1: 8192 0x493FFE2: std::basic_filebuf<char, std::char_traits<char> >::open(char const*, std::_Ios_Openmode) (in /usr/lib/arm-linux-gnueabihf/libstdc++.so.6.0.26)
   n0: 8192 0x49409EA: std::basic_ifstream<char, std::char_traits<char> >::basic_ifstream(std::__cxx11::basic_string<char, std::char_traits<char>, std::allocator<char> > const&, std::_Ios_Openmode) (in /usr/lib/arm-linux-gnueabihf/libstdc++.so.6.0.26)
 n0: 3833 in 24 places, all below massif's threshold (1.00%)
#-----------
snapshot=10
#-----------
time=70145755
mem_heap_B=211873
mem_heap_extra_B=1655
mem_stacks_B=0
heap_tree=detailed
n5: 211873 (heap allocation functions) malloc/new/new[], --alloc-fns, etc.
 n1: 163944 0x20664E: _ntl_gblock_construct_alloc(_ntl_gbigint_body**, long, long) (lip.cpp:6279)
  n2: 163944 0x228994: NTL::BasicBlockConstruct(NTL::ZZ_p*, long, long) (ZZ.h:1041)
   n1: 159544 0x228A36: NTL::BlockConstructFromVec(NTL::ZZ_p*, long, NTL::ZZ_p const*) (vec_ZZ_p.cpp:43)
    n0: 159544 0x16C17C: void NTL::VecStrategy<true>::do_BlockConstructFromVec<NTL::ZZ_p>(NTL::ZZ_p*, long, NTL::ZZ_p const*) (in /home/reti/dongHyeon/Function-hiding-IPE/build/bin/p-norm-ipe-test)
   n0: 4400 0x16C5A0: void NTL::VecStrategy<true>::do_BlockConstruct<NTL::ZZ_p>(NTL::ZZ_p*, long) (in /home/reti/dongHyeon/Function-hiding-IPE/build/bin/p-norm-ipe-test)
 n0: 20224 0x48F4F42: ??? (in /usr/lib/arm-linux-gnueabihf/libstdc++.so.6.0.26)
 n0: 15680 0x16B152: NTL::Vec<NTL::ZZ_p>::AllocateTo(long) (in /home/reti/dongHyeon/Function-hiding-IPE/build/bin/p-norm-ipe-test)
 n1: 8192 0x493D6C6: std::basic_filebuf<char, std::char_traits<char> >::_M_allocate_internal_buffer() (in /usr/lib/arm-linux-gnueabihf/libstdc++.so.6.0.26)
  n1: 8192 0x493FFE2: std::basic_filebuf<char, std::char_traits<char> >::open(char const*, std::_Ios_Openmode) (in /usr/lib/arm-linux-gnueabihf/libstdc++.so.6.0.26)
   n0: 8192 0x49409EA: std::basic_ifstream<char, std::char_traits<char> >::basic_ifstream(std::__cxx11::basic_string<char, std::char_traits<char>, std::allocator<char> > const&, std::_Ios_Openmode) (in /usr/lib/arm-linux-gnueabihf/libstdc++.so.6.0.26)
 n0: 3833 in 24 places, all below massif's threshold (1.00%)
#-----------
snapshot=11
#-----------
time=75885468
mem_heap_B=227745
mem_heap_extra_B=1727
mem_stacks_B=0
heap_tree=empty
#-----------
snapshot=12
#-----------
time=83974084
mem_heap_B=256353
mem_heap_extra_B=1855
mem_stacks_B=0
heap_tree=empty
#-----------
snapshot=13
#-----------
time=88019344
mem_heap_B=270657
mem_heap_extra_B=1919
mem_stacks_B=0
heap_tree=empty
#-----------
snapshot=14
#-----------
time=96020406
mem_heap_B=561593
mem_heap_extra_B=3223
mem_stacks_B=0
heap_tree=detailed
n5: 561593 (heap allocation functions) malloc/new/new[], --alloc-fns, etc.
 n1: 481888 0x20664E: _ntl_gblock_construct_alloc(_ntl_gbigint_body**, long, long) (lip.cpp:6279)
  n2: 481888 0x228994: NTL::BasicBlockConstruct(NTL::ZZ_p*, long, long) (ZZ.h:1041)
   n1: 481888 0x228A36: NTL::BlockConstructFromVec(NTL::ZZ_p*, long, NTL::ZZ_p const*) (vec_ZZ_p.cpp:43)
    n0: 481888 0x16C17C: void NTL::VecStrategy<true>::do_BlockConstructFromVec<NTL::ZZ_p>(NTL::ZZ_p*, long, NTL::ZZ_p const*) (in /home/reti/dongHyeon/Function-hiding-IPE/build/bin/p-norm-ipe-test)
   n0: 0 in 1 place, below massif's threshold (1.00%)
 n0: 47360 0x16B152: NTL::Vec<NTL::ZZ_p>::AllocateTo(long) (in /home/reti/dongHyeon/Function-hiding-IPE/build/bin/p-norm-ipe-test)
 n0: 20224 0x48F4F42: ??? (in /usr/lib/arm-linux-gnueabihf/libstdc++.so.6.0.26)
 n1: 8192 0x493D6C6: std::basic_filebuf<char, std::char_traits<char> >::_M_allocate_internal_buffer() (in /usr/lib/arm-linux-gnueabihf/libstdc++.so.6.0.26)
  n1: 8192 0x493FFE2: std::basic_filebuf<char, std::char_traits<char> >::open(char const*, std::_Ios_Openmode) (in /usr/lib/arm-linux-gnueabihf/libstdc++.so.6.0.26)
   n0: 8192 0x49409EA: std::basic_ifstream<char, std::char_traits<char> >::basic_ifstream(std::__cxx11::basic_string<char, std::char_traits<char>, std::allocator<char> > const&, std::_Ios_Openmode) (in /usr/lib/arm-linux-gnueabihf/libstdc++.so.6.0.26)
 n0: 3929 in 25 places, all below massif's threshold (1.00%)
#-----------
snapshot=15
#-----------
time=100844702
mem_heap_B=310121
mem_heap_extra_B=2103
mem_stacks_B=0
heap_tree=empty
#-----------
snapshot=16
#-----------
time=110959456
mem_heap_B=345881
mem_heap_extra_B=2263
mem_stacks_B=0
heap_tree=empty
#-----------
snapshot=17
#-----------
time=119046440
mem_heap_B=374489
mem_heap_extra_B=2391
mem_stacks_B=0
heap_tree=empty
#-----------
snapshot=18
#-----------
time=124101510
mem_heap_B=392369
mem_heap_extra_B=2471
mem_stacks_B=0
heap_tree=empty
#-----------
snapshot=19
#-----------
time=133202182
mem_heap_B=424553
mem_heap_extra_B=2615
mem_stacks_B=0
heap_tree=empty
#-----------
snapshot=20
#-----------
time=143320884
mem_heap_B=460313
mem_heap_extra_B=2775
mem_stacks_B=0
heap_tree=empty
#-----------
snapshot=21
#-----------
time=149391529
mem_heap_B=481961
mem_heap_extra_B=2871
mem_stacks_B=0
heap_tree=empty
#-----------
snapshot=22
#-----------
time=155455367
mem_heap_B=503417
mem_heap_extra_B=2967
mem_stacks_B=0
heap_tree=empty
#-----------
snapshot=23
#-----------
time=164556667
mem_heap_B=535601
mem_heap_extra_B=3111
mem_stacks_B=0
heap_tree=empty
#-----------
snapshot=24
#-----------
time=169612819
mem_heap_B=553481
mem_heap_extra_B=3191
mem_stacks_B=0
heap_tree=empty
#-----------
snapshot=25
#-----------
time=174876165
mem_heap_B=1091897
mem_heap_extra_B=5623
mem_stacks_B=0
heap_tree=peak
n4: 1091897 (heap allocation functions) malloc/new/new[], --alloc-fns, etc.
 n1: 963776 0x20664E: _ntl_gblock_construct_alloc(_ntl_gbigint_body**, long, long) (lip.cpp:6279)
  n2: 963776 0x228994: NTL::BasicBlockConstruct(NTL::ZZ_p*, long, long) (ZZ.h:1041)
   n0: 481888 0x16C5A0: void NTL::VecStrategy<true>::do_BlockConstruct<NTL::ZZ_p>(NTL::ZZ_p*, long) (in /home/reti/dongHyeon/Function-hiding-IPE/build/bin/p-norm-ipe-test)
   n1: 481888 0x228A36: NTL::BlockConstructFromVec(NTL::ZZ_p*, long, NTL::ZZ_p const*) (vec_ZZ_p.cpp:43)
    n0: 481888 0x16C17C: void NTL::VecStrategy<true>::do_BlockConstructFromVec<NTL::ZZ_p>(NTL::ZZ_p*, long, NTL::ZZ_p const*) (in /home/reti/dongHyeon/Function-hiding-IPE/build/bin/p-norm-ipe-test)
 n0: 94720 0x16B152: NTL::Vec<NTL::ZZ_p>::AllocateTo(long) (in /home/reti/dongHyeon/Function-hiding-IPE/build/bin/p-norm-ipe-test)
 n0: 20224 0x48F4F42: ??? (in /usr/lib/arm-linux-gnueabihf/libstdc++.so.6.0.26)
 n0: 13177 in 27 places, all below massif's threshold (1.00%)
#-----------
snapshot=26
#-----------
time=179892422
mem_heap_B=557624
mem_heap_extra_B=3584
mem_stacks_B=0
heap_tree=empty
#-----------
snapshot=27
#-----------
time=186876885
mem_heap_B=588404
mem_heap_extra_B=4636
mem_stacks_B=0
heap_tree=empty
#-----------
snapshot=28
#-----------
time=208481317
mem_heap_B=588568
mem_heap_extra_B=4656
mem_stacks_B=0
heap_tree=empty
#-----------
snapshot=29
#-----------
time=213481085
mem_heap_B=588772
mem_heap_extra_B=4708
mem_stacks_B=0
heap_tree=empty
#-----------
snapshot=30
#-----------
time=223257893
mem_heap_B=588772
mem_heap_extra_B=4708
mem_stacks_B=0
heap_tree=detailed
n5: 588772 (heap allocation functions) malloc/new/new[], --alloc-fns, etc.
 n1: 488400 0x20664E: _ntl_gblock_construct_alloc(_ntl_gbigint_body**, long, long) (lip.cpp:6279)
  n2: 488400 0x228994: NTL::BasicBlockConstruct(NTL::ZZ_p*, long, long) (ZZ.h:1041)
   n1: 485144 0x228A36: NTL::BlockConstructFromVec(NTL::ZZ_p*, long, NTL::ZZ_p const*) (vec_ZZ_p.cpp:43)
    n0: 485144 0x16C17C: void NTL::VecStrategy<true>::do_BlockConstructFromVec<NTL::ZZ_p>(NTL::ZZ_p*, long, NTL::ZZ_p const*) (in /home/reti/dongHyeon/Function-hiding-IPE/build/bin/p-norm-ipe-test)
   n0: 3256 in 1 place, below massif's threshold (1.00%)
 n0: 48000 0x16B152: NTL::Vec<NTL::ZZ_p>::AllocateTo(long) (in /home/reti/dongHyeon/Function-hiding-IPE/build/bin/p-norm-ipe-test)
 n0: 21312 0x16AEC4: mcl::Array<mcl::EcT<mcl::Fp2T<mcl::FpT<mcl::bn::local::FpTag, 384u> > > >::resize(unsigned int) (in /home/reti/dongHyeon/Function-hiding-IPE/build/bin/p-norm-ipe-test)
 n0: 20224 0x48F4F42: ??? (in /usr/lib/arm-linux-gnueabihf/libstdc++.so.6.0.26)
 n0: 10836 in 53 places, all below massif's threshold (1.00%)
#-----------
snapshot=31
#-----------
time=228137985
mem_heap_B=588772
mem_heap_extra_B=4708
mem_stacks_B=0
heap_tree=empty
#-----------
snapshot=32
#-----------
time=237742416
mem_heap_B=588772
mem_heap_extra_B=4708
mem_stacks_B=0
heap_tree=empty
#-----------
snapshot=33
#-----------
time=247836037
mem_heap_B=588772
mem_heap_extra_B=4708
mem_stacks_B=0
heap_tree=empty
#-----------
snapshot=34
#-----------
time=257777172
mem_heap_B=588772
mem_heap_extra_B=4708
mem_stacks_B=0
heap_tree=empty
#-----------
snapshot=35
#-----------
time=267410752
mem_heap_B=588772
mem_heap_extra_B=4708
mem_stacks_B=0
heap_tree=empty
#-----------
snapshot=36
#-----------
time=277119007
mem_heap_B=588772
mem_heap_extra_B=4708
mem_stacks_B=0
heap_tree=empty
#-----------
snapshot=37
#-----------
time=286708385
mem_heap_B=588772
mem_heap_extra_B=4708
mem_stacks_B=0
heap_tree=empty
#-----------
snapshot=38
#-----------
time=291617707
mem_heap_B=588772
mem_heap_extra_B=4708
mem_stacks_B=0
heap_tree=empty
#-----------
snapshot=39
#-----------
time=299026081
mem_heap_B=588568
mem_heap_extra_B=4656
mem_stacks_B=0
heap_tree=empty
#-----------
snapshot=40
#-----------
time=304089588
mem_heap_B=588772
mem_heap_extra_B=4708
mem_stacks_B=0
heap_tree=empty
#-----------
snapshot=41
#-----------
time=313707991
mem_heap_B=588772
mem_heap_extra_B=4708
mem_stacks_B=0
heap_tree=empty
#-----------
snapshot=42
#-----------
time=318756169
mem_heap_B=588772
mem_heap_extra_B=4708
mem_stacks_B=0
heap_tree=detailed
n5: 588772 (heap allocation functions) malloc/new/new[], --alloc-fns, etc.
 n1: 488400 0x20664E: _ntl_gblock_construct_alloc(_ntl_gbigint_body**, long, long) (lip.cpp:6279)
  n2: 488400 0x228994: NTL::BasicBlockConstruct(NTL::ZZ_p*, long, long) (ZZ.h:1041)
   n1: 485144 0x228A36: NTL::BlockConstructFromVec(NTL::ZZ_p*, long, NTL::ZZ_p const*) (vec_ZZ_p.cpp:43)
    n0: 485144 0x16C17C: void NTL::VecStrategy<true>::do_BlockConstructFromVec<NTL::ZZ_p>(NTL::ZZ_p*, long, NTL::ZZ_p const*) (in /home/reti/dongHyeon/Function-hiding-IPE/build/bin/p-norm-ipe-test)
   n0: 3256 in 1 place, below massif's threshold (1.00%)
 n0: 48000 0x16B152: NTL::Vec<NTL::ZZ_p>::AllocateTo(long) (in /home/reti/dongHyeon/Function-hiding-IPE/build/bin/p-norm-ipe-test)
 n0: 21312 0x16AEC4: mcl::Array<mcl::EcT<mcl::Fp2T<mcl::FpT<mcl::bn::local::FpTag, 384u> > > >::resize(unsigned int) (in /home/reti/dongHyeon/Function-hiding-IPE/build/bin/p-norm-ipe-test)
 n0: 20224 0x48F4F42: ??? (in /usr/lib/arm-linux-gnueabihf/libstdc++.so.6.0.26)
 n0: 10836 in 53 places, all below massif's threshold (1.00%)
#-----------
snapshot=43
#-----------
time=323830443
mem_heap_B=588772
mem_heap_extra_B=4708
mem_stacks_B=0
heap_tree=empty
#-----------
snapshot=44
#-----------
time=333571412
mem_heap_B=588772
mem_heap_extra_B=4708
mem_stacks_B=0
heap_tree=empty
#-----------
snapshot=45
#-----------
time=343188838
mem_heap_B=588772
mem_heap_extra_B=4708
mem_stacks_B=0
heap_tree=empty
#-----------
snapshot=46
#-----------
time=353051274
mem_heap_B=588772
mem_heap_extra_B=4708
mem_stacks_B=0
heap_tree=empty
#-----------
snapshot=47
#-----------
time=362652147
mem_heap_B=588772
mem_heap_extra_B=4708
mem_stacks_B=0
heap_tree=empty
#-----------
snapshot=48
#-----------
time=372629779
mem_heap_B=588772
mem_heap_extra_B=4708
mem_stacks_B=0
heap_tree=empty
#-----------
snapshot=49
#-----------
time=377686291
mem_heap_B=588772
mem_heap_extra_B=4708
mem_stacks_B=0
heap_tree=empty
#-----------
snapshot=50
#-----------
time=382479149
mem_heap_B=588772
mem_heap_extra_B=4708
mem_stacks_B=0
heap_tree=empty
#-----------
snapshot=51
#-----------
time=387270947
mem_heap_B=588772
mem_heap_extra_B=4708
mem_stacks_B=0
heap_tree=empty
#-----------
snapshot=52
#-----------
time=392039845
mem_heap_B=588772
mem_heap_extra_B=4708
mem_stacks_B=0
heap_tree=empty
#-----------
snapshot=53
#-----------
time=399585035
mem_heap_B=588772
mem_heap_extra_B=4708
mem_stacks_B=0
heap_tree=empty
#-----------
snapshot=54
#-----------
time=404337231
mem_heap_B=588772
mem_heap_extra_B=4708
mem_stacks_B=0
heap_tree=empty
#-----------
snapshot=55
#-----------
time=409250704
mem_heap_B=588772
mem_heap_extra_B=4708
mem_stacks_B=0
heap_tree=empty
#-----------
snapshot=56
#-----------
time=414145594
mem_heap_B=588772
mem_heap_extra_B=4708
mem_stacks_B=0
heap_tree=empty
#-----------
snapshot=57
#-----------
time=419137777
mem_heap_B=588772
mem_heap_extra_B=4708
mem_stacks_B=0
heap_tree=detailed
n5: 588772 (heap allocation functions) malloc/new/new[], --alloc-fns, etc.
 n1: 488400 0x20664E: _ntl_gblock_construct_alloc(_ntl_gbigint_body**, long, long) (lip.cpp:6279)
  n2: 488400 0x228994: NTL::BasicBlockConstruct(NTL::ZZ_p*, long, long) (ZZ.h:1041)
   n1: 485144 0x228A36: NTL::BlockConstructFromVec(NTL::ZZ_p*, long, NTL::ZZ_p const*) (vec_ZZ_p.cpp:43)
    n0: 485144 0x16C17C: void NTL::VecStrategy<true>::do_BlockConstructFromVec<NTL::ZZ_p>(NTL::ZZ_p*, long, NTL::ZZ_p const*) (in /home/reti/dongHyeon/Function-hiding-IPE/build/bin/p-norm-ipe-test)
   n0: 3256 in 1 place, below massif's threshold (1.00%)
 n0: 48000 0x16B152: NTL::Vec<NTL::ZZ_p>::AllocateTo(long) (in /home/reti/dongHyeon/Function-hiding-IPE/build/bin/p-norm-ipe-test)
 n0: 21312 0x16AEC4: mcl::Array<mcl::EcT<mcl::Fp2T<mcl::FpT<mcl::bn::local::FpTag, 384u> > > >::resize(unsigned int) (in /home/reti/dongHyeon/Function-hiding-IPE/build/bin/p-norm-ipe-test)
 n0: 20224 0x48F4F42: ??? (in /usr/lib/arm-linux-gnueabihf/libstdc++.so.6.0.26)
 n0: 10836 in 53 places, all below massif's threshold (1.00%)
#-----------
snapshot=58
#-----------
time=424279666
mem_heap_B=588772
mem_heap_extra_B=4708
mem_stacks_B=0
heap_tree=empty
#-----------
snapshot=59
#-----------
time=429175477
mem_heap_B=588772
mem_heap_extra_B=4708
mem_stacks_B=0
heap_tree=empty
#-----------
snapshot=60
#-----------
time=434047461
mem_heap_B=588772
mem_heap_extra_B=4708
mem_stacks_B=0
heap_tree=empty
#-----------
snapshot=61
#-----------
time=438912091
mem_heap_B=588772
mem_heap_extra_B=4708
mem_stacks_B=0
heap_tree=empty
#-----------
snapshot=62
#-----------
time=443666909
mem_heap_B=588772
mem_heap_extra_B=4708
mem_stacks_B=0
heap_tree=empty
#-----------
snapshot=63
#-----------
time=448403081
mem_heap_B=588772
mem_heap_extra_B=4708
mem_stacks_B=0
heap_tree=empty
#-----------
snapshot=64
#-----------
time=453286106
mem_heap_B=588772
mem_heap_extra_B=4708
mem_stacks_B=0
heap_tree=empty
#-----------
snapshot=65
#-----------
time=458215920
mem_heap_B=588772
mem_heap_extra_B=4708
mem_stacks_B=0
heap_tree=empty
#-----------
snapshot=66
#-----------
time=462998000
mem_heap_B=588772
mem_heap_extra_B=4708
mem_stacks_B=0
heap_tree=empty
#-----------
snapshot=67
#-----------
time=467742126
mem_heap_B=588772
mem_heap_extra_B=4708
mem_stacks_B=0
heap_tree=detailed
n5: 588772 (heap allocation functions) malloc/new/new[], --alloc-fns, etc.
 n1: 488400 0x20664E: _ntl_gblock_construct_alloc(_ntl_gbigint_body**, long, long) (lip.cpp:6279)
  n2: 488400 0x228994: NTL::BasicBlockConstruct(NTL::ZZ_p*, long, long) (ZZ.h:1041)
   n1: 485144 0x228A36: NTL::BlockConstructFromVec(NTL::ZZ_p*, long, NTL::ZZ_p const*) (vec_ZZ_p.cpp:43)
    n0: 485144 0x16C17C: void NTL::VecStrategy<true>::do_BlockConstructFromVec<NTL::ZZ_p>(NTL::ZZ_p*, long, NTL::ZZ_p const*) (in /home/reti/dongHyeon/Function-hiding-IPE/build/bin/p-norm-ipe-test)
   n0: 3256 in 1 place, below massif's threshold (1.00%)
 n0: 48000 0x16B152: NTL::Vec<NTL::ZZ_p>::AllocateTo(long) (in /home/reti/dongHyeon/Function-hiding-IPE/build/bin/p-norm-ipe-test)
 n0: 21312 0x16AEC4: mcl::Array<mcl::EcT<mcl::Fp2T<mcl::FpT<mcl::bn::local::FpTag, 384u> > > >::resize(unsigned int) (in /home/reti/dongHyeon/Function-hiding-IPE/build/bin/p-norm-ipe-test)
 n0: 20224 0x48F4F42: ??? (in /usr/lib/arm-linux-gnueabihf/libstdc++.so.6.0.26)
 n0: 10836 in 53 places, all below massif's threshold (1.00%)
#-----------
snapshot=68
#-----------
time=472588175
mem_heap_B=588772
mem_heap_extra_B=4708
mem_stacks_B=0
heap_tree=empty
#-----------
snapshot=69
#-----------
time=477587105
mem_heap_B=588772
mem_heap_extra_B=4708
mem_stacks_B=0
heap_tree=empty
#-----------
snapshot=70
#-----------
time=482219597
mem_heap_B=588772
mem_heap_extra_B=4708
mem_stacks_B=0
heap_tree=empty
#-----------
snapshot=71
#-----------
time=487073794
mem_heap_B=588772
mem_heap_extra_B=4708
mem_stacks_B=0
heap_tree=empty
#-----------
snapshot=72
#-----------
time=494494912
mem_heap_B=588772
mem_heap_extra_B=4708
mem_stacks_B=0
heap_tree=empty
#-----------
snapshot=73
#-----------
time=499241414
mem_heap_B=588772
mem_heap_extra_B=4708
mem_stacks_B=0
heap_tree=empty
#-----------
snapshot=74
#-----------
time=504164104
mem_heap_B=588772
mem_heap_extra_B=4708
mem_stacks_B=0
heap_tree=empty
#-----------
snapshot=75
#-----------
time=509064898
mem_heap_B=588772
mem_heap_extra_B=4708
mem_stacks_B=0
heap_tree=empty
#-----------
snapshot=76
#-----------
time=513968867
mem_heap_B=588772
mem_heap_extra_B=4708
mem_stacks_B=0
heap_tree=empty
#-----------
snapshot=77
#-----------
time=518733697
mem_heap_B=588772
mem_heap_extra_B=4708
mem_stacks_B=0
heap_tree=detailed
n5: 588772 (heap allocation functions) malloc/new/new[], --alloc-fns, etc.
 n1: 488400 0x20664E: _ntl_gblock_construct_alloc(_ntl_gbigint_body**, long, long) (lip.cpp:6279)
  n2: 488400 0x228994: NTL::BasicBlockConstruct(NTL::ZZ_p*, long, long) (ZZ.h:1041)
   n1: 485144 0x228A36: NTL::BlockConstructFromVec(NTL::ZZ_p*, long, NTL::ZZ_p const*) (vec_ZZ_p.cpp:43)
    n0: 485144 0x16C17C: void NTL::VecStrategy<true>::do_BlockConstructFromVec<NTL::ZZ_p>(NTL::ZZ_p*, long, NTL::ZZ_p const*) (in /home/reti/dongHyeon/Function-hiding-IPE/build/bin/p-norm-ipe-test)
   n0: 3256 in 1 place, below massif's threshold (1.00%)
 n0: 48000 0x16B152: NTL::Vec<NTL::ZZ_p>::AllocateTo(long) (in /home/reti/dongHyeon/Function-hiding-IPE/build/bin/p-norm-ipe-test)
 n0: 21312 0x16AEC4: mcl::Array<mcl::EcT<mcl::Fp2T<mcl::FpT<mcl::bn::local::FpTag, 384u> > > >::resize(unsigned int) (in /home/reti/dongHyeon/Function-hiding-IPE/build/bin/p-norm-ipe-test)
 n0: 20224 0x48F4F42: ??? (in /usr/lib/arm-linux-gnueabihf/libstdc++.so.6.0.26)
 n0: 10836 in 53 places, all below massif's threshold (1.00%)
#-----------
snapshot=78
#-----------
time=523526245
mem_heap_B=588772
mem_heap_extra_B=4708
mem_stacks_B=0
heap_tree=empty
#-----------
snapshot=79
#-----------
time=528543403
mem_heap_B=588772
mem_heap_extra_B=4708
mem_stacks_B=0
heap_tree=empty
#-----------
snapshot=80
#-----------
time=533350730
mem_heap_B=588772
mem_heap_extra_B=4708
mem_stacks_B=0
heap_tree=empty
#-----------
snapshot=81
#-----------
time=538344074
mem_heap_B=588772
mem_heap_extra_B=4708
mem_stacks_B=0
heap_tree=empty
#-----------
snapshot=82
#-----------
time=543084021
mem_heap_B=588772
mem_heap_extra_B=4708
mem_stacks_B=0
heap_tree=empty
#-----------
snapshot=83
#-----------
time=547838682
mem_heap_B=588772
mem_heap_extra_B=4708
mem_stacks_B=0
heap_tree=empty
#-----------
snapshot=84
#-----------
time=552789920
mem_heap_B=588772
mem_heap_extra_B=4708
mem_stacks_B=0
heap_tree=empty
#-----------
snapshot=85
#-----------
time=557692906
mem_heap_B=588772
mem_heap_extra_B=4708
mem_stacks_B=0
heap_tree=empty
#-----------
snapshot=86
#-----------
time=562684742
mem_heap_B=588772
mem_heap_extra_B=4708
mem_stacks_B=0
heap_tree=empty
#-----------
snapshot=87
#-----------
time=567737359
mem_heap_B=588772
mem_heap_extra_B=4708
mem_stacks_B=0
heap_tree=detailed
n5: 588772 (heap allocation functions) malloc/new/new[], --alloc-fns, etc.
 n1: 488400 0x20664E: _ntl_gblock_construct_alloc(_ntl_gbigint_body**, long, long) (lip.cpp:6279)
  n2: 488400 0x228994: NTL::BasicBlockConstruct(NTL::ZZ_p*, long, long) (ZZ.h:1041)
   n1: 485144 0x228A36: NTL::BlockConstructFromVec(NTL::ZZ_p*, long, NTL::ZZ_p const*) (vec_ZZ_p.cpp:43)
    n0: 485144 0x16C17C: void NTL::VecStrategy<true>::do_BlockConstructFromVec<NTL::ZZ_p>(NTL::ZZ_p*, long, NTL::ZZ_p const*) (in /home/reti/dongHyeon/Function-hiding-IPE/build/bin/p-norm-ipe-test)
   n0: 3256 in 1 place, below massif's threshold (1.00%)
 n0: 48000 0x16B152: NTL::Vec<NTL::ZZ_p>::AllocateTo(long) (in /home/reti/dongHyeon/Function-hiding-IPE/build/bin/p-norm-ipe-test)
 n0: 21312 0x16AEC4: mcl::Array<mcl::EcT<mcl::Fp2T<mcl::FpT<mcl::bn::local::FpTag, 384u> > > >::resize(unsigned int) (in /home/reti/dongHyeon/Function-hiding-IPE/build/bin/p-norm-ipe-test)
 n0: 20224 0x48F4F42: ??? (in /usr/lib/arm-linux-gnueabihf/libstdc++.so.6.0.26)
 n0: 10836 in 53 places, all below massif's threshold (1.00%)
#-----------
snapshot=88
#-----------
time=572673952
mem_heap_B=588772
mem_heap_extra_B=4708
mem_stacks_B=0
heap_tree=empty
#-----------
snapshot=89
#-----------
time=577595672
mem_heap_B=588772
mem_heap_extra_B=4708
mem_stacks_B=0
heap_tree=empty
#-----------
snapshot=90
#-----------
time=585697006
mem_heap_B=609876
mem_heap_extra_B=4652
mem_stacks_B=0
heap_tree=empty
