desc: --massif-out-file=encrypt/memory-16-10-8.log
cmd: ./p-norm-ipe-test encrypt 16 10 8
time_unit: i
#-----------
snapshot=0
#-----------
time=0
mem_heap_B=0
mem_heap_extra_B=0
mem_stacks_B=0
heap_tree=empty
#-----------
snapshot=1
#-----------
time=18181972
mem_heap_B=30545
mem_heap_extra_B=743
mem_stacks_B=0
heap_tree=empty
#-----------
snapshot=2
#-----------
time=29937231
mem_heap_B=65065
mem_heap_extra_B=951
mem_stacks_B=0
heap_tree=empty
#-----------
snapshot=3
#-----------
time=44629509
mem_heap_B=116921
mem_heap_extra_B=1103
mem_stacks_B=0
heap_tree=empty
#-----------
snapshot=4
#-----------
time=57964716
mem_heap_B=170993
mem_heap_extra_B=1263
mem_stacks_B=0
heap_tree=detailed
n5: 170993 (heap allocation functions) malloc/new/new[], --alloc-fns, etc.
 n1: 126984 0x20664E: _ntl_gblock_construct_alloc(_ntl_gbigint_body**, long, long) (lip.cpp:6279)
  n2: 126984 0x228994: NTL::BasicBlockConstruct(NTL::ZZ_p*, long, long) (ZZ.h:1041)
   n1: 120384 0x228A36: NTL::BlockConstructFromVec(NTL::ZZ_p*, long, NTL::ZZ_p const*) (vec_ZZ_p.cpp:43)
    n0: 120384 0x16C17C: void NTL::VecStrategy<true>::do_BlockConstructFromVec<NTL::ZZ_p>(NTL::ZZ_p*, long, NTL::ZZ_p const*) (in /home/reti/dongHyeon/Function-hiding-IPE/build/bin/p-norm-ipe-test)
   n0: 6600 0x16C5A0: void NTL::VecStrategy<true>::do_BlockConstruct<NTL::ZZ_p>(NTL::ZZ_p*, long) (in /home/reti/dongHyeon/Function-hiding-IPE/build/bin/p-norm-ipe-test)
 n0: 20224 0x48F4F42: ??? (in /usr/lib/arm-linux-gnueabihf/libstdc++.so.6.0.26)
 n0: 11520 0x16B152: NTL::Vec<NTL::ZZ_p>::AllocateTo(long) (in /home/reti/dongHyeon/Function-hiding-IPE/build/bin/p-norm-ipe-test)
 n1: 8192 0x493D6C6: std::basic_filebuf<char, std::char_traits<char> >::_M_allocate_internal_buffer() (in /usr/lib/arm-linux-gnueabihf/libstdc++.so.6.0.26)
  n1: 8192 0x493FFE2: std::basic_filebuf<char, std::char_traits<char> >::open(char const*, std::_Ios_Openmode) (in /usr/lib/arm-linux-gnueabihf/libstdc++.so.6.0.26)
   n0: 8192 0x49409EA: std::basic_ifstream<char, std::char_traits<char> >::basic_ifstream(std::__cxx11::basic_string<char, std::char_traits<char>, std::allocator<char> > const&, std::_Ios_Openmode) (in /usr/lib/arm-linux-gnueabihf/libstdc++.so.6.0.26)
 n0: 4073 in 24 places, all below massif's threshold (1.00%)
#-----------
snapshot=5
#-----------
time=67308292
mem_heap_B=203969
mem_heap_extra_B=1359
mem_stacks_B=0
heap_tree=detailed
n5: 203969 (heap allocation functions) malloc/new/new[], --alloc-fns, etc.
 n1: 157080 0x20664E: _ntl_gblock_construct_alloc(_ntl_gbigint_body**, long, long) (lip.cpp:6279)
  n2: 157080 0x228994: NTL::BasicBlockConstruct(NTL::ZZ_p*, long, long) (ZZ.h:1041)
   n1: 150480 0x228A36: NTL::BlockConstructFromVec(NTL::ZZ_p*, long, NTL::ZZ_p const*) (vec_ZZ_p.cpp:43)
    n0: 150480 0x16C17C: void NTL::VecStrategy<true>::do_BlockConstructFromVec<NTL::ZZ_p>(NTL::ZZ_p*, long, NTL::ZZ_p const*) (in /home/reti/dongHyeon/Function-hiding-IPE/build/bin/p-norm-ipe-test)
   n0: 6600 0x16C5A0: void NTL::VecStrategy<true>::do_BlockConstruct<NTL::ZZ_p>(NTL::ZZ_p*, long) (in /home/reti/dongHyeon/Function-hiding-IPE/build/bin/p-norm-ipe-test)
 n0: 20224 0x48F4F42: ??? (in /usr/lib/arm-linux-gnueabihf/libstdc++.so.6.0.26)
 n0: 14400 0x16B152: NTL::Vec<NTL::ZZ_p>::AllocateTo(long) (in /home/reti/dongHyeon/Function-hiding-IPE/build/bin/p-norm-ipe-test)
 n1: 8192 0x493D6C6: std::basic_filebuf<char, std::char_traits<char> >::_M_allocate_internal_buffer() (in /usr/lib/arm-linux-gnueabihf/libstdc++.so.6.0.26)
  n1: 8192 0x493FFE2: std::basic_filebuf<char, std::char_traits<char> >::open(char const*, std::_Ios_Openmode) (in /usr/lib/arm-linux-gnueabihf/libstdc++.so.6.0.26)
   n0: 8192 0x49409EA: std::basic_ifstream<char, std::char_traits<char> >::basic_ifstream(std::__cxx11::basic_string<char, std::char_traits<char>, std::allocator<char> > const&, std::_Ios_Openmode) (in /usr/lib/arm-linux-gnueabihf/libstdc++.so.6.0.26)
 n0: 4073 in 24 places, all below massif's threshold (1.00%)
#-----------
snapshot=6
#-----------
time=84433496
mem_heap_B=264425
mem_heap_extra_B=1535
mem_stacks_B=0
heap_tree=detailed
n5: 264425 (heap allocation functions) malloc/new/new[], --alloc-fns, etc.
 n1: 212256 0x20664E: _ntl_gblock_construct_alloc(_ntl_gbigint_body**, long, long) (lip.cpp:6279)
  n2: 212256 0x228994: NTL::BasicBlockConstruct(NTL::ZZ_p*, long, long) (ZZ.h:1041)
   n1: 205656 0x228A36: NTL::BlockConstructFromVec(NTL::ZZ_p*, long, NTL::ZZ_p const*) (vec_ZZ_p.cpp:43)
    n0: 205656 0x16C17C: void NTL::VecStrategy<true>::do_BlockConstructFromVec<NTL::ZZ_p>(NTL::ZZ_p*, long, NTL::ZZ_p const*) (in /home/reti/dongHyeon/Function-hiding-IPE/build/bin/p-norm-ipe-test)
   n0: 6600 0x16C5A0: void NTL::VecStrategy<true>::do_BlockConstruct<NTL::ZZ_p>(NTL::ZZ_p*, long) (in /home/reti/dongHyeon/Function-hiding-IPE/build/bin/p-norm-ipe-test)
 n0: 20224 0x48F4F42: ??? (in /usr/lib/arm-linux-gnueabihf/libstdc++.so.6.0.26)
 n0: 19680 0x16B152: NTL::Vec<NTL::ZZ_p>::AllocateTo(long) (in /home/reti/dongHyeon/Function-hiding-IPE/build/bin/p-norm-ipe-test)
 n1: 8192 0x493D6C6: std::basic_filebuf<char, std::char_traits<char> >::_M_allocate_internal_buffer() (in /usr/lib/arm-linux-gnueabihf/libstdc++.so.6.0.26)
  n1: 8192 0x493FFE2: std::basic_filebuf<char, std::char_traits<char> >::open(char const*, std::_Ios_Openmode) (in /usr/lib/arm-linux-gnueabihf/libstdc++.so.6.0.26)
   n0: 8192 0x49409EA: std::basic_ifstream<char, std::char_traits<char> >::basic_ifstream(std::__cxx11::basic_string<char, std::char_traits<char>, std::allocator<char> > const&, std::_Ios_Openmode) (in /usr/lib/arm-linux-gnueabihf/libstdc++.so.6.0.26)
 n0: 4073 in 24 places, all below massif's threshold (1.00%)
#-----------
snapshot=7
#-----------
time=94450519
mem_heap_B=292793
mem_heap_extra_B=1615
mem_stacks_B=0
heap_tree=empty
#-----------
snapshot=8
#-----------
time=111579388
mem_heap_B=353441
mem_heap_extra_B=1791
mem_stacks_B=0
heap_tree=empty
#-----------
snapshot=9
#-----------
time=124033510
mem_heap_B=397409
mem_heap_extra_B=1919
mem_stacks_B=0
heap_tree=empty
#-----------
snapshot=10
#-----------
time=134930596
mem_heap_B=435881
mem_heap_extra_B=2031
mem_stacks_B=0
heap_tree=empty
#-----------
snapshot=11
#-----------
time=152053079
mem_heap_B=496337
mem_heap_extra_B=2207
mem_stacks_B=0
heap_tree=empty
#-----------
snapshot=12
#-----------
time=166740297
mem_heap_B=548209
mem_heap_extra_B=2359
mem_stacks_B=0
heap_tree=empty
#-----------
snapshot=13
#-----------
time=179198460
mem_heap_B=592385
mem_heap_extra_B=2487
mem_stacks_B=0
heap_tree=empty
#-----------
snapshot=14
#-----------
time=194762376
mem_heap_B=647345
mem_heap_extra_B=2647
mem_stacks_B=0
heap_tree=empty
#-----------
snapshot=15
#-----------
time=209557407
mem_heap_B=685897
mem_heap_extra_B=2767
mem_stacks_B=0
heap_tree=empty
#-----------
snapshot=16
#-----------
time=221340596
mem_heap_B=727457
mem_heap_extra_B=2887
mem_stacks_B=0
heap_tree=empty
#-----------
snapshot=17
#-----------
time=237584999
mem_heap_B=784825
mem_heap_extra_B=3055
mem_stacks_B=0
heap_tree=empty
#-----------
snapshot=18
#-----------
time=250042649
mem_heap_B=828793
mem_heap_extra_B=3183
mem_stacks_B=0
heap_tree=empty
#-----------
snapshot=19
#-----------
time=262696337
mem_heap_B=878257
mem_heap_extra_B=3327
mem_stacks_B=0
heap_tree=empty
#-----------
snapshot=20
#-----------
time=272040249
mem_heap_B=911233
mem_heap_extra_B=3423
mem_stacks_B=0
heap_tree=empty
#-----------
snapshot=21
#-----------
time=287611931
mem_heap_B=966385
mem_heap_extra_B=3583
mem_stacks_B=0
heap_tree=empty
#-----------
snapshot=22
#-----------
time=296954655
mem_heap_B=999361
mem_heap_extra_B=3679
mem_stacks_B=0
heap_tree=empty
#-----------
snapshot=23
#-----------
time=310758393
mem_heap_B=1043329
mem_heap_extra_B=3807
mem_stacks_B=0
heap_tree=empty
#-----------
snapshot=24
#-----------
time=329640609
mem_heap_B=1114777
mem_heap_extra_B=4015
mem_stacks_B=0
heap_tree=empty
#-----------
snapshot=25
#-----------
time=338981671
mem_heap_B=1147753
mem_heap_extra_B=4111
mem_stacks_B=0
heap_tree=empty
#-----------
snapshot=26
#-----------
time=352113256
mem_heap_B=1189313
mem_heap_extra_B=4231
mem_stacks_B=0
heap_tree=empty
#-----------
snapshot=27
#-----------
time=365247728
mem_heap_B=1235897
mem_heap_extra_B=4367
mem_stacks_B=0
heap_tree=empty
#-----------
snapshot=28
#-----------
time=386116021
mem_heap_B=2540249
mem_heap_extra_B=8191
mem_stacks_B=0
heap_tree=peak
n3: 2540249 (heap allocation functions) malloc/new/new[], --alloc-fns, etc.
 n1: 2287296 0x20664E: _ntl_gblock_construct_alloc(_ntl_gbigint_body**, long, long) (lip.cpp:6279)
  n2: 2287296 0x228994: NTL::BasicBlockConstruct(NTL::ZZ_p*, long, long) (ZZ.h:1041)
   n0: 1143648 0x16C5A0: void NTL::VecStrategy<true>::do_BlockConstruct<NTL::ZZ_p>(NTL::ZZ_p*, long) (in /home/reti/dongHyeon/Function-hiding-IPE/build/bin/p-norm-ipe-test)
   n1: 1143648 0x228A36: NTL::BlockConstructFromVec(NTL::ZZ_p*, long, NTL::ZZ_p const*) (vec_ZZ_p.cpp:43)
    n0: 1143648 0x16C17C: void NTL::VecStrategy<true>::do_BlockConstructFromVec<NTL::ZZ_p>(NTL::ZZ_p*, long, NTL::ZZ_p const*) (in /home/reti/dongHyeon/Function-hiding-IPE/build/bin/p-norm-ipe-test)
 n0: 218880 0x16B152: NTL::Vec<NTL::ZZ_p>::AllocateTo(long) (in /home/reti/dongHyeon/Function-hiding-IPE/build/bin/p-norm-ipe-test)
 n0: 34073 in 28 places, all below massif's threshold (1.00%)
#-----------
snapshot=29
#-----------
time=402633544
mem_heap_B=1329869
mem_heap_extra_B=6435
mem_stacks_B=0
heap_tree=empty
#-----------
snapshot=30
#-----------
time=424237976
mem_heap_B=1330033
mem_heap_extra_B=6455
mem_stacks_B=0
heap_tree=empty
#-----------
snapshot=31
#-----------
time=443842074
mem_heap_B=1330097
mem_heap_extra_B=6471
mem_stacks_B=0
heap_tree=empty
#-----------
snapshot=32
#-----------
time=458580710
mem_heap_B=1330237
mem_heap_extra_B=6507
mem_stacks_B=0
heap_tree=detailed
n5: 1330237 (heap allocation functions) malloc/new/new[], --alloc-fns, etc.
 n1: 1153680 0x20664E: _ntl_gblock_construct_alloc(_ntl_gbigint_body**, long, long) (lip.cpp:6279)
  n2: 1153680 0x228994: NTL::BasicBlockConstruct(NTL::ZZ_p*, long, long) (ZZ.h:1041)
   n1: 1148664 0x228A36: NTL::BlockConstructFromVec(NTL::ZZ_p*, long, NTL::ZZ_p const*) (vec_ZZ_p.cpp:43)
    n0: 1148664 0x16C17C: void NTL::VecStrategy<true>::do_BlockConstructFromVec<NTL::ZZ_p>(NTL::ZZ_p*, long, NTL::ZZ_p const*) (in /home/reti/dongHyeon/Function-hiding-IPE/build/bin/p-norm-ipe-test)
   n0: 5016 in 1 place, below massif's threshold (1.00%)
 n0: 110400 0x16B152: NTL::Vec<NTL::ZZ_p>::AllocateTo(long) (in /home/reti/dongHyeon/Function-hiding-IPE/build/bin/p-norm-ipe-test)
 n0: 32832 0x16AEC4: mcl::Array<mcl::EcT<mcl::Fp2T<mcl::FpT<mcl::bn::local::FpTag, 384u> > > >::resize(unsigned int) (in /home/reti/dongHyeon/Function-hiding-IPE/build/bin/p-norm-ipe-test)
 n0: 20224 0x48F4F42: ??? (in /usr/lib/arm-linux-gnueabihf/libstdc++.so.6.0.26)
 n0: 13101 in 53 places, all below massif's threshold (1.00%)
#-----------
snapshot=33
#-----------
time=468450264
mem_heap_B=1330285
mem_heap_extra_B=6539
mem_stacks_B=0
heap_tree=empty
#-----------
snapshot=34
#-----------
time=483769766
mem_heap_B=1330477
mem_heap_extra_B=6579
mem_stacks_B=0
heap_tree=empty
#-----------
snapshot=35
#-----------
time=493833074
mem_heap_B=1330477
mem_heap_extra_B=6579
mem_stacks_B=0
heap_tree=empty
#-----------
snapshot=36
#-----------
time=513374602
mem_heap_B=1330477
mem_heap_extra_B=6579
mem_stacks_B=0
heap_tree=empty
#-----------
snapshot=37
#-----------
time=528040055
mem_heap_B=1330477
mem_heap_extra_B=6579
mem_stacks_B=0
heap_tree=empty
#-----------
snapshot=38
#-----------
time=537870468
mem_heap_B=1330477
mem_heap_extra_B=6579
mem_stacks_B=0
heap_tree=empty
#-----------
snapshot=39
#-----------
time=552539668
mem_heap_B=1330337
mem_heap_extra_B=6543
mem_stacks_B=0
heap_tree=empty
#-----------
snapshot=40
#-----------
time=572134962
mem_heap_B=1330337
mem_heap_extra_B=6543
mem_stacks_B=0
heap_tree=empty
#-----------
snapshot=41
#-----------
time=586836094
mem_heap_B=1330337
mem_heap_extra_B=6543
mem_stacks_B=0
heap_tree=empty
#-----------
snapshot=42
#-----------
time=606539103
mem_heap_B=1330337
mem_heap_extra_B=6543
mem_stacks_B=0
heap_tree=empty
#-----------
snapshot=43
#-----------
time=621120588
mem_heap_B=1330477
mem_heap_extra_B=6579
mem_stacks_B=0
heap_tree=detailed
n5: 1330477 (heap allocation functions) malloc/new/new[], --alloc-fns, etc.
 n1: 1153680 0x20664E: _ntl_gblock_construct_alloc(_ntl_gbigint_body**, long, long) (lip.cpp:6279)
  n2: 1153680 0x228994: NTL::BasicBlockConstruct(NTL::ZZ_p*, long, long) (ZZ.h:1041)
   n1: 1148664 0x228A36: NTL::BlockConstructFromVec(NTL::ZZ_p*, long, NTL::ZZ_p const*) (vec_ZZ_p.cpp:43)
    n0: 1148664 0x16C17C: void NTL::VecStrategy<true>::do_BlockConstructFromVec<NTL::ZZ_p>(NTL::ZZ_p*, long, NTL::ZZ_p const*) (in /home/reti/dongHyeon/Function-hiding-IPE/build/bin/p-norm-ipe-test)
   n0: 5016 in 1 place, below massif's threshold (1.00%)
 n0: 110400 0x16B152: NTL::Vec<NTL::ZZ_p>::AllocateTo(long) (in /home/reti/dongHyeon/Function-hiding-IPE/build/bin/p-norm-ipe-test)
 n0: 32832 0x16AEC4: mcl::Array<mcl::EcT<mcl::Fp2T<mcl::FpT<mcl::bn::local::FpTag, 384u> > > >::resize(unsigned int) (in /home/reti/dongHyeon/Function-hiding-IPE/build/bin/p-norm-ipe-test)
 n0: 20224 0x48F4F42: ??? (in /usr/lib/arm-linux-gnueabihf/libstdc++.so.6.0.26)
 n0: 13341 in 53 places, all below massif's threshold (1.00%)
#-----------
snapshot=44
#-----------
time=632227550
mem_heap_B=1330477
mem_heap_extra_B=6579
mem_stacks_B=0
heap_tree=empty
#-----------
snapshot=45
#-----------
time=642850455
mem_heap_B=1330477
mem_heap_extra_B=6579
mem_stacks_B=0
heap_tree=empty
#-----------
snapshot=46
#-----------
time=662131091
mem_heap_B=1330477
mem_heap_extra_B=6579
mem_stacks_B=0
heap_tree=empty
#-----------
snapshot=47
#-----------
time=681553210
mem_heap_B=1330477
mem_heap_extra_B=6579
mem_stacks_B=0
heap_tree=empty
#-----------
snapshot=48
#-----------
time=700838430
mem_heap_B=1330477
mem_heap_extra_B=6579
mem_stacks_B=0
heap_tree=empty
#-----------
snapshot=49
#-----------
time=715540281
mem_heap_B=1330337
mem_heap_extra_B=6543
mem_stacks_B=0
heap_tree=empty
#-----------
snapshot=50
#-----------
time=725267793
mem_heap_B=1330477
mem_heap_extra_B=6579
mem_stacks_B=0
heap_tree=empty
#-----------
snapshot=51
#-----------
time=734933462
mem_heap_B=1330477
mem_heap_extra_B=6579
mem_stacks_B=0
heap_tree=empty
#-----------
snapshot=52
#-----------
time=744607657
mem_heap_B=1330477
mem_heap_extra_B=6579
mem_stacks_B=0
heap_tree=empty
#-----------
snapshot=53
#-----------
time=754244685
mem_heap_B=1330477
mem_heap_extra_B=6579
mem_stacks_B=0
heap_tree=empty
#-----------
snapshot=54
#-----------
time=764141108
mem_heap_B=1330477
mem_heap_extra_B=6579
mem_stacks_B=0
heap_tree=detailed
n5: 1330477 (heap allocation functions) malloc/new/new[], --alloc-fns, etc.
 n1: 1153680 0x20664E: _ntl_gblock_construct_alloc(_ntl_gbigint_body**, long, long) (lip.cpp:6279)
  n2: 1153680 0x228994: NTL::BasicBlockConstruct(NTL::ZZ_p*, long, long) (ZZ.h:1041)
   n1: 1148664 0x228A36: NTL::BlockConstructFromVec(NTL::ZZ_p*, long, NTL::ZZ_p const*) (vec_ZZ_p.cpp:43)
    n0: 1148664 0x16C17C: void NTL::VecStrategy<true>::do_BlockConstructFromVec<NTL::ZZ_p>(NTL::ZZ_p*, long, NTL::ZZ_p const*) (in /home/reti/dongHyeon/Function-hiding-IPE/build/bin/p-norm-ipe-test)
   n0: 5016 in 1 place, below massif's threshold (1.00%)
 n0: 110400 0x16B152: NTL::Vec<NTL::ZZ_p>::AllocateTo(long) (in /home/reti/dongHyeon/Function-hiding-IPE/build/bin/p-norm-ipe-test)
 n0: 32832 0x16AEC4: mcl::Array<mcl::EcT<mcl::Fp2T<mcl::FpT<mcl::bn::local::FpTag, 384u> > > >::resize(unsigned int) (in /home/reti/dongHyeon/Function-hiding-IPE/build/bin/p-norm-ipe-test)
 n0: 20224 0x48F4F42: ??? (in /usr/lib/arm-linux-gnueabihf/libstdc++.so.6.0.26)
 n0: 13341 in 53 places, all below massif's threshold (1.00%)
#-----------
snapshot=55
#-----------
time=773930713
mem_heap_B=1330477
mem_heap_extra_B=6579
mem_stacks_B=0
heap_tree=empty
#-----------
snapshot=56
#-----------
time=783603975
mem_heap_B=1330477
mem_heap_extra_B=6579
mem_stacks_B=0
heap_tree=empty
#-----------
snapshot=57
#-----------
time=793458212
mem_heap_B=1330477
mem_heap_extra_B=6579
mem_stacks_B=0
heap_tree=empty
#-----------
snapshot=58
#-----------
time=802894928
mem_heap_B=1330477
mem_heap_extra_B=6579
mem_stacks_B=0
heap_tree=empty
#-----------
snapshot=59
#-----------
time=812443595
mem_heap_B=1330477
mem_heap_extra_B=6579
mem_stacks_B=0
heap_tree=empty
#-----------
snapshot=60
#-----------
time=822311936
mem_heap_B=1330477
mem_heap_extra_B=6579
mem_stacks_B=0
heap_tree=empty
#-----------
snapshot=61
#-----------
time=832087914
mem_heap_B=1330477
mem_heap_extra_B=6579
mem_stacks_B=0
heap_tree=empty
#-----------
snapshot=62
#-----------
time=842067679
mem_heap_B=1330477
mem_heap_extra_B=6579
mem_stacks_B=0
heap_tree=empty
#-----------
snapshot=63
#-----------
time=852007660
mem_heap_B=1330477
mem_heap_extra_B=6579
mem_stacks_B=0
heap_tree=empty
#-----------
snapshot=64
#-----------
time=862004192
mem_heap_B=1330477
mem_heap_extra_B=6579
mem_stacks_B=0
heap_tree=detailed
n5: 1330477 (heap allocation functions) malloc/new/new[], --alloc-fns, etc.
 n1: 1153680 0x20664E: _ntl_gblock_construct_alloc(_ntl_gbigint_body**, long, long) (lip.cpp:6279)
  n2: 1153680 0x228994: NTL::BasicBlockConstruct(NTL::ZZ_p*, long, long) (ZZ.h:1041)
   n1: 1148664 0x228A36: NTL::BlockConstructFromVec(NTL::ZZ_p*, long, NTL::ZZ_p const*) (vec_ZZ_p.cpp:43)
    n0: 1148664 0x16C17C: void NTL::VecStrategy<true>::do_BlockConstructFromVec<NTL::ZZ_p>(NTL::ZZ_p*, long, NTL::ZZ_p const*) (in /home/reti/dongHyeon/Function-hiding-IPE/build/bin/p-norm-ipe-test)
   n0: 5016 in 1 place, below massif's threshold (1.00%)
 n0: 110400 0x16B152: NTL::Vec<NTL::ZZ_p>::AllocateTo(long) (in /home/reti/dongHyeon/Function-hiding-IPE/build/bin/p-norm-ipe-test)
 n0: 32832 0x16AEC4: mcl::Array<mcl::EcT<mcl::Fp2T<mcl::FpT<mcl::bn::local::FpTag, 384u> > > >::resize(unsigned int) (in /home/reti/dongHyeon/Function-hiding-IPE/build/bin/p-norm-ipe-test)
 n0: 20224 0x48F4F42: ??? (in /usr/lib/arm-linux-gnueabihf/libstdc++.so.6.0.26)
 n0: 13341 in 53 places, all below massif's threshold (1.00%)
#-----------
snapshot=65
#-----------
time=871868924
mem_heap_B=1330477
mem_heap_extra_B=6579
mem_stacks_B=0
heap_tree=empty
#-----------
snapshot=66
#-----------
time=881445298
mem_heap_B=1330477
mem_heap_extra_B=6579
mem_stacks_B=0
heap_tree=empty
#-----------
snapshot=67
#-----------
time=891105157
mem_heap_B=1330477
mem_heap_extra_B=6579
mem_stacks_B=0
heap_tree=empty
#-----------
snapshot=68
#-----------
time=901003270
mem_heap_B=1330477
mem_heap_extra_B=6579
mem_stacks_B=0
heap_tree=empty
#-----------
snapshot=69
#-----------
time=910880686
mem_heap_B=1330477
mem_heap_extra_B=6579
mem_stacks_B=0
heap_tree=empty
#-----------
snapshot=70
#-----------
time=920555534
mem_heap_B=1330237
mem_heap_extra_B=6507
mem_stacks_B=0
heap_tree=empty
#-----------
snapshot=71
#-----------
time=930050395
mem_heap_B=1330237
mem_heap_extra_B=6507
mem_stacks_B=0
heap_tree=empty
#-----------
snapshot=72
#-----------
time=939819430
mem_heap_B=1330237
mem_heap_extra_B=6507
mem_stacks_B=0
heap_tree=empty
#-----------
snapshot=73
#-----------
time=949689465
mem_heap_B=1330237
mem_heap_extra_B=6507
mem_stacks_B=0
heap_tree=empty
#-----------
snapshot=74
#-----------
time=959333414
mem_heap_B=1330237
mem_heap_extra_B=6507
mem_stacks_B=0
heap_tree=detailed
n5: 1330237 (heap allocation functions) malloc/new/new[], --alloc-fns, etc.
 n1: 1153680 0x20664E: _ntl_gblock_construct_alloc(_ntl_gbigint_body**, long, long) (lip.cpp:6279)
  n2: 1153680 0x228994: NTL::BasicBlockConstruct(NTL::ZZ_p*, long, long) (ZZ.h:1041)
   n1: 1148664 0x228A36: NTL::BlockConstructFromVec(NTL::ZZ_p*, long, NTL::ZZ_p const*) (vec_ZZ_p.cpp:43)
    n0: 1148664 0x16C17C: void NTL::VecStrategy<true>::do_BlockConstructFromVec<NTL::ZZ_p>(NTL::ZZ_p*, long, NTL::ZZ_p const*) (in /home/reti/dongHyeon/Function-hiding-IPE/build/bin/p-norm-ipe-test)
   n0: 5016 in 1 place, below massif's threshold (1.00%)
 n0: 110400 0x16B152: NTL::Vec<NTL::ZZ_p>::AllocateTo(long) (in /home/reti/dongHyeon/Function-hiding-IPE/build/bin/p-norm-ipe-test)
 n0: 32832 0x16AEC4: mcl::Array<mcl::EcT<mcl::Fp2T<mcl::FpT<mcl::bn::local::FpTag, 384u> > > >::resize(unsigned int) (in /home/reti/dongHyeon/Function-hiding-IPE/build/bin/p-norm-ipe-test)
 n0: 20224 0x48F4F42: ??? (in /usr/lib/arm-linux-gnueabihf/libstdc++.so.6.0.26)
 n0: 13101 in 53 places, all below massif's threshold (1.00%)
#-----------
snapshot=75
#-----------
time=969295163
mem_heap_B=1330237
mem_heap_extra_B=6507
mem_stacks_B=0
heap_tree=empty
#-----------
snapshot=76
#-----------
time=979148548
mem_heap_B=1330237
mem_heap_extra_B=6507
mem_stacks_B=0
heap_tree=empty
#-----------
snapshot=77
#-----------
time=988754756
mem_heap_B=1330237
mem_heap_extra_B=6507
mem_stacks_B=0
heap_tree=empty
