desc: --massif-out-file=encrypt/memory-32-10-10.log
cmd: ./p-norm-ipe-test encrypt 32 10 10
time_unit: i
#-----------
snapshot=0
#-----------
time=0
mem_heap_B=0
mem_heap_extra_B=0
mem_stacks_B=0
heap_tree=empty
#-----------
snapshot=1
#-----------
time=80580822
mem_heap_B=243705
mem_heap_extra_B=1103
mem_stacks_B=0
heap_tree=empty
#-----------
snapshot=2
#-----------
time=193976134
mem_heap_B=646113
mem_heap_extra_B=1591
mem_stacks_B=0
heap_tree=empty
#-----------
snapshot=3
#-----------
time=265717182
mem_heap_B=911241
mem_heap_extra_B=1895
mem_stacks_B=0
heap_tree=detailed
n4: 911241 (heap allocation functions) malloc/new/new[], --alloc-fns, etc.
 n1: 804320 0x20664E: _ntl_gblock_construct_alloc(_ntl_gbigint_body**, long, long) (lip.cpp:6279)
  n2: 804320 0x228994: NTL::BasicBlockConstruct(NTL::ZZ_p*, long, long) (ZZ.h:1041)
   n1: 791120 0x228A36: NTL::BlockConstructFromVec(NTL::ZZ_p*, long, NTL::ZZ_p const*) (vec_ZZ_p.cpp:43)
    n0: 791120 0x16C17C: void NTL::VecStrategy<true>::do_BlockConstructFromVec<NTL::ZZ_p>(NTL::ZZ_p*, long, NTL::ZZ_p const*) (in /home/reti/dongHyeon/Function-hiding-IPE/build/bin/p-norm-ipe-test)
   n0: 13200 0x16C5A0: void NTL::VecStrategy<true>::do_BlockConstruct<NTL::ZZ_p>(NTL::ZZ_p*, long) (in /home/reti/dongHyeon/Function-hiding-IPE/build/bin/p-norm-ipe-test)
 n0: 73408 0x16B152: NTL::Vec<NTL::ZZ_p>::AllocateTo(long) (in /home/reti/dongHyeon/Function-hiding-IPE/build/bin/p-norm-ipe-test)
 n0: 20224 0x48F4F42: ??? (in /usr/lib/arm-linux-gnueabihf/libstdc++.so.6.0.26)
 n0: 13289 in 26 places, all below massif's threshold (1.00%)
#-----------
snapshot=4
#-----------
time=348726006
mem_heap_B=1191305
mem_heap_extra_B=2223
mem_stacks_B=0
heap_tree=empty
#-----------
snapshot=5
#-----------
time=427835927
mem_heap_B=1483153
mem_heap_extra_B=2551
mem_stacks_B=0
heap_tree=detailed
n4: 1483153 (heap allocation functions) malloc/new/new[], --alloc-fns, etc.
 n1: 1327480 0x20664E: _ntl_gblock_construct_alloc(_ntl_gbigint_body**, long, long) (lip.cpp:6279)
  n2: 1327480 0x228994: NTL::BasicBlockConstruct(NTL::ZZ_p*, long, long) (ZZ.h:1041)
   n1: 1314280 0x228A36: NTL::BlockConstructFromVec(NTL::ZZ_p*, long, NTL::ZZ_p const*) (vec_ZZ_p.cpp:43)
    n0: 1314280 0x16C17C: void NTL::VecStrategy<true>::do_BlockConstructFromVec<NTL::ZZ_p>(NTL::ZZ_p*, long, NTL::ZZ_p const*) (in /home/reti/dongHyeon/Function-hiding-IPE/build/bin/p-norm-ipe-test)
   n0: 13200 in 1 place, below massif's threshold (1.00%)
 n0: 121952 0x16B152: NTL::Vec<NTL::ZZ_p>::AllocateTo(long) (in /home/reti/dongHyeon/Function-hiding-IPE/build/bin/p-norm-ipe-test)
 n0: 20224 0x48F4F42: ??? (in /usr/lib/arm-linux-gnueabihf/libstdc++.so.6.0.26)
 n0: 13497 in 26 places, all below massif's threshold (1.00%)
#-----------
snapshot=6
#-----------
time=503636124
mem_heap_B=1736113
mem_heap_extra_B=2815
mem_stacks_B=0
heap_tree=empty
#-----------
snapshot=7
#-----------
time=617618029
mem_heap_B=2152769
mem_heap_extra_B=3319
mem_stacks_B=0
heap_tree=detailed
n3: 2152769 (heap allocation functions) malloc/new/new[], --alloc-fns, etc.
 n1: 1939960 0x20664E: _ntl_gblock_construct_alloc(_ntl_gbigint_body**, long, long) (lip.cpp:6279)
  n2: 1939960 0x228994: NTL::BasicBlockConstruct(NTL::ZZ_p*, long, long) (ZZ.h:1041)
   n1: 1926760 0x228A36: NTL::BlockConstructFromVec(NTL::ZZ_p*, long, NTL::ZZ_p const*) (vec_ZZ_p.cpp:43)
    n0: 1926760 0x16C17C: void NTL::VecStrategy<true>::do_BlockConstructFromVec<NTL::ZZ_p>(NTL::ZZ_p*, long, NTL::ZZ_p const*) (in /home/reti/dongHyeon/Function-hiding-IPE/build/bin/p-norm-ipe-test)
   n0: 13200 in 1 place, below massif's threshold (1.00%)
 n0: 178784 0x16B152: NTL::Vec<NTL::ZZ_p>::AllocateTo(long) (in /home/reti/dongHyeon/Function-hiding-IPE/build/bin/p-norm-ipe-test)
 n0: 34025 in 27 places, all below massif's threshold (1.00%)
#-----------
snapshot=8
#-----------
time=704605879
mem_heap_B=2459537
mem_heap_extra_B=3671
mem_stacks_B=0
heap_tree=detailed
n3: 2459537 (heap allocation functions) malloc/new/new[], --alloc-fns, etc.
 n1: 2220680 0x20664E: _ntl_gblock_construct_alloc(_ntl_gbigint_body**, long, long) (lip.cpp:6279)
  n2: 2220680 0x228994: NTL::BasicBlockConstruct(NTL::ZZ_p*, long, long) (ZZ.h:1041)
   n1: 2207480 0x228A36: NTL::BlockConstructFromVec(NTL::ZZ_p*, long, NTL::ZZ_p const*) (vec_ZZ_p.cpp:43)
    n0: 2207480 0x16C17C: void NTL::VecStrategy<true>::do_BlockConstructFromVec<NTL::ZZ_p>(NTL::ZZ_p*, long, NTL::ZZ_p const*) (in /home/reti/dongHyeon/Function-hiding-IPE/build/bin/p-norm-ipe-test)
   n0: 13200 in 1 place, below massif's threshold (1.00%)
 n0: 204832 0x16B152: NTL::Vec<NTL::ZZ_p>::AllocateTo(long) (in /home/reti/dongHyeon/Function-hiding-IPE/build/bin/p-norm-ipe-test)
 n0: 34025 in 27 places, all below massif's threshold (1.00%)
#-----------
snapshot=9
#-----------
time=759967530
mem_heap_B=2654753
mem_heap_extra_B=3895
mem_stacks_B=0
heap_tree=detailed
n3: 2654753 (heap allocation functions) malloc/new/new[], --alloc-fns, etc.
 n1: 2399320 0x20664E: _ntl_gblock_construct_alloc(_ntl_gbigint_body**, long, long) (lip.cpp:6279)
  n2: 2399320 0x228994: NTL::BasicBlockConstruct(NTL::ZZ_p*, long, long) (ZZ.h:1041)
   n1: 2386120 0x228A36: NTL::BlockConstructFromVec(NTL::ZZ_p*, long, NTL::ZZ_p const*) (vec_ZZ_p.cpp:43)
    n0: 2386120 0x16C17C: void NTL::VecStrategy<true>::do_BlockConstructFromVec<NTL::ZZ_p>(NTL::ZZ_p*, long, NTL::ZZ_p const*) (in /home/reti/dongHyeon/Function-hiding-IPE/build/bin/p-norm-ipe-test)
   n0: 13200 in 1 place, below massif's threshold (1.00%)
 n0: 221408 0x16B152: NTL::Vec<NTL::ZZ_p>::AllocateTo(long) (in /home/reti/dongHyeon/Function-hiding-IPE/build/bin/p-norm-ipe-test)
 n0: 34025 in 27 places, all below massif's threshold (1.00%)
#-----------
snapshot=10
#-----------
time=846958070
mem_heap_B=2961985
mem_heap_extra_B=4247
mem_stacks_B=0
heap_tree=detailed
n3: 2961985 (heap allocation functions) malloc/new/new[], --alloc-fns, etc.
 n1: 2680040 0x20664E: _ntl_gblock_construct_alloc(_ntl_gbigint_body**, long, long) (lip.cpp:6279)
  n2: 2680040 0x228994: NTL::BasicBlockConstruct(NTL::ZZ_p*, long, long) (ZZ.h:1041)
   n1: 2666840 0x228A36: NTL::BlockConstructFromVec(NTL::ZZ_p*, long, NTL::ZZ_p const*) (vec_ZZ_p.cpp:43)
    n0: 2666840 0x16C17C: void NTL::VecStrategy<true>::do_BlockConstructFromVec<NTL::ZZ_p>(NTL::ZZ_p*, long, NTL::ZZ_p const*) (in /home/reti/dongHyeon/Function-hiding-IPE/build/bin/p-norm-ipe-test)
   n0: 13200 in 1 place, below massif's threshold (1.00%)
 n0: 247456 0x16B152: NTL::Vec<NTL::ZZ_p>::AllocateTo(long) (in /home/reti/dongHyeon/Function-hiding-IPE/build/bin/p-norm-ipe-test)
 n0: 34489 in 27 places, all below massif's threshold (1.00%)
#-----------
snapshot=11
#-----------
time=953705192
mem_heap_B=3338473
mem_heap_extra_B=4679
mem_stacks_B=0
heap_tree=detailed
n3: 3338473 (heap allocation functions) malloc/new/new[], --alloc-fns, etc.
 n1: 3024560 0x20664E: _ntl_gblock_construct_alloc(_ntl_gbigint_body**, long, long) (lip.cpp:6279)
  n2: 3024560 0x228994: NTL::BasicBlockConstruct(NTL::ZZ_p*, long, long) (ZZ.h:1041)
   n1: 3011360 0x228A36: NTL::BlockConstructFromVec(NTL::ZZ_p*, long, NTL::ZZ_p const*) (vec_ZZ_p.cpp:43)
    n0: 3011360 0x16C17C: void NTL::VecStrategy<true>::do_BlockConstructFromVec<NTL::ZZ_p>(NTL::ZZ_p*, long, NTL::ZZ_p const*) (in /home/reti/dongHyeon/Function-hiding-IPE/build/bin/p-norm-ipe-test)
   n0: 13200 in 1 place, below massif's threshold (1.00%)
 n0: 279424 0x16B152: NTL::Vec<NTL::ZZ_p>::AllocateTo(long) (in /home/reti/dongHyeon/Function-hiding-IPE/build/bin/p-norm-ipe-test)
 n0: 34489 in 27 places, all below massif's threshold (1.00%)
#-----------
snapshot=12
#-----------
time=1036744634
mem_heap_B=3631297
mem_heap_extra_B=5015
mem_stacks_B=0
heap_tree=detailed
n3: 3631297 (heap allocation functions) malloc/new/new[], --alloc-fns, etc.
 n1: 3292520 0x20664E: _ntl_gblock_construct_alloc(_ntl_gbigint_body**, long, long) (lip.cpp:6279)
  n2: 3292520 0x228994: NTL::BasicBlockConstruct(NTL::ZZ_p*, long, long) (ZZ.h:1041)
   n1: 3279320 0x228A36: NTL::BlockConstructFromVec(NTL::ZZ_p*, long, NTL::ZZ_p const*) (vec_ZZ_p.cpp:43)
    n0: 3279320 0x16C17C: void NTL::VecStrategy<true>::do_BlockConstructFromVec<NTL::ZZ_p>(NTL::ZZ_p*, long, NTL::ZZ_p const*) (in /home/reti/dongHyeon/Function-hiding-IPE/build/bin/p-norm-ipe-test)
   n0: 13200 in 1 place, below massif's threshold (1.00%)
 n0: 304288 0x16B152: NTL::Vec<NTL::ZZ_p>::AllocateTo(long) (in /home/reti/dongHyeon/Function-hiding-IPE/build/bin/p-norm-ipe-test)
 n0: 34489 in 27 places, all below massif's threshold (1.00%)
#-----------
snapshot=13
#-----------
time=1131647504
mem_heap_B=3965953
mem_heap_extra_B=5399
mem_stacks_B=0
heap_tree=detailed
n3: 3965953 (heap allocation functions) malloc/new/new[], --alloc-fns, etc.
 n1: 3598760 0x20664E: _ntl_gblock_construct_alloc(_ntl_gbigint_body**, long, long) (lip.cpp:6279)
  n2: 3598760 0x228994: NTL::BasicBlockConstruct(NTL::ZZ_p*, long, long) (ZZ.h:1041)
   n1: 3585560 0x228A36: NTL::BlockConstructFromVec(NTL::ZZ_p*, long, NTL::ZZ_p const*) (vec_ZZ_p.cpp:43)
    n0: 3585560 0x16C17C: void NTL::VecStrategy<true>::do_BlockConstructFromVec<NTL::ZZ_p>(NTL::ZZ_p*, long, NTL::ZZ_p const*) (in /home/reti/dongHyeon/Function-hiding-IPE/build/bin/p-norm-ipe-test)
   n0: 13200 in 1 place, below massif's threshold (1.00%)
 n0: 332704 0x16B152: NTL::Vec<NTL::ZZ_p>::AllocateTo(long) (in /home/reti/dongHyeon/Function-hiding-IPE/build/bin/p-norm-ipe-test)
 n0: 34489 in 27 places, all below massif's threshold (1.00%)
#-----------
snapshot=14
#-----------
time=1202711434
mem_heap_B=4119353
mem_heap_extra_B=5583
mem_stacks_B=0
heap_tree=empty
#-----------
snapshot=15
#-----------
time=1310052003
mem_heap_B=4507585
mem_heap_extra_B=6023
mem_stacks_B=0
heap_tree=empty
#-----------
snapshot=16
#-----------
time=1395119269
mem_heap_B=4795737
mem_heap_extra_B=6343
mem_stacks_B=0
heap_tree=empty
#-----------
snapshot=17
#-----------
time=1455788188
mem_heap_B=5011961
mem_heap_extra_B=6607
mem_stacks_B=0
heap_tree=empty
#-----------
snapshot=18
#-----------
time=1553273333
mem_heap_B=5353497
mem_heap_extra_B=6983
mem_stacks_B=0
heap_tree=empty
#-----------
snapshot=19
#-----------
time=1634963583
mem_heap_B=5641617
mem_heap_extra_B=7303
mem_stacks_B=0
heap_tree=empty
#-----------
snapshot=20
#-----------
time=1700927620
mem_heap_B=5876697
mem_heap_extra_B=7599
mem_stacks_B=0
heap_tree=detailed
n3: 5876697 (heap allocation functions) malloc/new/new[], --alloc-fns, etc.
 n1: 5346880 0x20664E: _ntl_gblock_construct_alloc(_ntl_gbigint_body**, long, long) (lip.cpp:6279)
  n2: 5346880 0x228994: NTL::BasicBlockConstruct(NTL::ZZ_p*, long, long) (ZZ.h:1041)
   n0: 3713600 0x16C5A0: void NTL::VecStrategy<true>::do_BlockConstruct<NTL::ZZ_p>(NTL::ZZ_p*, long) (in /home/reti/dongHyeon/Function-hiding-IPE/build/bin/p-norm-ipe-test)
   n1: 1633280 0x228A36: NTL::BlockConstructFromVec(NTL::ZZ_p*, long, NTL::ZZ_p const*) (vec_ZZ_p.cpp:43)
    n0: 1633280 0x16C17C: void NTL::VecStrategy<true>::do_BlockConstructFromVec<NTL::ZZ_p>(NTL::ZZ_p*, long, NTL::ZZ_p const*) (in /home/reti/dongHyeon/Function-hiding-IPE/build/bin/p-norm-ipe-test)
 n0: 494912 0x16B152: NTL::Vec<NTL::ZZ_p>::AllocateTo(long) (in /home/reti/dongHyeon/Function-hiding-IPE/build/bin/p-norm-ipe-test)
 n0: 34905 in 27 places, all below massif's threshold (1.00%)
#-----------
snapshot=21
#-----------
time=1815576560
mem_heap_B=6281377
mem_heap_extra_B=8063
mem_stacks_B=0
heap_tree=empty
#-----------
snapshot=22
#-----------
time=1897252291
mem_heap_B=6567137
mem_heap_extra_B=8375
mem_stacks_B=0
heap_tree=empty
#-----------
snapshot=23
#-----------
time=1962433221
mem_heap_B=6809049
mem_heap_extra_B=8663
mem_stacks_B=0
heap_tree=empty
#-----------
snapshot=24
#-----------
time=2077092755
mem_heap_B=7213889
mem_heap_extra_B=9127
mem_stacks_B=0
heap_tree=empty
#-----------
snapshot=25
#-----------
time=2143066181
mem_heap_B=7434793
mem_heap_extra_B=9375
mem_stacks_B=0
heap_tree=empty
#-----------
snapshot=26
#-----------
time=2257735982
mem_heap_B=7839169
mem_heap_extra_B=9839
mem_stacks_B=0
heap_tree=empty
#-----------
snapshot=27
#-----------
time=2306435427
mem_heap_B=8022641
mem_heap_extra_B=10055
mem_stacks_B=0
heap_tree=empty
#-----------
snapshot=28
#-----------
time=2379373795
mem_heap_B=16211993
mem_heap_extra_B=19447
mem_stacks_B=0
heap_tree=peak
n3: 16211993 (heap allocation functions) malloc/new/new[], --alloc-fns, etc.
 n1: 14801600 0x20664E: _ntl_gblock_construct_alloc(_ntl_gbigint_body**, long, long) (lip.cpp:6279)
  n2: 14801600 0x228994: NTL::BasicBlockConstruct(NTL::ZZ_p*, long, long) (ZZ.h:1041)
   n0: 7400800 0x16C5A0: void NTL::VecStrategy<true>::do_BlockConstruct<NTL::ZZ_p>(NTL::ZZ_p*, long) (in /home/reti/dongHyeon/Function-hiding-IPE/build/bin/p-norm-ipe-test)
   n1: 7400800 0x228A36: NTL::BlockConstructFromVec(NTL::ZZ_p*, long, NTL::ZZ_p const*) (vec_ZZ_p.cpp:43)
    n0: 7400800 0x16C17C: void NTL::VecStrategy<true>::do_BlockConstructFromVec<NTL::ZZ_p>(NTL::ZZ_p*, long, NTL::ZZ_p const*) (in /home/reti/dongHyeon/Function-hiding-IPE/build/bin/p-norm-ipe-test)
 n0: 1373440 0x16B152: NTL::Vec<NTL::ZZ_p>::AllocateTo(long) (in /home/reti/dongHyeon/Function-hiding-IPE/build/bin/p-norm-ipe-test)
 n0: 36953 in 28 places, all below massif's threshold (1.00%)
#-----------
snapshot=29
#-----------
time=2488532926
mem_heap_B=8242181
mem_heap_extra_B=14571
mem_stacks_B=0
heap_tree=empty
#-----------
snapshot=30
#-----------
time=2546854741
mem_heap_B=8242181
mem_heap_extra_B=14571
mem_stacks_B=0
heap_tree=empty
#-----------
snapshot=31
#-----------
time=2606783026
mem_heap_B=8242421
mem_heap_extra_B=14643
mem_stacks_B=0
heap_tree=empty
#-----------
snapshot=32
#-----------
time=2664958298
mem_heap_B=8242661
mem_heap_extra_B=14715
mem_stacks_B=0
heap_tree=empty
#-----------
snapshot=33
#-----------
time=2754273167
mem_heap_B=8242661
mem_heap_extra_B=14715
mem_stacks_B=0
heap_tree=empty
#-----------
snapshot=34
#-----------
time=2812949840
mem_heap_B=8242661
mem_heap_extra_B=14715
mem_stacks_B=0
heap_tree=empty
#-----------
snapshot=35
#-----------
time=2871993167
mem_heap_B=8242661
mem_heap_extra_B=14715
mem_stacks_B=0
heap_tree=empty
#-----------
snapshot=36
#-----------
time=2959754594
mem_heap_B=8242661
mem_heap_extra_B=14715
mem_stacks_B=0
heap_tree=empty
#-----------
snapshot=37
#-----------
time=3018458774
mem_heap_B=8242661
mem_heap_extra_B=14715
mem_stacks_B=0
heap_tree=empty
#-----------
snapshot=38
#-----------
time=3106794284
mem_heap_B=8242661
mem_heap_extra_B=14715
mem_stacks_B=0
heap_tree=empty
#-----------
snapshot=39
#-----------
time=3194191194
mem_heap_B=8242661
mem_heap_extra_B=14715
mem_stacks_B=0
heap_tree=empty
#-----------
snapshot=40
#-----------
time=3253105342
mem_heap_B=8242661
mem_heap_extra_B=14715
mem_stacks_B=0
heap_tree=empty
#-----------
snapshot=41
#-----------
time=3314638929
mem_heap_B=8242661
mem_heap_extra_B=14715
mem_stacks_B=0
heap_tree=empty
#-----------
snapshot=42
#-----------
time=3402399785
mem_heap_B=8242661
mem_heap_extra_B=14715
mem_stacks_B=0
heap_tree=empty
#-----------
snapshot=43
#-----------
time=3461033980
mem_heap_B=8242661
mem_heap_extra_B=14715
mem_stacks_B=0
heap_tree=empty
#-----------
snapshot=44
#-----------
time=3524769880
mem_heap_B=8242421
mem_heap_extra_B=14643
mem_stacks_B=0
heap_tree=empty
#-----------
snapshot=45
#-----------
time=3583748151
mem_heap_B=8242421
mem_heap_extra_B=14643
mem_stacks_B=0
heap_tree=detailed
n4: 8242421 (heap allocation functions) malloc/new/new[], --alloc-fns, etc.
 n1: 7426320 0x20664E: _ntl_gblock_construct_alloc(_ntl_gbigint_body**, long, long) (lip.cpp:6279)
  n2: 7426320 0x228994: NTL::BasicBlockConstruct(NTL::ZZ_p*, long, long) (ZZ.h:1041)
   n1: 7413560 0x228A36: NTL::BlockConstructFromVec(NTL::ZZ_p*, long, NTL::ZZ_p const*) (vec_ZZ_p.cpp:43)
    n0: 7413560 0x16C17C: void NTL::VecStrategy<true>::do_BlockConstructFromVec<NTL::ZZ_p>(NTL::ZZ_p*, long, NTL::ZZ_p const*) (in /home/reti/dongHyeon/Function-hiding-IPE/build/bin/p-norm-ipe-test)
   n0: 12760 in 1 place, below massif's threshold (1.00%)
 n0: 689088 0x16B152: NTL::Vec<NTL::ZZ_p>::AllocateTo(long) (in /home/reti/dongHyeon/Function-hiding-IPE/build/bin/p-norm-ipe-test)
 n0: 83520 0x16AEC4: mcl::Array<mcl::EcT<mcl::Fp2T<mcl::FpT<mcl::bn::local::FpTag, 384u> > > >::resize(unsigned int) (in /home/reti/dongHyeon/Function-hiding-IPE/build/bin/p-norm-ipe-test)
 n0: 43493 in 54 places, all below massif's threshold (1.00%)
#-----------
snapshot=46
#-----------
time=3641778418
mem_heap_B=8242421
mem_heap_extra_B=14643
mem_stacks_B=0
heap_tree=empty
#-----------
snapshot=47
#-----------
time=3700799856
mem_heap_B=8242421
mem_heap_extra_B=14643
mem_stacks_B=0
heap_tree=empty
#-----------
snapshot=48
#-----------
time=3790530954
mem_heap_B=8242181
mem_heap_extra_B=14571
mem_stacks_B=0
heap_tree=empty
#-----------
snapshot=49
#-----------
time=3849807957
mem_heap_B=8242181
mem_heap_extra_B=14571
mem_stacks_B=0
heap_tree=empty
