desc: --massif-out-file=encrypt/memory-8-10-4.log
cmd: ./p-norm-ipe-test encrypt 8 10 4
time_unit: i
#-----------
snapshot=0
#-----------
time=0
mem_heap_B=0
mem_heap_extra_B=0
mem_stacks_B=0
heap_tree=empty
#-----------
snapshot=1
#-----------
time=2979793
mem_heap_B=32800
mem_heap_extra_B=8
mem_stacks_B=0
heap_tree=empty
#-----------
snapshot=2
#-----------
time=3488605
mem_heap_B=32733
mem_heap_extra_B=771
mem_stacks_B=0
heap_tree=empty
#-----------
snapshot=3
#-----------
time=11013850
mem_heap_B=32733
mem_heap_extra_B=771
mem_stacks_B=0
heap_tree=detailed
n7: 32733 (heap allocation functions) malloc/new/new[], --alloc-fns, etc.
 n0: 20224 0x48F4F42: ??? (in /usr/lib/arm-linux-gnueabihf/libstdc++.so.6.0.26)
 n1: 8192 0x493D6C6: std::basic_filebuf<char, std::char_traits<char> >::_M_allocate_internal_buffer() (in /usr/lib/arm-linux-gnueabihf/libstdc++.so.6.0.26)
  n1: 8192 0x493FFE2: std::basic_filebuf<char, std::char_traits<char> >::open(char const*, std::_Ios_Openmode) (in /usr/lib/arm-linux-gnueabihf/libstdc++.so.6.0.26)
   n0: 8192 0x49409EA: std::basic_ifstream<char, std::char_traits<char> >::basic_ifstream(std::__cxx11::basic_string<char, std::char_traits<char>, std::allocator<char> > const&, std::_Ios_Openmode) (in /usr/lib/arm-linux-gnueabihf/libstdc++.so.6.0.26)
 n0: 2700 0x24B812: __gmp_default_allocate (in /home/reti/dongHyeon/Function-hiding-IPE/build/bin/p-norm-ipe-test)
 n1: 520 0x4ADE1F0: __new_exitfn (cxa_atexit.c:114)
  n1: 520 0x4ADE264: __internal_atexit (cxa_atexit.c:44)
   n0: 520 0x251574: __libc_csu_init (in /home/reti/dongHyeon/Function-hiding-IPE/build/bin/p-norm-ipe-test)
 n1: 513 0x49658F2: std::__cxx11::basic_string<char, std::char_traits<char>, std::allocator<char> >::reserve(unsigned int) (in /usr/lib/arm-linux-gnueabihf/libstdc++.so.6.0.26)
  n0: 513 0x495D556: std::__cxx11::basic_stringbuf<char, std::char_traits<char>, std::allocator<char> >::overflow(int) (in /usr/lib/arm-linux-gnueabihf/libstdc++.so.6.0.26)
 n1: 352 0x4AFE6FA: __fopen_internal (iofopen.c:65)
  n1: 352 0x490F2C6: std::__basic_file<char>::open(char const*, std::_Ios_Openmode, int) (in /usr/lib/arm-linux-gnueabihf/libstdc++.so.6.0.26)
   n1: 352 0x493FFD4: std::basic_filebuf<char, std::char_traits<char> >::open(char const*, std::_Ios_Openmode) (in /usr/lib/arm-linux-gnueabihf/libstdc++.so.6.0.26)
    n0: 352 0x49409EA: std::basic_ifstream<char, std::char_traits<char> >::basic_ifstream(std::__cxx11::basic_string<char, std::char_traits<char>, std::allocator<char> > const&, std::_Ios_Openmode) (in /usr/lib/arm-linux-gnueabihf/libstdc++.so.6.0.26)
 n0: 232 in 7 places, all below massif's threshold (1.00%)
#-----------
snapshot=4
#-----------
time=11508622
mem_heap_B=33013
mem_heap_extra_B=755
mem_stacks_B=0
heap_tree=empty
#-----------
snapshot=5
#-----------
time=18180925
mem_heap_B=30513
mem_heap_extra_B=743
mem_stacks_B=0
heap_tree=empty
#-----------
snapshot=6
#-----------
time=19483059
mem_heap_B=30737
mem_heap_extra_B=727
mem_stacks_B=0
heap_tree=empty
#-----------
snapshot=7
#-----------
time=20396946
mem_heap_B=30785
mem_heap_extra_B=759
mem_stacks_B=0
heap_tree=empty
#-----------
snapshot=8
#-----------
time=21658618
mem_heap_B=36929
mem_heap_extra_B=903
mem_stacks_B=0
heap_tree=empty
#-----------
snapshot=9
#-----------
time=23442254
mem_heap_B=43289
mem_heap_extra_B=983
mem_stacks_B=0
heap_tree=empty
#-----------
snapshot=10
#-----------
time=24869762
mem_heap_B=48377
mem_heap_extra_B=1047
mem_stacks_B=0
heap_tree=empty
#-----------
snapshot=11
#-----------
time=25585106
mem_heap_B=50921
mem_heap_extra_B=1079
mem_stacks_B=0
heap_tree=empty
#-----------
snapshot=12
#-----------
time=26655554
mem_heap_B=54737
mem_heap_extra_B=1127
mem_stacks_B=0
heap_tree=empty
#-----------
snapshot=13
#-----------
time=28081440
mem_heap_B=59825
mem_heap_extra_B=1191
mem_stacks_B=0
heap_tree=empty
#-----------
snapshot=14
#-----------
time=29510294
mem_heap_B=64913
mem_heap_extra_B=1255
mem_stacks_B=0
heap_tree=empty
#-----------
snapshot=15
#-----------
time=30477718
mem_heap_B=67585
mem_heap_extra_B=1295
mem_stacks_B=0
heap_tree=empty
#-----------
snapshot=16
#-----------
time=31548448
mem_heap_B=71401
mem_heap_extra_B=1343
mem_stacks_B=0
heap_tree=detailed
n6: 71401 (heap allocation functions) malloc/new/new[], --alloc-fns, etc.
 n1: 35376 0x20664E: _ntl_gblock_construct_alloc(_ntl_gbigint_body**, long, long) (lip.cpp:6279)
  n2: 35376 0x228994: NTL::BasicBlockConstruct(NTL::ZZ_p*, long, long) (ZZ.h:1041)
   n0: 31944 0x16C5A0: void NTL::VecStrategy<true>::do_BlockConstruct<NTL::ZZ_p>(NTL::ZZ_p*, long) (in /home/reti/dongHyeon/Function-hiding-IPE/build/bin/p-norm-ipe-test)
   n1: 3432 0x228A36: NTL::BlockConstructFromVec(NTL::ZZ_p*, long, NTL::ZZ_p const*) (vec_ZZ_p.cpp:43)
    n0: 3432 0x16C17C: void NTL::VecStrategy<true>::do_BlockConstructFromVec<NTL::ZZ_p>(NTL::ZZ_p*, long, NTL::ZZ_p const*) (in /home/reti/dongHyeon/Function-hiding-IPE/build/bin/p-norm-ipe-test)
 n0: 20224 0x48F4F42: ??? (in /usr/lib/arm-linux-gnueabihf/libstdc++.so.6.0.26)
 n1: 8192 0x493D6C6: std::basic_filebuf<char, std::char_traits<char> >::_M_allocate_internal_buffer() (in /usr/lib/arm-linux-gnueabihf/libstdc++.so.6.0.26)
  n1: 8192 0x493FFE2: std::basic_filebuf<char, std::char_traits<char> >::open(char const*, std::_Ios_Openmode) (in /usr/lib/arm-linux-gnueabihf/libstdc++.so.6.0.26)
   n0: 8192 0x49409EA: std::basic_ifstream<char, std::char_traits<char> >::basic_ifstream(std::__cxx11::basic_string<char, std::char_traits<char>, std::allocator<char> > const&, std::_Ios_Openmode) (in /usr/lib/arm-linux-gnueabihf/libstdc++.so.6.0.26)
 n0: 4064 0x16B152: NTL::Vec<NTL::ZZ_p>::AllocateTo(long) (in /home/reti/dongHyeon/Function-hiding-IPE/build/bin/p-norm-ipe-test)
 n0: 2221 in 22 places, all below massif's threshold (1.00%)
 n0: 1324 0x24B84C: __gmp_default_reallocate (in /home/reti/dongHyeon/Function-hiding-IPE/build/bin/p-norm-ipe-test)
#-----------
snapshot=17
#-----------
time=32976350
mem_heap_B=76489
mem_heap_extra_B=1407
mem_stacks_B=0
heap_tree=empty
#-----------
snapshot=18
#-----------
time=34409138
mem_heap_B=80521
mem_heap_extra_B=1471
mem_stacks_B=0
heap_tree=empty
#-----------
snapshot=19
#-----------
time=35475472
mem_heap_B=85393
mem_heap_extra_B=1519
mem_stacks_B=0
heap_tree=detailed
n6: 85393 (heap allocation functions) malloc/new/new[], --alloc-fns, etc.
 n1: 47960 0x20664E: _ntl_gblock_construct_alloc(_ntl_gbigint_body**, long, long) (lip.cpp:6279)
  n2: 47960 0x228994: NTL::BasicBlockConstruct(NTL::ZZ_p*, long, long) (ZZ.h:1041)
   n0: 31944 0x16C5A0: void NTL::VecStrategy<true>::do_BlockConstruct<NTL::ZZ_p>(NTL::ZZ_p*, long) (in /home/reti/dongHyeon/Function-hiding-IPE/build/bin/p-norm-ipe-test)
   n1: 16016 0x228A36: NTL::BlockConstructFromVec(NTL::ZZ_p*, long, NTL::ZZ_p const*) (vec_ZZ_p.cpp:43)
    n0: 16016 0x16C17C: void NTL::VecStrategy<true>::do_BlockConstructFromVec<NTL::ZZ_p>(NTL::ZZ_p*, long, NTL::ZZ_p const*) (in /home/reti/dongHyeon/Function-hiding-IPE/build/bin/p-norm-ipe-test)
 n0: 20224 0x48F4F42: ??? (in /usr/lib/arm-linux-gnueabihf/libstdc++.so.6.0.26)
 n1: 8192 0x493D6C6: std::basic_filebuf<char, std::char_traits<char> >::_M_allocate_internal_buffer() (in /usr/lib/arm-linux-gnueabihf/libstdc++.so.6.0.26)
  n1: 8192 0x493FFE2: std::basic_filebuf<char, std::char_traits<char> >::open(char const*, std::_Ios_Openmode) (in /usr/lib/arm-linux-gnueabihf/libstdc++.so.6.0.26)
   n0: 8192 0x49409EA: std::basic_ifstream<char, std::char_traits<char> >::basic_ifstream(std::__cxx11::basic_string<char, std::char_traits<char>, std::allocator<char> > const&, std::_Ios_Openmode) (in /usr/lib/arm-linux-gnueabihf/libstdc++.so.6.0.26)
 n0: 5472 0x16B152: NTL::Vec<NTL::ZZ_p>::AllocateTo(long) (in /home/reti/dongHyeon/Function-hiding-IPE/build/bin/p-norm-ipe-test)
 n0: 2221 in 22 places, all below massif's threshold (1.00%)
 n0: 1324 0x24B84C: __gmp_default_reallocate (in /home/reti/dongHyeon/Function-hiding-IPE/build/bin/p-norm-ipe-test)
#-----------
snapshot=20
#-----------
time=36902218
mem_heap_B=90481
mem_heap_extra_B=1583
mem_stacks_B=0
heap_tree=empty
#-----------
snapshot=21
#-----------
time=37616630
mem_heap_B=93025
mem_heap_extra_B=1615
mem_stacks_B=0
heap_tree=empty
#-----------
snapshot=22
#-----------
time=38687576
mem_heap_B=96841
mem_heap_extra_B=1663
mem_stacks_B=0
heap_tree=empty
#-----------
snapshot=23
#-----------
time=39833800
mem_heap_B=164921
mem_heap_extra_B=2551
mem_stacks_B=0
heap_tree=peak
n5: 164921 (heap allocation functions) malloc/new/new[], --alloc-fns, etc.
 n1: 118976 0x20664E: _ntl_gblock_construct_alloc(_ntl_gbigint_body**, long, long) (lip.cpp:6279)
  n2: 118976 0x228994: NTL::BasicBlockConstruct(NTL::ZZ_p*, long, long) (ZZ.h:1041)
   n0: 59488 0x16C5A0: void NTL::VecStrategy<true>::do_BlockConstruct<NTL::ZZ_p>(NTL::ZZ_p*, long) (in /home/reti/dongHyeon/Function-hiding-IPE/build/bin/p-norm-ipe-test)
   n1: 59488 0x228A36: NTL::BlockConstructFromVec(NTL::ZZ_p*, long, NTL::ZZ_p const*) (vec_ZZ_p.cpp:43)
    n0: 59488 0x16C17C: void NTL::VecStrategy<true>::do_BlockConstructFromVec<NTL::ZZ_p>(NTL::ZZ_p*, long, NTL::ZZ_p const*) (in /home/reti/dongHyeon/Function-hiding-IPE/build/bin/p-norm-ipe-test)
 n0: 20224 0x48F4F42: ??? (in /usr/lib/arm-linux-gnueabihf/libstdc++.so.6.0.26)
 n0: 13312 0x16B152: NTL::Vec<NTL::ZZ_p>::AllocateTo(long) (in /home/reti/dongHyeon/Function-hiding-IPE/build/bin/p-norm-ipe-test)
 n1: 8192 0x493D6C6: std::basic_filebuf<char, std::char_traits<char> >::_M_allocate_internal_buffer() (in /usr/lib/arm-linux-gnueabihf/libstdc++.so.6.0.26)
  n1: 8192 0x493FFE2: std::basic_filebuf<char, std::char_traits<char> >::open(char const*, std::_Ios_Openmode) (in /usr/lib/arm-linux-gnueabihf/libstdc++.so.6.0.26)
   n0: 8192 0x49409EA: std::basic_ifstream<char, std::char_traits<char> >::basic_ifstream(std::__cxx11::basic_string<char, std::char_traits<char>, std::allocator<char> > const&, std::_Ios_Openmode) (in /usr/lib/arm-linux-gnueabihf/libstdc++.so.6.0.26)
 n0: 4217 in 24 places, all below massif's threshold (1.00%)
#-----------
snapshot=24
#-----------
time=40037203
mem_heap_B=91668
mem_heap_extra_B=2012
mem_stacks_B=0
heap_tree=empty
#-----------
snapshot=25
#-----------
time=44906342
mem_heap_B=91808
mem_heap_extra_B=2048
mem_stacks_B=0
heap_tree=empty
#-----------
snapshot=26
#-----------
time=45904980
mem_heap_B=94838
mem_heap_extra_B=2418
mem_stacks_B=0
heap_tree=empty
#-----------
snapshot=27
#-----------
time=47771429
mem_heap_B=104156
mem_heap_extra_B=2444
mem_stacks_B=0
heap_tree=empty
#-----------
snapshot=28
#-----------
time=51376672
mem_heap_B=104316
mem_heap_extra_B=2452
mem_stacks_B=0
heap_tree=empty
#-----------
snapshot=29
#-----------
time=66677333
mem_heap_B=104320
mem_heap_extra_B=2464
mem_stacks_B=0
heap_tree=detailed
n7: 104320 (heap allocation functions) malloc/new/new[], --alloc-fns, etc.
 n1: 61776 0x20664E: _ntl_gblock_construct_alloc(_ntl_gbigint_body**, long, long) (lip.cpp:6279)
  n2: 61776 0x228994: NTL::BasicBlockConstruct(NTL::ZZ_p*, long, long) (ZZ.h:1041)
   n1: 60632 0x228A36: NTL::BlockConstructFromVec(NTL::ZZ_p*, long, NTL::ZZ_p const*) (vec_ZZ_p.cpp:43)
    n0: 60632 0x16C17C: void NTL::VecStrategy<true>::do_BlockConstructFromVec<NTL::ZZ_p>(NTL::ZZ_p*, long, NTL::ZZ_p const*) (in /home/reti/dongHyeon/Function-hiding-IPE/build/bin/p-norm-ipe-test)
   n0: 1144 0x16C5A0: void NTL::VecStrategy<true>::do_BlockConstruct<NTL::ZZ_p>(NTL::ZZ_p*, long) (in /home/reti/dongHyeon/Function-hiding-IPE/build/bin/p-norm-ipe-test)
 n0: 20224 0x48F4F42: ??? (in /usr/lib/arm-linux-gnueabihf/libstdc++.so.6.0.26)
 n0: 7488 0x16AEC4: mcl::Array<mcl::EcT<mcl::Fp2T<mcl::FpT<mcl::bn::local::FpTag, 384u> > > >::resize(unsigned int) (in /home/reti/dongHyeon/Function-hiding-IPE/build/bin/p-norm-ipe-test)
 n0: 6912 0x16B152: NTL::Vec<NTL::ZZ_p>::AllocateTo(long) (in /home/reti/dongHyeon/Function-hiding-IPE/build/bin/p-norm-ipe-test)
 n0: 3604 in 49 places, all below massif's threshold (1.00%)
 n0: 2296 0x24B84C: __gmp_default_reallocate (in /home/reti/dongHyeon/Function-hiding-IPE/build/bin/p-norm-ipe-test)
 n0: 2020 0x4A3B166: ??? (in /usr/lib/arm-linux-gnueabihf/libgomp.so.1.0.0)
#-----------
snapshot=30
#-----------
time=71550611
mem_heap_B=104524
mem_heap_extra_B=2516
mem_stacks_B=0
heap_tree=empty
#-----------
snapshot=31
#-----------
time=76490958
mem_heap_B=104524
mem_heap_extra_B=2516
mem_stacks_B=0
heap_tree=empty
#-----------
snapshot=32
#-----------
time=76629920
mem_heap_B=104572
mem_heap_extra_B=2548
mem_stacks_B=0
heap_tree=empty
#-----------
snapshot=33
#-----------
time=81302256
mem_heap_B=104524
mem_heap_extra_B=2516
mem_stacks_B=0
heap_tree=empty
#-----------
snapshot=34
#-----------
time=81442560
mem_heap_B=104556
mem_heap_extra_B=2524
mem_stacks_B=0
heap_tree=empty
#-----------
snapshot=35
#-----------
time=86301534
mem_heap_B=104524
mem_heap_extra_B=2516
mem_stacks_B=0
heap_tree=empty
#-----------
snapshot=36
#-----------
time=86442136
mem_heap_B=104572
mem_heap_extra_B=2548
mem_stacks_B=0
heap_tree=empty
#-----------
snapshot=37
#-----------
time=89653038
mem_heap_B=104560
mem_heap_extra_B=2536
mem_stacks_B=0
heap_tree=empty
#-----------
snapshot=38
#-----------
time=89792251
mem_heap_B=104812
mem_heap_extra_B=2636
mem_stacks_B=0
heap_tree=empty
#-----------
snapshot=39
#-----------
time=94773570
mem_heap_B=104764
mem_heap_extra_B=2596
mem_stacks_B=0
heap_tree=detailed
n7: 104764 (heap allocation functions) malloc/new/new[], --alloc-fns, etc.
 n1: 61776 0x20664E: _ntl_gblock_construct_alloc(_ntl_gbigint_body**, long, long) (lip.cpp:6279)
  n2: 61776 0x228994: NTL::BasicBlockConstruct(NTL::ZZ_p*, long, long) (ZZ.h:1041)
   n1: 60632 0x228A36: NTL::BlockConstructFromVec(NTL::ZZ_p*, long, NTL::ZZ_p const*) (vec_ZZ_p.cpp:43)
    n0: 60632 0x16C17C: void NTL::VecStrategy<true>::do_BlockConstructFromVec<NTL::ZZ_p>(NTL::ZZ_p*, long, NTL::ZZ_p const*) (in /home/reti/dongHyeon/Function-hiding-IPE/build/bin/p-norm-ipe-test)
   n0: 1144 0x16C5A0: void NTL::VecStrategy<true>::do_BlockConstruct<NTL::ZZ_p>(NTL::ZZ_p*, long) (in /home/reti/dongHyeon/Function-hiding-IPE/build/bin/p-norm-ipe-test)
 n0: 20224 0x48F4F42: ??? (in /usr/lib/arm-linux-gnueabihf/libstdc++.so.6.0.26)
 n0: 7488 0x16AEC4: mcl::Array<mcl::EcT<mcl::Fp2T<mcl::FpT<mcl::bn::local::FpTag, 384u> > > >::resize(unsigned int) (in /home/reti/dongHyeon/Function-hiding-IPE/build/bin/p-norm-ipe-test)
 n0: 6912 0x16B152: NTL::Vec<NTL::ZZ_p>::AllocateTo(long) (in /home/reti/dongHyeon/Function-hiding-IPE/build/bin/p-norm-ipe-test)
 n0: 3664 in 49 places, all below massif's threshold (1.00%)
 n0: 2680 0x24B84C: __gmp_default_reallocate (in /home/reti/dongHyeon/Function-hiding-IPE/build/bin/p-norm-ipe-test)
 n0: 2020 0x4A3B166: ??? (in /usr/lib/arm-linux-gnueabihf/libgomp.so.1.0.0)
#-----------
snapshot=40
#-----------
time=94914234
mem_heap_B=104796
mem_heap_extra_B=2604
mem_stacks_B=0
heap_tree=empty
#-----------
snapshot=41
#-----------
time=99579283
mem_heap_B=104764
mem_heap_extra_B=2596
mem_stacks_B=0
heap_tree=empty
#-----------
snapshot=42
#-----------
time=99718337
mem_heap_B=104796
mem_heap_extra_B=2604
mem_stacks_B=0
heap_tree=empty
#-----------
snapshot=43
#-----------
time=104247604
mem_heap_B=104764
mem_heap_extra_B=2596
mem_stacks_B=0
heap_tree=empty
#-----------
snapshot=44
#-----------
time=109263810
mem_heap_B=104764
mem_heap_extra_B=2596
mem_stacks_B=0
heap_tree=empty
#-----------
snapshot=45
#-----------
time=114100966
mem_heap_B=104764
mem_heap_extra_B=2596
mem_stacks_B=0
heap_tree=empty
#-----------
snapshot=46
#-----------
time=114240513
mem_heap_B=104796
mem_heap_extra_B=2604
mem_stacks_B=0
heap_tree=empty
#-----------
snapshot=47
#-----------
time=118930797
mem_heap_B=104764
mem_heap_extra_B=2596
mem_stacks_B=0
heap_tree=empty
#-----------
snapshot=48
#-----------
time=123216248
mem_heap_B=104524
mem_heap_extra_B=2516
mem_stacks_B=0
heap_tree=empty
#-----------
snapshot=49
#-----------
time=123358613
mem_heap_B=104556
mem_heap_extra_B=2524
mem_stacks_B=0
heap_tree=detailed
n7: 104556 (heap allocation functions) malloc/new/new[], --alloc-fns, etc.
 n1: 61776 0x20664E: _ntl_gblock_construct_alloc(_ntl_gbigint_body**, long, long) (lip.cpp:6279)
  n2: 61776 0x228994: NTL::BasicBlockConstruct(NTL::ZZ_p*, long, long) (ZZ.h:1041)
   n1: 60632 0x228A36: NTL::BlockConstructFromVec(NTL::ZZ_p*, long, NTL::ZZ_p const*) (vec_ZZ_p.cpp:43)
    n0: 60632 0x16C17C: void NTL::VecStrategy<true>::do_BlockConstructFromVec<NTL::ZZ_p>(NTL::ZZ_p*, long, NTL::ZZ_p const*) (in /home/reti/dongHyeon/Function-hiding-IPE/build/bin/p-norm-ipe-test)
   n0: 1144 0x16C5A0: void NTL::VecStrategy<true>::do_BlockConstruct<NTL::ZZ_p>(NTL::ZZ_p*, long) (in /home/reti/dongHyeon/Function-hiding-IPE/build/bin/p-norm-ipe-test)
 n0: 20224 0x48F4F42: ??? (in /usr/lib/arm-linux-gnueabihf/libstdc++.so.6.0.26)
 n0: 7488 0x16AEC4: mcl::Array<mcl::EcT<mcl::Fp2T<mcl::FpT<mcl::bn::local::FpTag, 384u> > > >::resize(unsigned int) (in /home/reti/dongHyeon/Function-hiding-IPE/build/bin/p-norm-ipe-test)
 n0: 6912 0x16B152: NTL::Vec<NTL::ZZ_p>::AllocateTo(long) (in /home/reti/dongHyeon/Function-hiding-IPE/build/bin/p-norm-ipe-test)
 n0: 3632 in 49 places, all below massif's threshold (1.00%)
 n0: 2504 0x24B84C: __gmp_default_reallocate (in /home/reti/dongHyeon/Function-hiding-IPE/build/bin/p-norm-ipe-test)
 n0: 2020 0x4A3B166: ??? (in /usr/lib/arm-linux-gnueabihf/libgomp.so.1.0.0)
#-----------
snapshot=50
#-----------
time=128167728
mem_heap_B=104524
mem_heap_extra_B=2516
mem_stacks_B=0
heap_tree=empty
#-----------
snapshot=51
#-----------
time=128311264
mem_heap_B=104556
mem_heap_extra_B=2524
mem_stacks_B=0
heap_tree=empty
#-----------
snapshot=52
#-----------
time=133122135
mem_heap_B=104524
mem_heap_extra_B=2516
mem_stacks_B=0
heap_tree=empty
#-----------
snapshot=53
#-----------
time=135823109
mem_heap_B=104320
mem_heap_extra_B=2464
mem_stacks_B=0
heap_tree=empty
#-----------
snapshot=54
#-----------
time=135963683
mem_heap_B=104572
mem_heap_extra_B=2548
mem_stacks_B=0
heap_tree=empty
#-----------
snapshot=55
#-----------
time=137896356
mem_heap_B=104560
mem_heap_extra_B=2536
mem_stacks_B=0
heap_tree=empty
#-----------
snapshot=56
#-----------
time=138036603
mem_heap_B=104796
mem_heap_extra_B=2604
mem_stacks_B=0
heap_tree=empty
#-----------
snapshot=57
#-----------
time=144958365
mem_heap_B=104764
mem_heap_extra_B=2596
mem_stacks_B=0
heap_tree=empty
#-----------
snapshot=58
#-----------
time=145098244
mem_heap_B=104812
mem_heap_extra_B=2636
mem_stacks_B=0
heap_tree=empty
#-----------
snapshot=59
#-----------
time=149749411
mem_heap_B=104764
mem_heap_extra_B=2596
mem_stacks_B=0
heap_tree=detailed
n7: 104764 (heap allocation functions) malloc/new/new[], --alloc-fns, etc.
 n1: 61776 0x20664E: _ntl_gblock_construct_alloc(_ntl_gbigint_body**, long, long) (lip.cpp:6279)
  n2: 61776 0x228994: NTL::BasicBlockConstruct(NTL::ZZ_p*, long, long) (ZZ.h:1041)
   n1: 60632 0x228A36: NTL::BlockConstructFromVec(NTL::ZZ_p*, long, NTL::ZZ_p const*) (vec_ZZ_p.cpp:43)
    n0: 60632 0x16C17C: void NTL::VecStrategy<true>::do_BlockConstructFromVec<NTL::ZZ_p>(NTL::ZZ_p*, long, NTL::ZZ_p const*) (in /home/reti/dongHyeon/Function-hiding-IPE/build/bin/p-norm-ipe-test)
   n0: 1144 0x16C5A0: void NTL::VecStrategy<true>::do_BlockConstruct<NTL::ZZ_p>(NTL::ZZ_p*, long) (in /home/reti/dongHyeon/Function-hiding-IPE/build/bin/p-norm-ipe-test)
 n0: 20224 0x48F4F42: ??? (in /usr/lib/arm-linux-gnueabihf/libstdc++.so.6.0.26)
 n0: 7488 0x16AEC4: mcl::Array<mcl::EcT<mcl::Fp2T<mcl::FpT<mcl::bn::local::FpTag, 384u> > > >::resize(unsigned int) (in /home/reti/dongHyeon/Function-hiding-IPE/build/bin/p-norm-ipe-test)
 n0: 6912 0x16B152: NTL::Vec<NTL::ZZ_p>::AllocateTo(long) (in /home/reti/dongHyeon/Function-hiding-IPE/build/bin/p-norm-ipe-test)
 n0: 3664 in 49 places, all below massif's threshold (1.00%)
 n0: 2680 0x24B84C: __gmp_default_reallocate (in /home/reti/dongHyeon/Function-hiding-IPE/build/bin/p-norm-ipe-test)
 n0: 2020 0x4A3B166: ??? (in /usr/lib/arm-linux-gnueabihf/libgomp.so.1.0.0)
#-----------
snapshot=60
#-----------
time=154625015
mem_heap_B=104764
mem_heap_extra_B=2596
mem_stacks_B=0
heap_tree=empty
#-----------
snapshot=61
#-----------
time=154764482
mem_heap_B=104812
mem_heap_extra_B=2636
mem_stacks_B=0
heap_tree=empty
#-----------
snapshot=62
#-----------
time=159548066
mem_heap_B=104764
mem_heap_extra_B=2596
mem_stacks_B=0
heap_tree=empty
#-----------
snapshot=63
#-----------
time=159687253
mem_heap_B=104796
mem_heap_extra_B=2604
mem_stacks_B=0
heap_tree=empty
#-----------
snapshot=64
#-----------
time=164559959
mem_heap_B=104764
mem_heap_extra_B=2596
mem_stacks_B=0
heap_tree=empty
#-----------
snapshot=65
#-----------
time=169220433
mem_heap_B=104764
mem_heap_extra_B=2596
mem_stacks_B=0
heap_tree=empty
#-----------
snapshot=66
#-----------
time=172477668
mem_heap_B=104524
mem_heap_extra_B=2516
mem_stacks_B=0
heap_tree=empty
#-----------
snapshot=67
#-----------
time=172623458
mem_heap_B=104556
mem_heap_extra_B=2524
mem_stacks_B=0
heap_tree=empty
#-----------
snapshot=68
#-----------
time=177399360
mem_heap_B=104524
mem_heap_extra_B=2516
mem_stacks_B=0
heap_tree=empty
#-----------
snapshot=69
#-----------
time=177543675
mem_heap_B=104556
mem_heap_extra_B=2524
mem_stacks_B=0
heap_tree=detailed
n7: 104556 (heap allocation functions) malloc/new/new[], --alloc-fns, etc.
 n1: 61776 0x20664E: _ntl_gblock_construct_alloc(_ntl_gbigint_body**, long, long) (lip.cpp:6279)
  n2: 61776 0x228994: NTL::BasicBlockConstruct(NTL::ZZ_p*, long, long) (ZZ.h:1041)
   n1: 60632 0x228A36: NTL::BlockConstructFromVec(NTL::ZZ_p*, long, NTL::ZZ_p const*) (vec_ZZ_p.cpp:43)
    n0: 60632 0x16C17C: void NTL::VecStrategy<true>::do_BlockConstructFromVec<NTL::ZZ_p>(NTL::ZZ_p*, long, NTL::ZZ_p const*) (in /home/reti/dongHyeon/Function-hiding-IPE/build/bin/p-norm-ipe-test)
   n0: 1144 0x16C5A0: void NTL::VecStrategy<true>::do_BlockConstruct<NTL::ZZ_p>(NTL::ZZ_p*, long) (in /home/reti/dongHyeon/Function-hiding-IPE/build/bin/p-norm-ipe-test)
 n0: 20224 0x48F4F42: ??? (in /usr/lib/arm-linux-gnueabihf/libstdc++.so.6.0.26)
 n0: 7488 0x16AEC4: mcl::Array<mcl::EcT<mcl::Fp2T<mcl::FpT<mcl::bn::local::FpTag, 384u> > > >::resize(unsigned int) (in /home/reti/dongHyeon/Function-hiding-IPE/build/bin/p-norm-ipe-test)
 n0: 6912 0x16B152: NTL::Vec<NTL::ZZ_p>::AllocateTo(long) (in /home/reti/dongHyeon/Function-hiding-IPE/build/bin/p-norm-ipe-test)
 n0: 3632 in 49 places, all below massif's threshold (1.00%)
 n0: 2504 0x24B84C: __gmp_default_reallocate (in /home/reti/dongHyeon/Function-hiding-IPE/build/bin/p-norm-ipe-test)
 n0: 2020 0x4A3B166: ??? (in /usr/lib/arm-linux-gnueabihf/libgomp.so.1.0.0)
#-----------
snapshot=70
#-----------
time=182194475
mem_heap_B=104524
mem_heap_extra_B=2516
mem_stacks_B=0
heap_tree=empty
#-----------
snapshot=71
#-----------
time=187121730
mem_heap_B=104524
mem_heap_extra_B=2516
mem_stacks_B=0
heap_tree=empty
#-----------
snapshot=72
#-----------
time=187262980
mem_heap_B=104556
mem_heap_extra_B=2524
mem_stacks_B=0
heap_tree=empty
#-----------
snapshot=73
#-----------
time=191970381
mem_heap_B=104524
mem_heap_extra_B=2516
mem_stacks_B=0
heap_tree=empty
#-----------
snapshot=74
#-----------
time=192112615
mem_heap_B=104556
mem_heap_extra_B=2524
mem_stacks_B=0
heap_tree=empty
#-----------
snapshot=75
#-----------
time=196733932
mem_heap_B=104524
mem_heap_extra_B=2516
mem_stacks_B=0
heap_tree=empty
#-----------
snapshot=76
#-----------
time=196876492
mem_heap_B=104556
mem_heap_extra_B=2524
mem_stacks_B=0
heap_tree=empty
#-----------
snapshot=77
#-----------
time=201491577
mem_heap_B=104524
mem_heap_extra_B=2516
mem_stacks_B=0
heap_tree=empty
#-----------
snapshot=78
#-----------
time=206892843
mem_heap_B=111804
mem_heap_extra_B=2460
mem_stacks_B=0
heap_tree=empty
