desc: --massif-out-file=encrypt/memory-32-10-4.log
cmd: ./p-norm-ipe-test encrypt 32 10 4
time_unit: i
#-----------
snapshot=0
#-----------
time=0
mem_heap_B=0
mem_heap_extra_B=0
mem_stacks_B=0
heap_tree=empty
#-----------
snapshot=1
#-----------
time=11016809
mem_heap_B=32829
mem_heap_extra_B=771
mem_stacks_B=0
heap_tree=detailed
n7: 32829 (heap allocation functions) malloc/new/new[], --alloc-fns, etc.
 n0: 20224 0x48F4F42: ??? (in /usr/lib/arm-linux-gnueabihf/libstdc++.so.6.0.26)
 n1: 8192 0x493D6C6: std::basic_filebuf<char, std::char_traits<char> >::_M_allocate_internal_buffer() (in /usr/lib/arm-linux-gnueabihf/libstdc++.so.6.0.26)
  n1: 8192 0x493FFE2: std::basic_filebuf<char, std::char_traits<char> >::open(char const*, std::_Ios_Openmode) (in /usr/lib/arm-linux-gnueabihf/libstdc++.so.6.0.26)
   n0: 8192 0x49409EA: std::basic_ifstream<char, std::char_traits<char> >::basic_ifstream(std::__cxx11::basic_string<char, std::char_traits<char>, std::allocator<char> > const&, std::_Ios_Openmode) (in /usr/lib/arm-linux-gnueabihf/libstdc++.so.6.0.26)
 n0: 2700 0x24B812: __gmp_default_allocate (in /home/reti/dongHyeon/Function-hiding-IPE/build/bin/p-norm-ipe-test)
 n1: 520 0x4ADE1F0: __new_exitfn (cxa_atexit.c:114)
  n1: 520 0x4ADE264: __internal_atexit (cxa_atexit.c:44)
   n0: 520 0x251574: __libc_csu_init (in /home/reti/dongHyeon/Function-hiding-IPE/build/bin/p-norm-ipe-test)
 n1: 513 0x49658F2: std::__cxx11::basic_string<char, std::char_traits<char>, std::allocator<char> >::reserve(unsigned int) (in /usr/lib/arm-linux-gnueabihf/libstdc++.so.6.0.26)
  n0: 513 0x495D556: std::__cxx11::basic_stringbuf<char, std::char_traits<char>, std::allocator<char> >::overflow(int) (in /usr/lib/arm-linux-gnueabihf/libstdc++.so.6.0.26)
 n1: 352 0x4AFE6FA: __fopen_internal (iofopen.c:65)
  n1: 352 0x490F2C6: std::__basic_file<char>::open(char const*, std::_Ios_Openmode, int) (in /usr/lib/arm-linux-gnueabihf/libstdc++.so.6.0.26)
   n1: 352 0x493FFD4: std::basic_filebuf<char, std::char_traits<char> >::open(char const*, std::_Ios_Openmode) (in /usr/lib/arm-linux-gnueabihf/libstdc++.so.6.0.26)
    n0: 352 0x49409EA: std::basic_ifstream<char, std::char_traits<char> >::basic_ifstream(std::__cxx11::basic_string<char, std::char_traits<char>, std::allocator<char> > const&, std::_Ios_Openmode) (in /usr/lib/arm-linux-gnueabihf/libstdc++.so.6.0.26)
 n0: 328 in 7 places, all below massif's threshold (1.00%)
#-----------
snapshot=2
#-----------
time=18183888
mem_heap_B=30609
mem_heap_extra_B=743
mem_stacks_B=0
heap_tree=empty
#-----------
snapshot=3
#-----------
time=31293249
mem_heap_B=69977
mem_heap_extra_B=983
mem_stacks_B=0
heap_tree=empty
#-----------
snapshot=4
#-----------
time=39314183
mem_heap_B=98345
mem_heap_extra_B=1079
mem_stacks_B=0
heap_tree=empty
#-----------
snapshot=5
#-----------
time=54020995
mem_heap_B=154945
mem_heap_extra_B=1271
mem_stacks_B=0
heap_tree=detailed
n5: 154945 (heap allocation functions) malloc/new/new[], --alloc-fns, etc.
 n1: 112200 0x20664E: _ntl_gblock_construct_alloc(_ntl_gbigint_body**, long, long) (lip.cpp:6279)
  n2: 112200 0x228994: NTL::BasicBlockConstruct(NTL::ZZ_p*, long, long) (ZZ.h:1041)
   n1: 107800 0x228A36: NTL::BlockConstructFromVec(NTL::ZZ_p*, long, NTL::ZZ_p const*) (vec_ZZ_p.cpp:43)
    n0: 107800 0x16C17C: void NTL::VecStrategy<true>::do_BlockConstructFromVec<NTL::ZZ_p>(NTL::ZZ_p*, long, NTL::ZZ_p const*) (in /home/reti/dongHyeon/Function-hiding-IPE/build/bin/p-norm-ipe-test)
   n0: 4400 0x16C5A0: void NTL::VecStrategy<true>::do_BlockConstruct<NTL::ZZ_p>(NTL::ZZ_p*, long) (in /home/reti/dongHyeon/Function-hiding-IPE/build/bin/p-norm-ipe-test)
 n0: 20224 0x48F4F42: ??? (in /usr/lib/arm-linux-gnueabihf/libstdc++.so.6.0.26)
 n0: 10400 0x16B152: NTL::Vec<NTL::ZZ_p>::AllocateTo(long) (in /home/reti/dongHyeon/Function-hiding-IPE/build/bin/p-norm-ipe-test)
 n1: 8192 0x493D6C6: std::basic_filebuf<char, std::char_traits<char> >::_M_allocate_internal_buffer() (in /usr/lib/arm-linux-gnueabihf/libstdc++.so.6.0.26)
  n1: 8192 0x493FFE2: std::basic_filebuf<char, std::char_traits<char> >::open(char const*, std::_Ios_Openmode) (in /usr/lib/arm-linux-gnueabihf/libstdc++.so.6.0.26)
   n0: 8192 0x49409EA: std::basic_ifstream<char, std::char_traits<char> >::basic_ifstream(std::__cxx11::basic_string<char, std::char_traits<char>, std::allocator<char> > const&, std::_Ios_Openmode) (in /usr/lib/arm-linux-gnueabihf/libstdc++.so.6.0.26)
 n0: 3929 in 24 places, all below massif's threshold (1.00%)
#-----------
snapshot=6
#-----------
time=62043969
mem_heap_B=183313
mem_heap_extra_B=1367
mem_stacks_B=0
heap_tree=detailed
n5: 183313 (heap allocation functions) malloc/new/new[], --alloc-fns, etc.
 n1: 138072 0x20664E: _ntl_gblock_construct_alloc(_ntl_gbigint_body**, long, long) (lip.cpp:6279)
  n2: 138072 0x228994: NTL::BasicBlockConstruct(NTL::ZZ_p*, long, long) (ZZ.h:1041)
   n1: 133672 0x228A36: NTL::BlockConstructFromVec(NTL::ZZ_p*, long, NTL::ZZ_p const*) (vec_ZZ_p.cpp:43)
    n0: 133672 0x16C17C: void NTL::VecStrategy<true>::do_BlockConstructFromVec<NTL::ZZ_p>(NTL::ZZ_p*, long, NTL::ZZ_p const*) (in /home/reti/dongHyeon/Function-hiding-IPE/build/bin/p-norm-ipe-test)
   n0: 4400 0x16C5A0: void NTL::VecStrategy<true>::do_BlockConstruct<NTL::ZZ_p>(NTL::ZZ_p*, long) (in /home/reti/dongHyeon/Function-hiding-IPE/build/bin/p-norm-ipe-test)
 n0: 20224 0x48F4F42: ??? (in /usr/lib/arm-linux-gnueabihf/libstdc++.so.6.0.26)
 n0: 12896 0x16B152: NTL::Vec<NTL::ZZ_p>::AllocateTo(long) (in /home/reti/dongHyeon/Function-hiding-IPE/build/bin/p-norm-ipe-test)
 n1: 8192 0x493D6C6: std::basic_filebuf<char, std::char_traits<char> >::_M_allocate_internal_buffer() (in /usr/lib/arm-linux-gnueabihf/libstdc++.so.6.0.26)
  n1: 8192 0x493FFE2: std::basic_filebuf<char, std::char_traits<char> >::open(char const*, std::_Ios_Openmode) (in /usr/lib/arm-linux-gnueabihf/libstdc++.so.6.0.26)
   n0: 8192 0x49409EA: std::basic_ifstream<char, std::char_traits<char> >::basic_ifstream(std::__cxx11::basic_string<char, std::char_traits<char>, std::allocator<char> > const&, std::_Ios_Openmode) (in /usr/lib/arm-linux-gnueabihf/libstdc++.so.6.0.26)
 n0: 3929 in 24 places, all below massif's threshold (1.00%)
#-----------
snapshot=7
#-----------
time=72085909
mem_heap_B=214209
mem_heap_extra_B=1471
mem_stacks_B=0
heap_tree=empty
#-----------
snapshot=8
#-----------
time=81449061
mem_heap_B=247305
mem_heap_extra_B=1583
mem_stacks_B=0
heap_tree=empty
#-----------
snapshot=9
#-----------
time=88137842
mem_heap_B=271137
mem_heap_extra_B=1663
mem_stacks_B=0
heap_tree=empty
#-----------
snapshot=10
#-----------
time=101509278
mem_heap_B=318417
mem_heap_extra_B=1823
mem_stacks_B=0
heap_tree=empty
#-----------
snapshot=11
#-----------
time=111524238
mem_heap_B=358441
mem_heap_extra_B=1959
mem_stacks_B=0
heap_tree=detailed
n5: 358441 (heap allocation functions) malloc/new/new[], --alloc-fns, etc.
 n1: 297616 0x20664E: _ntl_gblock_construct_alloc(_ntl_gbigint_body**, long, long) (lip.cpp:6279)
  n2: 297616 0x228994: NTL::BasicBlockConstruct(NTL::ZZ_p*, long, long) (ZZ.h:1041)
   n1: 293216 0x228A36: NTL::BlockConstructFromVec(NTL::ZZ_p*, long, NTL::ZZ_p const*) (vec_ZZ_p.cpp:43)
    n0: 293216 0x16C17C: void NTL::VecStrategy<true>::do_BlockConstructFromVec<NTL::ZZ_p>(NTL::ZZ_p*, long, NTL::ZZ_p const*) (in /home/reti/dongHyeon/Function-hiding-IPE/build/bin/p-norm-ipe-test)
   n0: 4400 0x16C5A0: void NTL::VecStrategy<true>::do_BlockConstruct<NTL::ZZ_p>(NTL::ZZ_p*, long) (in /home/reti/dongHyeon/Function-hiding-IPE/build/bin/p-norm-ipe-test)
 n0: 28288 0x16B152: NTL::Vec<NTL::ZZ_p>::AllocateTo(long) (in /home/reti/dongHyeon/Function-hiding-IPE/build/bin/p-norm-ipe-test)
 n0: 20224 0x48F4F42: ??? (in /usr/lib/arm-linux-gnueabihf/libstdc++.so.6.0.26)
 n1: 8192 0x493D6C6: std::basic_filebuf<char, std::char_traits<char> >::_M_allocate_internal_buffer() (in /usr/lib/arm-linux-gnueabihf/libstdc++.so.6.0.26)
  n1: 8192 0x493FFE2: std::basic_filebuf<char, std::char_traits<char> >::open(char const*, std::_Ios_Openmode) (in /usr/lib/arm-linux-gnueabihf/libstdc++.so.6.0.26)
   n0: 8192 0x49409EA: std::basic_ifstream<char, std::char_traits<char> >::basic_ifstream(std::__cxx11::basic_string<char, std::char_traits<char>, std::allocator<char> > const&, std::_Ios_Openmode) (in /usr/lib/arm-linux-gnueabihf/libstdc++.so.6.0.26)
 n0: 4121 in 25 places, all below massif's threshold (1.00%)
#-----------
snapshot=12
#-----------
time=117549519
mem_heap_B=375153
mem_heap_extra_B=2015
mem_stacks_B=0
heap_tree=empty
#-----------
snapshot=13
#-----------
time=129585273
mem_heap_B=417705
mem_heap_extra_B=2159
mem_stacks_B=0
heap_tree=empty
#-----------
snapshot=14
#-----------
time=144292157
mem_heap_B=469713
mem_heap_extra_B=2335
mem_stacks_B=0
heap_tree=empty
#-----------
snapshot=15
#-----------
time=152649249
mem_heap_B=959225
mem_heap_extra_B=3991
mem_stacks_B=0
heap_tree=detailed
n4: 959225 (heap allocation functions) malloc/new/new[], --alloc-fns, etc.
 n1: 845152 0x20664E: _ntl_gblock_construct_alloc(_ntl_gbigint_body**, long, long) (lip.cpp:6279)
  n2: 845152 0x228994: NTL::BasicBlockConstruct(NTL::ZZ_p*, long, long) (ZZ.h:1041)
   n1: 845152 0x228A36: NTL::BlockConstructFromVec(NTL::ZZ_p*, long, NTL::ZZ_p const*) (vec_ZZ_p.cpp:43)
    n0: 845152 0x16C17C: void NTL::VecStrategy<true>::do_BlockConstructFromVec<NTL::ZZ_p>(NTL::ZZ_p*, long, NTL::ZZ_p const*) (in /home/reti/dongHyeon/Function-hiding-IPE/build/bin/p-norm-ipe-test)
   n0: 0 in 1 place, below massif's threshold (1.00%)
 n0: 81536 0x16B152: NTL::Vec<NTL::ZZ_p>::AllocateTo(long) (in /home/reti/dongHyeon/Function-hiding-IPE/build/bin/p-norm-ipe-test)
 n0: 20224 0x48F4F42: ??? (in /usr/lib/arm-linux-gnueabihf/libstdc++.so.6.0.26)
 n0: 12313 in 26 places, all below massif's threshold (1.00%)
#-----------
snapshot=16
#-----------
time=159882135
mem_heap_B=515105
mem_heap_extra_B=2503
mem_stacks_B=0
heap_tree=empty
#-----------
snapshot=17
#-----------
time=167907559
mem_heap_B=543473
mem_heap_extra_B=2599
mem_stacks_B=0
heap_tree=empty
#-----------
snapshot=18
#-----------
time=176620316
mem_heap_B=573953
mem_heap_extra_B=2695
mem_stacks_B=0
heap_tree=empty
#-----------
snapshot=19
#-----------
time=183309316
mem_heap_B=597593
mem_heap_extra_B=2775
mem_stacks_B=0
heap_tree=empty
#-----------
snapshot=20
#-----------
time=195992379
mem_heap_B=642761
mem_heap_extra_B=2935
mem_stacks_B=0
heap_tree=empty
#-----------
snapshot=21
#-----------
time=208717190
mem_heap_B=687425
mem_heap_extra_B=3079
mem_stacks_B=0
heap_tree=empty
#-----------
snapshot=22
#-----------
time=218722377
mem_heap_B=723137
mem_heap_extra_B=3207
mem_stacks_B=0
heap_tree=empty
#-----------
snapshot=23
#-----------
time=231449970
mem_heap_B=767993
mem_heap_extra_B=3351
mem_stacks_B=0
heap_tree=empty
#-----------
snapshot=24
#-----------
time=238787005
mem_heap_B=794249
mem_heap_extra_B=3447
mem_stacks_B=0
heap_tree=empty
#-----------
snapshot=25
#-----------
time=249485831
mem_heap_B=832073
mem_heap_extra_B=3575
mem_stacks_B=0
heap_tree=empty
#-----------
snapshot=26
#-----------
time=259530307
mem_heap_B=867281
mem_heap_extra_B=3687
mem_stacks_B=0
heap_tree=empty
#-----------
snapshot=27
#-----------
time=270882072
mem_heap_B=909833
mem_heap_extra_B=3831
mem_stacks_B=0
heap_tree=empty
#-----------
snapshot=28
#-----------
time=279585214
mem_heap_B=938201
mem_heap_extra_B=3927
mem_stacks_B=0
heap_tree=empty
#-----------
snapshot=29
#-----------
time=290562304
mem_heap_B=1887257
mem_heap_extra_B=7159
mem_stacks_B=0
heap_tree=peak
n4: 1887257 (heap allocation functions) malloc/new/new[], --alloc-fns, etc.
 n1: 1690304 0x20664E: _ntl_gblock_construct_alloc(_ntl_gbigint_body**, long, long) (lip.cpp:6279)
  n2: 1690304 0x228994: NTL::BasicBlockConstruct(NTL::ZZ_p*, long, long) (ZZ.h:1041)
   n0: 845152 0x16C5A0: void NTL::VecStrategy<true>::do_BlockConstruct<NTL::ZZ_p>(NTL::ZZ_p*, long) (in /home/reti/dongHyeon/Function-hiding-IPE/build/bin/p-norm-ipe-test)
   n1: 845152 0x228A36: NTL::BlockConstructFromVec(NTL::ZZ_p*, long, NTL::ZZ_p const*) (vec_ZZ_p.cpp:43)
    n0: 845152 0x16C17C: void NTL::VecStrategy<true>::do_BlockConstructFromVec<NTL::ZZ_p>(NTL::ZZ_p*, long, NTL::ZZ_p const*) (in /home/reti/dongHyeon/Function-hiding-IPE/build/bin/p-norm-ipe-test)
 n0: 163072 0x16B152: NTL::Vec<NTL::ZZ_p>::AllocateTo(long) (in /home/reti/dongHyeon/Function-hiding-IPE/build/bin/p-norm-ipe-test)
 n0: 20224 0x48F4F42: ??? (in /usr/lib/arm-linux-gnueabihf/libstdc++.so.6.0.26)
 n0: 13657 in 27 places, all below massif's threshold (1.00%)
#-----------
snapshot=30
#-----------
time=300519376
mem_heap_B=966001
mem_heap_extra_B=4367
mem_stacks_B=0
heap_tree=empty
#-----------
snapshot=31
#-----------
time=307333239
mem_heap_B=996637
mem_heap_extra_B=5739
mem_stacks_B=0
heap_tree=empty
#-----------
snapshot=32
#-----------
time=326236228
mem_heap_B=996641
mem_heap_extra_B=5751
mem_stacks_B=0
heap_tree=empty
#-----------
snapshot=33
#-----------
time=336045474
mem_heap_B=996845
mem_heap_extra_B=5803
mem_stacks_B=0
heap_tree=empty
#-----------
snapshot=34
#-----------
time=346008017
mem_heap_B=996845
mem_heap_extra_B=5803
mem_stacks_B=0
heap_tree=empty
#-----------
snapshot=35
#-----------
time=355680040
mem_heap_B=996845
mem_heap_extra_B=5803
mem_stacks_B=0
heap_tree=empty
#-----------
snapshot=36
#-----------
time=365464770
mem_heap_B=996845
mem_heap_extra_B=5803
mem_stacks_B=0
heap_tree=empty
#-----------
snapshot=37
#-----------
time=375481574
mem_heap_B=996845
mem_heap_extra_B=5803
mem_stacks_B=0
heap_tree=empty
#-----------
snapshot=38
#-----------
time=385358110
mem_heap_B=996845
mem_heap_extra_B=5803
mem_stacks_B=0
heap_tree=empty
#-----------
snapshot=39
#-----------
time=394463032
mem_heap_B=997085
mem_heap_extra_B=5875
mem_stacks_B=0
heap_tree=empty
#-----------
snapshot=40
#-----------
time=404305988
mem_heap_B=997085
mem_heap_extra_B=5875
mem_stacks_B=0
heap_tree=empty
#-----------
snapshot=41
#-----------
time=418984022
mem_heap_B=997085
mem_heap_extra_B=5875
mem_stacks_B=0
heap_tree=empty
#-----------
snapshot=42
#-----------
time=428814801
mem_heap_B=997085
mem_heap_extra_B=5875
mem_stacks_B=0
heap_tree=empty
#-----------
snapshot=43
#-----------
time=438697170
mem_heap_B=997085
mem_heap_extra_B=5875
mem_stacks_B=0
heap_tree=empty
#-----------
snapshot=44
#-----------
time=448391370
mem_heap_B=997085
mem_heap_extra_B=5875
mem_stacks_B=0
heap_tree=detailed
n5: 997085 (heap allocation functions) malloc/new/new[], --alloc-fns, etc.
 n1: 853776 0x20664E: _ntl_gblock_construct_alloc(_ntl_gbigint_body**, long, long) (lip.cpp:6279)
  n2: 853776 0x228994: NTL::BasicBlockConstruct(NTL::ZZ_p*, long, long) (ZZ.h:1041)
   n1: 849464 0x228A36: NTL::BlockConstructFromVec(NTL::ZZ_p*, long, NTL::ZZ_p const*) (vec_ZZ_p.cpp:43)
    n0: 849464 0x16C17C: void NTL::VecStrategy<true>::do_BlockConstructFromVec<NTL::ZZ_p>(NTL::ZZ_p*, long, NTL::ZZ_p const*) (in /home/reti/dongHyeon/Function-hiding-IPE/build/bin/p-norm-ipe-test)
   n0: 4312 in 1 place, below massif's threshold (1.00%)
 n0: 82368 0x16B152: NTL::Vec<NTL::ZZ_p>::AllocateTo(long) (in /home/reti/dongHyeon/Function-hiding-IPE/build/bin/p-norm-ipe-test)
 n0: 28224 0x16AEC4: mcl::Array<mcl::EcT<mcl::Fp2T<mcl::FpT<mcl::bn::local::FpTag, 384u> > > >::resize(unsigned int) (in /home/reti/dongHyeon/Function-hiding-IPE/build/bin/p-norm-ipe-test)
 n0: 20224 0x48F4F42: ??? (in /usr/lib/arm-linux-gnueabihf/libstdc++.so.6.0.26)
 n0: 12493 in 53 places, all below massif's threshold (1.00%)
#-----------
snapshot=45
#-----------
time=458332132
mem_heap_B=997085
mem_heap_extra_B=5875
mem_stacks_B=0
heap_tree=empty
#-----------
snapshot=46
#-----------
time=468274904
mem_heap_B=997085
mem_heap_extra_B=5875
mem_stacks_B=0
heap_tree=empty
#-----------
snapshot=47
#-----------
time=473237085
mem_heap_B=997085
mem_heap_extra_B=5875
mem_stacks_B=0
heap_tree=empty
#-----------
snapshot=48
#-----------
time=482995390
mem_heap_B=997085
mem_heap_extra_B=5875
mem_stacks_B=0
heap_tree=empty
#-----------
snapshot=49
#-----------
time=497381226
mem_heap_B=997085
mem_heap_extra_B=5875
mem_stacks_B=0
heap_tree=detailed
n5: 997085 (heap allocation functions) malloc/new/new[], --alloc-fns, etc.
 n1: 853776 0x20664E: _ntl_gblock_construct_alloc(_ntl_gbigint_body**, long, long) (lip.cpp:6279)
  n2: 853776 0x228994: NTL::BasicBlockConstruct(NTL::ZZ_p*, long, long) (ZZ.h:1041)
   n1: 849464 0x228A36: NTL::BlockConstructFromVec(NTL::ZZ_p*, long, NTL::ZZ_p const*) (vec_ZZ_p.cpp:43)
    n0: 849464 0x16C17C: void NTL::VecStrategy<true>::do_BlockConstructFromVec<NTL::ZZ_p>(NTL::ZZ_p*, long, NTL::ZZ_p const*) (in /home/reti/dongHyeon/Function-hiding-IPE/build/bin/p-norm-ipe-test)
   n0: 4312 in 1 place, below massif's threshold (1.00%)
 n0: 82368 0x16B152: NTL::Vec<NTL::ZZ_p>::AllocateTo(long) (in /home/reti/dongHyeon/Function-hiding-IPE/build/bin/p-norm-ipe-test)
 n0: 28224 0x16AEC4: mcl::Array<mcl::EcT<mcl::Fp2T<mcl::FpT<mcl::bn::local::FpTag, 384u> > > >::resize(unsigned int) (in /home/reti/dongHyeon/Function-hiding-IPE/build/bin/p-norm-ipe-test)
 n0: 20224 0x48F4F42: ??? (in /usr/lib/arm-linux-gnueabihf/libstdc++.so.6.0.26)
 n0: 12493 in 53 places, all below massif's threshold (1.00%)
#-----------
snapshot=50
#-----------
time=502356691
mem_heap_B=996945
mem_heap_extra_B=5839
mem_stacks_B=0
heap_tree=empty
#-----------
snapshot=51
#-----------
time=510366895
mem_heap_B=996845
mem_heap_extra_B=5803
mem_stacks_B=0
heap_tree=empty
#-----------
snapshot=52
#-----------
time=520060261
mem_heap_B=996845
mem_heap_extra_B=5803
mem_stacks_B=0
heap_tree=empty
#-----------
snapshot=53
#-----------
time=529705113
mem_heap_B=996845
mem_heap_extra_B=5803
mem_stacks_B=0
heap_tree=empty
#-----------
snapshot=54
#-----------
time=534701373
mem_heap_B=996705
mem_heap_extra_B=5767
mem_stacks_B=0
heap_tree=empty
#-----------
snapshot=55
#-----------
time=544431269
mem_heap_B=996845
mem_heap_extra_B=5803
mem_stacks_B=0
heap_tree=empty
#-----------
snapshot=56
#-----------
time=549393550
mem_heap_B=996893
mem_heap_extra_B=5819
mem_stacks_B=0
heap_tree=empty
#-----------
snapshot=57
#-----------
time=559072557
mem_heap_B=996845
mem_heap_extra_B=5803
mem_stacks_B=0
heap_tree=empty
#-----------
snapshot=58
#-----------
time=566698360
mem_heap_B=996641
mem_heap_extra_B=5751
mem_stacks_B=0
heap_tree=empty
#-----------
snapshot=59
#-----------
time=576263417
mem_heap_B=996845
mem_heap_extra_B=5803
mem_stacks_B=0
heap_tree=detailed
n5: 996845 (heap allocation functions) malloc/new/new[], --alloc-fns, etc.
 n1: 853776 0x20664E: _ntl_gblock_construct_alloc(_ntl_gbigint_body**, long, long) (lip.cpp:6279)
  n2: 853776 0x228994: NTL::BasicBlockConstruct(NTL::ZZ_p*, long, long) (ZZ.h:1041)
   n1: 849464 0x228A36: NTL::BlockConstructFromVec(NTL::ZZ_p*, long, NTL::ZZ_p const*) (vec_ZZ_p.cpp:43)
    n0: 849464 0x16C17C: void NTL::VecStrategy<true>::do_BlockConstructFromVec<NTL::ZZ_p>(NTL::ZZ_p*, long, NTL::ZZ_p const*) (in /home/reti/dongHyeon/Function-hiding-IPE/build/bin/p-norm-ipe-test)
   n0: 4312 in 1 place, below massif's threshold (1.00%)
 n0: 82368 0x16B152: NTL::Vec<NTL::ZZ_p>::AllocateTo(long) (in /home/reti/dongHyeon/Function-hiding-IPE/build/bin/p-norm-ipe-test)
 n0: 28224 0x16AEC4: mcl::Array<mcl::EcT<mcl::Fp2T<mcl::FpT<mcl::bn::local::FpTag, 384u> > > >::resize(unsigned int) (in /home/reti/dongHyeon/Function-hiding-IPE/build/bin/p-norm-ipe-test)
 n0: 20224 0x48F4F42: ??? (in /usr/lib/arm-linux-gnueabihf/libstdc++.so.6.0.26)
 n0: 12253 in 53 places, all below massif's threshold (1.00%)
#-----------
snapshot=60
#-----------
time=581251178
mem_heap_B=996705
mem_heap_extra_B=5767
mem_stacks_B=0
heap_tree=empty
#-----------
snapshot=61
#-----------
time=590744031
mem_heap_B=996845
mem_heap_extra_B=5803
mem_stacks_B=0
heap_tree=empty
#-----------
snapshot=62
#-----------
time=595721954
mem_heap_B=996705
mem_heap_extra_B=5767
mem_stacks_B=0
heap_tree=empty
#-----------
snapshot=63
#-----------
time=605255159
mem_heap_B=996845
mem_heap_extra_B=5803
mem_stacks_B=0
heap_tree=empty
#-----------
snapshot=64
#-----------
time=610276194
mem_heap_B=996845
mem_heap_extra_B=5803
mem_stacks_B=0
heap_tree=empty
#-----------
snapshot=65
#-----------
time=615261406
mem_heap_B=996845
mem_heap_extra_B=5803
mem_stacks_B=0
heap_tree=empty
#-----------
snapshot=66
#-----------
time=620232043
mem_heap_B=996705
mem_heap_extra_B=5767
mem_stacks_B=0
heap_tree=empty
#-----------
snapshot=67
#-----------
time=625204123
mem_heap_B=996705
mem_heap_extra_B=5767
mem_stacks_B=0
heap_tree=empty
#-----------
snapshot=68
#-----------
time=634754308
mem_heap_B=996845
mem_heap_extra_B=5803
mem_stacks_B=0
heap_tree=empty
#-----------
snapshot=69
#-----------
time=639735121
mem_heap_B=996705
mem_heap_extra_B=5767
mem_stacks_B=0
heap_tree=detailed
n5: 996705 (heap allocation functions) malloc/new/new[], --alloc-fns, etc.
 n1: 853776 0x20664E: _ntl_gblock_construct_alloc(_ntl_gbigint_body**, long, long) (lip.cpp:6279)
  n2: 853776 0x228994: NTL::BasicBlockConstruct(NTL::ZZ_p*, long, long) (ZZ.h:1041)
   n1: 849464 0x228A36: NTL::BlockConstructFromVec(NTL::ZZ_p*, long, NTL::ZZ_p const*) (vec_ZZ_p.cpp:43)
    n0: 849464 0x16C17C: void NTL::VecStrategy<true>::do_BlockConstructFromVec<NTL::ZZ_p>(NTL::ZZ_p*, long, NTL::ZZ_p const*) (in /home/reti/dongHyeon/Function-hiding-IPE/build/bin/p-norm-ipe-test)
   n0: 4312 in 1 place, below massif's threshold (1.00%)
 n0: 82368 0x16B152: NTL::Vec<NTL::ZZ_p>::AllocateTo(long) (in /home/reti/dongHyeon/Function-hiding-IPE/build/bin/p-norm-ipe-test)
 n0: 28224 0x16AEC4: mcl::Array<mcl::EcT<mcl::Fp2T<mcl::FpT<mcl::bn::local::FpTag, 384u> > > >::resize(unsigned int) (in /home/reti/dongHyeon/Function-hiding-IPE/build/bin/p-norm-ipe-test)
 n0: 20224 0x48F4F42: ??? (in /usr/lib/arm-linux-gnueabihf/libstdc++.so.6.0.26)
 n0: 12113 in 53 places, all below massif's threshold (1.00%)
#-----------
snapshot=70
#-----------
time=649381955
mem_heap_B=996845
mem_heap_extra_B=5803
mem_stacks_B=0
heap_tree=empty
#-----------
snapshot=71
#-----------
time=654404696
mem_heap_B=996705
mem_heap_extra_B=5767
mem_stacks_B=0
heap_tree=empty
#-----------
snapshot=72
#-----------
time=663753477
mem_heap_B=996845
mem_heap_extra_B=5803
mem_stacks_B=0
heap_tree=empty
#-----------
snapshot=73
#-----------
time=668742923
mem_heap_B=996845
mem_heap_extra_B=5803
mem_stacks_B=0
heap_tree=empty
#-----------
snapshot=74
#-----------
time=678513614
mem_heap_B=996845
mem_heap_extra_B=5803
mem_stacks_B=0
heap_tree=empty
#-----------
snapshot=75
#-----------
time=683506226
mem_heap_B=996705
mem_heap_extra_B=5767
mem_stacks_B=0
heap_tree=empty
#-----------
snapshot=76
#-----------
time=690996553
mem_heap_B=996641
mem_heap_extra_B=5751
mem_stacks_B=0
heap_tree=empty
#-----------
snapshot=77
#-----------
time=695958974
mem_heap_B=996877
mem_heap_extra_B=5811
mem_stacks_B=0
heap_tree=empty
#-----------
snapshot=78
#-----------
time=705218883
mem_heap_B=996845
mem_heap_extra_B=5803
mem_stacks_B=0
heap_tree=empty
#-----------
snapshot=79
#-----------
time=710181808
mem_heap_B=996893
mem_heap_extra_B=5835
mem_stacks_B=0
heap_tree=detailed
n5: 996893 (heap allocation functions) malloc/new/new[], --alloc-fns, etc.
 n1: 853776 0x20664E: _ntl_gblock_construct_alloc(_ntl_gbigint_body**, long, long) (lip.cpp:6279)
  n2: 853776 0x228994: NTL::BasicBlockConstruct(NTL::ZZ_p*, long, long) (ZZ.h:1041)
   n1: 849464 0x228A36: NTL::BlockConstructFromVec(NTL::ZZ_p*, long, NTL::ZZ_p const*) (vec_ZZ_p.cpp:43)
    n0: 849464 0x16C17C: void NTL::VecStrategy<true>::do_BlockConstructFromVec<NTL::ZZ_p>(NTL::ZZ_p*, long, NTL::ZZ_p const*) (in /home/reti/dongHyeon/Function-hiding-IPE/build/bin/p-norm-ipe-test)
   n0: 4312 in 1 place, below massif's threshold (1.00%)
 n0: 82368 0x16B152: NTL::Vec<NTL::ZZ_p>::AllocateTo(long) (in /home/reti/dongHyeon/Function-hiding-IPE/build/bin/p-norm-ipe-test)
 n0: 28224 0x16AEC4: mcl::Array<mcl::EcT<mcl::Fp2T<mcl::FpT<mcl::bn::local::FpTag, 384u> > > >::resize(unsigned int) (in /home/reti/dongHyeon/Function-hiding-IPE/build/bin/p-norm-ipe-test)
 n0: 20224 0x48F4F42: ??? (in /usr/lib/arm-linux-gnueabihf/libstdc++.so.6.0.26)
 n0: 12301 in 53 places, all below massif's threshold (1.00%)
#-----------
snapshot=80
#-----------
time=719865989
mem_heap_B=996845
mem_heap_extra_B=5803
mem_stacks_B=0
heap_tree=empty
#-----------
snapshot=81
#-----------
time=724852818
mem_heap_B=996705
mem_heap_extra_B=5767
mem_stacks_B=0
heap_tree=empty
#-----------
snapshot=82
#-----------
time=734452900
mem_heap_B=996845
mem_heap_extra_B=5803
mem_stacks_B=0
heap_tree=empty
#-----------
snapshot=83
#-----------
time=739453590
mem_heap_B=996705
mem_heap_extra_B=5767
mem_stacks_B=0
heap_tree=empty
#-----------
snapshot=84
#-----------
time=749021774
mem_heap_B=996845
mem_heap_extra_B=5803
mem_stacks_B=0
heap_tree=empty
#-----------
snapshot=85
#-----------
time=754036325
mem_heap_B=996845
mem_heap_extra_B=5803
mem_stacks_B=0
heap_tree=empty
#-----------
snapshot=86
#-----------
time=763312299
mem_heap_B=996845
mem_heap_extra_B=5803
mem_stacks_B=0
heap_tree=empty
#-----------
snapshot=87
#-----------
time=772918935
mem_heap_B=996845
mem_heap_extra_B=5803
mem_stacks_B=0
heap_tree=empty
#-----------
snapshot=88
#-----------
time=782405795
mem_heap_B=996845
mem_heap_extra_B=5803
mem_stacks_B=0
heap_tree=empty
#-----------
snapshot=89
#-----------
time=787368130
mem_heap_B=997021
mem_heap_extra_B=5875
mem_stacks_B=0
heap_tree=detailed
n5: 997021 (heap allocation functions) malloc/new/new[], --alloc-fns, etc.
 n1: 853776 0x20664E: _ntl_gblock_construct_alloc(_ntl_gbigint_body**, long, long) (lip.cpp:6279)
  n2: 853776 0x228994: NTL::BasicBlockConstruct(NTL::ZZ_p*, long, long) (ZZ.h:1041)
   n1: 849464 0x228A36: NTL::BlockConstructFromVec(NTL::ZZ_p*, long, NTL::ZZ_p const*) (vec_ZZ_p.cpp:43)
    n0: 849464 0x16C17C: void NTL::VecStrategy<true>::do_BlockConstructFromVec<NTL::ZZ_p>(NTL::ZZ_p*, long, NTL::ZZ_p const*) (in /home/reti/dongHyeon/Function-hiding-IPE/build/bin/p-norm-ipe-test)
   n0: 4312 in 1 place, below massif's threshold (1.00%)
 n0: 82368 0x16B152: NTL::Vec<NTL::ZZ_p>::AllocateTo(long) (in /home/reti/dongHyeon/Function-hiding-IPE/build/bin/p-norm-ipe-test)
 n0: 28224 0x16AEC4: mcl::Array<mcl::EcT<mcl::Fp2T<mcl::FpT<mcl::bn::local::FpTag, 384u> > > >::resize(unsigned int) (in /home/reti/dongHyeon/Function-hiding-IPE/build/bin/p-norm-ipe-test)
 n0: 20224 0x48F4F42: ??? (in /usr/lib/arm-linux-gnueabihf/libstdc++.so.6.0.26)
 n0: 12429 in 53 places, all below massif's threshold (1.00%)
#-----------
snapshot=90
#-----------
time=797052607
mem_heap_B=996845
mem_heap_extra_B=5803
mem_stacks_B=0
heap_tree=empty
#-----------
snapshot=91
#-----------
time=806611902
mem_heap_B=996845
mem_heap_extra_B=5803
mem_stacks_B=0
heap_tree=empty
#-----------
snapshot=92
#-----------
time=816851503
mem_heap_B=1024861
mem_heap_extra_B=5747
mem_stacks_B=0
heap_tree=empty
