desc: --massif-out-file=encrypt/memory-16-10-2.log
cmd: ./p-norm-ipe-test encrypt 16 10 2
time_unit: i
#-----------
snapshot=0
#-----------
time=0
mem_heap_B=0
mem_heap_extra_B=0
mem_stacks_B=0
heap_tree=empty
#-----------
snapshot=1
#-----------
time=2979817
mem_heap_B=32800
mem_heap_extra_B=8
mem_stacks_B=0
heap_tree=empty
#-----------
snapshot=2
#-----------
time=3230463
mem_heap_B=30265
mem_heap_extra_B=759
mem_stacks_B=0
heap_tree=empty
#-----------
snapshot=3
#-----------
time=3489648
mem_heap_B=32765
mem_heap_extra_B=771
mem_stacks_B=0
heap_tree=empty
#-----------
snapshot=4
#-----------
time=11014893
mem_heap_B=32765
mem_heap_extra_B=771
mem_stacks_B=0
heap_tree=detailed
n7: 32765 (heap allocation functions) malloc/new/new[], --alloc-fns, etc.
 n0: 20224 0x48F4F42: ??? (in /usr/lib/arm-linux-gnueabihf/libstdc++.so.6.0.26)
 n1: 8192 0x493D6C6: std::basic_filebuf<char, std::char_traits<char> >::_M_allocate_internal_buffer() (in /usr/lib/arm-linux-gnueabihf/libstdc++.so.6.0.26)
  n1: 8192 0x493FFE2: std::basic_filebuf<char, std::char_traits<char> >::open(char const*, std::_Ios_Openmode) (in /usr/lib/arm-linux-gnueabihf/libstdc++.so.6.0.26)
   n0: 8192 0x49409EA: std::basic_ifstream<char, std::char_traits<char> >::basic_ifstream(std::__cxx11::basic_string<char, std::char_traits<char>, std::allocator<char> > const&, std::_Ios_Openmode) (in /usr/lib/arm-linux-gnueabihf/libstdc++.so.6.0.26)
 n0: 2700 0x24B812: __gmp_default_allocate (in /home/reti/dongHyeon/Function-hiding-IPE/build/bin/p-norm-ipe-test)
 n1: 520 0x4ADE1F0: __new_exitfn (cxa_atexit.c:114)
  n1: 520 0x4ADE264: __internal_atexit (cxa_atexit.c:44)
   n0: 520 0x251574: __libc_csu_init (in /home/reti/dongHyeon/Function-hiding-IPE/build/bin/p-norm-ipe-test)
 n1: 513 0x49658F2: std::__cxx11::basic_string<char, std::char_traits<char>, std::allocator<char> >::reserve(unsigned int) (in /usr/lib/arm-linux-gnueabihf/libstdc++.so.6.0.26)
  n0: 513 0x495D556: std::__cxx11::basic_stringbuf<char, std::char_traits<char>, std::allocator<char> >::overflow(int) (in /usr/lib/arm-linux-gnueabihf/libstdc++.so.6.0.26)
 n1: 352 0x4AFE6FA: __fopen_internal (iofopen.c:65)
  n1: 352 0x490F2C6: std::__basic_file<char>::open(char const*, std::_Ios_Openmode, int) (in /usr/lib/arm-linux-gnueabihf/libstdc++.so.6.0.26)
   n1: 352 0x493FFD4: std::basic_filebuf<char, std::char_traits<char> >::open(char const*, std::_Ios_Openmode) (in /usr/lib/arm-linux-gnueabihf/libstdc++.so.6.0.26)
    n0: 352 0x49409EA: std::basic_ifstream<char, std::char_traits<char> >::basic_ifstream(std::__cxx11::basic_string<char, std::char_traits<char>, std::allocator<char> > const&, std::_Ios_Openmode) (in /usr/lib/arm-linux-gnueabihf/libstdc++.so.6.0.26)
 n0: 264 in 7 places, all below massif's threshold (1.00%)
#-----------
snapshot=5
#-----------
time=11248326
mem_heap_B=30517
mem_heap_extra_B=747
mem_stacks_B=0
heap_tree=empty
#-----------
snapshot=6
#-----------
time=11509669
mem_heap_B=33045
mem_heap_extra_B=755
mem_stacks_B=0
heap_tree=empty
#-----------
snapshot=7
#-----------
time=18181972
mem_heap_B=30545
mem_heap_extra_B=743
mem_stacks_B=0
heap_tree=empty
#-----------
snapshot=8
#-----------
time=18418995
mem_heap_B=30773
mem_heap_extra_B=739
mem_stacks_B=0
heap_tree=empty
#-----------
snapshot=9
#-----------
time=19484106
mem_heap_B=30769
mem_heap_extra_B=727
mem_stacks_B=0
heap_tree=empty
#-----------
snapshot=10
#-----------
time=19623008
mem_heap_B=30849
mem_heap_extra_B=759
mem_stacks_B=0
heap_tree=empty
#-----------
snapshot=11
#-----------
time=20020071
mem_heap_B=30813
mem_heap_extra_B=747
mem_stacks_B=0
heap_tree=empty
#-----------
snapshot=12
#-----------
time=20397993
mem_heap_B=30817
mem_heap_extra_B=759
mem_stacks_B=0
heap_tree=empty
#-----------
snapshot=13
#-----------
time=20843425
mem_heap_B=32977
mem_heap_extra_B=871
mem_stacks_B=0
heap_tree=empty
#-----------
snapshot=14
#-----------
time=21092103
mem_heap_B=33865
mem_heap_extra_B=887
mem_stacks_B=0
heap_tree=empty
#-----------
snapshot=15
#-----------
time=21340843
mem_heap_B=34753
mem_heap_extra_B=903
mem_stacks_B=0
heap_tree=empty
#-----------
snapshot=16
#-----------
time=21585763
mem_heap_B=37049
mem_heap_extra_B=919
mem_stacks_B=0
heap_tree=empty
#-----------
snapshot=17
#-----------
time=21833945
mem_heap_B=37937
mem_heap_extra_B=935
mem_stacks_B=0
heap_tree=empty
#-----------
snapshot=18
#-----------
time=22083293
mem_heap_B=38825
mem_heap_extra_B=951
mem_stacks_B=0
heap_tree=empty
#-----------
snapshot=19
#-----------
time=22331253
mem_heap_B=39713
mem_heap_extra_B=967
mem_stacks_B=0
heap_tree=empty
#-----------
snapshot=20
#-----------
time=22579557
mem_heap_B=40601
mem_heap_extra_B=983
mem_stacks_B=0
heap_tree=empty
#-----------
snapshot=21
#-----------
time=22827749
mem_heap_B=41489
mem_heap_extra_B=999
mem_stacks_B=0
heap_tree=empty
#-----------
snapshot=22
#-----------
time=23076347
mem_heap_B=42377
mem_heap_extra_B=1015
mem_stacks_B=0
heap_tree=empty
#-----------
snapshot=23
#-----------
time=23324985
mem_heap_B=43265
mem_heap_extra_B=1031
mem_stacks_B=0
heap_tree=empty
#-----------
snapshot=24
#-----------
time=23573401
mem_heap_B=44153
mem_heap_extra_B=1047
mem_stacks_B=0
heap_tree=empty
#-----------
snapshot=25
#-----------
time=23821461
mem_heap_B=45041
mem_heap_extra_B=1063
mem_stacks_B=0
heap_tree=empty
#-----------
snapshot=26
#-----------
time=24070039
mem_heap_B=45929
mem_heap_extra_B=1079
mem_stacks_B=0
heap_tree=empty
#-----------
snapshot=27
#-----------
time=24318089
mem_heap_B=46817
mem_heap_extra_B=1095
mem_stacks_B=0
heap_tree=empty
#-----------
snapshot=28
#-----------
time=24566109
mem_heap_B=47705
mem_heap_extra_B=1111
mem_stacks_B=0
heap_tree=empty
#-----------
snapshot=29
#-----------
time=24814211
mem_heap_B=48593
mem_heap_extra_B=1127
mem_stacks_B=0
heap_tree=empty
#-----------
snapshot=30
#-----------
time=25062475
mem_heap_B=49481
mem_heap_extra_B=1143
mem_stacks_B=0
heap_tree=empty
#-----------
snapshot=31
#-----------
time=25448967
mem_heap_B=50465
mem_heap_extra_B=1167
mem_stacks_B=0
heap_tree=empty
#-----------
snapshot=32
#-----------
time=25697017
mem_heap_B=51353
mem_heap_extra_B=1183
mem_stacks_B=0
heap_tree=empty
#-----------
snapshot=33
#-----------
time=25945229
mem_heap_B=52241
mem_heap_extra_B=1199
mem_stacks_B=0
heap_tree=detailed
n6: 52241 (heap allocation functions) malloc/new/new[], --alloc-fns, etc.
 n0: 20224 0x48F4F42: ??? (in /usr/lib/arm-linux-gnueabihf/libstdc++.so.6.0.26)
 n1: 18040 0x20664E: _ntl_gblock_construct_alloc(_ntl_gbigint_body**, long, long) (lip.cpp:6279)
  n2: 18040 0x228994: NTL::BasicBlockConstruct(NTL::ZZ_p*, long, long) (ZZ.h:1041)
   n0: 16456 0x16C5A0: void NTL::VecStrategy<true>::do_BlockConstruct<NTL::ZZ_p>(NTL::ZZ_p*, long) (in /home/reti/dongHyeon/Function-hiding-IPE/build/bin/p-norm-ipe-test)
   n1: 1584 0x228A36: NTL::BlockConstructFromVec(NTL::ZZ_p*, long, NTL::ZZ_p const*) (vec_ZZ_p.cpp:43)
    n0: 1584 0x16C17C: void NTL::VecStrategy<true>::do_BlockConstructFromVec<NTL::ZZ_p>(NTL::ZZ_p*, long, NTL::ZZ_p const*) (in /home/reti/dongHyeon/Function-hiding-IPE/build/bin/p-norm-ipe-test)
 n1: 8192 0x493D6C6: std::basic_filebuf<char, std::char_traits<char> >::_M_allocate_internal_buffer() (in /usr/lib/arm-linux-gnueabihf/libstdc++.so.6.0.26)
  n1: 8192 0x493FFE2: std::basic_filebuf<char, std::char_traits<char> >::open(char const*, std::_Ios_Openmode) (in /usr/lib/arm-linux-gnueabihf/libstdc++.so.6.0.26)
   n0: 8192 0x49409EA: std::basic_ifstream<char, std::char_traits<char> >::basic_ifstream(std::__cxx11::basic_string<char, std::char_traits<char>, std::allocator<char> > const&, std::_Ios_Openmode) (in /usr/lib/arm-linux-gnueabihf/libstdc++.so.6.0.26)
 n0: 2240 0x16B152: NTL::Vec<NTL::ZZ_p>::AllocateTo(long) (in /home/reti/dongHyeon/Function-hiding-IPE/build/bin/p-norm-ipe-test)
 n0: 2221 in 22 places, all below massif's threshold (1.00%)
 n0: 1324 0x24B84C: __gmp_default_reallocate (in /home/reti/dongHyeon/Function-hiding-IPE/build/bin/p-norm-ipe-test)
#-----------
snapshot=34
#-----------
time=26193177
mem_heap_B=53129
mem_heap_extra_B=1215
mem_stacks_B=0
heap_tree=empty
#-----------
snapshot=35
#-----------
time=26441825
mem_heap_B=54017
mem_heap_extra_B=1231
mem_stacks_B=0
heap_tree=empty
#-----------
snapshot=36
#-----------
time=26690119
mem_heap_B=54905
mem_heap_extra_B=1247
mem_stacks_B=0
heap_tree=empty
#-----------
snapshot=37
#-----------
time=26938565
mem_heap_B=55793
mem_heap_extra_B=1263
mem_stacks_B=0
heap_tree=empty
#-----------
snapshot=38
#-----------
time=27186473
mem_heap_B=56681
mem_heap_extra_B=1279
mem_stacks_B=0
heap_tree=detailed
n6: 56681 (heap allocation functions) malloc/new/new[], --alloc-fns, etc.
 n1: 22000 0x20664E: _ntl_gblock_construct_alloc(_ntl_gbigint_body**, long, long) (lip.cpp:6279)
  n2: 22000 0x228994: NTL::BasicBlockConstruct(NTL::ZZ_p*, long, long) (ZZ.h:1041)
   n0: 16456 0x16C5A0: void NTL::VecStrategy<true>::do_BlockConstruct<NTL::ZZ_p>(NTL::ZZ_p*, long) (in /home/reti/dongHyeon/Function-hiding-IPE/build/bin/p-norm-ipe-test)
   n1: 5544 0x228A36: NTL::BlockConstructFromVec(NTL::ZZ_p*, long, NTL::ZZ_p const*) (vec_ZZ_p.cpp:43)
    n0: 5544 0x16C17C: void NTL::VecStrategy<true>::do_BlockConstructFromVec<NTL::ZZ_p>(NTL::ZZ_p*, long, NTL::ZZ_p const*) (in /home/reti/dongHyeon/Function-hiding-IPE/build/bin/p-norm-ipe-test)
 n0: 20224 0x48F4F42: ??? (in /usr/lib/arm-linux-gnueabihf/libstdc++.so.6.0.26)
 n1: 8192 0x493D6C6: std::basic_filebuf<char, std::char_traits<char> >::_M_allocate_internal_buffer() (in /usr/lib/arm-linux-gnueabihf/libstdc++.so.6.0.26)
  n1: 8192 0x493FFE2: std::basic_filebuf<char, std::char_traits<char> >::open(char const*, std::_Ios_Openmode) (in /usr/lib/arm-linux-gnueabihf/libstdc++.so.6.0.26)
   n0: 8192 0x49409EA: std::basic_ifstream<char, std::char_traits<char> >::basic_ifstream(std::__cxx11::basic_string<char, std::char_traits<char>, std::allocator<char> > const&, std::_Ios_Openmode) (in /usr/lib/arm-linux-gnueabihf/libstdc++.so.6.0.26)
 n0: 2720 0x16B152: NTL::Vec<NTL::ZZ_p>::AllocateTo(long) (in /home/reti/dongHyeon/Function-hiding-IPE/build/bin/p-norm-ipe-test)
 n0: 2221 in 22 places, all below massif's threshold (1.00%)
 n0: 1324 0x24B84C: __gmp_default_reallocate (in /home/reti/dongHyeon/Function-hiding-IPE/build/bin/p-norm-ipe-test)
#-----------
snapshot=39
#-----------
time=27434949
mem_heap_B=57569
mem_heap_extra_B=1295
mem_stacks_B=0
heap_tree=empty
#-----------
snapshot=40
#-----------
time=27683131
mem_heap_B=58457
mem_heap_extra_B=1311
mem_stacks_B=0
heap_tree=empty
#-----------
snapshot=41
#-----------
time=27931739
mem_heap_B=59345
mem_heap_extra_B=1327
mem_stacks_B=0
heap_tree=empty
#-----------
snapshot=42
#-----------
time=28179911
mem_heap_B=60233
mem_heap_extra_B=1343
mem_stacks_B=0
heap_tree=empty
#-----------
snapshot=43
#-----------
time=28428499
mem_heap_B=61121
mem_heap_extra_B=1359
mem_stacks_B=0
heap_tree=detailed
n6: 61121 (heap allocation functions) malloc/new/new[], --alloc-fns, etc.
 n1: 25960 0x20664E: _ntl_gblock_construct_alloc(_ntl_gbigint_body**, long, long) (lip.cpp:6279)
  n2: 25960 0x228994: NTL::BasicBlockConstruct(NTL::ZZ_p*, long, long) (ZZ.h:1041)
   n0: 16456 0x16C5A0: void NTL::VecStrategy<true>::do_BlockConstruct<NTL::ZZ_p>(NTL::ZZ_p*, long) (in /home/reti/dongHyeon/Function-hiding-IPE/build/bin/p-norm-ipe-test)
   n1: 9504 0x228A36: NTL::BlockConstructFromVec(NTL::ZZ_p*, long, NTL::ZZ_p const*) (vec_ZZ_p.cpp:43)
    n0: 9504 0x16C17C: void NTL::VecStrategy<true>::do_BlockConstructFromVec<NTL::ZZ_p>(NTL::ZZ_p*, long, NTL::ZZ_p const*) (in /home/reti/dongHyeon/Function-hiding-IPE/build/bin/p-norm-ipe-test)
 n0: 20224 0x48F4F42: ??? (in /usr/lib/arm-linux-gnueabihf/libstdc++.so.6.0.26)
 n1: 8192 0x493D6C6: std::basic_filebuf<char, std::char_traits<char> >::_M_allocate_internal_buffer() (in /usr/lib/arm-linux-gnueabihf/libstdc++.so.6.0.26)
  n1: 8192 0x493FFE2: std::basic_filebuf<char, std::char_traits<char> >::open(char const*, std::_Ios_Openmode) (in /usr/lib/arm-linux-gnueabihf/libstdc++.so.6.0.26)
   n0: 8192 0x49409EA: std::basic_ifstream<char, std::char_traits<char> >::basic_ifstream(std::__cxx11::basic_string<char, std::char_traits<char>, std::allocator<char> > const&, std::_Ios_Openmode) (in /usr/lib/arm-linux-gnueabihf/libstdc++.so.6.0.26)
 n0: 3200 0x16B152: NTL::Vec<NTL::ZZ_p>::AllocateTo(long) (in /home/reti/dongHyeon/Function-hiding-IPE/build/bin/p-norm-ipe-test)
 n0: 2221 in 22 places, all below massif's threshold (1.00%)
 n0: 1324 0x24B84C: __gmp_default_reallocate (in /home/reti/dongHyeon/Function-hiding-IPE/build/bin/p-norm-ipe-test)
#-----------
snapshot=44
#-----------
time=28677137
mem_heap_B=62009
mem_heap_extra_B=1375
mem_stacks_B=0
heap_tree=empty
#-----------
snapshot=45
#-----------
time=28925147
mem_heap_B=62897
mem_heap_extra_B=1391
mem_stacks_B=0
heap_tree=empty
#-----------
snapshot=46
#-----------
time=29173583
mem_heap_B=63785
mem_heap_extra_B=1407
mem_stacks_B=0
heap_tree=empty
#-----------
snapshot=47
#-----------
time=29425192
mem_heap_B=65465
mem_heap_extra_B=1431
mem_stacks_B=0
heap_tree=detailed
n6: 65465 (heap allocation functions) malloc/new/new[], --alloc-fns, etc.
 n1: 29920 0x20664E: _ntl_gblock_construct_alloc(_ntl_gbigint_body**, long, long) (lip.cpp:6279)
  n2: 29920 0x228994: NTL::BasicBlockConstruct(NTL::ZZ_p*, long, long) (ZZ.h:1041)
   n0: 16456 0x16C5A0: void NTL::VecStrategy<true>::do_BlockConstruct<NTL::ZZ_p>(NTL::ZZ_p*, long) (in /home/reti/dongHyeon/Function-hiding-IPE/build/bin/p-norm-ipe-test)
   n1: 13464 0x228A36: NTL::BlockConstructFromVec(NTL::ZZ_p*, long, NTL::ZZ_p const*) (vec_ZZ_p.cpp:43)
    n0: 13464 0x16C17C: void NTL::VecStrategy<true>::do_BlockConstructFromVec<NTL::ZZ_p>(NTL::ZZ_p*, long, NTL::ZZ_p const*) (in /home/reti/dongHyeon/Function-hiding-IPE/build/bin/p-norm-ipe-test)
 n0: 20224 0x48F4F42: ??? (in /usr/lib/arm-linux-gnueabihf/libstdc++.so.6.0.26)
 n1: 8192 0x493D6C6: std::basic_filebuf<char, std::char_traits<char> >::_M_allocate_internal_buffer() (in /usr/lib/arm-linux-gnueabihf/libstdc++.so.6.0.26)
  n1: 8192 0x493FFE2: std::basic_filebuf<char, std::char_traits<char> >::open(char const*, std::_Ios_Openmode) (in /usr/lib/arm-linux-gnueabihf/libstdc++.so.6.0.26)
   n0: 8192 0x49409EA: std::basic_ifstream<char, std::char_traits<char> >::basic_ifstream(std::__cxx11::basic_string<char, std::char_traits<char>, std::allocator<char> > const&, std::_Ios_Openmode) (in /usr/lib/arm-linux-gnueabihf/libstdc++.so.6.0.26)
 n0: 3584 0x16B152: NTL::Vec<NTL::ZZ_p>::AllocateTo(long) (in /home/reti/dongHyeon/Function-hiding-IPE/build/bin/p-norm-ipe-test)
 n0: 2221 in 22 places, all below massif's threshold (1.00%)
 n0: 1324 0x24B84C: __gmp_default_reallocate (in /home/reti/dongHyeon/Function-hiding-IPE/build/bin/p-norm-ipe-test)
#-----------
snapshot=48
#-----------
time=29673010
mem_heap_B=66353
mem_heap_extra_B=1447
mem_stacks_B=0
heap_tree=detailed
n6: 66353 (heap allocation functions) malloc/new/new[], --alloc-fns, etc.
 n1: 30712 0x20664E: _ntl_gblock_construct_alloc(_ntl_gbigint_body**, long, long) (lip.cpp:6279)
  n2: 30712 0x228994: NTL::BasicBlockConstruct(NTL::ZZ_p*, long, long) (ZZ.h:1041)
   n0: 16456 0x16C5A0: void NTL::VecStrategy<true>::do_BlockConstruct<NTL::ZZ_p>(NTL::ZZ_p*, long) (in /home/reti/dongHyeon/Function-hiding-IPE/build/bin/p-norm-ipe-test)
   n1: 14256 0x228A36: NTL::BlockConstructFromVec(NTL::ZZ_p*, long, NTL::ZZ_p const*) (vec_ZZ_p.cpp:43)
    n0: 14256 0x16C17C: void NTL::VecStrategy<true>::do_BlockConstructFromVec<NTL::ZZ_p>(NTL::ZZ_p*, long, NTL::ZZ_p const*) (in /home/reti/dongHyeon/Function-hiding-IPE/build/bin/p-norm-ipe-test)
 n0: 20224 0x48F4F42: ??? (in /usr/lib/arm-linux-gnueabihf/libstdc++.so.6.0.26)
 n1: 8192 0x493D6C6: std::basic_filebuf<char, std::char_traits<char> >::_M_allocate_internal_buffer() (in /usr/lib/arm-linux-gnueabihf/libstdc++.so.6.0.26)
  n1: 8192 0x493FFE2: std::basic_filebuf<char, std::char_traits<char> >::open(char const*, std::_Ios_Openmode) (in /usr/lib/arm-linux-gnueabihf/libstdc++.so.6.0.26)
   n0: 8192 0x49409EA: std::basic_ifstream<char, std::char_traits<char> >::basic_ifstream(std::__cxx11::basic_string<char, std::char_traits<char>, std::allocator<char> > const&, std::_Ios_Openmode) (in /usr/lib/arm-linux-gnueabihf/libstdc++.so.6.0.26)
 n0: 3680 0x16B152: NTL::Vec<NTL::ZZ_p>::AllocateTo(long) (in /home/reti/dongHyeon/Function-hiding-IPE/build/bin/p-norm-ipe-test)
 n0: 2221 in 22 places, all below massif's threshold (1.00%)
 n0: 1324 0x24B84C: __gmp_default_reallocate (in /home/reti/dongHyeon/Function-hiding-IPE/build/bin/p-norm-ipe-test)
#-----------
snapshot=49
#-----------
time=29698131
mem_heap_B=73001
mem_heap_extra_B=1607
mem_stacks_B=0
heap_tree=empty
#-----------
snapshot=50
#-----------
time=29717497
mem_heap_B=80009
mem_heap_extra_B=1727
mem_stacks_B=0
heap_tree=detailed
n6: 80009 (heap allocation functions) malloc/new/new[], --alloc-fns, etc.
 n1: 42768 0x20664E: _ntl_gblock_construct_alloc(_ntl_gbigint_body**, long, long) (lip.cpp:6279)
  n2: 42768 0x228994: NTL::BasicBlockConstruct(NTL::ZZ_p*, long, long) (ZZ.h:1041)
   n1: 28512 0x228A36: NTL::BlockConstructFromVec(NTL::ZZ_p*, long, NTL::ZZ_p const*) (vec_ZZ_p.cpp:43)
    n0: 28512 0x16C17C: void NTL::VecStrategy<true>::do_BlockConstructFromVec<NTL::ZZ_p>(NTL::ZZ_p*, long, NTL::ZZ_p const*) (in /home/reti/dongHyeon/Function-hiding-IPE/build/bin/p-norm-ipe-test)
   n0: 14256 0x16C5A0: void NTL::VecStrategy<true>::do_BlockConstruct<NTL::ZZ_p>(NTL::ZZ_p*, long) (in /home/reti/dongHyeon/Function-hiding-IPE/build/bin/p-norm-ipe-test)
 n0: 20224 0x48F4F42: ??? (in /usr/lib/arm-linux-gnueabihf/libstdc++.so.6.0.26)
 n1: 8192 0x493D6C6: std::basic_filebuf<char, std::char_traits<char> >::_M_allocate_internal_buffer() (in /usr/lib/arm-linux-gnueabihf/libstdc++.so.6.0.26)
  n1: 8192 0x493FFE2: std::basic_filebuf<char, std::char_traits<char> >::open(char const*, std::_Ios_Openmode) (in /usr/lib/arm-linux-gnueabihf/libstdc++.so.6.0.26)
   n0: 8192 0x49409EA: std::basic_ifstream<char, std::char_traits<char> >::basic_ifstream(std::__cxx11::basic_string<char, std::char_traits<char>, std::allocator<char> > const&, std::_Ios_Openmode) (in /usr/lib/arm-linux-gnueabihf/libstdc++.so.6.0.26)
 n0: 5184 0x16B152: NTL::Vec<NTL::ZZ_p>::AllocateTo(long) (in /home/reti/dongHyeon/Function-hiding-IPE/build/bin/p-norm-ipe-test)
 n0: 2317 in 22 places, all below massif's threshold (1.00%)
 n0: 1324 0x24B84C: __gmp_default_reallocate (in /home/reti/dongHyeon/Function-hiding-IPE/build/bin/p-norm-ipe-test)
#-----------
snapshot=51
#-----------
time=29856724
mem_heap_B=80585
mem_heap_extra_B=1759
mem_stacks_B=0
heap_tree=empty
#-----------
snapshot=52
#-----------
time=29903791
mem_heap_B=96473
mem_heap_extra_B=2039
mem_stacks_B=0
heap_tree=peak
n6: 96473 (heap allocation functions) malloc/new/new[], --alloc-fns, etc.
 n1: 57024 0x20664E: _ntl_gblock_construct_alloc(_ntl_gbigint_body**, long, long) (lip.cpp:6279)
  n2: 57024 0x228994: NTL::BasicBlockConstruct(NTL::ZZ_p*, long, long) (ZZ.h:1041)
   n0: 28512 0x16C5A0: void NTL::VecStrategy<true>::do_BlockConstruct<NTL::ZZ_p>(NTL::ZZ_p*, long) (in /home/reti/dongHyeon/Function-hiding-IPE/build/bin/p-norm-ipe-test)
   n1: 28512 0x228A36: NTL::BlockConstructFromVec(NTL::ZZ_p*, long, NTL::ZZ_p const*) (vec_ZZ_p.cpp:43)
    n0: 28512 0x16C17C: void NTL::VecStrategy<true>::do_BlockConstructFromVec<NTL::ZZ_p>(NTL::ZZ_p*, long, NTL::ZZ_p const*) (in /home/reti/dongHyeon/Function-hiding-IPE/build/bin/p-norm-ipe-test)
 n0: 20224 0x48F4F42: ??? (in /usr/lib/arm-linux-gnueabihf/libstdc++.so.6.0.26)
 n1: 8192 0x493D6C6: std::basic_filebuf<char, std::char_traits<char> >::_M_allocate_internal_buffer() (in /usr/lib/arm-linux-gnueabihf/libstdc++.so.6.0.26)
  n1: 8192 0x493FFE2: std::basic_filebuf<char, std::char_traits<char> >::open(char const*, std::_Ios_Openmode) (in /usr/lib/arm-linux-gnueabihf/libstdc++.so.6.0.26)
   n0: 8192 0x49409EA: std::basic_ifstream<char, std::char_traits<char> >::basic_ifstream(std::__cxx11::basic_string<char, std::char_traits<char>, std::allocator<char> > const&, std::_Ios_Openmode) (in /usr/lib/arm-linux-gnueabihf/libstdc++.so.6.0.26)
 n0: 6912 0x16B152: NTL::Vec<NTL::ZZ_p>::AllocateTo(long) (in /home/reti/dongHyeon/Function-hiding-IPE/build/bin/p-norm-ipe-test)
 n0: 2797 in 23 places, all below massif's threshold (1.00%)
 n0: 1324 0x24B84C: __gmp_default_reallocate (in /home/reti/dongHyeon/Function-hiding-IPE/build/bin/p-norm-ipe-test)
#-----------
snapshot=53
#-----------
time=30098121
mem_heap_B=57068
mem_heap_extra_B=1740
mem_stacks_B=0
heap_tree=empty
#-----------
snapshot=54
#-----------
time=34993411
mem_heap_B=57208
mem_heap_extra_B=1776
mem_stacks_B=0
heap_tree=empty
#-----------
snapshot=55
#-----------
time=35214201
mem_heap_B=59048
mem_heap_extra_B=1800
mem_stacks_B=0
heap_tree=empty
#-----------
snapshot=56
#-----------
time=35355400
mem_heap_B=59097
mem_heap_extra_B=2031
mem_stacks_B=0
heap_tree=empty
#-----------
snapshot=57
#-----------
time=35494340
mem_heap_B=59233
mem_heap_extra_B=2031
mem_stacks_B=0
heap_tree=empty
#-----------
snapshot=58
#-----------
time=35633278
mem_heap_B=59503
mem_heap_extra_B=2057
mem_stacks_B=0
heap_tree=empty
#-----------
snapshot=59
#-----------
time=38358167
mem_heap_B=66484
mem_heap_extra_B=2084
mem_stacks_B=0
heap_tree=empty
#-----------
snapshot=60
#-----------
time=41059613
mem_heap_B=66644
mem_heap_extra_B=2092
mem_stacks_B=0
heap_tree=empty
#-----------
snapshot=61
#-----------
time=59962599
mem_heap_B=66648
mem_heap_extra_B=2112
mem_stacks_B=0
heap_tree=empty
#-----------
snapshot=62
#-----------
time=60102314
mem_heap_B=66884
mem_heap_extra_B=2164
mem_stacks_B=0
heap_tree=detailed
n7: 66884 (heap allocation functions) malloc/new/new[], --alloc-fns, etc.
 n1: 30096 0x20664E: _ntl_gblock_construct_alloc(_ntl_gbigint_body**, long, long) (lip.cpp:6279)
  n2: 30096 0x228994: NTL::BasicBlockConstruct(NTL::ZZ_p*, long, long) (ZZ.h:1041)
   n1: 29304 0x228A36: NTL::BlockConstructFromVec(NTL::ZZ_p*, long, NTL::ZZ_p const*) (vec_ZZ_p.cpp:43)
    n0: 29304 0x16C17C: void NTL::VecStrategy<true>::do_BlockConstructFromVec<NTL::ZZ_p>(NTL::ZZ_p*, long, NTL::ZZ_p const*) (in /home/reti/dongHyeon/Function-hiding-IPE/build/bin/p-norm-ipe-test)
   n0: 792 0x16C5A0: void NTL::VecStrategy<true>::do_BlockConstruct<NTL::ZZ_p>(NTL::ZZ_p*, long) (in /home/reti/dongHyeon/Function-hiding-IPE/build/bin/p-norm-ipe-test)
 n0: 20224 0x48F4F42: ??? (in /usr/lib/arm-linux-gnueabihf/libstdc++.so.6.0.26)
 n0: 5184 0x16AEC4: mcl::Array<mcl::EcT<mcl::Fp2T<mcl::FpT<mcl::bn::local::FpTag, 384u> > > >::resize(unsigned int) (in /home/reti/dongHyeon/Function-hiding-IPE/build/bin/p-norm-ipe-test)
 n0: 3648 0x16B152: NTL::Vec<NTL::ZZ_p>::AllocateTo(long) (in /home/reti/dongHyeon/Function-hiding-IPE/build/bin/p-norm-ipe-test)
 n0: 3496 in 49 places, all below massif's threshold (1.00%)
 n0: 2216 0x24B84C: __gmp_default_reallocate (in /home/reti/dongHyeon/Function-hiding-IPE/build/bin/p-norm-ipe-test)
 n0: 2020 0x4A3B166: ??? (in /usr/lib/arm-linux-gnueabihf/libgomp.so.1.0.0)
#-----------
snapshot=63
#-----------
time=64768567
mem_heap_B=66852
mem_heap_extra_B=2156
mem_stacks_B=0
heap_tree=empty
#-----------
snapshot=64
#-----------
time=64908414
mem_heap_B=66884
mem_heap_extra_B=2164
mem_stacks_B=0
heap_tree=empty
#-----------
snapshot=65
#-----------
time=69415879
mem_heap_B=66852
mem_heap_extra_B=2156
mem_stacks_B=0
heap_tree=empty
#-----------
snapshot=66
#-----------
time=69558286
mem_heap_B=66884
mem_heap_extra_B=2164
mem_stacks_B=0
heap_tree=empty
#-----------
snapshot=67
#-----------
time=74217865
mem_heap_B=66852
mem_heap_extra_B=2156
mem_stacks_B=0
heap_tree=empty
#-----------
snapshot=68
#-----------
time=78923627
mem_heap_B=66852
mem_heap_extra_B=2156
mem_stacks_B=0
heap_tree=empty
#-----------
snapshot=69
#-----------
time=81624573
mem_heap_B=66648
mem_heap_extra_B=2112
mem_stacks_B=0
heap_tree=empty
#-----------
snapshot=70
#-----------
time=81765738
mem_heap_B=66884
mem_heap_extra_B=2164
mem_stacks_B=0
heap_tree=empty
#-----------
snapshot=71
#-----------
time=86430739
mem_heap_B=66852
mem_heap_extra_B=2156
mem_stacks_B=0
heap_tree=empty
#-----------
snapshot=72
#-----------
time=86570132
mem_heap_B=66900
mem_heap_extra_B=2188
mem_stacks_B=0
heap_tree=detailed
n7: 66900 (heap allocation functions) malloc/new/new[], --alloc-fns, etc.
 n1: 30096 0x20664E: _ntl_gblock_construct_alloc(_ntl_gbigint_body**, long, long) (lip.cpp:6279)
  n2: 30096 0x228994: NTL::BasicBlockConstruct(NTL::ZZ_p*, long, long) (ZZ.h:1041)
   n1: 29304 0x228A36: NTL::BlockConstructFromVec(NTL::ZZ_p*, long, NTL::ZZ_p const*) (vec_ZZ_p.cpp:43)
    n0: 29304 0x16C17C: void NTL::VecStrategy<true>::do_BlockConstructFromVec<NTL::ZZ_p>(NTL::ZZ_p*, long, NTL::ZZ_p const*) (in /home/reti/dongHyeon/Function-hiding-IPE/build/bin/p-norm-ipe-test)
   n0: 792 0x16C5A0: void NTL::VecStrategy<true>::do_BlockConstruct<NTL::ZZ_p>(NTL::ZZ_p*, long) (in /home/reti/dongHyeon/Function-hiding-IPE/build/bin/p-norm-ipe-test)
 n0: 20224 0x48F4F42: ??? (in /usr/lib/arm-linux-gnueabihf/libstdc++.so.6.0.26)
 n0: 5184 0x16AEC4: mcl::Array<mcl::EcT<mcl::Fp2T<mcl::FpT<mcl::bn::local::FpTag, 384u> > > >::resize(unsigned int) (in /home/reti/dongHyeon/Function-hiding-IPE/build/bin/p-norm-ipe-test)
 n0: 3648 0x16B152: NTL::Vec<NTL::ZZ_p>::AllocateTo(long) (in /home/reti/dongHyeon/Function-hiding-IPE/build/bin/p-norm-ipe-test)
 n0: 3500 in 49 places, all below massif's threshold (1.00%)
 n0: 2228 0x24B84C: __gmp_default_reallocate (in /home/reti/dongHyeon/Function-hiding-IPE/build/bin/p-norm-ipe-test)
 n0: 2020 0x4A3B166: ??? (in /usr/lib/arm-linux-gnueabihf/libgomp.so.1.0.0)
#-----------
snapshot=73
#-----------
time=91335631
mem_heap_B=66852
mem_heap_extra_B=2156
mem_stacks_B=0
heap_tree=empty
#-----------
snapshot=74
#-----------
time=91478922
mem_heap_B=66884
mem_heap_extra_B=2164
mem_stacks_B=0
heap_tree=empty
#-----------
snapshot=75
#-----------
time=96161483
mem_heap_B=66852
mem_heap_extra_B=2156
mem_stacks_B=0
heap_tree=empty
#-----------
snapshot=76
#-----------
time=96300888
mem_heap_B=66900
mem_heap_extra_B=2188
mem_stacks_B=0
heap_tree=empty
#-----------
snapshot=77
#-----------
time=101161690
mem_heap_B=66852
mem_heap_extra_B=2156
mem_stacks_B=0
heap_tree=empty
#-----------
snapshot=78
#-----------
time=101302123
mem_heap_B=66900
mem_heap_extra_B=2188
mem_stacks_B=0
heap_tree=empty
#-----------
snapshot=79
#-----------
time=105954564
mem_heap_B=66852
mem_heap_extra_B=2156
mem_stacks_B=0
heap_tree=empty
#-----------
snapshot=80
#-----------
time=108655522
mem_heap_B=66648
mem_heap_extra_B=2112
mem_stacks_B=0
heap_tree=empty
#-----------
snapshot=81
#-----------
time=113566503
mem_heap_B=66852
mem_heap_extra_B=2156
mem_stacks_B=0
heap_tree=empty
#-----------
snapshot=82
#-----------
time=113709974
mem_heap_B=66884
mem_heap_extra_B=2164
mem_stacks_B=0
heap_tree=detailed
n7: 66884 (heap allocation functions) malloc/new/new[], --alloc-fns, etc.
 n1: 30096 0x20664E: _ntl_gblock_construct_alloc(_ntl_gbigint_body**, long, long) (lip.cpp:6279)
  n2: 30096 0x228994: NTL::BasicBlockConstruct(NTL::ZZ_p*, long, long) (ZZ.h:1041)
   n1: 29304 0x228A36: NTL::BlockConstructFromVec(NTL::ZZ_p*, long, NTL::ZZ_p const*) (vec_ZZ_p.cpp:43)
    n0: 29304 0x16C17C: void NTL::VecStrategy<true>::do_BlockConstructFromVec<NTL::ZZ_p>(NTL::ZZ_p*, long, NTL::ZZ_p const*) (in /home/reti/dongHyeon/Function-hiding-IPE/build/bin/p-norm-ipe-test)
   n0: 792 0x16C5A0: void NTL::VecStrategy<true>::do_BlockConstruct<NTL::ZZ_p>(NTL::ZZ_p*, long) (in /home/reti/dongHyeon/Function-hiding-IPE/build/bin/p-norm-ipe-test)
 n0: 20224 0x48F4F42: ??? (in /usr/lib/arm-linux-gnueabihf/libstdc++.so.6.0.26)
 n0: 5184 0x16AEC4: mcl::Array<mcl::EcT<mcl::Fp2T<mcl::FpT<mcl::bn::local::FpTag, 384u> > > >::resize(unsigned int) (in /home/reti/dongHyeon/Function-hiding-IPE/build/bin/p-norm-ipe-test)
 n0: 3648 0x16B152: NTL::Vec<NTL::ZZ_p>::AllocateTo(long) (in /home/reti/dongHyeon/Function-hiding-IPE/build/bin/p-norm-ipe-test)
 n0: 3496 in 49 places, all below massif's threshold (1.00%)
 n0: 2216 0x24B84C: __gmp_default_reallocate (in /home/reti/dongHyeon/Function-hiding-IPE/build/bin/p-norm-ipe-test)
 n0: 2020 0x4A3B166: ??? (in /usr/lib/arm-linux-gnueabihf/libgomp.so.1.0.0)
#-----------
snapshot=83
#-----------
time=118390052
mem_heap_B=66852
mem_heap_extra_B=2156
mem_stacks_B=0
heap_tree=empty
#-----------
snapshot=84
#-----------
time=118530128
mem_heap_B=66884
mem_heap_extra_B=2164
mem_stacks_B=0
heap_tree=empty
#-----------
snapshot=85
#-----------
time=123039392
mem_heap_B=66852
mem_heap_extra_B=2156
mem_stacks_B=0
heap_tree=empty
#-----------
snapshot=86
#-----------
time=128003622
mem_heap_B=66852
mem_heap_extra_B=2156
mem_stacks_B=0
heap_tree=empty
#-----------
snapshot=87
#-----------
time=128143151
mem_heap_B=66900
mem_heap_extra_B=2188
mem_stacks_B=0
heap_tree=empty
#-----------
snapshot=88
#-----------
time=132797619
mem_heap_B=66852
mem_heap_extra_B=2156
mem_stacks_B=0
heap_tree=empty
#-----------
snapshot=89
#-----------
time=135498587
mem_heap_B=66648
mem_heap_extra_B=2112
mem_stacks_B=0
heap_tree=empty
#-----------
snapshot=90
#-----------
time=135638461
mem_heap_B=66884
mem_heap_extra_B=2164
mem_stacks_B=0
heap_tree=empty
#-----------
snapshot=91
#-----------
time=140412775
mem_heap_B=66852
mem_heap_extra_B=2156
mem_stacks_B=0
heap_tree=empty
#-----------
snapshot=92
#-----------
time=145389661
mem_heap_B=66852
mem_heap_extra_B=2156
mem_stacks_B=0
heap_tree=detailed
n7: 66852 (heap allocation functions) malloc/new/new[], --alloc-fns, etc.
 n1: 30096 0x20664E: _ntl_gblock_construct_alloc(_ntl_gbigint_body**, long, long) (lip.cpp:6279)
  n2: 30096 0x228994: NTL::BasicBlockConstruct(NTL::ZZ_p*, long, long) (ZZ.h:1041)
   n1: 29304 0x228A36: NTL::BlockConstructFromVec(NTL::ZZ_p*, long, NTL::ZZ_p const*) (vec_ZZ_p.cpp:43)
    n0: 29304 0x16C17C: void NTL::VecStrategy<true>::do_BlockConstructFromVec<NTL::ZZ_p>(NTL::ZZ_p*, long, NTL::ZZ_p const*) (in /home/reti/dongHyeon/Function-hiding-IPE/build/bin/p-norm-ipe-test)
   n0: 792 0x16C5A0: void NTL::VecStrategy<true>::do_BlockConstruct<NTL::ZZ_p>(NTL::ZZ_p*, long) (in /home/reti/dongHyeon/Function-hiding-IPE/build/bin/p-norm-ipe-test)
 n0: 20224 0x48F4F42: ??? (in /usr/lib/arm-linux-gnueabihf/libstdc++.so.6.0.26)
 n0: 5184 0x16AEC4: mcl::Array<mcl::EcT<mcl::Fp2T<mcl::FpT<mcl::bn::local::FpTag, 384u> > > >::resize(unsigned int) (in /home/reti/dongHyeon/Function-hiding-IPE/build/bin/p-norm-ipe-test)
 n0: 3648 0x16B152: NTL::Vec<NTL::ZZ_p>::AllocateTo(long) (in /home/reti/dongHyeon/Function-hiding-IPE/build/bin/p-norm-ipe-test)
 n0: 3496 in 49 places, all below massif's threshold (1.00%)
 n0: 2184 0x24B84C: __gmp_default_reallocate (in /home/reti/dongHyeon/Function-hiding-IPE/build/bin/p-norm-ipe-test)
 n0: 2020 0x4A3B166: ??? (in /usr/lib/arm-linux-gnueabihf/libgomp.so.1.0.0)
#-----------
snapshot=93
#-----------
time=145528992
mem_heap_B=66900
mem_heap_extra_B=2188
mem_stacks_B=0
heap_tree=empty
#-----------
snapshot=94
#-----------
time=150397074
mem_heap_B=66852
mem_heap_extra_B=2156
mem_stacks_B=0
heap_tree=empty
#-----------
snapshot=95
#-----------
time=150538728
mem_heap_B=66884
mem_heap_extra_B=2164
mem_stacks_B=0
heap_tree=empty
#-----------
snapshot=96
#-----------
time=155311299
mem_heap_B=66852
mem_heap_extra_B=2156
mem_stacks_B=0
heap_tree=empty
#-----------
snapshot=97
#-----------
time=163412633
mem_heap_B=71828
mem_heap_extra_B=2100
mem_stacks_B=0
heap_tree=empty
