desc: --massif-out-file=encrypt/memory-128-10-6.log
cmd: ./p-norm-ipe-test encrypt 128 10 6
time_unit: i
#-----------
snapshot=0
#-----------
time=0
mem_heap_B=0
mem_heap_extra_B=0
mem_stacks_B=0
heap_tree=empty
#-----------
snapshot=1
#-----------
time=149872606
mem_heap_B=489193
mem_heap_extra_B=1159
mem_stacks_B=0
heap_tree=detailed
n5: 489193 (heap allocation functions) malloc/new/new[], --alloc-fns, etc.
 n1: 417472 0x20664E: _ntl_gblock_construct_alloc(_ntl_gbigint_body**, long, long) (lip.cpp:6279)
  n2: 417472 0x228994: NTL::BasicBlockConstruct(NTL::ZZ_p*, long, long) (ZZ.h:1041)
   n1: 395472 0x228A36: NTL::BlockConstructFromVec(NTL::ZZ_p*, long, NTL::ZZ_p const*) (vec_ZZ_p.cpp:43)
    n0: 395472 0x16C17C: void NTL::VecStrategy<true>::do_BlockConstructFromVec<NTL::ZZ_p>(NTL::ZZ_p*, long, NTL::ZZ_p const*) (in /home/reti/dongHyeon/Function-hiding-IPE/build/bin/p-norm-ipe-test)
   n0: 22000 0x16C5A0: void NTL::VecStrategy<true>::do_BlockConstruct<NTL::ZZ_p>(NTL::ZZ_p*, long) (in /home/reti/dongHyeon/Function-hiding-IPE/build/bin/p-norm-ipe-test)
 n0: 36288 0x16B152: NTL::Vec<NTL::ZZ_p>::AllocateTo(long) (in /home/reti/dongHyeon/Function-hiding-IPE/build/bin/p-norm-ipe-test)
 n0: 20224 0x48F4F42: ??? (in /usr/lib/arm-linux-gnueabihf/libstdc++.so.6.0.26)
 n1: 8192 0x493D6C6: std::basic_filebuf<char, std::char_traits<char> >::_M_allocate_internal_buffer() (in /usr/lib/arm-linux-gnueabihf/libstdc++.so.6.0.26)
  n1: 8192 0x493FFE2: std::basic_filebuf<char, std::char_traits<char> >::open(char const*, std::_Ios_Openmode) (in /usr/lib/arm-linux-gnueabihf/libstdc++.so.6.0.26)
   n0: 8192 0x49409EA: std::basic_ifstream<char, std::char_traits<char> >::basic_ifstream(std::__cxx11::basic_string<char, std::char_traits<char>, std::allocator<char> > const&, std::_Ios_Openmode) (in /usr/lib/arm-linux-gnueabihf/libstdc++.so.6.0.26)
 n0: 7017 in 24 places, all below massif's threshold (1.00%)
#-----------
snapshot=2
#-----------
time=395550891
mem_heap_B=1357113
mem_heap_extra_B=1623
mem_stacks_B=0
heap_tree=empty
#-----------
snapshot=3
#-----------
time=554356442
mem_heap_B=1945465
mem_heap_extra_B=1935
mem_stacks_B=0
heap_tree=detailed
n4: 1945465 (heap allocation functions) malloc/new/new[], --alloc-fns, etc.
 n1: 1751728 0x20664E: _ntl_gblock_construct_alloc(_ntl_gbigint_body**, long, long) (lip.cpp:6279)
  n2: 1751728 0x228994: NTL::BasicBlockConstruct(NTL::ZZ_p*, long, long) (ZZ.h:1041)
   n1: 1723128 0x228A36: NTL::BlockConstructFromVec(NTL::ZZ_p*, long, NTL::ZZ_p const*) (vec_ZZ_p.cpp:43)
    n0: 1723128 0x16C17C: void NTL::VecStrategy<true>::do_BlockConstructFromVec<NTL::ZZ_p>(NTL::ZZ_p*, long, NTL::ZZ_p const*) (in /home/reti/dongHyeon/Function-hiding-IPE/build/bin/p-norm-ipe-test)
   n0: 28600 0x16C5A0: void NTL::VecStrategy<true>::do_BlockConstruct<NTL::ZZ_p>(NTL::ZZ_p*, long) (in /home/reti/dongHyeon/Function-hiding-IPE/build/bin/p-norm-ipe-test)
 n0: 158112 0x16B152: NTL::Vec<NTL::ZZ_p>::AllocateTo(long) (in /home/reti/dongHyeon/Function-hiding-IPE/build/bin/p-norm-ipe-test)
 n0: 20224 0x48F4F42: ??? (in /usr/lib/arm-linux-gnueabihf/libstdc++.so.6.0.26)
 n0: 15401 in 26 places, all below massif's threshold (1.00%)
#-----------
snapshot=4
#-----------
time=825607382
mem_heap_B=2901505
mem_heap_extra_B=2431
mem_stacks_B=0
heap_tree=detailed
n3: 2901505 (heap allocation functions) malloc/new/new[], --alloc-fns, etc.
 n1: 2627416 0x20664E: _ntl_gblock_construct_alloc(_ntl_gbigint_body**, long, long) (lip.cpp:6279)
  n2: 2627416 0x228994: NTL::BasicBlockConstruct(NTL::ZZ_p*, long, long) (ZZ.h:1041)
   n1: 2598816 0x228A36: NTL::BlockConstructFromVec(NTL::ZZ_p*, long, NTL::ZZ_p const*) (vec_ZZ_p.cpp:43)
    n0: 2598816 0x16C17C: void NTL::VecStrategy<true>::do_BlockConstructFromVec<NTL::ZZ_p>(NTL::ZZ_p*, long, NTL::ZZ_p const*) (in /home/reti/dongHyeon/Function-hiding-IPE/build/bin/p-norm-ipe-test)
   n0: 28600 in 1 place, below massif's threshold (1.00%)
 n0: 238464 0x16B152: NTL::Vec<NTL::ZZ_p>::AllocateTo(long) (in /home/reti/dongHyeon/Function-hiding-IPE/build/bin/p-norm-ipe-test)
 n0: 35625 in 27 places, all below massif's threshold (1.00%)
#-----------
snapshot=5
#-----------
time=1018115116
mem_heap_B=3580193
mem_heap_extra_B=2783
mem_stacks_B=0
heap_tree=detailed
n3: 3580193 (heap allocation functions) malloc/new/new[], --alloc-fns, etc.
 n1: 3248872 0x20664E: _ntl_gblock_construct_alloc(_ntl_gbigint_body**, long, long) (lip.cpp:6279)
  n2: 3248872 0x228994: NTL::BasicBlockConstruct(NTL::ZZ_p*, long, long) (ZZ.h:1041)
   n1: 3220272 0x228A36: NTL::BlockConstructFromVec(NTL::ZZ_p*, long, NTL::ZZ_p const*) (vec_ZZ_p.cpp:43)
    n0: 3220272 0x16C17C: void NTL::VecStrategy<true>::do_BlockConstructFromVec<NTL::ZZ_p>(NTL::ZZ_p*, long, NTL::ZZ_p const*) (in /home/reti/dongHyeon/Function-hiding-IPE/build/bin/p-norm-ipe-test)
   n0: 28600 in 1 place, below massif's threshold (1.00%)
 n0: 295488 0x16B152: NTL::Vec<NTL::ZZ_p>::AllocateTo(long) (in /home/reti/dongHyeon/Function-hiding-IPE/build/bin/p-norm-ipe-test)
 n0: 35833 in 27 places, all below massif's threshold (1.00%)
#-----------
snapshot=6
#-----------
time=1383618445
mem_heap_B=4838337
mem_heap_extra_B=3415
mem_stacks_B=0
heap_tree=empty
#-----------
snapshot=7
#-----------
time=1683105511
mem_heap_B=5924337
mem_heap_extra_B=3999
mem_stacks_B=0
heap_tree=detailed
n3: 5924337 (heap allocation functions) malloc/new/new[], --alloc-fns, etc.
 n1: 5395720 0x20664E: _ntl_gblock_construct_alloc(_ntl_gbigint_body**, long, long) (lip.cpp:6279)
  n2: 5395720 0x228994: NTL::BasicBlockConstruct(NTL::ZZ_p*, long, long) (ZZ.h:1041)
   n1: 5367120 0x228A36: NTL::BlockConstructFromVec(NTL::ZZ_p*, long, NTL::ZZ_p const*) (vec_ZZ_p.cpp:43)
    n0: 5367120 0x16C17C: void NTL::VecStrategy<true>::do_BlockConstructFromVec<NTL::ZZ_p>(NTL::ZZ_p*, long, NTL::ZZ_p const*) (in /home/reti/dongHyeon/Function-hiding-IPE/build/bin/p-norm-ipe-test)
   n0: 28600 in 1 place, below massif's threshold (1.00%)
 n0: 492480 0x16B152: NTL::Vec<NTL::ZZ_p>::AllocateTo(long) (in /home/reti/dongHyeon/Function-hiding-IPE/build/bin/p-norm-ipe-test)
 n0: 36137 in 27 places, all below massif's threshold (1.00%)
#-----------
snapshot=8
#-----------
time=1901871178
mem_heap_B=6680401
mem_heap_extra_B=4343
mem_stacks_B=0
heap_tree=empty
#-----------
snapshot=9
#-----------
time=2199372778
mem_heap_B=7744361
mem_heap_extra_B=4943
mem_stacks_B=0
heap_tree=detailed
n3: 7744361 (heap allocation functions) malloc/new/new[], --alloc-fns, etc.
 n1: 7062352 0x20664E: _ntl_gblock_construct_alloc(_ntl_gbigint_body**, long, long) (lip.cpp:6279)
  n2: 7062352 0x228994: NTL::BasicBlockConstruct(NTL::ZZ_p*, long, long) (ZZ.h:1041)
   n1: 7033752 0x228A36: NTL::BlockConstructFromVec(NTL::ZZ_p*, long, NTL::ZZ_p const*) (vec_ZZ_p.cpp:43)
    n0: 7033752 0x16C17C: void NTL::VecStrategy<true>::do_BlockConstructFromVec<NTL::ZZ_p>(NTL::ZZ_p*, long, NTL::ZZ_p const*) (in /home/reti/dongHyeon/Function-hiding-IPE/build/bin/p-norm-ipe-test)
   n0: 28600 in 1 place, below massif's threshold (1.00%)
 n0: 645408 0x16B152: NTL::Vec<NTL::ZZ_p>::AllocateTo(long) (in /home/reti/dongHyeon/Function-hiding-IPE/build/bin/p-norm-ipe-test)
 n0: 36601 in 27 places, all below massif's threshold (1.00%)
#-----------
snapshot=10
#-----------
time=2409363158
mem_heap_B=8484521
mem_heap_extra_B=5327
mem_stacks_B=0
heap_tree=detailed
n3: 8484521 (heap allocation functions) malloc/new/new[], --alloc-fns, etc.
 n1: 7740304 0x20664E: _ntl_gblock_construct_alloc(_ntl_gbigint_body**, long, long) (lip.cpp:6279)
  n2: 7740304 0x228994: NTL::BasicBlockConstruct(NTL::ZZ_p*, long, long) (ZZ.h:1041)
   n1: 7711704 0x228A36: NTL::BlockConstructFromVec(NTL::ZZ_p*, long, NTL::ZZ_p const*) (vec_ZZ_p.cpp:43)
    n0: 7711704 0x16C17C: void NTL::VecStrategy<true>::do_BlockConstructFromVec<NTL::ZZ_p>(NTL::ZZ_p*, long, NTL::ZZ_p const*) (in /home/reti/dongHyeon/Function-hiding-IPE/build/bin/p-norm-ipe-test)
   n0: 28600 in 1 place, below massif's threshold (1.00%)
 n0: 707616 0x16B152: NTL::Vec<NTL::ZZ_p>::AllocateTo(long) (in /home/reti/dongHyeon/Function-hiding-IPE/build/bin/p-norm-ipe-test)
 n0: 36601 in 27 places, all below massif's threshold (1.00%)
#-----------
snapshot=11
#-----------
time=2741870007
mem_heap_B=9657129
mem_heap_extra_B=5935
mem_stacks_B=0
heap_tree=detailed
n3: 9657129 (heap allocation functions) malloc/new/new[], --alloc-fns, etc.
 n1: 8813728 0x20664E: _ntl_gblock_construct_alloc(_ntl_gbigint_body**, long, long) (lip.cpp:6279)
  n2: 8813728 0x228994: NTL::BasicBlockConstruct(NTL::ZZ_p*, long, long) (ZZ.h:1041)
   n1: 8785128 0x228A36: NTL::BlockConstructFromVec(NTL::ZZ_p*, long, NTL::ZZ_p const*) (vec_ZZ_p.cpp:43)
    n0: 8785128 0x16C17C: void NTL::VecStrategy<true>::do_BlockConstructFromVec<NTL::ZZ_p>(NTL::ZZ_p*, long, NTL::ZZ_p const*) (in /home/reti/dongHyeon/Function-hiding-IPE/build/bin/p-norm-ipe-test)
   n0: 28600 in 1 place, below massif's threshold (1.00%)
 n0: 806112 0x16B152: NTL::Vec<NTL::ZZ_p>::AllocateTo(long) (in /home/reti/dongHyeon/Function-hiding-IPE/build/bin/p-norm-ipe-test)
 n0: 37289 in 27 places, all below massif's threshold (1.00%)
#-----------
snapshot=12
#-----------
time=2978109612
mem_heap_B=10487609
mem_heap_extra_B=6359
mem_stacks_B=0
heap_tree=empty
#-----------
snapshot=13
#-----------
time=3301877075
mem_heap_B=11630889
mem_heap_extra_B=6959
mem_stacks_B=0
heap_tree=detailed
n3: 11630889 (heap allocation functions) malloc/new/new[], --alloc-fns, etc.
 n1: 10621600 0x20664E: _ntl_gblock_construct_alloc(_ntl_gbigint_body**, long, long) (lip.cpp:6279)
  n2: 10621600 0x228994: NTL::BasicBlockConstruct(NTL::ZZ_p*, long, long) (ZZ.h:1041)
   n1: 10593000 0x228A36: NTL::BlockConstructFromVec(NTL::ZZ_p*, long, NTL::ZZ_p const*) (vec_ZZ_p.cpp:43)
    n0: 10593000 0x16C17C: void NTL::VecStrategy<true>::do_BlockConstructFromVec<NTL::ZZ_p>(NTL::ZZ_p*, long, NTL::ZZ_p const*) (in /home/reti/dongHyeon/Function-hiding-IPE/build/bin/p-norm-ipe-test)
   n0: 28600 in 1 place, below massif's threshold (1.00%)
 n0: 972000 0x16B152: NTL::Vec<NTL::ZZ_p>::AllocateTo(long) (in /home/reti/dongHyeon/Function-hiding-IPE/build/bin/p-norm-ipe-test)
 n0: 37289 in 27 places, all below massif's threshold (1.00%)
#-----------
snapshot=14
#-----------
time=3555624702
mem_heap_B=12525249
mem_heap_extra_B=7423
mem_stacks_B=0
heap_tree=detailed
n3: 12525249 (heap allocation functions) malloc/new/new[], --alloc-fns, etc.
 n1: 11440792 0x20664E: _ntl_gblock_construct_alloc(_ntl_gbigint_body**, long, long) (lip.cpp:6279)
  n2: 11440792 0x228994: NTL::BasicBlockConstruct(NTL::ZZ_p*, long, long) (ZZ.h:1041)
   n1: 11412192 0x228A36: NTL::BlockConstructFromVec(NTL::ZZ_p*, long, NTL::ZZ_p const*) (vec_ZZ_p.cpp:43)
    n0: 11412192 0x16C17C: void NTL::VecStrategy<true>::do_BlockConstructFromVec<NTL::ZZ_p>(NTL::ZZ_p*, long, NTL::ZZ_p const*) (in /home/reti/dongHyeon/Function-hiding-IPE/build/bin/p-norm-ipe-test)
   n0: 28600 in 1 place, below massif's threshold (1.00%)
 n0: 1047168 0x16B152: NTL::Vec<NTL::ZZ_p>::AllocateTo(long) (in /home/reti/dongHyeon/Function-hiding-IPE/build/bin/p-norm-ipe-test)
 n0: 37289 in 27 places, all below massif's threshold (1.00%)
#-----------
snapshot=15
#-----------
time=3722544112
mem_heap_B=13082105
mem_heap_extra_B=7631
mem_stacks_B=0
heap_tree=empty
#-----------
snapshot=16
#-----------
time=3949355708
mem_heap_B=13913049
mem_heap_extra_B=8143
mem_stacks_B=0
heap_tree=detailed
n3: 13913049 (heap allocation functions) malloc/new/new[], --alloc-fns, etc.
 n1: 12711952 0x20664E: _ntl_gblock_construct_alloc(_ntl_gbigint_body**, long, long) (lip.cpp:6279)
  n2: 12711952 0x228994: NTL::BasicBlockConstruct(NTL::ZZ_p*, long, long) (ZZ.h:1041)
   n1: 12683352 0x228A36: NTL::BlockConstructFromVec(NTL::ZZ_p*, long, NTL::ZZ_p const*) (vec_ZZ_p.cpp:43)
    n0: 12683352 0x16C17C: void NTL::VecStrategy<true>::do_BlockConstructFromVec<NTL::ZZ_p>(NTL::ZZ_p*, long, NTL::ZZ_p const*) (in /home/reti/dongHyeon/Function-hiding-IPE/build/bin/p-norm-ipe-test)
   n0: 28600 in 1 place, below massif's threshold (1.00%)
 n0: 1163808 0x16B152: NTL::Vec<NTL::ZZ_p>::AllocateTo(long) (in /home/reti/dongHyeon/Function-hiding-IPE/build/bin/p-norm-ipe-test)
 n0: 37289 in 27 places, all below massif's threshold (1.00%)
#-----------
snapshot=17
#-----------
time=4168100760
mem_heap_B=14684049
mem_heap_extra_B=8543
mem_stacks_B=0
heap_tree=detailed
n3: 14684049 (heap allocation functions) malloc/new/new[], --alloc-fns, etc.
 n1: 13418152 0x20664E: _ntl_gblock_construct_alloc(_ntl_gbigint_body**, long, long) (lip.cpp:6279)
  n2: 13418152 0x228994: NTL::BasicBlockConstruct(NTL::ZZ_p*, long, long) (ZZ.h:1041)
   n1: 13389552 0x228A36: NTL::BlockConstructFromVec(NTL::ZZ_p*, long, NTL::ZZ_p const*) (vec_ZZ_p.cpp:43)
    n0: 13389552 0x16C17C: void NTL::VecStrategy<true>::do_BlockConstructFromVec<NTL::ZZ_p>(NTL::ZZ_p*, long, NTL::ZZ_p const*) (in /home/reti/dongHyeon/Function-hiding-IPE/build/bin/p-norm-ipe-test)
   n0: 28600 in 1 place, below massif's threshold (1.00%)
 n0: 1228608 0x16B152: NTL::Vec<NTL::ZZ_p>::AllocateTo(long) (in /home/reti/dongHyeon/Function-hiding-IPE/build/bin/p-norm-ipe-test)
 n0: 37289 in 27 places, all below massif's threshold (1.00%)
#-----------
snapshot=18
#-----------
time=4386848818
mem_heap_B=15455049
mem_heap_extra_B=8943
mem_stacks_B=0
heap_tree=detailed
n3: 15455049 (heap allocation functions) malloc/new/new[], --alloc-fns, etc.
 n1: 14124352 0x20664E: _ntl_gblock_construct_alloc(_ntl_gbigint_body**, long, long) (lip.cpp:6279)
  n2: 14124352 0x228994: NTL::BasicBlockConstruct(NTL::ZZ_p*, long, long) (ZZ.h:1041)
   n1: 14095752 0x228A36: NTL::BlockConstructFromVec(NTL::ZZ_p*, long, NTL::ZZ_p const*) (vec_ZZ_p.cpp:43)
    n0: 14095752 0x16C17C: void NTL::VecStrategy<true>::do_BlockConstructFromVec<NTL::ZZ_p>(NTL::ZZ_p*, long, NTL::ZZ_p const*) (in /home/reti/dongHyeon/Function-hiding-IPE/build/bin/p-norm-ipe-test)
   n0: 28600 in 1 place, below massif's threshold (1.00%)
 n0: 1293408 0x16B152: NTL::Vec<NTL::ZZ_p>::AllocateTo(long) (in /home/reti/dongHyeon/Function-hiding-IPE/build/bin/p-norm-ipe-test)
 n0: 37289 in 27 places, all below massif's threshold (1.00%)
#-----------
snapshot=19
#-----------
time=4640607607
mem_heap_B=16350449
mem_heap_extra_B=9407
mem_stacks_B=0
heap_tree=detailed
n3: 16350449 (heap allocation functions) malloc/new/new[], --alloc-fns, etc.
 n1: 14943544 0x20664E: _ntl_gblock_construct_alloc(_ntl_gbigint_body**, long, long) (lip.cpp:6279)
  n2: 14943544 0x228994: NTL::BasicBlockConstruct(NTL::ZZ_p*, long, long) (ZZ.h:1041)
   n1: 14914944 0x228A36: NTL::BlockConstructFromVec(NTL::ZZ_p*, long, NTL::ZZ_p const*) (vec_ZZ_p.cpp:43)
    n0: 14914944 0x16C17C: void NTL::VecStrategy<true>::do_BlockConstructFromVec<NTL::ZZ_p>(NTL::ZZ_p*, long, NTL::ZZ_p const*) (in /home/reti/dongHyeon/Function-hiding-IPE/build/bin/p-norm-ipe-test)
   n0: 28600 in 1 place, below massif's threshold (1.00%)
 n0: 1368576 0x16B152: NTL::Vec<NTL::ZZ_p>::AllocateTo(long) (in /home/reti/dongHyeon/Function-hiding-IPE/build/bin/p-norm-ipe-test)
 n0: 38329 in 27 places, all below massif's threshold (1.00%)
#-----------
snapshot=20
#-----------
time=4903115976
mem_heap_B=17275649
mem_heap_extra_B=9887
mem_stacks_B=0
heap_tree=detailed
n3: 17275649 (heap allocation functions) malloc/new/new[], --alloc-fns, etc.
 n1: 15790984 0x20664E: _ntl_gblock_construct_alloc(_ntl_gbigint_body**, long, long) (lip.cpp:6279)
  n2: 15790984 0x228994: NTL::BasicBlockConstruct(NTL::ZZ_p*, long, long) (ZZ.h:1041)
   n1: 15762384 0x228A36: NTL::BlockConstructFromVec(NTL::ZZ_p*, long, NTL::ZZ_p const*) (vec_ZZ_p.cpp:43)
    n0: 15762384 0x16C17C: void NTL::VecStrategy<true>::do_BlockConstructFromVec<NTL::ZZ_p>(NTL::ZZ_p*, long, NTL::ZZ_p const*) (in /home/reti/dongHyeon/Function-hiding-IPE/build/bin/p-norm-ipe-test)
   n0: 28600 in 1 place, below massif's threshold (1.00%)
 n0: 1446336 0x16B152: NTL::Vec<NTL::ZZ_p>::AllocateTo(long) (in /home/reti/dongHyeon/Function-hiding-IPE/build/bin/p-norm-ipe-test)
 n0: 38329 in 27 places, all below massif's threshold (1.00%)
#-----------
snapshot=21
#-----------
time=5113107410
mem_heap_B=18015809
mem_heap_extra_B=10271
mem_stacks_B=0
heap_tree=detailed
n3: 18015809 (heap allocation functions) malloc/new/new[], --alloc-fns, etc.
 n1: 16468936 0x20664E: _ntl_gblock_construct_alloc(_ntl_gbigint_body**, long, long) (lip.cpp:6279)
  n2: 16468936 0x228994: NTL::BasicBlockConstruct(NTL::ZZ_p*, long, long) (ZZ.h:1041)
   n1: 16440336 0x228A36: NTL::BlockConstructFromVec(NTL::ZZ_p*, long, NTL::ZZ_p const*) (vec_ZZ_p.cpp:43)
    n0: 16440336 0x16C17C: void NTL::VecStrategy<true>::do_BlockConstructFromVec<NTL::ZZ_p>(NTL::ZZ_p*, long, NTL::ZZ_p const*) (in /home/reti/dongHyeon/Function-hiding-IPE/build/bin/p-norm-ipe-test)
   n0: 28600 in 1 place, below massif's threshold (1.00%)
 n0: 1508544 0x16B152: NTL::Vec<NTL::ZZ_p>::AllocateTo(long) (in /home/reti/dongHyeon/Function-hiding-IPE/build/bin/p-norm-ipe-test)
 n0: 38329 in 27 places, all below massif's threshold (1.00%)
#-----------
snapshot=22
#-----------
time=5454328592
mem_heap_B=19218569
mem_heap_extra_B=10895
mem_stacks_B=0
heap_tree=detailed
n3: 19218569 (heap allocation functions) malloc/new/new[], --alloc-fns, etc.
 n1: 17570608 0x20664E: _ntl_gblock_construct_alloc(_ntl_gbigint_body**, long, long) (lip.cpp:6279)
  n2: 17570608 0x228994: NTL::BasicBlockConstruct(NTL::ZZ_p*, long, long) (ZZ.h:1041)
   n1: 17542008 0x228A36: NTL::BlockConstructFromVec(NTL::ZZ_p*, long, NTL::ZZ_p const*) (vec_ZZ_p.cpp:43)
    n0: 17542008 0x16C17C: void NTL::VecStrategy<true>::do_BlockConstructFromVec<NTL::ZZ_p>(NTL::ZZ_p*, long, NTL::ZZ_p const*) (in /home/reti/dongHyeon/Function-hiding-IPE/build/bin/p-norm-ipe-test)
   n0: 28600 in 1 place, below massif's threshold (1.00%)
 n0: 1609632 0x16B152: NTL::Vec<NTL::ZZ_p>::AllocateTo(long) (in /home/reti/dongHyeon/Function-hiding-IPE/build/bin/p-norm-ipe-test)
 n0: 38329 in 27 places, all below massif's threshold (1.00%)
#-----------
snapshot=23
#-----------
time=5679287354
mem_heap_B=39636361
mem_heap_extra_B=21399
mem_stacks_B=0
heap_tree=detailed
n3: 39636361 (heap allocation functions) malloc/new/new[], --alloc-fns, etc.
 n1: 36270432 0x20664E: _ntl_gblock_construct_alloc(_ntl_gbigint_body**, long, long) (lip.cpp:6279)
  n2: 36270432 0x228994: NTL::BasicBlockConstruct(NTL::ZZ_p*, long, long) (ZZ.h:1041)
   n1: 36270432 0x228A36: NTL::BlockConstructFromVec(NTL::ZZ_p*, long, NTL::ZZ_p const*) (vec_ZZ_p.cpp:43)
    n0: 36270432 0x16C17C: void NTL::VecStrategy<true>::do_BlockConstructFromVec<NTL::ZZ_p>(NTL::ZZ_p*, long, NTL::ZZ_p const*) (in /home/reti/dongHyeon/Function-hiding-IPE/build/bin/p-norm-ipe-test)
   n0: 0 in 1 place, below massif's threshold (1.00%)
 n0: 3328128 0x16B152: NTL::Vec<NTL::ZZ_p>::AllocateTo(long) (in /home/reti/dongHyeon/Function-hiding-IPE/build/bin/p-norm-ipe-test)
 n0: 37801 in 27 places, all below massif's threshold (1.00%)
#-----------
snapshot=24
#-----------
time=5874739837
mem_heap_B=20259185
mem_heap_extra_B=11423
mem_stacks_B=0
heap_tree=empty
#-----------
snapshot=25
#-----------
time=6180979119
mem_heap_B=21338585
mem_heap_extra_B=11983
mem_stacks_B=0
heap_tree=empty
#-----------
snapshot=26
#-----------
time=6548513266
mem_heap_B=22634057
mem_heap_extra_B=12655
mem_stacks_B=0
heap_tree=empty
#-----------
snapshot=27
#-----------
time=6916043365
mem_heap_B=23929545
mem_heap_extra_B=13327
mem_stacks_B=0
heap_tree=detailed
n3: 23929545 (heap allocation functions) malloc/new/new[], --alloc-fns, etc.
 n1: 21885952 0x20664E: _ntl_gblock_construct_alloc(_ntl_gbigint_body**, long, long) (lip.cpp:6279)
  n2: 21885952 0x228994: NTL::BasicBlockConstruct(NTL::ZZ_p*, long, long) (ZZ.h:1041)
   n0: 18157216 0x16C5A0: void NTL::VecStrategy<true>::do_BlockConstruct<NTL::ZZ_p>(NTL::ZZ_p*, long) (in /home/reti/dongHyeon/Function-hiding-IPE/build/bin/p-norm-ipe-test)
   n1: 3728736 0x228A36: NTL::BlockConstructFromVec(NTL::ZZ_p*, long, NTL::ZZ_p const*) (vec_ZZ_p.cpp:43)
    n0: 3728736 0x16C17C: void NTL::VecStrategy<true>::do_BlockConstructFromVec<NTL::ZZ_p>(NTL::ZZ_p*, long, NTL::ZZ_p const*) (in /home/reti/dongHyeon/Function-hiding-IPE/build/bin/p-norm-ipe-test)
 n0: 2006208 0x16B152: NTL::Vec<NTL::ZZ_p>::AllocateTo(long) (in /home/reti/dongHyeon/Function-hiding-IPE/build/bin/p-norm-ipe-test)
 n0: 37385 in 27 places, all below massif's threshold (1.00%)
#-----------
snapshot=28
#-----------
time=7222945442
mem_heap_B=25010289
mem_heap_extra_B=13887
mem_stacks_B=0
heap_tree=empty
#-----------
snapshot=29
#-----------
time=7599172090
mem_heap_B=26336873
mem_heap_extra_B=14575
mem_stacks_B=0
heap_tree=detailed
n3: 26336873 (heap allocation functions) malloc/new/new[], --alloc-fns, etc.
 n1: 24089296 0x20664E: _ntl_gblock_construct_alloc(_ntl_gbigint_body**, long, long) (lip.cpp:6279)
  n2: 24089296 0x228994: NTL::BasicBlockConstruct(NTL::ZZ_p*, long, long) (ZZ.h:1041)
   n0: 18157216 0x16C5A0: void NTL::VecStrategy<true>::do_BlockConstruct<NTL::ZZ_p>(NTL::ZZ_p*, long) (in /home/reti/dongHyeon/Function-hiding-IPE/build/bin/p-norm-ipe-test)
   n1: 5932080 0x228A36: NTL::BlockConstructFromVec(NTL::ZZ_p*, long, NTL::ZZ_p const*) (vec_ZZ_p.cpp:43)
    n0: 5932080 0x16C17C: void NTL::VecStrategy<true>::do_BlockConstructFromVec<NTL::ZZ_p>(NTL::ZZ_p*, long, NTL::ZZ_p const*) (in /home/reti/dongHyeon/Function-hiding-IPE/build/bin/p-norm-ipe-test)
 n0: 2208384 0x16B152: NTL::Vec<NTL::ZZ_p>::AllocateTo(long) (in /home/reti/dongHyeon/Function-hiding-IPE/build/bin/p-norm-ipe-test)
 n0: 39193 in 27 places, all below massif's threshold (1.00%)
#-----------
snapshot=30
#-----------
time=7885910282
mem_heap_B=27349153
mem_heap_extra_B=15087
mem_stacks_B=0
heap_tree=empty
#-----------
snapshot=31
#-----------
time=8077059240
mem_heap_B=28022545
mem_heap_extra_B=15423
mem_stacks_B=0
heap_tree=empty
#-----------
snapshot=32
#-----------
time=8363756463
mem_heap_B=29030697
mem_heap_extra_B=15919
mem_stacks_B=0
heap_tree=empty
#-----------
snapshot=33
#-----------
time=8554907197
mem_heap_B=29734361
mem_heap_extra_B=16351
mem_stacks_B=0
heap_tree=detailed
n3: 29734361 (heap allocation functions) malloc/new/new[], --alloc-fns, etc.
 n1: 27200976 0x20664E: _ntl_gblock_construct_alloc(_ntl_gbigint_body**, long, long) (lip.cpp:6279)
  n2: 27200976 0x228994: NTL::BasicBlockConstruct(NTL::ZZ_p*, long, long) (ZZ.h:1041)
   n0: 18161616 0x16C5A0: void NTL::VecStrategy<true>::do_BlockConstruct<NTL::ZZ_p>(NTL::ZZ_p*, long) (in /home/reti/dongHyeon/Function-hiding-IPE/build/bin/p-norm-ipe-test)
   n1: 9039360 0x228A36: NTL::BlockConstructFromVec(NTL::ZZ_p*, long, NTL::ZZ_p const*) (vec_ZZ_p.cpp:43)
    n0: 9039360 0x16C17C: void NTL::VecStrategy<true>::do_BlockConstructFromVec<NTL::ZZ_p>(NTL::ZZ_p*, long, NTL::ZZ_p const*) (in /home/reti/dongHyeon/Function-hiding-IPE/build/bin/p-norm-ipe-test)
 n0: 2493504 0x16B152: NTL::Vec<NTL::ZZ_p>::AllocateTo(long) (in /home/reti/dongHyeon/Function-hiding-IPE/build/bin/p-norm-ipe-test)
 n0: 39881 in 27 places, all below massif's threshold (1.00%)
#-----------
snapshot=34
#-----------
time=8841648027
mem_heap_B=30716841
mem_heap_extra_B=16847
mem_stacks_B=0
heap_tree=empty
#-----------
snapshot=35
#-----------
time=9032792560
mem_heap_B=31392081
mem_heap_extra_B=17191
mem_stacks_B=0
heap_tree=empty
#-----------
snapshot=36
#-----------
time=9223925555
mem_heap_B=32063961
mem_heap_extra_B=17519
mem_stacks_B=0
heap_tree=empty
#-----------
snapshot=37
#-----------
time=9511289626
mem_heap_B=33076593
mem_heap_extra_B=18031
mem_stacks_B=0
heap_tree=detailed
n3: 33076593 (heap allocation functions) malloc/new/new[], --alloc-fns, etc.
 n1: 30262408 0x20664E: _ntl_gblock_construct_alloc(_ntl_gbigint_body**, long, long) (lip.cpp:6279)
  n2: 30262408 0x228994: NTL::BasicBlockConstruct(NTL::ZZ_p*, long, long) (ZZ.h:1041)
   n0: 18144016 0x16C5A0: void NTL::VecStrategy<true>::do_BlockConstruct<NTL::ZZ_p>(NTL::ZZ_p*, long) (in /home/reti/dongHyeon/Function-hiding-IPE/build/bin/p-norm-ipe-test)
   n1: 12118392 0x228A36: NTL::BlockConstructFromVec(NTL::ZZ_p*, long, NTL::ZZ_p const*) (vec_ZZ_p.cpp:43)
    n0: 12118392 0x16C17C: void NTL::VecStrategy<true>::do_BlockConstructFromVec<NTL::ZZ_p>(NTL::ZZ_p*, long, NTL::ZZ_p const*) (in /home/reti/dongHyeon/Function-hiding-IPE/build/bin/p-norm-ipe-test)
 n0: 2776032 0x16B152: NTL::Vec<NTL::ZZ_p>::AllocateTo(long) (in /home/reti/dongHyeon/Function-hiding-IPE/build/bin/p-norm-ipe-test)
 n0: 38153 in 27 places, all below massif's threshold (1.00%)
#-----------
snapshot=38
#-----------
time=9702426933
mem_heap_B=33749905
mem_heap_extra_B=18367
mem_stacks_B=0
heap_tree=empty
#-----------
snapshot=39
#-----------
time=9893578196
mem_heap_B=34452881
mem_heap_extra_B=18799
mem_stacks_B=0
heap_tree=empty
#-----------
snapshot=40
#-----------
time=10180321881
mem_heap_B=35436401
mem_heap_extra_B=19295
mem_stacks_B=0
heap_tree=empty
#-----------
snapshot=41
#-----------
time=10467023193
mem_heap_B=36448681
mem_heap_extra_B=19807
mem_stacks_B=0
heap_tree=detailed
n3: 36448681 (heap allocation functions) malloc/new/new[], --alloc-fns, etc.
 n1: 33350240 0x20664E: _ntl_gblock_construct_alloc(_ntl_gbigint_body**, long, long) (lip.cpp:6279)
  n2: 33350240 0x228994: NTL::BasicBlockConstruct(NTL::ZZ_p*, long, long) (ZZ.h:1041)
   n0: 18152816 0x16C5A0: void NTL::VecStrategy<true>::do_BlockConstruct<NTL::ZZ_p>(NTL::ZZ_p*, long) (in /home/reti/dongHyeon/Function-hiding-IPE/build/bin/p-norm-ipe-test)
   n1: 15197424 0x228A36: NTL::BlockConstructFromVec(NTL::ZZ_p*, long, NTL::ZZ_p const*) (vec_ZZ_p.cpp:43)
    n0: 15197424 0x16C17C: void NTL::VecStrategy<true>::do_BlockConstructFromVec<NTL::ZZ_p>(NTL::ZZ_p*, long, NTL::ZZ_p const*) (in /home/reti/dongHyeon/Function-hiding-IPE/build/bin/p-norm-ipe-test)
 n0: 3058560 0x16B152: NTL::Vec<NTL::ZZ_p>::AllocateTo(long) (in /home/reti/dongHyeon/Function-hiding-IPE/build/bin/p-norm-ipe-test)
 n0: 39881 in 27 places, all below massif's threshold (1.00%)
#-----------
snapshot=42
#-----------
time=10658159073
mem_heap_B=37122073
mem_heap_extra_B=20143
mem_stacks_B=0
heap_tree=empty
#-----------
snapshot=43
#-----------
time=10849300042
mem_heap_B=37793489
mem_heap_extra_B=20471
mem_stacks_B=0
heap_tree=empty
#-----------
snapshot=44
#-----------
time=11040435065
mem_heap_B=38467057
mem_heap_extra_B=20807
mem_stacks_B=0
heap_tree=empty
#-----------
snapshot=45
#-----------
time=11231622788
mem_heap_B=39143801
mem_heap_extra_B=21239
mem_stacks_B=0
heap_tree=empty
#-----------
snapshot=46
#-----------
time=11571727730
mem_heap_B=79240089
mem_heap_extra_B=41975
mem_stacks_B=0
heap_tree=peak
n3: 79240089 (heap allocation functions) malloc/new/new[], --alloc-fns, etc.
 n1: 72540864 0x20664E: _ntl_gblock_construct_alloc(_ntl_gbigint_body**, long, long) (lip.cpp:6279)
  n2: 72540864 0x228994: NTL::BasicBlockConstruct(NTL::ZZ_p*, long, long) (ZZ.h:1041)
   n0: 36270432 0x16C5A0: void NTL::VecStrategy<true>::do_BlockConstruct<NTL::ZZ_p>(NTL::ZZ_p*, long) (in /home/reti/dongHyeon/Function-hiding-IPE/build/bin/p-norm-ipe-test)
   n1: 36270432 0x228A36: NTL::BlockConstructFromVec(NTL::ZZ_p*, long, NTL::ZZ_p const*) (vec_ZZ_p.cpp:43)
    n0: 36270432 0x16C17C: void NTL::VecStrategy<true>::do_BlockConstructFromVec<NTL::ZZ_p>(NTL::ZZ_p*, long, NTL::ZZ_p const*) (in /home/reti/dongHyeon/Function-hiding-IPE/build/bin/p-norm-ipe-test)
 n0: 6656256 0x16B152: NTL::Vec<NTL::ZZ_p>::AllocateTo(long) (in /home/reti/dongHyeon/Function-hiding-IPE/build/bin/p-norm-ipe-test)
 n0: 42969 in 28 places, all below massif's threshold (1.00%)
#-----------
snapshot=47
#-----------
time=11786212816
mem_heap_B=39720954
mem_heap_extra_B=21766
mem_stacks_B=0
heap_tree=empty
#-----------
snapshot=48
#-----------
time=12078864265
mem_heap_B=39908470
mem_heap_extra_B=30554
mem_stacks_B=0
heap_tree=empty
#-----------
snapshot=49
#-----------
time=12276209080
mem_heap_B=39908710
mem_heap_extra_B=30626
mem_stacks_B=0
heap_tree=empty
#-----------
snapshot=50
#-----------
time=12427451920
mem_heap_B=39908710
mem_heap_extra_B=30626
mem_stacks_B=0
heap_tree=empty
#-----------
snapshot=51
#-----------
time=12577350933
mem_heap_B=39908710
mem_heap_extra_B=30626
mem_stacks_B=0
heap_tree=empty
#-----------
snapshot=52
#-----------
time=12729480456
mem_heap_B=39908774
mem_heap_extra_B=30642
mem_stacks_B=0
heap_tree=empty
#-----------
snapshot=53
#-----------
time=12883174583
mem_heap_B=39908786
mem_heap_extra_B=30654
mem_stacks_B=0
heap_tree=detailed
n3: 39908786 (heap allocation functions) malloc/new/new[], --alloc-fns, etc.
 n1: 36326928 0x20664E: _ntl_gblock_construct_alloc(_ntl_gbigint_body**, long, long) (lip.cpp:6279)
  n2: 36326928 0x228994: NTL::BasicBlockConstruct(NTL::ZZ_p*, long, long) (ZZ.h:1041)
   n1: 36298680 0x228A36: NTL::BlockConstructFromVec(NTL::ZZ_p*, long, NTL::ZZ_p const*) (vec_ZZ_p.cpp:43)
    n0: 36298680 0x16C17C: void NTL::VecStrategy<true>::do_BlockConstructFromVec<NTL::ZZ_p>(NTL::ZZ_p*, long, NTL::ZZ_p const*) (in /home/reti/dongHyeon/Function-hiding-IPE/build/bin/p-norm-ipe-test)
   n0: 28248 in 1 place, below massif's threshold (1.00%)
 n0: 3333312 0x16B152: NTL::Vec<NTL::ZZ_p>::AllocateTo(long) (in /home/reti/dongHyeon/Function-hiding-IPE/build/bin/p-norm-ipe-test)
 n0: 248546 in 55 places, all below massif's threshold (1.00%)
#-----------
snapshot=54
#-----------
time=13033734055
mem_heap_B=39908786
mem_heap_extra_B=30654
mem_stacks_B=0
heap_tree=empty
#-----------
snapshot=55
#-----------
time=13184945645
mem_heap_B=39908786
mem_heap_extra_B=30654
mem_stacks_B=0
heap_tree=empty
#-----------
snapshot=56
#-----------
time=13336656967
mem_heap_B=39908786
mem_heap_extra_B=30654
mem_stacks_B=0
heap_tree=empty
#-----------
snapshot=57
#-----------
time=13487334036
mem_heap_B=39908786
mem_heap_extra_B=30654
mem_stacks_B=0
heap_tree=empty
#-----------
snapshot=58
#-----------
time=13641577428
mem_heap_B=39908786
mem_heap_extra_B=30654
mem_stacks_B=0
heap_tree=empty
#-----------
snapshot=59
#-----------
time=13792975015
mem_heap_B=39908786
mem_heap_extra_B=30654
mem_stacks_B=0
heap_tree=empty
#-----------
snapshot=60
#-----------
time=13943950646
mem_heap_B=39908786
mem_heap_extra_B=30654
mem_stacks_B=0
heap_tree=empty
#-----------
snapshot=61
#-----------
time=14095066252
mem_heap_B=39908786
mem_heap_extra_B=30654
mem_stacks_B=0
heap_tree=empty
#-----------
snapshot=62
#-----------
time=14247461445
mem_heap_B=39908786
mem_heap_extra_B=30654
mem_stacks_B=0
heap_tree=empty
#-----------
snapshot=63
#-----------
time=14398251601
mem_heap_B=39908710
mem_heap_extra_B=30626
mem_stacks_B=0
heap_tree=detailed
n3: 39908710 (heap allocation functions) malloc/new/new[], --alloc-fns, etc.
 n1: 36326928 0x20664E: _ntl_gblock_construct_alloc(_ntl_gbigint_body**, long, long) (lip.cpp:6279)
  n2: 36326928 0x228994: NTL::BasicBlockConstruct(NTL::ZZ_p*, long, long) (ZZ.h:1041)
   n1: 36298680 0x228A36: NTL::BlockConstructFromVec(NTL::ZZ_p*, long, NTL::ZZ_p const*) (vec_ZZ_p.cpp:43)
    n0: 36298680 0x16C17C: void NTL::VecStrategy<true>::do_BlockConstructFromVec<NTL::ZZ_p>(NTL::ZZ_p*, long, NTL::ZZ_p const*) (in /home/reti/dongHyeon/Function-hiding-IPE/build/bin/p-norm-ipe-test)
   n0: 28248 in 1 place, below massif's threshold (1.00%)
 n0: 3333312 0x16B152: NTL::Vec<NTL::ZZ_p>::AllocateTo(long) (in /home/reti/dongHyeon/Function-hiding-IPE/build/bin/p-norm-ipe-test)
 n0: 248470 in 55 places, all below massif's threshold (1.00%)
#-----------
snapshot=64
#-----------
time=14549474686
mem_heap_B=39908710
mem_heap_extra_B=30626
mem_stacks_B=0
heap_tree=empty
#-----------
snapshot=65
#-----------
time=14700899223
mem_heap_B=39908470
mem_heap_extra_B=30554
mem_stacks_B=0
heap_tree=empty
#-----------
snapshot=66
#-----------
time=14852367784
mem_heap_B=39908470
mem_heap_extra_B=30554
mem_stacks_B=0
heap_tree=empty
