desc: --massif-out-file=encrypt/memory-64-10-6.log
cmd: ./p-norm-ipe-test encrypt 64 10 6
time_unit: i
#-----------
snapshot=0
#-----------
time=0
mem_heap_B=0
mem_heap_extra_B=0
mem_stacks_B=0
heap_tree=empty
#-----------
snapshot=1
#-----------
time=79720106
mem_heap_B=240825
mem_heap_extra_B=1087
mem_stacks_B=0
heap_tree=empty
#-----------
snapshot=2
#-----------
time=125983695
mem_heap_B=421057
mem_heap_extra_B=1295
mem_stacks_B=0
heap_tree=detailed
n5: 421057 (heap allocation functions) malloc/new/new[], --alloc-fns, etc.
 n1: 355432 0x20664E: _ntl_gblock_construct_alloc(_ntl_gbigint_body**, long, long) (lip.cpp:6279)
  n2: 355432 0x228994: NTL::BasicBlockConstruct(NTL::ZZ_p*, long, long) (ZZ.h:1041)
   n1: 340032 0x228A36: NTL::BlockConstructFromVec(NTL::ZZ_p*, long, NTL::ZZ_p const*) (vec_ZZ_p.cpp:43)
    n0: 340032 0x16C17C: void NTL::VecStrategy<true>::do_BlockConstructFromVec<NTL::ZZ_p>(NTL::ZZ_p*, long, NTL::ZZ_p const*) (in /home/reti/dongHyeon/Function-hiding-IPE/build/bin/p-norm-ipe-test)
   n0: 15400 0x16C5A0: void NTL::VecStrategy<true>::do_BlockConstruct<NTL::ZZ_p>(NTL::ZZ_p*, long) (in /home/reti/dongHyeon/Function-hiding-IPE/build/bin/p-norm-ipe-test)
 n0: 31488 0x16B152: NTL::Vec<NTL::ZZ_p>::AllocateTo(long) (in /home/reti/dongHyeon/Function-hiding-IPE/build/bin/p-norm-ipe-test)
 n0: 20224 0x48F4F42: ??? (in /usr/lib/arm-linux-gnueabihf/libstdc++.so.6.0.26)
 n1: 8192 0x493D6C6: std::basic_filebuf<char, std::char_traits<char> >::_M_allocate_internal_buffer() (in /usr/lib/arm-linux-gnueabihf/libstdc++.so.6.0.26)
  n1: 8192 0x493FFE2: std::basic_filebuf<char, std::char_traits<char> >::open(char const*, std::_Ios_Openmode) (in /usr/lib/arm-linux-gnueabihf/libstdc++.so.6.0.26)
   n0: 8192 0x49409EA: std::basic_ifstream<char, std::char_traits<char> >::basic_ifstream(std::__cxx11::basic_string<char, std::char_traits<char>, std::allocator<char> > const&, std::_Ios_Openmode) (in /usr/lib/arm-linux-gnueabihf/libstdc++.so.6.0.26)
 n0: 5721 in 24 places, all below massif's threshold (1.00%)
#-----------
snapshot=3
#-----------
time=220897140
mem_heap_B=738849
mem_heap_extra_B=1607
mem_stacks_B=0
heap_tree=empty
#-----------
snapshot=4
#-----------
time=279656895
mem_heap_B=963049
mem_heap_extra_B=1855
mem_stacks_B=0
heap_tree=detailed
n4: 963049 (heap allocation functions) malloc/new/new[], --alloc-fns, etc.
 n1: 851312 0x20664E: _ntl_gblock_construct_alloc(_ntl_gbigint_body**, long, long) (lip.cpp:6279)
  n2: 851312 0x228994: NTL::BasicBlockConstruct(NTL::ZZ_p*, long, long) (ZZ.h:1041)
   n1: 835912 0x228A36: NTL::BlockConstructFromVec(NTL::ZZ_p*, long, NTL::ZZ_p const*) (vec_ZZ_p.cpp:43)
    n0: 835912 0x16C17C: void NTL::VecStrategy<true>::do_BlockConstructFromVec<NTL::ZZ_p>(NTL::ZZ_p*, long, NTL::ZZ_p const*) (in /home/reti/dongHyeon/Function-hiding-IPE/build/bin/p-norm-ipe-test)
   n0: 15400 0x16C5A0: void NTL::VecStrategy<true>::do_BlockConstruct<NTL::ZZ_p>(NTL::ZZ_p*, long) (in /home/reti/dongHyeon/Function-hiding-IPE/build/bin/p-norm-ipe-test)
 n0: 77408 0x16B152: NTL::Vec<NTL::ZZ_p>::AllocateTo(long) (in /home/reti/dongHyeon/Function-hiding-IPE/build/bin/p-norm-ipe-test)
 n0: 20224 0x48F4F42: ??? (in /usr/lib/arm-linux-gnueabihf/libstdc++.so.6.0.26)
 n0: 14105 in 26 places, all below massif's threshold (1.00%)
#-----------
snapshot=5
#-----------
time=398216286
mem_heap_B=1381009
mem_heap_extra_B=2287
mem_stacks_B=0
heap_tree=detailed
n4: 1381009 (heap allocation functions) malloc/new/new[], --alloc-fns, etc.
 n1: 1233848 0x20664E: _ntl_gblock_construct_alloc(_ntl_gbigint_body**, long, long) (lip.cpp:6279)
  n2: 1233848 0x228994: NTL::BasicBlockConstruct(NTL::ZZ_p*, long, long) (ZZ.h:1041)
   n1: 1218448 0x228A36: NTL::BlockConstructFromVec(NTL::ZZ_p*, long, NTL::ZZ_p const*) (vec_ZZ_p.cpp:43)
    n0: 1218448 0x16C17C: void NTL::VecStrategy<true>::do_BlockConstructFromVec<NTL::ZZ_p>(NTL::ZZ_p*, long, NTL::ZZ_p const*) (in /home/reti/dongHyeon/Function-hiding-IPE/build/bin/p-norm-ipe-test)
   n0: 15400 0x16C5A0: void NTL::VecStrategy<true>::do_BlockConstruct<NTL::ZZ_p>(NTL::ZZ_p*, long) (in /home/reti/dongHyeon/Function-hiding-IPE/build/bin/p-norm-ipe-test)
 n0: 112832 0x16B152: NTL::Vec<NTL::ZZ_p>::AllocateTo(long) (in /home/reti/dongHyeon/Function-hiding-IPE/build/bin/p-norm-ipe-test)
 n0: 20224 0x48F4F42: ??? (in /usr/lib/arm-linux-gnueabihf/libstdc++.so.6.0.26)
 n0: 14105 in 26 places, all below massif's threshold (1.00%)
#-----------
snapshot=6
#-----------
time=487398422
mem_heap_B=1678361
mem_heap_extra_B=2567
mem_stacks_B=0
heap_tree=empty
#-----------
snapshot=7
#-----------
time=548859264
mem_heap_B=1895081
mem_heap_extra_B=2791
mem_stacks_B=0
heap_tree=empty
#-----------
snapshot=8
#-----------
time=613361329
mem_heap_B=2139737
mem_heap_extra_B=3071
mem_stacks_B=0
heap_tree=detailed
n3: 2139737 (heap allocation functions) malloc/new/new[], --alloc-fns, etc.
 n1: 1928080 0x20664E: _ntl_gblock_construct_alloc(_ntl_gbigint_body**, long, long) (lip.cpp:6279)
  n2: 1928080 0x228994: NTL::BasicBlockConstruct(NTL::ZZ_p*, long, long) (ZZ.h:1041)
   n1: 1912680 0x228A36: NTL::BlockConstructFromVec(NTL::ZZ_p*, long, NTL::ZZ_p const*) (vec_ZZ_p.cpp:43)
    n0: 1912680 0x16C17C: void NTL::VecStrategy<true>::do_BlockConstructFromVec<NTL::ZZ_p>(NTL::ZZ_p*, long, NTL::ZZ_p const*) (in /home/reti/dongHyeon/Function-hiding-IPE/build/bin/p-norm-ipe-test)
   n0: 15400 in 1 place, below massif's threshold (1.00%)
 n0: 177120 0x16B152: NTL::Vec<NTL::ZZ_p>::AllocateTo(long) (in /home/reti/dongHyeon/Function-hiding-IPE/build/bin/p-norm-ipe-test)
 n0: 34537 in 27 places, all below massif's threshold (1.00%)
#-----------
snapshot=9
#-----------
time=683619279
mem_heap_B=2387721
mem_heap_extra_B=3327
mem_stacks_B=0
heap_tree=detailed
n3: 2387721 (heap allocation functions) malloc/new/new[], --alloc-fns, etc.
 n1: 2154768 0x20664E: _ntl_gblock_construct_alloc(_ntl_gbigint_body**, long, long) (lip.cpp:6279)
  n2: 2154768 0x228994: NTL::BasicBlockConstruct(NTL::ZZ_p*, long, long) (ZZ.h:1041)
   n1: 2139368 0x228A36: NTL::BlockConstructFromVec(NTL::ZZ_p*, long, NTL::ZZ_p const*) (vec_ZZ_p.cpp:43)
    n0: 2139368 0x16C17C: void NTL::VecStrategy<true>::do_BlockConstructFromVec<NTL::ZZ_p>(NTL::ZZ_p*, long, NTL::ZZ_p const*) (in /home/reti/dongHyeon/Function-hiding-IPE/build/bin/p-norm-ipe-test)
   n0: 15400 in 1 place, below massif's threshold (1.00%)
 n0: 198112 0x16B152: NTL::Vec<NTL::ZZ_p>::AllocateTo(long) (in /home/reti/dongHyeon/Function-hiding-IPE/build/bin/p-norm-ipe-test)
 n0: 34841 in 27 places, all below massif's threshold (1.00%)
#-----------
snapshot=10
#-----------
time=736316690
mem_heap_B=2573481
mem_heap_extra_B=3519
mem_stacks_B=0
heap_tree=detailed
n3: 2573481 (heap allocation functions) malloc/new/new[], --alloc-fns, etc.
 n1: 2324784 0x20664E: _ntl_gblock_construct_alloc(_ntl_gbigint_body**, long, long) (lip.cpp:6279)
  n2: 2324784 0x228994: NTL::BasicBlockConstruct(NTL::ZZ_p*, long, long) (ZZ.h:1041)
   n1: 2309384 0x228A36: NTL::BlockConstructFromVec(NTL::ZZ_p*, long, NTL::ZZ_p const*) (vec_ZZ_p.cpp:43)
    n0: 2309384 0x16C17C: void NTL::VecStrategy<true>::do_BlockConstructFromVec<NTL::ZZ_p>(NTL::ZZ_p*, long, NTL::ZZ_p const*) (in /home/reti/dongHyeon/Function-hiding-IPE/build/bin/p-norm-ipe-test)
   n0: 15400 in 1 place, below massif's threshold (1.00%)
 n0: 213856 0x16B152: NTL::Vec<NTL::ZZ_p>::AllocateTo(long) (in /home/reti/dongHyeon/Function-hiding-IPE/build/bin/p-norm-ipe-test)
 n0: 34841 in 27 places, all below massif's threshold (1.00%)
#-----------
snapshot=11
#-----------
time=832913584
mem_heap_B=2914041
mem_heap_extra_B=3871
mem_stacks_B=0
heap_tree=detailed
n3: 2914041 (heap allocation functions) malloc/new/new[], --alloc-fns, etc.
 n1: 2636480 0x20664E: _ntl_gblock_construct_alloc(_ntl_gbigint_body**, long, long) (lip.cpp:6279)
  n2: 2636480 0x228994: NTL::BasicBlockConstruct(NTL::ZZ_p*, long, long) (ZZ.h:1041)
   n1: 2621080 0x228A36: NTL::BlockConstructFromVec(NTL::ZZ_p*, long, NTL::ZZ_p const*) (vec_ZZ_p.cpp:43)
    n0: 2621080 0x16C17C: void NTL::VecStrategy<true>::do_BlockConstructFromVec<NTL::ZZ_p>(NTL::ZZ_p*, long, NTL::ZZ_p const*) (in /home/reti/dongHyeon/Function-hiding-IPE/build/bin/p-norm-ipe-test)
   n0: 15400 in 1 place, below massif's threshold (1.00%)
 n0: 242720 0x16B152: NTL::Vec<NTL::ZZ_p>::AllocateTo(long) (in /home/reti/dongHyeon/Function-hiding-IPE/build/bin/p-norm-ipe-test)
 n0: 34841 in 27 places, all below massif's threshold (1.00%)
#-----------
snapshot=12
#-----------
time=951467811
mem_heap_B=3332465
mem_heap_extra_B=4303
mem_stacks_B=0
heap_tree=detailed
n3: 3332465 (heap allocation functions) malloc/new/new[], --alloc-fns, etc.
 n1: 3019016 0x20664E: _ntl_gblock_construct_alloc(_ntl_gbigint_body**, long, long) (lip.cpp:6279)
  n2: 3019016 0x228994: NTL::BasicBlockConstruct(NTL::ZZ_p*, long, long) (ZZ.h:1041)
   n1: 3003616 0x228A36: NTL::BlockConstructFromVec(NTL::ZZ_p*, long, NTL::ZZ_p const*) (vec_ZZ_p.cpp:43)
    n0: 3003616 0x16C17C: void NTL::VecStrategy<true>::do_BlockConstructFromVec<NTL::ZZ_p>(NTL::ZZ_p*, long, NTL::ZZ_p const*) (in /home/reti/dongHyeon/Function-hiding-IPE/build/bin/p-norm-ipe-test)
   n0: 15400 in 1 place, below massif's threshold (1.00%)
 n0: 278144 0x16B152: NTL::Vec<NTL::ZZ_p>::AllocateTo(long) (in /home/reti/dongHyeon/Function-hiding-IPE/build/bin/p-norm-ipe-test)
 n0: 35305 in 27 places, all below massif's threshold (1.00%)
#-----------
snapshot=13
#-----------
time=1056847657
mem_heap_B=3703985
mem_heap_extra_B=4687
mem_stacks_B=0
heap_tree=detailed
n3: 3703985 (heap allocation functions) malloc/new/new[], --alloc-fns, etc.
 n1: 3359048 0x20664E: _ntl_gblock_construct_alloc(_ntl_gbigint_body**, long, long) (lip.cpp:6279)
  n2: 3359048 0x228994: NTL::BasicBlockConstruct(NTL::ZZ_p*, long, long) (ZZ.h:1041)
   n1: 3343648 0x228A36: NTL::BlockConstructFromVec(NTL::ZZ_p*, long, NTL::ZZ_p const*) (vec_ZZ_p.cpp:43)
    n0: 3343648 0x16C17C: void NTL::VecStrategy<true>::do_BlockConstructFromVec<NTL::ZZ_p>(NTL::ZZ_p*, long, NTL::ZZ_p const*) (in /home/reti/dongHyeon/Function-hiding-IPE/build/bin/p-norm-ipe-test)
   n0: 15400 in 1 place, below massif's threshold (1.00%)
 n0: 309632 0x16B152: NTL::Vec<NTL::ZZ_p>::AllocateTo(long) (in /home/reti/dongHyeon/Function-hiding-IPE/build/bin/p-norm-ipe-test)
 n0: 35305 in 27 places, all below massif's threshold (1.00%)
#-----------
snapshot=14
#-----------
time=1122715573
mem_heap_B=3936185
mem_heap_extra_B=4927
mem_stacks_B=0
heap_tree=detailed
n3: 3936185 (heap allocation functions) malloc/new/new[], --alloc-fns, etc.
 n1: 3571568 0x20664E: _ntl_gblock_construct_alloc(_ntl_gbigint_body**, long, long) (lip.cpp:6279)
  n2: 3571568 0x228994: NTL::BasicBlockConstruct(NTL::ZZ_p*, long, long) (ZZ.h:1041)
   n1: 3556168 0x228A36: NTL::BlockConstructFromVec(NTL::ZZ_p*, long, NTL::ZZ_p const*) (vec_ZZ_p.cpp:43)
    n0: 3556168 0x16C17C: void NTL::VecStrategy<true>::do_BlockConstructFromVec<NTL::ZZ_p>(NTL::ZZ_p*, long, NTL::ZZ_p const*) (in /home/reti/dongHyeon/Function-hiding-IPE/build/bin/p-norm-ipe-test)
   n0: 15400 in 1 place, below massif's threshold (1.00%)
 n0: 329312 0x16B152: NTL::Vec<NTL::ZZ_p>::AllocateTo(long) (in /home/reti/dongHyeon/Function-hiding-IPE/build/bin/p-norm-ipe-test)
 n0: 35305 in 27 places, all below massif's threshold (1.00%)
#-----------
snapshot=15
#-----------
time=1214918020
mem_heap_B=4261265
mem_heap_extra_B=5263
mem_stacks_B=0
heap_tree=detailed
n3: 4261265 (heap allocation functions) malloc/new/new[], --alloc-fns, etc.
 n1: 3869096 0x20664E: _ntl_gblock_construct_alloc(_ntl_gbigint_body**, long, long) (lip.cpp:6279)
  n2: 3869096 0x228994: NTL::BasicBlockConstruct(NTL::ZZ_p*, long, long) (ZZ.h:1041)
   n1: 3853696 0x228A36: NTL::BlockConstructFromVec(NTL::ZZ_p*, long, NTL::ZZ_p const*) (vec_ZZ_p.cpp:43)
    n0: 3853696 0x16C17C: void NTL::VecStrategy<true>::do_BlockConstructFromVec<NTL::ZZ_p>(NTL::ZZ_p*, long, NTL::ZZ_p const*) (in /home/reti/dongHyeon/Function-hiding-IPE/build/bin/p-norm-ipe-test)
   n0: 15400 in 1 place, below massif's threshold (1.00%)
 n0: 356864 0x16B152: NTL::Vec<NTL::ZZ_p>::AllocateTo(long) (in /home/reti/dongHyeon/Function-hiding-IPE/build/bin/p-norm-ipe-test)
 n0: 35305 in 27 places, all below massif's threshold (1.00%)
#-----------
snapshot=16
#-----------
time=1307131657
mem_heap_B=4586345
mem_heap_extra_B=5599
mem_stacks_B=0
heap_tree=detailed
n3: 4586345 (heap allocation functions) malloc/new/new[], --alloc-fns, etc.
 n1: 4166624 0x20664E: _ntl_gblock_construct_alloc(_ntl_gbigint_body**, long, long) (lip.cpp:6279)
  n2: 4166624 0x228994: NTL::BasicBlockConstruct(NTL::ZZ_p*, long, long) (ZZ.h:1041)
   n1: 4151224 0x228A36: NTL::BlockConstructFromVec(NTL::ZZ_p*, long, NTL::ZZ_p const*) (vec_ZZ_p.cpp:43)
    n0: 4151224 0x16C17C: void NTL::VecStrategy<true>::do_BlockConstructFromVec<NTL::ZZ_p>(NTL::ZZ_p*, long, NTL::ZZ_p const*) (in /home/reti/dongHyeon/Function-hiding-IPE/build/bin/p-norm-ipe-test)
   n0: 15400 in 1 place, below massif's threshold (1.00%)
 n0: 384416 0x16B152: NTL::Vec<NTL::ZZ_p>::AllocateTo(long) (in /home/reti/dongHyeon/Function-hiding-IPE/build/bin/p-norm-ipe-test)
 n0: 35305 in 27 places, all below massif's threshold (1.00%)
#-----------
snapshot=17
#-----------
time=1364212651
mem_heap_B=4788273
mem_heap_extra_B=5807
mem_stacks_B=0
heap_tree=detailed
n3: 4788273 (heap allocation functions) malloc/new/new[], --alloc-fns, etc.
 n1: 4350808 0x20664E: _ntl_gblock_construct_alloc(_ntl_gbigint_body**, long, long) (lip.cpp:6279)
  n2: 4350808 0x228994: NTL::BasicBlockConstruct(NTL::ZZ_p*, long, long) (ZZ.h:1041)
   n1: 4335408 0x228A36: NTL::BlockConstructFromVec(NTL::ZZ_p*, long, NTL::ZZ_p const*) (vec_ZZ_p.cpp:43)
    n0: 4335408 0x16C17C: void NTL::VecStrategy<true>::do_BlockConstructFromVec<NTL::ZZ_p>(NTL::ZZ_p*, long, NTL::ZZ_p const*) (in /home/reti/dongHyeon/Function-hiding-IPE/build/bin/p-norm-ipe-test)
   n0: 15400 in 1 place, below massif's threshold (1.00%)
 n0: 401472 0x16B152: NTL::Vec<NTL::ZZ_p>::AllocateTo(long) (in /home/reti/dongHyeon/Function-hiding-IPE/build/bin/p-norm-ipe-test)
 n0: 35993 in 27 places, all below massif's threshold (1.00%)
#-----------
snapshot=18
#-----------
time=1444937503
mem_heap_B=10004345
mem_heap_extra_B=11159
mem_stacks_B=0
heap_tree=detailed
n3: 10004345 (heap allocation functions) malloc/new/new[], --alloc-fns, etc.
 n1: 9124192 0x20664E: _ntl_gblock_construct_alloc(_ntl_gbigint_body**, long, long) (lip.cpp:6279)
  n2: 9124192 0x228994: NTL::BasicBlockConstruct(NTL::ZZ_p*, long, long) (ZZ.h:1041)
   n1: 9124192 0x228A36: NTL::BlockConstructFromVec(NTL::ZZ_p*, long, NTL::ZZ_p const*) (vec_ZZ_p.cpp:43)
    n0: 9124192 0x16C17C: void NTL::VecStrategy<true>::do_BlockConstructFromVec<NTL::ZZ_p>(NTL::ZZ_p*, long, NTL::ZZ_p const*) (in /home/reti/dongHyeon/Function-hiding-IPE/build/bin/p-norm-ipe-test)
   n0: 0 in 1 place, below massif's threshold (1.00%)
 n0: 844928 0x16B152: NTL::Vec<NTL::ZZ_p>::AllocateTo(long) (in /home/reti/dongHyeon/Function-hiding-IPE/build/bin/p-norm-ipe-test)
 n0: 35225 in 27 places, all below massif's threshold (1.00%)
#-----------
snapshot=19
#-----------
time=1543228923
mem_heap_B=5299881
mem_heap_extra_B=6351
mem_stacks_B=0
heap_tree=empty
#-----------
snapshot=20
#-----------
time=1635475190
mem_heap_B=5636929
mem_heap_extra_B=6687
mem_stacks_B=0
heap_tree=empty
#-----------
snapshot=21
#-----------
time=1711469071
mem_heap_B=5890025
mem_heap_extra_B=6927
mem_stacks_B=0
heap_tree=empty
#-----------
snapshot=22
#-----------
time=1784414750
mem_heap_B=6147961
mem_heap_extra_B=7215
mem_stacks_B=0
heap_tree=empty
#-----------
snapshot=23
#-----------
time=1838121897
mem_heap_B=6336537
mem_heap_extra_B=7383
mem_stacks_B=0
heap_tree=empty
#-----------
snapshot=24
#-----------
time=1911061102
mem_heap_B=6596401
mem_heap_extra_B=7679
mem_stacks_B=0
heap_tree=detailed
n3: 6596401 (heap allocation functions) malloc/new/new[], --alloc-fns, etc.
 n1: 6006264 0x20664E: _ntl_gblock_construct_alloc(_ntl_gbigint_body**, long, long) (lip.cpp:6279)
  n2: 6006264 0x228994: NTL::BasicBlockConstruct(NTL::ZZ_p*, long, long) (ZZ.h:1041)
   n0: 4575296 0x16C5A0: void NTL::VecStrategy<true>::do_BlockConstruct<NTL::ZZ_p>(NTL::ZZ_p*, long) (in /home/reti/dongHyeon/Function-hiding-IPE/build/bin/p-norm-ipe-test)
   n1: 1430968 0x228A36: NTL::BlockConstructFromVec(NTL::ZZ_p*, long, NTL::ZZ_p const*) (vec_ZZ_p.cpp:43)
    n0: 1430968 0x16C17C: void NTL::VecStrategy<true>::do_BlockConstructFromVec<NTL::ZZ_p>(NTL::ZZ_p*, long, NTL::ZZ_p const*) (in /home/reti/dongHyeon/Function-hiding-IPE/build/bin/p-norm-ipe-test)
 n0: 554976 0x16B152: NTL::Vec<NTL::ZZ_p>::AllocateTo(long) (in /home/reti/dongHyeon/Function-hiding-IPE/build/bin/p-norm-ipe-test)
 n0: 35161 in 27 places, all below massif's threshold (1.00%)
#-----------
snapshot=25
#-----------
time=2019464333
mem_heap_B=6976337
mem_heap_extra_B=8055
mem_stacks_B=0
heap_tree=empty
#-----------
snapshot=26
#-----------
time=2092047307
mem_heap_B=7235281
mem_heap_extra_B=8351
mem_stacks_B=0
heap_tree=detailed
n3: 7235281 (heap allocation functions) malloc/new/new[], --alloc-fns, etc.
 n1: 6589352 0x20664E: _ntl_gblock_construct_alloc(_ntl_gbigint_body**, long, long) (lip.cpp:6279)
  n2: 6589352 0x228994: NTL::BasicBlockConstruct(NTL::ZZ_p*, long, long) (ZZ.h:1041)
   n0: 4577496 0x16C5A0: void NTL::VecStrategy<true>::do_BlockConstruct<NTL::ZZ_p>(NTL::ZZ_p*, long) (in /home/reti/dongHyeon/Function-hiding-IPE/build/bin/p-norm-ipe-test)
   n1: 2011856 0x228A36: NTL::BlockConstructFromVec(NTL::ZZ_p*, long, NTL::ZZ_p const*) (vec_ZZ_p.cpp:43)
    n0: 2011856 0x16C17C: void NTL::VecStrategy<true>::do_BlockConstructFromVec<NTL::ZZ_p>(NTL::ZZ_p*, long, NTL::ZZ_p const*) (in /home/reti/dongHyeon/Function-hiding-IPE/build/bin/p-norm-ipe-test)
 n0: 610080 0x16B152: NTL::Vec<NTL::ZZ_p>::AllocateTo(long) (in /home/reti/dongHyeon/Function-hiding-IPE/build/bin/p-norm-ipe-test)
 n0: 35849 in 27 places, all below massif's threshold (1.00%)
#-----------
snapshot=27
#-----------
time=2181940049
mem_heap_B=7549401
mem_heap_extra_B=8647
mem_stacks_B=0
heap_tree=empty
#-----------
snapshot=28
#-----------
time=2254522683
mem_heap_B=7808345
mem_heap_extra_B=8943
mem_stacks_B=0
heap_tree=empty
#-----------
snapshot=29
#-----------
time=2307931040
mem_heap_B=7993409
mem_heap_extra_B=9095
mem_stacks_B=0
heap_tree=empty
#-----------
snapshot=30
#-----------
time=2380897350
mem_heap_B=8253529
mem_heap_extra_B=9391
mem_stacks_B=0
heap_tree=empty
#-----------
snapshot=31
#-----------
time=2434601972
mem_heap_B=8455457
mem_heap_extra_B=9599
mem_stacks_B=0
heap_tree=empty
#-----------
snapshot=32
#-----------
time=2507553328
mem_heap_B=8698049
mem_heap_extra_B=9839
mem_stacks_B=0
heap_tree=empty
#-----------
snapshot=33
#-----------
time=2579495972
mem_heap_B=8966297
mem_heap_extra_B=10127
mem_stacks_B=0
heap_tree=empty
#-----------
snapshot=34
#-----------
time=2693315156
mem_heap_B=9353297
mem_heap_extra_B=10527
mem_stacks_B=0
heap_tree=empty
#-----------
snapshot=35
#-----------
time=2807465871
mem_heap_B=9756465
mem_heap_extra_B=10943
mem_stacks_B=0
heap_tree=empty
#-----------
snapshot=36
#-----------
time=2888525771
mem_heap_B=14990217
mem_heap_extra_B=16319
mem_stacks_B=0
heap_tree=detailed
n3: 14990217 (heap allocation functions) malloc/new/new[], --alloc-fns, etc.
 n1: 13686288 0x20664E: _ntl_gblock_construct_alloc(_ntl_gbigint_body**, long, long) (lip.cpp:6279)
  n2: 13686288 0x228994: NTL::BasicBlockConstruct(NTL::ZZ_p*, long, long) (ZZ.h:1041)
   n1: 9124192 0x228A36: NTL::BlockConstructFromVec(NTL::ZZ_p*, long, NTL::ZZ_p const*) (vec_ZZ_p.cpp:43)
    n0: 9124192 0x16C17C: void NTL::VecStrategy<true>::do_BlockConstructFromVec<NTL::ZZ_p>(NTL::ZZ_p*, long, NTL::ZZ_p const*) (in /home/reti/dongHyeon/Function-hiding-IPE/build/bin/p-norm-ipe-test)
   n0: 4562096 0x16C5A0: void NTL::VecStrategy<true>::do_BlockConstruct<NTL::ZZ_p>(NTL::ZZ_p*, long) (in /home/reti/dongHyeon/Function-hiding-IPE/build/bin/p-norm-ipe-test)
 n0: 1267392 0x16B152: NTL::Vec<NTL::ZZ_p>::AllocateTo(long) (in /home/reti/dongHyeon/Function-hiding-IPE/build/bin/p-norm-ipe-test)
 n0: 36537 in 27 places, all below massif's threshold (1.00%)
#-----------
snapshot=37
#-----------
time=2928852881
mem_heap_B=19975833
mem_heap_extra_B=21495
mem_stacks_B=0
heap_tree=peak
n3: 19975833 (heap allocation functions) malloc/new/new[], --alloc-fns, etc.
 n1: 18248384 0x20664E: _ntl_gblock_construct_alloc(_ntl_gbigint_body**, long, long) (lip.cpp:6279)
  n2: 18248384 0x228994: NTL::BasicBlockConstruct(NTL::ZZ_p*, long, long) (ZZ.h:1041)
   n0: 9124192 0x16C5A0: void NTL::VecStrategy<true>::do_BlockConstruct<NTL::ZZ_p>(NTL::ZZ_p*, long) (in /home/reti/dongHyeon/Function-hiding-IPE/build/bin/p-norm-ipe-test)
   n1: 9124192 0x228A36: NTL::BlockConstructFromVec(NTL::ZZ_p*, long, NTL::ZZ_p const*) (vec_ZZ_p.cpp:43)
    n0: 9124192 0x16C17C: void NTL::VecStrategy<true>::do_BlockConstructFromVec<NTL::ZZ_p>(NTL::ZZ_p*, long, NTL::ZZ_p const*) (in /home/reti/dongHyeon/Function-hiding-IPE/build/bin/p-norm-ipe-test)
 n0: 1689856 0x16B152: NTL::Vec<NTL::ZZ_p>::AllocateTo(long) (in /home/reti/dongHyeon/Function-hiding-IPE/build/bin/p-norm-ipe-test)
 n0: 37593 in 28 places, all below massif's threshold (1.00%)
#-----------
snapshot=38
#-----------
time=3018777627
mem_heap_B=10137769
mem_heap_extra_B=15935
mem_stacks_B=0
heap_tree=empty
#-----------
snapshot=39
#-----------
time=3077283493
mem_heap_B=10137973
mem_heap_extra_B=15987
mem_stacks_B=0
heap_tree=empty
#-----------
snapshot=40
#-----------
time=3165935064
mem_heap_B=10138213
mem_heap_extra_B=16059
mem_stacks_B=0
heap_tree=empty
#-----------
snapshot=41
#-----------
time=3253287691
mem_heap_B=10138213
mem_heap_extra_B=16059
mem_stacks_B=0
heap_tree=detailed
n3: 10138213 (heap allocation functions) malloc/new/new[], --alloc-fns, etc.
 n1: 9152528 0x20664E: _ntl_gblock_construct_alloc(_ntl_gbigint_body**, long, long) (lip.cpp:6279)
  n2: 9152528 0x228994: NTL::BasicBlockConstruct(NTL::ZZ_p*, long, long) (ZZ.h:1041)
   n1: 9138360 0x228A36: NTL::BlockConstructFromVec(NTL::ZZ_p*, long, NTL::ZZ_p const*) (vec_ZZ_p.cpp:43)
    n0: 9138360 0x16C17C: void NTL::VecStrategy<true>::do_BlockConstructFromVec<NTL::ZZ_p>(NTL::ZZ_p*, long, NTL::ZZ_p const*) (in /home/reti/dongHyeon/Function-hiding-IPE/build/bin/p-norm-ipe-test)
   n0: 14168 in 1 place, below massif's threshold (1.00%)
 n0: 847552 0x16B152: NTL::Vec<NTL::ZZ_p>::AllocateTo(long) (in /home/reti/dongHyeon/Function-hiding-IPE/build/bin/p-norm-ipe-test)
 n0: 138133 in 55 places, all below massif's threshold (1.00%)
#-----------
snapshot=42
#-----------
time=3314106632
mem_heap_B=10138453
mem_heap_extra_B=16131
mem_stacks_B=0
heap_tree=empty
#-----------
snapshot=43
#-----------
time=3431634243
mem_heap_B=10138453
mem_heap_extra_B=16131
mem_stacks_B=0
heap_tree=empty
#-----------
snapshot=44
#-----------
time=3547868755
mem_heap_B=10138693
mem_heap_extra_B=16203
mem_stacks_B=0
heap_tree=detailed
n3: 10138693 (heap allocation functions) malloc/new/new[], --alloc-fns, etc.
 n1: 9152528 0x20664E: _ntl_gblock_construct_alloc(_ntl_gbigint_body**, long, long) (lip.cpp:6279)
  n2: 9152528 0x228994: NTL::BasicBlockConstruct(NTL::ZZ_p*, long, long) (ZZ.h:1041)
   n1: 9138360 0x228A36: NTL::BlockConstructFromVec(NTL::ZZ_p*, long, NTL::ZZ_p const*) (vec_ZZ_p.cpp:43)
    n0: 9138360 0x16C17C: void NTL::VecStrategy<true>::do_BlockConstructFromVec<NTL::ZZ_p>(NTL::ZZ_p*, long, NTL::ZZ_p const*) (in /home/reti/dongHyeon/Function-hiding-IPE/build/bin/p-norm-ipe-test)
   n0: 14168 in 1 place, below massif's threshold (1.00%)
 n0: 847552 0x16B152: NTL::Vec<NTL::ZZ_p>::AllocateTo(long) (in /home/reti/dongHyeon/Function-hiding-IPE/build/bin/p-norm-ipe-test)
 n0: 138613 in 55 places, all below massif's threshold (1.00%)
#-----------
snapshot=45
#-----------
time=3665073428
mem_heap_B=10138693
mem_heap_extra_B=16203
mem_stacks_B=0
heap_tree=empty
#-----------
snapshot=46
#-----------
time=3754480270
mem_heap_B=10138693
mem_heap_extra_B=16211
mem_stacks_B=0
heap_tree=empty
#-----------
snapshot=47
#-----------
time=3871657213
mem_heap_B=10138693
mem_heap_extra_B=16211
mem_stacks_B=0
heap_tree=empty
#-----------
snapshot=48
#-----------
time=3961644844
mem_heap_B=10138453
mem_heap_extra_B=16139
mem_stacks_B=0
heap_tree=empty
#-----------
snapshot=49
#-----------
time=4049550367
mem_heap_B=10138453
mem_heap_extra_B=16139
mem_stacks_B=0
heap_tree=empty
#-----------
snapshot=50
#-----------
time=4093568161
mem_heap_B=10138453
mem_heap_extra_B=16139
mem_stacks_B=0
heap_tree=empty
#-----------
snapshot=51
#-----------
time=4134248084
mem_heap_B=10138213
mem_heap_extra_B=16059
mem_stacks_B=0
heap_tree=empty
#-----------
snapshot=52
#-----------
time=4178207754
mem_heap_B=10138213
mem_heap_extra_B=16059
mem_stacks_B=0
heap_tree=detailed
n3: 10138213 (heap allocation functions) malloc/new/new[], --alloc-fns, etc.
 n1: 9152528 0x20664E: _ntl_gblock_construct_alloc(_ntl_gbigint_body**, long, long) (lip.cpp:6279)
  n2: 9152528 0x228994: NTL::BasicBlockConstruct(NTL::ZZ_p*, long, long) (ZZ.h:1041)
   n1: 9138360 0x228A36: NTL::BlockConstructFromVec(NTL::ZZ_p*, long, NTL::ZZ_p const*) (vec_ZZ_p.cpp:43)
    n0: 9138360 0x16C17C: void NTL::VecStrategy<true>::do_BlockConstructFromVec<NTL::ZZ_p>(NTL::ZZ_p*, long, NTL::ZZ_p const*) (in /home/reti/dongHyeon/Function-hiding-IPE/build/bin/p-norm-ipe-test)
   n0: 14168 in 1 place, below massif's threshold (1.00%)
 n0: 847552 0x16B152: NTL::Vec<NTL::ZZ_p>::AllocateTo(long) (in /home/reti/dongHyeon/Function-hiding-IPE/build/bin/p-norm-ipe-test)
 n0: 138133 in 55 places, all below massif's threshold (1.00%)
#-----------
snapshot=53
#-----------
time=4222492237
mem_heap_B=10138213
mem_heap_extra_B=16059
mem_stacks_B=0
heap_tree=empty
#-----------
snapshot=54
#-----------
time=4266386010
mem_heap_B=10138213
mem_heap_extra_B=16059
mem_stacks_B=0
heap_tree=empty
#-----------
snapshot=55
#-----------
time=4310743403
mem_heap_B=10137973
mem_heap_extra_B=15987
mem_stacks_B=0
heap_tree=empty
#-----------
snapshot=56
#-----------
time=4354118732
mem_heap_B=10137973
mem_heap_extra_B=15987
mem_stacks_B=0
heap_tree=empty
#-----------
snapshot=57
#-----------
time=4397982843
mem_heap_B=10137973
mem_heap_extra_B=15987
mem_stacks_B=0
heap_tree=empty
#-----------
snapshot=58
#-----------
time=4441620308
mem_heap_B=10137973
mem_heap_extra_B=15987
mem_stacks_B=0
heap_tree=empty
#-----------
snapshot=59
#-----------
time=4485280833
mem_heap_B=10137973
mem_heap_extra_B=15987
mem_stacks_B=0
heap_tree=empty
#-----------
snapshot=60
#-----------
time=4528957879
mem_heap_B=10137973
mem_heap_extra_B=15987
mem_stacks_B=0
heap_tree=empty
#-----------
snapshot=61
#-----------
time=4572955926
mem_heap_B=10137973
mem_heap_extra_B=15987
mem_stacks_B=0
heap_tree=empty
