desc: --massif-out-file=encrypt/memory-64-10-2.log
cmd: ./p-norm-ipe-test encrypt 64 10 2
time_unit: i
#-----------
snapshot=0
#-----------
time=0
mem_heap_B=0
mem_heap_extra_B=0
mem_stacks_B=0
heap_tree=empty
#-----------
snapshot=1
#-----------
time=3495400
mem_heap_B=32957
mem_heap_extra_B=771
mem_stacks_B=0
heap_tree=empty
#-----------
snapshot=2
#-----------
time=11020645
mem_heap_B=32957
mem_heap_extra_B=771
mem_stacks_B=0
heap_tree=detailed
n7: 32957 (heap allocation functions) malloc/new/new[], --alloc-fns, etc.
 n0: 20224 0x48F4F42: ??? (in /usr/lib/arm-linux-gnueabihf/libstdc++.so.6.0.26)
 n1: 8192 0x493D6C6: std::basic_filebuf<char, std::char_traits<char> >::_M_allocate_internal_buffer() (in /usr/lib/arm-linux-gnueabihf/libstdc++.so.6.0.26)
  n1: 8192 0x493FFE2: std::basic_filebuf<char, std::char_traits<char> >::open(char const*, std::_Ios_Openmode) (in /usr/lib/arm-linux-gnueabihf/libstdc++.so.6.0.26)
   n0: 8192 0x49409EA: std::basic_ifstream<char, std::char_traits<char> >::basic_ifstream(std::__cxx11::basic_string<char, std::char_traits<char>, std::allocator<char> > const&, std::_Ios_Openmode) (in /usr/lib/arm-linux-gnueabihf/libstdc++.so.6.0.26)
 n0: 2700 0x24B812: __gmp_default_allocate (in /home/reti/dongHyeon/Function-hiding-IPE/build/bin/p-norm-ipe-test)
 n1: 520 0x4ADE1F0: __new_exitfn (cxa_atexit.c:114)
  n1: 520 0x4ADE264: __internal_atexit (cxa_atexit.c:44)
   n0: 520 0x251574: __libc_csu_init (in /home/reti/dongHyeon/Function-hiding-IPE/build/bin/p-norm-ipe-test)
 n1: 513 0x49658F2: std::__cxx11::basic_string<char, std::char_traits<char>, std::allocator<char> >::reserve(unsigned int) (in /usr/lib/arm-linux-gnueabihf/libstdc++.so.6.0.26)
  n0: 513 0x495D556: std::__cxx11::basic_stringbuf<char, std::char_traits<char>, std::allocator<char> >::overflow(int) (in /usr/lib/arm-linux-gnueabihf/libstdc++.so.6.0.26)
 n0: 456 in 7 places, all below massif's threshold (1.00%)
 n1: 352 0x4AFE6FA: __fopen_internal (iofopen.c:65)
  n1: 352 0x490F2C6: std::__basic_file<char>::open(char const*, std::_Ios_Openmode, int) (in /usr/lib/arm-linux-gnueabihf/libstdc++.so.6.0.26)
   n1: 352 0x493FFD4: std::basic_filebuf<char, std::char_traits<char> >::open(char const*, std::_Ios_Openmode) (in /usr/lib/arm-linux-gnueabihf/libstdc++.so.6.0.26)
    n0: 352 0x49409EA: std::basic_ifstream<char, std::char_traits<char> >::basic_ifstream(std::__cxx11::basic_string<char, std::char_traits<char>, std::allocator<char> > const&, std::_Ios_Openmode) (in /usr/lib/arm-linux-gnueabihf/libstdc++.so.6.0.26)
#-----------
snapshot=3
#-----------
time=18187724
mem_heap_B=30737
mem_heap_extra_B=743
mem_stacks_B=0
heap_tree=empty
#-----------
snapshot=4
#-----------
time=26690981
mem_heap_B=53825
mem_heap_extra_B=959
mem_stacks_B=0
heap_tree=empty
#-----------
snapshot=5
#-----------
time=33009371
mem_heap_B=76169
mem_heap_extra_B=1071
mem_stacks_B=0
heap_tree=empty
#-----------
snapshot=6
#-----------
time=40225227
mem_heap_B=101705
mem_heap_extra_B=1199
mem_stacks_B=0
heap_tree=empty
#-----------
snapshot=7
#-----------
time=45641799
mem_heap_B=120857
mem_heap_extra_B=1295
mem_stacks_B=0
heap_tree=empty
#-----------
snapshot=8
#-----------
time=50152963
mem_heap_B=136817
mem_heap_extra_B=1375
mem_stacks_B=0
heap_tree=empty
#-----------
snapshot=9
#-----------
time=56696665
mem_heap_B=164553
mem_heap_extra_B=1511
mem_stacks_B=0
heap_tree=detailed
n5: 164553 (heap allocation functions) malloc/new/new[], --alloc-fns, etc.
 n1: 120560 0x20664E: _ntl_gblock_construct_alloc(_ntl_gbigint_body**, long, long) (lip.cpp:6279)
  n2: 120560 0x228994: NTL::BasicBlockConstruct(NTL::ZZ_p*, long, long) (ZZ.h:1041)
   n1: 116160 0x228A36: NTL::BlockConstructFromVec(NTL::ZZ_p*, long, NTL::ZZ_p const*) (vec_ZZ_p.cpp:43)
    n0: 116160 0x16C17C: void NTL::VecStrategy<true>::do_BlockConstructFromVec<NTL::ZZ_p>(NTL::ZZ_p*, long, NTL::ZZ_p const*) (in /home/reti/dongHyeon/Function-hiding-IPE/build/bin/p-norm-ipe-test)
   n0: 4400 0x16C5A0: void NTL::VecStrategy<true>::do_BlockConstruct<NTL::ZZ_p>(NTL::ZZ_p*, long) (in /home/reti/dongHyeon/Function-hiding-IPE/build/bin/p-norm-ipe-test)
 n0: 20224 0x48F4F42: ??? (in /usr/lib/arm-linux-gnueabihf/libstdc++.so.6.0.26)
 n0: 11520 0x16B152: NTL::Vec<NTL::ZZ_p>::AllocateTo(long) (in /home/reti/dongHyeon/Function-hiding-IPE/build/bin/p-norm-ipe-test)
 n1: 8192 0x493D6C6: std::basic_filebuf<char, std::char_traits<char> >::_M_allocate_internal_buffer() (in /usr/lib/arm-linux-gnueabihf/libstdc++.so.6.0.26)
  n1: 8192 0x493FFE2: std::basic_filebuf<char, std::char_traits<char> >::open(char const*, std::_Ios_Openmode) (in /usr/lib/arm-linux-gnueabihf/libstdc++.so.6.0.26)
   n0: 8192 0x49409EA: std::basic_ifstream<char, std::char_traits<char> >::basic_ifstream(std::__cxx11::basic_string<char, std::char_traits<char>, std::allocator<char> > const&, std::_Ios_Openmode) (in /usr/lib/arm-linux-gnueabihf/libstdc++.so.6.0.26)
 n0: 4057 in 24 places, all below massif's threshold (1.00%)
#-----------
snapshot=10
#-----------
time=63011587
mem_heap_B=186897
mem_heap_extra_B=1623
mem_stacks_B=0
heap_tree=detailed
n5: 186897 (heap allocation functions) malloc/new/new[], --alloc-fns, etc.
 n1: 140888 0x20664E: _ntl_gblock_construct_alloc(_ntl_gbigint_body**, long, long) (lip.cpp:6279)
  n2: 140888 0x228994: NTL::BasicBlockConstruct(NTL::ZZ_p*, long, long) (ZZ.h:1041)
   n1: 136488 0x228A36: NTL::BlockConstructFromVec(NTL::ZZ_p*, long, NTL::ZZ_p const*) (vec_ZZ_p.cpp:43)
    n0: 136488 0x16C17C: void NTL::VecStrategy<true>::do_BlockConstructFromVec<NTL::ZZ_p>(NTL::ZZ_p*, long, NTL::ZZ_p const*) (in /home/reti/dongHyeon/Function-hiding-IPE/build/bin/p-norm-ipe-test)
   n0: 4400 0x16C5A0: void NTL::VecStrategy<true>::do_BlockConstruct<NTL::ZZ_p>(NTL::ZZ_p*, long) (in /home/reti/dongHyeon/Function-hiding-IPE/build/bin/p-norm-ipe-test)
 n0: 20224 0x48F4F42: ??? (in /usr/lib/arm-linux-gnueabihf/libstdc++.so.6.0.26)
 n0: 13536 0x16B152: NTL::Vec<NTL::ZZ_p>::AllocateTo(long) (in /home/reti/dongHyeon/Function-hiding-IPE/build/bin/p-norm-ipe-test)
 n1: 8192 0x493D6C6: std::basic_filebuf<char, std::char_traits<char> >::_M_allocate_internal_buffer() (in /usr/lib/arm-linux-gnueabihf/libstdc++.so.6.0.26)
  n1: 8192 0x493FFE2: std::basic_filebuf<char, std::char_traits<char> >::open(char const*, std::_Ios_Openmode) (in /usr/lib/arm-linux-gnueabihf/libstdc++.so.6.0.26)
   n0: 8192 0x49409EA: std::basic_ifstream<char, std::char_traits<char> >::basic_ifstream(std::__cxx11::basic_string<char, std::char_traits<char>, std::allocator<char> > const&, std::_Ios_Openmode) (in /usr/lib/arm-linux-gnueabihf/libstdc++.so.6.0.26)
 n0: 4057 in 24 places, all below massif's threshold (1.00%)
#-----------
snapshot=11
#-----------
time=71139550
mem_heap_B=215817
mem_heap_extra_B=1767
mem_stacks_B=0
heap_tree=detailed
n5: 215817 (heap allocation functions) malloc/new/new[], --alloc-fns, etc.
 n1: 167024 0x20664E: _ntl_gblock_construct_alloc(_ntl_gbigint_body**, long, long) (lip.cpp:6279)
  n2: 167024 0x228994: NTL::BasicBlockConstruct(NTL::ZZ_p*, long, long) (ZZ.h:1041)
   n1: 162624 0x228A36: NTL::BlockConstructFromVec(NTL::ZZ_p*, long, NTL::ZZ_p const*) (vec_ZZ_p.cpp:43)
    n0: 162624 0x16C17C: void NTL::VecStrategy<true>::do_BlockConstructFromVec<NTL::ZZ_p>(NTL::ZZ_p*, long, NTL::ZZ_p const*) (in /home/reti/dongHyeon/Function-hiding-IPE/build/bin/p-norm-ipe-test)
   n0: 4400 0x16C5A0: void NTL::VecStrategy<true>::do_BlockConstruct<NTL::ZZ_p>(NTL::ZZ_p*, long) (in /home/reti/dongHyeon/Function-hiding-IPE/build/bin/p-norm-ipe-test)
 n0: 20224 0x48F4F42: ??? (in /usr/lib/arm-linux-gnueabihf/libstdc++.so.6.0.26)
 n0: 16128 0x16B152: NTL::Vec<NTL::ZZ_p>::AllocateTo(long) (in /home/reti/dongHyeon/Function-hiding-IPE/build/bin/p-norm-ipe-test)
 n1: 8192 0x493D6C6: std::basic_filebuf<char, std::char_traits<char> >::_M_allocate_internal_buffer() (in /usr/lib/arm-linux-gnueabihf/libstdc++.so.6.0.26)
  n1: 8192 0x493FFE2: std::basic_filebuf<char, std::char_traits<char> >::open(char const*, std::_Ios_Openmode) (in /usr/lib/arm-linux-gnueabihf/libstdc++.so.6.0.26)
   n0: 8192 0x49409EA: std::basic_ifstream<char, std::char_traits<char> >::basic_ifstream(std::__cxx11::basic_string<char, std::char_traits<char>, std::allocator<char> > const&, std::_Ios_Openmode) (in /usr/lib/arm-linux-gnueabihf/libstdc++.so.6.0.26)
 n0: 4249 in 25 places, all below massif's threshold (1.00%)
#-----------
snapshot=12
#-----------
time=77456316
mem_heap_B=238161
mem_heap_extra_B=1879
mem_stacks_B=0
heap_tree=detailed
n5: 238161 (heap allocation functions) malloc/new/new[], --alloc-fns, etc.
 n1: 187352 0x20664E: _ntl_gblock_construct_alloc(_ntl_gbigint_body**, long, long) (lip.cpp:6279)
  n2: 187352 0x228994: NTL::BasicBlockConstruct(NTL::ZZ_p*, long, long) (ZZ.h:1041)
   n1: 182952 0x228A36: NTL::BlockConstructFromVec(NTL::ZZ_p*, long, NTL::ZZ_p const*) (vec_ZZ_p.cpp:43)
    n0: 182952 0x16C17C: void NTL::VecStrategy<true>::do_BlockConstructFromVec<NTL::ZZ_p>(NTL::ZZ_p*, long, NTL::ZZ_p const*) (in /home/reti/dongHyeon/Function-hiding-IPE/build/bin/p-norm-ipe-test)
   n0: 4400 0x16C5A0: void NTL::VecStrategy<true>::do_BlockConstruct<NTL::ZZ_p>(NTL::ZZ_p*, long) (in /home/reti/dongHyeon/Function-hiding-IPE/build/bin/p-norm-ipe-test)
 n0: 20224 0x48F4F42: ??? (in /usr/lib/arm-linux-gnueabihf/libstdc++.so.6.0.26)
 n0: 18144 0x16B152: NTL::Vec<NTL::ZZ_p>::AllocateTo(long) (in /home/reti/dongHyeon/Function-hiding-IPE/build/bin/p-norm-ipe-test)
 n1: 8192 0x493D6C6: std::basic_filebuf<char, std::char_traits<char> >::_M_allocate_internal_buffer() (in /usr/lib/arm-linux-gnueabihf/libstdc++.so.6.0.26)
  n1: 8192 0x493FFE2: std::basic_filebuf<char, std::char_traits<char> >::open(char const*, std::_Ios_Openmode) (in /usr/lib/arm-linux-gnueabihf/libstdc++.so.6.0.26)
   n0: 8192 0x49409EA: std::basic_ifstream<char, std::char_traits<char> >::basic_ifstream(std::__cxx11::basic_string<char, std::char_traits<char>, std::allocator<char> > const&, std::_Ios_Openmode) (in /usr/lib/arm-linux-gnueabihf/libstdc++.so.6.0.26)
 n0: 4249 in 25 places, all below massif's threshold (1.00%)
#-----------
snapshot=13
#-----------
time=84018880
mem_heap_B=252017
mem_heap_extra_B=1959
mem_stacks_B=0
heap_tree=empty
#-----------
snapshot=14
#-----------
time=88528754
mem_heap_B=267977
mem_heap_extra_B=2039
mem_stacks_B=0
heap_tree=empty
#-----------
snapshot=15
#-----------
time=97555624
mem_heap_B=299897
mem_heap_extra_B=2199
mem_stacks_B=0
heap_tree=empty
#-----------
snapshot=16
#-----------
time=103872138
mem_heap_B=322241
mem_heap_extra_B=2311
mem_stacks_B=0
heap_tree=empty
#-----------
snapshot=17
#-----------
time=108385610
mem_heap_B=338201
mem_heap_extra_B=2391
mem_stacks_B=0
heap_tree=empty
#-----------
snapshot=18
#-----------
time=113804027
mem_heap_B=357353
mem_heap_extra_B=2487
mem_stacks_B=0
heap_tree=empty
#-----------
snapshot=19
#-----------
time=121926183
mem_heap_B=386081
mem_heap_extra_B=2631
mem_stacks_B=0
heap_tree=empty
#-----------
snapshot=20
#-----------
time=129144681
mem_heap_B=411809
mem_heap_extra_B=2759
mem_stacks_B=0
heap_tree=empty
#-----------
snapshot=21
#-----------
time=134558429
mem_heap_B=430961
mem_heap_extra_B=2855
mem_stacks_B=0
heap_tree=detailed
n5: 430961 (heap allocation functions) malloc/new/new[], --alloc-fns, etc.
 n1: 362296 0x20664E: _ntl_gblock_construct_alloc(_ntl_gbigint_body**, long, long) (lip.cpp:6279)
  n2: 362296 0x228994: NTL::BasicBlockConstruct(NTL::ZZ_p*, long, long) (ZZ.h:1041)
   n0: 193864 0x16C5A0: void NTL::VecStrategy<true>::do_BlockConstruct<NTL::ZZ_p>(NTL::ZZ_p*, long) (in /home/reti/dongHyeon/Function-hiding-IPE/build/bin/p-norm-ipe-test)
   n1: 168432 0x228A36: NTL::BlockConstructFromVec(NTL::ZZ_p*, long, NTL::ZZ_p const*) (vec_ZZ_p.cpp:43)
    n0: 168432 0x16C17C: void NTL::VecStrategy<true>::do_BlockConstructFromVec<NTL::ZZ_p>(NTL::ZZ_p*, long, NTL::ZZ_p const*) (in /home/reti/dongHyeon/Function-hiding-IPE/build/bin/p-norm-ipe-test)
 n0: 35712 0x16B152: NTL::Vec<NTL::ZZ_p>::AllocateTo(long) (in /home/reti/dongHyeon/Function-hiding-IPE/build/bin/p-norm-ipe-test)
 n0: 20224 0x48F4F42: ??? (in /usr/lib/arm-linux-gnueabihf/libstdc++.so.6.0.26)
 n1: 8192 0x493D6C6: std::basic_filebuf<char, std::char_traits<char> >::_M_allocate_internal_buffer() (in /usr/lib/arm-linux-gnueabihf/libstdc++.so.6.0.26)
  n1: 8192 0x493FFE2: std::basic_filebuf<char, std::char_traits<char> >::open(char const*, std::_Ios_Openmode) (in /usr/lib/arm-linux-gnueabihf/libstdc++.so.6.0.26)
   n0: 8192 0x49409EA: std::basic_ifstream<char, std::char_traits<char> >::basic_ifstream(std::__cxx11::basic_string<char, std::char_traits<char>, std::allocator<char> > const&, std::_Ios_Openmode) (in /usr/lib/arm-linux-gnueabihf/libstdc++.so.6.0.26)
 n0: 4537 in 25 places, all below massif's threshold (1.00%)
#-----------
snapshot=22
#-----------
time=143439977
mem_heap_B=876185
mem_heap_extra_B=5111
mem_stacks_B=0
heap_tree=peak
n4: 876185 (heap allocation functions) malloc/new/new[], --alloc-fns, etc.
 n1: 766656 0x20664E: _ntl_gblock_construct_alloc(_ntl_gbigint_body**, long, long) (lip.cpp:6279)
  n2: 766656 0x228994: NTL::BasicBlockConstruct(NTL::ZZ_p*, long, long) (ZZ.h:1041)
   n0: 383328 0x16C5A0: void NTL::VecStrategy<true>::do_BlockConstruct<NTL::ZZ_p>(NTL::ZZ_p*, long) (in /home/reti/dongHyeon/Function-hiding-IPE/build/bin/p-norm-ipe-test)
   n1: 383328 0x228A36: NTL::BlockConstructFromVec(NTL::ZZ_p*, long, NTL::ZZ_p const*) (vec_ZZ_p.cpp:43)
    n0: 383328 0x16C17C: void NTL::VecStrategy<true>::do_BlockConstructFromVec<NTL::ZZ_p>(NTL::ZZ_p*, long, NTL::ZZ_p const*) (in /home/reti/dongHyeon/Function-hiding-IPE/build/bin/p-norm-ipe-test)
 n0: 76032 0x16B152: NTL::Vec<NTL::ZZ_p>::AllocateTo(long) (in /home/reti/dongHyeon/Function-hiding-IPE/build/bin/p-norm-ipe-test)
 n0: 20224 0x48F4F42: ??? (in /usr/lib/arm-linux-gnueabihf/libstdc++.so.6.0.26)
 n0: 13273 in 27 places, all below massif's threshold (1.00%)
#-----------
snapshot=23
#-----------
time=148550952
mem_heap_B=449464
mem_heap_extra_B=3320
mem_stacks_B=0
heap_tree=empty
#-----------
snapshot=24
#-----------
time=157809818
mem_heap_B=477332
mem_heap_extra_B=4260
mem_stacks_B=0
heap_tree=empty
#-----------
snapshot=25
#-----------
time=176712819
mem_heap_B=477336
mem_heap_extra_B=4272
mem_stacks_B=0
heap_tree=empty
#-----------
snapshot=26
#-----------
time=181480932
mem_heap_B=477540
mem_heap_extra_B=4324
mem_stacks_B=0
heap_tree=empty
#-----------
snapshot=27
#-----------
time=186302619
mem_heap_B=477540
mem_heap_extra_B=4324
mem_stacks_B=0
heap_tree=detailed
n5: 477540 (heap allocation functions) malloc/new/new[], --alloc-fns, etc.
 n1: 389136 0x20664E: _ntl_gblock_construct_alloc(_ntl_gbigint_body**, long, long) (lip.cpp:6279)
  n2: 389136 0x228994: NTL::BasicBlockConstruct(NTL::ZZ_p*, long, long) (ZZ.h:1041)
   n1: 386232 0x228A36: NTL::BlockConstructFromVec(NTL::ZZ_p*, long, NTL::ZZ_p const*) (vec_ZZ_p.cpp:43)
    n0: 386232 0x16C17C: void NTL::VecStrategy<true>::do_BlockConstructFromVec<NTL::ZZ_p>(NTL::ZZ_p*, long, NTL::ZZ_p const*) (in /home/reti/dongHyeon/Function-hiding-IPE/build/bin/p-norm-ipe-test)
   n0: 2904 in 1 place, below massif's threshold (1.00%)
 n0: 38592 0x16B152: NTL::Vec<NTL::ZZ_p>::AllocateTo(long) (in /home/reti/dongHyeon/Function-hiding-IPE/build/bin/p-norm-ipe-test)
 n0: 20224 0x48F4F42: ??? (in /usr/lib/arm-linux-gnueabihf/libstdc++.so.6.0.26)
 n0: 19008 0x16AEC4: mcl::Array<mcl::EcT<mcl::Fp2T<mcl::FpT<mcl::bn::local::FpTag, 384u> > > >::resize(unsigned int) (in /home/reti/dongHyeon/Function-hiding-IPE/build/bin/p-norm-ipe-test)
 n0: 10580 in 53 places, all below massif's threshold (1.00%)
#-----------
snapshot=28
#-----------
time=191078162
mem_heap_B=477540
mem_heap_extra_B=4324
mem_stacks_B=0
heap_tree=empty
#-----------
snapshot=29
#-----------
time=195896318
mem_heap_B=477540
mem_heap_extra_B=4324
mem_stacks_B=0
heap_tree=empty
#-----------
snapshot=30
#-----------
time=200834078
mem_heap_B=477540
mem_heap_extra_B=4324
mem_stacks_B=0
heap_tree=empty
#-----------
snapshot=31
#-----------
time=205726184
mem_heap_B=477540
mem_heap_extra_B=4324
mem_stacks_B=0
heap_tree=empty
#-----------
snapshot=32
#-----------
time=210687558
mem_heap_B=477540
mem_heap_extra_B=4324
mem_stacks_B=0
heap_tree=empty
#-----------
snapshot=33
#-----------
time=215692834
mem_heap_B=477540
mem_heap_extra_B=4324
mem_stacks_B=0
heap_tree=empty
#-----------
snapshot=34
#-----------
time=220691456
mem_heap_B=477540
mem_heap_extra_B=4324
mem_stacks_B=0
heap_tree=empty
#-----------
snapshot=35
#-----------
time=225540810
mem_heap_B=477540
mem_heap_extra_B=4324
mem_stacks_B=0
heap_tree=empty
#-----------
snapshot=36
#-----------
time=230417425
mem_heap_B=477540
mem_heap_extra_B=4324
mem_stacks_B=0
heap_tree=empty
#-----------
snapshot=37
#-----------
time=235460994
mem_heap_B=477540
mem_heap_extra_B=4324
mem_stacks_B=0
heap_tree=detailed
n5: 477540 (heap allocation functions) malloc/new/new[], --alloc-fns, etc.
 n1: 389136 0x20664E: _ntl_gblock_construct_alloc(_ntl_gbigint_body**, long, long) (lip.cpp:6279)
  n2: 389136 0x228994: NTL::BasicBlockConstruct(NTL::ZZ_p*, long, long) (ZZ.h:1041)
   n1: 386232 0x228A36: NTL::BlockConstructFromVec(NTL::ZZ_p*, long, NTL::ZZ_p const*) (vec_ZZ_p.cpp:43)
    n0: 386232 0x16C17C: void NTL::VecStrategy<true>::do_BlockConstructFromVec<NTL::ZZ_p>(NTL::ZZ_p*, long, NTL::ZZ_p const*) (in /home/reti/dongHyeon/Function-hiding-IPE/build/bin/p-norm-ipe-test)
   n0: 2904 in 1 place, below massif's threshold (1.00%)
 n0: 38592 0x16B152: NTL::Vec<NTL::ZZ_p>::AllocateTo(long) (in /home/reti/dongHyeon/Function-hiding-IPE/build/bin/p-norm-ipe-test)
 n0: 20224 0x48F4F42: ??? (in /usr/lib/arm-linux-gnueabihf/libstdc++.so.6.0.26)
 n0: 19008 0x16AEC4: mcl::Array<mcl::EcT<mcl::Fp2T<mcl::FpT<mcl::bn::local::FpTag, 384u> > > >::resize(unsigned int) (in /home/reti/dongHyeon/Function-hiding-IPE/build/bin/p-norm-ipe-test)
 n0: 10580 in 53 places, all below massif's threshold (1.00%)
#-----------
snapshot=38
#-----------
time=240432535
mem_heap_B=477540
mem_heap_extra_B=4324
mem_stacks_B=0
heap_tree=empty
#-----------
snapshot=39
#-----------
time=245428072
mem_heap_B=477540
mem_heap_extra_B=4324
mem_stacks_B=0
heap_tree=empty
#-----------
snapshot=40
#-----------
time=250054204
mem_heap_B=477540
mem_heap_extra_B=4324
mem_stacks_B=0
heap_tree=empty
#-----------
snapshot=41
#-----------
time=254803906
mem_heap_B=477540
mem_heap_extra_B=4324
mem_stacks_B=0
heap_tree=empty
#-----------
snapshot=42
#-----------
time=262316320
mem_heap_B=477336
mem_heap_extra_B=4272
mem_stacks_B=0
heap_tree=empty
#-----------
snapshot=43
#-----------
time=267220936
mem_heap_B=477540
mem_heap_extra_B=4324
mem_stacks_B=0
heap_tree=empty
#-----------
snapshot=44
#-----------
time=272245067
mem_heap_B=477540
mem_heap_extra_B=4324
mem_stacks_B=0
heap_tree=empty
#-----------
snapshot=45
#-----------
time=280285212
mem_heap_B=477780
mem_heap_extra_B=4396
mem_stacks_B=0
heap_tree=detailed
n5: 477780 (heap allocation functions) malloc/new/new[], --alloc-fns, etc.
 n1: 389136 0x20664E: _ntl_gblock_construct_alloc(_ntl_gbigint_body**, long, long) (lip.cpp:6279)
  n2: 389136 0x228994: NTL::BasicBlockConstruct(NTL::ZZ_p*, long, long) (ZZ.h:1041)
   n1: 386232 0x228A36: NTL::BlockConstructFromVec(NTL::ZZ_p*, long, NTL::ZZ_p const*) (vec_ZZ_p.cpp:43)
    n0: 386232 0x16C17C: void NTL::VecStrategy<true>::do_BlockConstructFromVec<NTL::ZZ_p>(NTL::ZZ_p*, long, NTL::ZZ_p const*) (in /home/reti/dongHyeon/Function-hiding-IPE/build/bin/p-norm-ipe-test)
   n0: 2904 in 1 place, below massif's threshold (1.00%)
 n0: 38592 0x16B152: NTL::Vec<NTL::ZZ_p>::AllocateTo(long) (in /home/reti/dongHyeon/Function-hiding-IPE/build/bin/p-norm-ipe-test)
 n0: 20224 0x48F4F42: ??? (in /usr/lib/arm-linux-gnueabihf/libstdc++.so.6.0.26)
 n0: 19008 0x16AEC4: mcl::Array<mcl::EcT<mcl::Fp2T<mcl::FpT<mcl::bn::local::FpTag, 384u> > > >::resize(unsigned int) (in /home/reti/dongHyeon/Function-hiding-IPE/build/bin/p-norm-ipe-test)
 n0: 10820 in 53 places, all below massif's threshold (1.00%)
#-----------
snapshot=46
#-----------
time=285395942
mem_heap_B=477780
mem_heap_extra_B=4396
mem_stacks_B=0
heap_tree=empty
#-----------
snapshot=47
#-----------
time=290312273
mem_heap_B=477780
mem_heap_extra_B=4396
mem_stacks_B=0
heap_tree=empty
#-----------
snapshot=48
#-----------
time=295201193
mem_heap_B=477780
mem_heap_extra_B=4396
mem_stacks_B=0
heap_tree=empty
#-----------
snapshot=49
#-----------
time=300049972
mem_heap_B=477780
mem_heap_extra_B=4396
mem_stacks_B=0
heap_tree=empty
#-----------
snapshot=50
#-----------
time=304849284
mem_heap_B=477780
mem_heap_extra_B=4396
mem_stacks_B=0
heap_tree=empty
#-----------
snapshot=51
#-----------
time=309669946
mem_heap_B=477780
mem_heap_extra_B=4396
mem_stacks_B=0
heap_tree=empty
#-----------
snapshot=52
#-----------
time=314443689
mem_heap_B=477780
mem_heap_extra_B=4396
mem_stacks_B=0
heap_tree=empty
#-----------
snapshot=53
#-----------
time=319324356
mem_heap_B=477780
mem_heap_extra_B=4396
mem_stacks_B=0
heap_tree=empty
#-----------
snapshot=54
#-----------
time=324189602
mem_heap_B=477780
mem_heap_extra_B=4396
mem_stacks_B=0
heap_tree=empty
#-----------
snapshot=55
#-----------
time=328759218
mem_heap_B=477780
mem_heap_extra_B=4396
mem_stacks_B=0
heap_tree=detailed
n5: 477780 (heap allocation functions) malloc/new/new[], --alloc-fns, etc.
 n1: 389136 0x20664E: _ntl_gblock_construct_alloc(_ntl_gbigint_body**, long, long) (lip.cpp:6279)
  n2: 389136 0x228994: NTL::BasicBlockConstruct(NTL::ZZ_p*, long, long) (ZZ.h:1041)
   n1: 386232 0x228A36: NTL::BlockConstructFromVec(NTL::ZZ_p*, long, NTL::ZZ_p const*) (vec_ZZ_p.cpp:43)
    n0: 386232 0x16C17C: void NTL::VecStrategy<true>::do_BlockConstructFromVec<NTL::ZZ_p>(NTL::ZZ_p*, long, NTL::ZZ_p const*) (in /home/reti/dongHyeon/Function-hiding-IPE/build/bin/p-norm-ipe-test)
   n0: 2904 in 1 place, below massif's threshold (1.00%)
 n0: 38592 0x16B152: NTL::Vec<NTL::ZZ_p>::AllocateTo(long) (in /home/reti/dongHyeon/Function-hiding-IPE/build/bin/p-norm-ipe-test)
 n0: 20224 0x48F4F42: ??? (in /usr/lib/arm-linux-gnueabihf/libstdc++.so.6.0.26)
 n0: 19008 0x16AEC4: mcl::Array<mcl::EcT<mcl::Fp2T<mcl::FpT<mcl::bn::local::FpTag, 384u> > > >::resize(unsigned int) (in /home/reti/dongHyeon/Function-hiding-IPE/build/bin/p-norm-ipe-test)
 n0: 10820 in 53 places, all below massif's threshold (1.00%)
#-----------
snapshot=56
#-----------
time=333566096
mem_heap_B=477780
mem_heap_extra_B=4396
mem_stacks_B=0
heap_tree=empty
#-----------
snapshot=57
#-----------
time=338357973
mem_heap_B=477780
mem_heap_extra_B=4396
mem_stacks_B=0
heap_tree=empty
#-----------
snapshot=58
#-----------
time=343124653
mem_heap_B=477780
mem_heap_extra_B=4396
mem_stacks_B=0
heap_tree=empty
#-----------
snapshot=59
#-----------
time=347975665
mem_heap_B=477780
mem_heap_extra_B=4396
mem_stacks_B=0
heap_tree=empty
#-----------
snapshot=60
#-----------
time=352736937
mem_heap_B=477780
mem_heap_extra_B=4396
mem_stacks_B=0
heap_tree=empty
#-----------
snapshot=61
#-----------
time=357390711
mem_heap_B=477780
mem_heap_extra_B=4396
mem_stacks_B=0
heap_tree=empty
#-----------
snapshot=62
#-----------
time=363898565
mem_heap_B=477780
mem_heap_extra_B=4396
mem_stacks_B=0
heap_tree=empty
#-----------
snapshot=63
#-----------
time=370985501
mem_heap_B=477780
mem_heap_extra_B=4396
mem_stacks_B=0
heap_tree=empty
#-----------
snapshot=64
#-----------
time=375749161
mem_heap_B=477780
mem_heap_extra_B=4396
mem_stacks_B=0
heap_tree=empty
#-----------
snapshot=65
#-----------
time=382461009
mem_heap_B=477780
mem_heap_extra_B=4396
mem_stacks_B=0
heap_tree=detailed
n5: 477780 (heap allocation functions) malloc/new/new[], --alloc-fns, etc.
 n1: 389136 0x20664E: _ntl_gblock_construct_alloc(_ntl_gbigint_body**, long, long) (lip.cpp:6279)
  n2: 389136 0x228994: NTL::BasicBlockConstruct(NTL::ZZ_p*, long, long) (ZZ.h:1041)
   n1: 386232 0x228A36: NTL::BlockConstructFromVec(NTL::ZZ_p*, long, NTL::ZZ_p const*) (vec_ZZ_p.cpp:43)
    n0: 386232 0x16C17C: void NTL::VecStrategy<true>::do_BlockConstructFromVec<NTL::ZZ_p>(NTL::ZZ_p*, long, NTL::ZZ_p const*) (in /home/reti/dongHyeon/Function-hiding-IPE/build/bin/p-norm-ipe-test)
   n0: 2904 in 1 place, below massif's threshold (1.00%)
 n0: 38592 0x16B152: NTL::Vec<NTL::ZZ_p>::AllocateTo(long) (in /home/reti/dongHyeon/Function-hiding-IPE/build/bin/p-norm-ipe-test)
 n0: 20224 0x48F4F42: ??? (in /usr/lib/arm-linux-gnueabihf/libstdc++.so.6.0.26)
 n0: 19008 0x16AEC4: mcl::Array<mcl::EcT<mcl::Fp2T<mcl::FpT<mcl::bn::local::FpTag, 384u> > > >::resize(unsigned int) (in /home/reti/dongHyeon/Function-hiding-IPE/build/bin/p-norm-ipe-test)
 n0: 10820 in 53 places, all below massif's threshold (1.00%)
#-----------
snapshot=66
#-----------
time=387443940
mem_heap_B=477780
mem_heap_extra_B=4396
mem_stacks_B=0
heap_tree=empty
#-----------
snapshot=67
#-----------
time=392417265
mem_heap_B=477780
mem_heap_extra_B=4396
mem_stacks_B=0
heap_tree=empty
#-----------
snapshot=68
#-----------
time=397399807
mem_heap_B=477780
mem_heap_extra_B=4396
mem_stacks_B=0
heap_tree=empty
#-----------
snapshot=69
#-----------
time=402214447
mem_heap_B=477780
mem_heap_extra_B=4396
mem_stacks_B=0
heap_tree=empty
#-----------
snapshot=70
#-----------
time=406996548
mem_heap_B=477780
mem_heap_extra_B=4396
mem_stacks_B=0
heap_tree=empty
#-----------
snapshot=71
#-----------
time=412041105
mem_heap_B=477780
mem_heap_extra_B=4396
mem_stacks_B=0
heap_tree=empty
#-----------
snapshot=72
#-----------
time=416808949
mem_heap_B=477780
mem_heap_extra_B=4396
mem_stacks_B=0
heap_tree=empty
#-----------
snapshot=73
#-----------
time=421584560
mem_heap_B=477780
mem_heap_extra_B=4396
mem_stacks_B=0
heap_tree=empty
#-----------
snapshot=74
#-----------
time=426362577
mem_heap_B=477780
mem_heap_extra_B=4396
mem_stacks_B=0
heap_tree=empty
#-----------
snapshot=75
#-----------
time=431260271
mem_heap_B=477780
mem_heap_extra_B=4396
mem_stacks_B=0
heap_tree=detailed
n5: 477780 (heap allocation functions) malloc/new/new[], --alloc-fns, etc.
 n1: 389136 0x20664E: _ntl_gblock_construct_alloc(_ntl_gbigint_body**, long, long) (lip.cpp:6279)
  n2: 389136 0x228994: NTL::BasicBlockConstruct(NTL::ZZ_p*, long, long) (ZZ.h:1041)
   n1: 386232 0x228A36: NTL::BlockConstructFromVec(NTL::ZZ_p*, long, NTL::ZZ_p const*) (vec_ZZ_p.cpp:43)
    n0: 386232 0x16C17C: void NTL::VecStrategy<true>::do_BlockConstructFromVec<NTL::ZZ_p>(NTL::ZZ_p*, long, NTL::ZZ_p const*) (in /home/reti/dongHyeon/Function-hiding-IPE/build/bin/p-norm-ipe-test)
   n0: 2904 in 1 place, below massif's threshold (1.00%)
 n0: 38592 0x16B152: NTL::Vec<NTL::ZZ_p>::AllocateTo(long) (in /home/reti/dongHyeon/Function-hiding-IPE/build/bin/p-norm-ipe-test)
 n0: 20224 0x48F4F42: ??? (in /usr/lib/arm-linux-gnueabihf/libstdc++.so.6.0.26)
 n0: 19008 0x16AEC4: mcl::Array<mcl::EcT<mcl::Fp2T<mcl::FpT<mcl::bn::local::FpTag, 384u> > > >::resize(unsigned int) (in /home/reti/dongHyeon/Function-hiding-IPE/build/bin/p-norm-ipe-test)
 n0: 10820 in 53 places, all below massif's threshold (1.00%)
#-----------
snapshot=76
#-----------
time=436130966
mem_heap_B=477780
mem_heap_extra_B=4396
mem_stacks_B=0
heap_tree=empty
#-----------
snapshot=77
#-----------
time=440935480
mem_heap_B=477780
mem_heap_extra_B=4396
mem_stacks_B=0
heap_tree=empty
#-----------
snapshot=78
#-----------
time=445727550
mem_heap_B=477780
mem_heap_extra_B=4396
mem_stacks_B=0
heap_tree=empty
#-----------
snapshot=79
#-----------
time=450673281
mem_heap_B=477780
mem_heap_extra_B=4396
mem_stacks_B=0
heap_tree=empty
#-----------
snapshot=80
#-----------
time=456463495
mem_heap_B=477540
mem_heap_extra_B=4324
mem_stacks_B=0
heap_tree=empty
#-----------
snapshot=81
#-----------
time=461362667
mem_heap_B=477540
mem_heap_extra_B=4324
mem_stacks_B=0
heap_tree=empty
#-----------
snapshot=82
#-----------
time=466259636
mem_heap_B=477540
mem_heap_extra_B=4324
mem_stacks_B=0
heap_tree=empty
#-----------
snapshot=83
#-----------
time=471179248
mem_heap_B=477540
mem_heap_extra_B=4324
mem_stacks_B=0
heap_tree=empty
#-----------
snapshot=84
#-----------
time=476188114
mem_heap_B=477540
mem_heap_extra_B=4324
mem_stacks_B=0
heap_tree=empty
#-----------
snapshot=85
#-----------
time=480818801
mem_heap_B=477540
mem_heap_extra_B=4324
mem_stacks_B=0
heap_tree=detailed
n5: 477540 (heap allocation functions) malloc/new/new[], --alloc-fns, etc.
 n1: 389136 0x20664E: _ntl_gblock_construct_alloc(_ntl_gbigint_body**, long, long) (lip.cpp:6279)
  n2: 389136 0x228994: NTL::BasicBlockConstruct(NTL::ZZ_p*, long, long) (ZZ.h:1041)
   n1: 386232 0x228A36: NTL::BlockConstructFromVec(NTL::ZZ_p*, long, NTL::ZZ_p const*) (vec_ZZ_p.cpp:43)
    n0: 386232 0x16C17C: void NTL::VecStrategy<true>::do_BlockConstructFromVec<NTL::ZZ_p>(NTL::ZZ_p*, long, NTL::ZZ_p const*) (in /home/reti/dongHyeon/Function-hiding-IPE/build/bin/p-norm-ipe-test)
   n0: 2904 in 1 place, below massif's threshold (1.00%)
 n0: 38592 0x16B152: NTL::Vec<NTL::ZZ_p>::AllocateTo(long) (in /home/reti/dongHyeon/Function-hiding-IPE/build/bin/p-norm-ipe-test)
 n0: 20224 0x48F4F42: ??? (in /usr/lib/arm-linux-gnueabihf/libstdc++.so.6.0.26)
 n0: 19008 0x16AEC4: mcl::Array<mcl::EcT<mcl::Fp2T<mcl::FpT<mcl::bn::local::FpTag, 384u> > > >::resize(unsigned int) (in /home/reti/dongHyeon/Function-hiding-IPE/build/bin/p-norm-ipe-test)
 n0: 10580 in 53 places, all below massif's threshold (1.00%)
#-----------
snapshot=86
#-----------
time=485631834
mem_heap_B=477540
mem_heap_extra_B=4324
mem_stacks_B=0
heap_tree=empty
#-----------
snapshot=87
#-----------
time=490513570
mem_heap_B=477540
mem_heap_extra_B=4324
mem_stacks_B=0
heap_tree=empty
#-----------
snapshot=88
#-----------
time=495507090
mem_heap_B=477540
mem_heap_extra_B=4324
mem_stacks_B=0
heap_tree=empty
#-----------
snapshot=89
#-----------
time=500420376
mem_heap_B=477540
mem_heap_extra_B=4324
mem_stacks_B=0
heap_tree=empty
#-----------
snapshot=90
#-----------
time=505318337
mem_heap_B=477540
mem_heap_extra_B=4324
mem_stacks_B=0
heap_tree=empty
#-----------
snapshot=91
#-----------
time=513419671
mem_heap_B=496340
mem_heap_extra_B=4268
mem_stacks_B=0
heap_tree=empty
