desc: --massif-out-file=encrypt/memory-8-10-2.log
cmd: ./p-norm-ipe-test encrypt 8 10 2
time_unit: i
#-----------
snapshot=0
#-----------
time=0
mem_heap_B=0
mem_heap_extra_B=0
mem_stacks_B=0
heap_tree=empty
#-----------
snapshot=1
#-----------
time=2979793
mem_heap_B=32800
mem_heap_extra_B=8
mem_stacks_B=0
heap_tree=empty
#-----------
snapshot=2
#-----------
time=3138560
mem_heap_B=20232
mem_heap_extra_B=32
mem_stacks_B=0
heap_tree=empty
#-----------
snapshot=3
#-----------
time=3229420
mem_heap_B=30233
mem_heap_extra_B=759
mem_stacks_B=0
heap_tree=empty
#-----------
snapshot=4
#-----------
time=3488605
mem_heap_B=32733
mem_heap_extra_B=771
mem_stacks_B=0
heap_tree=empty
#-----------
snapshot=5
#-----------
time=11013850
mem_heap_B=32733
mem_heap_extra_B=771
mem_stacks_B=0
heap_tree=detailed
n7: 32733 (heap allocation functions) malloc/new/new[], --alloc-fns, etc.
 n0: 20224 0x48F4F42: ??? (in /usr/lib/arm-linux-gnueabihf/libstdc++.so.6.0.26)
 n1: 8192 0x493D6C6: std::basic_filebuf<char, std::char_traits<char> >::_M_allocate_internal_buffer() (in /usr/lib/arm-linux-gnueabihf/libstdc++.so.6.0.26)
  n1: 8192 0x493FFE2: std::basic_filebuf<char, std::char_traits<char> >::open(char const*, std::_Ios_Openmode) (in /usr/lib/arm-linux-gnueabihf/libstdc++.so.6.0.26)
   n0: 8192 0x49409EA: std::basic_ifstream<char, std::char_traits<char> >::basic_ifstream(std::__cxx11::basic_string<char, std::char_traits<char>, std::allocator<char> > const&, std::_Ios_Openmode) (in /usr/lib/arm-linux-gnueabihf/libstdc++.so.6.0.26)
 n0: 2700 0x24B812: __gmp_default_allocate (in /home/reti/dongHyeon/Function-hiding-IPE/build/bin/p-norm-ipe-test)
 n1: 520 0x4ADE1F0: __new_exitfn (cxa_atexit.c:114)
  n1: 520 0x4ADE264: __internal_atexit (cxa_atexit.c:44)
   n0: 520 0x251574: __libc_csu_init (in /home/reti/dongHyeon/Function-hiding-IPE/build/bin/p-norm-ipe-test)
 n1: 513 0x49658F2: std::__cxx11::basic_string<char, std::char_traits<char>, std::allocator<char> >::reserve(unsigned int) (in /usr/lib/arm-linux-gnueabihf/libstdc++.so.6.0.26)
  n0: 513 0x495D556: std::__cxx11::basic_stringbuf<char, std::char_traits<char>, std::allocator<char> >::overflow(int) (in /usr/lib/arm-linux-gnueabihf/libstdc++.so.6.0.26)
 n1: 352 0x4AFE6FA: __fopen_internal (iofopen.c:65)
  n1: 352 0x490F2C6: std::__basic_file<char>::open(char const*, std::_Ios_Openmode, int) (in /usr/lib/arm-linux-gnueabihf/libstdc++.so.6.0.26)
   n1: 352 0x493FFD4: std::basic_filebuf<char, std::char_traits<char> >::open(char const*, std::_Ios_Openmode) (in /usr/lib/arm-linux-gnueabihf/libstdc++.so.6.0.26)
    n0: 352 0x49409EA: std::basic_ifstream<char, std::char_traits<char> >::basic_ifstream(std::__cxx11::basic_string<char, std::char_traits<char>, std::allocator<char> > const&, std::_Ios_Openmode) (in /usr/lib/arm-linux-gnueabihf/libstdc++.so.6.0.26)
 n0: 232 in 7 places, all below massif's threshold (1.00%)
#-----------
snapshot=6
#-----------
time=11210298
mem_heap_B=30297
mem_heap_extra_B=751
mem_stacks_B=0
heap_tree=empty
#-----------
snapshot=7
#-----------
time=11247279
mem_heap_B=30485
mem_heap_extra_B=747
mem_stacks_B=0
heap_tree=empty
#-----------
snapshot=8
#-----------
time=11508622
mem_heap_B=33013
mem_heap_extra_B=755
mem_stacks_B=0
heap_tree=empty
#-----------
snapshot=9
#-----------
time=18180925
mem_heap_B=30513
mem_heap_extra_B=743
mem_stacks_B=0
heap_tree=empty
#-----------
snapshot=10
#-----------
time=18389618
mem_heap_B=30577
mem_heap_extra_B=735
mem_stacks_B=0
heap_tree=empty
#-----------
snapshot=11
#-----------
time=18417948
mem_heap_B=30741
mem_heap_extra_B=739
mem_stacks_B=0
heap_tree=empty
#-----------
snapshot=12
#-----------
time=19483059
mem_heap_B=30737
mem_heap_extra_B=727
mem_stacks_B=0
heap_tree=empty
#-----------
snapshot=13
#-----------
time=19621961
mem_heap_B=30817
mem_heap_extra_B=759
mem_stacks_B=0
heap_tree=empty
#-----------
snapshot=14
#-----------
time=19999794
mem_heap_B=30821
mem_heap_extra_B=771
mem_stacks_B=0
heap_tree=detailed
n7: 30821 (heap allocation functions) malloc/new/new[], --alloc-fns, etc.
 n0: 20224 0x48F4F42: ??? (in /usr/lib/arm-linux-gnueabihf/libstdc++.so.6.0.26)
 n1: 8192 0x493D6C6: std::basic_filebuf<char, std::char_traits<char> >::_M_allocate_internal_buffer() (in /usr/lib/arm-linux-gnueabihf/libstdc++.so.6.0.26)
  n1: 8192 0x493FFE2: std::basic_filebuf<char, std::char_traits<char> >::open(char const*, std::_Ios_Openmode) (in /usr/lib/arm-linux-gnueabihf/libstdc++.so.6.0.26)
   n0: 8192 0x49409EA: std::basic_ifstream<char, std::char_traits<char> >::basic_ifstream(std::__cxx11::basic_string<char, std::char_traits<char>, std::allocator<char> > const&, std::_Ios_Openmode) (in /usr/lib/arm-linux-gnueabihf/libstdc++.so.6.0.26)
 n0: 812 0x24B84C: __gmp_default_reallocate (in /home/reti/dongHyeon/Function-hiding-IPE/build/bin/p-norm-ipe-test)
 n1: 520 0x4ADE1F0: __new_exitfn (cxa_atexit.c:114)
  n1: 520 0x4ADE264: __internal_atexit (cxa_atexit.c:44)
   n0: 520 0x251574: __libc_csu_init (in /home/reti/dongHyeon/Function-hiding-IPE/build/bin/p-norm-ipe-test)
 n1: 513 0x49658F2: std::__cxx11::basic_string<char, std::char_traits<char>, std::allocator<char> >::reserve(unsigned int) (in /usr/lib/arm-linux-gnueabihf/libstdc++.so.6.0.26)
  n0: 513 0x495D556: std::__cxx11::basic_stringbuf<char, std::char_traits<char>, std::allocator<char> >::overflow(int) (in /usr/lib/arm-linux-gnueabihf/libstdc++.so.6.0.26)
 n1: 352 0x4AFE6FA: __fopen_internal (iofopen.c:65)
  n1: 352 0x490F2C6: std::__basic_file<char>::open(char const*, std::_Ios_Openmode, int) (in /usr/lib/arm-linux-gnueabihf/libstdc++.so.6.0.26)
   n1: 352 0x493FFD4: std::basic_filebuf<char, std::char_traits<char> >::open(char const*, std::_Ios_Openmode) (in /usr/lib/arm-linux-gnueabihf/libstdc++.so.6.0.26)
    n0: 352 0x49409EA: std::basic_ifstream<char, std::char_traits<char> >::basic_ifstream(std::__cxx11::basic_string<char, std::char_traits<char>, std::allocator<char> > const&, std::_Ios_Openmode) (in /usr/lib/arm-linux-gnueabihf/libstdc++.so.6.0.26)
 n0: 208 in 7 places, all below massif's threshold (1.00%)
#-----------
snapshot=15
#-----------
time=20019024
mem_heap_B=30781
mem_heap_extra_B=747
mem_stacks_B=0
heap_tree=empty
#-----------
snapshot=16
#-----------
time=20396946
mem_heap_B=30785
mem_heap_extra_B=759
mem_stacks_B=0
heap_tree=empty
#-----------
snapshot=17
#-----------
time=20594026
mem_heap_B=32057
mem_heap_extra_B=855
mem_stacks_B=0
heap_tree=empty
#-----------
snapshot=18
#-----------
time=20730872
mem_heap_B=34321
mem_heap_extra_B=871
mem_stacks_B=0
heap_tree=empty
#-----------
snapshot=19
#-----------
time=20870370
mem_heap_B=34825
mem_heap_extra_B=887
mem_stacks_B=0
heap_tree=empty
#-----------
snapshot=20
#-----------
time=21009908
mem_heap_B=35329
mem_heap_extra_B=903
mem_stacks_B=0
heap_tree=empty
#-----------
snapshot=21
#-----------
time=21149548
mem_heap_B=35833
mem_heap_extra_B=919
mem_stacks_B=0
heap_tree=empty
#-----------
snapshot=22
#-----------
time=21289198
mem_heap_B=36337
mem_heap_extra_B=935
mem_stacks_B=0
heap_tree=empty
#-----------
snapshot=23
#-----------
time=21428838
mem_heap_B=36841
mem_heap_extra_B=951
mem_stacks_B=0
heap_tree=empty
#-----------
snapshot=24
#-----------
time=21568204
mem_heap_B=37345
mem_heap_extra_B=967
mem_stacks_B=0
heap_tree=empty
#-----------
snapshot=25
#-----------
time=21708026
mem_heap_B=37849
mem_heap_extra_B=983
mem_stacks_B=0
heap_tree=empty
#-----------
snapshot=26
#-----------
time=21847078
mem_heap_B=38353
mem_heap_extra_B=999
mem_stacks_B=0
heap_tree=empty
#-----------
snapshot=27
#-----------
time=21986900
mem_heap_B=38857
mem_heap_extra_B=1015
mem_stacks_B=0
heap_tree=empty
#-----------
snapshot=28
#-----------
time=22185196
mem_heap_B=39425
mem_heap_extra_B=1039
mem_stacks_B=0
heap_tree=empty
#-----------
snapshot=29
#-----------
time=22324998
mem_heap_B=39929
mem_heap_extra_B=1055
mem_stacks_B=0
heap_tree=empty
#-----------
snapshot=30
#-----------
time=22464708
mem_heap_B=40433
mem_heap_extra_B=1071
mem_stacks_B=0
heap_tree=empty
#-----------
snapshot=31
#-----------
time=22604084
mem_heap_B=40937
mem_heap_extra_B=1087
mem_stacks_B=0
heap_tree=empty
#-----------
snapshot=32
#-----------
time=22743318
mem_heap_B=41441
mem_heap_extra_B=1103
mem_stacks_B=0
heap_tree=empty
#-----------
snapshot=33
#-----------
time=22885025
mem_heap_B=40185
mem_heap_extra_B=1119
mem_stacks_B=0
heap_tree=empty
#-----------
snapshot=34
#-----------
time=23022444
mem_heap_B=42449
mem_heap_extra_B=1135
mem_stacks_B=0
heap_tree=detailed
n8: 42449 (heap allocation functions) malloc/new/new[], --alloc-fns, etc.
 n0: 20224 0x48F4F42: ??? (in /usr/lib/arm-linux-gnueabihf/libstdc++.so.6.0.26)
 n1: 9240 0x20664E: _ntl_gblock_construct_alloc(_ntl_gbigint_body**, long, long) (lip.cpp:6279)
  n2: 9240 0x228994: NTL::BasicBlockConstruct(NTL::ZZ_p*, long, long) (ZZ.h:1041)
   n0: 6600 0x16C5A0: void NTL::VecStrategy<true>::do_BlockConstruct<NTL::ZZ_p>(NTL::ZZ_p*, long) (in /home/reti/dongHyeon/Function-hiding-IPE/build/bin/p-norm-ipe-test)
   n1: 2640 0x228A36: NTL::BlockConstructFromVec(NTL::ZZ_p*, long, NTL::ZZ_p const*) (vec_ZZ_p.cpp:43)
    n0: 2640 0x16C17C: void NTL::VecStrategy<true>::do_BlockConstructFromVec<NTL::ZZ_p>(NTL::ZZ_p*, long, NTL::ZZ_p const*) (in /home/reti/dongHyeon/Function-hiding-IPE/build/bin/p-norm-ipe-test)
 n1: 8192 0x493D6C6: std::basic_filebuf<char, std::char_traits<char> >::_M_allocate_internal_buffer() (in /usr/lib/arm-linux-gnueabihf/libstdc++.so.6.0.26)
  n1: 8192 0x493FFE2: std::basic_filebuf<char, std::char_traits<char> >::open(char const*, std::_Ios_Openmode) (in /usr/lib/arm-linux-gnueabihf/libstdc++.so.6.0.26)
   n0: 8192 0x49409EA: std::basic_ifstream<char, std::char_traits<char> >::basic_ifstream(std::__cxx11::basic_string<char, std::char_traits<char>, std::allocator<char> > const&, std::_Ios_Openmode) (in /usr/lib/arm-linux-gnueabihf/libstdc++.so.6.0.26)
 n0: 1324 0x24B84C: __gmp_default_reallocate (in /home/reti/dongHyeon/Function-hiding-IPE/build/bin/p-norm-ipe-test)
 n0: 1312 0x16B152: NTL::Vec<NTL::ZZ_p>::AllocateTo(long) (in /home/reti/dongHyeon/Function-hiding-IPE/build/bin/p-norm-ipe-test)
 n0: 1124 in 20 places, all below massif's threshold (1.00%)
 n1: 520 0x4ADE1F0: __new_exitfn (cxa_atexit.c:114)
  n1: 520 0x4ADE264: __internal_atexit (cxa_atexit.c:44)
   n0: 520 0x251574: __libc_csu_init (in /home/reti/dongHyeon/Function-hiding-IPE/build/bin/p-norm-ipe-test)
 n1: 513 0x49658F2: std::__cxx11::basic_string<char, std::char_traits<char>, std::allocator<char> >::reserve(unsigned int) (in /usr/lib/arm-linux-gnueabihf/libstdc++.so.6.0.26)
  n0: 513 0x495D556: std::__cxx11::basic_stringbuf<char, std::char_traits<char>, std::allocator<char> >::overflow(int) (in /usr/lib/arm-linux-gnueabihf/libstdc++.so.6.0.26)
#-----------
snapshot=35
#-----------
time=23162114
mem_heap_B=42953
mem_heap_extra_B=1151
mem_stacks_B=0
heap_tree=empty
#-----------
snapshot=36
#-----------
time=23302118
mem_heap_B=43457
mem_heap_extra_B=1167
mem_stacks_B=0
heap_tree=empty
#-----------
snapshot=37
#-----------
time=23441778
mem_heap_B=43961
mem_heap_extra_B=1183
mem_stacks_B=0
heap_tree=empty
#-----------
snapshot=38
#-----------
time=23537438
mem_heap_B=52537
mem_heap_extra_B=1535
mem_stacks_B=0
heap_tree=peak
n6: 52537 (heap allocation functions) malloc/new/new[], --alloc-fns, etc.
 n0: 20224 0x48F4F42: ??? (in /usr/lib/arm-linux-gnueabihf/libstdc++.so.6.0.26)
 n1: 17600 0x20664E: _ntl_gblock_construct_alloc(_ntl_gbigint_body**, long, long) (lip.cpp:6279)
  n2: 17600 0x228994: NTL::BasicBlockConstruct(NTL::ZZ_p*, long, long) (ZZ.h:1041)
   n0: 8800 0x16C5A0: void NTL::VecStrategy<true>::do_BlockConstruct<NTL::ZZ_p>(NTL::ZZ_p*, long) (in /home/reti/dongHyeon/Function-hiding-IPE/build/bin/p-norm-ipe-test)
   n1: 8800 0x228A36: NTL::BlockConstructFromVec(NTL::ZZ_p*, long, NTL::ZZ_p const*) (vec_ZZ_p.cpp:43)
    n0: 8800 0x16C17C: void NTL::VecStrategy<true>::do_BlockConstructFromVec<NTL::ZZ_p>(NTL::ZZ_p*, long, NTL::ZZ_p const*) (in /home/reti/dongHyeon/Function-hiding-IPE/build/bin/p-norm-ipe-test)
 n1: 8192 0x493D6C6: std::basic_filebuf<char, std::char_traits<char> >::_M_allocate_internal_buffer() (in /usr/lib/arm-linux-gnueabihf/libstdc++.so.6.0.26)
  n1: 8192 0x493FFE2: std::basic_filebuf<char, std::char_traits<char> >::open(char const*, std::_Ios_Openmode) (in /usr/lib/arm-linux-gnueabihf/libstdc++.so.6.0.26)
   n0: 8192 0x49409EA: std::basic_ifstream<char, std::char_traits<char> >::basic_ifstream(std::__cxx11::basic_string<char, std::char_traits<char>, std::allocator<char> > const&, std::_Ios_Openmode) (in /usr/lib/arm-linux-gnueabihf/libstdc++.so.6.0.26)
 n0: 2637 in 23 places, all below massif's threshold (1.00%)
 n0: 2560 0x16B152: NTL::Vec<NTL::ZZ_p>::AllocateTo(long) (in /home/reti/dongHyeon/Function-hiding-IPE/build/bin/p-norm-ipe-test)
 n0: 1324 0x24B84C: __gmp_default_reallocate (in /home/reti/dongHyeon/Function-hiding-IPE/build/bin/p-norm-ipe-test)
#-----------
snapshot=39
#-----------
time=23646571
mem_heap_B=34696
mem_heap_extra_B=1480
mem_stacks_B=0
heap_tree=empty
#-----------
snapshot=40
#-----------
time=23787268
mem_heap_B=34872
mem_heap_extra_B=1536
mem_stacks_B=0
heap_tree=empty
#-----------
snapshot=41
#-----------
time=28566017
mem_heap_B=34840
mem_heap_extra_B=1528
mem_stacks_B=0
heap_tree=empty
#-----------
snapshot=42
#-----------
time=28698260
mem_heap_B=36089
mem_heap_extra_B=1679
mem_stacks_B=0
heap_tree=empty
#-----------
snapshot=43
#-----------
time=28897723
mem_heap_B=40884
mem_heap_extra_B=1700
mem_stacks_B=0
heap_tree=empty
#-----------
snapshot=44
#-----------
time=30704485
mem_heap_B=41044
mem_heap_extra_B=1708
mem_stacks_B=0
heap_tree=empty
#-----------
snapshot=45
#-----------
time=34309734
mem_heap_B=41204
mem_heap_extra_B=1716
mem_stacks_B=0
heap_tree=empty
#-----------
snapshot=46
#-----------
time=50092279
mem_heap_B=41208
mem_heap_extra_B=1728
mem_stacks_B=0
heap_tree=detailed
n10: 41208 (heap allocation functions) malloc/new/new[], --alloc-fns, etc.
 n0: 20224 0x48F4F42: ??? (in /usr/lib/arm-linux-gnueabihf/libstdc++.so.6.0.26)
 n1: 9680 0x20664E: _ntl_gblock_construct_alloc(_ntl_gbigint_body**, long, long) (lip.cpp:6279)
  n2: 9680 0x228994: NTL::BasicBlockConstruct(NTL::ZZ_p*, long, long) (ZZ.h:1041)
   n1: 9240 0x228A36: NTL::BlockConstructFromVec(NTL::ZZ_p*, long, NTL::ZZ_p const*) (vec_ZZ_p.cpp:43)
    n0: 9240 0x16C17C: void NTL::VecStrategy<true>::do_BlockConstructFromVec<NTL::ZZ_p>(NTL::ZZ_p*, long, NTL::ZZ_p const*) (in /home/reti/dongHyeon/Function-hiding-IPE/build/bin/p-norm-ipe-test)
   n0: 440 0x16C5A0: void NTL::VecStrategy<true>::do_BlockConstruct<NTL::ZZ_p>(NTL::ZZ_p*, long) (in /home/reti/dongHyeon/Function-hiding-IPE/build/bin/p-norm-ipe-test)
 n0: 2880 0x16AEC4: mcl::Array<mcl::EcT<mcl::Fp2T<mcl::FpT<mcl::bn::local::FpTag, 384u> > > >::resize(unsigned int) (in /home/reti/dongHyeon/Function-hiding-IPE/build/bin/p-norm-ipe-test)
 n0: 2020 0x4A3B166: ??? (in /usr/lib/arm-linux-gnueabihf/libgomp.so.1.0.0)
 n0: 1820 in 46 places, all below massif's threshold (1.00%)
 n0: 1720 0x24B84C: __gmp_default_reallocate (in /home/reti/dongHyeon/Function-hiding-IPE/build/bin/p-norm-ipe-test)
 n0: 1408 0x16B152: NTL::Vec<NTL::ZZ_p>::AllocateTo(long) (in /home/reti/dongHyeon/Function-hiding-IPE/build/bin/p-norm-ipe-test)
 n1: 520 0x4ADE1F0: __new_exitfn (cxa_atexit.c:114)
  n1: 520 0x4ADE264: __internal_atexit (cxa_atexit.c:44)
   n0: 520 0x251574: __libc_csu_init (in /home/reti/dongHyeon/Function-hiding-IPE/build/bin/p-norm-ipe-test)
 n1: 480 0x400CD20: allocate_dtv (dl-tls.c:286)
  n1: 480 0x400D35E: _dl_allocate_tls (dl-tls.c:532)
   n1: 480 0x4A96612: pthread_create@@GLIBC_2.4 (allocatestack.c:621)
    n0: 480 0x4A45F2A: ??? (in /usr/lib/arm-linux-gnueabihf/libgomp.so.1.0.0)
 n0: 456 0x174474: ffhipe::CMsk::load(std::istream&) (in /home/reti/dongHyeon/Function-hiding-IPE/build/bin/p-norm-ipe-test)
#-----------
snapshot=47
#-----------
time=50232350
mem_heap_B=41444
mem_heap_extra_B=1788
mem_stacks_B=0
heap_tree=empty
#-----------
snapshot=48
#-----------
time=52165775
mem_heap_B=41448
mem_heap_extra_B=1800
mem_stacks_B=0
heap_tree=empty
#-----------
snapshot=49
#-----------
time=52263425
mem_heap_B=41700
mem_heap_extra_B=1892
mem_stacks_B=0
heap_tree=empty
#-----------
snapshot=50
#-----------
time=52283411
mem_heap_B=41704
mem_heap_extra_B=1888
mem_stacks_B=0
heap_tree=empty
#-----------
snapshot=51
#-----------
time=52307890
mem_heap_B=41684
mem_heap_extra_B=1860
mem_stacks_B=0
heap_tree=empty
#-----------
snapshot=52
#-----------
time=56983030
mem_heap_B=41652
mem_heap_extra_B=1852
mem_stacks_B=0
heap_tree=empty
#-----------
snapshot=53
#-----------
time=57055587
mem_heap_B=41512
mem_heap_extra_B=1816
mem_stacks_B=0
heap_tree=empty
#-----------
snapshot=54
#-----------
time=57074916
mem_heap_B=41692
mem_heap_extra_B=1868
mem_stacks_B=0
heap_tree=empty
#-----------
snapshot=55
#-----------
time=57094209
mem_heap_B=41700
mem_heap_extra_B=1868
mem_stacks_B=0
heap_tree=detailed
n10: 41700 (heap allocation functions) malloc/new/new[], --alloc-fns, etc.
 n0: 20224 0x48F4F42: ??? (in /usr/lib/arm-linux-gnueabihf/libstdc++.so.6.0.26)
 n1: 9680 0x20664E: _ntl_gblock_construct_alloc(_ntl_gbigint_body**, long, long) (lip.cpp:6279)
  n2: 9680 0x228994: NTL::BasicBlockConstruct(NTL::ZZ_p*, long, long) (ZZ.h:1041)
   n1: 9240 0x228A36: NTL::BlockConstructFromVec(NTL::ZZ_p*, long, NTL::ZZ_p const*) (vec_ZZ_p.cpp:43)
    n0: 9240 0x16C17C: void NTL::VecStrategy<true>::do_BlockConstructFromVec<NTL::ZZ_p>(NTL::ZZ_p*, long, NTL::ZZ_p const*) (in /home/reti/dongHyeon/Function-hiding-IPE/build/bin/p-norm-ipe-test)
   n0: 440 0x16C5A0: void NTL::VecStrategy<true>::do_BlockConstruct<NTL::ZZ_p>(NTL::ZZ_p*, long) (in /home/reti/dongHyeon/Function-hiding-IPE/build/bin/p-norm-ipe-test)
 n0: 2880 0x16AEC4: mcl::Array<mcl::EcT<mcl::Fp2T<mcl::FpT<mcl::bn::local::FpTag, 384u> > > >::resize(unsigned int) (in /home/reti/dongHyeon/Function-hiding-IPE/build/bin/p-norm-ipe-test)
 n0: 2152 0x24B84C: __gmp_default_reallocate (in /home/reti/dongHyeon/Function-hiding-IPE/build/bin/p-norm-ipe-test)
 n0: 2020 0x4A3B166: ??? (in /usr/lib/arm-linux-gnueabihf/libgomp.so.1.0.0)
 n0: 1880 in 46 places, all below massif's threshold (1.00%)
 n0: 1408 0x16B152: NTL::Vec<NTL::ZZ_p>::AllocateTo(long) (in /home/reti/dongHyeon/Function-hiding-IPE/build/bin/p-norm-ipe-test)
 n1: 520 0x4ADE1F0: __new_exitfn (cxa_atexit.c:114)
  n1: 520 0x4ADE264: __internal_atexit (cxa_atexit.c:44)
   n0: 520 0x251574: __libc_csu_init (in /home/reti/dongHyeon/Function-hiding-IPE/build/bin/p-norm-ipe-test)
 n1: 480 0x400CD20: allocate_dtv (dl-tls.c:286)
  n1: 480 0x400D35E: _dl_allocate_tls (dl-tls.c:532)
   n1: 480 0x4A96612: pthread_create@@GLIBC_2.4 (allocatestack.c:621)
    n0: 480 0x4A45F2A: ??? (in /usr/lib/arm-linux-gnueabihf/libgomp.so.1.0.0)
 n0: 456 0x174474: ffhipe::CMsk::load(std::istream&) (in /home/reti/dongHyeon/Function-hiding-IPE/build/bin/p-norm-ipe-test)
#-----------
snapshot=56
#-----------
time=57113515
mem_heap_B=41684
mem_heap_extra_B=1860
mem_stacks_B=0
heap_tree=empty
#-----------
snapshot=57
#-----------
time=61906251
mem_heap_B=41652
mem_heap_extra_B=1852
mem_stacks_B=0
heap_tree=empty
#-----------
snapshot=58
#-----------
time=61978808
mem_heap_B=41512
mem_heap_extra_B=1816
mem_stacks_B=0
heap_tree=empty
#-----------
snapshot=59
#-----------
time=61998142
mem_heap_B=41692
mem_heap_extra_B=1868
mem_stacks_B=0
heap_tree=empty
#-----------
snapshot=60
#-----------
time=62020983
mem_heap_B=41684
mem_heap_extra_B=1860
mem_stacks_B=0
heap_tree=empty
#-----------
snapshot=61
#-----------
time=62040790
mem_heap_B=41704
mem_heap_extra_B=1880
mem_stacks_B=0
heap_tree=empty
#-----------
snapshot=62
#-----------
time=66789758
mem_heap_B=41652
mem_heap_extra_B=1852
mem_stacks_B=0
heap_tree=empty
#-----------
snapshot=63
#-----------
time=69490701
mem_heap_B=41448
mem_heap_extra_B=1800
mem_stacks_B=0
heap_tree=empty
#-----------
snapshot=64
#-----------
time=69562476
mem_heap_B=41512
mem_heap_extra_B=1816
mem_stacks_B=0
heap_tree=empty
#-----------
snapshot=65
#-----------
time=69581821
mem_heap_B=41692
mem_heap_extra_B=1868
mem_stacks_B=0
heap_tree=detailed
n10: 41692 (heap allocation functions) malloc/new/new[], --alloc-fns, etc.
 n0: 20224 0x48F4F42: ??? (in /usr/lib/arm-linux-gnueabihf/libstdc++.so.6.0.26)
 n1: 9680 0x20664E: _ntl_gblock_construct_alloc(_ntl_gbigint_body**, long, long) (lip.cpp:6279)
  n2: 9680 0x228994: NTL::BasicBlockConstruct(NTL::ZZ_p*, long, long) (ZZ.h:1041)
   n1: 9240 0x228A36: NTL::BlockConstructFromVec(NTL::ZZ_p*, long, NTL::ZZ_p const*) (vec_ZZ_p.cpp:43)
    n0: 9240 0x16C17C: void NTL::VecStrategy<true>::do_BlockConstructFromVec<NTL::ZZ_p>(NTL::ZZ_p*, long, NTL::ZZ_p const*) (in /home/reti/dongHyeon/Function-hiding-IPE/build/bin/p-norm-ipe-test)
   n0: 440 0x16C5A0: void NTL::VecStrategy<true>::do_BlockConstruct<NTL::ZZ_p>(NTL::ZZ_p*, long) (in /home/reti/dongHyeon/Function-hiding-IPE/build/bin/p-norm-ipe-test)
 n0: 2880 0x16AEC4: mcl::Array<mcl::EcT<mcl::Fp2T<mcl::FpT<mcl::bn::local::FpTag, 384u> > > >::resize(unsigned int) (in /home/reti/dongHyeon/Function-hiding-IPE/build/bin/p-norm-ipe-test)
 n0: 2136 0x24B84C: __gmp_default_reallocate (in /home/reti/dongHyeon/Function-hiding-IPE/build/bin/p-norm-ipe-test)
 n0: 2020 0x4A3B166: ??? (in /usr/lib/arm-linux-gnueabihf/libgomp.so.1.0.0)
 n0: 1888 in 46 places, all below massif's threshold (1.00%)
 n0: 1408 0x16B152: NTL::Vec<NTL::ZZ_p>::AllocateTo(long) (in /home/reti/dongHyeon/Function-hiding-IPE/build/bin/p-norm-ipe-test)
 n1: 520 0x4ADE1F0: __new_exitfn (cxa_atexit.c:114)
  n1: 520 0x4ADE264: __internal_atexit (cxa_atexit.c:44)
   n0: 520 0x251574: __libc_csu_init (in /home/reti/dongHyeon/Function-hiding-IPE/build/bin/p-norm-ipe-test)
 n1: 480 0x400CD20: allocate_dtv (dl-tls.c:286)
  n1: 480 0x400D35E: _dl_allocate_tls (dl-tls.c:532)
   n1: 480 0x4A96612: pthread_create@@GLIBC_2.4 (allocatestack.c:621)
    n0: 480 0x4A45F2A: ??? (in /usr/lib/arm-linux-gnueabihf/libgomp.so.1.0.0)
 n0: 456 0x174474: ffhipe::CMsk::load(std::istream&) (in /home/reti/dongHyeon/Function-hiding-IPE/build/bin/p-norm-ipe-test)
#-----------
snapshot=66
#-----------
time=69603758
mem_heap_B=41700
mem_heap_extra_B=1884
mem_stacks_B=0
heap_tree=empty
#-----------
snapshot=67
#-----------
time=69624485
mem_heap_B=41704
mem_heap_extra_B=1880
mem_stacks_B=0
heap_tree=empty
#-----------
snapshot=68
#-----------
time=74534899
mem_heap_B=41652
mem_heap_extra_B=1852
mem_stacks_B=0
heap_tree=empty
#-----------
snapshot=69
#-----------
time=74607456
mem_heap_B=41512
mem_heap_extra_B=1816
mem_stacks_B=0
heap_tree=empty
#-----------
snapshot=70
#-----------
time=74626799
mem_heap_B=41692
mem_heap_extra_B=1868
mem_stacks_B=0
heap_tree=empty
#-----------
snapshot=71
#-----------
time=74648360
mem_heap_B=41700
mem_heap_extra_B=1884
mem_stacks_B=0
heap_tree=empty
#-----------
snapshot=72
#-----------
time=74670921
mem_heap_B=41700
mem_heap_extra_B=1884
mem_stacks_B=0
heap_tree=empty
#-----------
snapshot=73
#-----------
time=79529498
mem_heap_B=41652
mem_heap_extra_B=1852
mem_stacks_B=0
heap_tree=empty
#-----------
snapshot=74
#-----------
time=82230456
mem_heap_B=41448
mem_heap_extra_B=1800
mem_stacks_B=0
heap_tree=empty
#-----------
snapshot=75
#-----------
time=82302231
mem_heap_B=41512
mem_heap_extra_B=1816
mem_stacks_B=0
heap_tree=detailed
n10: 41512 (heap allocation functions) malloc/new/new[], --alloc-fns, etc.
 n0: 20224 0x48F4F42: ??? (in /usr/lib/arm-linux-gnueabihf/libstdc++.so.6.0.26)
 n1: 9680 0x20664E: _ntl_gblock_construct_alloc(_ntl_gbigint_body**, long, long) (lip.cpp:6279)
  n2: 9680 0x228994: NTL::BasicBlockConstruct(NTL::ZZ_p*, long, long) (ZZ.h:1041)
   n1: 9240 0x228A36: NTL::BlockConstructFromVec(NTL::ZZ_p*, long, NTL::ZZ_p const*) (vec_ZZ_p.cpp:43)
    n0: 9240 0x16C17C: void NTL::VecStrategy<true>::do_BlockConstructFromVec<NTL::ZZ_p>(NTL::ZZ_p*, long, NTL::ZZ_p const*) (in /home/reti/dongHyeon/Function-hiding-IPE/build/bin/p-norm-ipe-test)
   n0: 440 0x16C5A0: void NTL::VecStrategy<true>::do_BlockConstruct<NTL::ZZ_p>(NTL::ZZ_p*, long) (in /home/reti/dongHyeon/Function-hiding-IPE/build/bin/p-norm-ipe-test)
 n0: 2880 0x16AEC4: mcl::Array<mcl::EcT<mcl::Fp2T<mcl::FpT<mcl::bn::local::FpTag, 384u> > > >::resize(unsigned int) (in /home/reti/dongHyeon/Function-hiding-IPE/build/bin/p-norm-ipe-test)
 n0: 2020 0x4A3B166: ??? (in /usr/lib/arm-linux-gnueabihf/libgomp.so.1.0.0)
 n0: 1960 0x24B84C: __gmp_default_reallocate (in /home/reti/dongHyeon/Function-hiding-IPE/build/bin/p-norm-ipe-test)
 n0: 1884 in 46 places, all below massif's threshold (1.00%)
 n0: 1408 0x16B152: NTL::Vec<NTL::ZZ_p>::AllocateTo(long) (in /home/reti/dongHyeon/Function-hiding-IPE/build/bin/p-norm-ipe-test)
 n1: 520 0x4ADE1F0: __new_exitfn (cxa_atexit.c:114)
  n1: 520 0x4ADE264: __internal_atexit (cxa_atexit.c:44)
   n0: 520 0x251574: __libc_csu_init (in /home/reti/dongHyeon/Function-hiding-IPE/build/bin/p-norm-ipe-test)
 n1: 480 0x400CD20: allocate_dtv (dl-tls.c:286)
  n1: 480 0x400D35E: _dl_allocate_tls (dl-tls.c:532)
   n1: 480 0x4A96612: pthread_create@@GLIBC_2.4 (allocatestack.c:621)
    n0: 480 0x4A45F2A: ??? (in /usr/lib/arm-linux-gnueabihf/libgomp.so.1.0.0)
 n0: 456 0x174474: ffhipe::CMsk::load(std::istream&) (in /home/reti/dongHyeon/Function-hiding-IPE/build/bin/p-norm-ipe-test)
#-----------
snapshot=76
#-----------
time=82321556
mem_heap_B=41696
mem_heap_extra_B=1872
mem_stacks_B=0
heap_tree=empty
#-----------
snapshot=77
#-----------
time=82341517
mem_heap_B=41704
mem_heap_extra_B=1880
mem_stacks_B=0
heap_tree=empty
#-----------
snapshot=78
#-----------
time=82360949
mem_heap_B=41696
mem_heap_extra_B=1872
mem_stacks_B=0
heap_tree=empty
#-----------
snapshot=79
#-----------
time=89401598
mem_heap_B=41652
mem_heap_extra_B=1852
mem_stacks_B=0
heap_tree=empty
#-----------
snapshot=80
#-----------
time=89474155
mem_heap_B=41512
mem_heap_extra_B=1816
mem_stacks_B=0
heap_tree=empty
#-----------
snapshot=81
#-----------
time=89493498
mem_heap_B=41692
mem_heap_extra_B=1868
mem_stacks_B=0
heap_tree=empty
#-----------
snapshot=82
#-----------
time=89516282
mem_heap_B=41700
mem_heap_extra_B=1892
mem_stacks_B=0
heap_tree=empty
#-----------
snapshot=83
#-----------
time=89537027
mem_heap_B=41700
mem_heap_extra_B=1892
mem_stacks_B=0
heap_tree=empty
#-----------
snapshot=84
#-----------
time=94245387
mem_heap_B=41652
mem_heap_extra_B=1852
mem_stacks_B=0
heap_tree=empty
#-----------
snapshot=85
#-----------
time=97544707
mem_heap_B=41412
mem_heap_extra_B=1780
mem_stacks_B=0
heap_tree=detailed
n10: 41412 (heap allocation functions) malloc/new/new[], --alloc-fns, etc.
 n0: 20224 0x48F4F42: ??? (in /usr/lib/arm-linux-gnueabihf/libstdc++.so.6.0.26)
 n1: 9680 0x20664E: _ntl_gblock_construct_alloc(_ntl_gbigint_body**, long, long) (lip.cpp:6279)
  n2: 9680 0x228994: NTL::BasicBlockConstruct(NTL::ZZ_p*, long, long) (ZZ.h:1041)
   n1: 9240 0x228A36: NTL::BlockConstructFromVec(NTL::ZZ_p*, long, NTL::ZZ_p const*) (vec_ZZ_p.cpp:43)
    n0: 9240 0x16C17C: void NTL::VecStrategy<true>::do_BlockConstructFromVec<NTL::ZZ_p>(NTL::ZZ_p*, long, NTL::ZZ_p const*) (in /home/reti/dongHyeon/Function-hiding-IPE/build/bin/p-norm-ipe-test)
   n0: 440 0x16C5A0: void NTL::VecStrategy<true>::do_BlockConstruct<NTL::ZZ_p>(NTL::ZZ_p*, long) (in /home/reti/dongHyeon/Function-hiding-IPE/build/bin/p-norm-ipe-test)
 n0: 2880 0x16AEC4: mcl::Array<mcl::EcT<mcl::Fp2T<mcl::FpT<mcl::bn::local::FpTag, 384u> > > >::resize(unsigned int) (in /home/reti/dongHyeon/Function-hiding-IPE/build/bin/p-norm-ipe-test)
 n0: 2020 0x4A3B166: ??? (in /usr/lib/arm-linux-gnueabihf/libgomp.so.1.0.0)
 n0: 1896 0x24B84C: __gmp_default_reallocate (in /home/reti/dongHyeon/Function-hiding-IPE/build/bin/p-norm-ipe-test)
 n0: 1848 in 46 places, all below massif's threshold (1.00%)
 n0: 1408 0x16B152: NTL::Vec<NTL::ZZ_p>::AllocateTo(long) (in /home/reti/dongHyeon/Function-hiding-IPE/build/bin/p-norm-ipe-test)
 n1: 520 0x4ADE1F0: __new_exitfn (cxa_atexit.c:114)
  n1: 520 0x4ADE264: __internal_atexit (cxa_atexit.c:44)
   n0: 520 0x251574: __libc_csu_init (in /home/reti/dongHyeon/Function-hiding-IPE/build/bin/p-norm-ipe-test)
 n1: 480 0x400CD20: allocate_dtv (dl-tls.c:286)
  n1: 480 0x400D35E: _dl_allocate_tls (dl-tls.c:532)
   n1: 480 0x4A96612: pthread_create@@GLIBC_2.4 (allocatestack.c:621)
    n0: 480 0x4A45F2A: ??? (in /usr/lib/arm-linux-gnueabihf/libgomp.so.1.0.0)
 n0: 456 0x174474: ffhipe::CMsk::load(std::istream&) (in /home/reti/dongHyeon/Function-hiding-IPE/build/bin/p-norm-ipe-test)
#-----------
snapshot=86
#-----------
time=97617264
mem_heap_B=41272
mem_heap_extra_B=1744
mem_stacks_B=0
heap_tree=empty
#-----------
snapshot=87
#-----------
time=97636619
mem_heap_B=41452
mem_heap_extra_B=1796
mem_stacks_B=0
heap_tree=empty
#-----------
snapshot=88
#-----------
time=97659283
mem_heap_B=41444
mem_heap_extra_B=1788
mem_stacks_B=0
heap_tree=empty
#-----------
snapshot=89
#-----------
time=97679173
mem_heap_B=41460
mem_heap_extra_B=1820
mem_stacks_B=0
heap_tree=empty
#-----------
snapshot=90
#-----------
time=102422405
mem_heap_B=41412
mem_heap_extra_B=1780
mem_stacks_B=0
heap_tree=empty
#-----------
snapshot=91
#-----------
time=102494962
mem_heap_B=41272
mem_heap_extra_B=1744
mem_stacks_B=0
heap_tree=empty
#-----------
snapshot=92
#-----------
time=102514308
mem_heap_B=41452
mem_heap_extra_B=1796
mem_stacks_B=0
heap_tree=empty
#-----------
snapshot=93
#-----------
time=102535920
mem_heap_B=41460
mem_heap_extra_B=1820
mem_stacks_B=0
heap_tree=empty
#-----------
snapshot=94
#-----------
time=102555723
mem_heap_B=41460
mem_heap_extra_B=1820
mem_stacks_B=0
heap_tree=empty
#-----------
snapshot=95
#-----------
time=107315247
mem_heap_B=41412
mem_heap_extra_B=1780
mem_stacks_B=0
heap_tree=detailed
n10: 41412 (heap allocation functions) malloc/new/new[], --alloc-fns, etc.
 n0: 20224 0x48F4F42: ??? (in /usr/lib/arm-linux-gnueabihf/libstdc++.so.6.0.26)
 n1: 9680 0x20664E: _ntl_gblock_construct_alloc(_ntl_gbigint_body**, long, long) (lip.cpp:6279)
  n2: 9680 0x228994: NTL::BasicBlockConstruct(NTL::ZZ_p*, long, long) (ZZ.h:1041)
   n1: 9240 0x228A36: NTL::BlockConstructFromVec(NTL::ZZ_p*, long, NTL::ZZ_p const*) (vec_ZZ_p.cpp:43)
    n0: 9240 0x16C17C: void NTL::VecStrategy<true>::do_BlockConstructFromVec<NTL::ZZ_p>(NTL::ZZ_p*, long, NTL::ZZ_p const*) (in /home/reti/dongHyeon/Function-hiding-IPE/build/bin/p-norm-ipe-test)
   n0: 440 0x16C5A0: void NTL::VecStrategy<true>::do_BlockConstruct<NTL::ZZ_p>(NTL::ZZ_p*, long) (in /home/reti/dongHyeon/Function-hiding-IPE/build/bin/p-norm-ipe-test)
 n0: 2880 0x16AEC4: mcl::Array<mcl::EcT<mcl::Fp2T<mcl::FpT<mcl::bn::local::FpTag, 384u> > > >::resize(unsigned int) (in /home/reti/dongHyeon/Function-hiding-IPE/build/bin/p-norm-ipe-test)
 n0: 2020 0x4A3B166: ??? (in /usr/lib/arm-linux-gnueabihf/libgomp.so.1.0.0)
 n0: 1896 0x24B84C: __gmp_default_reallocate (in /home/reti/dongHyeon/Function-hiding-IPE/build/bin/p-norm-ipe-test)
 n0: 1848 in 46 places, all below massif's threshold (1.00%)
 n0: 1408 0x16B152: NTL::Vec<NTL::ZZ_p>::AllocateTo(long) (in /home/reti/dongHyeon/Function-hiding-IPE/build/bin/p-norm-ipe-test)
 n1: 520 0x4ADE1F0: __new_exitfn (cxa_atexit.c:114)
  n1: 520 0x4ADE264: __internal_atexit (cxa_atexit.c:44)
   n0: 520 0x251574: __libc_csu_init (in /home/reti/dongHyeon/Function-hiding-IPE/build/bin/p-norm-ipe-test)
 n1: 480 0x400CD20: allocate_dtv (dl-tls.c:286)
  n1: 480 0x400D35E: _dl_allocate_tls (dl-tls.c:532)
   n1: 480 0x4A96612: pthread_create@@GLIBC_2.4 (allocatestack.c:621)
    n0: 480 0x4A45F2A: ??? (in /usr/lib/arm-linux-gnueabihf/libgomp.so.1.0.0)
 n0: 456 0x174474: ffhipe::CMsk::load(std::istream&) (in /home/reti/dongHyeon/Function-hiding-IPE/build/bin/p-norm-ipe-test)
#-----------
snapshot=96
#-----------
time=115416606
mem_heap_B=44084
mem_heap_extra_B=1724
mem_stacks_B=0
heap_tree=empty
#-----------
snapshot=97
#-----------
time=115464859
mem_heap_B=4052
mem_heap_extra_B=644
mem_stacks_B=0
heap_tree=empty
