desc: --massif-out-file=encrypt/memory-32-10-6.log
cmd: ./p-norm-ipe-test encrypt 32 10 6
time_unit: i
#-----------
snapshot=0
#-----------
time=0
mem_heap_B=0
mem_heap_extra_B=0
mem_stacks_B=0
heap_tree=empty
#-----------
snapshot=1
#-----------
time=44909630
mem_heap_B=127457
mem_heap_extra_B=1063
mem_stacks_B=0
heap_tree=detailed
n6: 127457 (heap allocation functions) malloc/new/new[], --alloc-fns, etc.
 n1: 87208 0x20664E: _ntl_gblock_construct_alloc(_ntl_gbigint_body**, long, long) (lip.cpp:6279)
  n2: 87208 0x228994: NTL::BasicBlockConstruct(NTL::ZZ_p*, long, long) (ZZ.h:1041)
   n1: 78408 0x228A36: NTL::BlockConstructFromVec(NTL::ZZ_p*, long, NTL::ZZ_p const*) (vec_ZZ_p.cpp:43)
    n0: 78408 0x16C17C: void NTL::VecStrategy<true>::do_BlockConstructFromVec<NTL::ZZ_p>(NTL::ZZ_p*, long, NTL::ZZ_p const*) (in /home/reti/dongHyeon/Function-hiding-IPE/build/bin/p-norm-ipe-test)
   n0: 8800 0x16C5A0: void NTL::VecStrategy<true>::do_BlockConstruct<NTL::ZZ_p>(NTL::ZZ_p*, long) (in /home/reti/dongHyeon/Function-hiding-IPE/build/bin/p-norm-ipe-test)
 n0: 20224 0x48F4F42: ??? (in /usr/lib/arm-linux-gnueabihf/libstdc++.so.6.0.26)
 n1: 8192 0x493D6C6: std::basic_filebuf<char, std::char_traits<char> >::_M_allocate_internal_buffer() (in /usr/lib/arm-linux-gnueabihf/libstdc++.so.6.0.26)
  n1: 8192 0x493FFE2: std::basic_filebuf<char, std::char_traits<char> >::open(char const*, std::_Ios_Openmode) (in /usr/lib/arm-linux-gnueabihf/libstdc++.so.6.0.26)
   n0: 8192 0x49409EA: std::basic_ifstream<char, std::char_traits<char> >::basic_ifstream(std::__cxx11::basic_string<char, std::char_traits<char>, std::allocator<char> > const&, std::_Ios_Openmode) (in /usr/lib/arm-linux-gnueabihf/libstdc++.so.6.0.26)
 n0: 7392 0x16B152: NTL::Vec<NTL::ZZ_p>::AllocateTo(long) (in /home/reti/dongHyeon/Function-hiding-IPE/build/bin/p-norm-ipe-test)
 n0: 3117 in 23 places, all below massif's threshold (1.00%)
 n0: 1324 0x24B84C: __gmp_default_reallocate (in /home/reti/dongHyeon/Function-hiding-IPE/build/bin/p-norm-ipe-test)
#-----------
snapshot=2
#-----------
time=77225670
mem_heap_B=231953
mem_heap_extra_B=1271
mem_stacks_B=0
heap_tree=empty
#-----------
snapshot=3
#-----------
time=110390735
mem_heap_B=348953
mem_heap_extra_B=1511
mem_stacks_B=0
heap_tree=empty
#-----------
snapshot=4
#-----------
time=136932348
mem_heap_B=442745
mem_heap_extra_B=1703
mem_stacks_B=0
heap_tree=empty
#-----------
snapshot=5
#-----------
time=155474572
mem_heap_B=517649
mem_heap_extra_B=1863
mem_stacks_B=0
heap_tree=detailed
n5: 517649 (heap allocation functions) malloc/new/new[], --alloc-fns, etc.
 n1: 443608 0x20664E: _ntl_gblock_construct_alloc(_ntl_gbigint_body**, long, long) (lip.cpp:6279)
  n2: 443608 0x228994: NTL::BasicBlockConstruct(NTL::ZZ_p*, long, long) (ZZ.h:1041)
   n1: 434808 0x228A36: NTL::BlockConstructFromVec(NTL::ZZ_p*, long, NTL::ZZ_p const*) (vec_ZZ_p.cpp:43)
    n0: 434808 0x16C17C: void NTL::VecStrategy<true>::do_BlockConstructFromVec<NTL::ZZ_p>(NTL::ZZ_p*, long, NTL::ZZ_p const*) (in /home/reti/dongHyeon/Function-hiding-IPE/build/bin/p-norm-ipe-test)
   n0: 8800 0x16C5A0: void NTL::VecStrategy<true>::do_BlockConstruct<NTL::ZZ_p>(NTL::ZZ_p*, long) (in /home/reti/dongHyeon/Function-hiding-IPE/build/bin/p-norm-ipe-test)
 n0: 40992 0x16B152: NTL::Vec<NTL::ZZ_p>::AllocateTo(long) (in /home/reti/dongHyeon/Function-hiding-IPE/build/bin/p-norm-ipe-test)
 n0: 20224 0x48F4F42: ??? (in /usr/lib/arm-linux-gnueabihf/libstdc++.so.6.0.26)
 n1: 8192 0x493D6C6: std::basic_filebuf<char, std::char_traits<char> >::_M_allocate_internal_buffer() (in /usr/lib/arm-linux-gnueabihf/libstdc++.so.6.0.26)
  n1: 8192 0x493FFE2: std::basic_filebuf<char, std::char_traits<char> >::open(char const*, std::_Ios_Openmode) (in /usr/lib/arm-linux-gnueabihf/libstdc++.so.6.0.26)
   n0: 8192 0x49409EA: std::basic_ifstream<char, std::char_traits<char> >::basic_ifstream(std::__cxx11::basic_string<char, std::char_traits<char>, std::allocator<char> > const&, std::_Ios_Openmode) (in /usr/lib/arm-linux-gnueabihf/libstdc++.so.6.0.26)
 n0: 4633 in 25 places, all below massif's threshold (1.00%)
#-----------
snapshot=6
#-----------
time=192202409
mem_heap_B=637745
mem_heap_extra_B=2103
mem_stacks_B=0
heap_tree=empty
#-----------
snapshot=7
#-----------
time=220935698
mem_heap_B=739145
mem_heap_extra_B=2311
mem_stacks_B=0
heap_tree=empty
#-----------
snapshot=8
#-----------
time=246789890
mem_heap_B=830545
mem_heap_extra_B=2503
mem_stacks_B=0
heap_tree=empty
#-----------
snapshot=9
#-----------
time=270429837
mem_heap_B=923457
mem_heap_extra_B=2703
mem_stacks_B=0
heap_tree=detailed
n4: 923457 (heap allocation functions) malloc/new/new[], --alloc-fns, etc.
 n1: 814264 0x20664E: _ntl_gblock_construct_alloc(_ntl_gbigint_body**, long, long) (lip.cpp:6279)
  n2: 814264 0x228994: NTL::BasicBlockConstruct(NTL::ZZ_p*, long, long) (ZZ.h:1041)
   n1: 805464 0x228A36: NTL::BlockConstructFromVec(NTL::ZZ_p*, long, NTL::ZZ_p const*) (vec_ZZ_p.cpp:43)
    n0: 805464 0x16C17C: void NTL::VecStrategy<true>::do_BlockConstructFromVec<NTL::ZZ_p>(NTL::ZZ_p*, long, NTL::ZZ_p const*) (in /home/reti/dongHyeon/Function-hiding-IPE/build/bin/p-norm-ipe-test)
   n0: 8800 in 1 place, below massif's threshold (1.00%)
 n0: 75936 0x16B152: NTL::Vec<NTL::ZZ_p>::AllocateTo(long) (in /home/reti/dongHyeon/Function-hiding-IPE/build/bin/p-norm-ipe-test)
 n0: 20224 0x48F4F42: ??? (in /usr/lib/arm-linux-gnueabihf/libstdc++.so.6.0.26)
 n0: 13033 in 26 places, all below massif's threshold (1.00%)
#-----------
snapshot=10
#-----------
time=301386407
mem_heap_B=1032657
mem_heap_extra_B=2927
mem_stacks_B=0
heap_tree=detailed
n4: 1032657 (heap allocation functions) malloc/new/new[], --alloc-fns, etc.
 n1: 914056 0x20664E: _ntl_gblock_construct_alloc(_ntl_gbigint_body**, long, long) (lip.cpp:6279)
  n2: 914056 0x228994: NTL::BasicBlockConstruct(NTL::ZZ_p*, long, long) (ZZ.h:1041)
   n1: 905256 0x228A36: NTL::BlockConstructFromVec(NTL::ZZ_p*, long, NTL::ZZ_p const*) (vec_ZZ_p.cpp:43)
    n0: 905256 0x16C17C: void NTL::VecStrategy<true>::do_BlockConstructFromVec<NTL::ZZ_p>(NTL::ZZ_p*, long, NTL::ZZ_p const*) (in /home/reti/dongHyeon/Function-hiding-IPE/build/bin/p-norm-ipe-test)
   n0: 8800 in 1 place, below massif's threshold (1.00%)
 n0: 85344 0x16B152: NTL::Vec<NTL::ZZ_p>::AllocateTo(long) (in /home/reti/dongHyeon/Function-hiding-IPE/build/bin/p-norm-ipe-test)
 n0: 20224 0x48F4F42: ??? (in /usr/lib/arm-linux-gnueabihf/libstdc++.so.6.0.26)
 n0: 13033 in 26 places, all below massif's threshold (1.00%)
#-----------
snapshot=11
#-----------
time=339644141
mem_heap_B=1158145
mem_heap_extra_B=3175
mem_stacks_B=0
heap_tree=empty
#-----------
snapshot=12
#-----------
time=366850249
mem_heap_B=1254457
mem_heap_extra_B=3375
mem_stacks_B=0
heap_tree=empty
#-----------
snapshot=13
#-----------
time=401093931
mem_heap_B=1348025
mem_heap_extra_B=3567
mem_stacks_B=0
heap_tree=empty
#-----------
snapshot=14
#-----------
time=434265744
mem_heap_B=1465025
mem_heap_extra_B=3807
mem_stacks_B=0
heap_tree=empty
#-----------
snapshot=15
#-----------
time=478486865
mem_heap_B=1621025
mem_heap_extra_B=4127
mem_stacks_B=0
heap_tree=empty
#-----------
snapshot=16
#-----------
time=500593988
mem_heap_B=1699217
mem_heap_extra_B=4287
mem_stacks_B=0
heap_tree=empty
#-----------
snapshot=17
#-----------
time=529337683
mem_heap_B=1800617
mem_heap_extra_B=4495
mem_stacks_B=0
heap_tree=empty
#-----------
snapshot=18
#-----------
time=556726039
mem_heap_B=1904521
mem_heap_extra_B=4711
mem_stacks_B=0
heap_tree=empty
#-----------
snapshot=19
#-----------
time=589897442
mem_heap_B=2021521
mem_heap_extra_B=4951
mem_stacks_B=0
heap_tree=empty
#-----------
snapshot=20
#-----------
time=631053560
mem_heap_B=2159625
mem_heap_extra_B=5231
mem_stacks_B=0
heap_tree=empty
#-----------
snapshot=21
#-----------
time=658425515
mem_heap_B=2258601
mem_heap_extra_B=5447
mem_stacks_B=0
heap_tree=empty
#-----------
snapshot=22
#-----------
time=691612809
mem_heap_B=2373225
mem_heap_extra_B=5663
mem_stacks_B=0
heap_tree=empty
#-----------
snapshot=23
#-----------
time=712861857
mem_heap_B=2448225
mem_heap_extra_B=5823
mem_stacks_B=0
heap_tree=empty
#-----------
snapshot=24
#-----------
time=740231765
mem_heap_B=2547505
mem_heap_extra_B=6039
mem_stacks_B=0
heap_tree=empty
#-----------
snapshot=25
#-----------
time=757843194
mem_heap_B=5089305
mem_heap_extra_B=11255
mem_stacks_B=0
heap_tree=peak
n3: 5089305 (heap allocation functions) malloc/new/new[], --alloc-fns, etc.
 n1: 4618944 0x20664E: _ntl_gblock_construct_alloc(_ntl_gbigint_body**, long, long) (lip.cpp:6279)
  n2: 4618944 0x228994: NTL::BasicBlockConstruct(NTL::ZZ_p*, long, long) (ZZ.h:1041)
   n0: 2309472 0x16C5A0: void NTL::VecStrategy<true>::do_BlockConstruct<NTL::ZZ_p>(NTL::ZZ_p*, long) (in /home/reti/dongHyeon/Function-hiding-IPE/build/bin/p-norm-ipe-test)
   n1: 2309472 0x228A36: NTL::BlockConstructFromVec(NTL::ZZ_p*, long, NTL::ZZ_p const*) (vec_ZZ_p.cpp:43)
    n0: 2309472 0x16C17C: void NTL::VecStrategy<true>::do_BlockConstructFromVec<NTL::ZZ_p>(NTL::ZZ_p*, long, NTL::ZZ_p const*) (in /home/reti/dongHyeon/Function-hiding-IPE/build/bin/p-norm-ipe-test)
 n0: 435456 0x16B152: NTL::Vec<NTL::ZZ_p>::AllocateTo(long) (in /home/reti/dongHyeon/Function-hiding-IPE/build/bin/p-norm-ipe-test)
 n0: 34905 in 28 places, all below massif's threshold (1.00%)
#-----------
snapshot=26
#-----------
time=802804984
mem_heap_B=2625321
mem_heap_extra_B=8679
mem_stacks_B=0
heap_tree=empty
#-----------
snapshot=27
#-----------
time=822131213
mem_heap_B=2625525
mem_heap_extra_B=8723
mem_stacks_B=0
heap_tree=empty
#-----------
snapshot=28
#-----------
time=851583961
mem_heap_B=2625525
mem_heap_extra_B=8723
mem_stacks_B=0
heap_tree=empty
#-----------
snapshot=29
#-----------
time=880673996
mem_heap_B=2625525
mem_heap_extra_B=8723
mem_stacks_B=0
heap_tree=detailed
n4: 2625525 (heap allocation functions) malloc/new/new[], --alloc-fns, etc.
 n1: 2323728 0x20664E: _ntl_gblock_construct_alloc(_ntl_gbigint_body**, long, long) (lip.cpp:6279)
  n2: 2323728 0x228994: NTL::BasicBlockConstruct(NTL::ZZ_p*, long, long) (ZZ.h:1041)
   n1: 2316600 0x228A36: NTL::BlockConstructFromVec(NTL::ZZ_p*, long, NTL::ZZ_p const*) (vec_ZZ_p.cpp:43)
    n0: 2316600 0x16C17C: void NTL::VecStrategy<true>::do_BlockConstructFromVec<NTL::ZZ_p>(NTL::ZZ_p*, long, NTL::ZZ_p const*) (in /home/reti/dongHyeon/Function-hiding-IPE/build/bin/p-norm-ipe-test)
   n0: 7128 in 1 place, below massif's threshold (1.00%)
 n0: 219072 0x16B152: NTL::Vec<NTL::ZZ_p>::AllocateTo(long) (in /home/reti/dongHyeon/Function-hiding-IPE/build/bin/p-norm-ipe-test)
 n0: 46656 0x16AEC4: mcl::Array<mcl::EcT<mcl::Fp2T<mcl::FpT<mcl::bn::local::FpTag, 384u> > > >::resize(unsigned int) (in /home/reti/dongHyeon/Function-hiding-IPE/build/bin/p-norm-ipe-test)
 n0: 36069 in 54 places, all below massif's threshold (1.00%)
#-----------
snapshot=30
#-----------
time=908004538
mem_heap_B=2625765
mem_heap_extra_B=8795
mem_stacks_B=0
heap_tree=empty
#-----------
snapshot=31
#-----------
time=941996066
mem_heap_B=2625765
mem_heap_extra_B=8795
mem_stacks_B=0
heap_tree=empty
#-----------
snapshot=32
#-----------
time=965973258
mem_heap_B=2625625
mem_heap_extra_B=8767
mem_stacks_B=0
heap_tree=empty
#-----------
snapshot=33
#-----------
time=1001546238
mem_heap_B=2625865
mem_heap_extra_B=8839
mem_stacks_B=0
heap_tree=empty
#-----------
snapshot=34
#-----------
time=1035321119
mem_heap_B=2626057
mem_heap_extra_B=8895
mem_stacks_B=0
heap_tree=empty
#-----------
snapshot=35
#-----------
time=1079205569
mem_heap_B=2626005
mem_heap_extra_B=8867
mem_stacks_B=0
heap_tree=empty
#-----------
snapshot=36
#-----------
time=1109731101
mem_heap_B=2626037
mem_heap_extra_B=8883
mem_stacks_B=0
heap_tree=empty
#-----------
snapshot=37
#-----------
time=1133708760
mem_heap_B=2626005
mem_heap_extra_B=8875
mem_stacks_B=0
heap_tree=empty
#-----------
snapshot=38
#-----------
time=1162715530
mem_heap_B=2626005
mem_heap_extra_B=8875
mem_stacks_B=0
heap_tree=empty
#-----------
snapshot=39
#-----------
time=1184284089
mem_heap_B=2626245
mem_heap_extra_B=8955
mem_stacks_B=0
heap_tree=empty
#-----------
snapshot=40
#-----------
time=1218525584
mem_heap_B=2626245
mem_heap_extra_B=8955
mem_stacks_B=0
heap_tree=detailed
n4: 2626245 (heap allocation functions) malloc/new/new[], --alloc-fns, etc.
 n1: 2323728 0x20664E: _ntl_gblock_construct_alloc(_ntl_gbigint_body**, long, long) (lip.cpp:6279)
  n2: 2323728 0x228994: NTL::BasicBlockConstruct(NTL::ZZ_p*, long, long) (ZZ.h:1041)
   n1: 2316600 0x228A36: NTL::BlockConstructFromVec(NTL::ZZ_p*, long, NTL::ZZ_p const*) (vec_ZZ_p.cpp:43)
    n0: 2316600 0x16C17C: void NTL::VecStrategy<true>::do_BlockConstructFromVec<NTL::ZZ_p>(NTL::ZZ_p*, long, NTL::ZZ_p const*) (in /home/reti/dongHyeon/Function-hiding-IPE/build/bin/p-norm-ipe-test)
   n0: 7128 in 1 place, below massif's threshold (1.00%)
 n0: 219072 0x16B152: NTL::Vec<NTL::ZZ_p>::AllocateTo(long) (in /home/reti/dongHyeon/Function-hiding-IPE/build/bin/p-norm-ipe-test)
 n0: 46656 0x16AEC4: mcl::Array<mcl::EcT<mcl::Fp2T<mcl::FpT<mcl::bn::local::FpTag, 384u> > > >::resize(unsigned int) (in /home/reti/dongHyeon/Function-hiding-IPE/build/bin/p-norm-ipe-test)
 n0: 36789 in 54 places, all below massif's threshold (1.00%)
#-----------
snapshot=41
#-----------
time=1237990486
mem_heap_B=2626105
mem_heap_extra_B=8919
mem_stacks_B=0
heap_tree=empty
#-----------
snapshot=42
#-----------
time=1267282941
mem_heap_B=2626297
mem_heap_extra_B=8983
mem_stacks_B=0
heap_tree=empty
#-----------
snapshot=43
#-----------
time=1286991393
mem_heap_B=2626245
mem_heap_extra_B=8955
mem_stacks_B=0
heap_tree=empty
#-----------
snapshot=44
#-----------
time=1316577971
mem_heap_B=2626245
mem_heap_extra_B=8955
mem_stacks_B=0
heap_tree=detailed
n4: 2626245 (heap allocation functions) malloc/new/new[], --alloc-fns, etc.
 n1: 2323728 0x20664E: _ntl_gblock_construct_alloc(_ntl_gbigint_body**, long, long) (lip.cpp:6279)
  n2: 2323728 0x228994: NTL::BasicBlockConstruct(NTL::ZZ_p*, long, long) (ZZ.h:1041)
   n1: 2316600 0x228A36: NTL::BlockConstructFromVec(NTL::ZZ_p*, long, NTL::ZZ_p const*) (vec_ZZ_p.cpp:43)
    n0: 2316600 0x16C17C: void NTL::VecStrategy<true>::do_BlockConstructFromVec<NTL::ZZ_p>(NTL::ZZ_p*, long, NTL::ZZ_p const*) (in /home/reti/dongHyeon/Function-hiding-IPE/build/bin/p-norm-ipe-test)
   n0: 7128 in 1 place, below massif's threshold (1.00%)
 n0: 219072 0x16B152: NTL::Vec<NTL::ZZ_p>::AllocateTo(long) (in /home/reti/dongHyeon/Function-hiding-IPE/build/bin/p-norm-ipe-test)
 n0: 46656 0x16AEC4: mcl::Array<mcl::EcT<mcl::Fp2T<mcl::FpT<mcl::bn::local::FpTag, 384u> > > >::resize(unsigned int) (in /home/reti/dongHyeon/Function-hiding-IPE/build/bin/p-norm-ipe-test)
 n0: 36789 in 54 places, all below massif's threshold (1.00%)
#-----------
snapshot=45
#-----------
time=1350372486
mem_heap_B=2626105
mem_heap_extra_B=8919
mem_stacks_B=0
heap_tree=empty
#-----------
snapshot=46
#-----------
time=1370157337
mem_heap_B=2626245
mem_heap_extra_B=8955
mem_stacks_B=0
heap_tree=empty
#-----------
snapshot=47
#-----------
time=1396098998
mem_heap_B=2625765
mem_heap_extra_B=8803
mem_stacks_B=0
heap_tree=empty
#-----------
snapshot=48
#-----------
time=1429893781
mem_heap_B=2625765
mem_heap_extra_B=8803
mem_stacks_B=0
heap_tree=detailed
n4: 2625765 (heap allocation functions) malloc/new/new[], --alloc-fns, etc.
 n1: 2323728 0x20664E: _ntl_gblock_construct_alloc(_ntl_gbigint_body**, long, long) (lip.cpp:6279)
  n2: 2323728 0x228994: NTL::BasicBlockConstruct(NTL::ZZ_p*, long, long) (ZZ.h:1041)
   n1: 2316600 0x228A36: NTL::BlockConstructFromVec(NTL::ZZ_p*, long, NTL::ZZ_p const*) (vec_ZZ_p.cpp:43)
    n0: 2316600 0x16C17C: void NTL::VecStrategy<true>::do_BlockConstructFromVec<NTL::ZZ_p>(NTL::ZZ_p*, long, NTL::ZZ_p const*) (in /home/reti/dongHyeon/Function-hiding-IPE/build/bin/p-norm-ipe-test)
   n0: 7128 in 1 place, below massif's threshold (1.00%)
 n0: 219072 0x16B152: NTL::Vec<NTL::ZZ_p>::AllocateTo(long) (in /home/reti/dongHyeon/Function-hiding-IPE/build/bin/p-norm-ipe-test)
 n0: 46656 0x16AEC4: mcl::Array<mcl::EcT<mcl::Fp2T<mcl::FpT<mcl::bn::local::FpTag, 384u> > > >::resize(unsigned int) (in /home/reti/dongHyeon/Function-hiding-IPE/build/bin/p-norm-ipe-test)
 n0: 36309 in 54 places, all below massif's threshold (1.00%)
#-----------
snapshot=49
#-----------
time=1459522963
mem_heap_B=2625765
mem_heap_extra_B=8803
mem_stacks_B=0
heap_tree=empty
#-----------
snapshot=50
#-----------
time=1479305677
mem_heap_B=2625765
mem_heap_extra_B=8803
mem_stacks_B=0
heap_tree=empty
#-----------
snapshot=51
#-----------
time=1501596034
mem_heap_B=2625525
mem_heap_extra_B=8723
mem_stacks_B=0
heap_tree=empty
#-----------
snapshot=52
#-----------
time=1521041931
mem_heap_B=2625525
mem_heap_extra_B=8723
mem_stacks_B=0
heap_tree=empty
#-----------
snapshot=53
#-----------
time=1540509362
mem_heap_B=2625525
mem_heap_extra_B=8723
mem_stacks_B=0
heap_tree=empty
#-----------
snapshot=54
#-----------
time=1559856684
mem_heap_B=2625525
mem_heap_extra_B=8723
mem_stacks_B=0
heap_tree=empty
#-----------
snapshot=55
#-----------
time=1579425067
mem_heap_B=2625525
mem_heap_extra_B=8723
mem_stacks_B=0
heap_tree=empty
#-----------
snapshot=56
#-----------
time=1599106425
mem_heap_B=2625525
mem_heap_extra_B=8723
mem_stacks_B=0
heap_tree=detailed
n4: 2625525 (heap allocation functions) malloc/new/new[], --alloc-fns, etc.
 n1: 2323728 0x20664E: _ntl_gblock_construct_alloc(_ntl_gbigint_body**, long, long) (lip.cpp:6279)
  n2: 2323728 0x228994: NTL::BasicBlockConstruct(NTL::ZZ_p*, long, long) (ZZ.h:1041)
   n1: 2316600 0x228A36: NTL::BlockConstructFromVec(NTL::ZZ_p*, long, NTL::ZZ_p const*) (vec_ZZ_p.cpp:43)
    n0: 2316600 0x16C17C: void NTL::VecStrategy<true>::do_BlockConstructFromVec<NTL::ZZ_p>(NTL::ZZ_p*, long, NTL::ZZ_p const*) (in /home/reti/dongHyeon/Function-hiding-IPE/build/bin/p-norm-ipe-test)
   n0: 7128 in 1 place, below massif's threshold (1.00%)
 n0: 219072 0x16B152: NTL::Vec<NTL::ZZ_p>::AllocateTo(long) (in /home/reti/dongHyeon/Function-hiding-IPE/build/bin/p-norm-ipe-test)
 n0: 46656 0x16AEC4: mcl::Array<mcl::EcT<mcl::Fp2T<mcl::FpT<mcl::bn::local::FpTag, 384u> > > >::resize(unsigned int) (in /home/reti/dongHyeon/Function-hiding-IPE/build/bin/p-norm-ipe-test)
 n0: 36069 in 54 places, all below massif's threshold (1.00%)
