desc: --massif-out-file=encrypt/memory-8-10-8.log
cmd: ./p-norm-ipe-test encrypt 8 10 8
time_unit: i
#-----------
snapshot=0
#-----------
time=0
mem_heap_B=0
mem_heap_extra_B=0
mem_stacks_B=0
heap_tree=empty
#-----------
snapshot=1
#-----------
time=11013850
mem_heap_B=32733
mem_heap_extra_B=771
mem_stacks_B=0
heap_tree=detailed
n7: 32733 (heap allocation functions) malloc/new/new[], --alloc-fns, etc.
 n0: 20224 0x48F4F42: ??? (in /usr/lib/arm-linux-gnueabihf/libstdc++.so.6.0.26)
 n1: 8192 0x493D6C6: std::basic_filebuf<char, std::char_traits<char> >::_M_allocate_internal_buffer() (in /usr/lib/arm-linux-gnueabihf/libstdc++.so.6.0.26)
  n1: 8192 0x493FFE2: std::basic_filebuf<char, std::char_traits<char> >::open(char const*, std::_Ios_Openmode) (in /usr/lib/arm-linux-gnueabihf/libstdc++.so.6.0.26)
   n0: 8192 0x49409EA: std::basic_ifstream<char, std::char_traits<char> >::basic_ifstream(std::__cxx11::basic_string<char, std::char_traits<char>, std::allocator<char> > const&, std::_Ios_Openmode) (in /usr/lib/arm-linux-gnueabihf/libstdc++.so.6.0.26)
 n0: 2700 0x24B812: __gmp_default_allocate (in /home/reti/dongHyeon/Function-hiding-IPE/build/bin/p-norm-ipe-test)
 n1: 520 0x4ADE1F0: __new_exitfn (cxa_atexit.c:114)
  n1: 520 0x4ADE264: __internal_atexit (cxa_atexit.c:44)
   n0: 520 0x251574: __libc_csu_init (in /home/reti/dongHyeon/Function-hiding-IPE/build/bin/p-norm-ipe-test)
 n1: 513 0x49658F2: std::__cxx11::basic_string<char, std::char_traits<char>, std::allocator<char> >::reserve(unsigned int) (in /usr/lib/arm-linux-gnueabihf/libstdc++.so.6.0.26)
  n0: 513 0x495D556: std::__cxx11::basic_stringbuf<char, std::char_traits<char>, std::allocator<char> >::overflow(int) (in /usr/lib/arm-linux-gnueabihf/libstdc++.so.6.0.26)
 n1: 352 0x4AFE6FA: __fopen_internal (iofopen.c:65)
  n1: 352 0x490F2C6: std::__basic_file<char>::open(char const*, std::_Ios_Openmode, int) (in /usr/lib/arm-linux-gnueabihf/libstdc++.so.6.0.26)
   n1: 352 0x493FFD4: std::basic_filebuf<char, std::char_traits<char> >::open(char const*, std::_Ios_Openmode) (in /usr/lib/arm-linux-gnueabihf/libstdc++.so.6.0.26)
    n0: 352 0x49409EA: std::basic_ifstream<char, std::char_traits<char> >::basic_ifstream(std::__cxx11::basic_string<char, std::char_traits<char>, std::allocator<char> > const&, std::_Ios_Openmode) (in /usr/lib/arm-linux-gnueabihf/libstdc++.so.6.0.26)
 n0: 232 in 7 places, all below massif's threshold (1.00%)
#-----------
snapshot=2
#-----------
time=18180925
mem_heap_B=30513
mem_heap_extra_B=743
mem_stacks_B=0
heap_tree=empty
#-----------
snapshot=3
#-----------
time=23653394
mem_heap_B=42873
mem_heap_extra_B=911
mem_stacks_B=0
heap_tree=empty
#-----------
snapshot=4
#-----------
time=32388904
mem_heap_B=73761
mem_heap_extra_B=1087
mem_stacks_B=0
heap_tree=empty
#-----------
snapshot=5
#-----------
time=41917645
mem_heap_B=107457
mem_heap_extra_B=1279
mem_stacks_B=0
heap_tree=empty
#-----------
snapshot=6
#-----------
time=48268273
mem_heap_B=129921
mem_heap_extra_B=1407
mem_stacks_B=0
heap_tree=empty
#-----------
snapshot=7
#-----------
time=53941118
mem_heap_B=154585
mem_heap_extra_B=1543
mem_stacks_B=0
heap_tree=detailed
n5: 154585 (heap allocation functions) malloc/new/new[], --alloc-fns, etc.
 n1: 111584 0x20664E: _ntl_gblock_construct_alloc(_ntl_gbigint_body**, long, long) (lip.cpp:6279)
  n2: 111584 0x228994: NTL::BasicBlockConstruct(NTL::ZZ_p*, long, long) (ZZ.h:1041)
   n1: 107184 0x228A36: NTL::BlockConstructFromVec(NTL::ZZ_p*, long, NTL::ZZ_p const*) (vec_ZZ_p.cpp:43)
    n0: 107184 0x16C17C: void NTL::VecStrategy<true>::do_BlockConstructFromVec<NTL::ZZ_p>(NTL::ZZ_p*, long, NTL::ZZ_p const*) (in /home/reti/dongHyeon/Function-hiding-IPE/build/bin/p-norm-ipe-test)
   n0: 4400 0x16C5A0: void NTL::VecStrategy<true>::do_BlockConstruct<NTL::ZZ_p>(NTL::ZZ_p*, long) (in /home/reti/dongHyeon/Function-hiding-IPE/build/bin/p-norm-ipe-test)
 n0: 20224 0x48F4F42: ??? (in /usr/lib/arm-linux-gnueabihf/libstdc++.so.6.0.26)
 n0: 10752 0x16B152: NTL::Vec<NTL::ZZ_p>::AllocateTo(long) (in /home/reti/dongHyeon/Function-hiding-IPE/build/bin/p-norm-ipe-test)
 n1: 8192 0x493D6C6: std::basic_filebuf<char, std::char_traits<char> >::_M_allocate_internal_buffer() (in /usr/lib/arm-linux-gnueabihf/libstdc++.so.6.0.26)
  n1: 8192 0x493FFE2: std::basic_filebuf<char, std::char_traits<char> >::open(char const*, std::_Ios_Openmode) (in /usr/lib/arm-linux-gnueabihf/libstdc++.so.6.0.26)
   n0: 8192 0x49409EA: std::basic_ifstream<char, std::char_traits<char> >::basic_ifstream(std::__cxx11::basic_string<char, std::char_traits<char>, std::allocator<char> > const&, std::_Ios_Openmode) (in /usr/lib/arm-linux-gnueabihf/libstdc++.so.6.0.26)
 n0: 3833 in 24 places, all below massif's threshold (1.00%)
#-----------
snapshot=8
#-----------
time=62558095
mem_heap_B=180657
mem_heap_extra_B=1695
mem_stacks_B=0
heap_tree=empty
#-----------
snapshot=9
#-----------
time=69988339
mem_heap_B=203185
mem_heap_extra_B=1831
mem_stacks_B=0
heap_tree=empty
#-----------
snapshot=10
#-----------
time=81105673
mem_heap_B=242497
mem_heap_extra_B=2055
mem_stacks_B=0
heap_tree=empty
#-----------
snapshot=11
#-----------
time=88249115
mem_heap_B=267769
mem_heap_extra_B=2199
mem_stacks_B=0
heap_tree=empty
#-----------
snapshot=12
#-----------
time=98569079
mem_heap_B=304273
mem_heap_extra_B=2407
mem_stacks_B=0
heap_tree=detailed
n5: 304273 (heap allocation functions) malloc/new/new[], --alloc-fns, etc.
 n1: 247192 0x20664E: _ntl_gblock_construct_alloc(_ntl_gbigint_body**, long, long) (lip.cpp:6279)
  n2: 247192 0x228994: NTL::BasicBlockConstruct(NTL::ZZ_p*, long, long) (ZZ.h:1041)
   n0: 150216 0x16C5A0: void NTL::VecStrategy<true>::do_BlockConstruct<NTL::ZZ_p>(NTL::ZZ_p*, long) (in /home/reti/dongHyeon/Function-hiding-IPE/build/bin/p-norm-ipe-test)
   n1: 96976 0x228A36: NTL::BlockConstructFromVec(NTL::ZZ_p*, long, NTL::ZZ_p const*) (vec_ZZ_p.cpp:43)
    n0: 96976 0x16C17C: void NTL::VecStrategy<true>::do_BlockConstructFromVec<NTL::ZZ_p>(NTL::ZZ_p*, long, NTL::ZZ_p const*) (in /home/reti/dongHyeon/Function-hiding-IPE/build/bin/p-norm-ipe-test)
 n0: 24576 0x16B152: NTL::Vec<NTL::ZZ_p>::AllocateTo(long) (in /home/reti/dongHyeon/Function-hiding-IPE/build/bin/p-norm-ipe-test)
 n0: 20224 0x48F4F42: ??? (in /usr/lib/arm-linux-gnueabihf/libstdc++.so.6.0.26)
 n1: 8192 0x493D6C6: std::basic_filebuf<char, std::char_traits<char> >::_M_allocate_internal_buffer() (in /usr/lib/arm-linux-gnueabihf/libstdc++.so.6.0.26)
  n1: 8192 0x493FFE2: std::basic_filebuf<char, std::char_traits<char> >::open(char const*, std::_Ios_Openmode) (in /usr/lib/arm-linux-gnueabihf/libstdc++.so.6.0.26)
   n0: 8192 0x49409EA: std::basic_ifstream<char, std::char_traits<char> >::basic_ifstream(std::__cxx11::basic_string<char, std::char_traits<char>, std::allocator<char> > const&, std::_Ios_Openmode) (in /usr/lib/arm-linux-gnueabihf/libstdc++.so.6.0.26)
 n0: 4089 in 25 places, all below massif's threshold (1.00%)
#-----------
snapshot=13
#-----------
time=107303563
mem_heap_B=335161
mem_heap_extra_B=2583
mem_stacks_B=0
heap_tree=empty
#-----------
snapshot=14
#-----------
time=115615796
mem_heap_B=684601
mem_heap_extra_B=4599
mem_stacks_B=0
heap_tree=peak
n5: 684601 (heap allocation functions) malloc/new/new[], --alloc-fns, etc.
 n1: 592064 0x20664E: _ntl_gblock_construct_alloc(_ntl_gbigint_body**, long, long) (lip.cpp:6279)
  n2: 592064 0x228994: NTL::BasicBlockConstruct(NTL::ZZ_p*, long, long) (ZZ.h:1041)
   n0: 296032 0x16C5A0: void NTL::VecStrategy<true>::do_BlockConstruct<NTL::ZZ_p>(NTL::ZZ_p*, long) (in /home/reti/dongHyeon/Function-hiding-IPE/build/bin/p-norm-ipe-test)
   n1: 296032 0x228A36: NTL::BlockConstructFromVec(NTL::ZZ_p*, long, NTL::ZZ_p const*) (vec_ZZ_p.cpp:43)
    n0: 296032 0x16C17C: void NTL::VecStrategy<true>::do_BlockConstructFromVec<NTL::ZZ_p>(NTL::ZZ_p*, long, NTL::ZZ_p const*) (in /home/reti/dongHyeon/Function-hiding-IPE/build/bin/p-norm-ipe-test)
 n0: 59392 0x16B152: NTL::Vec<NTL::ZZ_p>::AllocateTo(long) (in /home/reti/dongHyeon/Function-hiding-IPE/build/bin/p-norm-ipe-test)
 n0: 20224 0x48F4F42: ??? (in /usr/lib/arm-linux-gnueabihf/libstdc++.so.6.0.26)
 n1: 8192 0x493D6C6: std::basic_filebuf<char, std::char_traits<char> >::_M_allocate_internal_buffer() (in /usr/lib/arm-linux-gnueabihf/libstdc++.so.6.0.26)
  n1: 8192 0x493FFE2: std::basic_filebuf<char, std::char_traits<char> >::open(char const*, std::_Ios_Openmode) (in /usr/lib/arm-linux-gnueabihf/libstdc++.so.6.0.26)
   n0: 8192 0x49409EA: std::basic_ifstream<char, std::char_traits<char> >::basic_ifstream(std::__cxx11::basic_string<char, std::char_traits<char>, std::allocator<char> > const&, std::_Ios_Openmode) (in /usr/lib/arm-linux-gnueabihf/libstdc++.so.6.0.26)
 n0: 4729 in 26 places, all below massif's threshold (1.00%)
#-----------
snapshot=15
#-----------
time=123544990
mem_heap_B=358977
mem_heap_extra_B=3863
mem_stacks_B=0
heap_tree=empty
#-----------
snapshot=16
#-----------
time=129330843
mem_heap_B=377996
mem_heap_extra_B=3916
mem_stacks_B=0
heap_tree=empty
#-----------
snapshot=17
#-----------
time=148233832
mem_heap_B=378000
mem_heap_extra_B=3928
mem_stacks_B=0
heap_tree=empty
#-----------
snapshot=18
#-----------
time=153252693
mem_heap_B=378204
mem_heap_extra_B=3980
mem_stacks_B=0
heap_tree=empty
#-----------
snapshot=19
#-----------
time=162811140
mem_heap_B=378204
mem_heap_extra_B=3980
mem_stacks_B=0
heap_tree=empty
#-----------
snapshot=20
#-----------
time=172640058
mem_heap_B=378204
mem_heap_extra_B=3980
mem_stacks_B=0
heap_tree=empty
#-----------
snapshot=21
#-----------
time=182544488
mem_heap_B=378204
mem_heap_extra_B=3980
mem_stacks_B=0
heap_tree=empty
#-----------
snapshot=22
#-----------
time=190281437
mem_heap_B=378444
mem_heap_extra_B=4060
mem_stacks_B=0
heap_tree=empty
#-----------
snapshot=23
#-----------
time=200082972
mem_heap_B=378444
mem_heap_extra_B=4060
mem_stacks_B=0
heap_tree=empty
#-----------
snapshot=24
#-----------
time=205007381
mem_heap_B=378444
mem_heap_extra_B=4060
mem_stacks_B=0
heap_tree=empty
#-----------
snapshot=25
#-----------
time=214784562
mem_heap_B=378444
mem_heap_extra_B=4060
mem_stacks_B=0
heap_tree=detailed
n6: 378444 (heap allocation functions) malloc/new/new[], --alloc-fns, etc.
 n1: 301136 0x20664E: _ntl_gblock_construct_alloc(_ntl_gbigint_body**, long, long) (lip.cpp:6279)
  n2: 301136 0x228994: NTL::BasicBlockConstruct(NTL::ZZ_p*, long, long) (ZZ.h:1041)
   n1: 298584 0x228A36: NTL::BlockConstructFromVec(NTL::ZZ_p*, long, NTL::ZZ_p const*) (vec_ZZ_p.cpp:43)
    n0: 298584 0x16C17C: void NTL::VecStrategy<true>::do_BlockConstructFromVec<NTL::ZZ_p>(NTL::ZZ_p*, long, NTL::ZZ_p const*) (in /home/reti/dongHyeon/Function-hiding-IPE/build/bin/p-norm-ipe-test)
   n0: 2552 in 1 place, below massif's threshold (1.00%)
 n0: 30208 0x16B152: NTL::Vec<NTL::ZZ_p>::AllocateTo(long) (in /home/reti/dongHyeon/Function-hiding-IPE/build/bin/p-norm-ipe-test)
 n0: 20224 0x48F4F42: ??? (in /usr/lib/arm-linux-gnueabihf/libstdc++.so.6.0.26)
 n0: 16704 0x16AEC4: mcl::Array<mcl::EcT<mcl::Fp2T<mcl::FpT<mcl::bn::local::FpTag, 384u> > > >::resize(unsigned int) (in /home/reti/dongHyeon/Function-hiding-IPE/build/bin/p-norm-ipe-test)
 n0: 6340 in 52 places, all below massif's threshold (1.00%)
 n0: 3832 0x24B84C: __gmp_default_reallocate (in /home/reti/dongHyeon/Function-hiding-IPE/build/bin/p-norm-ipe-test)
#-----------
snapshot=26
#-----------
time=224482323
mem_heap_B=378444
mem_heap_extra_B=4060
mem_stacks_B=0
heap_tree=empty
#-----------
snapshot=27
#-----------
time=233819999
mem_heap_B=378444
mem_heap_extra_B=4060
mem_stacks_B=0
heap_tree=empty
#-----------
snapshot=28
#-----------
time=243551689
mem_heap_B=378444
mem_heap_extra_B=4060
mem_stacks_B=0
heap_tree=empty
#-----------
snapshot=29
#-----------
time=248625685
mem_heap_B=378444
mem_heap_extra_B=4060
mem_stacks_B=0
heap_tree=empty
#-----------
snapshot=30
#-----------
time=258182014
mem_heap_B=378444
mem_heap_extra_B=4060
mem_stacks_B=0
heap_tree=empty
#-----------
snapshot=31
#-----------
time=265784631
mem_heap_B=378444
mem_heap_extra_B=4060
mem_stacks_B=0
heap_tree=empty
#-----------
snapshot=32
#-----------
time=270668017
mem_heap_B=378444
mem_heap_extra_B=4060
mem_stacks_B=0
heap_tree=empty
#-----------
snapshot=33
#-----------
time=280434730
mem_heap_B=378444
mem_heap_extra_B=4060
mem_stacks_B=0
heap_tree=empty
#-----------
snapshot=34
#-----------
time=289745050
mem_heap_B=378684
mem_heap_extra_B=4132
mem_stacks_B=0
heap_tree=empty
#-----------
snapshot=35
#-----------
time=294708147
mem_heap_B=378684
mem_heap_extra_B=4132
mem_stacks_B=0
heap_tree=empty
#-----------
snapshot=36
#-----------
time=304354355
mem_heap_B=378684
mem_heap_extra_B=4132
mem_stacks_B=0
heap_tree=empty
#-----------
snapshot=37
#-----------
time=314295448
mem_heap_B=378684
mem_heap_extra_B=4132
mem_stacks_B=0
heap_tree=empty
#-----------
snapshot=38
#-----------
time=324267008
mem_heap_B=378684
mem_heap_extra_B=4132
mem_stacks_B=0
heap_tree=empty
#-----------
snapshot=39
#-----------
time=333911275
mem_heap_B=378684
mem_heap_extra_B=4132
mem_stacks_B=0
heap_tree=empty
#-----------
snapshot=40
#-----------
time=338811191
mem_heap_B=378684
mem_heap_extra_B=4132
mem_stacks_B=0
heap_tree=empty
#-----------
snapshot=41
#-----------
time=348537837
mem_heap_B=378684
mem_heap_extra_B=4132
mem_stacks_B=0
heap_tree=empty
#-----------
snapshot=42
#-----------
time=353476686
mem_heap_B=378684
mem_heap_extra_B=4132
mem_stacks_B=0
heap_tree=empty
#-----------
snapshot=43
#-----------
time=361402490
mem_heap_B=378444
mem_heap_extra_B=4060
mem_stacks_B=0
heap_tree=empty
#-----------
snapshot=44
#-----------
time=371007241
mem_heap_B=378444
mem_heap_extra_B=4060
mem_stacks_B=0
heap_tree=empty
#-----------
snapshot=45
#-----------
time=375919428
mem_heap_B=378444
mem_heap_extra_B=4060
mem_stacks_B=0
heap_tree=empty
#-----------
snapshot=46
#-----------
time=382410361
mem_heap_B=378444
mem_heap_extra_B=4060
mem_stacks_B=0
heap_tree=empty
#-----------
snapshot=47
#-----------
time=387238897
mem_heap_B=378444
mem_heap_extra_B=4060
mem_stacks_B=0
heap_tree=empty
#-----------
snapshot=48
#-----------
time=396786524
mem_heap_B=378444
mem_heap_extra_B=4060
mem_stacks_B=0
heap_tree=empty
#-----------
snapshot=49
#-----------
time=401800438
mem_heap_B=378444
mem_heap_extra_B=4060
mem_stacks_B=0
heap_tree=empty
#-----------
snapshot=50
#-----------
time=406698376
mem_heap_B=378444
mem_heap_extra_B=4060
mem_stacks_B=0
heap_tree=detailed
n6: 378444 (heap allocation functions) malloc/new/new[], --alloc-fns, etc.
 n1: 301136 0x20664E: _ntl_gblock_construct_alloc(_ntl_gbigint_body**, long, long) (lip.cpp:6279)
  n2: 301136 0x228994: NTL::BasicBlockConstruct(NTL::ZZ_p*, long, long) (ZZ.h:1041)
   n1: 298584 0x228A36: NTL::BlockConstructFromVec(NTL::ZZ_p*, long, NTL::ZZ_p const*) (vec_ZZ_p.cpp:43)
    n0: 298584 0x16C17C: void NTL::VecStrategy<true>::do_BlockConstructFromVec<NTL::ZZ_p>(NTL::ZZ_p*, long, NTL::ZZ_p const*) (in /home/reti/dongHyeon/Function-hiding-IPE/build/bin/p-norm-ipe-test)
   n0: 2552 in 1 place, below massif's threshold (1.00%)
 n0: 30208 0x16B152: NTL::Vec<NTL::ZZ_p>::AllocateTo(long) (in /home/reti/dongHyeon/Function-hiding-IPE/build/bin/p-norm-ipe-test)
 n0: 20224 0x48F4F42: ??? (in /usr/lib/arm-linux-gnueabihf/libstdc++.so.6.0.26)
 n0: 16704 0x16AEC4: mcl::Array<mcl::EcT<mcl::Fp2T<mcl::FpT<mcl::bn::local::FpTag, 384u> > > >::resize(unsigned int) (in /home/reti/dongHyeon/Function-hiding-IPE/build/bin/p-norm-ipe-test)
 n0: 6340 in 52 places, all below massif's threshold (1.00%)
 n0: 3832 0x24B84C: __gmp_default_reallocate (in /home/reti/dongHyeon/Function-hiding-IPE/build/bin/p-norm-ipe-test)
#-----------
snapshot=51
#-----------
time=411567697
mem_heap_B=378304
mem_heap_extra_B=4024
mem_stacks_B=0
heap_tree=empty
#-----------
snapshot=52
#-----------
time=419554114
mem_heap_B=378204
mem_heap_extra_B=3988
mem_stacks_B=0
heap_tree=empty
#-----------
snapshot=53
#-----------
time=424384924
mem_heap_B=378252
mem_heap_extra_B=4012
mem_stacks_B=0
heap_tree=empty
#-----------
snapshot=54
#-----------
time=429213724
mem_heap_B=378352
mem_heap_extra_B=4040
mem_stacks_B=0
heap_tree=empty
#-----------
snapshot=55
#-----------
time=434112009
mem_heap_B=378204
mem_heap_extra_B=3980
mem_stacks_B=0
heap_tree=empty
#-----------
snapshot=56
#-----------
time=439272783
mem_heap_B=378204
mem_heap_extra_B=3980
mem_stacks_B=0
heap_tree=empty
#-----------
snapshot=57
#-----------
time=444674041
mem_heap_B=394700
mem_heap_extra_B=3924
mem_stacks_B=0
heap_tree=empty
