desc: --massif-out-file=encrypt/memory-128-10-2.log
cmd: ./p-norm-ipe-test encrypt 128 10 2
time_unit: i
#-----------
snapshot=0
#-----------
time=0
mem_heap_B=0
mem_heap_extra_B=0
mem_stacks_B=0
heap_tree=empty
#-----------
snapshot=1
#-----------
time=25930608
mem_heap_B=51329
mem_heap_extra_B=903
mem_stacks_B=0
heap_tree=empty
#-----------
snapshot=2
#-----------
time=42575158
mem_heap_B=110097
mem_heap_extra_B=1055
mem_stacks_B=0
heap_tree=empty
#-----------
snapshot=3
#-----------
time=53223098
mem_heap_B=147681
mem_heap_extra_B=1151
mem_stacks_B=0
heap_tree=empty
#-----------
snapshot=4
#-----------
time=69185618
mem_heap_B=204057
mem_heap_extra_B=1295
mem_stacks_B=0
heap_tree=empty
#-----------
snapshot=5
#-----------
time=80927015
mem_heap_B=252513
mem_heap_extra_B=1423
mem_stacks_B=0
heap_tree=detailed
n5: 252513 (heap allocation functions) malloc/new/new[], --alloc-fns, etc.
 n1: 201080 0x20664E: _ntl_gblock_construct_alloc(_ntl_gbigint_body**, long, long) (lip.cpp:6279)
  n2: 201080 0x228994: NTL::BasicBlockConstruct(NTL::ZZ_p*, long, long) (ZZ.h:1041)
   n1: 194480 0x228A36: NTL::BlockConstructFromVec(NTL::ZZ_p*, long, NTL::ZZ_p const*) (vec_ZZ_p.cpp:43)
    n0: 194480 0x16C17C: void NTL::VecStrategy<true>::do_BlockConstructFromVec<NTL::ZZ_p>(NTL::ZZ_p*, long, NTL::ZZ_p const*) (in /home/reti/dongHyeon/Function-hiding-IPE/build/bin/p-norm-ipe-test)
   n0: 6600 0x16C5A0: void NTL::VecStrategy<true>::do_BlockConstruct<NTL::ZZ_p>(NTL::ZZ_p*, long) (in /home/reti/dongHyeon/Function-hiding-IPE/build/bin/p-norm-ipe-test)
 n0: 20224 0x48F4F42: ??? (in /usr/lib/arm-linux-gnueabihf/libstdc++.so.6.0.26)
 n0: 18496 0x16B152: NTL::Vec<NTL::ZZ_p>::AllocateTo(long) (in /home/reti/dongHyeon/Function-hiding-IPE/build/bin/p-norm-ipe-test)
 n1: 8192 0x493D6C6: std::basic_filebuf<char, std::char_traits<char> >::_M_allocate_internal_buffer() (in /usr/lib/arm-linux-gnueabihf/libstdc++.so.6.0.26)
  n1: 8192 0x493FFE2: std::basic_filebuf<char, std::char_traits<char> >::open(char const*, std::_Ios_Openmode) (in /usr/lib/arm-linux-gnueabihf/libstdc++.so.6.0.26)
   n0: 8192 0x49409EA: std::basic_ifstream<char, std::char_traits<char> >::basic_ifstream(std::__cxx11::basic_string<char, std::char_traits<char>, std::allocator<char> > const&, std::_Ios_Openmode) (in /usr/lib/arm-linux-gnueabihf/libstdc++.so.6.0.26)
 n0: 4521 in 24 places, all below massif's threshold (1.00%)
#-----------
snapshot=6
#-----------
time=103992805
mem_heap_B=333945
mem_heap_extra_B=1631
mem_stacks_B=0
heap_tree=detailed
n5: 333945 (heap allocation functions) malloc/new/new[], --alloc-fns, etc.
 n1: 275440 0x20664E: _ntl_gblock_construct_alloc(_ntl_gbigint_body**, long, long) (lip.cpp:6279)
  n2: 275440 0x228994: NTL::BasicBlockConstruct(NTL::ZZ_p*, long, long) (ZZ.h:1041)
   n1: 268840 0x228A36: NTL::BlockConstructFromVec(NTL::ZZ_p*, long, NTL::ZZ_p const*) (vec_ZZ_p.cpp:43)
    n0: 268840 0x16C17C: void NTL::VecStrategy<true>::do_BlockConstructFromVec<NTL::ZZ_p>(NTL::ZZ_p*, long, NTL::ZZ_p const*) (in /home/reti/dongHyeon/Function-hiding-IPE/build/bin/p-norm-ipe-test)
   n0: 6600 0x16C5A0: void NTL::VecStrategy<true>::do_BlockConstruct<NTL::ZZ_p>(NTL::ZZ_p*, long) (in /home/reti/dongHyeon/Function-hiding-IPE/build/bin/p-norm-ipe-test)
 n0: 25568 0x16B152: NTL::Vec<NTL::ZZ_p>::AllocateTo(long) (in /home/reti/dongHyeon/Function-hiding-IPE/build/bin/p-norm-ipe-test)
 n0: 20224 0x48F4F42: ??? (in /usr/lib/arm-linux-gnueabihf/libstdc++.so.6.0.26)
 n1: 8192 0x493D6C6: std::basic_filebuf<char, std::char_traits<char> >::_M_allocate_internal_buffer() (in /usr/lib/arm-linux-gnueabihf/libstdc++.so.6.0.26)
  n1: 8192 0x493FFE2: std::basic_filebuf<char, std::char_traits<char> >::open(char const*, std::_Ios_Openmode) (in /usr/lib/arm-linux-gnueabihf/libstdc++.so.6.0.26)
   n0: 8192 0x49409EA: std::basic_ifstream<char, std::char_traits<char> >::basic_ifstream(std::__cxx11::basic_string<char, std::char_traits<char>, std::allocator<char> > const&, std::_Ios_Openmode) (in /usr/lib/arm-linux-gnueabihf/libstdc++.so.6.0.26)
 n0: 4521 in 24 places, all below massif's threshold (1.00%)
#-----------
snapshot=7
#-----------
time=122416005
mem_heap_B=392169
mem_heap_extra_B=1775
mem_stacks_B=0
heap_tree=empty
#-----------
snapshot=8
#-----------
time=141260086
mem_heap_B=465681
mem_heap_extra_B=1967
mem_stacks_B=0
heap_tree=detailed
n5: 465681 (heap allocation functions) malloc/new/new[], --alloc-fns, etc.
 n1: 395560 0x20664E: _ntl_gblock_construct_alloc(_ntl_gbigint_body**, long, long) (lip.cpp:6279)
  n2: 395560 0x228994: NTL::BasicBlockConstruct(NTL::ZZ_p*, long, long) (ZZ.h:1041)
   n1: 388960 0x228A36: NTL::BlockConstructFromVec(NTL::ZZ_p*, long, NTL::ZZ_p const*) (vec_ZZ_p.cpp:43)
    n0: 388960 0x16C17C: void NTL::VecStrategy<true>::do_BlockConstructFromVec<NTL::ZZ_p>(NTL::ZZ_p*, long, NTL::ZZ_p const*) (in /home/reti/dongHyeon/Function-hiding-IPE/build/bin/p-norm-ipe-test)
   n0: 6600 0x16C5A0: void NTL::VecStrategy<true>::do_BlockConstruct<NTL::ZZ_p>(NTL::ZZ_p*, long) (in /home/reti/dongHyeon/Function-hiding-IPE/build/bin/p-norm-ipe-test)
 n0: 36992 0x16B152: NTL::Vec<NTL::ZZ_p>::AllocateTo(long) (in /home/reti/dongHyeon/Function-hiding-IPE/build/bin/p-norm-ipe-test)
 n0: 20224 0x48F4F42: ??? (in /usr/lib/arm-linux-gnueabihf/libstdc++.so.6.0.26)
 n1: 8192 0x493D6C6: std::basic_filebuf<char, std::char_traits<char> >::_M_allocate_internal_buffer() (in /usr/lib/arm-linux-gnueabihf/libstdc++.so.6.0.26)
  n1: 8192 0x493FFE2: std::basic_filebuf<char, std::char_traits<char> >::open(char const*, std::_Ios_Openmode) (in /usr/lib/arm-linux-gnueabihf/libstdc++.so.6.0.26)
   n0: 8192 0x49409EA: std::basic_ifstream<char, std::char_traits<char> >::basic_ifstream(std::__cxx11::basic_string<char, std::char_traits<char>, std::allocator<char> > const&, std::_Ios_Openmode) (in /usr/lib/arm-linux-gnueabihf/libstdc++.so.6.0.26)
 n0: 4713 in 25 places, all below massif's threshold (1.00%)
#-----------
snapshot=9
#-----------
time=164999870
mem_heap_B=542505
mem_heap_extra_B=2159
mem_stacks_B=0
heap_tree=empty
#-----------
snapshot=10
#-----------
time=188739670
mem_heap_B=626345
mem_heap_extra_B=2375
mem_stacks_B=0
heap_tree=empty
#-----------
snapshot=11
#-----------
time=208679077
mem_heap_B=703921
mem_heap_extra_B=2575
mem_stacks_B=0
heap_tree=detailed
n5: 703921 (heap allocation functions) malloc/new/new[], --alloc-fns, etc.
 n1: 612920 0x20664E: _ntl_gblock_construct_alloc(_ntl_gbigint_body**, long, long) (lip.cpp:6279)
  n2: 612920 0x228994: NTL::BasicBlockConstruct(NTL::ZZ_p*, long, long) (ZZ.h:1041)
   n1: 606320 0x228A36: NTL::BlockConstructFromVec(NTL::ZZ_p*, long, NTL::ZZ_p const*) (vec_ZZ_p.cpp:43)
    n0: 606320 0x16C17C: void NTL::VecStrategy<true>::do_BlockConstructFromVec<NTL::ZZ_p>(NTL::ZZ_p*, long, NTL::ZZ_p const*) (in /home/reti/dongHyeon/Function-hiding-IPE/build/bin/p-norm-ipe-test)
   n0: 6600 in 1 place, below massif's threshold (1.00%)
 n0: 57664 0x16B152: NTL::Vec<NTL::ZZ_p>::AllocateTo(long) (in /home/reti/dongHyeon/Function-hiding-IPE/build/bin/p-norm-ipe-test)
 n0: 20224 0x48F4F42: ??? (in /usr/lib/arm-linux-gnueabihf/libstdc++.so.6.0.26)
 n1: 8192 0x493D6C6: std::basic_filebuf<char, std::char_traits<char> >::_M_allocate_internal_buffer() (in /usr/lib/arm-linux-gnueabihf/libstdc++.so.6.0.26)
  n1: 8192 0x493FFE2: std::basic_filebuf<char, std::char_traits<char> >::open(char const*, std::_Ios_Openmode) (in /usr/lib/arm-linux-gnueabihf/libstdc++.so.6.0.26)
   n0: 8192 0x49409EA: std::basic_ifstream<char, std::char_traits<char> >::basic_ifstream(std::__cxx11::basic_string<char, std::char_traits<char>, std::allocator<char> > const&, std::_Ios_Openmode) (in /usr/lib/arm-linux-gnueabihf/libstdc++.so.6.0.26)
 n0: 4921 in 25 places, all below massif's threshold (1.00%)
#-----------
snapshot=12
#-----------
time=231327048
mem_heap_B=776889
mem_heap_extra_B=2759
mem_stacks_B=0
heap_tree=empty
#-----------
snapshot=13
#-----------
time=245522324
mem_heap_B=827001
mem_heap_extra_B=2887
mem_stacks_B=0
heap_tree=empty
#-----------
snapshot=14
#-----------
time=265834373
mem_heap_B=881113
mem_heap_extra_B=3031
mem_stacks_B=0
heap_tree=empty
#-----------
snapshot=15
#-----------
time=285349969
mem_heap_B=950017
mem_heap_extra_B=3207
mem_stacks_B=0
heap_tree=empty
#-----------
snapshot=16
#-----------
time=305547374
mem_heap_B=1021329
mem_heap_extra_B=3399
mem_stacks_B=0
heap_tree=empty
#-----------
snapshot=17
#-----------
time=317962247
mem_heap_B=1065177
mem_heap_extra_B=3511
mem_stacks_B=0
heap_tree=empty
#-----------
snapshot=18
#-----------
time=343893293
mem_heap_B=1156729
mem_heap_extra_B=3735
mem_stacks_B=0
heap_tree=empty
#-----------
snapshot=19
#-----------
time=362313393
mem_heap_B=1221969
mem_heap_extra_B=3911
mem_stacks_B=0
heap_tree=empty
#-----------
snapshot=20
#-----------
time=383610878
mem_heap_B=1297137
mem_heap_extra_B=4103
mem_stacks_B=0
heap_tree=empty
#-----------
snapshot=21
#-----------
time=396028348
mem_heap_B=1340985
mem_heap_extra_B=4215
mem_stacks_B=0
heap_tree=empty
#-----------
snapshot=22
#-----------
time=416650319
mem_heap_B=1413745
mem_heap_extra_B=4391
mem_stacks_B=0
heap_tree=empty
#-----------
snapshot=23
#-----------
time=437941902
mem_heap_B=1491321
mem_heap_extra_B=4591
mem_stacks_B=0
heap_tree=empty
#-----------
snapshot=24
#-----------
time=453912108
mem_heap_B=1545497
mem_heap_extra_B=4727
mem_stacks_B=0
heap_tree=empty
#-----------
snapshot=25
#-----------
time=478750492
mem_heap_B=1633193
mem_heap_extra_B=4951
mem_stacks_B=0
heap_tree=empty
#-----------
snapshot=26
#-----------
time=495519806
mem_heap_B=3292057
mem_heap_extra_B=9207
mem_stacks_B=0
heap_tree=peak
n3: 3292057 (heap allocation functions) malloc/new/new[], --alloc-fns, etc.
 n1: 2974400 0x20664E: _ntl_gblock_construct_alloc(_ntl_gbigint_body**, long, long) (lip.cpp:6279)
  n2: 2974400 0x228994: NTL::BasicBlockConstruct(NTL::ZZ_p*, long, long) (ZZ.h:1041)
   n0: 1487200 0x16C5A0: void NTL::VecStrategy<true>::do_BlockConstruct<NTL::ZZ_p>(NTL::ZZ_p*, long) (in /home/reti/dongHyeon/Function-hiding-IPE/build/bin/p-norm-ipe-test)
   n1: 1487200 0x228A36: NTL::BlockConstructFromVec(NTL::ZZ_p*, long, NTL::ZZ_p const*) (vec_ZZ_p.cpp:43)
    n0: 1487200 0x16C17C: void NTL::VecStrategy<true>::do_BlockConstructFromVec<NTL::ZZ_p>(NTL::ZZ_p*, long, NTL::ZZ_p const*) (in /home/reti/dongHyeon/Function-hiding-IPE/build/bin/p-norm-ipe-test)
 n0: 282880 0x16B152: NTL::Vec<NTL::ZZ_p>::AllocateTo(long) (in /home/reti/dongHyeon/Function-hiding-IPE/build/bin/p-norm-ipe-test)
 n0: 34777 in 28 places, all below massif's threshold (1.00%)
#-----------
snapshot=27
#-----------
time=518155726
mem_heap_B=1713045
mem_heap_extra_B=7195
mem_stacks_B=0
heap_tree=empty
#-----------
snapshot=28
#-----------
time=537058727
mem_heap_B=1713049
mem_heap_extra_B=7207
mem_stacks_B=0
heap_tree=empty
#-----------
snapshot=29
#-----------
time=556998722
mem_heap_B=1713253
mem_heap_extra_B=7259
mem_stacks_B=0
heap_tree=empty
#-----------
snapshot=30
#-----------
time=576746105
mem_heap_B=1713253
mem_heap_extra_B=7259
mem_stacks_B=0
heap_tree=empty
#-----------
snapshot=31
#-----------
time=593983721
mem_heap_B=1713289
mem_heap_extra_B=7279
mem_stacks_B=0
heap_tree=empty
#-----------
snapshot=32
#-----------
time=603927316
mem_heap_B=1713493
mem_heap_extra_B=7331
mem_stacks_B=0
heap_tree=detailed
n5: 1713493 (heap allocation functions) malloc/new/new[], --alloc-fns, etc.
 n1: 1498640 0x20664E: _ntl_gblock_construct_alloc(_ntl_gbigint_body**, long, long) (lip.cpp:6279)
  n2: 1498640 0x228994: NTL::BasicBlockConstruct(NTL::ZZ_p*, long, long) (ZZ.h:1041)
   n1: 1492920 0x228A36: NTL::BlockConstructFromVec(NTL::ZZ_p*, long, NTL::ZZ_p const*) (vec_ZZ_p.cpp:43)
    n0: 1492920 0x16C17C: void NTL::VecStrategy<true>::do_BlockConstructFromVec<NTL::ZZ_p>(NTL::ZZ_p*, long, NTL::ZZ_p const*) (in /home/reti/dongHyeon/Function-hiding-IPE/build/bin/p-norm-ipe-test)
   n0: 5720 in 1 place, below massif's threshold (1.00%)
 n0: 142528 0x16B152: NTL::Vec<NTL::ZZ_p>::AllocateTo(long) (in /home/reti/dongHyeon/Function-hiding-IPE/build/bin/p-norm-ipe-test)
 n0: 37440 0x16AEC4: mcl::Array<mcl::EcT<mcl::Fp2T<mcl::FpT<mcl::bn::local::FpTag, 384u> > > >::resize(unsigned int) (in /home/reti/dongHyeon/Function-hiding-IPE/build/bin/p-norm-ipe-test)
 n0: 20224 0x48F4F42: ??? (in /usr/lib/arm-linux-gnueabihf/libstdc++.so.6.0.26)
 n0: 14661 in 53 places, all below massif's threshold (1.00%)
#-----------
snapshot=33
#-----------
time=623455066
mem_heap_B=1713493
mem_heap_extra_B=7331
mem_stacks_B=0
heap_tree=empty
#-----------
snapshot=34
#-----------
time=643039795
mem_heap_B=1713493
mem_heap_extra_B=7331
mem_stacks_B=0
heap_tree=empty
#-----------
snapshot=35
#-----------
time=661020611
mem_heap_B=1713733
mem_heap_extra_B=7403
mem_stacks_B=0
heap_tree=empty
#-----------
snapshot=36
#-----------
time=680423304
mem_heap_B=1713733
mem_heap_extra_B=7403
mem_stacks_B=0
heap_tree=empty
#-----------
snapshot=37
#-----------
time=699918833
mem_heap_B=1713733
mem_heap_extra_B=7403
mem_stacks_B=0
heap_tree=detailed
n5: 1713733 (heap allocation functions) malloc/new/new[], --alloc-fns, etc.
 n1: 1498640 0x20664E: _ntl_gblock_construct_alloc(_ntl_gbigint_body**, long, long) (lip.cpp:6279)
  n2: 1498640 0x228994: NTL::BasicBlockConstruct(NTL::ZZ_p*, long, long) (ZZ.h:1041)
   n1: 1492920 0x228A36: NTL::BlockConstructFromVec(NTL::ZZ_p*, long, NTL::ZZ_p const*) (vec_ZZ_p.cpp:43)
    n0: 1492920 0x16C17C: void NTL::VecStrategy<true>::do_BlockConstructFromVec<NTL::ZZ_p>(NTL::ZZ_p*, long, NTL::ZZ_p const*) (in /home/reti/dongHyeon/Function-hiding-IPE/build/bin/p-norm-ipe-test)
   n0: 5720 in 1 place, below massif's threshold (1.00%)
 n0: 142528 0x16B152: NTL::Vec<NTL::ZZ_p>::AllocateTo(long) (in /home/reti/dongHyeon/Function-hiding-IPE/build/bin/p-norm-ipe-test)
 n0: 37440 0x16AEC4: mcl::Array<mcl::EcT<mcl::Fp2T<mcl::FpT<mcl::bn::local::FpTag, 384u> > > >::resize(unsigned int) (in /home/reti/dongHyeon/Function-hiding-IPE/build/bin/p-norm-ipe-test)
 n0: 20224 0x48F4F42: ??? (in /usr/lib/arm-linux-gnueabihf/libstdc++.so.6.0.26)
 n0: 14901 in 53 places, all below massif's threshold (1.00%)
#-----------
snapshot=38
#-----------
time=719307558
mem_heap_B=1713733
mem_heap_extra_B=7403
mem_stacks_B=0
heap_tree=empty
#-----------
snapshot=39
#-----------
time=738585007
mem_heap_B=1713733
mem_heap_extra_B=7403
mem_stacks_B=0
heap_tree=empty
#-----------
snapshot=40
#-----------
time=758119407
mem_heap_B=1713733
mem_heap_extra_B=7403
mem_stacks_B=0
heap_tree=empty
#-----------
snapshot=41
#-----------
time=768244303
mem_heap_B=1713733
mem_heap_extra_B=7403
mem_stacks_B=0
heap_tree=empty
#-----------
snapshot=42
#-----------
time=787857919
mem_heap_B=1713733
mem_heap_extra_B=7403
mem_stacks_B=0
heap_tree=empty
#-----------
snapshot=43
#-----------
time=797749060
mem_heap_B=1713733
mem_heap_extra_B=7403
mem_stacks_B=0
heap_tree=detailed
n5: 1713733 (heap allocation functions) malloc/new/new[], --alloc-fns, etc.
 n1: 1498640 0x20664E: _ntl_gblock_construct_alloc(_ntl_gbigint_body**, long, long) (lip.cpp:6279)
  n2: 1498640 0x228994: NTL::BasicBlockConstruct(NTL::ZZ_p*, long, long) (ZZ.h:1041)
   n1: 1492920 0x228A36: NTL::BlockConstructFromVec(NTL::ZZ_p*, long, NTL::ZZ_p const*) (vec_ZZ_p.cpp:43)
    n0: 1492920 0x16C17C: void NTL::VecStrategy<true>::do_BlockConstructFromVec<NTL::ZZ_p>(NTL::ZZ_p*, long, NTL::ZZ_p const*) (in /home/reti/dongHyeon/Function-hiding-IPE/build/bin/p-norm-ipe-test)
   n0: 5720 in 1 place, below massif's threshold (1.00%)
 n0: 142528 0x16B152: NTL::Vec<NTL::ZZ_p>::AllocateTo(long) (in /home/reti/dongHyeon/Function-hiding-IPE/build/bin/p-norm-ipe-test)
 n0: 37440 0x16AEC4: mcl::Array<mcl::EcT<mcl::Fp2T<mcl::FpT<mcl::bn::local::FpTag, 384u> > > >::resize(unsigned int) (in /home/reti/dongHyeon/Function-hiding-IPE/build/bin/p-norm-ipe-test)
 n0: 20224 0x48F4F42: ??? (in /usr/lib/arm-linux-gnueabihf/libstdc++.so.6.0.26)
 n0: 14901 in 53 places, all below massif's threshold (1.00%)
#-----------
snapshot=44
#-----------
time=817174194
mem_heap_B=1713733
mem_heap_extra_B=7403
mem_stacks_B=0
heap_tree=empty
#-----------
snapshot=45
#-----------
time=836905610
mem_heap_B=1713733
mem_heap_extra_B=7403
mem_stacks_B=0
heap_tree=empty
#-----------
snapshot=46
#-----------
time=856752888
mem_heap_B=1713733
mem_heap_extra_B=7403
mem_stacks_B=0
heap_tree=empty
#-----------
snapshot=47
#-----------
time=875170814
mem_heap_B=1713973
mem_heap_extra_B=7475
mem_stacks_B=0
heap_tree=empty
#-----------
snapshot=48
#-----------
time=894732193
mem_heap_B=1713973
mem_heap_extra_B=7475
mem_stacks_B=0
heap_tree=detailed
n5: 1713973 (heap allocation functions) malloc/new/new[], --alloc-fns, etc.
 n1: 1498640 0x20664E: _ntl_gblock_construct_alloc(_ntl_gbigint_body**, long, long) (lip.cpp:6279)
  n2: 1498640 0x228994: NTL::BasicBlockConstruct(NTL::ZZ_p*, long, long) (ZZ.h:1041)
   n1: 1492920 0x228A36: NTL::BlockConstructFromVec(NTL::ZZ_p*, long, NTL::ZZ_p const*) (vec_ZZ_p.cpp:43)
    n0: 1492920 0x16C17C: void NTL::VecStrategy<true>::do_BlockConstructFromVec<NTL::ZZ_p>(NTL::ZZ_p*, long, NTL::ZZ_p const*) (in /home/reti/dongHyeon/Function-hiding-IPE/build/bin/p-norm-ipe-test)
   n0: 5720 in 1 place, below massif's threshold (1.00%)
 n0: 142528 0x16B152: NTL::Vec<NTL::ZZ_p>::AllocateTo(long) (in /home/reti/dongHyeon/Function-hiding-IPE/build/bin/p-norm-ipe-test)
 n0: 37440 0x16AEC4: mcl::Array<mcl::EcT<mcl::Fp2T<mcl::FpT<mcl::bn::local::FpTag, 384u> > > >::resize(unsigned int) (in /home/reti/dongHyeon/Function-hiding-IPE/build/bin/p-norm-ipe-test)
 n0: 20224 0x48F4F42: ??? (in /usr/lib/arm-linux-gnueabihf/libstdc++.so.6.0.26)
 n0: 15141 in 53 places, all below massif's threshold (1.00%)
#-----------
snapshot=49
#-----------
time=913793387
mem_heap_B=1713973
mem_heap_extra_B=7475
mem_stacks_B=0
heap_tree=empty
#-----------
snapshot=50
#-----------
time=926210995
mem_heap_B=1713973
mem_heap_extra_B=7475
mem_stacks_B=0
heap_tree=empty
#-----------
snapshot=51
#-----------
time=936102720
mem_heap_B=1713989
mem_heap_extra_B=7515
mem_stacks_B=0
heap_tree=empty
#-----------
snapshot=52
#-----------
time=946049465
mem_heap_B=1713973
mem_heap_extra_B=7475
mem_stacks_B=0
heap_tree=empty
#-----------
snapshot=53
#-----------
time=955974738
mem_heap_B=1713973
mem_heap_extra_B=7475
mem_stacks_B=0
heap_tree=empty
#-----------
snapshot=54
#-----------
time=969650397
mem_heap_B=1713733
mem_heap_extra_B=7403
mem_stacks_B=0
heap_tree=empty
#-----------
snapshot=55
#-----------
time=979780662
mem_heap_B=1713493
mem_heap_extra_B=7331
mem_stacks_B=0
heap_tree=empty
#-----------
snapshot=56
#-----------
time=989671813
mem_heap_B=1713665
mem_heap_extra_B=7399
mem_stacks_B=0
heap_tree=empty
#-----------
snapshot=57
#-----------
time=1004282816
mem_heap_B=1713493
mem_heap_extra_B=7331
mem_stacks_B=0
heap_tree=detailed
n5: 1713493 (heap allocation functions) malloc/new/new[], --alloc-fns, etc.
 n1: 1498640 0x20664E: _ntl_gblock_construct_alloc(_ntl_gbigint_body**, long, long) (lip.cpp:6279)
  n2: 1498640 0x228994: NTL::BasicBlockConstruct(NTL::ZZ_p*, long, long) (ZZ.h:1041)
   n1: 1492920 0x228A36: NTL::BlockConstructFromVec(NTL::ZZ_p*, long, NTL::ZZ_p const*) (vec_ZZ_p.cpp:43)
    n0: 1492920 0x16C17C: void NTL::VecStrategy<true>::do_BlockConstructFromVec<NTL::ZZ_p>(NTL::ZZ_p*, long, NTL::ZZ_p const*) (in /home/reti/dongHyeon/Function-hiding-IPE/build/bin/p-norm-ipe-test)
   n0: 5720 in 1 place, below massif's threshold (1.00%)
 n0: 142528 0x16B152: NTL::Vec<NTL::ZZ_p>::AllocateTo(long) (in /home/reti/dongHyeon/Function-hiding-IPE/build/bin/p-norm-ipe-test)
 n0: 37440 0x16AEC4: mcl::Array<mcl::EcT<mcl::Fp2T<mcl::FpT<mcl::bn::local::FpTag, 384u> > > >::resize(unsigned int) (in /home/reti/dongHyeon/Function-hiding-IPE/build/bin/p-norm-ipe-test)
 n0: 20224 0x48F4F42: ??? (in /usr/lib/arm-linux-gnueabihf/libstdc++.so.6.0.26)
 n0: 14661 in 53 places, all below massif's threshold (1.00%)
#-----------
snapshot=58
#-----------
time=1018870416
mem_heap_B=1713493
mem_heap_extra_B=7331
mem_stacks_B=0
heap_tree=empty
#-----------
snapshot=59
#-----------
time=1033537830
mem_heap_B=1713493
mem_heap_extra_B=7331
mem_stacks_B=0
heap_tree=empty
#-----------
snapshot=60
#-----------
time=1048005957
mem_heap_B=1713493
mem_heap_extra_B=7331
mem_stacks_B=0
heap_tree=empty
#-----------
snapshot=61
#-----------
time=1062711823
mem_heap_B=1713493
mem_heap_extra_B=7331
mem_stacks_B=0
heap_tree=empty
#-----------
snapshot=62
#-----------
time=1077144720
mem_heap_B=1713493
mem_heap_extra_B=7331
mem_stacks_B=0
heap_tree=empty
#-----------
snapshot=63
#-----------
time=1088070841
mem_heap_B=1713253
mem_heap_extra_B=7259
mem_stacks_B=0
heap_tree=empty
#-----------
snapshot=64
#-----------
time=1102845254
mem_heap_B=1713253
mem_heap_extra_B=7259
mem_stacks_B=0
heap_tree=empty
#-----------
snapshot=65
#-----------
time=1112876799
mem_heap_B=1713253
mem_heap_extra_B=7259
mem_stacks_B=0
heap_tree=empty
#-----------
snapshot=66
#-----------
time=1122810899
mem_heap_B=1713113
mem_heap_extra_B=7223
mem_stacks_B=0
heap_tree=empty
#-----------
snapshot=67
#-----------
time=1137145195
mem_heap_B=1713253
mem_heap_extra_B=7259
mem_stacks_B=0
heap_tree=detailed
n5: 1713253 (heap allocation functions) malloc/new/new[], --alloc-fns, etc.
 n1: 1498640 0x20664E: _ntl_gblock_construct_alloc(_ntl_gbigint_body**, long, long) (lip.cpp:6279)
  n2: 1498640 0x228994: NTL::BasicBlockConstruct(NTL::ZZ_p*, long, long) (ZZ.h:1041)
   n1: 1492920 0x228A36: NTL::BlockConstructFromVec(NTL::ZZ_p*, long, NTL::ZZ_p const*) (vec_ZZ_p.cpp:43)
    n0: 1492920 0x16C17C: void NTL::VecStrategy<true>::do_BlockConstructFromVec<NTL::ZZ_p>(NTL::ZZ_p*, long, NTL::ZZ_p const*) (in /home/reti/dongHyeon/Function-hiding-IPE/build/bin/p-norm-ipe-test)
   n0: 5720 in 1 place, below massif's threshold (1.00%)
 n0: 142528 0x16B152: NTL::Vec<NTL::ZZ_p>::AllocateTo(long) (in /home/reti/dongHyeon/Function-hiding-IPE/build/bin/p-norm-ipe-test)
 n0: 37440 0x16AEC4: mcl::Array<mcl::EcT<mcl::Fp2T<mcl::FpT<mcl::bn::local::FpTag, 384u> > > >::resize(unsigned int) (in /home/reti/dongHyeon/Function-hiding-IPE/build/bin/p-norm-ipe-test)
 n0: 20224 0x48F4F42: ??? (in /usr/lib/arm-linux-gnueabihf/libstdc++.so.6.0.26)
 n0: 14421 in 53 places, all below massif's threshold (1.00%)
#-----------
snapshot=68
#-----------
time=1151762203
mem_heap_B=1713253
mem_heap_extra_B=7259
mem_stacks_B=0
heap_tree=empty
#-----------
snapshot=69
#-----------
time=1161653424
mem_heap_B=1713469
mem_heap_extra_B=7323
mem_stacks_B=0
heap_tree=empty
#-----------
snapshot=70
#-----------
time=1171579349
mem_heap_B=1713113
mem_heap_extra_B=7223
mem_stacks_B=0
heap_tree=empty
#-----------
snapshot=71
#-----------
time=1189479411
mem_heap_B=1750485
mem_heap_extra_B=7203
mem_stacks_B=0
heap_tree=empty
